000 (70945958.030.000) 03/28 21:58:27 Job submitted from host: <131.225.188.235:9618?addrs=131.225.188.235-9618&noUDP&sock=14994_371f_3>
...
001 (70945958.030.000) 03/28 22:00:00 Job executing on host: <131.225.205.176:9618?addrs=131.225.205.176-9618&noUDP&sock=1460_045c_3>
...
006 (70945958.030.000) 03/28 22:01:08 Image size of job updated: 132
	132  -  MemoryUsage of job (MB)
	135752  -  ResidentSetSize of job (KB)
...
006 (70945958.030.000) 03/28 22:02:09 Image size of job updated: 163
	163  -  MemoryUsage of job (MB)
	167356  -  ResidentSetSize of job (KB)
...
006 (70945958.030.000) 03/28 22:03:10 Image size of job updated: 164
	164  -  MemoryUsage of job (MB)
	168900  -  ResidentSetSize of job (KB)
...
006 (70945958.030.000) 03/28 22:04:11 Image size of job updated: 166
	166  -  MemoryUsage of job (MB)
	170820  -  ResidentSetSize of job (KB)
...
006 (70945958.030.000) 03/28 22:05:11 Image size of job updated: 187
	187  -  MemoryUsage of job (MB)
	192068  -  ResidentSetSize of job (KB)
...
006 (70945958.030.000) 03/28 22:05:43 Image size of job updated: 188
	188  -  MemoryUsage of job (MB)
	193432  -  ResidentSetSize of job (KB)
...
005 (70945958.030.000) 03/28 22:05:44 Job terminated.
	(1) Normal termination (return value 0)
		Usr 0 00:03:41, Sys 0 00:00:11  -  Run Remote Usage
		Usr 0 00:00:00, Sys 0 00:00:00  -  Run Local Usage
		Usr 0 00:03:41, Sys 0 00:00:11  -  Total Remote Usage
		Usr 0 00:00:00, Sys 0 00:00:00  -  Total Local Usage
	155495  -  Run Bytes Sent By Job
	2247957  -  Run Bytes Received By Job
	155495  -  Total Bytes Sent By Job
	2247957  -  Total Bytes Received By Job
	Partitionable Resources :    Usage  Request Allocated 
	   Cpus                 :     0.00        1         1 
	   Disk (KB)            :  5204        2250   1635618 
	   Memory (MB)          :   188        2000      2000 
...
