000 (70945958.099.000) 03/28 21:58:27 Job submitted from host: <131.225.188.235:9618?addrs=131.225.188.235-9618&noUDP&sock=14994_371f_3>
...
001 (70945958.099.000) 03/28 22:00:14 Job executing on host: <131.225.204.113:9618?addrs=131.225.204.113-9618&noUDP&sock=1151_1198_3>
...
006 (70945958.099.000) 03/28 22:00:23 Image size of job updated: 22
	22  -  MemoryUsage of job (MB)
	23184  -  ResidentSetSize of job (KB)
...
006 (70945958.099.000) 03/28 22:01:23 Image size of job updated: 163
	163  -  MemoryUsage of job (MB)
	167468  -  ResidentSetSize of job (KB)
...
006 (70945958.099.000) 03/28 22:02:24 Image size of job updated: 169
	169  -  MemoryUsage of job (MB)
	173836  -  ResidentSetSize of job (KB)
...
006 (70945958.099.000) 03/28 22:03:25 Image size of job updated: 193
	193  -  MemoryUsage of job (MB)
	198532  -  ResidentSetSize of job (KB)
...
005 (70945958.099.000) 03/28 22:03:32 Job terminated.
	(1) Normal termination (return value 0)
		Usr 0 00:02:23, Sys 0 00:00:08  -  Run Remote Usage
		Usr 0 00:00:00, Sys 0 00:00:00  -  Run Local Usage
		Usr 0 00:02:23, Sys 0 00:00:08  -  Total Remote Usage
		Usr 0 00:00:00, Sys 0 00:00:00  -  Total Local Usage
	153082  -  Run Bytes Sent By Job
	2247957  -  Run Bytes Received By Job
	153082  -  Total Bytes Sent By Job
	2247957  -  Total Bytes Received By Job
	Partitionable Resources :    Usage  Request Allocated 
	   Cpus                 :     0.00        1         1 
	   Disk (KB)            :  5201        2250    309259 
	   Memory (MB)          :   193        2000      2000 
...
