000 (70945958.166.000) 03/28 21:58:27 Job submitted from host: <131.225.188.235:9618?addrs=131.225.188.235-9618&noUDP&sock=14994_371f_3>
...
001 (70945958.166.000) 03/28 22:00:38 Job executing on host: <131.225.188.76:9618?addrs=131.225.188.76-9618&noUDP&sock=1924_484e_3>
...
006 (70945958.166.000) 03/28 22:01:49 Image size of job updated: 103
	103  -  MemoryUsage of job (MB)
	106296  -  ResidentSetSize of job (KB)
...
006 (70945958.166.000) 03/28 22:02:48 Image size of job updated: 166
	166  -  MemoryUsage of job (MB)
	170092  -  ResidentSetSize of job (KB)
...
006 (70945958.166.000) 03/28 22:03:48 Image size of job updated: 192
	192  -  MemoryUsage of job (MB)
	197412  -  ResidentSetSize of job (KB)
...
006 (70945958.166.000) 03/28 22:04:18 Image size of job updated: 193
	193  -  MemoryUsage of job (MB)
	198280  -  ResidentSetSize of job (KB)
...
005 (70945958.166.000) 03/28 22:04:19 Job terminated.
	(1) Normal termination (return value 0)
		Usr 0 00:02:33, Sys 0 00:00:09  -  Run Remote Usage
		Usr 0 00:00:00, Sys 0 00:00:00  -  Run Local Usage
		Usr 0 00:02:33, Sys 0 00:00:09  -  Total Remote Usage
		Usr 0 00:00:00, Sys 0 00:00:00  -  Total Local Usage
	153808  -  Run Bytes Sent By Job
	2247957  -  Run Bytes Received By Job
	153808  -  Total Bytes Sent By Job
	2247957  -  Total Bytes Received By Job
	Partitionable Resources :    Usage  Request Allocated 
	   Cpus                 :        0        1         1 
	   Disk (KB)            :     5202     2250   1644794 
	   Memory (MB)          :      193     2000      2000 
...
