000 (70945958.040.000) 03/28 21:58:27 Job submitted from host: <131.225.188.235:9618?addrs=131.225.188.235-9618&noUDP&sock=14994_371f_3>
...
001 (70945958.040.000) 03/28 22:00:04 Job executing on host: <131.225.205.196:9618?addrs=131.225.205.196-9618&noUDP&sock=1459_54c4_3>
...
006 (70945958.040.000) 03/28 22:01:12 Image size of job updated: 105
	105  -  MemoryUsage of job (MB)
	107808  -  ResidentSetSize of job (KB)
...
006 (70945958.040.000) 03/28 22:02:13 Image size of job updated: 169
	169  -  MemoryUsage of job (MB)
	173060  -  ResidentSetSize of job (KB)
...
006 (70945958.040.000) 03/28 22:03:13 Image size of job updated: 195
	195  -  MemoryUsage of job (MB)
	200424  -  ResidentSetSize of job (KB)
...
006 (70945958.040.000) 03/28 22:04:14 Image size of job updated: 196
	196  -  MemoryUsage of job (MB)
	201724  -  ResidentSetSize of job (KB)
...
006 (70945958.040.000) 03/28 22:04:27 Image size of job updated: 197
	197  -  MemoryUsage of job (MB)
	202412  -  ResidentSetSize of job (KB)
...
005 (70945958.040.000) 03/28 22:04:28 Job terminated.
	(1) Normal termination (return value 0)
		Usr 0 00:03:19, Sys 0 00:00:10  -  Run Remote Usage
		Usr 0 00:00:00, Sys 0 00:00:00  -  Run Local Usage
		Usr 0 00:03:19, Sys 0 00:00:10  -  Total Remote Usage
		Usr 0 00:00:00, Sys 0 00:00:00  -  Total Local Usage
	153737  -  Run Bytes Sent By Job
	2247957  -  Run Bytes Received By Job
	153737  -  Total Bytes Sent By Job
	2247957  -  Total Bytes Received By Job
	Partitionable Resources :    Usage  Request Allocated 
	   Cpus                 :        0        1         1 
	   Disk (KB)            :     5202     2250   1684648 
	   Memory (MB)          :      197     2000      2000 
...
