000 (70945958.273.000) 03/28 21:58:27 Job submitted from host: <131.225.188.235:9618?addrs=131.225.188.235-9618&noUDP&sock=14994_371f_3>
...
001 (70945958.273.000) 03/28 22:01:04 Job executing on host: <131.225.206.178:9618?addrs=131.225.206.178-9618&noUDP&sock=1156_7f92_3>
...
006 (70945958.273.000) 03/28 22:01:13 Image size of job updated: 28
	28  -  MemoryUsage of job (MB)
	28880  -  ResidentSetSize of job (KB)
...
006 (70945958.273.000) 03/28 22:02:13 Image size of job updated: 167
	167  -  MemoryUsage of job (MB)
	171196  -  ResidentSetSize of job (KB)
...
006 (70945958.273.000) 03/28 22:03:13 Image size of job updated: 169
	169  -  MemoryUsage of job (MB)
	173072  -  ResidentSetSize of job (KB)
...
006 (70945958.273.000) 03/28 22:04:13 Image size of job updated: 175
	175  -  MemoryUsage of job (MB)
	180072  -  ResidentSetSize of job (KB)
...
006 (70945958.273.000) 03/28 22:05:14 Image size of job updated: 177
	177  -  MemoryUsage of job (MB)
	181928  -  ResidentSetSize of job (KB)
...
006 (70945958.273.000) 03/28 22:06:15 Image size of job updated: 208
	208  -  MemoryUsage of job (MB)
	213092  -  ResidentSetSize of job (KB)
...
006 (70945958.273.000) 03/28 22:07:17 Image size of job updated: 210
	210  -  MemoryUsage of job (MB)
	215772  -  ResidentSetSize of job (KB)
...
006 (70945958.273.000) 03/28 22:08:17 Image size of job updated: 210
	210  -  MemoryUsage of job (MB)
	215920  -  ResidentSetSize of job (KB)
...
006 (70945958.273.000) 03/28 22:09:17 Image size of job updated: 211
	211  -  MemoryUsage of job (MB)
	216076  -  ResidentSetSize of job (KB)
...
006 (70945958.273.000) 03/28 22:10:07 Image size of job updated: 211
	211  -  MemoryUsage of job (MB)
	216180  -  ResidentSetSize of job (KB)
...
005 (70945958.273.000) 03/28 22:10:08 Job terminated.
	(1) Normal termination (return value 0)
		Usr 0 00:07:31, Sys 0 00:00:22  -  Run Remote Usage
		Usr 0 00:00:00, Sys 0 00:00:00  -  Run Local Usage
		Usr 0 00:07:31, Sys 0 00:00:22  -  Total Remote Usage
		Usr 0 00:00:00, Sys 0 00:00:00  -  Total Local Usage
	159441  -  Run Bytes Sent By Job
	2247957  -  Run Bytes Received By Job
	159441  -  Total Bytes Sent By Job
	2247957  -  Total Bytes Received By Job
	Partitionable Resources :    Usage  Request Allocated 
	   Cpus                 :        0        1         1 
	   Disk (KB)            :     5207     2250    311508 
	   Memory (MB)          :      211     2000      2000 
...
