000 (70945958.059.000) 03/28 21:58:27 Job submitted from host: <131.225.188.235:9618?addrs=131.225.188.235-9618&noUDP&sock=14994_371f_3>
...
001 (70945958.059.000) 03/28 22:00:06 Job executing on host: <131.225.205.194:9618?addrs=131.225.205.194-9618&noUDP&sock=1467_d186_3>
...
006 (70945958.059.000) 03/28 22:01:17 Image size of job updated: 44
	44  -  MemoryUsage of job (MB)
	45200  -  ResidentSetSize of job (KB)
...
006 (70945958.059.000) 03/28 22:02:18 Image size of job updated: 164
	164  -  MemoryUsage of job (MB)
	168876  -  ResidentSetSize of job (KB)
...
006 (70945958.059.000) 03/28 22:03:19 Image size of job updated: 187
	187  -  MemoryUsage of job (MB)
	192220  -  ResidentSetSize of job (KB)
...
006 (70945958.059.000) 03/28 22:04:19 Image size of job updated: 189
	189  -  MemoryUsage of job (MB)
	194544  -  ResidentSetSize of job (KB)
...
006 (70945958.059.000) 03/28 22:04:54 Image size of job updated: 190
	190  -  MemoryUsage of job (MB)
	195264  -  ResidentSetSize of job (KB)
...
005 (70945958.059.000) 03/28 22:04:55 Job terminated.
	(1) Normal termination (return value 0)
		Usr 0 00:03:22, Sys 0 00:00:10  -  Run Remote Usage
		Usr 0 00:00:00, Sys 0 00:00:00  -  Run Local Usage
		Usr 0 00:03:22, Sys 0 00:00:10  -  Total Remote Usage
		Usr 0 00:00:00, Sys 0 00:00:00  -  Total Local Usage
	154266  -  Run Bytes Sent By Job
	2247957  -  Run Bytes Received By Job
	154266  -  Total Bytes Sent By Job
	2247957  -  Total Bytes Received By Job
	Partitionable Resources :    Usage  Request Allocated 
	   Cpus                 :     0.01        1         1 
	   Disk (KB)            :  5203        2250   1675495 
	   Memory (MB)          :   190        2000      2000 
...
