000 (70945958.128.000) 03/28 21:58:27 Job submitted from host: <131.225.188.235:9618?addrs=131.225.188.235-9618&noUDP&sock=14994_371f_3>
...
001 (70945958.128.000) 03/28 22:01:10 Job executing on host: <131.225.204.59:9618?addrs=131.225.204.59-9618&noUDP&sock=1153_70c9_3>
...
006 (70945958.128.000) 03/28 22:01:19 Image size of job updated: 14
	14  -  MemoryUsage of job (MB)
	15324  -  ResidentSetSize of job (KB)
...
006 (70945958.128.000) 03/28 22:02:20 Image size of job updated: 173
	173  -  MemoryUsage of job (MB)
	177772  -  ResidentSetSize of job (KB)
...
006 (70945958.128.000) 03/28 22:03:21 Image size of job updated: 175
	175  -  MemoryUsage of job (MB)
	179324  -  ResidentSetSize of job (KB)
...
006 (70945958.128.000) 03/28 22:04:21 Image size of job updated: 177
	177  -  MemoryUsage of job (MB)
	181476  -  ResidentSetSize of job (KB)
...
006 (70945958.128.000) 03/28 22:05:21 Image size of job updated: 179
	179  -  MemoryUsage of job (MB)
	183524  -  ResidentSetSize of job (KB)
...
006 (70945958.128.000) 03/28 22:06:21 Image size of job updated: 207
	207  -  MemoryUsage of job (MB)
	212428  -  ResidentSetSize of job (KB)
...
006 (70945958.128.000) 03/28 22:07:21 Image size of job updated: 207
	207  -  MemoryUsage of job (MB)
	212684  -  ResidentSetSize of job (KB)
...
006 (70945958.128.000) 03/28 22:08:21 Image size of job updated: 207
	207  -  MemoryUsage of job (MB)
	212904  -  ResidentSetSize of job (KB)
...
006 (70945958.128.000) 03/28 22:09:22 Image size of job updated: 208
	208  -  MemoryUsage of job (MB)
	213032  -  ResidentSetSize of job (KB)
...
006 (70945958.128.000) 03/28 22:10:14 Image size of job updated: 208
	208  -  MemoryUsage of job (MB)
	213472  -  ResidentSetSize of job (KB)
...
005 (70945958.128.000) 03/28 22:10:17 Job terminated.
	(1) Normal termination (return value 0)
		Usr 0 00:06:58, Sys 0 00:00:19  -  Run Remote Usage
		Usr 0 00:00:00, Sys 0 00:00:00  -  Run Local Usage
		Usr 0 00:06:58, Sys 0 00:00:19  -  Total Remote Usage
		Usr 0 00:00:00, Sys 0 00:00:00  -  Total Local Usage
	158186  -  Run Bytes Sent By Job
	2247957  -  Run Bytes Received By Job
	158186  -  Total Bytes Sent By Job
	2247957  -  Total Bytes Received By Job
	Partitionable Resources :    Usage  Request Allocated 
	   Cpus                 :     0.00        1         1 
	   Disk (KB)            :  5206        2250    330630 
	   Memory (MB)          :   208        2000      2000 
...
