000 (70945958.098.000) 03/28 21:58:27 Job submitted from host: <131.225.188.235:9618?addrs=131.225.188.235-9618&noUDP&sock=14994_371f_3>
...
001 (70945958.098.000) 03/28 22:00:14 Job executing on host: <131.225.206.47:9618?addrs=131.225.206.47-9618&noUDP&sock=1148_02d0_3>
...
006 (70945958.098.000) 03/28 22:01:22 Image size of job updated: 164
	164  -  MemoryUsage of job (MB)
	168280  -  ResidentSetSize of job (KB)
...
006 (70945958.098.000) 03/28 22:03:22 Image size of job updated: 189
	189  -  MemoryUsage of job (MB)
	194504  -  ResidentSetSize of job (KB)
...
005 (70945958.098.000) 03/28 22:03:25 Job terminated.
	(1) Normal termination (return value 0)
		Usr 0 00:02:28, Sys 0 00:00:06  -  Run Remote Usage
		Usr 0 00:00:00, Sys 0 00:00:00  -  Run Local Usage
		Usr 0 00:02:28, Sys 0 00:00:06  -  Total Remote Usage
		Usr 0 00:00:00, Sys 0 00:00:00  -  Total Local Usage
	152573  -  Run Bytes Sent By Job
	2247957  -  Run Bytes Received By Job
	152573  -  Total Bytes Sent By Job
	2247957  -  Total Bytes Received By Job
	Partitionable Resources :    Usage  Request Allocated 
	   Cpus                 :        0        1         1 
	   Disk (KB)            :     5200     2250    320106 
	   Memory (MB)          :      189     2000      2000 
...
