000 (70945958.017.000) 03/28 21:58:27 Job submitted from host: <131.225.188.235:9618?addrs=131.225.188.235-9618&noUDP&sock=14994_371f_3>
...
001 (70945958.017.000) 03/28 21:59:58 Job executing on host: <131.225.191.136:9618?addrs=131.225.191.136-9618&noUDP&sock=1148_02d0_3>
...
006 (70945958.017.000) 03/28 22:00:06 Image size of job updated: 29
	29  -  MemoryUsage of job (MB)
	30608  -  ResidentSetSize of job (KB)
...
006 (70945958.017.000) 03/28 22:01:08 Image size of job updated: 165
	165  -  MemoryUsage of job (MB)
	169408  -  ResidentSetSize of job (KB)
...
006 (70945958.017.000) 03/28 22:02:08 Image size of job updated: 166
	166  -  MemoryUsage of job (MB)
	171004  -  ResidentSetSize of job (KB)
...
006 (70945958.017.000) 03/28 22:03:08 Image size of job updated: 192
	192  -  MemoryUsage of job (MB)
	196960  -  ResidentSetSize of job (KB)
...
005 (70945958.017.000) 03/28 22:03:11 Job terminated.
	(1) Normal termination (return value 0)
		Usr 0 00:02:23, Sys 0 00:00:08  -  Run Remote Usage
		Usr 0 00:00:00, Sys 0 00:00:00  -  Run Local Usage
		Usr 0 00:02:23, Sys 0 00:00:08  -  Total Remote Usage
		Usr 0 00:00:00, Sys 0 00:00:00  -  Total Local Usage
	153114  -  Run Bytes Sent By Job
	2247957  -  Run Bytes Received By Job
	153114  -  Total Bytes Sent By Job
	2247957  -  Total Bytes Received By Job
	Partitionable Resources :    Usage  Request Allocated 
	   Cpus                 :     0.00        1         1 
	   Disk (KB)            :  5201        2250    327744 
	   Memory (MB)          :   192        2000      2000 
...
