000 (70945958.176.000) 03/28 21:58:27 Job submitted from host: <131.225.188.235:9618?addrs=131.225.188.235-9618&noUDP&sock=14994_371f_3>
...
001 (70945958.176.000) 03/28 22:00:38 Job executing on host: <131.225.188.86:9618?addrs=131.225.188.86-9618&noUDP&sock=1928_06af_3>
...
006 (70945958.176.000) 03/28 22:01:47 Image size of job updated: 132
	132  -  MemoryUsage of job (MB)
	135756  -  ResidentSetSize of job (KB)
...
006 (70945958.176.000) 03/28 22:03:49 Image size of job updated: 171
	171  -  MemoryUsage of job (MB)
	175196  -  ResidentSetSize of job (KB)
...
006 (70945958.176.000) 03/28 22:04:49 Image size of job updated: 173
	173  -  MemoryUsage of job (MB)
	177392  -  ResidentSetSize of job (KB)
...
006 (70945958.176.000) 03/28 22:05:50 Image size of job updated: 175
	175  -  MemoryUsage of job (MB)
	179644  -  ResidentSetSize of job (KB)
...
006 (70945958.176.000) 03/28 22:06:51 Image size of job updated: 186
	186  -  MemoryUsage of job (MB)
	190976  -  ResidentSetSize of job (KB)
...
006 (70945958.176.000) 03/28 22:07:52 Image size of job updated: 206
	206  -  MemoryUsage of job (MB)
	211604  -  ResidentSetSize of job (KB)
...
006 (70945958.176.000) 03/28 22:08:52 Image size of job updated: 206
	206  -  MemoryUsage of job (MB)
	211812  -  ResidentSetSize of job (KB)
...
006 (70945958.176.000) 03/28 22:09:52 Image size of job updated: 206
	206  -  MemoryUsage of job (MB)
	211964  -  ResidentSetSize of job (KB)
...
006 (70945958.176.000) 03/28 22:10:52 Image size of job updated: 207
	207  -  MemoryUsage of job (MB)
	212120  -  ResidentSetSize of job (KB)
...
006 (70945958.176.000) 03/28 22:11:53 Image size of job updated: 207
	207  -  MemoryUsage of job (MB)
	212560  -  ResidentSetSize of job (KB)
...
005 (70945958.176.000) 03/28 22:11:57 Job terminated.
	(1) Normal termination (return value 0)
		Usr 0 00:07:37, Sys 0 00:00:23  -  Run Remote Usage
		Usr 0 00:00:00, Sys 0 00:00:00  -  Run Local Usage
		Usr 0 00:07:37, Sys 0 00:00:23  -  Total Remote Usage
		Usr 0 00:00:00, Sys 0 00:00:00  -  Total Local Usage
	161158  -  Run Bytes Sent By Job
	2247957  -  Run Bytes Received By Job
	161158  -  Total Bytes Sent By Job
	2247957  -  Total Bytes Received By Job
	Partitionable Resources :    Usage  Request Allocated 
	   Cpus                 :     0.00        1         1 
	   Disk (KB)            :  5209        2250   1630173 
	   Memory (MB)          :   207        2000      2000 
...
