000 (70945958.179.000) 03/28 21:58:27 Job submitted from host: <131.225.188.235:9618?addrs=131.225.188.235-9618&noUDP&sock=14994_371f_3>
...
001 (70945958.179.000) 03/28 22:00:39 Job executing on host: <131.225.188.20:9618?addrs=131.225.188.20-9618&noUDP&sock=1912_0d2b_3>
...
006 (70945958.179.000) 03/28 22:01:52 Image size of job updated: 98
	98  -  MemoryUsage of job (MB)
	101036  -  ResidentSetSize of job (KB)
...
006 (70945958.179.000) 03/28 22:02:52 Image size of job updated: 133
	133  -  MemoryUsage of job (MB)
	136604  -  ResidentSetSize of job (KB)
...
006 (70945958.179.000) 03/28 22:03:53 Image size of job updated: 168
	168  -  MemoryUsage of job (MB)
	172804  -  ResidentSetSize of job (KB)
...
006 (70945958.179.000) 03/28 22:04:54 Image size of job updated: 176
	176  -  MemoryUsage of job (MB)
	180400  -  ResidentSetSize of job (KB)
...
006 (70945958.179.000) 03/28 22:05:55 Image size of job updated: 178
	178  -  MemoryUsage of job (MB)
	182616  -  ResidentSetSize of job (KB)
...
006 (70945958.179.000) 03/28 22:06:55 Image size of job updated: 186
	186  -  MemoryUsage of job (MB)
	191404  -  ResidentSetSize of job (KB)
...
006 (70945958.179.000) 03/28 22:07:55 Image size of job updated: 207
	207  -  MemoryUsage of job (MB)
	212168  -  ResidentSetSize of job (KB)
...
006 (70945958.179.000) 03/28 22:08:55 Image size of job updated: 207
	207  -  MemoryUsage of job (MB)
	212384  -  ResidentSetSize of job (KB)
...
006 (70945958.179.000) 03/28 22:09:56 Image size of job updated: 207
	207  -  MemoryUsage of job (MB)
	212484  -  ResidentSetSize of job (KB)
...
006 (70945958.179.000) 03/28 22:10:57 Image size of job updated: 207
	207  -  MemoryUsage of job (MB)
	212884  -  ResidentSetSize of job (KB)
...
006 (70945958.179.000) 03/28 22:11:22 Image size of job updated: 208
	208  -  MemoryUsage of job (MB)
	213016  -  ResidentSetSize of job (KB)
...
005 (70945958.179.000) 03/28 22:11:22 Job terminated.
	(1) Normal termination (return value 0)
		Usr 0 00:07:29, Sys 0 00:00:24  -  Run Remote Usage
		Usr 0 00:00:00, Sys 0 00:00:00  -  Run Local Usage
		Usr 0 00:07:29, Sys 0 00:00:24  -  Total Remote Usage
		Usr 0 00:00:00, Sys 0 00:00:00  -  Total Local Usage
	160366  -  Run Bytes Sent By Job
	2247957  -  Run Bytes Received By Job
	160366  -  Total Bytes Sent By Job
	2247957  -  Total Bytes Received By Job
	Partitionable Resources :    Usage  Request Allocated 
	   Cpus                 :     0.00        1         1 
	   Disk (KB)            :  5208        2250   1634953 
	   Memory (MB)          :   208        2000      2000 
...
