000 (70945958.212.000) 03/28 21:58:27 Job submitted from host: <131.225.188.235:9618?addrs=131.225.188.235-9618&noUDP&sock=14994_371f_3>
...
001 (70945958.212.000) 03/28 22:00:47 Job executing on host: <131.225.206.232:9618?addrs=131.225.206.232-9618&noUDP&sock=1149_b268_3>
...
006 (70945958.212.000) 03/28 22:00:56 Image size of job updated: 36
	36  -  MemoryUsage of job (MB)
	37244  -  ResidentSetSize of job (KB)
...
006 (70945958.212.000) 03/28 22:01:56 Image size of job updated: 132
	132  -  MemoryUsage of job (MB)
	135756  -  ResidentSetSize of job (KB)
...
006 (70945958.212.000) 03/28 22:02:56 Image size of job updated: 168
	168  -  MemoryUsage of job (MB)
	172748  -  ResidentSetSize of job (KB)
...
006 (70945958.212.000) 03/28 22:03:56 Image size of job updated: 177
	177  -  MemoryUsage of job (MB)
	181620  -  ResidentSetSize of job (KB)
...
006 (70945958.212.000) 03/28 22:04:57 Image size of job updated: 179
	179  -  MemoryUsage of job (MB)
	183836  -  ResidentSetSize of job (KB)
...
006 (70945958.212.000) 03/28 22:05:58 Image size of job updated: 186
	186  -  MemoryUsage of job (MB)
	191352  -  ResidentSetSize of job (KB)
...
006 (70945958.212.000) 03/28 22:06:59 Image size of job updated: 207
	207  -  MemoryUsage of job (MB)
	212484  -  ResidentSetSize of job (KB)
...
006 (70945958.212.000) 03/28 22:08:00 Image size of job updated: 209
	209  -  MemoryUsage of job (MB)
	214696  -  ResidentSetSize of job (KB)
...
006 (70945958.212.000) 03/28 22:09:00 Image size of job updated: 209
	209  -  MemoryUsage of job (MB)
	214788  -  ResidentSetSize of job (KB)
...
006 (70945958.212.000) 03/28 22:10:00 Image size of job updated: 209
	209  -  MemoryUsage of job (MB)
	214932  -  ResidentSetSize of job (KB)
...
006 (70945958.212.000) 03/28 22:11:00 Image size of job updated: 210
	210  -  MemoryUsage of job (MB)
	215068  -  ResidentSetSize of job (KB)
...
005 (70945958.212.000) 03/28 22:11:09 Job terminated.
	(1) Normal termination (return value 0)
		Usr 0 00:07:34, Sys 0 00:00:24  -  Run Remote Usage
		Usr 0 00:00:00, Sys 0 00:00:00  -  Run Local Usage
		Usr 0 00:07:34, Sys 0 00:00:24  -  Total Remote Usage
		Usr 0 00:00:00, Sys 0 00:00:00  -  Total Local Usage
	160061  -  Run Bytes Sent By Job
	2247957  -  Run Bytes Received By Job
	160061  -  Total Bytes Sent By Job
	2247957  -  Total Bytes Received By Job
	Partitionable Resources :    Usage  Request Allocated 
	   Cpus                 :        0        1         1 
	   Disk (KB)            :     5208     2250    321581 
	   Memory (MB)          :      210     2000      2000 
...
