000 (70945958.164.000) 03/28 21:58:27 Job submitted from host: <131.225.188.235:9618?addrs=131.225.188.235-9618&noUDP&sock=14994_371f_3>
...
001 (70945958.164.000) 03/28 22:00:36 Job executing on host: <131.225.188.54:9618?addrs=131.225.188.54-9618&noUDP&sock=1932_c510_3>
...
006 (70945958.164.000) 03/28 22:01:47 Image size of job updated: 163
	163  -  MemoryUsage of job (MB)
	167272  -  ResidentSetSize of job (KB)
...
006 (70945958.164.000) 03/28 22:02:48 Image size of job updated: 168
	168  -  MemoryUsage of job (MB)
	172044  -  ResidentSetSize of job (KB)
...
006 (70945958.164.000) 03/28 22:03:48 Image size of job updated: 188
	188  -  MemoryUsage of job (MB)
	193324  -  ResidentSetSize of job (KB)
...
006 (70945958.164.000) 03/28 22:04:02 Image size of job updated: 189
	189  -  MemoryUsage of job (MB)
	194204  -  ResidentSetSize of job (KB)
...
005 (70945958.164.000) 03/28 22:04:03 Job terminated.
	(1) Normal termination (return value 0)
		Usr 0 00:02:39, Sys 0 00:00:09  -  Run Remote Usage
		Usr 0 00:00:00, Sys 0 00:00:00  -  Run Local Usage
		Usr 0 00:02:39, Sys 0 00:00:09  -  Total Remote Usage
		Usr 0 00:00:00, Sys 0 00:00:00  -  Total Local Usage
	153473  -  Run Bytes Sent By Job
	2247957  -  Run Bytes Received By Job
	153473  -  Total Bytes Sent By Job
	2247957  -  Total Bytes Received By Job
	Partitionable Resources :    Usage  Request Allocated 
	   Cpus                 :        0        1         1 
	   Disk (KB)            :     5202     2250   1623635 
	   Memory (MB)          :      189     2000      2000 
...
