000 (70945958.267.000) 03/28 21:58:27 Job submitted from host: <131.225.188.235:9618?addrs=131.225.188.235-9618&noUDP&sock=14994_371f_3>
...
001 (70945958.267.000) 03/28 22:01:13 Job executing on host: <131.225.189.73:9618?addrs=131.225.189.73-9618&noUDP&sock=1447_19a1_3>
...
006 (70945958.267.000) 03/28 22:03:23 Image size of job updated: 148
	148  -  MemoryUsage of job (MB)
	152116  -  ResidentSetSize of job (KB)
...
006 (70945958.267.000) 03/28 22:06:24 Image size of job updated: 168
	168  -  MemoryUsage of job (MB)
	172796  -  ResidentSetSize of job (KB)
...
006 (70945958.267.000) 03/28 22:07:25 Image size of job updated: 170
	170  -  MemoryUsage of job (MB)
	174648  -  ResidentSetSize of job (KB)
...
006 (70945958.267.000) 03/28 22:08:25 Image size of job updated: 171
	171  -  MemoryUsage of job (MB)
	175852  -  ResidentSetSize of job (KB)
...
006 (70945958.267.000) 03/28 22:09:26 Image size of job updated: 173
	173  -  MemoryUsage of job (MB)
	177524  -  ResidentSetSize of job (KB)
...
006 (70945958.267.000) 03/28 22:10:27 Image size of job updated: 186
	186  -  MemoryUsage of job (MB)
	191336  -  ResidentSetSize of job (KB)
...
006 (70945958.267.000) 03/28 22:11:28 Image size of job updated: 186
	186  -  MemoryUsage of job (MB)
	191432  -  ResidentSetSize of job (KB)
...
006 (70945958.267.000) 03/28 22:12:28 Image size of job updated: 206
	206  -  MemoryUsage of job (MB)
	211488  -  ResidentSetSize of job (KB)
...
006 (70945958.267.000) 03/28 22:13:28 Image size of job updated: 206
	206  -  MemoryUsage of job (MB)
	211600  -  ResidentSetSize of job (KB)
...
006 (70945958.267.000) 03/28 22:14:28 Image size of job updated: 206
	206  -  MemoryUsage of job (MB)
	211708  -  ResidentSetSize of job (KB)
...
006 (70945958.267.000) 03/28 22:15:29 Image size of job updated: 208
	208  -  MemoryUsage of job (MB)
	213512  -  ResidentSetSize of job (KB)
...
006 (70945958.267.000) 03/28 22:16:30 Image size of job updated: 208
	208  -  MemoryUsage of job (MB)
	213580  -  ResidentSetSize of job (KB)
...
005 (70945958.267.000) 03/28 22:17:15 Job terminated.
	(1) Normal termination (return value 0)
		Usr 0 00:08:36, Sys 0 00:00:33  -  Run Remote Usage
		Usr 0 00:00:00, Sys 0 00:00:00  -  Run Local Usage
		Usr 0 00:08:36, Sys 0 00:00:33  -  Total Remote Usage
		Usr 0 00:00:00, Sys 0 00:00:00  -  Total Local Usage
	169496  -  Run Bytes Sent By Job
	2247957  -  Run Bytes Received By Job
	169496  -  Total Bytes Sent By Job
	2247957  -  Total Bytes Received By Job
	Partitionable Resources :    Usage  Request Allocated 
	   Cpus                 :     0.00        1         1 
	   Disk (KB)            :  5218        2250    788736 
	   Memory (MB)          :   208        2000      2000 
...
