000 (70945958.019.000) 03/28 21:58:27 Job submitted from host: <131.225.188.235:9618?addrs=131.225.188.235-9618&noUDP&sock=14994_371f_3>
...
001 (70945958.019.000) 03/28 21:59:58 Job executing on host: <131.225.206.178:9618?addrs=131.225.206.178-9618&noUDP&sock=1156_7f92_3>
...
006 (70945958.019.000) 03/28 22:00:06 Image size of job updated: 5
	4  -  MemoryUsage of job (MB)
	4368  -  ResidentSetSize of job (KB)
...
006 (70945958.019.000) 03/28 22:01:06 Image size of job updated: 132
	132  -  MemoryUsage of job (MB)
	135760  -  ResidentSetSize of job (KB)
...
006 (70945958.019.000) 03/28 22:02:06 Image size of job updated: 165
	165  -  MemoryUsage of job (MB)
	169524  -  ResidentSetSize of job (KB)
...
006 (70945958.019.000) 03/28 22:03:06 Image size of job updated: 186
	186  -  MemoryUsage of job (MB)
	190860  -  ResidentSetSize of job (KB)
...
006 (70945958.019.000) 03/28 22:03:44 Image size of job updated: 188
	188  -  MemoryUsage of job (MB)
	192768  -  ResidentSetSize of job (KB)
...
005 (70945958.019.000) 03/28 22:03:44 Job terminated.
	(1) Normal termination (return value 0)
		Usr 0 00:02:34, Sys 0 00:00:08  -  Run Remote Usage
		Usr 0 00:00:00, Sys 0 00:00:00  -  Run Local Usage
		Usr 0 00:02:34, Sys 0 00:00:08  -  Total Remote Usage
		Usr 0 00:00:00, Sys 0 00:00:00  -  Total Local Usage
	154189  -  Run Bytes Sent By Job
	2247957  -  Run Bytes Received By Job
	154189  -  Total Bytes Sent By Job
	2247957  -  Total Bytes Received By Job
	Partitionable Resources :    Usage  Request Allocated 
	   Cpus                 :        0        1         1 
	   Disk (KB)            :     5202     2250    311508 
	   Memory (MB)          :      188     2000      2000 
...
