000 (70945958.042.000) 03/28 21:58:27 Job submitted from host: <131.225.188.235:9618?addrs=131.225.188.235-9618&noUDP&sock=14994_371f_3>
...
001 (70945958.042.000) 03/28 22:00:04 Job executing on host: <131.225.190.31:9618?addrs=131.225.190.31-9618&noUDP&sock=1441_fc0f_3>
...
006 (70945958.042.000) 03/28 22:01:18 Image size of job updated: 91
	91  -  MemoryUsage of job (MB)
	93620  -  ResidentSetSize of job (KB)
...
006 (70945958.042.000) 03/28 22:02:14 Image size of job updated: 164
	164  -  MemoryUsage of job (MB)
	168724  -  ResidentSetSize of job (KB)
...
006 (70945958.042.000) 03/28 22:03:14 Image size of job updated: 189
	189  -  MemoryUsage of job (MB)
	193924  -  ResidentSetSize of job (KB)
...
006 (70945958.042.000) 03/28 22:04:15 Image size of job updated: 191
	191  -  MemoryUsage of job (MB)
	196308  -  ResidentSetSize of job (KB)
...
005 (70945958.042.000) 03/28 22:04:30 Job terminated.
	(1) Normal termination (return value 0)
		Usr 0 00:02:51, Sys 0 00:00:11  -  Run Remote Usage
		Usr 0 00:00:00, Sys 0 00:00:00  -  Run Local Usage
		Usr 0 00:02:51, Sys 0 00:00:11  -  Total Remote Usage
		Usr 0 00:00:00, Sys 0 00:00:00  -  Total Local Usage
	153639  -  Run Bytes Sent By Job
	2247957  -  Run Bytes Received By Job
	153639  -  Total Bytes Sent By Job
	2247957  -  Total Bytes Received By Job
	Partitionable Resources :    Usage  Request Allocated 
	   Cpus                 :     0.00        1         1 
	   Disk (KB)            :  5202        2250    774379 
	   Memory (MB)          :   191        2000      2000 
...
