000 (70945958.038.000) 03/28 21:58:27 Job submitted from host: <131.225.188.235:9618?addrs=131.225.188.235-9618&noUDP&sock=14994_371f_3>
...
001 (70945958.038.000) 03/28 22:00:10 Job executing on host: <131.225.191.76:9618?addrs=131.225.191.76-9618&noUDP&sock=1438_ed47_3>
...
006 (70945958.038.000) 03/28 22:01:18 Image size of job updated: 132
	132  -  MemoryUsage of job (MB)
	135752  -  ResidentSetSize of job (KB)
...
006 (70945958.038.000) 03/28 22:05:21 Image size of job updated: 164
	164  -  MemoryUsage of job (MB)
	168336  -  ResidentSetSize of job (KB)
...
006 (70945958.038.000) 03/28 22:06:21 Image size of job updated: 177
	177  -  MemoryUsage of job (MB)
	182124  -  ResidentSetSize of job (KB)
...
006 (70945958.038.000) 03/28 22:07:22 Image size of job updated: 193
	193  -  MemoryUsage of job (MB)
	197844  -  ResidentSetSize of job (KB)
...
006 (70945958.038.000) 03/28 22:07:36 Image size of job updated: 193
	193  -  MemoryUsage of job (MB)
	198588  -  ResidentSetSize of job (KB)
...
005 (70945958.038.000) 03/28 22:07:36 Job terminated.
	(1) Normal termination (return value 0)
		Usr 0 00:03:12, Sys 0 00:00:13  -  Run Remote Usage
		Usr 0 00:00:00, Sys 0 00:00:00  -  Run Local Usage
		Usr 0 00:03:12, Sys 0 00:00:13  -  Total Remote Usage
		Usr 0 00:00:00, Sys 0 00:00:00  -  Total Local Usage
	155144  -  Run Bytes Sent By Job
	2247957  -  Run Bytes Received By Job
	155144  -  Total Bytes Sent By Job
	2247957  -  Total Bytes Received By Job
	Partitionable Resources :    Usage  Request Allocated 
	   Cpus                 :        0        1         1 
	   Disk (KB)            :     5204     2250    788141 
	   Memory (MB)          :      193     2000      2000 
...
