000 (70945958.142.000) 03/28 21:58:27 Job submitted from host: <131.225.188.235:9618?addrs=131.225.188.235-9618&noUDP&sock=14994_371f_3>
...
001 (70945958.142.000) 03/28 22:00:30 Job executing on host: <131.225.205.162:9618?addrs=131.225.205.162-9618&noUDP&sock=1459_54c4_3>
...
006 (70945958.142.000) 03/28 22:00:38 Image size of job updated: 7
	7  -  MemoryUsage of job (MB)
	8168  -  ResidentSetSize of job (KB)
...
006 (70945958.142.000) 03/28 22:01:38 Image size of job updated: 148
	148  -  MemoryUsage of job (MB)
	152116  -  ResidentSetSize of job (KB)
...
006 (70945958.142.000) 03/28 22:04:39 Image size of job updated: 168
	168  -  MemoryUsage of job (MB)
	172036  -  ResidentSetSize of job (KB)
...
006 (70945958.142.000) 03/28 22:05:40 Image size of job updated: 169
	169  -  MemoryUsage of job (MB)
	173992  -  ResidentSetSize of job (KB)
...
006 (70945958.142.000) 03/28 22:06:41 Image size of job updated: 171
	171  -  MemoryUsage of job (MB)
	175932  -  ResidentSetSize of job (KB)
...
006 (70945958.142.000) 03/28 22:07:43 Image size of job updated: 172
	172  -  MemoryUsage of job (MB)
	177128  -  ResidentSetSize of job (KB)
...
006 (70945958.142.000) 03/28 22:08:43 Image size of job updated: 186
	186  -  MemoryUsage of job (MB)
	191392  -  ResidentSetSize of job (KB)
...
006 (70945958.142.000) 03/28 22:09:43 Image size of job updated: 187
	187  -  MemoryUsage of job (MB)
	191884  -  ResidentSetSize of job (KB)
...
006 (70945958.142.000) 03/28 22:10:43 Image size of job updated: 209
	209  -  MemoryUsage of job (MB)
	214696  -  ResidentSetSize of job (KB)
...
006 (70945958.142.000) 03/28 22:11:44 Image size of job updated: 209
	209  -  MemoryUsage of job (MB)
	214820  -  ResidentSetSize of job (KB)
...
006 (70945958.142.000) 03/28 22:12:45 Image size of job updated: 209
	209  -  MemoryUsage of job (MB)
	214932  -  ResidentSetSize of job (KB)
...
006 (70945958.142.000) 03/28 22:13:46 Image size of job updated: 210
	210  -  MemoryUsage of job (MB)
	215056  -  ResidentSetSize of job (KB)
...
006 (70945958.142.000) 03/28 22:14:46 Image size of job updated: 210
	210  -  MemoryUsage of job (MB)
	215164  -  ResidentSetSize of job (KB)
...
005 (70945958.142.000) 03/28 22:15:00 Job terminated.
	(1) Normal termination (return value 0)
		Usr 0 00:09:55, Sys 0 00:00:30  -  Run Remote Usage
		Usr 0 00:00:00, Sys 0 00:00:00  -  Run Local Usage
		Usr 0 00:09:55, Sys 0 00:00:30  -  Total Remote Usage
		Usr 0 00:00:00, Sys 0 00:00:00  -  Total Local Usage
	162605  -  Run Bytes Sent By Job
	2247957  -  Run Bytes Received By Job
	162605  -  Total Bytes Sent By Job
	2247957  -  Total Bytes Received By Job
	Partitionable Resources :    Usage  Request Allocated 
	   Cpus                 :        0        1         1 
	   Disk (KB)            :     5211     2250   1640145 
	   Memory (MB)          :      210     2000      2000 
...
