000 (70945958.272.000) 03/28 21:58:27 Job submitted from host: <131.225.188.235:9618?addrs=131.225.188.235-9618&noUDP&sock=14994_371f_3>
...
001 (70945958.272.000) 03/28 22:01:04 Job executing on host: <131.225.191.176:9618?addrs=131.225.191.176-9618&noUDP&sock=1178_96a7_3>
...
006 (70945958.272.000) 03/28 22:01:13 Image size of job updated: 52
	52  -  MemoryUsage of job (MB)
	53728  -  ResidentSetSize of job (KB)
...
006 (70945958.272.000) 03/28 22:02:13 Image size of job updated: 133
	133  -  MemoryUsage of job (MB)
	136732  -  ResidentSetSize of job (KB)
...
006 (70945958.272.000) 03/28 22:03:14 Image size of job updated: 168
	168  -  MemoryUsage of job (MB)
	172684  -  ResidentSetSize of job (KB)
...
006 (70945958.272.000) 03/28 22:04:14 Image size of job updated: 177
	177  -  MemoryUsage of job (MB)
	181416  -  ResidentSetSize of job (KB)
...
006 (70945958.272.000) 03/28 22:05:14 Image size of job updated: 179
	179  -  MemoryUsage of job (MB)
	183704  -  ResidentSetSize of job (KB)
...
006 (70945958.272.000) 03/28 22:06:14 Image size of job updated: 187
	187  -  MemoryUsage of job (MB)
	191668  -  ResidentSetSize of job (KB)
...
006 (70945958.272.000) 03/28 22:07:15 Image size of job updated: 207
	207  -  MemoryUsage of job (MB)
	212928  -  ResidentSetSize of job (KB)
...
006 (70945958.272.000) 03/28 22:08:16 Image size of job updated: 208
	208  -  MemoryUsage of job (MB)
	213096  -  ResidentSetSize of job (KB)
...
006 (70945958.272.000) 03/28 22:09:17 Image size of job updated: 208
	208  -  MemoryUsage of job (MB)
	213320  -  ResidentSetSize of job (KB)
...
006 (70945958.272.000) 03/28 22:10:18 Image size of job updated: 208
	208  -  MemoryUsage of job (MB)
	213648  -  ResidentSetSize of job (KB)
...
006 (70945958.272.000) 03/28 22:10:45 Image size of job updated: 210
	210  -  MemoryUsage of job (MB)
	215304  -  ResidentSetSize of job (KB)
...
005 (70945958.272.000) 03/28 22:10:47 Job terminated.
	(1) Normal termination (return value 0)
		Usr 0 00:07:37, Sys 0 00:00:23  -  Run Remote Usage
		Usr 0 00:00:00, Sys 0 00:00:00  -  Run Local Usage
		Usr 0 00:07:37, Sys 0 00:00:23  -  Total Remote Usage
		Usr 0 00:00:00, Sys 0 00:00:00  -  Total Local Usage
	160789  -  Run Bytes Sent By Job
	2247957  -  Run Bytes Received By Job
	160789  -  Total Bytes Sent By Job
	2247957  -  Total Bytes Received By Job
	Partitionable Resources :    Usage  Request Allocated 
	   Cpus                 :     0.00        1         1 
	   Disk (KB)            :  5208        2250    328308 
	   Memory (MB)          :   210        2000      2000 
...
