000 (70945958.262.000) 03/28 21:58:27 Job submitted from host: <131.225.188.235:9618?addrs=131.225.188.235-9618&noUDP&sock=14994_371f_3>
...
001 (70945958.262.000) 03/28 22:01:00 Job executing on host: <131.225.206.41:9618?addrs=131.225.206.41-9618&noUDP&sock=1166_5b84_3>
...
006 (70945958.262.000) 03/28 22:01:10 Image size of job updated: 57
	57  -  MemoryUsage of job (MB)
	58744  -  ResidentSetSize of job (KB)
...
006 (70945958.262.000) 03/28 22:02:09 Image size of job updated: 167
	167  -  MemoryUsage of job (MB)
	171356  -  ResidentSetSize of job (KB)
...
006 (70945958.262.000) 03/28 22:03:09 Image size of job updated: 169
	169  -  MemoryUsage of job (MB)
	173292  -  ResidentSetSize of job (KB)
...
006 (70945958.262.000) 03/28 22:04:10 Image size of job updated: 171
	171  -  MemoryUsage of job (MB)
	175736  -  ResidentSetSize of job (KB)
...
006 (70945958.262.000) 03/28 22:05:11 Image size of job updated: 173
	173  -  MemoryUsage of job (MB)
	177748  -  ResidentSetSize of job (KB)
...
006 (70945958.262.000) 03/28 22:06:12 Image size of job updated: 186
	186  -  MemoryUsage of job (MB)
	190720  -  ResidentSetSize of job (KB)
...
006 (70945958.262.000) 03/28 22:07:13 Image size of job updated: 208
	208  -  MemoryUsage of job (MB)
	213356  -  ResidentSetSize of job (KB)
...
006 (70945958.262.000) 03/28 22:08:13 Image size of job updated: 208
	208  -  MemoryUsage of job (MB)
	213516  -  ResidentSetSize of job (KB)
...
006 (70945958.262.000) 03/28 22:09:13 Image size of job updated: 208
	208  -  MemoryUsage of job (MB)
	213676  -  ResidentSetSize of job (KB)
...
005 (70945958.262.000) 03/28 22:10:15 Job terminated.
	(1) Normal termination (return value 0)
		Usr 0 00:07:35, Sys 0 00:00:20  -  Run Remote Usage
		Usr 0 00:00:00, Sys 0 00:00:00  -  Run Local Usage
		Usr 0 00:07:35, Sys 0 00:00:20  -  Total Remote Usage
		Usr 0 00:00:00, Sys 0 00:00:00  -  Total Local Usage
	215166  -  Run Bytes Sent By Job
	2247957  -  Run Bytes Received By Job
	215166  -  Total Bytes Sent By Job
	2247957  -  Total Bytes Received By Job
	Partitionable Resources :     Usage  Request Allocated 
	   Cpus                 :      0.00        1         1 
	   Disk (KB)            : 227337        2250    334220 
	   Memory (MB)          :      4        2000      2000 
...
