000 (70945958.109.000) 03/28 21:58:27 Job submitted from host: <131.225.188.235:9618?addrs=131.225.188.235-9618&noUDP&sock=14994_371f_3>
...
001 (70945958.109.000) 03/28 22:00:18 Job executing on host: <131.225.206.228:9618?addrs=131.225.206.228-9618&noUDP&sock=1172_7916_3>
...
006 (70945958.109.000) 03/28 22:00:27 Image size of job updated: 36
	36  -  MemoryUsage of job (MB)
	37468  -  ResidentSetSize of job (KB)
...
006 (70945958.109.000) 03/28 22:01:28 Image size of job updated: 164
	164  -  MemoryUsage of job (MB)
	168708  -  ResidentSetSize of job (KB)
...
006 (70945958.109.000) 03/28 22:02:29 Image size of job updated: 166
	166  -  MemoryUsage of job (MB)
	170776  -  ResidentSetSize of job (KB)
...
006 (70945958.109.000) 03/28 22:03:27 Image size of job updated: 190
	190  -  MemoryUsage of job (MB)
	194860  -  ResidentSetSize of job (KB)
...
005 (70945958.109.000) 03/28 22:03:27 Job terminated.
	(1) Normal termination (return value 0)
		Usr 0 00:02:20, Sys 0 00:00:06  -  Run Remote Usage
		Usr 0 00:00:00, Sys 0 00:00:00  -  Run Local Usage
		Usr 0 00:02:20, Sys 0 00:00:06  -  Total Remote Usage
		Usr 0 00:00:00, Sys 0 00:00:00  -  Total Local Usage
	153165  -  Run Bytes Sent By Job
	2247957  -  Run Bytes Received By Job
	153165  -  Total Bytes Sent By Job
	2247957  -  Total Bytes Received By Job
	Partitionable Resources :    Usage  Request Allocated 
	   Cpus                 :        0        1         1 
	   Disk (KB)            :     5201     2250    301883 
	   Memory (MB)          :      190     2000      2000 
...
