000 (70945958.261.000) 03/28 21:58:27 Job submitted from host: <131.225.188.235:9618?addrs=131.225.188.235-9618&noUDP&sock=14994_371f_3>
...
001 (70945958.261.000) 03/28 22:01:00 Job executing on host: <131.225.204.54:9618?addrs=131.225.204.54-9618&noUDP&sock=1159_8e5a_3>
...
006 (70945958.261.000) 03/28 22:01:08 Image size of job updated: 46
	46  -  MemoryUsage of job (MB)
	47924  -  ResidentSetSize of job (KB)
...
006 (70945958.261.000) 03/28 22:02:09 Image size of job updated: 167
	167  -  MemoryUsage of job (MB)
	171584  -  ResidentSetSize of job (KB)
...
006 (70945958.261.000) 03/28 22:03:09 Image size of job updated: 169
	169  -  MemoryUsage of job (MB)
	173208  -  ResidentSetSize of job (KB)
...
006 (70945958.261.000) 03/28 22:04:09 Image size of job updated: 171
	171  -  MemoryUsage of job (MB)
	175712  -  ResidentSetSize of job (KB)
...
006 (70945958.261.000) 03/28 22:05:09 Image size of job updated: 179
	179  -  MemoryUsage of job (MB)
	184148  -  ResidentSetSize of job (KB)
...
006 (70945958.261.000) 03/28 22:06:09 Image size of job updated: 186
	186  -  MemoryUsage of job (MB)
	191348  -  ResidentSetSize of job (KB)
...
006 (70945958.261.000) 03/28 22:07:10 Image size of job updated: 210
	210  -  MemoryUsage of job (MB)
	215104  -  ResidentSetSize of job (KB)
...
006 (70945958.261.000) 03/28 22:08:11 Image size of job updated: 210
	210  -  MemoryUsage of job (MB)
	215248  -  ResidentSetSize of job (KB)
...
006 (70945958.261.000) 03/28 22:09:12 Image size of job updated: 210
	210  -  MemoryUsage of job (MB)
	215408  -  ResidentSetSize of job (KB)
...
006 (70945958.261.000) 03/28 22:10:13 Image size of job updated: 210
	210  -  MemoryUsage of job (MB)
	215564  -  ResidentSetSize of job (KB)
...
005 (70945958.261.000) 03/28 22:10:34 Job terminated.
	(1) Normal termination (return value 0)
		Usr 0 00:07:35, Sys 0 00:00:20  -  Run Remote Usage
		Usr 0 00:00:00, Sys 0 00:00:00  -  Run Local Usage
		Usr 0 00:07:35, Sys 0 00:00:20  -  Total Remote Usage
		Usr 0 00:00:00, Sys 0 00:00:00  -  Total Local Usage
	159036  -  Run Bytes Sent By Job
	2247957  -  Run Bytes Received By Job
	159036  -  Total Bytes Sent By Job
	2247957  -  Total Bytes Received By Job
	Partitionable Resources :    Usage  Request Allocated 
	   Cpus                 :     0.00        1         1 
	   Disk (KB)            :  5206        2250    306918 
	   Memory (MB)          :   210        2000      2000 
...
