000 (70945958.190.000) 03/28 21:58:27 Job submitted from host: <131.225.188.235:9618?addrs=131.225.188.235-9618&noUDP&sock=14994_371f_3>
...
001 (70945958.190.000) 03/28 22:00:43 Job executing on host: <131.225.206.181:9618?addrs=131.225.206.181-9618&noUDP&sock=1153_70c9_3>
...
006 (70945958.190.000) 03/28 22:01:53 Image size of job updated: 148
	148  -  MemoryUsage of job (MB)
	152116  -  ResidentSetSize of job (KB)
...
006 (70945958.190.000) 03/28 22:03:55 Image size of job updated: 169
	169  -  MemoryUsage of job (MB)
	173204  -  ResidentSetSize of job (KB)
...
006 (70945958.190.000) 03/28 22:04:55 Image size of job updated: 170
	170  -  MemoryUsage of job (MB)
	174804  -  ResidentSetSize of job (KB)
...
006 (70945958.190.000) 03/28 22:05:55 Image size of job updated: 172
	172  -  MemoryUsage of job (MB)
	176424  -  ResidentSetSize of job (KB)
...
006 (70945958.190.000) 03/28 22:06:55 Image size of job updated: 173
	173  -  MemoryUsage of job (MB)
	177860  -  ResidentSetSize of job (KB)
...
006 (70945958.190.000) 03/28 22:07:55 Image size of job updated: 186
	186  -  MemoryUsage of job (MB)
	191164  -  ResidentSetSize of job (KB)
...
006 (70945958.190.000) 03/28 22:08:56 Image size of job updated: 205
	205  -  MemoryUsage of job (MB)
	210016  -  ResidentSetSize of job (KB)
...
006 (70945958.190.000) 03/28 22:09:57 Image size of job updated: 205
	205  -  MemoryUsage of job (MB)
	210260  -  ResidentSetSize of job (KB)
...
006 (70945958.190.000) 03/28 22:10:58 Image size of job updated: 205
	205  -  MemoryUsage of job (MB)
	210376  -  ResidentSetSize of job (KB)
...
006 (70945958.190.000) 03/28 22:11:59 Image size of job updated: 205
	205  -  MemoryUsage of job (MB)
	210536  -  ResidentSetSize of job (KB)
...
006 (70945958.190.000) 03/28 22:12:59 Image size of job updated: 205
	205  -  MemoryUsage of job (MB)
	210648  -  ResidentSetSize of job (KB)
...
006 (70945958.190.000) 03/28 22:13:59 Image size of job updated: 205
	205  -  MemoryUsage of job (MB)
	210864  -  ResidentSetSize of job (KB)
...
006 (70945958.190.000) 03/28 22:14:42 Image size of job updated: 206
	206  -  MemoryUsage of job (MB)
	210988  -  ResidentSetSize of job (KB)
...
005 (70945958.190.000) 03/28 22:14:42 Job terminated.
	(1) Normal termination (return value 0)
		Usr 0 00:07:51, Sys 0 00:00:26  -  Run Remote Usage
		Usr 0 00:00:00, Sys 0 00:00:00  -  Run Local Usage
		Usr 0 00:07:51, Sys 0 00:00:26  -  Total Remote Usage
		Usr 0 00:00:00, Sys 0 00:00:00  -  Total Local Usage
	161852  -  Run Bytes Sent By Job
	2247957  -  Run Bytes Received By Job
	161852  -  Total Bytes Sent By Job
	2247957  -  Total Bytes Received By Job
	Partitionable Resources :    Usage  Request Allocated 
	   Cpus                 :     0.00        1         1 
	   Disk (KB)            :  5209        2250    320888 
	   Memory (MB)          :   206        2000      2000 
...
