000 (70945958.198.000) 03/28 21:58:27 Job submitted from host: <131.225.188.235:9618?addrs=131.225.188.235-9618&noUDP&sock=14994_371f_3>
...
001 (70945958.198.000) 03/28 22:00:43 Job executing on host: <131.225.204.78:9618?addrs=131.225.204.78-9618&noUDP&sock=1155_cff9_3>
...
006 (70945958.198.000) 03/28 22:01:51 Image size of job updated: 132
	132  -  MemoryUsage of job (MB)
	135752  -  ResidentSetSize of job (KB)
...
006 (70945958.198.000) 03/28 22:02:52 Image size of job updated: 168
	168  -  MemoryUsage of job (MB)
	172332  -  ResidentSetSize of job (KB)
...
006 (70945958.198.000) 03/28 22:03:53 Image size of job updated: 170
	170  -  MemoryUsage of job (MB)
	174676  -  ResidentSetSize of job (KB)
...
006 (70945958.198.000) 03/28 22:04:54 Image size of job updated: 178
	178  -  MemoryUsage of job (MB)
	183164  -  ResidentSetSize of job (KB)
...
006 (70945958.198.000) 03/28 22:05:55 Image size of job updated: 187
	187  -  MemoryUsage of job (MB)
	191604  -  ResidentSetSize of job (KB)
...
006 (70945958.198.000) 03/28 22:06:55 Image size of job updated: 187
	187  -  MemoryUsage of job (MB)
	191700  -  ResidentSetSize of job (KB)
...
006 (70945958.198.000) 03/28 22:07:55 Image size of job updated: 208
	208  -  MemoryUsage of job (MB)
	213684  -  ResidentSetSize of job (KB)
...
006 (70945958.198.000) 03/28 22:08:55 Image size of job updated: 208
	208  -  MemoryUsage of job (MB)
	213828  -  ResidentSetSize of job (KB)
...
006 (70945958.198.000) 03/28 22:09:55 Image size of job updated: 208
	208  -  MemoryUsage of job (MB)
	213944  -  ResidentSetSize of job (KB)
...
006 (70945958.198.000) 03/28 22:10:56 Image size of job updated: 211
	211  -  MemoryUsage of job (MB)
	216216  -  ResidentSetSize of job (KB)
...
006 (70945958.198.000) 03/28 22:11:55 Image size of job updated: 211
	211  -  MemoryUsage of job (MB)
	216368  -  ResidentSetSize of job (KB)
...
005 (70945958.198.000) 03/28 22:11:56 Job terminated.
	(1) Normal termination (return value 0)
		Usr 0 00:07:44, Sys 0 00:00:25  -  Run Remote Usage
		Usr 0 00:00:00, Sys 0 00:00:00  -  Run Local Usage
		Usr 0 00:07:44, Sys 0 00:00:25  -  Total Remote Usage
		Usr 0 00:00:00, Sys 0 00:00:00  -  Total Local Usage
	160582  -  Run Bytes Sent By Job
	2247957  -  Run Bytes Received By Job
	160582  -  Total Bytes Sent By Job
	2247957  -  Total Bytes Received By Job
	Partitionable Resources :    Usage  Request Allocated 
	   Cpus                 :        0        1         1 
	   Disk (KB)            :     5209     2250    307858 
	   Memory (MB)          :      211     2000      2000 
...
