000 (70945958.050.000) 03/28 21:58:27 Job submitted from host: <131.225.188.235:9618?addrs=131.225.188.235-9618&noUDP&sock=14994_371f_3>
...
001 (70945958.050.000) 03/28 22:00:05 Job executing on host: <131.225.190.66:9618?addrs=131.225.190.66-9618&noUDP&sock=1419_e4fa_3>
...
006 (70945958.050.000) 03/28 22:01:15 Image size of job updated: 23
	23  -  MemoryUsage of job (MB)
	24452  -  ResidentSetSize of job (KB)
...
006 (70945958.050.000) 03/28 22:02:16 Image size of job updated: 27
	27  -  MemoryUsage of job (MB)
	28068  -  ResidentSetSize of job (KB)
...
006 (70945958.050.000) 03/28 22:03:17 Image size of job updated: 33
	33  -  MemoryUsage of job (MB)
	34640  -  ResidentSetSize of job (KB)
...
006 (70945958.050.000) 03/28 22:04:17 Image size of job updated: 164
	164  -  MemoryUsage of job (MB)
	168256  -  ResidentSetSize of job (KB)
...
006 (70945958.050.000) 03/28 22:05:18 Image size of job updated: 185
	185  -  MemoryUsage of job (MB)
	190284  -  ResidentSetSize of job (KB)
...
006 (70945958.050.000) 03/28 22:06:18 Image size of job updated: 187
	187  -  MemoryUsage of job (MB)
	192252  -  ResidentSetSize of job (KB)
...
006 (70945958.050.000) 03/28 22:06:50 Image size of job updated: 189
	189  -  MemoryUsage of job (MB)
	193688  -  ResidentSetSize of job (KB)
...
005 (70945958.050.000) 03/28 22:06:51 Job terminated.
	(1) Normal termination (return value 0)
		Usr 0 00:03:10, Sys 0 00:00:13  -  Run Remote Usage
		Usr 0 00:00:00, Sys 0 00:00:00  -  Run Local Usage
		Usr 0 00:03:10, Sys 0 00:00:13  -  Total Remote Usage
		Usr 0 00:00:00, Sys 0 00:00:00  -  Total Local Usage
	152924  -  Run Bytes Sent By Job
	2247957  -  Run Bytes Received By Job
	152924  -  Total Bytes Sent By Job
	2247957  -  Total Bytes Received By Job
	Partitionable Resources :    Usage  Request Allocated 
	   Cpus                 :     0.00        1         1 
	   Disk (KB)            :  5201        2250    741687 
	   Memory (MB)          :   189        2000      2000 
...
