000 (70945958.160.000) 03/28 21:58:27 Job submitted from host: <131.225.188.235:9618?addrs=131.225.188.235-9618&noUDP&sock=14994_371f_3>
...
001 (70945958.160.000) 03/28 22:00:34 Job executing on host: <131.225.188.46:9618?addrs=131.225.188.46-9618&noUDP&sock=1933_74a8_3>
...
006 (70945958.160.000) 03/28 22:01:45 Image size of job updated: 33
	33  -  MemoryUsage of job (MB)
	34076  -  ResidentSetSize of job (KB)
...
006 (70945958.160.000) 03/28 22:02:44 Image size of job updated: 156
	156  -  MemoryUsage of job (MB)
	160168  -  ResidentSetSize of job (KB)
...
006 (70945958.160.000) 03/28 22:03:45 Image size of job updated: 166
	166  -  MemoryUsage of job (MB)
	170252  -  ResidentSetSize of job (KB)
...
006 (70945958.160.000) 03/28 22:04:46 Image size of job updated: 196
	196  -  MemoryUsage of job (MB)
	201040  -  ResidentSetSize of job (KB)
...
006 (70945958.160.000) 03/28 22:05:03 Image size of job updated: 197
	197  -  MemoryUsage of job (MB)
	201872  -  ResidentSetSize of job (KB)
...
005 (70945958.160.000) 03/28 22:05:04 Job terminated.
	(1) Normal termination (return value 0)
		Usr 0 00:02:39, Sys 0 00:00:08  -  Run Remote Usage
		Usr 0 00:00:00, Sys 0 00:00:00  -  Run Local Usage
		Usr 0 00:02:39, Sys 0 00:00:08  -  Total Remote Usage
		Usr 0 00:00:00, Sys 0 00:00:00  -  Total Local Usage
	154471  -  Run Bytes Sent By Job
	2247957  -  Run Bytes Received By Job
	154471  -  Total Bytes Sent By Job
	2247957  -  Total Bytes Received By Job
	Partitionable Resources :    Usage  Request Allocated 
	   Cpus                 :     0.04        1         1 
	   Disk (KB)            :  5203        2250   1650168 
	   Memory (MB)          :   197        2000      2000 
...
