000 (70945958.192.000) 03/28 21:58:27 Job submitted from host: <131.225.188.235:9618?addrs=131.225.188.235-9618&noUDP&sock=14994_371f_3>
...
001 (70945958.192.000) 03/28 22:00:41 Job executing on host: <131.225.206.156:9618?addrs=131.225.206.156-9618&noUDP&sock=1161_ed8b_3>
...
006 (70945958.192.000) 03/28 22:01:52 Image size of job updated: 92
	92  -  MemoryUsage of job (MB)
	94372  -  ResidentSetSize of job (KB)
...
006 (70945958.192.000) 03/28 22:02:52 Image size of job updated: 174
	174  -  MemoryUsage of job (MB)
	179196  -  ResidentSetSize of job (KB)
...
006 (70945958.192.000) 03/28 22:03:52 Image size of job updated: 177
	177  -  MemoryUsage of job (MB)
	181344  -  ResidentSetSize of job (KB)
...
006 (70945958.192.000) 03/28 22:04:52 Image size of job updated: 179
	179  -  MemoryUsage of job (MB)
	183468  -  ResidentSetSize of job (KB)
...
006 (70945958.192.000) 03/28 22:05:52 Image size of job updated: 186
	186  -  MemoryUsage of job (MB)
	191268  -  ResidentSetSize of job (KB)
...
006 (70945958.192.000) 03/28 22:06:53 Image size of job updated: 209
	209  -  MemoryUsage of job (MB)
	214452  -  ResidentSetSize of job (KB)
...
006 (70945958.192.000) 03/28 22:07:54 Image size of job updated: 209
	209  -  MemoryUsage of job (MB)
	214604  -  ResidentSetSize of job (KB)
...
006 (70945958.192.000) 03/28 22:08:55 Image size of job updated: 209
	209  -  MemoryUsage of job (MB)
	214708  -  ResidentSetSize of job (KB)
...
006 (70945958.192.000) 03/28 22:09:56 Image size of job updated: 209
	209  -  MemoryUsage of job (MB)
	214856  -  ResidentSetSize of job (KB)
...
006 (70945958.192.000) 03/28 22:10:33 Image size of job updated: 209
	209  -  MemoryUsage of job (MB)
	214960  -  ResidentSetSize of job (KB)
...
005 (70945958.192.000) 03/28 22:10:34 Job terminated.
	(1) Normal termination (return value 0)
		Usr 0 00:07:29, Sys 0 00:00:23  -  Run Remote Usage
		Usr 0 00:00:00, Sys 0 00:00:00  -  Run Local Usage
		Usr 0 00:07:29, Sys 0 00:00:23  -  Total Remote Usage
		Usr 0 00:00:00, Sys 0 00:00:00  -  Total Local Usage
	158967  -  Run Bytes Sent By Job
	2247957  -  Run Bytes Received By Job
	158967  -  Total Bytes Sent By Job
	2247957  -  Total Bytes Received By Job
	Partitionable Resources :    Usage  Request Allocated 
	   Cpus                 :        0        1         1 
	   Disk (KB)            :     5206     2250    320804 
	   Memory (MB)          :      209     2000      2000 
...
