000 (70945958.278.000) 03/28 21:58:27 Job submitted from host: <131.225.188.235:9618?addrs=131.225.188.235-9618&noUDP&sock=14994_371f_3>
...
001 (70945958.278.000) 03/28 22:01:09 Job executing on host: <131.225.206.189:9618?addrs=131.225.206.189-9618&noUDP&sock=1148_02d0_3>
...
006 (70945958.278.000) 03/28 22:01:18 Image size of job updated: 116
	116  -  MemoryUsage of job (MB)
	119176  -  ResidentSetSize of job (KB)
...
006 (70945958.278.000) 03/28 22:02:19 Image size of job updated: 167
	167  -  MemoryUsage of job (MB)
	171384  -  ResidentSetSize of job (KB)
...
006 (70945958.278.000) 03/28 22:03:19 Image size of job updated: 169
	169  -  MemoryUsage of job (MB)
	173104  -  ResidentSetSize of job (KB)
...
006 (70945958.278.000) 03/28 22:04:19 Image size of job updated: 171
	171  -  MemoryUsage of job (MB)
	175696  -  ResidentSetSize of job (KB)
...
006 (70945958.278.000) 03/28 22:05:19 Image size of job updated: 173
	173  -  MemoryUsage of job (MB)
	177604  -  ResidentSetSize of job (KB)
...
006 (70945958.278.000) 03/28 22:06:19 Image size of job updated: 186
	186  -  MemoryUsage of job (MB)
	190740  -  ResidentSetSize of job (KB)
...
006 (70945958.278.000) 03/28 22:07:21 Image size of job updated: 207
	207  -  MemoryUsage of job (MB)
	212540  -  ResidentSetSize of job (KB)
...
006 (70945958.278.000) 03/28 22:08:21 Image size of job updated: 207
	207  -  MemoryUsage of job (MB)
	212692  -  ResidentSetSize of job (KB)
...
006 (70945958.278.000) 03/28 22:09:21 Image size of job updated: 207
	207  -  MemoryUsage of job (MB)
	212848  -  ResidentSetSize of job (KB)
...
006 (70945958.278.000) 03/28 22:10:21 Image size of job updated: 207
	207  -  MemoryUsage of job (MB)
	212948  -  ResidentSetSize of job (KB)
...
006 (70945958.278.000) 03/28 22:10:27 Image size of job updated: 208
	208  -  MemoryUsage of job (MB)
	212996  -  ResidentSetSize of job (KB)
...
005 (70945958.278.000) 03/28 22:10:27 Job terminated.
	(1) Normal termination (return value 0)
		Usr 0 00:07:31, Sys 0 00:00:22  -  Run Remote Usage
		Usr 0 00:00:00, Sys 0 00:00:00  -  Run Local Usage
		Usr 0 00:07:31, Sys 0 00:00:22  -  Total Remote Usage
		Usr 0 00:00:00, Sys 0 00:00:00  -  Total Local Usage
	159292  -  Run Bytes Sent By Job
	2247957  -  Run Bytes Received By Job
	159292  -  Total Bytes Sent By Job
	2247957  -  Total Bytes Received By Job
	Partitionable Resources :    Usage  Request Allocated 
	   Cpus                 :     0.00        1         1 
	   Disk (KB)            :  5207        2250    320622 
	   Memory (MB)          :   208        2000      2000 
...
