000 (70945958.189.000) 03/28 21:58:27 Job submitted from host: <131.225.188.235:9618?addrs=131.225.188.235-9618&noUDP&sock=14994_371f_3>
...
001 (70945958.189.000) 03/28 22:00:41 Job executing on host: <131.225.204.92:9618?addrs=131.225.204.92-9618&noUDP&sock=1164_fc54_3>
...
006 (70945958.189.000) 03/28 22:01:51 Image size of job updated: 132
	132  -  MemoryUsage of job (MB)
	135764  -  ResidentSetSize of job (KB)
...
006 (70945958.189.000) 03/28 22:02:52 Image size of job updated: 168
	168  -  MemoryUsage of job (MB)
	172856  -  ResidentSetSize of job (KB)
...
006 (70945958.189.000) 03/28 22:03:53 Image size of job updated: 174
	174  -  MemoryUsage of job (MB)
	178816  -  ResidentSetSize of job (KB)
...
006 (70945958.189.000) 03/28 22:04:54 Image size of job updated: 176
	176  -  MemoryUsage of job (MB)
	181060  -  ResidentSetSize of job (KB)
...
006 (70945958.189.000) 03/28 22:05:55 Image size of job updated: 186
	186  -  MemoryUsage of job (MB)
	191152  -  ResidentSetSize of job (KB)
...
006 (70945958.189.000) 03/28 22:06:55 Image size of job updated: 206
	206  -  MemoryUsage of job (MB)
	211540  -  ResidentSetSize of job (KB)
...
006 (70945958.189.000) 03/28 22:07:55 Image size of job updated: 206
	206  -  MemoryUsage of job (MB)
	211696  -  ResidentSetSize of job (KB)
...
006 (70945958.189.000) 03/28 22:08:55 Image size of job updated: 206
	206  -  MemoryUsage of job (MB)
	211852  -  ResidentSetSize of job (KB)
...
006 (70945958.189.000) 03/28 22:09:55 Image size of job updated: 207
	207  -  MemoryUsage of job (MB)
	212116  -  ResidentSetSize of job (KB)
...
006 (70945958.189.000) 03/28 22:10:37 Image size of job updated: 207
	207  -  MemoryUsage of job (MB)
	212528  -  ResidentSetSize of job (KB)
...
005 (70945958.189.000) 03/28 22:10:37 Job terminated.
	(1) Normal termination (return value 0)
		Usr 0 00:07:27, Sys 0 00:00:23  -  Run Remote Usage
		Usr 0 00:00:00, Sys 0 00:00:00  -  Run Local Usage
		Usr 0 00:07:27, Sys 0 00:00:23  -  Total Remote Usage
		Usr 0 00:00:00, Sys 0 00:00:00  -  Total Local Usage
	159927  -  Run Bytes Sent By Job
	2247957  -  Run Bytes Received By Job
	159927  -  Total Bytes Sent By Job
	2247957  -  Total Bytes Received By Job
	Partitionable Resources :    Usage  Request Allocated 
	   Cpus                 :     0.00        1         1 
	   Disk (KB)            :  5207        2250    312667 
	   Memory (MB)          :   207        2000      2000 
...
