000 (70945958.014.000) 03/28 21:58:27 Job submitted from host: <131.225.188.235:9618?addrs=131.225.188.235-9618&noUDP&sock=14994_371f_3>
...
001 (70945958.014.000) 03/28 21:59:57 Job executing on host: <131.225.204.115:9618?addrs=131.225.204.115-9618&noUDP&sock=1150_6200_3>
...
006 (70945958.014.000) 03/28 22:00:05 Image size of job updated: 5
	4  -  MemoryUsage of job (MB)
	4296  -  ResidentSetSize of job (KB)
...
006 (70945958.014.000) 03/28 22:01:05 Image size of job updated: 171
	171  -  MemoryUsage of job (MB)
	175120  -  ResidentSetSize of job (KB)
...
006 (70945958.014.000) 03/28 22:02:06 Image size of job updated: 172
	172  -  MemoryUsage of job (MB)
	176972  -  ResidentSetSize of job (KB)
...
006 (70945958.014.000) 03/28 22:03:07 Image size of job updated: 189
	189  -  MemoryUsage of job (MB)
	193920  -  ResidentSetSize of job (KB)
...
005 (70945958.014.000) 03/28 22:03:10 Job terminated.
	(1) Normal termination (return value 0)
		Usr 0 00:02:22, Sys 0 00:00:08  -  Run Remote Usage
		Usr 0 00:00:00, Sys 0 00:00:00  -  Run Local Usage
		Usr 0 00:02:22, Sys 0 00:00:08  -  Total Remote Usage
		Usr 0 00:00:00, Sys 0 00:00:00  -  Total Local Usage
	153514  -  Run Bytes Sent By Job
	2247957  -  Run Bytes Received By Job
	153514  -  Total Bytes Sent By Job
	2247957  -  Total Bytes Received By Job
	Partitionable Resources :    Usage  Request Allocated 
	   Cpus                 :        0        1         1 
	   Disk (KB)            :     5201     2250    306756 
	   Memory (MB)          :      189     2000      2000 
...
