000 (70945958.232.000) 03/28 21:58:27 Job submitted from host: <131.225.188.235:9618?addrs=131.225.188.235-9618&noUDP&sock=14994_371f_3>
...
001 (70945958.232.000) 03/28 22:00:54 Job executing on host: <131.225.191.160:9618?addrs=131.225.191.160-9618&noUDP&sock=1152_c131_3>
...
006 (70945958.232.000) 03/28 22:03:03 Image size of job updated: 103
	103  -  MemoryUsage of job (MB)
	106112  -  ResidentSetSize of job (KB)
...
006 (70945958.232.000) 03/28 22:04:04 Image size of job updated: 165
	165  -  MemoryUsage of job (MB)
	169256  -  ResidentSetSize of job (KB)
...
006 (70945958.232.000) 03/28 22:05:04 Image size of job updated: 187
	187  -  MemoryUsage of job (MB)
	191636  -  ResidentSetSize of job (KB)
...
006 (70945958.232.000) 03/28 22:05:10 Image size of job updated: 189
	189  -  MemoryUsage of job (MB)
	194244  -  ResidentSetSize of job (KB)
...
005 (70945958.232.000) 03/28 22:05:11 Job terminated.
	(1) Normal termination (return value 0)
		Usr 0 00:02:12, Sys 0 00:00:05  -  Run Remote Usage
		Usr 0 00:00:00, Sys 0 00:00:00  -  Run Local Usage
		Usr 0 00:02:12, Sys 0 00:00:05  -  Total Remote Usage
		Usr 0 00:00:00, Sys 0 00:00:00  -  Total Local Usage
	153430  -  Run Bytes Sent By Job
	2247957  -  Run Bytes Received By Job
	153430  -  Total Bytes Sent By Job
	2247957  -  Total Bytes Received By Job
	Partitionable Resources :    Usage  Request Allocated 
	   Cpus                 :        0        1         1 
	   Disk (KB)            :     5201     2250    326912 
	   Memory (MB)          :      189     2000      2000 
...
