000 (70945958.260.000) 03/28 21:58:27 Job submitted from host: <131.225.188.235:9618?addrs=131.225.188.235-9618&noUDP&sock=14994_371f_3>
...
001 (70945958.260.000) 03/28 22:01:00 Job executing on host: <131.225.206.160:9618?addrs=131.225.206.160-9618&noUDP&sock=1155_cff9_3>
...
006 (70945958.260.000) 03/28 22:01:08 Image size of job updated: 82
	82  -  MemoryUsage of job (MB)
	83992  -  ResidentSetSize of job (KB)
...
006 (70945958.260.000) 03/28 22:02:08 Image size of job updated: 92
	92  -  MemoryUsage of job (MB)
	94428  -  ResidentSetSize of job (KB)
...
006 (70945958.260.000) 03/28 22:03:08 Image size of job updated: 169
	169  -  MemoryUsage of job (MB)
	173388  -  ResidentSetSize of job (KB)
...
006 (70945958.260.000) 03/28 22:04:08 Image size of job updated: 171
	171  -  MemoryUsage of job (MB)
	175836  -  ResidentSetSize of job (KB)
...
006 (70945958.260.000) 03/28 22:05:09 Image size of job updated: 173
	173  -  MemoryUsage of job (MB)
	177796  -  ResidentSetSize of job (KB)
...
006 (70945958.260.000) 03/28 22:06:10 Image size of job updated: 192
	192  -  MemoryUsage of job (MB)
	196768  -  ResidentSetSize of job (KB)
...
006 (70945958.260.000) 03/28 22:07:12 Image size of job updated: 211
	211  -  MemoryUsage of job (MB)
	217032  -  ResidentSetSize of job (KB)
...
006 (70945958.260.000) 03/28 22:08:12 Image size of job updated: 212
	212  -  MemoryUsage of job (MB)
	217180  -  ResidentSetSize of job (KB)
...
006 (70945958.260.000) 03/28 22:09:12 Image size of job updated: 212
	212  -  MemoryUsage of job (MB)
	217336  -  ResidentSetSize of job (KB)
...
006 (70945958.260.000) 03/28 22:10:12 Image size of job updated: 212
	212  -  MemoryUsage of job (MB)
	217492  -  ResidentSetSize of job (KB)
...
005 (70945958.260.000) 03/28 22:10:20 Job terminated.
	(1) Normal termination (return value 0)
		Usr 0 00:07:37, Sys 0 00:00:21  -  Run Remote Usage
		Usr 0 00:00:00, Sys 0 00:00:00  -  Run Local Usage
		Usr 0 00:07:37, Sys 0 00:00:21  -  Total Remote Usage
		Usr 0 00:00:00, Sys 0 00:00:00  -  Total Local Usage
	159161  -  Run Bytes Sent By Job
	2247957  -  Run Bytes Received By Job
	159161  -  Total Bytes Sent By Job
	2247957  -  Total Bytes Received By Job
	Partitionable Resources :    Usage  Request Allocated 
	   Cpus                 :     0.00        1         1 
	   Disk (KB)            :  5207        2250    332236 
	   Memory (MB)          :   212        2000      2000 
...
