000 (70945958.132.000) 03/28 21:58:27 Job submitted from host: <131.225.188.235:9618?addrs=131.225.188.235-9618&noUDP&sock=14994_371f_3>
...
001 (70945958.132.000) 03/28 22:00:27 Job executing on host: <131.225.205.173:9618?addrs=131.225.205.173-9618&noUDP&sock=1456_45fb_3>
...
006 (70945958.132.000) 03/28 22:01:37 Image size of job updated: 5
	3  -  MemoryUsage of job (MB)
	3928  -  ResidentSetSize of job (KB)
...
006 (70945958.132.000) 03/28 22:02:38 Image size of job updated: 133
	133  -  MemoryUsage of job (MB)
	136656  -  ResidentSetSize of job (KB)
...
006 (70945958.132.000) 03/28 22:03:38 Image size of job updated: 168
	168  -  MemoryUsage of job (MB)
	172496  -  ResidentSetSize of job (KB)
...
006 (70945958.132.000) 03/28 22:04:38 Image size of job updated: 170
	170  -  MemoryUsage of job (MB)
	174504  -  ResidentSetSize of job (KB)
...
006 (70945958.132.000) 03/28 22:05:38 Image size of job updated: 172
	172  -  MemoryUsage of job (MB)
	176524  -  ResidentSetSize of job (KB)
...
006 (70945958.132.000) 03/28 22:06:39 Image size of job updated: 173
	173  -  MemoryUsage of job (MB)
	177948  -  ResidentSetSize of job (KB)
...
006 (70945958.132.000) 03/28 22:07:40 Image size of job updated: 186
	186  -  MemoryUsage of job (MB)
	190960  -  ResidentSetSize of job (KB)
...
006 (70945958.132.000) 03/28 22:08:41 Image size of job updated: 204
	204  -  MemoryUsage of job (MB)
	209568  -  ResidentSetSize of job (KB)
...
006 (70945958.132.000) 03/28 22:09:41 Image size of job updated: 204
	204  -  MemoryUsage of job (MB)
	209812  -  ResidentSetSize of job (KB)
...
006 (70945958.132.000) 03/28 22:10:41 Image size of job updated: 205
	205  -  MemoryUsage of job (MB)
	209940  -  ResidentSetSize of job (KB)
...
006 (70945958.132.000) 03/28 22:11:41 Image size of job updated: 205
	205  -  MemoryUsage of job (MB)
	210104  -  ResidentSetSize of job (KB)
...
006 (70945958.132.000) 03/28 22:12:42 Image size of job updated: 207
	207  -  MemoryUsage of job (MB)
	212196  -  ResidentSetSize of job (KB)
...
006 (70945958.132.000) 03/28 22:13:34 Image size of job updated: 207
	207  -  MemoryUsage of job (MB)
	212268  -  ResidentSetSize of job (KB)
...
005 (70945958.132.000) 03/28 22:13:35 Job terminated.
	(1) Normal termination (return value 0)
		Usr 0 00:10:05, Sys 0 00:00:29  -  Run Remote Usage
		Usr 0 00:00:00, Sys 0 00:00:00  -  Run Local Usage
		Usr 0 00:10:05, Sys 0 00:00:29  -  Total Remote Usage
		Usr 0 00:00:00, Sys 0 00:00:00  -  Total Local Usage
	159465  -  Run Bytes Sent By Job
	2247957  -  Run Bytes Received By Job
	159465  -  Total Bytes Sent By Job
	2247957  -  Total Bytes Received By Job
	Partitionable Resources :    Usage  Request Allocated 
	   Cpus                 :     0.00        1         1 
	   Disk (KB)            :  5207        2250   1640215 
	   Memory (MB)          :   207        2000      2000 
...
