000 (70945958.158.000) 03/28 21:58:27 Job submitted from host: <131.225.188.235:9618?addrs=131.225.188.235-9618&noUDP&sock=14994_371f_3>
...
001 (70945958.158.000) 03/28 22:00:35 Job executing on host: <131.225.205.199:9618?addrs=131.225.205.199-9618&noUDP&sock=1465_7255_3>
...
006 (70945958.158.000) 03/28 22:00:43 Image size of job updated: 25
	25  -  MemoryUsage of job (MB)
	25648  -  ResidentSetSize of job (KB)
...
006 (70945958.158.000) 03/28 22:01:44 Image size of job updated: 163
	163  -  MemoryUsage of job (MB)
	167788  -  ResidentSetSize of job (KB)
...
006 (70945958.158.000) 03/28 22:02:45 Image size of job updated: 166
	166  -  MemoryUsage of job (MB)
	170112  -  ResidentSetSize of job (KB)
...
006 (70945958.158.000) 03/28 22:03:46 Image size of job updated: 196
	196  -  MemoryUsage of job (MB)
	201056  -  ResidentSetSize of job (KB)
...
006 (70945958.158.000) 03/28 22:04:36 Image size of job updated: 197
	197  -  MemoryUsage of job (MB)
	202468  -  ResidentSetSize of job (KB)
...
005 (70945958.158.000) 03/28 22:04:37 Job terminated.
	(1) Normal termination (return value 0)
		Usr 0 00:03:11, Sys 0 00:00:09  -  Run Remote Usage
		Usr 0 00:00:00, Sys 0 00:00:00  -  Run Local Usage
		Usr 0 00:03:11, Sys 0 00:00:09  -  Total Remote Usage
		Usr 0 00:00:00, Sys 0 00:00:00  -  Total Local Usage
	152989  -  Run Bytes Sent By Job
	2247957  -  Run Bytes Received By Job
	152989  -  Total Bytes Sent By Job
	2247957  -  Total Bytes Received By Job
	Partitionable Resources :    Usage  Request Allocated 
	   Cpus                 :        0        1         1 
	   Disk (KB)            :     5201     2250   1700012 
	   Memory (MB)          :      197     2000      2000 
...
