000 (70945958.172.000) 03/28 21:58:27 Job submitted from host: <131.225.188.235:9618?addrs=131.225.188.235-9618&noUDP&sock=14994_371f_3>
...
001 (70945958.172.000) 03/28 22:00:38 Job executing on host: <131.225.188.64:9618?addrs=131.225.188.64-9618&noUDP&sock=1934_2440_3>
...
006 (70945958.172.000) 03/28 22:01:47 Image size of job updated: 163
	163  -  MemoryUsage of job (MB)
	167680  -  ResidentSetSize of job (KB)
...
006 (70945958.172.000) 03/28 22:02:48 Image size of job updated: 177
	177  -  MemoryUsage of job (MB)
	182124  -  ResidentSetSize of job (KB)
...
006 (70945958.172.000) 03/28 22:03:49 Image size of job updated: 186
	186  -  MemoryUsage of job (MB)
	190836  -  ResidentSetSize of job (KB)
...
005 (70945958.172.000) 03/28 22:04:02 Job terminated.
	(1) Normal termination (return value 0)
		Usr 0 00:02:24, Sys 0 00:00:08  -  Run Remote Usage
		Usr 0 00:00:00, Sys 0 00:00:00  -  Run Local Usage
		Usr 0 00:02:24, Sys 0 00:00:08  -  Total Remote Usage
		Usr 0 00:00:00, Sys 0 00:00:00  -  Total Local Usage
	152799  -  Run Bytes Sent By Job
	2247957  -  Run Bytes Received By Job
	152799  -  Total Bytes Sent By Job
	2247957  -  Total Bytes Received By Job
	Partitionable Resources :    Usage  Request Allocated 
	   Cpus                 :        0        1         1 
	   Disk (KB)            :     5201     2250   1622647 
	   Memory (MB)          :      186     2000      2000 
...
