000 (70945958.041.000) 03/28 21:58:27 Job submitted from host: <131.225.188.235:9618?addrs=131.225.188.235-9618&noUDP&sock=14994_371f_3>
...
001 (70945958.041.000) 03/28 22:00:06 Job executing on host: <131.225.191.79:9618?addrs=131.225.191.79-9618&noUDP&sock=1460_045c_3>
...
006 (70945958.041.000) 03/28 22:01:15 Image size of job updated: 132
	132  -  MemoryUsage of job (MB)
	135760  -  ResidentSetSize of job (KB)
...
006 (70945958.041.000) 03/28 22:02:16 Image size of job updated: 164
	164  -  MemoryUsage of job (MB)
	168820  -  ResidentSetSize of job (KB)
...
006 (70945958.041.000) 03/28 22:03:16 Image size of job updated: 166
	166  -  MemoryUsage of job (MB)
	170172  -  ResidentSetSize of job (KB)
...
006 (70945958.041.000) 03/28 22:04:17 Image size of job updated: 186
	186  -  MemoryUsage of job (MB)
	191280  -  ResidentSetSize of job (KB)
...
006 (70945958.041.000) 03/28 22:04:59 Image size of job updated: 188
	188  -  MemoryUsage of job (MB)
	192748  -  ResidentSetSize of job (KB)
...
005 (70945958.041.000) 03/28 22:05:00 Job terminated.
	(1) Normal termination (return value 0)
		Usr 0 00:03:20, Sys 0 00:00:15  -  Run Remote Usage
		Usr 0 00:00:00, Sys 0 00:00:00  -  Run Local Usage
		Usr 0 00:03:20, Sys 0 00:00:15  -  Total Remote Usage
		Usr 0 00:00:00, Sys 0 00:00:00  -  Total Local Usage
	155151  -  Run Bytes Sent By Job
	2247957  -  Run Bytes Received By Job
	155151  -  Total Bytes Sent By Job
	2247957  -  Total Bytes Received By Job
	Partitionable Resources :    Usage  Request Allocated 
	   Cpus                 :        0        1         1 
	   Disk (KB)            :     5204     2250    774510 
	   Memory (MB)          :      188     2000      2000 
...
