000 (70945958.255.000) 03/28 21:58:27 Job submitted from host: <131.225.188.235:9618?addrs=131.225.188.235-9618&noUDP&sock=14994_371f_3>
...
001 (70945958.255.000) 03/28 22:01:13 Job executing on host: <131.225.190.15:9618?addrs=131.225.190.15-9618&noUDP&sock=1436_8e16_3>
...
006 (70945958.255.000) 03/28 22:03:23 Image size of job updated: 148
	148  -  MemoryUsage of job (MB)
	152120  -  ResidentSetSize of job (KB)
...
006 (70945958.255.000) 03/28 22:06:25 Image size of job updated: 168
	168  -  MemoryUsage of job (MB)
	172828  -  ResidentSetSize of job (KB)
...
006 (70945958.255.000) 03/28 22:07:25 Image size of job updated: 170
	170  -  MemoryUsage of job (MB)
	174776  -  ResidentSetSize of job (KB)
...
006 (70945958.255.000) 03/28 22:08:25 Image size of job updated: 178
	178  -  MemoryUsage of job (MB)
	183160  -  ResidentSetSize of job (KB)
...
006 (70945958.255.000) 03/28 22:09:25 Image size of job updated: 179
	179  -  MemoryUsage of job (MB)
	184212  -  ResidentSetSize of job (KB)
...
006 (70945958.255.000) 03/28 22:10:26 Image size of job updated: 187
	187  -  MemoryUsage of job (MB)
	191560  -  ResidentSetSize of job (KB)
...
006 (70945958.255.000) 03/28 22:11:27 Image size of job updated: 207
	207  -  MemoryUsage of job (MB)
	212292  -  ResidentSetSize of job (KB)
...
006 (70945958.255.000) 03/28 22:12:29 Image size of job updated: 207
	207  -  MemoryUsage of job (MB)
	212548  -  ResidentSetSize of job (KB)
...
006 (70945958.255.000) 03/28 22:13:29 Image size of job updated: 207
	207  -  MemoryUsage of job (MB)
	212676  -  ResidentSetSize of job (KB)
...
006 (70945958.255.000) 03/28 22:14:29 Image size of job updated: 207
	207  -  MemoryUsage of job (MB)
	212800  -  ResidentSetSize of job (KB)
...
006 (70945958.255.000) 03/28 22:15:29 Image size of job updated: 207
	207  -  MemoryUsage of job (MB)
	212912  -  ResidentSetSize of job (KB)
...
006 (70945958.255.000) 03/28 22:16:30 Image size of job updated: 208
	208  -  MemoryUsage of job (MB)
	213300  -  ResidentSetSize of job (KB)
...
005 (70945958.255.000) 03/28 22:16:48 Job terminated.
	(1) Normal termination (return value 0)
		Usr 0 00:09:01, Sys 0 00:00:28  -  Run Remote Usage
		Usr 0 00:00:00, Sys 0 00:00:00  -  Run Local Usage
		Usr 0 00:09:01, Sys 0 00:00:28  -  Total Remote Usage
		Usr 0 00:00:00, Sys 0 00:00:00  -  Total Local Usage
	167451  -  Run Bytes Sent By Job
	2247957  -  Run Bytes Received By Job
	167451  -  Total Bytes Sent By Job
	2247957  -  Total Bytes Received By Job
	Partitionable Resources :    Usage  Request Allocated 
	   Cpus                 :        0        1         1 
	   Disk (KB)            :     5216     2250    763643 
	   Memory (MB)          :      208     2000      2000 
...
