000 (70945958.162.000) 03/28 21:58:27 Job submitted from host: <131.225.188.235:9618?addrs=131.225.188.235-9618&noUDP&sock=14994_371f_3>
...
001 (70945958.162.000) 03/28 22:00:34 Job executing on host: <131.225.188.36:9618?addrs=131.225.188.36-9618&noUDP&sock=1937_3309_3>
...
006 (70945958.162.000) 03/28 22:00:44 Image size of job updated: 17
	17  -  MemoryUsage of job (MB)
	17508  -  ResidentSetSize of job (KB)
...
006 (70945958.162.000) 03/28 22:01:45 Image size of job updated: 164
	164  -  MemoryUsage of job (MB)
	168500  -  ResidentSetSize of job (KB)
...
006 (70945958.162.000) 03/28 22:02:45 Image size of job updated: 166
	166  -  MemoryUsage of job (MB)
	170132  -  ResidentSetSize of job (KB)
...
006 (70945958.162.000) 03/28 22:03:45 Image size of job updated: 186
	186  -  MemoryUsage of job (MB)
	191484  -  ResidentSetSize of job (KB)
...
006 (70945958.162.000) 03/28 22:03:59 Image size of job updated: 187
	187  -  MemoryUsage of job (MB)
	192296  -  ResidentSetSize of job (KB)
...
005 (70945958.162.000) 03/28 22:04:00 Job terminated.
	(1) Normal termination (return value 0)
		Usr 0 00:02:43, Sys 0 00:00:10  -  Run Remote Usage
		Usr 0 00:00:00, Sys 0 00:00:00  -  Run Local Usage
		Usr 0 00:02:43, Sys 0 00:00:10  -  Total Remote Usage
		Usr 0 00:00:00, Sys 0 00:00:00  -  Total Local Usage
	153316  -  Run Bytes Sent By Job
	2247957  -  Run Bytes Received By Job
	153316  -  Total Bytes Sent By Job
	2247957  -  Total Bytes Received By Job
	Partitionable Resources :    Usage  Request Allocated 
	   Cpus                 :        0        1         1 
	   Disk (KB)            :     5201     2250   1650385 
	   Memory (MB)          :      187     2000      2000 
...
