000 (70945958.155.000) 03/28 21:58:27 Job submitted from host: <131.225.188.235:9618?addrs=131.225.188.235-9618&noUDP&sock=14994_371f_3>
...
001 (70945958.155.000) 03/28 22:00:33 Job executing on host: <131.225.205.191:9618?addrs=131.225.205.191-9618&noUDP&sock=1466_21ee_3>
...
006 (70945958.155.000) 03/28 22:01:42 Image size of job updated: 132
	132  -  MemoryUsage of job (MB)
	135756  -  ResidentSetSize of job (KB)
...
006 (70945958.155.000) 03/28 22:02:42 Image size of job updated: 164
	164  -  MemoryUsage of job (MB)
	168360  -  ResidentSetSize of job (KB)
...
006 (70945958.155.000) 03/28 22:03:42 Image size of job updated: 171
	171  -  MemoryUsage of job (MB)
	175812  -  ResidentSetSize of job (KB)
...
006 (70945958.155.000) 03/28 22:04:42 Image size of job updated: 187
	187  -  MemoryUsage of job (MB)
	191828  -  ResidentSetSize of job (KB)
...
005 (70945958.155.000) 03/28 22:05:16 Job terminated.
	(1) Normal termination (return value 0)
		Usr 0 00:02:43, Sys 0 00:00:10  -  Run Remote Usage
		Usr 0 00:00:00, Sys 0 00:00:00  -  Run Local Usage
		Usr 0 00:02:43, Sys 0 00:00:10  -  Total Remote Usage
		Usr 0 00:00:00, Sys 0 00:00:00  -  Total Local Usage
	154084  -  Run Bytes Sent By Job
	2247957  -  Run Bytes Received By Job
	154084  -  Total Bytes Sent By Job
	2247957  -  Total Bytes Received By Job
	Partitionable Resources :    Usage  Request Allocated 
	   Cpus                 :        0        1         1 
	   Disk (KB)            :     5202     2250   1650691 
	   Memory (MB)          :      187     2000      2000 
...
