000 (70945958.206.000) 03/28 21:58:27 Job submitted from host: <131.225.188.235:9618?addrs=131.225.188.235-9618&noUDP&sock=14994_371f_3>
...
001 (70945958.206.000) 03/28 22:00:47 Job executing on host: <131.225.206.185:9618?addrs=131.225.206.185-9618&noUDP&sock=1164_fc54_3>
...
006 (70945958.206.000) 03/28 22:01:56 Image size of job updated: 34
	34  -  MemoryUsage of job (MB)
	35196  -  ResidentSetSize of job (KB)
...
006 (70945958.206.000) 03/28 22:02:57 Image size of job updated: 169
	169  -  MemoryUsage of job (MB)
	173080  -  ResidentSetSize of job (KB)
...
006 (70945958.206.000) 03/28 22:03:58 Image size of job updated: 171
	171  -  MemoryUsage of job (MB)
	175124  -  ResidentSetSize of job (KB)
...
006 (70945958.206.000) 03/28 22:04:59 Image size of job updated: 179
	179  -  MemoryUsage of job (MB)
	184096  -  ResidentSetSize of job (KB)
...
006 (70945958.206.000) 03/28 22:06:01 Image size of job updated: 186
	186  -  MemoryUsage of job (MB)
	191272  -  ResidentSetSize of job (KB)
...
006 (70945958.206.000) 03/28 22:07:01 Image size of job updated: 209
	209  -  MemoryUsage of job (MB)
	214084  -  ResidentSetSize of job (KB)
...
006 (70945958.206.000) 03/28 22:08:01 Image size of job updated: 209
	209  -  MemoryUsage of job (MB)
	214256  -  ResidentSetSize of job (KB)
...
006 (70945958.206.000) 03/28 22:09:01 Image size of job updated: 209
	209  -  MemoryUsage of job (MB)
	214412  -  ResidentSetSize of job (KB)
...
006 (70945958.206.000) 03/28 22:10:01 Image size of job updated: 209
	209  -  MemoryUsage of job (MB)
	214512  -  ResidentSetSize of job (KB)
...
006 (70945958.206.000) 03/28 22:10:35 Image size of job updated: 209
	209  -  MemoryUsage of job (MB)
	214608  -  ResidentSetSize of job (KB)
...
005 (70945958.206.000) 03/28 22:10:36 Job terminated.
	(1) Normal termination (return value 0)
		Usr 0 00:07:45, Sys 0 00:00:25  -  Run Remote Usage
		Usr 0 00:00:00, Sys 0 00:00:00  -  Run Local Usage
		Usr 0 00:07:45, Sys 0 00:00:25  -  Total Remote Usage
		Usr 0 00:00:00, Sys 0 00:00:00  -  Total Local Usage
	159529  -  Run Bytes Sent By Job
	2247957  -  Run Bytes Received By Job
	159529  -  Total Bytes Sent By Job
	2247957  -  Total Bytes Received By Job
	Partitionable Resources :    Usage  Request Allocated 
	   Cpus                 :     0.00        1         1 
	   Disk (KB)            :  5207        2250    320405 
	   Memory (MB)          :   209        2000      2000 
...
