000 (70945958.237.000) 03/28 21:58:27 Job submitted from host: <131.225.188.235:9618?addrs=131.225.188.235-9618&noUDP&sock=14994_371f_3>
...
001 (70945958.237.000) 03/28 22:01:18 Job executing on host: <131.225.205.176:9618?addrs=131.225.205.176-9618&noUDP&sock=1460_045c_3>
...
006 (70945958.237.000) 03/28 22:03:29 Image size of job updated: 116
	116  -  MemoryUsage of job (MB)
	119388  -  ResidentSetSize of job (KB)
...
006 (70945958.237.000) 03/28 22:04:29 Image size of job updated: 163
	163  -  MemoryUsage of job (MB)
	167032  -  ResidentSetSize of job (KB)
...
006 (70945958.237.000) 03/28 22:05:29 Image size of job updated: 165
	165  -  MemoryUsage of job (MB)
	169648  -  ResidentSetSize of job (KB)
...
006 (70945958.237.000) 03/28 22:06:29 Image size of job updated: 188
	188  -  MemoryUsage of job (MB)
	193220  -  ResidentSetSize of job (KB)
...
005 (70945958.237.000) 03/28 22:07:10 Job terminated.
	(1) Normal termination (return value 0)
		Usr 0 00:02:20, Sys 0 00:00:08  -  Run Remote Usage
		Usr 0 00:00:00, Sys 0 00:00:00  -  Run Local Usage
		Usr 0 00:02:20, Sys 0 00:00:08  -  Total Remote Usage
		Usr 0 00:00:00, Sys 0 00:00:00  -  Total Local Usage
	154254  -  Run Bytes Sent By Job
	2247957  -  Run Bytes Received By Job
	154254  -  Total Bytes Sent By Job
	2247957  -  Total Bytes Received By Job
	Partitionable Resources :    Usage  Request Allocated 
	   Cpus                 :     0.01        1         1 
	   Disk (KB)            :  5203        2250   1635618 
	   Memory (MB)          :   188        2000      2000 
...
