000 (70945958.079.000) 03/28 21:58:27 Job submitted from host: <131.225.188.235:9618?addrs=131.225.188.235-9618&noUDP&sock=14994_371f_3>
...
001 (70945958.079.000) 03/28 22:00:12 Job executing on host: <131.225.206.201:9618?addrs=131.225.206.201-9618&noUDP&sock=1153_70c9_3>
...
006 (70945958.079.000) 03/28 22:00:20 Image size of job updated: 5
	4  -  MemoryUsage of job (MB)
	4348  -  ResidentSetSize of job (KB)
...
006 (70945958.079.000) 03/28 22:01:20 Image size of job updated: 159
	159  -  MemoryUsage of job (MB)
	163496  -  ResidentSetSize of job (KB)
...
006 (70945958.079.000) 03/28 22:02:21 Image size of job updated: 172
	172  -  MemoryUsage of job (MB)
	176632  -  ResidentSetSize of job (KB)
...
006 (70945958.079.000) 03/28 22:03:22 Image size of job updated: 196
	196  -  MemoryUsage of job (MB)
	201188  -  ResidentSetSize of job (KB)
...
005 (70945958.079.000) 03/28 22:03:33 Job terminated.
	(1) Normal termination (return value 0)
		Usr 0 00:02:36, Sys 0 00:00:09  -  Run Remote Usage
		Usr 0 00:00:00, Sys 0 00:00:00  -  Run Local Usage
		Usr 0 00:02:36, Sys 0 00:00:09  -  Total Remote Usage
		Usr 0 00:00:00, Sys 0 00:00:00  -  Total Local Usage
	153532  -  Run Bytes Sent By Job
	2247957  -  Run Bytes Received By Job
	153532  -  Total Bytes Sent By Job
	2247957  -  Total Bytes Received By Job
	Partitionable Resources :    Usage  Request Allocated 
	   Cpus                 :        0        1         1 
	   Disk (KB)            :     5201     2250    332511 
	   Memory (MB)          :        3     2000      2000 
...
