000 (70945958.063.000) 03/28 21:58:27 Job submitted from host: <131.225.188.235:9618?addrs=131.225.188.235-9618&noUDP&sock=14994_371f_3>
...
001 (70945958.063.000) 03/28 22:00:14 Job executing on host: <131.225.204.104:9618?addrs=131.225.204.104-9618&noUDP&sock=1170_19e5_3>
...
006 (70945958.063.000) 03/28 22:01:22 Image size of job updated: 163
	163  -  MemoryUsage of job (MB)
	167816  -  ResidentSetSize of job (KB)
...
006 (70945958.063.000) 03/28 22:02:22 Image size of job updated: 166
	166  -  MemoryUsage of job (MB)
	170780  -  ResidentSetSize of job (KB)
...
006 (70945958.063.000) 03/28 22:03:22 Image size of job updated: 190
	190  -  MemoryUsage of job (MB)
	195508  -  ResidentSetSize of job (KB)
...
006 (70945958.063.000) 03/28 22:03:42 Image size of job updated: 191
	191  -  MemoryUsage of job (MB)
	196404  -  ResidentSetSize of job (KB)
...
005 (70945958.063.000) 03/28 22:03:43 Job terminated.
	(1) Normal termination (return value 0)
		Usr 0 00:02:39, Sys 0 00:00:09  -  Run Remote Usage
		Usr 0 00:00:00, Sys 0 00:00:00  -  Run Local Usage
		Usr 0 00:02:39, Sys 0 00:00:09  -  Total Remote Usage
		Usr 0 00:00:00, Sys 0 00:00:00  -  Total Local Usage
	153358  -  Run Bytes Sent By Job
	2247957  -  Run Bytes Received By Job
	153358  -  Total Bytes Sent By Job
	2247957  -  Total Bytes Received By Job
	Partitionable Resources :    Usage  Request Allocated 
	   Cpus                 :        0        1         1 
	   Disk (KB)            :     5201     2250    319753 
	   Memory (MB)          :      191     2000      2000 
...
