000 (70945958.150.000) 03/28 21:58:27 Job submitted from host: <131.225.188.235:9618?addrs=131.225.188.235-9618&noUDP&sock=14994_371f_3>
...
001 (70945958.150.000) 03/28 22:00:32 Job executing on host: <131.225.205.161:9618?addrs=131.225.205.161-9618&noUDP&sock=1457_f593_3>
...
006 (70945958.150.000) 03/28 22:01:41 Image size of job updated: 132
	132  -  MemoryUsage of job (MB)
	135760  -  ResidentSetSize of job (KB)
...
006 (70945958.150.000) 03/28 22:02:42 Image size of job updated: 165
	165  -  MemoryUsage of job (MB)
	169024  -  ResidentSetSize of job (KB)
...
006 (70945958.150.000) 03/28 22:03:42 Image size of job updated: 188
	188  -  MemoryUsage of job (MB)
	192984  -  ResidentSetSize of job (KB)
...
006 (70945958.150.000) 03/28 22:04:42 Image size of job updated: 191
	191  -  MemoryUsage of job (MB)
	195968  -  ResidentSetSize of job (KB)
...
006 (70945958.150.000) 03/28 22:05:05 Image size of job updated: 192
	192  -  MemoryUsage of job (MB)
	196664  -  ResidentSetSize of job (KB)
...
005 (70945958.150.000) 03/28 22:05:05 Job terminated.
	(1) Normal termination (return value 0)
		Usr 0 00:03:23, Sys 0 00:00:12  -  Run Remote Usage
		Usr 0 00:00:00, Sys 0 00:00:00  -  Run Local Usage
		Usr 0 00:03:23, Sys 0 00:00:12  -  Total Remote Usage
		Usr 0 00:00:00, Sys 0 00:00:00  -  Total Local Usage
	152883  -  Run Bytes Sent By Job
	2247957  -  Run Bytes Received By Job
	152883  -  Total Bytes Sent By Job
	2247957  -  Total Bytes Received By Job
	Partitionable Resources :    Usage  Request Allocated 
	   Cpus                 :        0        1         1 
	   Disk (KB)            :     5201     2250   1626747 
	   Memory (MB)          :      192     2000      2000 
...
