000 (70945958.204.000) 03/28 21:58:27 Job submitted from host: <131.225.188.235:9618?addrs=131.225.188.235-9618&noUDP&sock=14994_371f_3>
...
001 (70945958.204.000) 03/28 22:00:45 Job executing on host: <131.225.191.159:9618?addrs=131.225.191.159-9618&noUDP&sock=1152_c131_3>
...
006 (70945958.204.000) 03/28 22:01:54 Image size of job updated: 72
	72  -  MemoryUsage of job (MB)
	74748  -  ResidentSetSize of job (KB)
...
006 (70945958.204.000) 03/28 22:02:55 Image size of job updated: 169
	169  -  MemoryUsage of job (MB)
	173148  -  ResidentSetSize of job (KB)
...
006 (70945958.204.000) 03/28 22:03:56 Image size of job updated: 171
	171  -  MemoryUsage of job (MB)
	175460  -  ResidentSetSize of job (KB)
...
006 (70945958.204.000) 03/28 22:04:57 Image size of job updated: 173
	173  -  MemoryUsage of job (MB)
	177760  -  ResidentSetSize of job (KB)
...
006 (70945958.204.000) 03/28 22:05:58 Image size of job updated: 186
	186  -  MemoryUsage of job (MB)
	191316  -  ResidentSetSize of job (KB)
...
006 (70945958.204.000) 03/28 22:06:58 Image size of job updated: 205
	205  -  MemoryUsage of job (MB)
	210372  -  ResidentSetSize of job (KB)
...
006 (70945958.204.000) 03/28 22:07:58 Image size of job updated: 206
	206  -  MemoryUsage of job (MB)
	211476  -  ResidentSetSize of job (KB)
...
006 (70945958.204.000) 03/28 22:08:58 Image size of job updated: 206
	206  -  MemoryUsage of job (MB)
	211576  -  ResidentSetSize of job (KB)
...
006 (70945958.204.000) 03/28 22:09:58 Image size of job updated: 207
	207  -  MemoryUsage of job (MB)
	212840  -  ResidentSetSize of job (KB)
...
006 (70945958.204.000) 03/28 22:10:19 Image size of job updated: 207
	207  -  MemoryUsage of job (MB)
	212896  -  ResidentSetSize of job (KB)
...
005 (70945958.204.000) 03/28 22:10:20 Job terminated.
	(1) Normal termination (return value 0)
		Usr 0 00:07:32, Sys 0 00:00:20  -  Run Remote Usage
		Usr 0 00:00:00, Sys 0 00:00:00  -  Run Local Usage
		Usr 0 00:07:32, Sys 0 00:00:20  -  Total Remote Usage
		Usr 0 00:00:00, Sys 0 00:00:00  -  Total Local Usage
	159496  -  Run Bytes Sent By Job
	2247957  -  Run Bytes Received By Job
	159496  -  Total Bytes Sent By Job
	2247957  -  Total Bytes Received By Job
	Partitionable Resources :    Usage  Request Allocated 
	   Cpus                 :     0.00        1         1 
	   Disk (KB)            :  5207        2250    330436 
	   Memory (MB)          :   207        2000      2000 
...
