000 (70945958.170.000) 03/28 21:58:27 Job submitted from host: <131.225.188.235:9618?addrs=131.225.188.235-9618&noUDP&sock=14994_371f_3>
...
001 (70945958.170.000) 03/28 22:00:39 Job executing on host: <131.225.188.42:9618?addrs=131.225.188.42-9618&noUDP&sock=1940_41d2_3>
...
006 (70945958.170.000) 03/28 22:01:49 Image size of job updated: 162
	162  -  MemoryUsage of job (MB)
	166896  -  ResidentSetSize of job (KB)
...
006 (70945958.170.000) 03/28 22:02:48 Image size of job updated: 172
	172  -  MemoryUsage of job (MB)
	176504  -  ResidentSetSize of job (KB)
...
006 (70945958.170.000) 03/28 22:03:48 Image size of job updated: 187
	187  -  MemoryUsage of job (MB)
	191560  -  ResidentSetSize of job (KB)
...
005 (70945958.170.000) 03/28 22:04:02 Job terminated.
	(1) Normal termination (return value 0)
		Usr 0 00:02:20, Sys 0 00:00:08  -  Run Remote Usage
		Usr 0 00:00:00, Sys 0 00:00:00  -  Run Local Usage
		Usr 0 00:02:20, Sys 0 00:00:08  -  Total Remote Usage
		Usr 0 00:00:00, Sys 0 00:00:00  -  Total Local Usage
	152742  -  Run Bytes Sent By Job
	2247957  -  Run Bytes Received By Job
	152742  -  Total Bytes Sent By Job
	2247957  -  Total Bytes Received By Job
	Partitionable Resources :    Usage  Request Allocated 
	   Cpus                 :     0.00        1         1 
	   Disk (KB)            :  5201        2250   1658851 
	   Memory (MB)          :   187        2000      2000 
...
