000 (70945958.032.000) 03/28 21:58:27 Job submitted from host: <131.225.188.235:9618?addrs=131.225.188.235-9618&noUDP&sock=14994_371f_3>
...
001 (70945958.032.000) 03/28 22:00:02 Job executing on host: <131.225.205.159:9618?addrs=131.225.205.159-9618&noUDP&sock=1454_e6cb_3>
...
006 (70945958.032.000) 03/28 22:01:10 Image size of job updated: 35
	35  -  MemoryUsage of job (MB)
	36132  -  ResidentSetSize of job (KB)
...
006 (70945958.032.000) 03/28 22:02:11 Image size of job updated: 163
	163  -  MemoryUsage of job (MB)
	167400  -  ResidentSetSize of job (KB)
...
006 (70945958.032.000) 03/28 22:03:11 Image size of job updated: 165
	165  -  MemoryUsage of job (MB)
	169668  -  ResidentSetSize of job (KB)
...
006 (70945958.032.000) 03/28 22:04:12 Image size of job updated: 193
	193  -  MemoryUsage of job (MB)
	197780  -  ResidentSetSize of job (KB)
...
006 (70945958.032.000) 03/28 22:05:13 Image size of job updated: 195
	195  -  MemoryUsage of job (MB)
	199748  -  ResidentSetSize of job (KB)
...
006 (70945958.032.000) 03/28 22:05:26 Image size of job updated: 195
	195  -  MemoryUsage of job (MB)
	200412  -  ResidentSetSize of job (KB)
...
005 (70945958.032.000) 03/28 22:05:26 Job terminated.
	(1) Normal termination (return value 0)
		Usr 0 00:03:33, Sys 0 00:00:12  -  Run Remote Usage
		Usr 0 00:00:00, Sys 0 00:00:00  -  Run Local Usage
		Usr 0 00:03:33, Sys 0 00:00:12  -  Total Remote Usage
		Usr 0 00:00:00, Sys 0 00:00:00  -  Total Local Usage
	153660  -  Run Bytes Sent By Job
	2247957  -  Run Bytes Received By Job
	153660  -  Total Bytes Sent By Job
	2247957  -  Total Bytes Received By Job
	Partitionable Resources :    Usage  Request Allocated 
	   Cpus                 :        0        1         1 
	   Disk (KB)            :     5203     2250   1641506 
	   Memory (MB)          :      195     2000      2000 
...
