000 (70945958.277.000) 03/28 21:58:27 Job submitted from host: <131.225.188.235:9618?addrs=131.225.188.235-9618&noUDP&sock=14994_371f_3>
...
001 (70945958.277.000) 03/28 22:01:09 Job executing on host: <131.225.206.20:9618?addrs=131.225.206.20-9618&noUDP&sock=1181_a570_3>
...
006 (70945958.277.000) 03/28 22:02:18 Image size of job updated: 92
	92  -  MemoryUsage of job (MB)
	94424  -  ResidentSetSize of job (KB)
...
006 (70945958.277.000) 03/28 22:03:18 Image size of job updated: 168
	168  -  MemoryUsage of job (MB)
	172976  -  ResidentSetSize of job (KB)
...
006 (70945958.277.000) 03/28 22:04:18 Image size of job updated: 177
	177  -  MemoryUsage of job (MB)
	181368  -  ResidentSetSize of job (KB)
...
006 (70945958.277.000) 03/28 22:05:18 Image size of job updated: 178
	178  -  MemoryUsage of job (MB)
	183284  -  ResidentSetSize of job (KB)
...
006 (70945958.277.000) 03/28 22:06:19 Image size of job updated: 187
	187  -  MemoryUsage of job (MB)
	191592  -  ResidentSetSize of job (KB)
...
006 (70945958.277.000) 03/28 22:07:20 Image size of job updated: 207
	207  -  MemoryUsage of job (MB)
	212392  -  ResidentSetSize of job (KB)
...
006 (70945958.277.000) 03/28 22:08:21 Image size of job updated: 207
	207  -  MemoryUsage of job (MB)
	212696  -  ResidentSetSize of job (KB)
...
006 (70945958.277.000) 03/28 22:09:22 Image size of job updated: 207
	207  -  MemoryUsage of job (MB)
	212772  -  ResidentSetSize of job (KB)
...
006 (70945958.277.000) 03/28 22:10:22 Image size of job updated: 209
	209  -  MemoryUsage of job (MB)
	214948  -  ResidentSetSize of job (KB)
...
006 (70945958.277.000) 03/28 22:11:22 Image size of job updated: 210
	210  -  MemoryUsage of job (MB)
	215088  -  ResidentSetSize of job (KB)
...
006 (70945958.277.000) 03/28 22:12:07 Image size of job updated: 210
	210  -  MemoryUsage of job (MB)
	215172  -  ResidentSetSize of job (KB)
...
005 (70945958.277.000) 03/28 22:12:08 Job terminated.
	(1) Normal termination (return value 0)
		Usr 0 00:08:00, Sys 0 00:00:22  -  Run Remote Usage
		Usr 0 00:00:00, Sys 0 00:00:00  -  Run Local Usage
		Usr 0 00:08:00, Sys 0 00:00:22  -  Total Remote Usage
		Usr 0 00:00:00, Sys 0 00:00:00  -  Total Local Usage
	159236  -  Run Bytes Sent By Job
	2247957  -  Run Bytes Received By Job
	159236  -  Total Bytes Sent By Job
	2247957  -  Total Bytes Received By Job
	Partitionable Resources :    Usage  Request Allocated 
	   Cpus                 :     0.00        1         1 
	   Disk (KB)            :  5207        2250    305111 
	   Memory (MB)          :   210        2000      2000 
...
