000 (70945958.168.000) 03/28 21:58:27 Job submitted from host: <131.225.188.235:9618?addrs=131.225.188.235-9618&noUDP&sock=14994_371f_3>
...
001 (70945958.168.000) 03/28 22:00:41 Job executing on host: <131.225.188.22:9618?addrs=131.225.188.22-9618&noUDP&sock=1928_06af_3>
...
006 (70945958.168.000) 03/28 22:00:50 Image size of job updated: 5
	3  -  MemoryUsage of job (MB)
	3592  -  ResidentSetSize of job (KB)
...
006 (70945958.168.000) 03/28 22:01:51 Image size of job updated: 116
	116  -  MemoryUsage of job (MB)
	119368  -  ResidentSetSize of job (KB)
...
006 (70945958.168.000) 03/28 22:02:51 Image size of job updated: 164
	164  -  MemoryUsage of job (MB)
	168720  -  ResidentSetSize of job (KB)
...
006 (70945958.168.000) 03/28 22:03:51 Image size of job updated: 187
	187  -  MemoryUsage of job (MB)
	192488  -  ResidentSetSize of job (KB)
...
006 (70945958.168.000) 03/28 22:04:33 Image size of job updated: 189
	189  -  MemoryUsage of job (MB)
	194480  -  ResidentSetSize of job (KB)
...
005 (70945958.168.000) 03/28 22:04:34 Job terminated.
	(1) Normal termination (return value 0)
		Usr 0 00:02:28, Sys 0 00:00:08  -  Run Remote Usage
		Usr 0 00:00:00, Sys 0 00:00:00  -  Run Local Usage
		Usr 0 00:02:28, Sys 0 00:00:08  -  Total Remote Usage
		Usr 0 00:00:00, Sys 0 00:00:00  -  Total Local Usage
	155117  -  Run Bytes Sent By Job
	2247957  -  Run Bytes Received By Job
	155117  -  Total Bytes Sent By Job
	2247957  -  Total Bytes Received By Job
	Partitionable Resources :    Usage  Request Allocated 
	   Cpus                 :        0        1         1 
	   Disk (KB)            :     5203     2250   1651073 
	   Memory (MB)          :      189     2000      2000 
...
