000 (70945958.136.000) 03/28 21:58:27 Job submitted from host: <131.225.188.235:9618?addrs=131.225.188.235-9618&noUDP&sock=14994_371f_3>
...
001 (70945958.136.000) 03/28 22:00:26 Job executing on host: <131.225.205.180:9618?addrs=131.225.205.180-9618&noUDP&sock=1456_45fb_3>
...
006 (70945958.136.000) 03/28 22:01:38 Image size of job updated: 132
	132  -  MemoryUsage of job (MB)
	135752  -  ResidentSetSize of job (KB)
...
006 (70945958.136.000) 03/28 22:03:39 Image size of job updated: 133
	133  -  MemoryUsage of job (MB)
	136644  -  ResidentSetSize of job (KB)
...
006 (70945958.136.000) 03/28 22:04:41 Image size of job updated: 168
	168  -  MemoryUsage of job (MB)
	172308  -  ResidentSetSize of job (KB)
...
006 (70945958.136.000) 03/28 22:05:41 Image size of job updated: 170
	170  -  MemoryUsage of job (MB)
	174200  -  ResidentSetSize of job (KB)
...
006 (70945958.136.000) 03/28 22:06:41 Image size of job updated: 171
	171  -  MemoryUsage of job (MB)
	176072  -  ResidentSetSize of job (KB)
...
006 (70945958.136.000) 03/28 22:07:42 Image size of job updated: 173
	173  -  MemoryUsage of job (MB)
	177632  -  ResidentSetSize of job (KB)
...
006 (70945958.136.000) 03/28 22:08:43 Image size of job updated: 186
	186  -  MemoryUsage of job (MB)
	190724  -  ResidentSetSize of job (KB)
...
006 (70945958.136.000) 03/28 22:09:43 Image size of job updated: 203
	203  -  MemoryUsage of job (MB)
	208844  -  ResidentSetSize of job (KB)
...
006 (70945958.136.000) 03/28 22:10:43 Image size of job updated: 204
	204  -  MemoryUsage of job (MB)
	208972  -  ResidentSetSize of job (KB)
...
006 (70945958.136.000) 03/28 22:11:43 Image size of job updated: 206
	206  -  MemoryUsage of job (MB)
	211056  -  ResidentSetSize of job (KB)
...
006 (70945958.136.000) 03/28 22:12:44 Image size of job updated: 206
	206  -  MemoryUsage of job (MB)
	211180  -  ResidentSetSize of job (KB)
...
006 (70945958.136.000) 03/28 22:13:45 Image size of job updated: 206
	206  -  MemoryUsage of job (MB)
	211292  -  ResidentSetSize of job (KB)
...
006 (70945958.136.000) 03/28 22:14:34 Image size of job updated: 206
	206  -  MemoryUsage of job (MB)
	211364  -  ResidentSetSize of job (KB)
...
005 (70945958.136.000) 03/28 22:14:35 Job terminated.
	(1) Normal termination (return value 0)
		Usr 0 00:10:06, Sys 0 00:00:29  -  Run Remote Usage
		Usr 0 00:00:00, Sys 0 00:00:00  -  Run Local Usage
		Usr 0 00:10:06, Sys 0 00:00:29  -  Total Remote Usage
		Usr 0 00:00:00, Sys 0 00:00:00  -  Total Local Usage
	160946  -  Run Bytes Sent By Job
	2247957  -  Run Bytes Received By Job
	160946  -  Total Bytes Sent By Job
	2247957  -  Total Bytes Received By Job
	Partitionable Resources :    Usage  Request Allocated 
	   Cpus                 :        0        1         1 
	   Disk (KB)            :     5209     2250   1639744 
	   Memory (MB)          :      206     2000      2000 
...
