000 (70945958.053.000) 03/28 21:58:27 Job submitted from host: <131.225.188.235:9618?addrs=131.225.188.235-9618&noUDP&sock=14994_371f_3>
...
001 (70945958.053.000) 03/28 22:00:05 Job executing on host: <131.225.191.69:9618?addrs=131.225.191.69-9618&noUDP&sock=1448_c939_3>
...
006 (70945958.053.000) 03/28 22:01:16 Image size of job updated: 28
	28  -  MemoryUsage of job (MB)
	29076  -  ResidentSetSize of job (KB)
...
006 (70945958.053.000) 03/28 22:02:17 Image size of job updated: 73
	73  -  MemoryUsage of job (MB)
	74756  -  ResidentSetSize of job (KB)
...
006 (70945958.053.000) 03/28 22:03:18 Image size of job updated: 170
	170  -  MemoryUsage of job (MB)
	174356  -  ResidentSetSize of job (KB)
...
006 (70945958.053.000) 03/28 22:04:19 Image size of job updated: 186
	186  -  MemoryUsage of job (MB)
	191148  -  ResidentSetSize of job (KB)
...
006 (70945958.053.000) 03/28 22:05:19 Image size of job updated: 195
	195  -  MemoryUsage of job (MB)
	199796  -  ResidentSetSize of job (KB)
...
005 (70945958.053.000) 03/28 22:05:24 Job terminated.
	(1) Normal termination (return value 0)
		Usr 0 00:03:09, Sys 0 00:00:11  -  Run Remote Usage
		Usr 0 00:00:00, Sys 0 00:00:00  -  Run Local Usage
		Usr 0 00:03:09, Sys 0 00:00:11  -  Total Remote Usage
		Usr 0 00:00:00, Sys 0 00:00:00  -  Total Local Usage
	153376  -  Run Bytes Sent By Job
	2247957  -  Run Bytes Received By Job
	153376  -  Total Bytes Sent By Job
	2247957  -  Total Bytes Received By Job
	Partitionable Resources :    Usage  Request Allocated 
	   Cpus                 :        0        1         1 
	   Disk (KB)            :     5202     2250    774178 
	   Memory (MB)          :      195     2000      2000 
...
