000 (70945958.093.000) 03/28 21:58:27 Job submitted from host: <131.225.188.235:9618?addrs=131.225.188.235-9618&noUDP&sock=14994_371f_3>
...
001 (70945958.093.000) 03/28 22:00:14 Job executing on host: <131.225.204.53:9618?addrs=131.225.204.53-9618&noUDP&sock=1188_729a_3>
...
006 (70945958.093.000) 03/28 22:00:22 Image size of job updated: 116
	116  -  MemoryUsage of job (MB)
	119392  -  ResidentSetSize of job (KB)
...
006 (70945958.093.000) 03/28 22:01:23 Image size of job updated: 165
	165  -  MemoryUsage of job (MB)
	169368  -  ResidentSetSize of job (KB)
...
006 (70945958.093.000) 03/28 22:02:24 Image size of job updated: 186
	186  -  MemoryUsage of job (MB)
	190940  -  ResidentSetSize of job (KB)
...
006 (70945958.093.000) 03/28 22:03:18 Image size of job updated: 189
	189  -  MemoryUsage of job (MB)
	193636  -  ResidentSetSize of job (KB)
...
005 (70945958.093.000) 03/28 22:03:19 Job terminated.
	(1) Normal termination (return value 0)
		Usr 0 00:02:33, Sys 0 00:00:06  -  Run Remote Usage
		Usr 0 00:00:00, Sys 0 00:00:00  -  Run Local Usage
		Usr 0 00:02:33, Sys 0 00:00:06  -  Total Remote Usage
		Usr 0 00:00:00, Sys 0 00:00:00  -  Total Local Usage
	152631  -  Run Bytes Sent By Job
	2247957  -  Run Bytes Received By Job
	152631  -  Total Bytes Sent By Job
	2247957  -  Total Bytes Received By Job
	Partitionable Resources :    Usage  Request Allocated 
	   Cpus                 :        0        1         1 
	   Disk (KB)            :     5200     2250    328583 
	   Memory (MB)          :      189     2000      2000 
...
