000 (70945958.060.000) 03/28 21:58:27 Job submitted from host: <131.225.188.235:9618?addrs=131.225.188.235-9618&noUDP&sock=14994_371f_3>
...
001 (70945958.060.000) 03/28 22:00:07 Job executing on host: <131.225.205.201:9618?addrs=131.225.205.201-9618&noUDP&sock=1478_5d11_3>
...
006 (70945958.060.000) 03/28 22:01:21 Image size of job updated: 39
	39  -  MemoryUsage of job (MB)
	40676  -  ResidentSetSize of job (KB)
...
006 (70945958.060.000) 03/28 22:02:21 Image size of job updated: 164
	164  -  MemoryUsage of job (MB)
	168444  -  ResidentSetSize of job (KB)
...
006 (70945958.060.000) 03/28 22:03:22 Image size of job updated: 172
	172  -  MemoryUsage of job (MB)
	176952  -  ResidentSetSize of job (KB)
...
006 (70945958.060.000) 03/28 22:04:23 Image size of job updated: 190
	190  -  MemoryUsage of job (MB)
	195424  -  ResidentSetSize of job (KB)
...
006 (70945958.060.000) 03/28 22:05:02 Image size of job updated: 192
	192  -  MemoryUsage of job (MB)
	196784  -  ResidentSetSize of job (KB)
...
005 (70945958.060.000) 03/28 22:05:03 Job terminated.
	(1) Normal termination (return value 0)
		Usr 0 00:03:30, Sys 0 00:00:10  -  Run Remote Usage
		Usr 0 00:00:00, Sys 0 00:00:00  -  Run Local Usage
		Usr 0 00:03:30, Sys 0 00:00:10  -  Total Remote Usage
		Usr 0 00:00:00, Sys 0 00:00:00  -  Total Local Usage
	152954  -  Run Bytes Sent By Job
	2247957  -  Run Bytes Received By Job
	152954  -  Total Bytes Sent By Job
	2247957  -  Total Bytes Received By Job
	Partitionable Resources :    Usage  Request Allocated 
	   Cpus                 :        0        1         1 
	   Disk (KB)            :     5201     2250   1638031 
	   Memory (MB)          :      192     2000      2000 
...
