000 (70945958.159.000) 03/28 21:58:27 Job submitted from host: <131.225.188.235:9618?addrs=131.225.188.235-9618&noUDP&sock=14994_371f_3>
...
001 (70945958.159.000) 03/28 22:00:35 Job executing on host: <131.225.205.156:9618?addrs=131.225.205.156-9618&noUDP&sock=1455_9663_3>
...
006 (70945958.159.000) 03/28 22:00:45 Image size of job updated: 5
	4  -  MemoryUsage of job (MB)
	4988  -  ResidentSetSize of job (KB)
...
006 (70945958.159.000) 03/28 22:01:45 Image size of job updated: 86
	86  -  MemoryUsage of job (MB)
	88680  -  ResidentSetSize of job (KB)
...
006 (70945958.159.000) 03/28 22:02:45 Image size of job updated: 171
	171  -  MemoryUsage of job (MB)
	175300  -  ResidentSetSize of job (KB)
...
006 (70945958.159.000) 03/28 22:03:46 Image size of job updated: 189
	189  -  MemoryUsage of job (MB)
	194348  -  ResidentSetSize of job (KB)
...
006 (70945958.159.000) 03/28 22:04:48 Image size of job updated: 191
	191  -  MemoryUsage of job (MB)
	196348  -  ResidentSetSize of job (KB)
...
005 (70945958.159.000) 03/28 22:04:53 Job terminated.
	(1) Normal termination (return value 0)
		Usr 0 00:03:19, Sys 0 00:00:11  -  Run Remote Usage
		Usr 0 00:00:00, Sys 0 00:00:00  -  Run Local Usage
		Usr 0 00:03:19, Sys 0 00:00:11  -  Total Remote Usage
		Usr 0 00:00:00, Sys 0 00:00:00  -  Total Local Usage
	153360  -  Run Bytes Sent By Job
	2247957  -  Run Bytes Received By Job
	153360  -  Total Bytes Sent By Job
	2247957  -  Total Bytes Received By Job
	Partitionable Resources :    Usage  Request Allocated 
	   Cpus                 :        0        1         1 
	   Disk (KB)            :     5202     2250   1635719 
	   Memory (MB)          :      191     2000      2000 
...
