000 (70945958.274.000) 03/28 21:58:27 Job submitted from host: <131.225.188.235:9618?addrs=131.225.188.235-9618&noUDP&sock=14994_371f_3>
...
001 (70945958.274.000) 03/28 22:01:06 Job executing on host: <131.225.191.191:9618?addrs=131.225.191.191-9618&noUDP&sock=1168_bab5_3>
...
006 (70945958.274.000) 03/28 22:02:15 Image size of job updated: 132
	132  -  MemoryUsage of job (MB)
	135744  -  ResidentSetSize of job (KB)
...
006 (70945958.274.000) 03/28 22:03:16 Image size of job updated: 168
	168  -  MemoryUsage of job (MB)
	172988  -  ResidentSetSize of job (KB)
...
006 (70945958.274.000) 03/28 22:04:17 Image size of job updated: 171
	171  -  MemoryUsage of job (MB)
	175344  -  ResidentSetSize of job (KB)
...
006 (70945958.274.000) 03/28 22:05:17 Image size of job updated: 172
	172  -  MemoryUsage of job (MB)
	176812  -  ResidentSetSize of job (KB)
...
006 (70945958.274.000) 03/28 22:06:17 Image size of job updated: 188
	188  -  MemoryUsage of job (MB)
	192740  -  ResidentSetSize of job (KB)
...
006 (70945958.274.000) 03/28 22:07:17 Image size of job updated: 191
	191  -  MemoryUsage of job (MB)
	196016  -  ResidentSetSize of job (KB)
...
006 (70945958.274.000) 03/28 22:08:17 Image size of job updated: 212
	212  -  MemoryUsage of job (MB)
	217444  -  ResidentSetSize of job (KB)
...
006 (70945958.274.000) 03/28 22:09:18 Image size of job updated: 212
	212  -  MemoryUsage of job (MB)
	217636  -  ResidentSetSize of job (KB)
...
006 (70945958.274.000) 03/28 22:10:19 Image size of job updated: 212
	212  -  MemoryUsage of job (MB)
	217748  -  ResidentSetSize of job (KB)
...
006 (70945958.274.000) 03/28 22:11:20 Image size of job updated: 214
	214  -  MemoryUsage of job (MB)
	219888  -  ResidentSetSize of job (KB)
...
006 (70945958.274.000) 03/28 22:12:21 Image size of job updated: 214
	214  -  MemoryUsage of job (MB)
	219984  -  ResidentSetSize of job (KB)
...
005 (70945958.274.000) 03/28 22:12:29 Job terminated.
	(1) Normal termination (return value 0)
		Usr 0 00:07:44, Sys 0 00:00:22  -  Run Remote Usage
		Usr 0 00:00:00, Sys 0 00:00:00  -  Run Local Usage
		Usr 0 00:07:44, Sys 0 00:00:22  -  Total Remote Usage
		Usr 0 00:00:00, Sys 0 00:00:00  -  Total Local Usage
	159875  -  Run Bytes Sent By Job
	2247957  -  Run Bytes Received By Job
	159875  -  Total Bytes Sent By Job
	2247957  -  Total Bytes Received By Job
	Partitionable Resources :    Usage  Request Allocated 
	   Cpus                 :     0.00        1         1 
	   Disk (KB)            :  5207        2250    304099 
	   Memory (MB)          :   214        2000      2000 
...
