000 (70945958.005.000) 03/28 21:58:27 Job submitted from host: <131.225.188.235:9618?addrs=131.225.188.235-9618&noUDP&sock=14994_371f_3>
...
001 (70945958.005.000) 03/28 21:59:56 Job executing on host: <131.225.206.159:9618?addrs=131.225.206.159-9618&noUDP&sock=1153_70c9_3>
...
006 (70945958.005.000) 03/28 22:00:05 Image size of job updated: 51
	51  -  MemoryUsage of job (MB)
	52800  -  ResidentSetSize of job (KB)
...
006 (70945958.005.000) 03/28 22:01:06 Image size of job updated: 166
	166  -  MemoryUsage of job (MB)
	170640  -  ResidentSetSize of job (KB)
...
006 (70945958.005.000) 03/28 22:02:07 Image size of job updated: 167
	167  -  MemoryUsage of job (MB)
	171556  -  ResidentSetSize of job (KB)
...
006 (70945958.005.000) 03/28 22:03:08 Image size of job updated: 191
	191  -  MemoryUsage of job (MB)
	196440  -  ResidentSetSize of job (KB)
...
006 (70945958.005.000) 03/28 22:03:24 Image size of job updated: 192
	192  -  MemoryUsage of job (MB)
	197276  -  ResidentSetSize of job (KB)
...
005 (70945958.005.000) 03/28 22:03:25 Job terminated.
	(1) Normal termination (return value 0)
		Usr 0 00:02:33, Sys 0 00:00:08  -  Run Remote Usage
		Usr 0 00:00:00, Sys 0 00:00:00  -  Run Local Usage
		Usr 0 00:02:33, Sys 0 00:00:08  -  Total Remote Usage
		Usr 0 00:00:00, Sys 0 00:00:00  -  Total Local Usage
	152689  -  Run Bytes Sent By Job
	2247957  -  Run Bytes Received By Job
	152689  -  Total Bytes Sent By Job
	2247957  -  Total Bytes Received By Job
	Partitionable Resources :    Usage  Request Allocated 
	   Cpus                 :        0        1         1 
	   Disk (KB)            :     5200     2250    318591 
	   Memory (MB)          :      192     2000      2000 
...
