000 (70945958.199.000) 03/28 21:58:27 Job submitted from host: <131.225.188.235:9618?addrs=131.225.188.235-9618&noUDP&sock=14994_371f_3>
...
001 (70945958.199.000) 03/28 22:00:45 Job executing on host: <131.225.206.39:9618?addrs=131.225.206.39-9618&noUDP&sock=1159_8e5a_3>
...
006 (70945958.199.000) 03/28 22:01:54 Image size of job updated: 116
	116  -  MemoryUsage of job (MB)
	119604  -  ResidentSetSize of job (KB)
...
006 (70945958.199.000) 03/28 22:02:54 Image size of job updated: 137
	137  -  MemoryUsage of job (MB)
	140592  -  ResidentSetSize of job (KB)
...
006 (70945958.199.000) 03/28 22:03:55 Image size of job updated: 168
	168  -  MemoryUsage of job (MB)
	172328  -  ResidentSetSize of job (KB)
...
006 (70945958.199.000) 03/28 22:04:55 Image size of job updated: 170
	170  -  MemoryUsage of job (MB)
	174224  -  ResidentSetSize of job (KB)
...
006 (70945958.199.000) 03/28 22:05:55 Image size of job updated: 178
	178  -  MemoryUsage of job (MB)
	182684  -  ResidentSetSize of job (KB)
...
006 (70945958.199.000) 03/28 22:06:55 Image size of job updated: 179
	179  -  MemoryUsage of job (MB)
	184100  -  ResidentSetSize of job (KB)
...
006 (70945958.199.000) 03/28 22:07:55 Image size of job updated: 186
	186  -  MemoryUsage of job (MB)
	191300  -  ResidentSetSize of job (KB)
...
006 (70945958.199.000) 03/28 22:08:55 Image size of job updated: 207
	207  -  MemoryUsage of job (MB)
	212052  -  ResidentSetSize of job (KB)
...
006 (70945958.199.000) 03/28 22:09:56 Image size of job updated: 207
	207  -  MemoryUsage of job (MB)
	212216  -  ResidentSetSize of job (KB)
...
006 (70945958.199.000) 03/28 22:10:57 Image size of job updated: 207
	207  -  MemoryUsage of job (MB)
	212372  -  ResidentSetSize of job (KB)
...
006 (70945958.199.000) 03/28 22:11:58 Image size of job updated: 207
	207  -  MemoryUsage of job (MB)
	212460  -  ResidentSetSize of job (KB)
...
006 (70945958.199.000) 03/28 22:12:59 Image size of job updated: 209
	209  -  MemoryUsage of job (MB)
	214764  -  ResidentSetSize of job (KB)
...
006 (70945958.199.000) 03/28 22:13:15 Image size of job updated: 209
	209  -  MemoryUsage of job (MB)
	214804  -  ResidentSetSize of job (KB)
...
005 (70945958.199.000) 03/28 22:13:16 Job terminated.
	(1) Normal termination (return value 0)
		Usr 0 00:07:34, Sys 0 00:00:28  -  Run Remote Usage
		Usr 0 00:00:00, Sys 0 00:00:00  -  Run Local Usage
		Usr 0 00:07:34, Sys 0 00:00:28  -  Total Remote Usage
		Usr 0 00:00:00, Sys 0 00:00:00  -  Total Local Usage
	160698  -  Run Bytes Sent By Job
	2247957  -  Run Bytes Received By Job
	160698  -  Total Bytes Sent By Job
	2247957  -  Total Bytes Received By Job
	Partitionable Resources :    Usage  Request Allocated 
	   Cpus                 :        0        1         1 
	   Disk (KB)            :     5208     2250    331936 
	   Memory (MB)          :      209     2000      2000 
...
