000 (70945958.057.000) 03/28 21:58:27 Job submitted from host: <131.225.188.235:9618?addrs=131.225.188.235-9618&noUDP&sock=14994_371f_3>
...
001 (70945958.057.000) 03/28 22:00:08 Job executing on host: <131.225.205.166:9618?addrs=131.225.205.166-9618&noUDP&sock=1459_54c4_3>
...
006 (70945958.057.000) 03/28 22:01:17 Image size of job updated: 163
	163  -  MemoryUsage of job (MB)
	167784  -  ResidentSetSize of job (KB)
...
006 (70945958.057.000) 03/28 22:02:17 Image size of job updated: 166
	166  -  MemoryUsage of job (MB)
	170020  -  ResidentSetSize of job (KB)
...
006 (70945958.057.000) 03/28 22:03:18 Image size of job updated: 190
	190  -  MemoryUsage of job (MB)
	194640  -  ResidentSetSize of job (KB)
...
006 (70945958.057.000) 03/28 22:04:19 Image size of job updated: 192
	192  -  MemoryUsage of job (MB)
	196652  -  ResidentSetSize of job (KB)
...
005 (70945958.057.000) 03/28 22:04:20 Job terminated.
	(1) Normal termination (return value 0)
		Usr 0 00:03:33, Sys 0 00:00:09  -  Run Remote Usage
		Usr 0 00:00:00, Sys 0 00:00:00  -  Run Local Usage
		Usr 0 00:03:33, Sys 0 00:00:09  -  Total Remote Usage
		Usr 0 00:00:00, Sys 0 00:00:00  -  Total Local Usage
	153029  -  Run Bytes Sent By Job
	2247957  -  Run Bytes Received By Job
	153029  -  Total Bytes Sent By Job
	2247957  -  Total Bytes Received By Job
	Partitionable Resources :    Usage  Request Allocated 
	   Cpus                 :        0        1         1 
	   Disk (KB)            :     5201     2250   1643064 
	   Memory (MB)          :      192     2000      2000 
...
