000 (70945958.146.000) 03/28 21:58:27 Job submitted from host: <131.225.188.235:9618?addrs=131.225.188.235-9618&noUDP&sock=14994_371f_3>
...
001 (70945958.146.000) 03/28 22:00:30 Job executing on host: <131.225.205.203:9618?addrs=131.225.205.203-9618&noUDP&sock=1478_5d11_3>
...
006 (70945958.146.000) 03/28 22:01:42 Image size of job updated: 132
	132  -  MemoryUsage of job (MB)
	135752  -  ResidentSetSize of job (KB)
...
006 (70945958.146.000) 03/28 22:02:42 Image size of job updated: 165
	165  -  MemoryUsage of job (MB)
	169244  -  ResidentSetSize of job (KB)
...
006 (70945958.146.000) 03/28 22:03:42 Image size of job updated: 166
	166  -  MemoryUsage of job (MB)
	170708  -  ResidentSetSize of job (KB)
...
006 (70945958.146.000) 03/28 22:04:42 Image size of job updated: 196
	196  -  MemoryUsage of job (MB)
	201452  -  ResidentSetSize of job (KB)
...
006 (70945958.146.000) 03/28 22:05:22 Image size of job updated: 198
	198  -  MemoryUsage of job (MB)
	202812  -  ResidentSetSize of job (KB)
...
005 (70945958.146.000) 03/28 22:05:23 Job terminated.
	(1) Normal termination (return value 0)
		Usr 0 00:03:24, Sys 0 00:00:10  -  Run Remote Usage
		Usr 0 00:00:00, Sys 0 00:00:00  -  Run Local Usage
		Usr 0 00:03:24, Sys 0 00:00:10  -  Total Remote Usage
		Usr 0 00:00:00, Sys 0 00:00:00  -  Total Local Usage
	153651  -  Run Bytes Sent By Job
	2247957  -  Run Bytes Received By Job
	153651  -  Total Bytes Sent By Job
	2247957  -  Total Bytes Received By Job
	Partitionable Resources :    Usage  Request Allocated 
	   Cpus                 :        0        1         1 
	   Disk (KB)            :     5202     2250   1694239 
	   Memory (MB)          :      198     2000      2000 
...
