000 (70945958.096.000) 03/28 21:58:27 Job submitted from host: <131.225.188.235:9618?addrs=131.225.188.235-9618&noUDP&sock=14994_371f_3>
...
001 (70945958.096.000) 03/28 22:00:14 Job executing on host: <131.225.206.184:9618?addrs=131.225.206.184-9618&noUDP&sock=1152_c131_3>
...
006 (70945958.096.000) 03/28 22:01:23 Image size of job updated: 163
	163  -  MemoryUsage of job (MB)
	167852  -  ResidentSetSize of job (KB)
...
006 (70945958.096.000) 03/28 22:02:24 Image size of job updated: 174
	174  -  MemoryUsage of job (MB)
	178664  -  ResidentSetSize of job (KB)
...
006 (70945958.096.000) 03/28 22:03:24 Image size of job updated: 194
	194  -  MemoryUsage of job (MB)
	198984  -  ResidentSetSize of job (KB)
...
005 (70945958.096.000) 03/28 22:03:30 Job terminated.
	(1) Normal termination (return value 0)
		Usr 0 00:02:26, Sys 0 00:00:06  -  Run Remote Usage
		Usr 0 00:00:00, Sys 0 00:00:00  -  Run Local Usage
		Usr 0 00:02:26, Sys 0 00:00:06  -  Total Remote Usage
		Usr 0 00:00:00, Sys 0 00:00:00  -  Total Local Usage
	153026  -  Run Bytes Sent By Job
	2247957  -  Run Bytes Received By Job
	153026  -  Total Bytes Sent By Job
	2247957  -  Total Bytes Received By Job
	Partitionable Resources :    Usage  Request Allocated 
	   Cpus                 :     0.00        1         1 
	   Disk (KB)            :  5201        2250    312436 
	   Memory (MB)          :   194        2000      2000 
...
