000 (70945958.138.000) 03/28 21:58:27 Job submitted from host: <131.225.188.235:9618?addrs=131.225.188.235-9618&noUDP&sock=14994_371f_3>
...
001 (70945958.138.000) 03/28 22:00:28 Job executing on host: <131.225.205.211:9618?addrs=131.225.205.211-9618&noUDP&sock=1485_2a3a_3>
...
006 (70945958.138.000) 03/28 22:01:38 Image size of job updated: 38
	38  -  MemoryUsage of job (MB)
	39652  -  ResidentSetSize of job (KB)
...
006 (70945958.138.000) 03/28 22:02:38 Image size of job updated: 148
	148  -  MemoryUsage of job (MB)
	151664  -  ResidentSetSize of job (KB)
...
006 (70945958.138.000) 03/28 22:03:39 Image size of job updated: 168
	168  -  MemoryUsage of job (MB)
	172704  -  ResidentSetSize of job (KB)
...
006 (70945958.138.000) 03/28 22:04:40 Image size of job updated: 170
	170  -  MemoryUsage of job (MB)
	174612  -  ResidentSetSize of job (KB)
...
006 (70945958.138.000) 03/28 22:05:41 Image size of job updated: 176
	176  -  MemoryUsage of job (MB)
	180892  -  ResidentSetSize of job (KB)
...
006 (70945958.138.000) 03/28 22:06:41 Image size of job updated: 179
	179  -  MemoryUsage of job (MB)
	184080  -  ResidentSetSize of job (KB)
...
006 (70945958.138.000) 03/28 22:07:41 Image size of job updated: 186
	186  -  MemoryUsage of job (MB)
	191476  -  ResidentSetSize of job (KB)
...
006 (70945958.138.000) 03/28 22:08:41 Image size of job updated: 207
	207  -  MemoryUsage of job (MB)
	212960  -  ResidentSetSize of job (KB)
...
006 (70945958.138.000) 03/28 22:09:42 Image size of job updated: 208
	208  -  MemoryUsage of job (MB)
	213156  -  ResidentSetSize of job (KB)
...
006 (70945958.138.000) 03/28 22:10:43 Image size of job updated: 208
	208  -  MemoryUsage of job (MB)
	213272  -  ResidentSetSize of job (KB)
...
006 (70945958.138.000) 03/28 22:11:44 Image size of job updated: 208
	208  -  MemoryUsage of job (MB)
	213404  -  ResidentSetSize of job (KB)
...
006 (70945958.138.000) 03/28 22:12:44 Image size of job updated: 208
	208  -  MemoryUsage of job (MB)
	213860  -  ResidentSetSize of job (KB)
...
005 (70945958.138.000) 03/28 22:13:25 Job terminated.
	(1) Normal termination (return value 0)
		Usr 0 00:10:16, Sys 0 00:00:27  -  Run Remote Usage
		Usr 0 00:00:00, Sys 0 00:00:00  -  Run Local Usage
		Usr 0 00:10:16, Sys 0 00:00:27  -  Total Remote Usage
		Usr 0 00:00:00, Sys 0 00:00:00  -  Total Local Usage
	159287  -  Run Bytes Sent By Job
	2247957  -  Run Bytes Received By Job
	159287  -  Total Bytes Sent By Job
	2247957  -  Total Bytes Received By Job
	Partitionable Resources :    Usage  Request Allocated 
	   Cpus                 :     0.00        1         1 
	   Disk (KB)            :  5207        2250   1684100 
	   Memory (MB)          :     4        2000      2000 
...
