000 (70945958.147.000) 03/28 21:58:27 Job submitted from host: <131.225.188.235:9618?addrs=131.225.188.235-9618&noUDP&sock=14994_371f_3>
...
001 (70945958.147.000) 03/28 22:00:31 Job executing on host: <131.225.205.155:9618?addrs=131.225.205.155-9618&noUDP&sock=1452_879a_3>
...
006 (70945958.147.000) 03/28 22:01:41 Image size of job updated: 71
	71  -  MemoryUsage of job (MB)
	73640  -  ResidentSetSize of job (KB)
...
006 (70945958.147.000) 03/28 22:02:42 Image size of job updated: 165
	165  -  MemoryUsage of job (MB)
	169240  -  ResidentSetSize of job (KB)
...
006 (70945958.147.000) 03/28 22:03:42 Image size of job updated: 186
	186  -  MemoryUsage of job (MB)
	190708  -  ResidentSetSize of job (KB)
...
006 (70945958.147.000) 03/28 22:04:42 Image size of job updated: 187
	187  -  MemoryUsage of job (MB)
	192080  -  ResidentSetSize of job (KB)
...
005 (70945958.147.000) 03/28 22:05:07 Job terminated.
	(1) Normal termination (return value 0)
		Usr 0 00:03:31, Sys 0 00:00:11  -  Run Remote Usage
		Usr 0 00:00:00, Sys 0 00:00:00  -  Run Local Usage
		Usr 0 00:03:31, Sys 0 00:00:11  -  Total Remote Usage
		Usr 0 00:00:00, Sys 0 00:00:00  -  Total Local Usage
	153850  -  Run Bytes Sent By Job
	2247957  -  Run Bytes Received By Job
	153850  -  Total Bytes Sent By Job
	2247957  -  Total Bytes Received By Job
	Partitionable Resources :    Usage  Request Allocated 
	   Cpus                 :     0.00        1         1 
	   Disk (KB)            :  5202        2250   1644391 
	   Memory (MB)          :     3        2000      2000 
...
