000 (70945958.281.000) 03/28 21:58:27 Job submitted from host: <131.225.188.235:9618?addrs=131.225.188.235-9618&noUDP&sock=14994_371f_3>
...
001 (70945958.281.000) 03/28 22:01:10 Job executing on host: <131.225.191.226:9618?addrs=131.225.191.226-9618&noUDP&sock=1473_ef17_3>
...
006 (70945958.281.000) 03/28 22:02:20 Image size of job updated: 116
	116  -  MemoryUsage of job (MB)
	119372  -  ResidentSetSize of job (KB)
...
006 (70945958.281.000) 03/28 22:03:20 Image size of job updated: 148
	148  -  MemoryUsage of job (MB)
	152116  -  ResidentSetSize of job (KB)
...
006 (70945958.281.000) 03/28 22:05:20 Image size of job updated: 167
	167  -  MemoryUsage of job (MB)
	171520  -  ResidentSetSize of job (KB)
...
006 (70945958.281.000) 03/28 22:06:21 Image size of job updated: 169
	169  -  MemoryUsage of job (MB)
	173520  -  ResidentSetSize of job (KB)
...
006 (70945958.281.000) 03/28 22:07:22 Image size of job updated: 177
	177  -  MemoryUsage of job (MB)
	181844  -  ResidentSetSize of job (KB)
...
006 (70945958.281.000) 03/28 22:08:23 Image size of job updated: 179
	179  -  MemoryUsage of job (MB)
	183652  -  ResidentSetSize of job (KB)
...
006 (70945958.281.000) 03/28 22:09:23 Image size of job updated: 179
	179  -  MemoryUsage of job (MB)
	183932  -  ResidentSetSize of job (KB)
...
006 (70945958.281.000) 03/28 22:10:23 Image size of job updated: 186
	186  -  MemoryUsage of job (MB)
	191260  -  ResidentSetSize of job (KB)
...
006 (70945958.281.000) 03/28 22:11:24 Image size of job updated: 207
	207  -  MemoryUsage of job (MB)
	212604  -  ResidentSetSize of job (KB)
...
006 (70945958.281.000) 03/28 22:12:24 Image size of job updated: 207
	207  -  MemoryUsage of job (MB)
	212744  -  ResidentSetSize of job (KB)
...
006 (70945958.281.000) 03/28 22:13:25 Image size of job updated: 207
	207  -  MemoryUsage of job (MB)
	212876  -  ResidentSetSize of job (KB)
...
006 (70945958.281.000) 03/28 22:14:26 Image size of job updated: 207
	207  -  MemoryUsage of job (MB)
	212976  -  ResidentSetSize of job (KB)
...
006 (70945958.281.000) 03/28 22:15:27 Image size of job updated: 208
	208  -  MemoryUsage of job (MB)
	213080  -  ResidentSetSize of job (KB)
...
006 (70945958.281.000) 03/28 22:16:27 Image size of job updated: 208
	208  -  MemoryUsage of job (MB)
	213512  -  ResidentSetSize of job (KB)
...
006 (70945958.281.000) 03/28 22:17:02 Image size of job updated: 208
	208  -  MemoryUsage of job (MB)
	213616  -  ResidentSetSize of job (KB)
...
005 (70945958.281.000) 03/28 22:17:03 Job terminated.
	(1) Normal termination (return value 0)
		Usr 0 00:10:06, Sys 0 00:00:40  -  Run Remote Usage
		Usr 0 00:00:00, Sys 0 00:00:00  -  Run Local Usage
		Usr 0 00:10:06, Sys 0 00:00:40  -  Total Remote Usage
		Usr 0 00:00:00, Sys 0 00:00:00  -  Total Local Usage
	168026  -  Run Bytes Sent By Job
	2247957  -  Run Bytes Received By Job
	168026  -  Total Bytes Sent By Job
	2247957  -  Total Bytes Received By Job
	Partitionable Resources :    Usage  Request Allocated 
	   Cpus                 :        0        1         1 
	   Disk (KB)            :     5217     2250    773271 
	   Memory (MB)          :      208     2000      2000 
...
