000 (70945958.209.000) 03/28 21:58:27 Job submitted from host: <131.225.188.235:9618?addrs=131.225.188.235-9618&noUDP&sock=14994_371f_3>
...
001 (70945958.209.000) 03/28 22:00:47 Job executing on host: <131.225.206.9:9618?addrs=131.225.206.9-9618&noUDP&sock=1160_3df3_3>
...
006 (70945958.209.000) 03/28 22:00:55 Image size of job updated: 5
	4  -  MemoryUsage of job (MB)
	4460  -  ResidentSetSize of job (KB)
...
006 (70945958.209.000) 03/28 22:03:58 Image size of job updated: 92
	92  -  MemoryUsage of job (MB)
	94468  -  ResidentSetSize of job (KB)
...
006 (70945958.209.000) 03/28 22:04:58 Image size of job updated: 169
	169  -  MemoryUsage of job (MB)
	173364  -  ResidentSetSize of job (KB)
...
006 (70945958.209.000) 03/28 22:05:58 Image size of job updated: 173
	173  -  MemoryUsage of job (MB)
	177244  -  ResidentSetSize of job (KB)
...
006 (70945958.209.000) 03/28 22:06:58 Image size of job updated: 174
	174  -  MemoryUsage of job (MB)
	178820  -  ResidentSetSize of job (KB)
...
006 (70945958.209.000) 03/28 22:07:58 Image size of job updated: 212
	212  -  MemoryUsage of job (MB)
	218068  -  ResidentSetSize of job (KB)
...
006 (70945958.209.000) 03/28 22:08:59 Image size of job updated: 213
	213  -  MemoryUsage of job (MB)
	218416  -  ResidentSetSize of job (KB)
...
006 (70945958.209.000) 03/28 22:10:00 Image size of job updated: 213
	213  -  MemoryUsage of job (MB)
	218520  -  ResidentSetSize of job (KB)
...
006 (70945958.209.000) 03/28 22:11:01 Image size of job updated: 214
	214  -  MemoryUsage of job (MB)
	219548  -  ResidentSetSize of job (KB)
...
006 (70945958.209.000) 03/28 22:12:03 Image size of job updated: 214
	214  -  MemoryUsage of job (MB)
	219700  -  ResidentSetSize of job (KB)
...
005 (70945958.209.000) 03/28 22:12:07 Job terminated.
	(1) Normal termination (return value 0)
		Usr 0 00:07:28, Sys 0 00:00:24  -  Run Remote Usage
		Usr 0 00:00:00, Sys 0 00:00:00  -  Run Local Usage
		Usr 0 00:07:28, Sys 0 00:00:24  -  Total Remote Usage
		Usr 0 00:00:00, Sys 0 00:00:00  -  Total Local Usage
	158877  -  Run Bytes Sent By Job
	2247957  -  Run Bytes Received By Job
	158877  -  Total Bytes Sent By Job
	2247957  -  Total Bytes Received By Job
	Partitionable Resources :    Usage  Request Allocated 
	   Cpus                 :        0        1         1 
	   Disk (KB)            :     5206     2250    306898 
	   Memory (MB)          :      214     2000      2000 
...
