000 (70945958.200.000) 03/28 21:58:27 Job submitted from host: <131.225.188.235:9618?addrs=131.225.188.235-9618&noUDP&sock=14994_371f_3>
...
001 (70945958.200.000) 03/28 22:00:43 Job executing on host: <131.225.206.94:9618?addrs=131.225.206.94-9618&noUDP&sock=1159_8e5a_3>
...
006 (70945958.200.000) 03/28 22:01:53 Image size of job updated: 132
	132  -  MemoryUsage of job (MB)
	135748  -  ResidentSetSize of job (KB)
...
006 (70945958.200.000) 03/28 22:02:54 Image size of job updated: 167
	167  -  MemoryUsage of job (MB)
	171716  -  ResidentSetSize of job (KB)
...
006 (70945958.200.000) 03/28 22:03:55 Image size of job updated: 169
	169  -  MemoryUsage of job (MB)
	173936  -  ResidentSetSize of job (KB)
...
006 (70945958.200.000) 03/28 22:04:56 Image size of job updated: 171
	171  -  MemoryUsage of job (MB)
	175544  -  ResidentSetSize of job (KB)
...
006 (70945958.200.000) 03/28 22:05:58 Image size of job updated: 173
	173  -  MemoryUsage of job (MB)
	177648  -  ResidentSetSize of job (KB)
...
006 (70945958.200.000) 03/28 22:06:58 Image size of job updated: 186
	186  -  MemoryUsage of job (MB)
	190756  -  ResidentSetSize of job (KB)
...
006 (70945958.200.000) 03/28 22:07:58 Image size of job updated: 204
	204  -  MemoryUsage of job (MB)
	209884  -  ResidentSetSize of job (KB)
...
006 (70945958.200.000) 03/28 22:08:58 Image size of job updated: 205
	205  -  MemoryUsage of job (MB)
	210156  -  ResidentSetSize of job (KB)
...
006 (70945958.200.000) 03/28 22:09:58 Image size of job updated: 205
	205  -  MemoryUsage of job (MB)
	210664  -  ResidentSetSize of job (KB)
...
006 (70945958.200.000) 03/28 22:10:58 Image size of job updated: 205
	205  -  MemoryUsage of job (MB)
	210812  -  ResidentSetSize of job (KB)
...
006 (70945958.200.000) 03/28 22:11:59 Image size of job updated: 207
	207  -  MemoryUsage of job (MB)
	212620  -  ResidentSetSize of job (KB)
...
005 (70945958.200.000) 03/28 22:12:16 Job terminated.
	(1) Normal termination (return value 0)
		Usr 0 00:07:35, Sys 0 00:00:25  -  Run Remote Usage
		Usr 0 00:00:00, Sys 0 00:00:00  -  Run Local Usage
		Usr 0 00:07:35, Sys 0 00:00:25  -  Total Remote Usage
		Usr 0 00:00:00, Sys 0 00:00:00  -  Total Local Usage
	161570  -  Run Bytes Sent By Job
	2247957  -  Run Bytes Received By Job
	161570  -  Total Bytes Sent By Job
	2247957  -  Total Bytes Received By Job
	Partitionable Resources :    Usage  Request Allocated 
	   Cpus                 :        0        1         1 
	   Disk (KB)            :     5209     2250    308723 
	   Memory (MB)          :      207     2000      2000 
...
