000 (70945958.106.000) 03/28 21:58:27 Job submitted from host: <131.225.188.235:9618?addrs=131.225.188.235-9618&noUDP&sock=14994_371f_3>
...
001 (70945958.106.000) 03/28 22:00:17 Job executing on host: <131.225.206.28:9618?addrs=131.225.206.28-9618&noUDP&sock=1157_2f2a_3>
...
006 (70945958.106.000) 03/28 22:01:26 Image size of job updated: 163
	163  -  MemoryUsage of job (MB)
	167912  -  ResidentSetSize of job (KB)
...
006 (70945958.106.000) 03/28 22:02:27 Image size of job updated: 166
	166  -  MemoryUsage of job (MB)
	170008  -  ResidentSetSize of job (KB)
...
006 (70945958.106.000) 03/28 22:03:28 Image size of job updated: 186
	186  -  MemoryUsage of job (MB)
	190856  -  ResidentSetSize of job (KB)
...
006 (70945958.106.000) 03/28 22:03:50 Image size of job updated: 187
	187  -  MemoryUsage of job (MB)
	191784  -  ResidentSetSize of job (KB)
...
005 (70945958.106.000) 03/28 22:03:51 Job terminated.
	(1) Normal termination (return value 0)
		Usr 0 00:02:29, Sys 0 00:00:05  -  Run Remote Usage
		Usr 0 00:00:00, Sys 0 00:00:00  -  Run Local Usage
		Usr 0 00:02:29, Sys 0 00:00:05  -  Total Remote Usage
		Usr 0 00:00:00, Sys 0 00:00:00  -  Total Local Usage
	152718  -  Run Bytes Sent By Job
	2247957  -  Run Bytes Received By Job
	152718  -  Total Bytes Sent By Job
	2247957  -  Total Bytes Received By Job
	Partitionable Resources :    Usage  Request Allocated 
	   Cpus                 :        0        1         1 
	   Disk (KB)            :     5200     2250    316693 
	   Memory (MB)          :      187     2000      2000 
...
