000 (70945958.207.000) 03/28 21:58:27 Job submitted from host: <131.225.188.235:9618?addrs=131.225.188.235-9618&noUDP&sock=14994_371f_3>
...
001 (70945958.207.000) 03/28 22:00:46 Job executing on host: <131.225.206.230:9618?addrs=131.225.206.230-9618&noUDP&sock=1149_b268_3>
...
006 (70945958.207.000) 03/28 22:01:59 Image size of job updated: 116
	116  -  MemoryUsage of job (MB)
	119504  -  ResidentSetSize of job (KB)
...
006 (70945958.207.000) 03/28 22:02:59 Image size of job updated: 174
	174  -  MemoryUsage of job (MB)
	178932  -  ResidentSetSize of job (KB)
...
006 (70945958.207.000) 03/28 22:04:00 Image size of job updated: 176
	176  -  MemoryUsage of job (MB)
	180808  -  ResidentSetSize of job (KB)
...
006 (70945958.207.000) 03/28 22:05:01 Image size of job updated: 178
	178  -  MemoryUsage of job (MB)
	183104  -  ResidentSetSize of job (KB)
...
006 (70945958.207.000) 03/28 22:06:02 Image size of job updated: 186
	186  -  MemoryUsage of job (MB)
	191368  -  ResidentSetSize of job (KB)
...
006 (70945958.207.000) 03/28 22:07:03 Image size of job updated: 207
	207  -  MemoryUsage of job (MB)
	212220  -  ResidentSetSize of job (KB)
...
006 (70945958.207.000) 03/28 22:08:03 Image size of job updated: 209
	209  -  MemoryUsage of job (MB)
	214488  -  ResidentSetSize of job (KB)
...
006 (70945958.207.000) 03/28 22:09:03 Image size of job updated: 209
	209  -  MemoryUsage of job (MB)
	214648  -  ResidentSetSize of job (KB)
...
006 (70945958.207.000) 03/28 22:10:03 Image size of job updated: 209
	209  -  MemoryUsage of job (MB)
	214808  -  ResidentSetSize of job (KB)
...
006 (70945958.207.000) 03/28 22:10:50 Image size of job updated: 209
	209  -  MemoryUsage of job (MB)
	214908  -  ResidentSetSize of job (KB)
...
005 (70945958.207.000) 03/28 22:10:50 Job terminated.
	(1) Normal termination (return value 0)
		Usr 0 00:07:31, Sys 0 00:00:25  -  Run Remote Usage
		Usr 0 00:00:00, Sys 0 00:00:00  -  Run Local Usage
		Usr 0 00:07:31, Sys 0 00:00:25  -  Total Remote Usage
		Usr 0 00:00:00, Sys 0 00:00:00  -  Total Local Usage
	160119  -  Run Bytes Sent By Job
	2247957  -  Run Bytes Received By Job
	160119  -  Total Bytes Sent By Job
	2247957  -  Total Bytes Received By Job
	Partitionable Resources :    Usage  Request Allocated 
	   Cpus                 :     0.00        1         1 
	   Disk (KB)            :  5207        2250    321863 
	   Memory (MB)          :   209        2000      2000 
...
