000 (70945958.102.000) 03/28 21:58:27 Job submitted from host: <131.225.188.235:9618?addrs=131.225.188.235-9618&noUDP&sock=14994_371f_3>
...
001 (70945958.102.000) 03/28 22:00:15 Job executing on host: <131.225.206.38:9618?addrs=131.225.206.38-9618&noUDP&sock=1152_c131_3>
...
006 (70945958.102.000) 03/28 22:00:24 Image size of job updated: 22
	22  -  MemoryUsage of job (MB)
	22640  -  ResidentSetSize of job (KB)
...
006 (70945958.102.000) 03/28 22:01:24 Image size of job updated: 163
	163  -  MemoryUsage of job (MB)
	167728  -  ResidentSetSize of job (KB)
...
006 (70945958.102.000) 03/28 22:02:24 Image size of job updated: 166
	166  -  MemoryUsage of job (MB)
	170804  -  ResidentSetSize of job (KB)
...
006 (70945958.102.000) 03/28 22:03:24 Image size of job updated: 197
	197  -  MemoryUsage of job (MB)
	202272  -  ResidentSetSize of job (KB)
...
005 (70945958.102.000) 03/28 22:03:28 Job terminated.
	(1) Normal termination (return value 0)
		Usr 0 00:02:24, Sys 0 00:00:07  -  Run Remote Usage
		Usr 0 00:00:00, Sys 0 00:00:00  -  Run Local Usage
		Usr 0 00:02:24, Sys 0 00:00:07  -  Total Remote Usage
		Usr 0 00:00:00, Sys 0 00:00:00  -  Total Local Usage
	153414  -  Run Bytes Sent By Job
	2247957  -  Run Bytes Received By Job
	153414  -  Total Bytes Sent By Job
	2247957  -  Total Bytes Received By Job
	Partitionable Resources :    Usage  Request Allocated 
	   Cpus                 :     0.00        1         1 
	   Disk (KB)            :  5201        2250    323002 
	   Memory (MB)          :   197        2000      2000 
...
