000 (70945958.117.000) 03/28 21:58:27 Job submitted from host: <131.225.188.235:9618?addrs=131.225.188.235-9618&noUDP&sock=14994_371f_3>
...
001 (70945958.117.000) 03/28 22:00:23 Job executing on host: <131.225.191.137:9618?addrs=131.225.191.137-9618&noUDP&sock=1161_ed8b_3>
...
006 (70945958.117.000) 03/28 22:01:34 Image size of job updated: 116
	116  -  MemoryUsage of job (MB)
	119396  -  ResidentSetSize of job (KB)
...
006 (70945958.117.000) 03/28 22:02:34 Image size of job updated: 132
	132  -  MemoryUsage of job (MB)
	135756  -  ResidentSetSize of job (KB)
...
006 (70945958.117.000) 03/28 22:03:34 Image size of job updated: 148
	148  -  MemoryUsage of job (MB)
	152116  -  ResidentSetSize of job (KB)
...
006 (70945958.117.000) 03/28 22:04:34 Image size of job updated: 168
	168  -  MemoryUsage of job (MB)
	172340  -  ResidentSetSize of job (KB)
...
006 (70945958.117.000) 03/28 22:05:35 Image size of job updated: 169
	169  -  MemoryUsage of job (MB)
	173940  -  ResidentSetSize of job (KB)
...
006 (70945958.117.000) 03/28 22:06:36 Image size of job updated: 171
	171  -  MemoryUsage of job (MB)
	175928  -  ResidentSetSize of job (KB)
...
006 (70945958.117.000) 03/28 22:07:37 Image size of job updated: 173
	173  -  MemoryUsage of job (MB)
	177816  -  ResidentSetSize of job (KB)
...
006 (70945958.117.000) 03/28 22:08:37 Image size of job updated: 187
	187  -  MemoryUsage of job (MB)
	191540  -  ResidentSetSize of job (KB)
...
006 (70945958.117.000) 03/28 22:09:37 Image size of job updated: 205
	205  -  MemoryUsage of job (MB)
	210844  -  ResidentSetSize of job (KB)
...
006 (70945958.117.000) 03/28 22:10:37 Image size of job updated: 206
	206  -  MemoryUsage of job (MB)
	211052  -  ResidentSetSize of job (KB)
...
006 (70945958.117.000) 03/28 22:11:37 Image size of job updated: 206
	206  -  MemoryUsage of job (MB)
	211188  -  ResidentSetSize of job (KB)
...
006 (70945958.117.000) 03/28 22:12:37 Image size of job updated: 206
	206  -  MemoryUsage of job (MB)
	211320  -  ResidentSetSize of job (KB)
...
006 (70945958.117.000) 03/28 22:13:38 Image size of job updated: 206
	206  -  MemoryUsage of job (MB)
	211768  -  ResidentSetSize of job (KB)
...
005 (70945958.117.000) 03/28 22:13:49 Job terminated.
	(1) Normal termination (return value 0)
		Usr 0 00:07:45, Sys 0 00:00:26  -  Run Remote Usage
		Usr 0 00:00:00, Sys 0 00:00:00  -  Run Local Usage
		Usr 0 00:07:45, Sys 0 00:00:26  -  Total Remote Usage
		Usr 0 00:00:00, Sys 0 00:00:00  -  Total Local Usage
	164910  -  Run Bytes Sent By Job
	2247957  -  Run Bytes Received By Job
	164910  -  Total Bytes Sent By Job
	2247957  -  Total Bytes Received By Job
	Partitionable Resources :    Usage  Request Allocated 
	   Cpus                 :        0        1         1 
	   Disk (KB)            :     5212     2250    320098 
	   Memory (MB)          :      206     2000      2000 
...
