000 (70945958.016.000) 03/28 21:58:27 Job submitted from host: <131.225.188.235:9618?addrs=131.225.188.235-9618&noUDP&sock=14994_371f_3>
...
001 (70945958.016.000) 03/28 21:59:56 Job executing on host: <131.225.191.181:9618?addrs=131.225.191.181-9618&noUDP&sock=1170_19e5_3>
...
006 (70945958.016.000) 03/28 22:00:05 Image size of job updated: 33
	33  -  MemoryUsage of job (MB)
	34760  -  ResidentSetSize of job (KB)
...
006 (70945958.016.000) 03/28 22:01:07 Image size of job updated: 164
	164  -  MemoryUsage of job (MB)
	168760  -  ResidentSetSize of job (KB)
...
006 (70945958.016.000) 03/28 22:02:07 Image size of job updated: 165
	165  -  MemoryUsage of job (MB)
	169376  -  ResidentSetSize of job (KB)
...
006 (70945958.016.000) 03/28 22:03:07 Image size of job updated: 188
	188  -  MemoryUsage of job (MB)
	192660  -  ResidentSetSize of job (KB)
...
006 (70945958.016.000) 03/28 22:03:50 Image size of job updated: 190
	190  -  MemoryUsage of job (MB)
	194588  -  ResidentSetSize of job (KB)
...
005 (70945958.016.000) 03/28 22:03:51 Job terminated.
	(1) Normal termination (return value 0)
		Usr 0 00:02:28, Sys 0 00:00:09  -  Run Remote Usage
		Usr 0 00:00:00, Sys 0 00:00:00  -  Run Local Usage
		Usr 0 00:02:28, Sys 0 00:00:09  -  Total Remote Usage
		Usr 0 00:00:00, Sys 0 00:00:00  -  Total Local Usage
	153630  -  Run Bytes Sent By Job
	2247957  -  Run Bytes Received By Job
	153630  -  Total Bytes Sent By Job
	2247957  -  Total Bytes Received By Job
	Partitionable Resources :    Usage  Request Allocated 
	   Cpus                 :        0        1         1 
	   Disk (KB)            :     5201     2250    316300 
	   Memory (MB)          :      190     2000      2000 
...
