000 (70945958.191.000) 03/28 21:58:27 Job submitted from host: <131.225.188.235:9618?addrs=131.225.188.235-9618&noUDP&sock=14994_371f_3>
...
001 (70945958.191.000) 03/28 22:00:41 Job executing on host: <131.225.204.99:9618?addrs=131.225.204.99-9618&noUDP&sock=1164_fc54_3>
...
006 (70945958.191.000) 03/28 22:01:52 Image size of job updated: 132
	132  -  MemoryUsage of job (MB)
	135756  -  ResidentSetSize of job (KB)
...
006 (70945958.191.000) 03/28 22:02:52 Image size of job updated: 168
	168  -  MemoryUsage of job (MB)
	172716  -  ResidentSetSize of job (KB)
...
006 (70945958.191.000) 03/28 22:03:52 Image size of job updated: 170
	170  -  MemoryUsage of job (MB)
	174852  -  ResidentSetSize of job (KB)
...
006 (70945958.191.000) 03/28 22:04:52 Image size of job updated: 172
	172  -  MemoryUsage of job (MB)
	177116  -  ResidentSetSize of job (KB)
...
006 (70945958.191.000) 03/28 22:05:52 Image size of job updated: 192
	192  -  MemoryUsage of job (MB)
	197284  -  ResidentSetSize of job (KB)
...
006 (70945958.191.000) 03/28 22:06:53 Image size of job updated: 214
	214  -  MemoryUsage of job (MB)
	219756  -  ResidentSetSize of job (KB)
...
006 (70945958.191.000) 03/28 22:07:54 Image size of job updated: 214
	214  -  MemoryUsage of job (MB)
	220016  -  ResidentSetSize of job (KB)
...
006 (70945958.191.000) 03/28 22:08:55 Image size of job updated: 214
	214  -  MemoryUsage of job (MB)
	220120  -  ResidentSetSize of job (KB)
...
006 (70945958.191.000) 03/28 22:09:56 Image size of job updated: 216
	216  -  MemoryUsage of job (MB)
	221604  -  ResidentSetSize of job (KB)
...
006 (70945958.191.000) 03/28 22:10:56 Image size of job updated: 216
	216  -  MemoryUsage of job (MB)
	221752  -  ResidentSetSize of job (KB)
...
005 (70945958.191.000) 03/28 22:11:01 Job terminated.
	(1) Normal termination (return value 0)
		Usr 0 00:07:33, Sys 0 00:00:27  -  Run Remote Usage
		Usr 0 00:00:00, Sys 0 00:00:00  -  Run Local Usage
		Usr 0 00:07:33, Sys 0 00:00:27  -  Total Remote Usage
		Usr 0 00:00:00, Sys 0 00:00:00  -  Total Local Usage
	159314  -  Run Bytes Sent By Job
	2247957  -  Run Bytes Received By Job
	159314  -  Total Bytes Sent By Job
	2247957  -  Total Bytes Received By Job
	Partitionable Resources :    Usage  Request Allocated 
	   Cpus                 :     0.00        1         1 
	   Disk (KB)            :  5207        2250    331163 
	   Memory (MB)          :   216        2000      2000 
...
