000 (70945958.181.000) 03/28 21:58:27 Job submitted from host: <131.225.188.235:9618?addrs=131.225.188.235-9618&noUDP&sock=14994_371f_3>
...
001 (70945958.181.000) 03/28 22:00:40 Job executing on host: <131.225.188.112:9618?addrs=131.225.188.112-9618&noUDP&sock=1920_89ed_3>
...
006 (70945958.181.000) 03/28 22:01:49 Image size of job updated: 132
	132  -  MemoryUsage of job (MB)
	135756  -  ResidentSetSize of job (KB)
...
006 (70945958.181.000) 03/28 22:02:49 Image size of job updated: 133
	133  -  MemoryUsage of job (MB)
	136592  -  ResidentSetSize of job (KB)
...
006 (70945958.181.000) 03/28 22:03:50 Image size of job updated: 169
	169  -  MemoryUsage of job (MB)
	173236  -  ResidentSetSize of job (KB)
...
006 (70945958.181.000) 03/28 22:04:50 Image size of job updated: 170
	170  -  MemoryUsage of job (MB)
	174712  -  ResidentSetSize of job (KB)
...
006 (70945958.181.000) 03/28 22:05:50 Image size of job updated: 172
	172  -  MemoryUsage of job (MB)
	176928  -  ResidentSetSize of job (KB)
...
006 (70945958.181.000) 03/28 22:06:50 Image size of job updated: 186
	186  -  MemoryUsage of job (MB)
	190792  -  ResidentSetSize of job (KB)
...
006 (70945958.181.000) 03/28 22:07:51 Image size of job updated: 205
	205  -  MemoryUsage of job (MB)
	209952  -  ResidentSetSize of job (KB)
...
006 (70945958.181.000) 03/28 22:08:52 Image size of job updated: 205
	205  -  MemoryUsage of job (MB)
	210188  -  ResidentSetSize of job (KB)
...
006 (70945958.181.000) 03/28 22:09:53 Image size of job updated: 205
	205  -  MemoryUsage of job (MB)
	210336  -  ResidentSetSize of job (KB)
...
006 (70945958.181.000) 03/28 22:10:53 Image size of job updated: 205
	205  -  MemoryUsage of job (MB)
	210476  -  ResidentSetSize of job (KB)
...
006 (70945958.181.000) 03/28 22:11:53 Image size of job updated: 206
	206  -  MemoryUsage of job (MB)
	210988  -  ResidentSetSize of job (KB)
...
005 (70945958.181.000) 03/28 22:12:13 Job terminated.
	(1) Normal termination (return value 0)
		Usr 0 00:07:41, Sys 0 00:00:25  -  Run Remote Usage
		Usr 0 00:00:00, Sys 0 00:00:00  -  Run Local Usage
		Usr 0 00:07:41, Sys 0 00:00:25  -  Total Remote Usage
		Usr 0 00:00:00, Sys 0 00:00:00  -  Total Local Usage
	160812  -  Run Bytes Sent By Job
	2247957  -  Run Bytes Received By Job
	160812  -  Total Bytes Sent By Job
	2247957  -  Total Bytes Received By Job
	Partitionable Resources :    Usage  Request Allocated 
	   Cpus                 :        0        1         1 
	   Disk (KB)            :     5209     2250   1640748 
	   Memory (MB)          :      206     2000      2000 
...
