000 (70945958.094.000) 03/28 21:58:27 Job submitted from host: <131.225.188.235:9618?addrs=131.225.188.235-9618&noUDP&sock=14994_371f_3>
...
001 (70945958.094.000) 03/28 22:00:14 Job executing on host: <131.225.204.55:9618?addrs=131.225.204.55-9618&noUDP&sock=1158_dec2_3>
...
006 (70945958.094.000) 03/28 22:00:23 Image size of job updated: 77
	77  -  MemoryUsage of job (MB)
	79544  -  ResidentSetSize of job (KB)
...
006 (70945958.094.000) 03/28 22:01:23 Image size of job updated: 165
	165  -  MemoryUsage of job (MB)
	169424  -  ResidentSetSize of job (KB)
...
006 (70945958.094.000) 03/28 22:02:23 Image size of job updated: 183
	183  -  MemoryUsage of job (MB)
	187820  -  ResidentSetSize of job (KB)
...
005 (70945958.094.000) 03/28 22:03:12 Job terminated.
	(1) Normal termination (return value 0)
		Usr 0 00:02:32, Sys 0 00:00:06  -  Run Remote Usage
		Usr 0 00:00:00, Sys 0 00:00:00  -  Run Local Usage
		Usr 0 00:02:32, Sys 0 00:00:06  -  Total Remote Usage
		Usr 0 00:00:00, Sys 0 00:00:00  -  Total Local Usage
	152452  -  Run Bytes Sent By Job
	2247957  -  Run Bytes Received By Job
	152452  -  Total Bytes Sent By Job
	2247957  -  Total Bytes Received By Job
	Partitionable Resources :    Usage  Request Allocated 
	   Cpus                 :     0.00        1         1 
	   Disk (KB)            :  5200        2250    319635 
	   Memory (MB)          :     3        2000      2000 
...
