000 (70945958.118.000) 03/28 21:58:27 Job submitted from host: <131.225.188.235:9618?addrs=131.225.188.235-9618&noUDP&sock=14994_371f_3>
...
001 (70945958.118.000) 03/28 22:00:19 Job executing on host: <131.225.204.93:9618?addrs=131.225.204.93-9618&noUDP&sock=1157_2f2a_3>
...
006 (70945958.118.000) 03/28 22:00:28 Image size of job updated: 74
	74  -  MemoryUsage of job (MB)
	76396  -  ResidentSetSize of job (KB)
...
006 (70945958.118.000) 03/28 22:01:29 Image size of job updated: 167
	167  -  MemoryUsage of job (MB)
	171064  -  ResidentSetSize of job (KB)
...
006 (70945958.118.000) 03/28 22:02:30 Image size of job updated: 168
	168  -  MemoryUsage of job (MB)
	172776  -  ResidentSetSize of job (KB)
...
006 (70945958.118.000) 03/28 22:03:31 Image size of job updated: 170
	170  -  MemoryUsage of job (MB)
	175028  -  ResidentSetSize of job (KB)
...
006 (70945958.118.000) 03/28 22:04:33 Image size of job updated: 179
	179  -  MemoryUsage of job (MB)
	183656  -  ResidentSetSize of job (KB)
...
006 (70945958.118.000) 03/28 22:05:33 Image size of job updated: 186
	186  -  MemoryUsage of job (MB)
	191120  -  ResidentSetSize of job (KB)
...
006 (70945958.118.000) 03/28 22:06:33 Image size of job updated: 206
	206  -  MemoryUsage of job (MB)
	211896  -  ResidentSetSize of job (KB)
...
006 (70945958.118.000) 03/28 22:07:33 Image size of job updated: 209
	209  -  MemoryUsage of job (MB)
	214084  -  ResidentSetSize of job (KB)
...
006 (70945958.118.000) 03/28 22:08:33 Image size of job updated: 212
	212  -  MemoryUsage of job (MB)
	217752  -  ResidentSetSize of job (KB)
...
006 (70945958.118.000) 03/28 22:09:33 Image size of job updated: 212
	212  -  MemoryUsage of job (MB)
	217904  -  ResidentSetSize of job (KB)
...
006 (70945958.118.000) 03/28 22:10:29 Image size of job updated: 212
	212  -  MemoryUsage of job (MB)
	218000  -  ResidentSetSize of job (KB)
...
005 (70945958.118.000) 03/28 22:10:30 Job terminated.
	(1) Normal termination (return value 0)
		Usr 0 00:07:46, Sys 0 00:00:22  -  Run Remote Usage
		Usr 0 00:00:00, Sys 0 00:00:00  -  Run Local Usage
		Usr 0 00:07:46, Sys 0 00:00:22  -  Total Remote Usage
		Usr 0 00:00:00, Sys 0 00:00:00  -  Total Local Usage
	159604  -  Run Bytes Sent By Job
	2247957  -  Run Bytes Received By Job
	159604  -  Total Bytes Sent By Job
	2247957  -  Total Bytes Received By Job
	Partitionable Resources :    Usage  Request Allocated 
	   Cpus                 :        0        1         1 
	   Disk (KB)            :     5207     2250    322043 
	   Memory (MB)          :      212     2000      2000 
...
