000 (70945958.077.000) 03/28 21:58:27 Job submitted from host: <131.225.188.235:9618?addrs=131.225.188.235-9618&noUDP&sock=14994_371f_3>
...
001 (70945958.077.000) 03/28 22:00:11 Job executing on host: <131.225.204.67:9618?addrs=131.225.204.67-9618&noUDP&sock=1154_2061_3>
...
006 (70945958.077.000) 03/28 22:01:24 Image size of job updated: 132
	132  -  MemoryUsage of job (MB)
	135756  -  ResidentSetSize of job (KB)
...
006 (70945958.077.000) 03/28 22:02:24 Image size of job updated: 165
	165  -  MemoryUsage of job (MB)
	169692  -  ResidentSetSize of job (KB)
...
006 (70945958.077.000) 03/28 22:03:24 Image size of job updated: 187
	187  -  MemoryUsage of job (MB)
	191496  -  ResidentSetSize of job (KB)
...
006 (70945958.077.000) 03/28 22:03:51 Image size of job updated: 187
	187  -  MemoryUsage of job (MB)
	192376  -  ResidentSetSize of job (KB)
...
005 (70945958.077.000) 03/28 22:03:54 Job terminated.
	(1) Normal termination (return value 0)
		Usr 0 00:02:18, Sys 0 00:00:09  -  Run Remote Usage
		Usr 0 00:00:00, Sys 0 00:00:00  -  Run Local Usage
		Usr 0 00:02:18, Sys 0 00:00:09  -  Total Remote Usage
		Usr 0 00:00:00, Sys 0 00:00:00  -  Total Local Usage
	152856  -  Run Bytes Sent By Job
	2247957  -  Run Bytes Received By Job
	152856  -  Total Bytes Sent By Job
	2247957  -  Total Bytes Received By Job
	Partitionable Resources :    Usage  Request Allocated 
	   Cpus                 :        0        1         1 
	   Disk (KB)            :     5201     2250    321857 
	   Memory (MB)          :      187     2000      2000 
...
