000 (70945958.024.000) 03/28 21:58:27 Job submitted from host: <131.225.188.235:9618?addrs=131.225.188.235-9618&noUDP&sock=14994_371f_3>
...
001 (70945958.024.000) 03/28 21:59:59 Job executing on host: <131.225.206.189:9618?addrs=131.225.206.189-9618&noUDP&sock=1148_02d0_3>
...
006 (70945958.024.000) 03/28 22:01:12 Image size of job updated: 47
	47  -  MemoryUsage of job (MB)
	48472  -  ResidentSetSize of job (KB)
...
006 (70945958.024.000) 03/28 22:02:13 Image size of job updated: 164
	164  -  MemoryUsage of job (MB)
	168568  -  ResidentSetSize of job (KB)
...
006 (70945958.024.000) 03/28 22:03:14 Image size of job updated: 190
	190  -  MemoryUsage of job (MB)
	194884  -  ResidentSetSize of job (KB)
...
005 (70945958.024.000) 03/28 22:04:10 Job terminated.
	(1) Normal termination (return value 0)
		Usr 0 00:01:37, Sys 0 00:00:10  -  Run Remote Usage
		Usr 0 00:00:00, Sys 0 00:00:00  -  Run Local Usage
		Usr 0 00:01:37, Sys 0 00:00:10  -  Total Remote Usage
		Usr 0 00:00:00, Sys 0 00:00:00  -  Total Local Usage
	153100  -  Run Bytes Sent By Job
	2247957  -  Run Bytes Received By Job
	153100  -  Total Bytes Sent By Job
	2247957  -  Total Bytes Received By Job
	Partitionable Resources :    Usage  Request Allocated 
	   Cpus                 :     0.00        1         1 
	   Disk (KB)            :  5201        2250    320622 
	   Memory (MB)          :   190        2000      2000 
...
