000 (70945958.034.000) 03/28 21:58:27 Job submitted from host: <131.225.188.235:9618?addrs=131.225.188.235-9618&noUDP&sock=14994_371f_3>
...
001 (70945958.034.000) 03/28 22:00:02 Job executing on host: <131.225.190.58:9618?addrs=131.225.190.58-9618&noUDP&sock=1428_1154_3>
...
006 (70945958.034.000) 03/28 22:01:12 Image size of job updated: 129
	129  -  MemoryUsage of job (MB)
	132296  -  ResidentSetSize of job (KB)
...
006 (70945958.034.000) 03/28 22:02:12 Image size of job updated: 166
	166  -  MemoryUsage of job (MB)
	170176  -  ResidentSetSize of job (KB)
...
006 (70945958.034.000) 03/28 22:03:13 Image size of job updated: 188
	188  -  MemoryUsage of job (MB)
	192628  -  ResidentSetSize of job (KB)
...
006 (70945958.034.000) 03/28 22:03:57 Image size of job updated: 189
	189  -  MemoryUsage of job (MB)
	194176  -  ResidentSetSize of job (KB)
...
005 (70945958.034.000) 03/28 22:03:58 Job terminated.
	(1) Normal termination (return value 0)
		Usr 0 00:03:02, Sys 0 00:00:11  -  Run Remote Usage
		Usr 0 00:00:00, Sys 0 00:00:00  -  Run Local Usage
		Usr 0 00:03:02, Sys 0 00:00:11  -  Total Remote Usage
		Usr 0 00:00:00, Sys 0 00:00:00  -  Total Local Usage
	153745  -  Run Bytes Sent By Job
	2247957  -  Run Bytes Received By Job
	153745  -  Total Bytes Sent By Job
	2247957  -  Total Bytes Received By Job
	Partitionable Resources :    Usage  Request Allocated 
	   Cpus                 :     0.00        1         1 
	   Disk (KB)            :  5203        2250    738996 
	   Memory (MB)          :   189        2000      2000 
...
