000 (70945958.154.000) 03/28 21:58:27 Job submitted from host: <131.225.188.235:9618?addrs=131.225.188.235-9618&noUDP&sock=14994_371f_3>
...
001 (70945958.154.000) 03/28 22:00:34 Job executing on host: <131.225.205.164:9618?addrs=131.225.205.164-9618&noUDP&sock=1462_638d_3>
...
006 (70945958.154.000) 03/28 22:00:43 Image size of job updated: 8
	8  -  MemoryUsage of job (MB)
	8996  -  ResidentSetSize of job (KB)
...
006 (70945958.154.000) 03/28 22:01:44 Image size of job updated: 51
	51  -  MemoryUsage of job (MB)
	52376  -  ResidentSetSize of job (KB)
...
006 (70945958.154.000) 03/28 22:02:45 Image size of job updated: 164
	164  -  MemoryUsage of job (MB)
	168636  -  ResidentSetSize of job (KB)
...
006 (70945958.154.000) 03/28 22:03:46 Image size of job updated: 187
	187  -  MemoryUsage of job (MB)
	191684  -  ResidentSetSize of job (KB)
...
006 (70945958.154.000) 03/28 22:04:46 Image size of job updated: 189
	189  -  MemoryUsage of job (MB)
	194028  -  ResidentSetSize of job (KB)
...
006 (70945958.154.000) 03/28 22:05:10 Image size of job updated: 190
	190  -  MemoryUsage of job (MB)
	194660  -  ResidentSetSize of job (KB)
...
005 (70945958.154.000) 03/28 22:05:11 Job terminated.
	(1) Normal termination (return value 0)
		Usr 0 00:03:15, Sys 0 00:00:09  -  Run Remote Usage
		Usr 0 00:00:00, Sys 0 00:00:00  -  Run Local Usage
		Usr 0 00:03:15, Sys 0 00:00:09  -  Total Remote Usage
		Usr 0 00:00:00, Sys 0 00:00:00  -  Total Local Usage
	154518  -  Run Bytes Sent By Job
	2247957  -  Run Bytes Received By Job
	154518  -  Total Bytes Sent By Job
	2247957  -  Total Bytes Received By Job
	Partitionable Resources :    Usage  Request Allocated 
	   Cpus                 :     0.00        1         1 
	   Disk (KB)            :  5203        2250   1640462 
	   Memory (MB)          :   190        2000      2000 
...
