000 (70945958.139.000) 03/28 21:58:27 Job submitted from host: <131.225.188.235:9618?addrs=131.225.188.235-9618&noUDP&sock=14994_371f_3>
...
001 (70945958.139.000) 03/28 22:00:27 Job executing on host: <131.225.205.181:9618?addrs=131.225.205.181-9618&noUDP&sock=1451_d802_3>
...
006 (70945958.139.000) 03/28 22:01:38 Image size of job updated: 132
	132  -  MemoryUsage of job (MB)
	135760  -  ResidentSetSize of job (KB)
...
006 (70945958.139.000) 03/28 22:03:39 Image size of job updated: 166
	166  -  MemoryUsage of job (MB)
	170752  -  ResidentSetSize of job (KB)
...
006 (70945958.139.000) 03/28 22:04:40 Image size of job updated: 168
	168  -  MemoryUsage of job (MB)
	172944  -  ResidentSetSize of job (KB)
...
006 (70945958.139.000) 03/28 22:05:40 Image size of job updated: 170
	170  -  MemoryUsage of job (MB)
	174824  -  ResidentSetSize of job (KB)
...
006 (70945958.139.000) 03/28 22:06:40 Image size of job updated: 172
	172  -  MemoryUsage of job (MB)
	176456  -  ResidentSetSize of job (KB)
...
006 (70945958.139.000) 03/28 22:07:40 Image size of job updated: 173
	173  -  MemoryUsage of job (MB)
	177420  -  ResidentSetSize of job (KB)
...
006 (70945958.139.000) 03/28 22:08:41 Image size of job updated: 186
	186  -  MemoryUsage of job (MB)
	190860  -  ResidentSetSize of job (KB)
...
006 (70945958.139.000) 03/28 22:09:42 Image size of job updated: 205
	205  -  MemoryUsage of job (MB)
	210256  -  ResidentSetSize of job (KB)
...
006 (70945958.139.000) 03/28 22:10:43 Image size of job updated: 205
	205  -  MemoryUsage of job (MB)
	210388  -  ResidentSetSize of job (KB)
...
006 (70945958.139.000) 03/28 22:11:43 Image size of job updated: 205
	205  -  MemoryUsage of job (MB)
	210520  -  ResidentSetSize of job (KB)
...
006 (70945958.139.000) 03/28 22:12:43 Image size of job updated: 205
	205  -  MemoryUsage of job (MB)
	210632  -  ResidentSetSize of job (KB)
...
006 (70945958.139.000) 03/28 22:13:43 Image size of job updated: 205
	205  -  MemoryUsage of job (MB)
	210736  -  ResidentSetSize of job (KB)
...
006 (70945958.139.000) 03/28 22:14:44 Image size of job updated: 206
	206  -  MemoryUsage of job (MB)
	211136  -  ResidentSetSize of job (KB)
...
006 (70945958.139.000) 03/28 22:15:14 Image size of job updated: 206
	206  -  MemoryUsage of job (MB)
	211168  -  ResidentSetSize of job (KB)
...
005 (70945958.139.000) 03/28 22:15:15 Job terminated.
	(1) Normal termination (return value 0)
		Usr 0 00:10:04, Sys 0 00:00:28  -  Run Remote Usage
		Usr 0 00:00:00, Sys 0 00:00:00  -  Run Local Usage
		Usr 0 00:10:04, Sys 0 00:00:28  -  Total Remote Usage
		Usr 0 00:00:00, Sys 0 00:00:00  -  Total Local Usage
	162028  -  Run Bytes Sent By Job
	2247957  -  Run Bytes Received By Job
	162028  -  Total Bytes Sent By Job
	2247957  -  Total Bytes Received By Job
	Partitionable Resources :    Usage  Request Allocated 
	   Cpus                 :     0.00        1         1 
	   Disk (KB)            :  5210        2250   1652860 
	   Memory (MB)          :   206        2000      2000 
...
