000 (70945958.051.000) 03/28 21:58:27 Job submitted from host: <131.225.188.235:9618?addrs=131.225.188.235-9618&noUDP&sock=14994_371f_3>
...
001 (70945958.051.000) 03/28 22:00:04 Job executing on host: <131.225.191.225:9618?addrs=131.225.191.225-9618&noUDP&sock=1437_3daf_3>
...
006 (70945958.051.000) 03/28 22:01:13 Image size of job updated: 116
	116  -  MemoryUsage of job (MB)
	119384  -  ResidentSetSize of job (KB)
...
006 (70945958.051.000) 03/28 22:02:14 Image size of job updated: 165
	165  -  MemoryUsage of job (MB)
	168996  -  ResidentSetSize of job (KB)
...
006 (70945958.051.000) 03/28 22:03:15 Image size of job updated: 166
	166  -  MemoryUsage of job (MB)
	170428  -  ResidentSetSize of job (KB)
...
006 (70945958.051.000) 03/28 22:04:16 Image size of job updated: 189
	189  -  MemoryUsage of job (MB)
	193672  -  ResidentSetSize of job (KB)
...
006 (70945958.051.000) 03/28 22:04:42 Image size of job updated: 189
	189  -  MemoryUsage of job (MB)
	194408  -  ResidentSetSize of job (KB)
...
005 (70945958.051.000) 03/28 22:04:43 Job terminated.
	(1) Normal termination (return value 0)
		Usr 0 00:02:58, Sys 0 00:00:14  -  Run Remote Usage
		Usr 0 00:00:00, Sys 0 00:00:00  -  Run Local Usage
		Usr 0 00:02:58, Sys 0 00:00:14  -  Total Remote Usage
		Usr 0 00:00:00, Sys 0 00:00:00  -  Total Local Usage
	154842  -  Run Bytes Sent By Job
	2247957  -  Run Bytes Received By Job
	154842  -  Total Bytes Sent By Job
	2247957  -  Total Bytes Received By Job
	Partitionable Resources :    Usage  Request Allocated 
	   Cpus                 :        0        1         1 
	   Disk (KB)            :     5203     2250    769771 
	   Memory (MB)          :      189     2000      2000 
...
