000 (70945958.233.000) 03/28 21:58:27 Job submitted from host: <131.225.188.235:9618?addrs=131.225.188.235-9618&noUDP&sock=14994_371f_3>
...
001 (70945958.233.000) 03/28 22:01:11 Job executing on host: <131.225.191.165:9618?addrs=131.225.191.165-9618&noUDP&sock=1450_286a_3>
...
006 (70945958.233.000) 03/28 22:03:22 Image size of job updated: 92
	92  -  MemoryUsage of job (MB)
	94628  -  ResidentSetSize of job (KB)
...
006 (70945958.233.000) 03/28 22:04:23 Image size of job updated: 164
	164  -  MemoryUsage of job (MB)
	168916  -  ResidentSetSize of job (KB)
...
006 (70945958.233.000) 03/28 22:05:23 Image size of job updated: 188
	188  -  MemoryUsage of job (MB)
	192788  -  ResidentSetSize of job (KB)
...
005 (70945958.233.000) 03/28 22:06:11 Job terminated.
	(1) Normal termination (return value 0)
		Usr 0 00:01:37, Sys 0 00:00:08  -  Run Remote Usage
		Usr 0 00:00:00, Sys 0 00:00:00  -  Run Local Usage
		Usr 0 00:01:37, Sys 0 00:00:08  -  Total Remote Usage
		Usr 0 00:00:00, Sys 0 00:00:00  -  Total Local Usage
	154230  -  Run Bytes Sent By Job
	2247957  -  Run Bytes Received By Job
	154230  -  Total Bytes Sent By Job
	2247957  -  Total Bytes Received By Job
	Partitionable Resources :    Usage  Request Allocated 
	   Cpus                 :        0        1         1 
	   Disk (KB)            :     5203     2250    770826 
	   Memory (MB)          :      188     2000      2000 
...
