000 (70945958.039.000) 03/28 21:58:27 Job submitted from host: <131.225.188.235:9618?addrs=131.225.188.235-9618&noUDP&sock=14994_371f_3>
...
001 (70945958.039.000) 03/28 22:00:04 Job executing on host: <131.225.191.243:9618?addrs=131.225.191.243-9618&noUDP&sock=1449_78d1_3>
...
006 (70945958.039.000) 03/28 22:01:14 Image size of job updated: 26
	26  -  MemoryUsage of job (MB)
	27280  -  ResidentSetSize of job (KB)
...
006 (70945958.039.000) 03/28 22:02:14 Image size of job updated: 27
	27  -  MemoryUsage of job (MB)
	28092  -  ResidentSetSize of job (KB)
...
006 (70945958.039.000) 03/28 22:03:14 Image size of job updated: 30
	30  -  MemoryUsage of job (MB)
	31700  -  ResidentSetSize of job (KB)
...
006 (70945958.039.000) 03/28 22:04:15 Image size of job updated: 165
	165  -  MemoryUsage of job (MB)
	169124  -  ResidentSetSize of job (KB)
...
006 (70945958.039.000) 03/28 22:05:15 Image size of job updated: 166
	166  -  MemoryUsage of job (MB)
	170544  -  ResidentSetSize of job (KB)
...
006 (70945958.039.000) 03/28 22:06:15 Image size of job updated: 197
	197  -  MemoryUsage of job (MB)
	201804  -  ResidentSetSize of job (KB)
...
006 (70945958.039.000) 03/28 22:06:40 Image size of job updated: 197
	197  -  MemoryUsage of job (MB)
	202512  -  ResidentSetSize of job (KB)
...
005 (70945958.039.000) 03/28 22:06:41 Job terminated.
	(1) Normal termination (return value 0)
		Usr 0 00:02:59, Sys 0 00:00:11  -  Run Remote Usage
		Usr 0 00:00:00, Sys 0 00:00:00  -  Run Local Usage
		Usr 0 00:02:59, Sys 0 00:00:11  -  Total Remote Usage
		Usr 0 00:00:00, Sys 0 00:00:00  -  Total Local Usage
	152756  -  Run Bytes Sent By Job
	2247957  -  Run Bytes Received By Job
	152756  -  Total Bytes Sent By Job
	2247957  -  Total Bytes Received By Job
	Partitionable Resources :    Usage  Request Allocated 
	   Cpus                 :        0        1         1 
	   Disk (KB)            :     5201     2250    790879 
	   Memory (MB)          :      197     2000      2000 
...
