000 (70945958.229.000) 03/28 21:58:27 Job submitted from host: <131.225.188.235:9618?addrs=131.225.188.235-9618&noUDP&sock=14994_371f_3>
...
001 (70945958.229.000) 03/28 22:00:53 Job executing on host: <131.225.206.173:9618?addrs=131.225.206.173-9618&noUDP&sock=1153_70c9_3>
...
006 (70945958.229.000) 03/28 22:01:02 Image size of job updated: 55
	55  -  MemoryUsage of job (MB)
	57296  -  ResidentSetSize of job (KB)
...
006 (70945958.229.000) 03/28 22:02:03 Image size of job updated: 165
	165  -  MemoryUsage of job (MB)
	169256  -  ResidentSetSize of job (KB)
...
006 (70945958.229.000) 03/28 22:03:04 Image size of job updated: 190
	190  -  MemoryUsage of job (MB)
	195380  -  ResidentSetSize of job (KB)
...
005 (70945958.229.000) 03/28 22:03:26 Job terminated.
	(1) Normal termination (return value 0)
		Usr 0 00:01:31, Sys 0 00:00:04  -  Run Remote Usage
		Usr 0 00:00:00, Sys 0 00:00:00  -  Run Local Usage
		Usr 0 00:01:31, Sys 0 00:00:04  -  Total Remote Usage
		Usr 0 00:00:00, Sys 0 00:00:00  -  Total Local Usage
	152222  -  Run Bytes Sent By Job
	2247957  -  Run Bytes Received By Job
	152222  -  Total Bytes Sent By Job
	2247957  -  Total Bytes Received By Job
	Partitionable Resources :    Usage  Request Allocated 
	   Cpus                 :     0.01        1         1 
	   Disk (KB)            :  5200        2250    310986 
	   Memory (MB)          :   190        2000      2000 
...
