000 (70945958.245.000) 03/28 21:58:27 Job submitted from host: <131.225.188.235:9618?addrs=131.225.188.235-9618&noUDP&sock=14994_371f_3>
...
001 (70945958.245.000) 03/28 22:00:55 Job executing on host: <131.225.204.121:9618?addrs=131.225.204.121-9618&noUDP&sock=1161_ed8b_3>
...
006 (70945958.245.000) 03/28 22:01:04 Image size of job updated: 57
	57  -  MemoryUsage of job (MB)
	58932  -  ResidentSetSize of job (KB)
...
006 (70945958.245.000) 03/28 22:02:05 Image size of job updated: 92
	92  -  MemoryUsage of job (MB)
	94396  -  ResidentSetSize of job (KB)
...
006 (70945958.245.000) 03/28 22:03:05 Image size of job updated: 167
	167  -  MemoryUsage of job (MB)
	171792  -  ResidentSetSize of job (KB)
...
006 (70945958.245.000) 03/28 22:04:05 Image size of job updated: 169
	169  -  MemoryUsage of job (MB)
	173924  -  ResidentSetSize of job (KB)
...
006 (70945958.245.000) 03/28 22:05:05 Image size of job updated: 178
	178  -  MemoryUsage of job (MB)
	182628  -  ResidentSetSize of job (KB)
...
006 (70945958.245.000) 03/28 22:06:05 Image size of job updated: 179
	179  -  MemoryUsage of job (MB)
	184160  -  ResidentSetSize of job (KB)
...
006 (70945958.245.000) 03/28 22:07:06 Image size of job updated: 186
	186  -  MemoryUsage of job (MB)
	191316  -  ResidentSetSize of job (KB)
...
006 (70945958.245.000) 03/28 22:08:07 Image size of job updated: 206
	206  -  MemoryUsage of job (MB)
	211528  -  ResidentSetSize of job (KB)
...
006 (70945958.245.000) 03/28 22:09:08 Image size of job updated: 206
	206  -  MemoryUsage of job (MB)
	211668  -  ResidentSetSize of job (KB)
...
006 (70945958.245.000) 03/28 22:10:10 Image size of job updated: 206
	206  -  MemoryUsage of job (MB)
	211836  -  ResidentSetSize of job (KB)
...
006 (70945958.245.000) 03/28 22:11:10 Image size of job updated: 206
	206  -  MemoryUsage of job (MB)
	211904  -  ResidentSetSize of job (KB)
...
006 (70945958.245.000) 03/28 22:12:10 Image size of job updated: 207
	207  -  MemoryUsage of job (MB)
	211984  -  ResidentSetSize of job (KB)
...
006 (70945958.245.000) 03/28 22:13:10 Image size of job updated: 207
	207  -  MemoryUsage of job (MB)
	212336  -  ResidentSetSize of job (KB)
...
006 (70945958.245.000) 03/28 22:13:25 Image size of job updated: 207
	207  -  MemoryUsage of job (MB)
	212380  -  ResidentSetSize of job (KB)
...
005 (70945958.245.000) 03/28 22:13:27 Job terminated.
	(1) Normal termination (return value 0)
		Usr 0 00:07:54, Sys 0 00:00:24  -  Run Remote Usage
		Usr 0 00:00:00, Sys 0 00:00:00  -  Run Local Usage
		Usr 0 00:07:54, Sys 0 00:00:24  -  Total Remote Usage
		Usr 0 00:00:00, Sys 0 00:00:00  -  Total Local Usage
	160795  -  Run Bytes Sent By Job
	2247957  -  Run Bytes Received By Job
	160795  -  Total Bytes Sent By Job
	2247957  -  Total Bytes Received By Job
	Partitionable Resources :    Usage  Request Allocated 
	   Cpus                 :        0        1         1 
	   Disk (KB)            :     5208     2250    307237 
	   Memory (MB)          :      207     2000      2000 
...
