000 (70945958.225.000) 03/28 21:58:27 Job submitted from host: <131.225.188.235:9618?addrs=131.225.188.235-9618&noUDP&sock=14994_371f_3>
...
001 (70945958.225.000) 03/28 22:00:50 Job executing on host: <131.225.206.221:9618?addrs=131.225.206.221-9618&noUDP&sock=1152_c131_3>
...
006 (70945958.225.000) 03/28 22:01:00 Image size of job updated: 106
	106  -  MemoryUsage of job (MB)
	109424  -  ResidentSetSize of job (KB)
...
006 (70945958.225.000) 03/28 22:02:01 Image size of job updated: 163
	163  -  MemoryUsage of job (MB)
	167920  -  ResidentSetSize of job (KB)
...
006 (70945958.225.000) 03/28 22:03:02 Image size of job updated: 188
	188  -  MemoryUsage of job (MB)
	193024  -  ResidentSetSize of job (KB)
...
005 (70945958.225.000) 03/28 22:03:29 Job terminated.
	(1) Normal termination (return value 0)
		Usr 0 00:01:31, Sys 0 00:00:05  -  Run Remote Usage
		Usr 0 00:00:00, Sys 0 00:00:00  -  Run Local Usage
		Usr 0 00:01:31, Sys 0 00:00:05  -  Total Remote Usage
		Usr 0 00:00:00, Sys 0 00:00:00  -  Total Local Usage
	152282  -  Run Bytes Sent By Job
	2247957  -  Run Bytes Received By Job
	152282  -  Total Bytes Sent By Job
	2247957  -  Total Bytes Received By Job
	Partitionable Resources :    Usage  Request Allocated 
	   Cpus                 :        0        1         1 
	   Disk (KB)            :     5200     2250    320093 
	   Memory (MB)          :      188     2000      2000 
...
