000 (70945958.086.000) 03/28 21:58:27 Job submitted from host: <131.225.188.235:9618?addrs=131.225.188.235-9618&noUDP&sock=14994_371f_3>
...
001 (70945958.086.000) 03/28 22:00:13 Job executing on host: <131.225.191.130:9618?addrs=131.225.191.130-9618&noUDP&sock=1148_02d0_3>
...
006 (70945958.086.000) 03/28 22:00:21 Image size of job updated: 5
	4  -  MemoryUsage of job (MB)
	4468  -  ResidentSetSize of job (KB)
...
006 (70945958.086.000) 03/28 22:01:22 Image size of job updated: 163
	163  -  MemoryUsage of job (MB)
	167120  -  ResidentSetSize of job (KB)
...
006 (70945958.086.000) 03/28 22:02:23 Image size of job updated: 172
	172  -  MemoryUsage of job (MB)
	176520  -  ResidentSetSize of job (KB)
...
006 (70945958.086.000) 03/28 22:03:23 Image size of job updated: 186
	186  -  MemoryUsage of job (MB)
	190704  -  ResidentSetSize of job (KB)
...
006 (70945958.086.000) 03/28 22:03:37 Image size of job updated: 187
	187  -  MemoryUsage of job (MB)
	191708  -  ResidentSetSize of job (KB)
...
005 (70945958.086.000) 03/28 22:03:39 Job terminated.
	(1) Normal termination (return value 0)
		Usr 0 00:02:28, Sys 0 00:00:09  -  Run Remote Usage
		Usr 0 00:00:00, Sys 0 00:00:00  -  Run Local Usage
		Usr 0 00:02:28, Sys 0 00:00:09  -  Total Remote Usage
		Usr 0 00:00:00, Sys 0 00:00:00  -  Total Local Usage
	153392  -  Run Bytes Sent By Job
	2247957  -  Run Bytes Received By Job
	153392  -  Total Bytes Sent By Job
	2247957  -  Total Bytes Received By Job
	Partitionable Resources :    Usage  Request Allocated 
	   Cpus                 :        0        1         1 
	   Disk (KB)            :     5201     2250    311424 
	   Memory (MB)          :      187     2000      2000 
...
