000 (70945958.114.000) 03/28 21:58:27 Job submitted from host: <131.225.188.235:9618?addrs=131.225.188.235-9618&noUDP&sock=14994_371f_3>
...
001 (70945958.114.000) 03/28 22:00:19 Job executing on host: <131.225.191.138:9618?addrs=131.225.191.138-9618&noUDP&sock=1153_70c9_3>
...
006 (70945958.114.000) 03/28 22:01:29 Image size of job updated: 148
	148  -  MemoryUsage of job (MB)
	152128  -  ResidentSetSize of job (KB)
...
006 (70945958.114.000) 03/28 22:02:30 Image size of job updated: 168
	168  -  MemoryUsage of job (MB)
	172216  -  ResidentSetSize of job (KB)
...
006 (70945958.114.000) 03/28 22:03:31 Image size of job updated: 169
	169  -  MemoryUsage of job (MB)
	173816  -  ResidentSetSize of job (KB)
...
006 (70945958.114.000) 03/28 22:04:31 Image size of job updated: 171
	171  -  MemoryUsage of job (MB)
	175932  -  ResidentSetSize of job (KB)
...
006 (70945958.114.000) 03/28 22:05:31 Image size of job updated: 173
	173  -  MemoryUsage of job (MB)
	177740  -  ResidentSetSize of job (KB)
...
006 (70945958.114.000) 03/28 22:06:31 Image size of job updated: 186
	186  -  MemoryUsage of job (MB)
	190952  -  ResidentSetSize of job (KB)
...
006 (70945958.114.000) 03/28 22:07:31 Image size of job updated: 207
	207  -  MemoryUsage of job (MB)
	212088  -  ResidentSetSize of job (KB)
...
006 (70945958.114.000) 03/28 22:08:32 Image size of job updated: 207
	207  -  MemoryUsage of job (MB)
	212304  -  ResidentSetSize of job (KB)
...
006 (70945958.114.000) 03/28 22:09:33 Image size of job updated: 209
	209  -  MemoryUsage of job (MB)
	214404  -  ResidentSetSize of job (KB)
...
006 (70945958.114.000) 03/28 22:10:34 Image size of job updated: 209
	209  -  MemoryUsage of job (MB)
	214564  -  ResidentSetSize of job (KB)
...
006 (70945958.114.000) 03/28 22:11:31 Image size of job updated: 209
	209  -  MemoryUsage of job (MB)
	214644  -  ResidentSetSize of job (KB)
...
005 (70945958.114.000) 03/28 22:11:32 Job terminated.
	(1) Normal termination (return value 0)
		Usr 0 00:07:59, Sys 0 00:00:27  -  Run Remote Usage
		Usr 0 00:00:00, Sys 0 00:00:00  -  Run Local Usage
		Usr 0 00:07:59, Sys 0 00:00:27  -  Total Remote Usage
		Usr 0 00:00:00, Sys 0 00:00:00  -  Total Local Usage
	160526  -  Run Bytes Sent By Job
	2247957  -  Run Bytes Received By Job
	160526  -  Total Bytes Sent By Job
	2247957  -  Total Bytes Received By Job
	Partitionable Resources :    Usage  Request Allocated 
	   Cpus                 :     0.00        1         1 
	   Disk (KB)            :  5208        2250    314124 
	   Memory (MB)          :   209        2000      2000 
...
