000 (70945958.022.000) 03/28 21:58:27 Job submitted from host: <131.225.188.235:9618?addrs=131.225.188.235-9618&noUDP&sock=14994_371f_3>
...
001 (70945958.022.000) 03/28 21:59:58 Job executing on host: <131.225.204.107:9618?addrs=131.225.204.107-9618&noUDP&sock=1150_6200_3>
...
006 (70945958.022.000) 03/28 22:01:11 Image size of job updated: 163
	163  -  MemoryUsage of job (MB)
	167548  -  ResidentSetSize of job (KB)
...
006 (70945958.022.000) 03/28 22:02:11 Image size of job updated: 166
	166  -  MemoryUsage of job (MB)
	170500  -  ResidentSetSize of job (KB)
...
006 (70945958.022.000) 03/28 22:03:12 Image size of job updated: 189
	189  -  MemoryUsage of job (MB)
	193964  -  ResidentSetSize of job (KB)
...
006 (70945958.022.000) 03/28 22:03:24 Image size of job updated: 190
	190  -  MemoryUsage of job (MB)
	194844  -  ResidentSetSize of job (KB)
...
005 (70945958.022.000) 03/28 22:03:24 Job terminated.
	(1) Normal termination (return value 0)
		Usr 0 00:02:41, Sys 0 00:00:09  -  Run Remote Usage
		Usr 0 00:00:00, Sys 0 00:00:00  -  Run Local Usage
		Usr 0 00:02:41, Sys 0 00:00:09  -  Total Remote Usage
		Usr 0 00:00:00, Sys 0 00:00:00  -  Total Local Usage
	153494  -  Run Bytes Sent By Job
	2247957  -  Run Bytes Received By Job
	153494  -  Total Bytes Sent By Job
	2247957  -  Total Bytes Received By Job
	Partitionable Resources :    Usage  Request Allocated 
	   Cpus                 :        0        1         1 
	   Disk (KB)            :     5201     2250    313093 
	   Memory (MB)          :      190     2000      2000 
...
