000 (70945958.173.000) 03/28 21:58:27 Job submitted from host: <131.225.188.235:9618?addrs=131.225.188.235-9618&noUDP&sock=14994_371f_3>
...
001 (70945958.173.000) 03/28 22:00:38 Job executing on host: <131.225.188.84:9618?addrs=131.225.188.84-9618&noUDP&sock=1919_da55_3>
...
006 (70945958.173.000) 03/28 22:01:47 Image size of job updated: 162
	162  -  MemoryUsage of job (MB)
	166244  -  ResidentSetSize of job (KB)
...
006 (70945958.173.000) 03/28 22:02:48 Image size of job updated: 184
	184  -  MemoryUsage of job (MB)
	188580  -  ResidentSetSize of job (KB)
...
006 (70945958.173.000) 03/28 22:03:16 Image size of job updated: 184
	184  -  MemoryUsage of job (MB)
	189408  -  ResidentSetSize of job (KB)
...
005 (70945958.173.000) 03/28 22:03:17 Job terminated.
	(1) Normal termination (return value 0)
		Usr 0 00:01:34, Sys 0 00:00:06  -  Run Remote Usage
		Usr 0 00:00:00, Sys 0 00:00:00  -  Run Local Usage
		Usr 0 00:01:34, Sys 0 00:00:06  -  Total Remote Usage
		Usr 0 00:00:00, Sys 0 00:00:00  -  Total Local Usage
	152132  -  Run Bytes Sent By Job
	2247957  -  Run Bytes Received By Job
	152132  -  Total Bytes Sent By Job
	2247957  -  Total Bytes Received By Job
	Partitionable Resources :    Usage  Request Allocated 
	   Cpus                 :        0        1         1 
	   Disk (KB)            :     5200     2250   1628446 
	   Memory (MB)          :      184     2000      2000 
...
