000 (70945958.004.000) 03/28 21:58:27 Job submitted from host: <131.225.188.235:9618?addrs=131.225.188.235-9618&noUDP&sock=14994_371f_3>
...
001 (70945958.004.000) 03/28 21:59:55 Job executing on host: <131.225.191.152:9618?addrs=131.225.191.152-9618&noUDP&sock=1157_2f2a_3>
...
006 (70945958.004.000) 03/28 22:00:03 Image size of job updated: 19
	19  -  MemoryUsage of job (MB)
	20172  -  ResidentSetSize of job (KB)
...
006 (70945958.004.000) 03/28 22:01:03 Image size of job updated: 164
	164  -  MemoryUsage of job (MB)
	168072  -  ResidentSetSize of job (KB)
...
006 (70945958.004.000) 03/28 22:02:03 Image size of job updated: 166
	166  -  MemoryUsage of job (MB)
	170568  -  ResidentSetSize of job (KB)
...
006 (70945958.004.000) 03/28 22:03:03 Image size of job updated: 192
	192  -  MemoryUsage of job (MB)
	196936  -  ResidentSetSize of job (KB)
...
005 (70945958.004.000) 03/28 22:03:14 Job terminated.
	(1) Normal termination (return value 0)
		Usr 0 00:02:24, Sys 0 00:00:07  -  Run Remote Usage
		Usr 0 00:00:00, Sys 0 00:00:00  -  Run Local Usage
		Usr 0 00:02:24, Sys 0 00:00:07  -  Total Remote Usage
		Usr 0 00:00:00, Sys 0 00:00:00  -  Total Local Usage
	153255  -  Run Bytes Sent By Job
	2247957  -  Run Bytes Received By Job
	153255  -  Total Bytes Sent By Job
	2247957  -  Total Bytes Received By Job
	Partitionable Resources :    Usage  Request Allocated 
	   Cpus                 :        0        1         1 
	   Disk (KB)            :     5201     2250    312725 
	   Memory (MB)          :      192     2000      2000 
...
