000 (70945958.047.000) 03/28 21:58:27 Job submitted from host: <131.225.188.235:9618?addrs=131.225.188.235-9618&noUDP&sock=14994_371f_3>
...
001 (70945958.047.000) 03/28 22:00:05 Job executing on host: <131.225.190.41:9618?addrs=131.225.190.41-9618&noUDP&sock=1431_201d_3>
...
006 (70945958.047.000) 03/28 22:01:14 Image size of job updated: 132
	132  -  MemoryUsage of job (MB)
	135752  -  ResidentSetSize of job (KB)
...
006 (70945958.047.000) 03/28 22:05:18 Image size of job updated: 164
	164  -  MemoryUsage of job (MB)
	168584  -  ResidentSetSize of job (KB)
...
006 (70945958.047.000) 03/28 22:06:18 Image size of job updated: 180
	180  -  MemoryUsage of job (MB)
	185148  -  ResidentSetSize of job (KB)
...
006 (70945958.047.000) 03/28 22:07:18 Image size of job updated: 189
	189  -  MemoryUsage of job (MB)
	194448  -  ResidentSetSize of job (KB)
...
006 (70945958.047.000) 03/28 22:07:42 Image size of job updated: 190
	190  -  MemoryUsage of job (MB)
	195228  -  ResidentSetSize of job (KB)
...
005 (70945958.047.000) 03/28 22:07:43 Job terminated.
	(1) Normal termination (return value 0)
		Usr 0 00:03:08, Sys 0 00:00:11  -  Run Remote Usage
		Usr 0 00:00:00, Sys 0 00:00:00  -  Run Local Usage
		Usr 0 00:03:08, Sys 0 00:00:11  -  Total Remote Usage
		Usr 0 00:00:00, Sys 0 00:00:00  -  Total Local Usage
	155237  -  Run Bytes Sent By Job
	2247957  -  Run Bytes Received By Job
	155237  -  Total Bytes Sent By Job
	2247957  -  Total Bytes Received By Job
	Partitionable Resources :    Usage  Request Allocated 
	   Cpus                 :        0        1         1 
	   Disk (KB)            :     5204     2250    779481 
	   Memory (MB)          :      190     2000      2000 
...
