000 (70945958.064.000) 03/28 21:58:27 Job submitted from host: <131.225.188.235:9618?addrs=131.225.188.235-9618&noUDP&sock=14994_371f_3>
...
001 (70945958.064.000) 03/28 22:00:08 Job executing on host: <131.225.206.213:9618?addrs=131.225.206.213-9618&noUDP&sock=1165_abec_3>
...
006 (70945958.064.000) 03/28 22:01:19 Image size of job updated: 46
	46  -  MemoryUsage of job (MB)
	47604  -  ResidentSetSize of job (KB)
...
006 (70945958.064.000) 03/28 22:02:20 Image size of job updated: 171
	171  -  MemoryUsage of job (MB)
	175996  -  ResidentSetSize of job (KB)
...
006 (70945958.064.000) 03/28 22:03:21 Image size of job updated: 188
	188  -  MemoryUsage of job (MB)
	193112  -  ResidentSetSize of job (KB)
...
006 (70945958.064.000) 03/28 22:03:41 Image size of job updated: 189
	189  -  MemoryUsage of job (MB)
	194080  -  ResidentSetSize of job (KB)
...
005 (70945958.064.000) 03/28 22:03:42 Job terminated.
	(1) Normal termination (return value 0)
		Usr 0 00:02:23, Sys 0 00:00:09  -  Run Remote Usage
		Usr 0 00:00:00, Sys 0 00:00:00  -  Run Local Usage
		Usr 0 00:02:23, Sys 0 00:00:09  -  Total Remote Usage
		Usr 0 00:00:00, Sys 0 00:00:00  -  Total Local Usage
	152984  -  Run Bytes Sent By Job
	2247957  -  Run Bytes Received By Job
	152984  -  Total Bytes Sent By Job
	2247957  -  Total Bytes Received By Job
	Partitionable Resources :    Usage  Request Allocated 
	   Cpus                 :        0        1         1 
	   Disk (KB)            :     5201     2250    313998 
	   Memory (MB)          :      189     2000      2000 
...
