000 (70945958.196.000) 03/28 21:58:27 Job submitted from host: <131.225.188.235:9618?addrs=131.225.188.235-9618&noUDP&sock=14994_371f_3>
...
001 (70945958.196.000) 03/28 22:00:44 Job executing on host: <131.225.206.206:9618?addrs=131.225.206.206-9618&noUDP&sock=1162_9d23_3>
...
006 (70945958.196.000) 03/28 22:01:53 Image size of job updated: 132
	132  -  MemoryUsage of job (MB)
	135760  -  ResidentSetSize of job (KB)
...
006 (70945958.196.000) 03/28 22:02:54 Image size of job updated: 168
	168  -  MemoryUsage of job (MB)
	172144  -  ResidentSetSize of job (KB)
...
006 (70945958.196.000) 03/28 22:03:55 Image size of job updated: 169
	169  -  MemoryUsage of job (MB)
	173968  -  ResidentSetSize of job (KB)
...
006 (70945958.196.000) 03/28 22:04:55 Image size of job updated: 171
	171  -  MemoryUsage of job (MB)
	176116  -  ResidentSetSize of job (KB)
...
006 (70945958.196.000) 03/28 22:05:55 Image size of job updated: 179
	179  -  MemoryUsage of job (MB)
	184148  -  ResidentSetSize of job (KB)
...
006 (70945958.196.000) 03/28 22:06:55 Image size of job updated: 186
	186  -  MemoryUsage of job (MB)
	191380  -  ResidentSetSize of job (KB)
...
006 (70945958.196.000) 03/28 22:07:55 Image size of job updated: 206
	206  -  MemoryUsage of job (MB)
	211684  -  ResidentSetSize of job (KB)
...
006 (70945958.196.000) 03/28 22:08:55 Image size of job updated: 207
	207  -  MemoryUsage of job (MB)
	212788  -  ResidentSetSize of job (KB)
...
006 (70945958.196.000) 03/28 22:09:56 Image size of job updated: 207
	207  -  MemoryUsage of job (MB)
	212904  -  ResidentSetSize of job (KB)
...
006 (70945958.196.000) 03/28 22:10:57 Image size of job updated: 208
	208  -  MemoryUsage of job (MB)
	213028  -  ResidentSetSize of job (KB)
...
006 (70945958.196.000) 03/28 22:11:58 Image size of job updated: 209
	209  -  MemoryUsage of job (MB)
	214264  -  ResidentSetSize of job (KB)
...
005 (70945958.196.000) 03/28 22:11:59 Job terminated.
	(1) Normal termination (return value 0)
		Usr 0 00:07:55, Sys 0 00:00:23  -  Run Remote Usage
		Usr 0 00:00:00, Sys 0 00:00:00  -  Run Local Usage
		Usr 0 00:07:55, Sys 0 00:00:23  -  Total Remote Usage
		Usr 0 00:00:00, Sys 0 00:00:00  -  Total Local Usage
	159940  -  Run Bytes Sent By Job
	2247957  -  Run Bytes Received By Job
	159940  -  Total Bytes Sent By Job
	2247957  -  Total Bytes Received By Job
	Partitionable Resources :    Usage  Request Allocated 
	   Cpus                 :     0.00        1         1 
	   Disk (KB)            :  5207        2250    304743 
	   Memory (MB)          :   209        2000      2000 
...
