000 (70945958.193.000) 03/28 21:58:27 Job submitted from host: <131.225.188.235:9618?addrs=131.225.188.235-9618&noUDP&sock=14994_371f_3>
...
001 (70945958.193.000) 03/28 22:00:42 Job executing on host: <131.225.204.102:9618?addrs=131.225.204.102-9618&noUDP&sock=1153_70c9_3>
...
006 (70945958.193.000) 03/28 22:01:52 Image size of job updated: 132
	132  -  MemoryUsage of job (MB)
	135756  -  ResidentSetSize of job (KB)
...
006 (70945958.193.000) 03/28 22:02:53 Image size of job updated: 169
	169  -  MemoryUsage of job (MB)
	173388  -  ResidentSetSize of job (KB)
...
006 (70945958.193.000) 03/28 22:03:54 Image size of job updated: 176
	176  -  MemoryUsage of job (MB)
	180764  -  ResidentSetSize of job (KB)
...
006 (70945958.193.000) 03/28 22:04:55 Image size of job updated: 178
	178  -  MemoryUsage of job (MB)
	182956  -  ResidentSetSize of job (KB)
...
006 (70945958.193.000) 03/28 22:05:56 Image size of job updated: 179
	179  -  MemoryUsage of job (MB)
	183956  -  ResidentSetSize of job (KB)
...
006 (70945958.193.000) 03/28 22:06:56 Image size of job updated: 187
	187  -  MemoryUsage of job (MB)
	191692  -  ResidentSetSize of job (KB)
...
006 (70945958.193.000) 03/28 22:07:56 Image size of job updated: 207
	207  -  MemoryUsage of job (MB)
	212752  -  ResidentSetSize of job (KB)
...
006 (70945958.193.000) 03/28 22:08:56 Image size of job updated: 209
	209  -  MemoryUsage of job (MB)
	214988  -  ResidentSetSize of job (KB)
...
006 (70945958.193.000) 03/28 22:09:56 Image size of job updated: 210
	210  -  MemoryUsage of job (MB)
	215132  -  ResidentSetSize of job (KB)
...
006 (70945958.193.000) 03/28 22:10:56 Image size of job updated: 210
	210  -  MemoryUsage of job (MB)
	215284  -  ResidentSetSize of job (KB)
...
005 (70945958.193.000) 03/28 22:11:10 Job terminated.
	(1) Normal termination (return value 0)
		Usr 0 00:07:29, Sys 0 00:00:24  -  Run Remote Usage
		Usr 0 00:00:00, Sys 0 00:00:00  -  Run Local Usage
		Usr 0 00:07:29, Sys 0 00:00:24  -  Total Remote Usage
		Usr 0 00:00:00, Sys 0 00:00:00  -  Total Local Usage
	160194  -  Run Bytes Sent By Job
	2247957  -  Run Bytes Received By Job
	160194  -  Total Bytes Sent By Job
	2247957  -  Total Bytes Received By Job
	Partitionable Resources :    Usage  Request Allocated 
	   Cpus                 :        0        1         1 
	   Disk (KB)            :     5208     2250    308632 
	   Memory (MB)          :      210     2000      2000 
...
