000 (70945958.006.000) 03/28 21:58:27 Job submitted from host: <131.225.188.235:9618?addrs=131.225.188.235-9618&noUDP&sock=14994_371f_3>
...
001 (70945958.006.000) 03/28 21:59:55 Job executing on host: <131.225.206.160:9618?addrs=131.225.206.160-9618&noUDP&sock=1155_cff9_3>
...
006 (70945958.006.000) 03/28 22:00:04 Image size of job updated: 5
	4  -  MemoryUsage of job (MB)
	4452  -  ResidentSetSize of job (KB)
...
006 (70945958.006.000) 03/28 22:01:04 Image size of job updated: 165
	165  -  MemoryUsage of job (MB)
	169136  -  ResidentSetSize of job (KB)
...
006 (70945958.006.000) 03/28 22:02:04 Image size of job updated: 165
	165  -  MemoryUsage of job (MB)
	169944  -  ResidentSetSize of job (KB)
...
006 (70945958.006.000) 03/28 22:03:04 Image size of job updated: 190
	190  -  MemoryUsage of job (MB)
	194748  -  ResidentSetSize of job (KB)
...
006 (70945958.006.000) 03/28 22:03:22 Image size of job updated: 191
	191  -  MemoryUsage of job (MB)
	195704  -  ResidentSetSize of job (KB)
...
005 (70945958.006.000) 03/28 22:03:22 Job terminated.
	(1) Normal termination (return value 0)
		Usr 0 00:02:27, Sys 0 00:00:07  -  Run Remote Usage
		Usr 0 00:00:00, Sys 0 00:00:00  -  Run Local Usage
		Usr 0 00:02:27, Sys 0 00:00:07  -  Total Remote Usage
		Usr 0 00:00:00, Sys 0 00:00:00  -  Total Local Usage
	152918  -  Run Bytes Sent By Job
	2247957  -  Run Bytes Received By Job
	152918  -  Total Bytes Sent By Job
	2247957  -  Total Bytes Received By Job
	Partitionable Resources :    Usage  Request Allocated 
	   Cpus                 :        0        1         1 
	   Disk (KB)            :     5200     2250    332236 
	   Memory (MB)          :      191     2000      2000 
...
