000 (70945958.122.000) 03/28 21:58:27 Job submitted from host: <131.225.188.235:9618?addrs=131.225.188.235-9618&noUDP&sock=14994_371f_3>
...
001 (70945958.122.000) 03/28 22:00:22 Job executing on host: <131.225.191.193:9618?addrs=131.225.191.193-9618&noUDP&sock=1151_1198_3>
...
006 (70945958.122.000) 03/28 22:01:35 Image size of job updated: 92
	92  -  MemoryUsage of job (MB)
	94224  -  ResidentSetSize of job (KB)
...
006 (70945958.122.000) 03/28 22:02:35 Image size of job updated: 175
	175  -  MemoryUsage of job (MB)
	179436  -  ResidentSetSize of job (KB)
...
006 (70945958.122.000) 03/28 22:03:35 Image size of job updated: 177
	177  -  MemoryUsage of job (MB)
	181600  -  ResidentSetSize of job (KB)
...
006 (70945958.122.000) 03/28 22:04:35 Image size of job updated: 179
	179  -  MemoryUsage of job (MB)
	183788  -  ResidentSetSize of job (KB)
...
006 (70945958.122.000) 03/28 22:05:36 Image size of job updated: 186
	186  -  MemoryUsage of job (MB)
	191256  -  ResidentSetSize of job (KB)
...
006 (70945958.122.000) 03/28 22:06:37 Image size of job updated: 206
	206  -  MemoryUsage of job (MB)
	211012  -  ResidentSetSize of job (KB)
...
006 (70945958.122.000) 03/28 22:07:38 Image size of job updated: 208
	208  -  MemoryUsage of job (MB)
	213360  -  ResidentSetSize of job (KB)
...
006 (70945958.122.000) 03/28 22:08:39 Image size of job updated: 208
	208  -  MemoryUsage of job (MB)
	213508  -  ResidentSetSize of job (KB)
...
006 (70945958.122.000) 03/28 22:09:39 Image size of job updated: 208
	208  -  MemoryUsage of job (MB)
	213596  -  ResidentSetSize of job (KB)
...
005 (70945958.122.000) 03/28 22:10:25 Job terminated.
	(1) Normal termination (return value 0)
		Usr 0 00:06:24, Sys 0 00:00:23  -  Run Remote Usage
		Usr 0 00:00:00, Sys 0 00:00:00  -  Run Local Usage
		Usr 0 00:06:24, Sys 0 00:00:23  -  Total Remote Usage
		Usr 0 00:00:00, Sys 0 00:00:00  -  Total Local Usage
	158590  -  Run Bytes Sent By Job
	2247957  -  Run Bytes Received By Job
	158590  -  Total Bytes Sent By Job
	2247957  -  Total Bytes Received By Job
	Partitionable Resources :    Usage  Request Allocated 
	   Cpus                 :     0.00        1         1 
	   Disk (KB)            :  5206        2250    309708 
	   Memory (MB)          :   208        2000      2000 
...
