000 (70945958.178.000) 03/28 21:58:27 Job submitted from host: <131.225.188.235:9618?addrs=131.225.188.235-9618&noUDP&sock=14994_371f_3>
...
001 (70945958.178.000) 03/28 22:00:39 Job executing on host: <131.225.188.106:9618?addrs=131.225.188.106-9618&noUDP&sock=1920_89ed_3>
...
006 (70945958.178.000) 03/28 22:00:48 Image size of job updated: 17
	17  -  MemoryUsage of job (MB)
	18008  -  ResidentSetSize of job (KB)
...
006 (70945958.178.000) 03/28 22:01:48 Image size of job updated: 132
	132  -  MemoryUsage of job (MB)
	135764  -  ResidentSetSize of job (KB)
...
006 (70945958.178.000) 03/28 22:02:48 Image size of job updated: 167
	167  -  MemoryUsage of job (MB)
	171432  -  ResidentSetSize of job (KB)
...
006 (70945958.178.000) 03/28 22:03:48 Image size of job updated: 169
	169  -  MemoryUsage of job (MB)
	173952  -  ResidentSetSize of job (KB)
...
006 (70945958.178.000) 03/28 22:04:48 Image size of job updated: 176
	176  -  MemoryUsage of job (MB)
	180580  -  ResidentSetSize of job (KB)
...
006 (70945958.178.000) 03/28 22:05:49 Image size of job updated: 177
	177  -  MemoryUsage of job (MB)
	182076  -  ResidentSetSize of job (KB)
...
006 (70945958.178.000) 03/28 22:06:50 Image size of job updated: 192
	192  -  MemoryUsage of job (MB)
	196768  -  ResidentSetSize of job (KB)
...
006 (70945958.178.000) 03/28 22:07:51 Image size of job updated: 206
	206  -  MemoryUsage of job (MB)
	211068  -  ResidentSetSize of job (KB)
...
006 (70945958.178.000) 03/28 22:08:51 Image size of job updated: 206
	206  -  MemoryUsage of job (MB)
	211180  -  ResidentSetSize of job (KB)
...
006 (70945958.178.000) 03/28 22:09:51 Image size of job updated: 206
	206  -  MemoryUsage of job (MB)
	211364  -  ResidentSetSize of job (KB)
...
006 (70945958.178.000) 03/28 22:10:51 Image size of job updated: 206
	206  -  MemoryUsage of job (MB)
	211744  -  ResidentSetSize of job (KB)
...
006 (70945958.178.000) 03/28 22:11:03 Image size of job updated: 206
	206  -  MemoryUsage of job (MB)
	211852  -  ResidentSetSize of job (KB)
...
005 (70945958.178.000) 03/28 22:11:04 Job terminated.
	(1) Normal termination (return value 0)
		Usr 0 00:07:49, Sys 0 00:00:23  -  Run Remote Usage
		Usr 0 00:00:00, Sys 0 00:00:00  -  Run Local Usage
		Usr 0 00:07:49, Sys 0 00:00:23  -  Total Remote Usage
		Usr 0 00:00:00, Sys 0 00:00:00  -  Total Local Usage
	160144  -  Run Bytes Sent By Job
	2247957  -  Run Bytes Received By Job
	160144  -  Total Bytes Sent By Job
	2247957  -  Total Bytes Received By Job
	Partitionable Resources :    Usage  Request Allocated 
	   Cpus                 :        0        1         1 
	   Disk (KB)            :     5208     2250   1619590 
	   Memory (MB)          :      206     2000      2000 
...
