000 (70945958.275.000) 03/28 21:58:27 Job submitted from host: <131.225.188.235:9618?addrs=131.225.188.235-9618&noUDP&sock=14994_371f_3>
...
001 (70945958.275.000) 03/28 22:01:06 Job executing on host: <131.225.206.17:9618?addrs=131.225.206.17-9618&noUDP&sock=1164_fc54_3>
...
006 (70945958.275.000) 03/28 22:01:16 Image size of job updated: 97
	97  -  MemoryUsage of job (MB)
	99360  -  ResidentSetSize of job (KB)
...
006 (70945958.275.000) 03/28 22:02:16 Image size of job updated: 167
	167  -  MemoryUsage of job (MB)
	171008  -  ResidentSetSize of job (KB)
...
006 (70945958.275.000) 03/28 22:03:17 Image size of job updated: 168
	168  -  MemoryUsage of job (MB)
	172616  -  ResidentSetSize of job (KB)
...
006 (70945958.275.000) 03/28 22:04:17 Image size of job updated: 170
	170  -  MemoryUsage of job (MB)
	174964  -  ResidentSetSize of job (KB)
...
006 (70945958.275.000) 03/28 22:05:17 Image size of job updated: 179
	179  -  MemoryUsage of job (MB)
	183456  -  ResidentSetSize of job (KB)
...
006 (70945958.275.000) 03/28 22:06:17 Image size of job updated: 186
	186  -  MemoryUsage of job (MB)
	191212  -  ResidentSetSize of job (KB)
...
006 (70945958.275.000) 03/28 22:07:17 Image size of job updated: 209
	209  -  MemoryUsage of job (MB)
	214612  -  ResidentSetSize of job (KB)
...
006 (70945958.275.000) 03/28 22:08:18 Image size of job updated: 209
	209  -  MemoryUsage of job (MB)
	214836  -  ResidentSetSize of job (KB)
...
006 (70945958.275.000) 03/28 22:09:19 Image size of job updated: 210
	210  -  MemoryUsage of job (MB)
	215384  -  ResidentSetSize of job (KB)
...
006 (70945958.275.000) 03/28 22:10:20 Image size of job updated: 210
	210  -  MemoryUsage of job (MB)
	215548  -  ResidentSetSize of job (KB)
...
005 (70945958.275.000) 03/28 22:10:33 Job terminated.
	(1) Normal termination (return value 0)
		Usr 0 00:07:22, Sys 0 00:00:19  -  Run Remote Usage
		Usr 0 00:00:00, Sys 0 00:00:00  -  Run Local Usage
		Usr 0 00:07:22, Sys 0 00:00:19  -  Total Remote Usage
		Usr 0 00:00:00, Sys 0 00:00:00  -  Total Local Usage
	159524  -  Run Bytes Sent By Job
	2247957  -  Run Bytes Received By Job
	159524  -  Total Bytes Sent By Job
	2247957  -  Total Bytes Received By Job
	Partitionable Resources :    Usage  Request Allocated 
	   Cpus                 :     0.00        1         1 
	   Disk (KB)            :  5207        2250    316001 
	   Memory (MB)          :   210        2000      2000 
...
