000 (70945958.157.000) 03/28 21:58:27 Job submitted from host: <131.225.188.235:9618?addrs=131.225.188.235-9618&noUDP&sock=14994_371f_3>
...
001 (70945958.157.000) 03/28 22:00:34 Job executing on host: <131.225.205.193:9618?addrs=131.225.205.193-9618&noUDP&sock=1457_f593_3>
...
006 (70945958.157.000) 03/28 22:01:44 Image size of job updated: 129
	129  -  MemoryUsage of job (MB)
	132564  -  ResidentSetSize of job (KB)
...
006 (70945958.157.000) 03/28 22:02:43 Image size of job updated: 171
	171  -  MemoryUsage of job (MB)
	175816  -  ResidentSetSize of job (KB)
...
006 (70945958.157.000) 03/28 22:03:44 Image size of job updated: 188
	188  -  MemoryUsage of job (MB)
	193336  -  ResidentSetSize of job (KB)
...
006 (70945958.157.000) 03/28 22:04:46 Image size of job updated: 191
	191  -  MemoryUsage of job (MB)
	196360  -  ResidentSetSize of job (KB)
...
005 (70945958.157.000) 03/28 22:04:48 Job terminated.
	(1) Normal termination (return value 0)
		Usr 0 00:03:25, Sys 0 00:00:10  -  Run Remote Usage
		Usr 0 00:00:00, Sys 0 00:00:00  -  Run Local Usage
		Usr 0 00:03:25, Sys 0 00:00:10  -  Total Remote Usage
		Usr 0 00:00:00, Sys 0 00:00:00  -  Total Local Usage
	153356  -  Run Bytes Sent By Job
	2247957  -  Run Bytes Received By Job
	153356  -  Total Bytes Sent By Job
	2247957  -  Total Bytes Received By Job
	Partitionable Resources :    Usage  Request Allocated 
	   Cpus                 :        0        1         1 
	   Disk (KB)            :     5201     2250   1619750 
	   Memory (MB)          :      191     2000      2000 
...
