000 (70945958.217.000) 03/28 21:58:27 Job submitted from host: <131.225.188.235:9618?addrs=131.225.188.235-9618&noUDP&sock=14994_371f_3>
...
001 (70945958.217.000) 03/28 22:00:48 Job executing on host: <131.225.204.58:9618?addrs=131.225.204.58-9618&noUDP&sock=1180_f5d8_3>
...
006 (70945958.217.000) 03/28 22:01:58 Image size of job updated: 120
	120  -  MemoryUsage of job (MB)
	123172  -  ResidentSetSize of job (KB)
...
006 (70945958.217.000) 03/28 22:02:59 Image size of job updated: 168
	168  -  MemoryUsage of job (MB)
	172660  -  ResidentSetSize of job (KB)
...
006 (70945958.217.000) 03/28 22:04:00 Image size of job updated: 170
	170  -  MemoryUsage of job (MB)
	175080  -  ResidentSetSize of job (KB)
...
006 (70945958.217.000) 03/28 22:05:00 Image size of job updated: 173
	173  -  MemoryUsage of job (MB)
	177584  -  ResidentSetSize of job (KB)
...
006 (70945958.217.000) 03/28 22:06:00 Image size of job updated: 186
	186  -  MemoryUsage of job (MB)
	190644  -  ResidentSetSize of job (KB)
...
006 (70945958.217.000) 03/28 22:07:00 Image size of job updated: 207
	207  -  MemoryUsage of job (MB)
	212460  -  ResidentSetSize of job (KB)
...
006 (70945958.217.000) 03/28 22:08:00 Image size of job updated: 209
	209  -  MemoryUsage of job (MB)
	214648  -  ResidentSetSize of job (KB)
...
006 (70945958.217.000) 03/28 22:09:01 Image size of job updated: 209
	209  -  MemoryUsage of job (MB)
	214816  -  ResidentSetSize of job (KB)
...
006 (70945958.217.000) 03/28 22:10:02 Image size of job updated: 209
	209  -  MemoryUsage of job (MB)
	214972  -  ResidentSetSize of job (KB)
...
006 (70945958.217.000) 03/28 22:10:34 Image size of job updated: 210
	210  -  MemoryUsage of job (MB)
	215076  -  ResidentSetSize of job (KB)
...
005 (70945958.217.000) 03/28 22:10:35 Job terminated.
	(1) Normal termination (return value 0)
		Usr 0 00:07:41, Sys 0 00:00:24  -  Run Remote Usage
		Usr 0 00:00:00, Sys 0 00:00:00  -  Run Local Usage
		Usr 0 00:07:41, Sys 0 00:00:24  -  Total Remote Usage
		Usr 0 00:00:00, Sys 0 00:00:00  -  Total Local Usage
	159916  -  Run Bytes Sent By Job
	2247957  -  Run Bytes Received By Job
	159916  -  Total Bytes Sent By Job
	2247957  -  Total Bytes Received By Job
	Partitionable Resources :    Usage  Request Allocated 
	   Cpus                 :     0.00        1         1 
	   Disk (KB)            :  5207        2250    323511 
	   Memory (MB)          :   210        2000      2000 
...
