000 (70945958.002.000) 03/28 21:58:27 Job submitted from host: <131.225.188.235:9618?addrs=131.225.188.235-9618&noUDP&sock=14994_371f_3>
...
001 (70945958.002.000) 03/28 21:59:55 Job executing on host: <131.225.204.71:9618?addrs=131.225.204.71-9618&noUDP&sock=1153_70c9_3>
...
006 (70945958.002.000) 03/28 22:00:03 Image size of job updated: 16
	16  -  MemoryUsage of job (MB)
	16948  -  ResidentSetSize of job (KB)
...
006 (70945958.002.000) 03/28 22:01:03 Image size of job updated: 165
	165  -  MemoryUsage of job (MB)
	168984  -  ResidentSetSize of job (KB)
...
006 (70945958.002.000) 03/28 22:02:04 Image size of job updated: 184
	184  -  MemoryUsage of job (MB)
	189188  -  ResidentSetSize of job (KB)
...
006 (70945958.002.000) 03/28 22:02:55 Image size of job updated: 193
	193  -  MemoryUsage of job (MB)
	198384  -  ResidentSetSize of job (KB)
...
005 (70945958.002.000) 03/28 22:02:56 Job terminated.
	(1) Normal termination (return value 0)
		Usr 0 00:02:26, Sys 0 00:00:07  -  Run Remote Usage
		Usr 0 00:00:00, Sys 0 00:00:00  -  Run Local Usage
		Usr 0 00:02:26, Sys 0 00:00:07  -  Total Remote Usage
		Usr 0 00:00:00, Sys 0 00:00:00  -  Total Local Usage
	152451  -  Run Bytes Sent By Job
	2247957  -  Run Bytes Received By Job
	152451  -  Total Bytes Sent By Job
	2247957  -  Total Bytes Received By Job
	Partitionable Resources :    Usage  Request Allocated 
	   Cpus                 :        0        1         1 
	   Disk (KB)            :     5200     2250    320286 
	   Memory (MB)          :      193     2000      2000 
...
