000 (70945958.256.000) 03/28 21:58:27 Job submitted from host: <131.225.188.235:9618?addrs=131.225.188.235-9618&noUDP&sock=14994_371f_3>
...
001 (70945958.256.000) 03/28 22:00:59 Job executing on host: <131.225.204.71:9618?addrs=131.225.204.71-9618&noUDP&sock=1153_70c9_3>
...
006 (70945958.256.000) 03/28 22:01:09 Image size of job updated: 74
	74  -  MemoryUsage of job (MB)
	75804  -  ResidentSetSize of job (KB)
...
006 (70945958.256.000) 03/28 22:02:09 Image size of job updated: 167
	167  -  MemoryUsage of job (MB)
	171572  -  ResidentSetSize of job (KB)
...
006 (70945958.256.000) 03/28 22:03:10 Image size of job updated: 169
	169  -  MemoryUsage of job (MB)
	173368  -  ResidentSetSize of job (KB)
...
006 (70945958.256.000) 03/28 22:04:10 Image size of job updated: 171
	171  -  MemoryUsage of job (MB)
	175728  -  ResidentSetSize of job (KB)
...
006 (70945958.256.000) 03/28 22:05:11 Image size of job updated: 173
	173  -  MemoryUsage of job (MB)
	177796  -  ResidentSetSize of job (KB)
...
006 (70945958.256.000) 03/28 22:06:12 Image size of job updated: 186
	186  -  MemoryUsage of job (MB)
	190764  -  ResidentSetSize of job (KB)
...
006 (70945958.256.000) 03/28 22:07:13 Image size of job updated: 206
	206  -  MemoryUsage of job (MB)
	211580  -  ResidentSetSize of job (KB)
...
006 (70945958.256.000) 03/28 22:08:14 Image size of job updated: 206
	206  -  MemoryUsage of job (MB)
	211728  -  ResidentSetSize of job (KB)
...
006 (70945958.256.000) 03/28 22:09:14 Image size of job updated: 208
	208  -  MemoryUsage of job (MB)
	213856  -  ResidentSetSize of job (KB)
...
006 (70945958.256.000) 03/28 22:10:11 Image size of job updated: 208
	208  -  MemoryUsage of job (MB)
	213960  -  ResidentSetSize of job (KB)
...
005 (70945958.256.000) 03/28 22:10:12 Job terminated.
	(1) Normal termination (return value 0)
		Usr 0 00:07:23, Sys 0 00:00:22  -  Run Remote Usage
		Usr 0 00:00:00, Sys 0 00:00:00  -  Run Local Usage
		Usr 0 00:07:23, Sys 0 00:00:22  -  Total Remote Usage
		Usr 0 00:00:00, Sys 0 00:00:00  -  Total Local Usage
	158902  -  Run Bytes Sent By Job
	2247957  -  Run Bytes Received By Job
	158902  -  Total Bytes Sent By Job
	2247957  -  Total Bytes Received By Job
	Partitionable Resources :    Usage  Request Allocated 
	   Cpus                 :        0        1         1 
	   Disk (KB)            :     5206     2250    320286 
	   Memory (MB)          :      208     2000      2000 
...
