000 (70945958.234.000) 03/28 21:58:27 Job submitted from host: <131.225.188.235:9618?addrs=131.225.188.235-9618&noUDP&sock=14994_371f_3>
...
001 (70945958.234.000) 03/28 22:00:53 Job executing on host: <131.225.206.226:9618?addrs=131.225.206.226-9618&noUDP&sock=1156_7f92_3>
...
006 (70945958.234.000) 03/28 22:02:02 Image size of job updated: 164
	164  -  MemoryUsage of job (MB)
	167960  -  ResidentSetSize of job (KB)
...
006 (70945958.234.000) 03/28 22:03:03 Image size of job updated: 195
	195  -  MemoryUsage of job (MB)
	200668  -  ResidentSetSize of job (KB)
...
006 (70945958.234.000) 03/28 22:03:45 Image size of job updated: 197
	197  -  MemoryUsage of job (MB)
	202488  -  ResidentSetSize of job (KB)
...
005 (70945958.234.000) 03/28 22:03:46 Job terminated.
	(1) Normal termination (return value 0)
		Usr 0 00:02:08, Sys 0 00:00:06  -  Run Remote Usage
		Usr 0 00:00:00, Sys 0 00:00:00  -  Run Local Usage
		Usr 0 00:02:08, Sys 0 00:00:06  -  Total Remote Usage
		Usr 0 00:00:00, Sys 0 00:00:00  -  Total Local Usage
	152569  -  Run Bytes Sent By Job
	2247957  -  Run Bytes Received By Job
	152569  -  Total Bytes Sent By Job
	2247957  -  Total Bytes Received By Job
	Partitionable Resources :    Usage  Request Allocated 
	   Cpus                 :     0.00        1         1 
	   Disk (KB)            :  5200        2250    301582 
	   Memory (MB)          :   197        2000      2000 
...
