000 (70945958.104.000) 03/28 21:58:27 Job submitted from host: <131.225.188.235:9618?addrs=131.225.188.235-9618&noUDP&sock=14994_371f_3>
...
001 (70945958.104.000) 03/28 22:00:17 Job executing on host: <131.225.204.62:9618?addrs=131.225.204.62-9618&noUDP&sock=1150_6200_3>
...
006 (70945958.104.000) 03/28 22:00:26 Image size of job updated: 83
	83  -  MemoryUsage of job (MB)
	85240  -  ResidentSetSize of job (KB)
...
006 (70945958.104.000) 03/28 22:01:26 Image size of job updated: 164
	164  -  MemoryUsage of job (MB)
	168484  -  ResidentSetSize of job (KB)
...
006 (70945958.104.000) 03/28 22:02:27 Image size of job updated: 166
	166  -  MemoryUsage of job (MB)
	170988  -  ResidentSetSize of job (KB)
...
006 (70945958.104.000) 03/28 22:03:26 Image size of job updated: 191
	191  -  MemoryUsage of job (MB)
	196348  -  ResidentSetSize of job (KB)
...
005 (70945958.104.000) 03/28 22:03:29 Job terminated.
	(1) Normal termination (return value 0)
		Usr 0 00:02:28, Sys 0 00:00:07  -  Run Remote Usage
		Usr 0 00:00:00, Sys 0 00:00:00  -  Run Local Usage
		Usr 0 00:02:28, Sys 0 00:00:07  -  Total Remote Usage
		Usr 0 00:00:00, Sys 0 00:00:00  -  Total Local Usage
	152626  -  Run Bytes Sent By Job
	2247957  -  Run Bytes Received By Job
	152626  -  Total Bytes Sent By Job
	2247957  -  Total Bytes Received By Job
	Partitionable Resources :    Usage  Request Allocated 
	   Cpus                 :        0        1         1 
	   Disk (KB)            :     5200     2250    314644 
	   Memory (MB)          :      191     2000      2000 
...
