000 (70945958.067.000) 03/28 21:58:27 Job submitted from host: <131.225.188.235:9618?addrs=131.225.188.235-9618&noUDP&sock=14994_371f_3>
...
001 (70945958.067.000) 03/28 22:00:09 Job executing on host: <131.225.206.238:9618?addrs=131.225.206.238-9618&noUDP&sock=1157_2f2a_3>
...
006 (70945958.067.000) 03/28 22:00:18 Image size of job updated: 19
	19  -  MemoryUsage of job (MB)
	19764  -  ResidentSetSize of job (KB)
...
006 (70945958.067.000) 03/28 22:01:19 Image size of job updated: 163
	163  -  MemoryUsage of job (MB)
	167328  -  ResidentSetSize of job (KB)
...
006 (70945958.067.000) 03/28 22:02:20 Image size of job updated: 170
	170  -  MemoryUsage of job (MB)
	174572  -  ResidentSetSize of job (KB)
...
006 (70945958.067.000) 03/28 22:03:21 Image size of job updated: 190
	190  -  MemoryUsage of job (MB)
	195428  -  ResidentSetSize of job (KB)
...
005 (70945958.067.000) 03/28 22:03:46 Job terminated.
	(1) Normal termination (return value 0)
		Usr 0 00:01:56, Sys 0 00:00:10  -  Run Remote Usage
		Usr 0 00:00:00, Sys 0 00:00:00  -  Run Local Usage
		Usr 0 00:01:56, Sys 0 00:00:10  -  Total Remote Usage
		Usr 0 00:00:00, Sys 0 00:00:00  -  Total Local Usage
	153813  -  Run Bytes Sent By Job
	2247957  -  Run Bytes Received By Job
	153813  -  Total Bytes Sent By Job
	2247957  -  Total Bytes Received By Job
	Partitionable Resources :    Usage  Request Allocated 
	   Cpus                 :        0        1         1 
	   Disk (KB)            :     5201     2250    313223 
	   Memory (MB)          :      190     2000      2000 
...
