000 (70945958.012.000) 03/28 21:58:27 Job submitted from host: <131.225.188.235:9618?addrs=131.225.188.235-9618&noUDP&sock=14994_371f_3>
...
001 (70945958.012.000) 03/28 21:59:56 Job executing on host: <131.225.204.119:9618?addrs=131.225.204.119-9618&noUDP&sock=1155_cff9_3>
...
006 (70945958.012.000) 03/28 22:00:05 Image size of job updated: 41
	41  -  MemoryUsage of job (MB)
	42704  -  ResidentSetSize of job (KB)
...
006 (70945958.012.000) 03/28 22:01:05 Image size of job updated: 171
	171  -  MemoryUsage of job (MB)
	175152  -  ResidentSetSize of job (KB)
...
006 (70945958.012.000) 03/28 22:02:06 Image size of job updated: 171
	171  -  MemoryUsage of job (MB)
	175780  -  ResidentSetSize of job (KB)
...
006 (70945958.012.000) 03/28 22:03:06 Image size of job updated: 189
	189  -  MemoryUsage of job (MB)
	193696  -  ResidentSetSize of job (KB)
...
006 (70945958.012.000) 03/28 22:03:46 Image size of job updated: 190
	190  -  MemoryUsage of job (MB)
	195580  -  ResidentSetSize of job (KB)
...
005 (70945958.012.000) 03/28 22:03:47 Job terminated.
	(1) Normal termination (return value 0)
		Usr 0 00:02:30, Sys 0 00:00:09  -  Run Remote Usage
		Usr 0 00:00:00, Sys 0 00:00:00  -  Run Local Usage
		Usr 0 00:02:30, Sys 0 00:00:09  -  Total Remote Usage
		Usr 0 00:00:00, Sys 0 00:00:00  -  Total Local Usage
	153529  -  Run Bytes Sent By Job
	2247957  -  Run Bytes Received By Job
	153529  -  Total Bytes Sent By Job
	2247957  -  Total Bytes Received By Job
	Partitionable Resources :    Usage  Request Allocated 
	   Cpus                 :        0        1         1 
	   Disk (KB)            :     5201     2250    313540 
	   Memory (MB)          :      190     2000      2000 
...
