000 (70945958.248.000) 03/28 21:58:27 Job submitted from host: <131.225.188.235:9618?addrs=131.225.188.235-9618&noUDP&sock=14994_371f_3>
...
001 (70945958.248.000) 03/28 22:00:55 Job executing on host: <131.225.206.154:9618?addrs=131.225.206.154-9618&noUDP&sock=1148_02d0_3>
...
006 (70945958.248.000) 03/28 22:01:04 Image size of job updated: 46
	46  -  MemoryUsage of job (MB)
	47416  -  ResidentSetSize of job (KB)
...
006 (70945958.248.000) 03/28 22:02:04 Image size of job updated: 167
	167  -  MemoryUsage of job (MB)
	171204  -  ResidentSetSize of job (KB)
...
006 (70945958.248.000) 03/28 22:03:05 Image size of job updated: 168
	168  -  MemoryUsage of job (MB)
	172716  -  ResidentSetSize of job (KB)
...
006 (70945958.248.000) 03/28 22:04:05 Image size of job updated: 171
	171  -  MemoryUsage of job (MB)
	175272  -  ResidentSetSize of job (KB)
...
006 (70945958.248.000) 03/28 22:05:05 Image size of job updated: 178
	178  -  MemoryUsage of job (MB)
	182324  -  ResidentSetSize of job (KB)
...
006 (70945958.248.000) 03/28 22:06:05 Image size of job updated: 186
	186  -  MemoryUsage of job (MB)
	191348  -  ResidentSetSize of job (KB)
...
006 (70945958.248.000) 03/28 22:07:05 Image size of job updated: 206
	206  -  MemoryUsage of job (MB)
	211928  -  ResidentSetSize of job (KB)
...
006 (70945958.248.000) 03/28 22:08:06 Image size of job updated: 209
	209  -  MemoryUsage of job (MB)
	214244  -  ResidentSetSize of job (KB)
...
006 (70945958.248.000) 03/28 22:09:07 Image size of job updated: 209
	209  -  MemoryUsage of job (MB)
	214396  -  ResidentSetSize of job (KB)
...
006 (70945958.248.000) 03/28 22:10:08 Image size of job updated: 209
	209  -  MemoryUsage of job (MB)
	214544  -  ResidentSetSize of job (KB)
...
006 (70945958.248.000) 03/28 22:10:40 Image size of job updated: 209
	209  -  MemoryUsage of job (MB)
	214592  -  ResidentSetSize of job (KB)
...
005 (70945958.248.000) 03/28 22:10:40 Job terminated.
	(1) Normal termination (return value 0)
		Usr 0 00:07:34, Sys 0 00:00:22  -  Run Remote Usage
		Usr 0 00:00:00, Sys 0 00:00:00  -  Run Local Usage
		Usr 0 00:07:34, Sys 0 00:00:22  -  Total Remote Usage
		Usr 0 00:00:00, Sys 0 00:00:00  -  Total Local Usage
	159535  -  Run Bytes Sent By Job
	2247957  -  Run Bytes Received By Job
	159535  -  Total Bytes Sent By Job
	2247957  -  Total Bytes Received By Job
	Partitionable Resources :    Usage  Request Allocated 
	   Cpus                 :        0        1         1 
	   Disk (KB)            :     5207     2250    333581 
	   Memory (MB)          :      209     2000      2000 
...
