000 (70945958.078.000) 03/28 21:58:27 Job submitted from host: <131.225.188.235:9618?addrs=131.225.188.235-9618&noUDP&sock=14994_371f_3>
...
001 (70945958.078.000) 03/28 22:00:11 Job executing on host: <131.225.191.156:9618?addrs=131.225.191.156-9618&noUDP&sock=1152_c131_3>
...
006 (70945958.078.000) 03/28 22:01:20 Image size of job updated: 164
	164  -  MemoryUsage of job (MB)
	167944  -  ResidentSetSize of job (KB)
...
006 (70945958.078.000) 03/28 22:02:21 Image size of job updated: 167
	167  -  MemoryUsage of job (MB)
	171028  -  ResidentSetSize of job (KB)
...
006 (70945958.078.000) 03/28 22:03:21 Image size of job updated: 189
	189  -  MemoryUsage of job (MB)
	193644  -  ResidentSetSize of job (KB)
...
005 (70945958.078.000) 03/28 22:03:37 Job terminated.
	(1) Normal termination (return value 0)
		Usr 0 00:02:21, Sys 0 00:00:10  -  Run Remote Usage
		Usr 0 00:00:00, Sys 0 00:00:00  -  Run Local Usage
		Usr 0 00:02:21, Sys 0 00:00:10  -  Total Remote Usage
		Usr 0 00:00:00, Sys 0 00:00:00  -  Total Local Usage
	153785  -  Run Bytes Sent By Job
	2247957  -  Run Bytes Received By Job
	153785  -  Total Bytes Sent By Job
	2247957  -  Total Bytes Received By Job
	Partitionable Resources :    Usage  Request Allocated 
	   Cpus                 :        0        1         1 
	   Disk (KB)            :     5201     2250    328959 
	   Memory (MB)          :      189     2000      2000 
...
