000 (70945958.058.000) 03/28 21:58:27 Job submitted from host: <131.225.188.235:9618?addrs=131.225.188.235-9618&noUDP&sock=14994_371f_3>
...
001 (70945958.058.000) 03/28 22:00:06 Job executing on host: <131.225.205.221:9618?addrs=131.225.205.221-9618&noUDP&sock=1471_8fe7_3>
...
006 (70945958.058.000) 03/28 22:01:16 Image size of job updated: 57
	57  -  MemoryUsage of job (MB)
	58892  -  ResidentSetSize of job (KB)
...
006 (70945958.058.000) 03/28 22:02:16 Image size of job updated: 165
	165  -  MemoryUsage of job (MB)
	169224  -  ResidentSetSize of job (KB)
...
006 (70945958.058.000) 03/28 22:03:17 Image size of job updated: 187
	187  -  MemoryUsage of job (MB)
	191944  -  ResidentSetSize of job (KB)
...
006 (70945958.058.000) 03/28 22:04:17 Image size of job updated: 189
	189  -  MemoryUsage of job (MB)
	194232  -  ResidentSetSize of job (KB)
...
006 (70945958.058.000) 03/28 22:04:37 Image size of job updated: 190
	190  -  MemoryUsage of job (MB)
	194916  -  ResidentSetSize of job (KB)
...
005 (70945958.058.000) 03/28 22:04:39 Job terminated.
	(1) Normal termination (return value 0)
		Usr 0 00:03:31, Sys 0 00:00:10  -  Run Remote Usage
		Usr 0 00:00:00, Sys 0 00:00:00  -  Run Local Usage
		Usr 0 00:03:31, Sys 0 00:00:10  -  Total Remote Usage
		Usr 0 00:00:00, Sys 0 00:00:00  -  Total Local Usage
	153262  -  Run Bytes Sent By Job
	2247957  -  Run Bytes Received By Job
	153262  -  Total Bytes Sent By Job
	2247957  -  Total Bytes Received By Job
	Partitionable Resources :    Usage  Request Allocated 
	   Cpus                 :        0        1         1 
	   Disk (KB)            :     5202     2250   1703834 
	   Memory (MB)          :      190     2000      2000 
...
