000 (70945958.201.000) 03/28 21:58:27 Job submitted from host: <131.225.188.235:9618?addrs=131.225.188.235-9618&noUDP&sock=14994_371f_3>
...
001 (70945958.201.000) 03/28 22:00:45 Job executing on host: <131.225.184.14:9618?addrs=131.225.184.14-9618&noUDP&sock=1295_d73c_3>
...
006 (70945958.201.000) 03/28 22:01:55 Image size of job updated: 132
	132  -  MemoryUsage of job (MB)
	135752  -  ResidentSetSize of job (KB)
...
006 (70945958.201.000) 03/28 22:02:56 Image size of job updated: 167
	167  -  MemoryUsage of job (MB)
	171824  -  ResidentSetSize of job (KB)
...
006 (70945958.201.000) 03/28 22:03:57 Image size of job updated: 169
	169  -  MemoryUsage of job (MB)
	173340  -  ResidentSetSize of job (KB)
...
006 (70945958.201.000) 03/28 22:04:58 Image size of job updated: 177
	177  -  MemoryUsage of job (MB)
	182224  -  ResidentSetSize of job (KB)
...
006 (70945958.201.000) 03/28 22:05:59 Image size of job updated: 180
	180  -  MemoryUsage of job (MB)
	184332  -  ResidentSetSize of job (KB)
...
006 (70945958.201.000) 03/28 22:06:59 Image size of job updated: 187
	187  -  MemoryUsage of job (MB)
	191696  -  ResidentSetSize of job (KB)
...
006 (70945958.201.000) 03/28 22:07:59 Image size of job updated: 206
	206  -  MemoryUsage of job (MB)
	211672  -  ResidentSetSize of job (KB)
...
006 (70945958.201.000) 03/28 22:08:59 Image size of job updated: 208
	208  -  MemoryUsage of job (MB)
	213980  -  ResidentSetSize of job (KB)
...
006 (70945958.201.000) 03/28 22:09:59 Image size of job updated: 209
	209  -  MemoryUsage of job (MB)
	214120  -  ResidentSetSize of job (KB)
...
006 (70945958.201.000) 03/28 22:10:59 Image size of job updated: 209
	209  -  MemoryUsage of job (MB)
	214212  -  ResidentSetSize of job (KB)
...
006 (70945958.201.000) 03/28 22:12:00 Image size of job updated: 209
	209  -  MemoryUsage of job (MB)
	214356  -  ResidentSetSize of job (KB)
...
005 (70945958.201.000) 03/28 22:12:02 Job terminated.
	(1) Normal termination (return value 0)
		Usr 0 00:07:27, Sys 0 00:00:26  -  Run Remote Usage
		Usr 0 00:00:00, Sys 0 00:00:00  -  Run Local Usage
		Usr 0 00:07:27, Sys 0 00:00:26  -  Total Remote Usage
		Usr 0 00:00:00, Sys 0 00:00:00  -  Total Local Usage
	162199  -  Run Bytes Sent By Job
	2247957  -  Run Bytes Received By Job
	162199  -  Total Bytes Sent By Job
	2247957  -  Total Bytes Received By Job
	Partitionable Resources :    Usage  Request Allocated 
	   Cpus                 :     0.00        1         1 
	   Disk (KB)            :  5209        2250    335837 
	   Memory (MB)          :   209        2000      2000 
...
