000 (70945958.065.000) 03/28 21:58:27 Job submitted from host: <131.225.188.235:9618?addrs=131.225.188.235-9618&noUDP&sock=14994_371f_3>
...
001 (70945958.065.000) 03/28 22:00:07 Job executing on host: <131.225.204.96:9618?addrs=131.225.204.96-9618&noUDP&sock=1159_8e5a_3>
...
006 (70945958.065.000) 03/28 22:01:18 Image size of job updated: 163
	163  -  MemoryUsage of job (MB)
	167724  -  ResidentSetSize of job (KB)
...
006 (70945958.065.000) 03/28 22:02:18 Image size of job updated: 166
	166  -  MemoryUsage of job (MB)
	170584  -  ResidentSetSize of job (KB)
...
006 (70945958.065.000) 03/28 22:03:18 Image size of job updated: 190
	190  -  MemoryUsage of job (MB)
	194768  -  ResidentSetSize of job (KB)
...
006 (70945958.065.000) 03/28 22:03:29 Image size of job updated: 191
	191  -  MemoryUsage of job (MB)
	195672  -  ResidentSetSize of job (KB)
...
005 (70945958.065.000) 03/28 22:03:30 Job terminated.
	(1) Normal termination (return value 0)
		Usr 0 00:02:45, Sys 0 00:00:07  -  Run Remote Usage
		Usr 0 00:00:00, Sys 0 00:00:00  -  Run Local Usage
		Usr 0 00:02:45, Sys 0 00:00:07  -  Total Remote Usage
		Usr 0 00:00:00, Sys 0 00:00:00  -  Total Local Usage
	152654  -  Run Bytes Sent By Job
	2247957  -  Run Bytes Received By Job
	152654  -  Total Bytes Sent By Job
	2247957  -  Total Bytes Received By Job
	Partitionable Resources :    Usage  Request Allocated 
	   Cpus                 :        0        1         1 
	   Disk (KB)            :     5200     2250    299257 
	   Memory (MB)          :      191     2000      2000 
...
