000 (70945958.129.000) 03/28 21:58:27 Job submitted from host: <131.225.188.235:9618?addrs=131.225.188.235-9618&noUDP&sock=14994_371f_3>
...
001 (70945958.129.000) 03/28 22:00:48 Job executing on host: <131.225.206.227:9618?addrs=131.225.206.227-9618&noUDP&sock=1156_7f92_3>
...
006 (70945958.129.000) 03/28 22:00:57 Image size of job updated: 52
	52  -  MemoryUsage of job (MB)
	53580  -  ResidentSetSize of job (KB)
...
006 (70945958.129.000) 03/28 22:01:58 Image size of job updated: 92
	92  -  MemoryUsage of job (MB)
	94460  -  ResidentSetSize of job (KB)
...
006 (70945958.129.000) 03/28 22:02:59 Image size of job updated: 169
	169  -  MemoryUsage of job (MB)
	173328  -  ResidentSetSize of job (KB)
...
006 (70945958.129.000) 03/28 22:04:00 Image size of job updated: 171
	171  -  MemoryUsage of job (MB)
	175800  -  ResidentSetSize of job (KB)
...
006 (70945958.129.000) 03/28 22:05:00 Image size of job updated: 173
	173  -  MemoryUsage of job (MB)
	177888  -  ResidentSetSize of job (KB)
...
006 (70945958.129.000) 03/28 22:06:00 Image size of job updated: 186
	186  -  MemoryUsage of job (MB)
	191272  -  ResidentSetSize of job (KB)
...
006 (70945958.129.000) 03/28 22:07:00 Image size of job updated: 208
	208  -  MemoryUsage of job (MB)
	213284  -  ResidentSetSize of job (KB)
...
006 (70945958.129.000) 03/28 22:08:00 Image size of job updated: 208
	208  -  MemoryUsage of job (MB)
	213444  -  ResidentSetSize of job (KB)
...
006 (70945958.129.000) 03/28 22:09:01 Image size of job updated: 208
	208  -  MemoryUsage of job (MB)
	213592  -  ResidentSetSize of job (KB)
...
006 (70945958.129.000) 03/28 22:10:02 Image size of job updated: 208
	208  -  MemoryUsage of job (MB)
	213680  -  ResidentSetSize of job (KB)
...
006 (70945958.129.000) 03/28 22:10:51 Image size of job updated: 208
	208  -  MemoryUsage of job (MB)
	213824  -  ResidentSetSize of job (KB)
...
005 (70945958.129.000) 03/28 22:10:52 Job terminated.
	(1) Normal termination (return value 0)
		Usr 0 00:07:49, Sys 0 00:00:22  -  Run Remote Usage
		Usr 0 00:00:00, Sys 0 00:00:00  -  Run Local Usage
		Usr 0 00:07:49, Sys 0 00:00:22  -  Total Remote Usage
		Usr 0 00:00:00, Sys 0 00:00:00  -  Total Local Usage
	159034  -  Run Bytes Sent By Job
	2247957  -  Run Bytes Received By Job
	159034  -  Total Bytes Sent By Job
	2247957  -  Total Bytes Received By Job
	Partitionable Resources :    Usage  Request Allocated 
	   Cpus                 :     0.00        1         1 
	   Disk (KB)            :  5207        2250    303207 
	   Memory (MB)          :   208        2000      2000 
...
