000 (70945958.156.000) 03/28 21:58:27 Job submitted from host: <131.225.188.235:9618?addrs=131.225.188.235-9618&noUDP&sock=14994_371f_3>
...
001 (70945958.156.000) 03/28 22:00:33 Job executing on host: <131.225.205.197:9618?addrs=131.225.205.197-9618&noUDP&sock=1470_e04f_3>
...
006 (70945958.156.000) 03/28 22:01:45 Image size of job updated: 161
	161  -  MemoryUsage of job (MB)
	165424  -  ResidentSetSize of job (KB)
...
006 (70945958.156.000) 03/28 22:02:46 Image size of job updated: 172
	172  -  MemoryUsage of job (MB)
	176292  -  ResidentSetSize of job (KB)
...
006 (70945958.156.000) 03/28 22:03:47 Image size of job updated: 185
	185  -  MemoryUsage of job (MB)
	190268  -  ResidentSetSize of job (KB)
...
006 (70945958.156.000) 03/28 22:04:48 Image size of job updated: 187
	187  -  MemoryUsage of job (MB)
	192320  -  ResidentSetSize of job (KB)
...
005 (70945958.156.000) 03/28 22:04:48 Job terminated.
	(1) Normal termination (return value 0)
		Usr 0 00:03:25, Sys 0 00:00:10  -  Run Remote Usage
		Usr 0 00:00:00, Sys 0 00:00:00  -  Run Local Usage
		Usr 0 00:03:25, Sys 0 00:00:10  -  Total Remote Usage
		Usr 0 00:00:00, Sys 0 00:00:00  -  Total Local Usage
	153081  -  Run Bytes Sent By Job
	2247957  -  Run Bytes Received By Job
	153081  -  Total Bytes Sent By Job
	2247957  -  Total Bytes Received By Job
	Partitionable Resources :    Usage  Request Allocated 
	   Cpus                 :        0        1         1 
	   Disk (KB)            :     5201     2250   1696710 
	   Memory (MB)          :      187     2000      2000 
...
