000 (70945958.186.000) 03/28 21:58:27 Job submitted from host: <131.225.188.235:9618?addrs=131.225.188.235-9618&noUDP&sock=14994_371f_3>
...
001 (70945958.186.000) 03/28 22:00:41 Job executing on host: <131.225.188.40:9618?addrs=131.225.188.40-9618&noUDP&sock=1921_3985_3>
...
006 (70945958.186.000) 03/28 22:00:49 Image size of job updated: 5
	3  -  MemoryUsage of job (MB)
	4000  -  ResidentSetSize of job (KB)
...
006 (70945958.186.000) 03/28 22:01:49 Image size of job updated: 132
	132  -  MemoryUsage of job (MB)
	135760  -  ResidentSetSize of job (KB)
...
006 (70945958.186.000) 03/28 22:02:49 Image size of job updated: 149
	149  -  MemoryUsage of job (MB)
	153116  -  ResidentSetSize of job (KB)
...
006 (70945958.186.000) 03/28 22:03:50 Image size of job updated: 168
	168  -  MemoryUsage of job (MB)
	172500  -  ResidentSetSize of job (KB)
...
006 (70945958.186.000) 03/28 22:04:50 Image size of job updated: 170
	170  -  MemoryUsage of job (MB)
	174772  -  ResidentSetSize of job (KB)
...
006 (70945958.186.000) 03/28 22:05:51 Image size of job updated: 172
	172  -  MemoryUsage of job (MB)
	176960  -  ResidentSetSize of job (KB)
...
006 (70945958.186.000) 03/28 22:06:52 Image size of job updated: 186
	186  -  MemoryUsage of job (MB)
	191164  -  ResidentSetSize of job (KB)
...
006 (70945958.186.000) 03/28 22:07:53 Image size of job updated: 206
	206  -  MemoryUsage of job (MB)
	211436  -  ResidentSetSize of job (KB)
...
006 (70945958.186.000) 03/28 22:08:53 Image size of job updated: 206
	206  -  MemoryUsage of job (MB)
	211640  -  ResidentSetSize of job (KB)
...
006 (70945958.186.000) 03/28 22:09:53 Image size of job updated: 206
	206  -  MemoryUsage of job (MB)
	211756  -  ResidentSetSize of job (KB)
...
006 (70945958.186.000) 03/28 22:10:53 Image size of job updated: 208
	208  -  MemoryUsage of job (MB)
	213924  -  ResidentSetSize of job (KB)
...
006 (70945958.186.000) 03/28 22:11:48 Image size of job updated: 209
	209  -  MemoryUsage of job (MB)
	214072  -  ResidentSetSize of job (KB)
...
005 (70945958.186.000) 03/28 22:11:49 Job terminated.
	(1) Normal termination (return value 0)
		Usr 0 00:07:37, Sys 0 00:00:23  -  Run Remote Usage
		Usr 0 00:00:00, Sys 0 00:00:00  -  Run Local Usage
		Usr 0 00:07:37, Sys 0 00:00:23  -  Total Remote Usage
		Usr 0 00:00:00, Sys 0 00:00:00  -  Total Local Usage
	160129  -  Run Bytes Sent By Job
	2247957  -  Run Bytes Received By Job
	160129  -  Total Bytes Sent By Job
	2247957  -  Total Bytes Received By Job
	Partitionable Resources :    Usage  Request Allocated 
	   Cpus                 :     0.00        1         1 
	   Disk (KB)            :  5208        2250   1648389 
	   Memory (MB)          :   209        2000      2000 
...
