000 (70945958.068.000) 03/28 21:58:27 Job submitted from host: <131.225.188.235:9618?addrs=131.225.188.235-9618&noUDP&sock=14994_371f_3>
...
001 (70945958.068.000) 03/28 22:00:08 Job executing on host: <131.225.206.254:9618?addrs=131.225.206.254-9618&noUDP&sock=1147_5337_3>
...
006 (70945958.068.000) 03/28 22:01:17 Image size of job updated: 86
	86  -  MemoryUsage of job (MB)
	88944  -  ResidentSetSize of job (KB)
...
006 (70945958.068.000) 03/28 22:02:18 Image size of job updated: 166
	166  -  MemoryUsage of job (MB)
	170272  -  ResidentSetSize of job (KB)
...
006 (70945958.068.000) 03/28 22:03:18 Image size of job updated: 187
	187  -  MemoryUsage of job (MB)
	191984  -  ResidentSetSize of job (KB)
...
006 (70945958.068.000) 03/28 22:03:36 Image size of job updated: 188
	188  -  MemoryUsage of job (MB)
	192912  -  ResidentSetSize of job (KB)
...
005 (70945958.068.000) 03/28 22:03:38 Job terminated.
	(1) Normal termination (return value 0)
		Usr 0 00:02:31, Sys 0 00:00:10  -  Run Remote Usage
		Usr 0 00:00:00, Sys 0 00:00:00  -  Run Local Usage
		Usr 0 00:02:31, Sys 0 00:00:10  -  Total Remote Usage
		Usr 0 00:00:00, Sys 0 00:00:00  -  Total Local Usage
	153554  -  Run Bytes Sent By Job
	2247957  -  Run Bytes Received By Job
	153554  -  Total Bytes Sent By Job
	2247957  -  Total Bytes Received By Job
	Partitionable Resources :    Usage  Request Allocated 
	   Cpus                 :     0.01        1         1 
	   Disk (KB)            :  5201        2250    324131 
	   Memory (MB)          :   188        2000      2000 
...
