000 (70945958.210.000) 03/28 21:58:27 Job submitted from host: <131.225.188.235:9618?addrs=131.225.188.235-9618&noUDP&sock=14994_371f_3>
...
001 (70945958.210.000) 03/28 22:00:48 Job executing on host: <131.225.191.190:9618?addrs=131.225.191.190-9618&noUDP&sock=1181_a570_3>
...
006 (70945958.210.000) 03/28 22:01:58 Image size of job updated: 132
	132  -  MemoryUsage of job (MB)
	135756  -  ResidentSetSize of job (KB)
...
006 (70945958.210.000) 03/28 22:02:58 Image size of job updated: 168
	168  -  MemoryUsage of job (MB)
	172348  -  ResidentSetSize of job (KB)
...
006 (70945958.210.000) 03/28 22:03:58 Image size of job updated: 176
	176  -  MemoryUsage of job (MB)
	180956  -  ResidentSetSize of job (KB)
...
006 (70945958.210.000) 03/28 22:04:58 Image size of job updated: 178
	178  -  MemoryUsage of job (MB)
	183208  -  ResidentSetSize of job (KB)
...
006 (70945958.210.000) 03/28 22:05:58 Image size of job updated: 186
	186  -  MemoryUsage of job (MB)
	191292  -  ResidentSetSize of job (KB)
...
006 (70945958.210.000) 03/28 22:06:59 Image size of job updated: 206
	206  -  MemoryUsage of job (MB)
	211900  -  ResidentSetSize of job (KB)
...
006 (70945958.210.000) 03/28 22:08:00 Image size of job updated: 209
	209  -  MemoryUsage of job (MB)
	214152  -  ResidentSetSize of job (KB)
...
006 (70945958.210.000) 03/28 22:09:01 Image size of job updated: 209
	209  -  MemoryUsage of job (MB)
	214304  -  ResidentSetSize of job (KB)
...
006 (70945958.210.000) 03/28 22:10:01 Image size of job updated: 209
	209  -  MemoryUsage of job (MB)
	214424  -  ResidentSetSize of job (KB)
...
006 (70945958.210.000) 03/28 22:10:23 Image size of job updated: 209
	209  -  MemoryUsage of job (MB)
	214480  -  ResidentSetSize of job (KB)
...
005 (70945958.210.000) 03/28 22:10:24 Job terminated.
	(1) Normal termination (return value 0)
		Usr 0 00:07:11, Sys 0 00:00:23  -  Run Remote Usage
		Usr 0 00:00:00, Sys 0 00:00:00  -  Run Local Usage
		Usr 0 00:07:11, Sys 0 00:00:23  -  Total Remote Usage
		Usr 0 00:00:00, Sys 0 00:00:00  -  Total Local Usage
	160606  -  Run Bytes Sent By Job
	2247957  -  Run Bytes Received By Job
	160606  -  Total Bytes Sent By Job
	2247957  -  Total Bytes Received By Job
	Partitionable Resources :    Usage  Request Allocated 
	   Cpus                 :     0.00        1         1 
	   Disk (KB)            :  5208        2250    305131 
	   Memory (MB)          :   209        2000      2000 
...
