000 (70945958.177.000) 03/28 21:58:27 Job submitted from host: <131.225.188.235:9618?addrs=131.225.188.235-9618&noUDP&sock=14994_371f_3>
...
001 (70945958.177.000) 03/28 22:00:39 Job executing on host: <131.225.188.105:9618?addrs=131.225.188.105-9618&noUDP&sock=1920_89ed_3>
...
006 (70945958.177.000) 03/28 22:01:51 Image size of job updated: 33
	33  -  MemoryUsage of job (MB)
	34320  -  ResidentSetSize of job (KB)
...
006 (70945958.177.000) 03/28 22:02:52 Image size of job updated: 167
	167  -  MemoryUsage of job (MB)
	171212  -  ResidentSetSize of job (KB)
...
006 (70945958.177.000) 03/28 22:03:53 Image size of job updated: 169
	169  -  MemoryUsage of job (MB)
	173552  -  ResidentSetSize of job (KB)
...
006 (70945958.177.000) 03/28 22:04:54 Image size of job updated: 171
	171  -  MemoryUsage of job (MB)
	175292  -  ResidentSetSize of job (KB)
...
006 (70945958.177.000) 03/28 22:05:54 Image size of job updated: 173
	173  -  MemoryUsage of job (MB)
	177472  -  ResidentSetSize of job (KB)
...
006 (70945958.177.000) 03/28 22:06:54 Image size of job updated: 189
	189  -  MemoryUsage of job (MB)
	194480  -  ResidentSetSize of job (KB)
...
006 (70945958.177.000) 03/28 22:07:54 Image size of job updated: 206
	206  -  MemoryUsage of job (MB)
	211540  -  ResidentSetSize of job (KB)
...
006 (70945958.177.000) 03/28 22:08:55 Image size of job updated: 206
	206  -  MemoryUsage of job (MB)
	211740  -  ResidentSetSize of job (KB)
...
006 (70945958.177.000) 03/28 22:09:56 Image size of job updated: 206
	206  -  MemoryUsage of job (MB)
	211900  -  ResidentSetSize of job (KB)
...
006 (70945958.177.000) 03/28 22:10:57 Image size of job updated: 207
	207  -  MemoryUsage of job (MB)
	212448  -  ResidentSetSize of job (KB)
...
005 (70945958.177.000) 03/28 22:11:11 Job terminated.
	(1) Normal termination (return value 0)
		Usr 0 00:07:27, Sys 0 00:00:22  -  Run Remote Usage
		Usr 0 00:00:00, Sys 0 00:00:00  -  Run Local Usage
		Usr 0 00:07:27, Sys 0 00:00:22  -  Total Remote Usage
		Usr 0 00:00:00, Sys 0 00:00:00  -  Total Local Usage
	159338  -  Run Bytes Sent By Job
	2247957  -  Run Bytes Received By Job
	159338  -  Total Bytes Sent By Job
	2247957  -  Total Bytes Received By Job
	Partitionable Resources :    Usage  Request Allocated 
	   Cpus                 :        0        1         1 
	   Disk (KB)            :     5207     2250   1644053 
	   Memory (MB)          :      207     2000      2000 
...
