000 (70945958.120.000) 03/28 21:58:27 Job submitted from host: <131.225.188.235:9618?addrs=131.225.188.235-9618&noUDP&sock=14994_371f_3>
...
001 (70945958.120.000) 03/28 22:00:22 Job executing on host: <131.225.204.108:9618?addrs=131.225.204.108-9618&noUDP&sock=1155_cff9_3>
...
006 (70945958.120.000) 03/28 22:00:30 Image size of job updated: 14
	14  -  MemoryUsage of job (MB)
	15072  -  ResidentSetSize of job (KB)
...
006 (70945958.120.000) 03/28 22:01:30 Image size of job updated: 132
	132  -  MemoryUsage of job (MB)
	135744  -  ResidentSetSize of job (KB)
...
006 (70945958.120.000) 03/28 22:02:30 Image size of job updated: 168
	168  -  MemoryUsage of job (MB)
	172704  -  ResidentSetSize of job (KB)
...
006 (70945958.120.000) 03/28 22:03:30 Image size of job updated: 170
	170  -  MemoryUsage of job (MB)
	175004  -  ResidentSetSize of job (KB)
...
006 (70945958.120.000) 03/28 22:04:30 Image size of job updated: 173
	173  -  MemoryUsage of job (MB)
	177376  -  ResidentSetSize of job (KB)
...
006 (70945958.120.000) 03/28 22:05:31 Image size of job updated: 192
	192  -  MemoryUsage of job (MB)
	197204  -  ResidentSetSize of job (KB)
...
006 (70945958.120.000) 03/28 22:06:32 Image size of job updated: 210
	210  -  MemoryUsage of job (MB)
	215468  -  ResidentSetSize of job (KB)
...
006 (70945958.120.000) 03/28 22:07:33 Image size of job updated: 212
	212  -  MemoryUsage of job (MB)
	217668  -  ResidentSetSize of job (KB)
...
006 (70945958.120.000) 03/28 22:08:34 Image size of job updated: 212
	212  -  MemoryUsage of job (MB)
	217808  -  ResidentSetSize of job (KB)
...
006 (70945958.120.000) 03/28 22:09:34 Image size of job updated: 212
	212  -  MemoryUsage of job (MB)
	217904  -  ResidentSetSize of job (KB)
...
006 (70945958.120.000) 03/28 22:10:34 Image size of job updated: 212
	212  -  MemoryUsage of job (MB)
	218048  -  ResidentSetSize of job (KB)
...
005 (70945958.120.000) 03/28 22:10:41 Job terminated.
	(1) Normal termination (return value 0)
		Usr 0 00:07:32, Sys 0 00:00:25  -  Run Remote Usage
		Usr 0 00:00:00, Sys 0 00:00:00  -  Run Local Usage
		Usr 0 00:07:32, Sys 0 00:00:25  -  Total Remote Usage
		Usr 0 00:00:00, Sys 0 00:00:00  -  Total Local Usage
	159705  -  Run Bytes Sent By Job
	2247957  -  Run Bytes Received By Job
	159705  -  Total Bytes Sent By Job
	2247957  -  Total Bytes Received By Job
	Partitionable Resources :    Usage  Request Allocated 
	   Cpus                 :     0.00        1         1 
	   Disk (KB)            :  5207        2250    305519 
	   Memory (MB)          :   212        2000      2000 
...
