000 (70945958.087.000) 03/28 21:58:27 Job submitted from host: <131.225.188.235:9618?addrs=131.225.188.235-9618&noUDP&sock=14994_371f_3>
...
001 (70945958.087.000) 03/28 22:00:12 Job executing on host: <131.225.206.239:9618?addrs=131.225.206.239-9618&noUDP&sock=1148_02d0_3>
...
006 (70945958.087.000) 03/28 22:00:20 Image size of job updated: 24
	24  -  MemoryUsage of job (MB)
	24804  -  ResidentSetSize of job (KB)
...
006 (70945958.087.000) 03/28 22:01:21 Image size of job updated: 165
	165  -  MemoryUsage of job (MB)
	169368  -  ResidentSetSize of job (KB)
...
006 (70945958.087.000) 03/28 22:02:22 Image size of job updated: 189
	189  -  MemoryUsage of job (MB)
	193912  -  ResidentSetSize of job (KB)
...
006 (70945958.087.000) 03/28 22:03:16 Image size of job updated: 191
	191  -  MemoryUsage of job (MB)
	195744  -  ResidentSetSize of job (KB)
...
005 (70945958.087.000) 03/28 22:03:17 Job terminated.
	(1) Normal termination (return value 0)
		Usr 0 00:02:32, Sys 0 00:00:08  -  Run Remote Usage
		Usr 0 00:00:00, Sys 0 00:00:00  -  Run Local Usage
		Usr 0 00:02:32, Sys 0 00:00:08  -  Total Remote Usage
		Usr 0 00:00:00, Sys 0 00:00:00  -  Total Local Usage
	152523  -  Run Bytes Sent By Job
	2247957  -  Run Bytes Received By Job
	152523  -  Total Bytes Sent By Job
	2247957  -  Total Bytes Received By Job
	Partitionable Resources :    Usage  Request Allocated 
	   Cpus                 :     0.00        1         1 
	   Disk (KB)            :  5200        2250    321055 
	   Memory (MB)          :   191        2000      2000 
...
