000 (70945958.015.000) 03/28 21:58:27 Job submitted from host: <131.225.188.235:9618?addrs=131.225.188.235-9618&noUDP&sock=14994_371f_3>
...
001 (70945958.015.000) 03/28 21:59:56 Job executing on host: <131.225.206.199:9618?addrs=131.225.206.199-9618&noUDP&sock=1152_c131_3>
...
006 (70945958.015.000) 03/28 22:00:05 Image size of job updated: 65
	65  -  MemoryUsage of job (MB)
	66676  -  ResidentSetSize of job (KB)
...
006 (70945958.015.000) 03/28 22:01:07 Image size of job updated: 165
	165  -  MemoryUsage of job (MB)
	169464  -  ResidentSetSize of job (KB)
...
006 (70945958.015.000) 03/28 22:02:07 Image size of job updated: 189
	189  -  MemoryUsage of job (MB)
	194368  -  ResidentSetSize of job (KB)
...
005 (70945958.015.000) 03/28 22:02:54 Job terminated.
	(1) Normal termination (return value 0)
		Usr 0 00:01:30, Sys 0 00:00:06  -  Run Remote Usage
		Usr 0 00:00:00, Sys 0 00:00:00  -  Run Local Usage
		Usr 0 00:01:30, Sys 0 00:00:06  -  Total Remote Usage
		Usr 0 00:00:00, Sys 0 00:00:00  -  Total Local Usage
	152449  -  Run Bytes Sent By Job
	2247957  -  Run Bytes Received By Job
	152449  -  Total Bytes Sent By Job
	2247957  -  Total Bytes Received By Job
	Partitionable Resources :    Usage  Request Allocated 
	   Cpus                 :        0        1         1 
	   Disk (KB)            :     5200     2250    322375 
	   Memory (MB)          :      189     2000      2000 
...
