000 (70945958.021.000) 03/28 21:58:27 Job submitted from host: <131.225.188.235:9618?addrs=131.225.188.235-9618&noUDP&sock=14994_371f_3>
...
001 (70945958.021.000) 03/28 21:59:58 Job executing on host: <131.225.206.17:9618?addrs=131.225.206.17-9618&noUDP&sock=1164_fc54_3>
...
006 (70945958.021.000) 03/28 22:00:07 Image size of job updated: 11
	11  -  MemoryUsage of job (MB)
	11864  -  ResidentSetSize of job (KB)
...
006 (70945958.021.000) 03/28 22:01:08 Image size of job updated: 163
	163  -  MemoryUsage of job (MB)
	167860  -  ResidentSetSize of job (KB)
...
006 (70945958.021.000) 03/28 22:02:09 Image size of job updated: 164
	164  -  MemoryUsage of job (MB)
	168656  -  ResidentSetSize of job (KB)
...
006 (70945958.021.000) 03/28 22:03:11 Image size of job updated: 186
	186  -  MemoryUsage of job (MB)
	190840  -  ResidentSetSize of job (KB)
...
006 (70945958.021.000) 03/28 22:03:47 Image size of job updated: 188
	188  -  MemoryUsage of job (MB)
	192864  -  ResidentSetSize of job (KB)
...
005 (70945958.021.000) 03/28 22:03:48 Job terminated.
	(1) Normal termination (return value 0)
		Usr 0 00:02:27, Sys 0 00:00:11  -  Run Remote Usage
		Usr 0 00:00:00, Sys 0 00:00:00  -  Run Local Usage
		Usr 0 00:02:27, Sys 0 00:00:11  -  Total Remote Usage
		Usr 0 00:00:00, Sys 0 00:00:00  -  Total Local Usage
	153550  -  Run Bytes Sent By Job
	2247957  -  Run Bytes Received By Job
	153550  -  Total Bytes Sent By Job
	2247957  -  Total Bytes Received By Job
	Partitionable Resources :    Usage  Request Allocated 
	   Cpus                 :        0        1         1 
	   Disk (KB)            :     5201     2250    316001 
	   Memory (MB)          :      188     2000      2000 
...
