000 (70945958.238.000) 03/28 21:58:27 Job submitted from host: <131.225.188.235:9618?addrs=131.225.188.235-9618&noUDP&sock=14994_371f_3>
...
001 (70945958.238.000) 03/28 22:00:55 Job executing on host: <131.225.191.131:9618?addrs=131.225.191.131-9618&noUDP&sock=1157_2f2a_3>
...
006 (70945958.238.000) 03/28 22:01:04 Image size of job updated: 35
	35  -  MemoryUsage of job (MB)
	36604  -  ResidentSetSize of job (KB)
...
006 (70945958.238.000) 03/28 22:02:04 Image size of job updated: 164
	164  -  MemoryUsage of job (MB)
	168908  -  ResidentSetSize of job (KB)
...
006 (70945958.238.000) 03/28 22:03:04 Image size of job updated: 189
	189  -  MemoryUsage of job (MB)
	193908  -  ResidentSetSize of job (KB)
...
006 (70945958.238.000) 03/28 22:03:34 Image size of job updated: 192
	192  -  MemoryUsage of job (MB)
	196960  -  ResidentSetSize of job (KB)
...
005 (70945958.238.000) 03/28 22:03:35 Job terminated.
	(1) Normal termination (return value 0)
		Usr 0 00:02:08, Sys 0 00:00:06  -  Run Remote Usage
		Usr 0 00:00:00, Sys 0 00:00:00  -  Run Local Usage
		Usr 0 00:02:08, Sys 0 00:00:06  -  Total Remote Usage
		Usr 0 00:00:00, Sys 0 00:00:00  -  Total Local Usage
	152490  -  Run Bytes Sent By Job
	2247957  -  Run Bytes Received By Job
	152490  -  Total Bytes Sent By Job
	2247957  -  Total Bytes Received By Job
	Partitionable Resources :    Usage  Request Allocated 
	   Cpus                 :        0        1         1 
	   Disk (KB)            :     5200     2250    308080 
	   Memory (MB)          :      192     2000      2000 
...
