000 (70945958.049.000) 03/28 21:58:27 Job submitted from host: <131.225.188.235:9618?addrs=131.225.188.235-9618&noUDP&sock=14994_371f_3>
...
001 (70945958.049.000) 03/28 22:00:07 Job executing on host: <131.225.205.213:9618?addrs=131.225.205.213-9618&noUDP&sock=1476_fde0_3>
...
006 (70945958.049.000) 03/28 22:01:15 Image size of job updated: 27
	27  -  MemoryUsage of job (MB)
	27664  -  ResidentSetSize of job (KB)
...
006 (70945958.049.000) 03/28 22:02:15 Image size of job updated: 28
	28  -  MemoryUsage of job (MB)
	28680  -  ResidentSetSize of job (KB)
...
006 (70945958.049.000) 03/28 22:03:15 Image size of job updated: 33
	33  -  MemoryUsage of job (MB)
	34240  -  ResidentSetSize of job (KB)
...
006 (70945958.049.000) 03/28 22:04:15 Image size of job updated: 164
	164  -  MemoryUsage of job (MB)
	168116  -  ResidentSetSize of job (KB)
...
006 (70945958.049.000) 03/28 22:05:16 Image size of job updated: 172
	172  -  MemoryUsage of job (MB)
	176660  -  ResidentSetSize of job (KB)
...
006 (70945958.049.000) 03/28 22:06:16 Image size of job updated: 191
	191  -  MemoryUsage of job (MB)
	195584  -  ResidentSetSize of job (KB)
...
006 (70945958.049.000) 03/28 22:07:15 Image size of job updated: 192
	192  -  MemoryUsage of job (MB)
	197388  -  ResidentSetSize of job (KB)
...
005 (70945958.049.000) 03/28 22:07:16 Job terminated.
	(1) Normal termination (return value 0)
		Usr 0 00:03:38, Sys 0 00:00:15  -  Run Remote Usage
		Usr 0 00:00:00, Sys 0 00:00:00  -  Run Local Usage
		Usr 0 00:03:38, Sys 0 00:00:15  -  Total Remote Usage
		Usr 0 00:00:00, Sys 0 00:00:00  -  Total Local Usage
	154116  -  Run Bytes Sent By Job
	2247957  -  Run Bytes Received By Job
	154116  -  Total Bytes Sent By Job
	2247957  -  Total Bytes Received By Job
	Partitionable Resources :    Usage  Request Allocated 
	   Cpus                 :        0        1         1 
	   Disk (KB)            :     5203     2250   1683486 
	   Memory (MB)          :      192     2000      2000 
...
