000 (70945958.243.000) 03/28 21:58:27 Job submitted from host: <131.225.188.235:9618?addrs=131.225.188.235-9618&noUDP&sock=14994_371f_3>
...
001 (70945958.243.000) 03/28 22:00:55 Job executing on host: <131.225.191.161:9618?addrs=131.225.191.161-9618&noUDP&sock=1154_2061_3>
...
006 (70945958.243.000) 03/28 22:01:03 Image size of job updated: 95
	95  -  MemoryUsage of job (MB)
	97480  -  ResidentSetSize of job (KB)
...
006 (70945958.243.000) 03/28 22:02:03 Image size of job updated: 164
	164  -  MemoryUsage of job (MB)
	168332  -  ResidentSetSize of job (KB)
...
006 (70945958.243.000) 03/28 22:03:03 Image size of job updated: 185
	185  -  MemoryUsage of job (MB)
	189460  -  ResidentSetSize of job (KB)
...
006 (70945958.243.000) 03/28 22:03:32 Image size of job updated: 186
	186  -  MemoryUsage of job (MB)
	191296  -  ResidentSetSize of job (KB)
...
005 (70945958.243.000) 03/28 22:03:32 Job terminated.
	(1) Normal termination (return value 0)
		Usr 0 00:02:12, Sys 0 00:00:05  -  Run Remote Usage
		Usr 0 00:00:00, Sys 0 00:00:00  -  Run Local Usage
		Usr 0 00:02:12, Sys 0 00:00:05  -  Total Remote Usage
		Usr 0 00:00:00, Sys 0 00:00:00  -  Total Local Usage
	152294  -  Run Bytes Sent By Job
	2247957  -  Run Bytes Received By Job
	152294  -  Total Bytes Sent By Job
	2247957  -  Total Bytes Received By Job
	Partitionable Resources :    Usage  Request Allocated 
	   Cpus                 :        0        1         1 
	   Disk (KB)            :     5200     2250    304407 
	   Memory (MB)          :      186     2000      2000 
...
