000 (70945958.011.000) 03/28 21:58:27 Job submitted from host: <131.225.188.235:9618?addrs=131.225.188.235-9618&noUDP&sock=14994_371f_3>
...
001 (70945958.011.000) 03/28 21:59:55 Job executing on host: <131.225.204.83:9618?addrs=131.225.204.83-9618&noUDP&sock=1159_8e5a_3>
...
006 (70945958.011.000) 03/28 22:00:04 Image size of job updated: 58
	58  -  MemoryUsage of job (MB)
	60004  -  ResidentSetSize of job (KB)
...
006 (70945958.011.000) 03/28 22:01:05 Image size of job updated: 165
	165  -  MemoryUsage of job (MB)
	169044  -  ResidentSetSize of job (KB)
...
006 (70945958.011.000) 03/28 22:02:06 Image size of job updated: 188
	188  -  MemoryUsage of job (MB)
	193384  -  ResidentSetSize of job (KB)
...
006 (70945958.011.000) 03/28 22:03:07 Image size of job updated: 196
	196  -  MemoryUsage of job (MB)
	201364  -  ResidentSetSize of job (KB)
...
006 (70945958.011.000) 03/28 22:03:15 Image size of job updated: 197
	197  -  MemoryUsage of job (MB)
	202260  -  ResidentSetSize of job (KB)
...
005 (70945958.011.000) 03/28 22:03:16 Job terminated.
	(1) Normal termination (return value 0)
		Usr 0 00:02:28, Sys 0 00:00:07  -  Run Remote Usage
		Usr 0 00:00:00, Sys 0 00:00:00  -  Run Local Usage
		Usr 0 00:02:28, Sys 0 00:00:07  -  Total Remote Usage
		Usr 0 00:00:00, Sys 0 00:00:00  -  Total Local Usage
	152688  -  Run Bytes Sent By Job
	2247957  -  Run Bytes Received By Job
	152688  -  Total Bytes Sent By Job
	2247957  -  Total Bytes Received By Job
	Partitionable Resources :    Usage  Request Allocated 
	   Cpus                 :     0.00        1         1 
	   Disk (KB)            :  5200        2250    319690 
	   Memory (MB)          :   197        2000      2000 
...
