000 (70945958.066.000) 03/28 21:58:27 Job submitted from host: <131.225.188.235:9618?addrs=131.225.188.235-9618&noUDP&sock=14994_371f_3>
...
001 (70945958.066.000) 03/28 22:00:09 Job executing on host: <131.225.206.163:9618?addrs=131.225.206.163-9618&noUDP&sock=1152_c131_3>
...
006 (70945958.066.000) 03/28 22:00:17 Image size of job updated: 15
	15  -  MemoryUsage of job (MB)
	16184  -  ResidentSetSize of job (KB)
...
006 (70945958.066.000) 03/28 22:01:18 Image size of job updated: 164
	164  -  MemoryUsage of job (MB)
	168044  -  ResidentSetSize of job (KB)
...
006 (70945958.066.000) 03/28 22:02:19 Image size of job updated: 166
	166  -  MemoryUsage of job (MB)
	170152  -  ResidentSetSize of job (KB)
...
006 (70945958.066.000) 03/28 22:03:19 Image size of job updated: 191
	191  -  MemoryUsage of job (MB)
	195720  -  ResidentSetSize of job (KB)
...
006 (70945958.066.000) 03/28 22:03:27 Image size of job updated: 192
	192  -  MemoryUsage of job (MB)
	196656  -  ResidentSetSize of job (KB)
...
005 (70945958.066.000) 03/28 22:03:27 Job terminated.
	(1) Normal termination (return value 0)
		Usr 0 00:02:32, Sys 0 00:00:09  -  Run Remote Usage
		Usr 0 00:00:00, Sys 0 00:00:00  -  Run Local Usage
		Usr 0 00:02:32, Sys 0 00:00:09  -  Total Remote Usage
		Usr 0 00:00:00, Sys 0 00:00:00  -  Total Local Usage
	153828  -  Run Bytes Sent By Job
	2247957  -  Run Bytes Received By Job
	153828  -  Total Bytes Sent By Job
	2247957  -  Total Bytes Received By Job
	Partitionable Resources :    Usage  Request Allocated 
	   Cpus                 :        0        1         1 
	   Disk (KB)            :     5201     2250    320891 
	   Memory (MB)          :      192     2000      2000 
...
