000 (70945958.246.000) 03/28 21:58:27 Job submitted from host: <131.225.188.235:9618?addrs=131.225.188.235-9618&noUDP&sock=14994_371f_3>
...
001 (70945958.246.000) 03/28 22:00:55 Job executing on host: <131.225.206.5:9618?addrs=131.225.206.5-9618&noUDP&sock=1154_2061_3>
...
006 (70945958.246.000) 03/28 22:01:04 Image size of job updated: 71
	71  -  MemoryUsage of job (MB)
	73328  -  ResidentSetSize of job (KB)
...
006 (70945958.246.000) 03/28 22:02:04 Image size of job updated: 167
	167  -  MemoryUsage of job (MB)
	171208  -  ResidentSetSize of job (KB)
...
006 (70945958.246.000) 03/28 22:03:04 Image size of job updated: 168
	168  -  MemoryUsage of job (MB)
	172540  -  ResidentSetSize of job (KB)
...
006 (70945958.246.000) 03/28 22:04:04 Image size of job updated: 170
	170  -  MemoryUsage of job (MB)
	174964  -  ResidentSetSize of job (KB)
...
006 (70945958.246.000) 03/28 22:05:04 Image size of job updated: 173
	173  -  MemoryUsage of job (MB)
	177208  -  ResidentSetSize of job (KB)
...
006 (70945958.246.000) 03/28 22:06:04 Image size of job updated: 185
	185  -  MemoryUsage of job (MB)
	190428  -  ResidentSetSize of job (KB)
...
006 (70945958.246.000) 03/28 22:07:05 Image size of job updated: 207
	207  -  MemoryUsage of job (MB)
	212200  -  ResidentSetSize of job (KB)
...
006 (70945958.246.000) 03/28 22:08:06 Image size of job updated: 207
	207  -  MemoryUsage of job (MB)
	212376  -  ResidentSetSize of job (KB)
...
006 (70945958.246.000) 03/28 22:09:07 Image size of job updated: 207
	207  -  MemoryUsage of job (MB)
	212524  -  ResidentSetSize of job (KB)
...
006 (70945958.246.000) 03/28 22:10:07 Image size of job updated: 207
	207  -  MemoryUsage of job (MB)
	212676  -  ResidentSetSize of job (KB)
...
006 (70945958.246.000) 03/28 22:11:07 Image size of job updated: 208
	208  -  MemoryUsage of job (MB)
	213052  -  ResidentSetSize of job (KB)
...
005 (70945958.246.000) 03/28 22:11:08 Job terminated.
	(1) Normal termination (return value 0)
		Usr 0 00:07:47, Sys 0 00:00:24  -  Run Remote Usage
		Usr 0 00:00:00, Sys 0 00:00:00  -  Run Local Usage
		Usr 0 00:07:47, Sys 0 00:00:24  -  Total Remote Usage
		Usr 0 00:00:00, Sys 0 00:00:00  -  Total Local Usage
	159170  -  Run Bytes Sent By Job
	2247957  -  Run Bytes Received By Job
	159170  -  Total Bytes Sent By Job
	2247957  -  Total Bytes Received By Job
	Partitionable Resources :    Usage  Request Allocated 
	   Cpus                 :        0        1         1 
	   Disk (KB)            :     5207     2250    318156 
	   Memory (MB)          :      208     2000      2000 
...
