000 (70945958.076.000) 03/28 21:58:27 Job submitted from host: <131.225.188.235:9618?addrs=131.225.188.235-9618&noUDP&sock=14994_371f_3>
...
001 (70945958.076.000) 03/28 22:00:10 Job executing on host: <131.225.206.233:9618?addrs=131.225.206.233-9618&noUDP&sock=1159_8e5a_3>
...
006 (70945958.076.000) 03/28 22:01:20 Image size of job updated: 164
	164  -  MemoryUsage of job (MB)
	168160  -  ResidentSetSize of job (KB)
...
006 (70945958.076.000) 03/28 22:02:21 Image size of job updated: 167
	167  -  MemoryUsage of job (MB)
	171024  -  ResidentSetSize of job (KB)
...
006 (70945958.076.000) 03/28 22:03:22 Image size of job updated: 190
	190  -  MemoryUsage of job (MB)
	195136  -  ResidentSetSize of job (KB)
...
005 (70945958.076.000) 03/28 22:03:32 Job terminated.
	(1) Normal termination (return value 0)
		Usr 0 00:02:30, Sys 0 00:00:07  -  Run Remote Usage
		Usr 0 00:00:00, Sys 0 00:00:00  -  Run Local Usage
		Usr 0 00:02:30, Sys 0 00:00:07  -  Total Remote Usage
		Usr 0 00:00:00, Sys 0 00:00:00  -  Total Local Usage
	152916  -  Run Bytes Sent By Job
	2247957  -  Run Bytes Received By Job
	152916  -  Total Bytes Sent By Job
	2247957  -  Total Bytes Received By Job
	Partitionable Resources :    Usage  Request Allocated 
	   Cpus                 :        0        1         1 
	   Disk (KB)            :     5200     2250    311718 
	   Memory (MB)          :      190     2000      2000 
...
