000 (70945958.126.000) 03/28 21:58:27 Job submitted from host: <131.225.188.235:9618?addrs=131.225.188.235-9618&noUDP&sock=14994_371f_3>
...
001 (70945958.126.000) 03/28 22:00:24 Job executing on host: <131.225.206.197:9618?addrs=131.225.206.197-9618&noUDP&sock=1157_2f2a_3>
...
006 (70945958.126.000) 03/28 22:00:33 Image size of job updated: 5
	4  -  MemoryUsage of job (MB)
	4644  -  ResidentSetSize of job (KB)
...
006 (70945958.126.000) 03/28 22:01:35 Image size of job updated: 132
	132  -  MemoryUsage of job (MB)
	135756  -  ResidentSetSize of job (KB)
...
006 (70945958.126.000) 03/28 22:02:35 Image size of job updated: 168
	168  -  MemoryUsage of job (MB)
	172300  -  ResidentSetSize of job (KB)
...
006 (70945958.126.000) 03/28 22:03:36 Image size of job updated: 170
	170  -  MemoryUsage of job (MB)
	174540  -  ResidentSetSize of job (KB)
...
006 (70945958.126.000) 03/28 22:04:37 Image size of job updated: 178
	178  -  MemoryUsage of job (MB)
	183196  -  ResidentSetSize of job (KB)
...
006 (70945958.126.000) 03/28 22:05:38 Image size of job updated: 186
	186  -  MemoryUsage of job (MB)
	191144  -  ResidentSetSize of job (KB)
...
006 (70945958.126.000) 03/28 22:06:38 Image size of job updated: 207
	207  -  MemoryUsage of job (MB)
	212488  -  ResidentSetSize of job (KB)
...
006 (70945958.126.000) 03/28 22:07:38 Image size of job updated: 207
	207  -  MemoryUsage of job (MB)
	212644  -  ResidentSetSize of job (KB)
...
006 (70945958.126.000) 03/28 22:08:38 Image size of job updated: 207
	207  -  MemoryUsage of job (MB)
	212784  -  ResidentSetSize of job (KB)
...
006 (70945958.126.000) 03/28 22:09:39 Image size of job updated: 207
	207  -  MemoryUsage of job (MB)
	212892  -  ResidentSetSize of job (KB)
...
006 (70945958.126.000) 03/28 22:10:40 Image size of job updated: 208
	208  -  MemoryUsage of job (MB)
	213316  -  ResidentSetSize of job (KB)
...
005 (70945958.126.000) 03/28 22:10:47 Job terminated.
	(1) Normal termination (return value 0)
		Usr 0 00:07:53, Sys 0 00:00:27  -  Run Remote Usage
		Usr 0 00:00:00, Sys 0 00:00:00  -  Run Local Usage
		Usr 0 00:07:53, Sys 0 00:00:27  -  Total Remote Usage
		Usr 0 00:00:00, Sys 0 00:00:00  -  Total Local Usage
	160491  -  Run Bytes Sent By Job
	2247957  -  Run Bytes Received By Job
	160491  -  Total Bytes Sent By Job
	2247957  -  Total Bytes Received By Job
	Partitionable Resources :    Usage  Request Allocated 
	   Cpus                 :     0.00        1         1 
	   Disk (KB)            :  5208        2250    301486 
	   Memory (MB)          :     4        2000      2000 
...
