000 (70945958.141.000) 03/28 21:58:27 Job submitted from host: <131.225.188.235:9618?addrs=131.225.188.235-9618&noUDP&sock=14994_371f_3>
...
001 (70945958.141.000) 03/28 22:00:28 Job executing on host: <131.225.205.183:9618?addrs=131.225.205.183-9618&noUDP&sock=1456_45fb_3>
...
006 (70945958.141.000) 03/28 22:01:37 Image size of job updated: 148
	148  -  MemoryUsage of job (MB)
	152120  -  ResidentSetSize of job (KB)
...
006 (70945958.141.000) 03/28 22:03:38 Image size of job updated: 167
	167  -  MemoryUsage of job (MB)
	171492  -  ResidentSetSize of job (KB)
...
006 (70945958.141.000) 03/28 22:04:38 Image size of job updated: 174
	174  -  MemoryUsage of job (MB)
	178236  -  ResidentSetSize of job (KB)
...
006 (70945958.141.000) 03/28 22:05:39 Image size of job updated: 177
	177  -  MemoryUsage of job (MB)
	181644  -  ResidentSetSize of job (KB)
...
006 (70945958.141.000) 03/28 22:06:40 Image size of job updated: 179
	179  -  MemoryUsage of job (MB)
	183396  -  ResidentSetSize of job (KB)
...
006 (70945958.141.000) 03/28 22:07:41 Image size of job updated: 186
	186  -  MemoryUsage of job (MB)
	191284  -  ResidentSetSize of job (KB)
...
006 (70945958.141.000) 03/28 22:08:41 Image size of job updated: 207
	207  -  MemoryUsage of job (MB)
	212688  -  ResidentSetSize of job (KB)
...
006 (70945958.141.000) 03/28 22:09:41 Image size of job updated: 207
	207  -  MemoryUsage of job (MB)
	212944  -  ResidentSetSize of job (KB)
...
006 (70945958.141.000) 03/28 22:10:41 Image size of job updated: 208
	208  -  MemoryUsage of job (MB)
	213060  -  ResidentSetSize of job (KB)
...
006 (70945958.141.000) 03/28 22:11:42 Image size of job updated: 208
	208  -  MemoryUsage of job (MB)
	213192  -  ResidentSetSize of job (KB)
...
006 (70945958.141.000) 03/28 22:12:43 Image size of job updated: 210
	210  -  MemoryUsage of job (MB)
	215284  -  ResidentSetSize of job (KB)
...
006 (70945958.141.000) 03/28 22:13:44 Image size of job updated: 210
	210  -  MemoryUsage of job (MB)
	215400  -  ResidentSetSize of job (KB)
...
005 (70945958.141.000) 03/28 22:13:55 Job terminated.
	(1) Normal termination (return value 0)
		Usr 0 00:10:14, Sys 0 00:00:30  -  Run Remote Usage
		Usr 0 00:00:00, Sys 0 00:00:00  -  Run Local Usage
		Usr 0 00:10:14, Sys 0 00:00:30  -  Total Remote Usage
		Usr 0 00:00:00, Sys 0 00:00:00  -  Total Local Usage
	161960  -  Run Bytes Sent By Job
	2247957  -  Run Bytes Received By Job
	161960  -  Total Bytes Sent By Job
	2247957  -  Total Bytes Received By Job
	Partitionable Resources :    Usage  Request Allocated 
	   Cpus                 :        0        1         1 
	   Disk (KB)            :     5210     2250   1634191 
	   Memory (MB)          :        4     2000      2000 
...
