000 (70945958.037.000) 03/28 21:58:27 Job submitted from host: <131.225.188.235:9618?addrs=131.225.188.235-9618&noUDP&sock=14994_371f_3>
...
001 (70945958.037.000) 03/28 22:00:07 Job executing on host: <131.225.205.184:9618?addrs=131.225.205.184-9618&noUDP&sock=1465_7255_3>
...
006 (70945958.037.000) 03/28 22:01:17 Image size of job updated: 132
	132  -  MemoryUsage of job (MB)
	135748  -  ResidentSetSize of job (KB)
...
006 (70945958.037.000) 03/28 22:04:19 Image size of job updated: 164
	164  -  MemoryUsage of job (MB)
	168324  -  ResidentSetSize of job (KB)
...
006 (70945958.037.000) 03/28 22:05:19 Image size of job updated: 165
	165  -  MemoryUsage of job (MB)
	169920  -  ResidentSetSize of job (KB)
...
006 (70945958.037.000) 03/28 22:06:19 Image size of job updated: 191
	191  -  MemoryUsage of job (MB)
	195912  -  ResidentSetSize of job (KB)
...
006 (70945958.037.000) 03/28 22:07:10 Image size of job updated: 199
	199  -  MemoryUsage of job (MB)
	204236  -  ResidentSetSize of job (KB)
...
005 (70945958.037.000) 03/28 22:07:11 Job terminated.
	(1) Normal termination (return value 0)
		Usr 0 00:03:31, Sys 0 00:00:10  -  Run Remote Usage
		Usr 0 00:00:00, Sys 0 00:00:00  -  Run Local Usage
		Usr 0 00:03:31, Sys 0 00:00:10  -  Total Remote Usage
		Usr 0 00:00:00, Sys 0 00:00:00  -  Total Local Usage
	155350  -  Run Bytes Sent By Job
	2247957  -  Run Bytes Received By Job
	155350  -  Total Bytes Sent By Job
	2247957  -  Total Bytes Received By Job
	Partitionable Resources :    Usage  Request Allocated 
	   Cpus                 :     0.00        1         1 
	   Disk (KB)            :  5204        2250   1639347 
	   Memory (MB)          :   199        2000      2000 
...
