000 (70945958.080.000) 03/28 21:58:27 Job submitted from host: <131.225.188.235:9618?addrs=131.225.188.235-9618&noUDP&sock=14994_371f_3>
...
001 (70945958.080.000) 03/28 22:00:10 Job executing on host: <131.225.206.203:9618?addrs=131.225.206.203-9618&noUDP&sock=1179_463f_3>
...
006 (70945958.080.000) 03/28 22:00:19 Image size of job updated: 17
	17  -  MemoryUsage of job (MB)
	17556  -  ResidentSetSize of job (KB)
...
006 (70945958.080.000) 03/28 22:01:20 Image size of job updated: 164
	164  -  MemoryUsage of job (MB)
	167972  -  ResidentSetSize of job (KB)
...
006 (70945958.080.000) 03/28 22:02:21 Image size of job updated: 166
	166  -  MemoryUsage of job (MB)
	170936  -  ResidentSetSize of job (KB)
...
006 (70945958.080.000) 03/28 22:03:21 Image size of job updated: 199
	199  -  MemoryUsage of job (MB)
	204452  -  ResidentSetSize of job (KB)
...
005 (70945958.080.000) 03/28 22:03:28 Job terminated.
	(1) Normal termination (return value 0)
		Usr 0 00:02:23, Sys 0 00:00:08  -  Run Remote Usage
		Usr 0 00:00:00, Sys 0 00:00:00  -  Run Local Usage
		Usr 0 00:02:23, Sys 0 00:00:08  -  Total Remote Usage
		Usr 0 00:00:00, Sys 0 00:00:00  -  Total Local Usage
	153098  -  Run Bytes Sent By Job
	2247957  -  Run Bytes Received By Job
	153098  -  Total Bytes Sent By Job
	2247957  -  Total Bytes Received By Job
	Partitionable Resources :    Usage  Request Allocated 
	   Cpus                 :        0        1         1 
	   Disk (KB)            :     5201     2250    324747 
	   Memory (MB)          :      199     2000      2000 
...
