000 (70945958.203.000) 03/28 21:58:27 Job submitted from host: <131.225.188.235:9618?addrs=131.225.188.235-9618&noUDP&sock=14994_371f_3>
...
001 (70945958.203.000) 03/28 22:00:45 Job executing on host: <131.225.206.229:9618?addrs=131.225.206.229-9618&noUDP&sock=1157_2f2a_3>
...
006 (70945958.203.000) 03/28 22:01:53 Image size of job updated: 132
	132  -  MemoryUsage of job (MB)
	135756  -  ResidentSetSize of job (KB)
...
006 (70945958.203.000) 03/28 22:02:53 Image size of job updated: 167
	167  -  MemoryUsage of job (MB)
	171360  -  ResidentSetSize of job (KB)
...
006 (70945958.203.000) 03/28 22:03:54 Image size of job updated: 169
	169  -  MemoryUsage of job (MB)
	173776  -  ResidentSetSize of job (KB)
...
006 (70945958.203.000) 03/28 22:04:55 Image size of job updated: 178
	178  -  MemoryUsage of job (MB)
	182532  -  ResidentSetSize of job (KB)
...
006 (70945958.203.000) 03/28 22:05:56 Image size of job updated: 179
	179  -  MemoryUsage of job (MB)
	184112  -  ResidentSetSize of job (KB)
...
006 (70945958.203.000) 03/28 22:06:58 Image size of job updated: 187
	187  -  MemoryUsage of job (MB)
	191704  -  ResidentSetSize of job (KB)
...
006 (70945958.203.000) 03/28 22:07:58 Image size of job updated: 210
	210  -  MemoryUsage of job (MB)
	215140  -  ResidentSetSize of job (KB)
...
006 (70945958.203.000) 03/28 22:08:58 Image size of job updated: 210
	210  -  MemoryUsage of job (MB)
	215292  -  ResidentSetSize of job (KB)
...
006 (70945958.203.000) 03/28 22:09:58 Image size of job updated: 210
	210  -  MemoryUsage of job (MB)
	215440  -  ResidentSetSize of job (KB)
...
006 (70945958.203.000) 03/28 22:10:58 Image size of job updated: 210
	210  -  MemoryUsage of job (MB)
	215592  -  ResidentSetSize of job (KB)
...
006 (70945958.203.000) 03/28 22:11:24 Image size of job updated: 210
	210  -  MemoryUsage of job (MB)
	215744  -  ResidentSetSize of job (KB)
...
005 (70945958.203.000) 03/28 22:11:24 Job terminated.
	(1) Normal termination (return value 0)
		Usr 0 00:07:41, Sys 0 00:00:23  -  Run Remote Usage
		Usr 0 00:00:00, Sys 0 00:00:00  -  Run Local Usage
		Usr 0 00:07:41, Sys 0 00:00:23  -  Total Remote Usage
		Usr 0 00:00:00, Sys 0 00:00:00  -  Total Local Usage
	217296  -  Run Bytes Sent By Job
	2247957  -  Run Bytes Received By Job
	217296  -  Total Bytes Sent By Job
	2247957  -  Total Bytes Received By Job
	Partitionable Resources :    Usage  Request Allocated 
	   Cpus                 :        0        1         1 
	   Disk (KB)            :   228435     2250    310457 
	   Memory (MB)          :      210     2000      2000 
...
