000 (70945958.069.000) 03/28 21:58:27 Job submitted from host: <131.225.188.235:9618?addrs=131.225.188.235-9618&noUDP&sock=14994_371f_3>
...
001 (70945958.069.000) 03/28 22:00:13 Job executing on host: <131.225.191.186:9618?addrs=131.225.191.186-9618&noUDP&sock=1158_dec2_3>
...
006 (70945958.069.000) 03/28 22:01:23 Image size of job updated: 34
	34  -  MemoryUsage of job (MB)
	35308  -  ResidentSetSize of job (KB)
...
006 (70945958.069.000) 03/28 22:02:23 Image size of job updated: 165
	165  -  MemoryUsage of job (MB)
	169240  -  ResidentSetSize of job (KB)
...
006 (70945958.069.000) 03/28 22:03:23 Image size of job updated: 189
	189  -  MemoryUsage of job (MB)
	194316  -  ResidentSetSize of job (KB)
...
006 (70945958.069.000) 03/28 22:04:13 Image size of job updated: 197
	197  -  MemoryUsage of job (MB)
	202576  -  ResidentSetSize of job (KB)
...
005 (70945958.069.000) 03/28 22:04:14 Job terminated.
	(1) Normal termination (return value 0)
		Usr 0 00:02:30, Sys 0 00:00:10  -  Run Remote Usage
		Usr 0 00:00:00, Sys 0 00:00:00  -  Run Local Usage
		Usr 0 00:02:30, Sys 0 00:00:10  -  Total Remote Usage
		Usr 0 00:00:00, Sys 0 00:00:00  -  Total Local Usage
	154433  -  Run Bytes Sent By Job
	2247957  -  Run Bytes Received By Job
	154433  -  Total Bytes Sent By Job
	2247957  -  Total Bytes Received By Job
	Partitionable Resources :    Usage  Request Allocated 
	   Cpus                 :     0.00        1         1 
	   Disk (KB)            :  5202        2250    319264 
	   Memory (MB)          :   197        2000      2000 
...
