000 (70945958.131.000) 03/28 21:58:27 Job submitted from host: <131.225.188.235:9618?addrs=131.225.188.235-9618&noUDP&sock=14994_371f_3>
...
001 (70945958.131.000) 03/28 22:00:25 Job executing on host: <131.225.205.172:9618?addrs=131.225.205.172-9618&noUDP&sock=1451_d802_3>
...
006 (70945958.131.000) 03/28 22:01:33 Image size of job updated: 132
	132  -  MemoryUsage of job (MB)
	135764  -  ResidentSetSize of job (KB)
...
006 (70945958.131.000) 03/28 22:02:33 Image size of job updated: 132
	132  -  MemoryUsage of job (MB)
	136092  -  ResidentSetSize of job (KB)
...
006 (70945958.131.000) 03/28 22:03:33 Image size of job updated: 167
	167  -  MemoryUsage of job (MB)
	171512  -  ResidentSetSize of job (KB)
...
006 (70945958.131.000) 03/28 22:04:33 Image size of job updated: 168
	168  -  MemoryUsage of job (MB)
	172904  -  ResidentSetSize of job (KB)
...
006 (70945958.131.000) 03/28 22:05:33 Image size of job updated: 170
	170  -  MemoryUsage of job (MB)
	174776  -  ResidentSetSize of job (KB)
...
006 (70945958.131.000) 03/28 22:06:33 Image size of job updated: 172
	172  -  MemoryUsage of job (MB)
	176476  -  ResidentSetSize of job (KB)
...
006 (70945958.131.000) 03/28 22:07:34 Image size of job updated: 173
	173  -  MemoryUsage of job (MB)
	177460  -  ResidentSetSize of job (KB)
...
006 (70945958.131.000) 03/28 22:08:35 Image size of job updated: 186
	186  -  MemoryUsage of job (MB)
	190752  -  ResidentSetSize of job (KB)
...
006 (70945958.131.000) 03/28 22:09:36 Image size of job updated: 207
	207  -  MemoryUsage of job (MB)
	212368  -  ResidentSetSize of job (KB)
...
006 (70945958.131.000) 03/28 22:10:36 Image size of job updated: 209
	209  -  MemoryUsage of job (MB)
	214456  -  ResidentSetSize of job (KB)
...
006 (70945958.131.000) 03/28 22:11:36 Image size of job updated: 209
	209  -  MemoryUsage of job (MB)
	214568  -  ResidentSetSize of job (KB)
...
006 (70945958.131.000) 03/28 22:12:36 Image size of job updated: 209
	209  -  MemoryUsage of job (MB)
	214648  -  ResidentSetSize of job (KB)
...
006 (70945958.131.000) 03/28 22:13:37 Image size of job updated: 209
	209  -  MemoryUsage of job (MB)
	214760  -  ResidentSetSize of job (KB)
...
006 (70945958.131.000) 03/28 22:14:07 Image size of job updated: 209
	209  -  MemoryUsage of job (MB)
	214832  -  ResidentSetSize of job (KB)
...
005 (70945958.131.000) 03/28 22:14:08 Job terminated.
	(1) Normal termination (return value 0)
		Usr 0 00:10:13, Sys 0 00:00:27  -  Run Remote Usage
		Usr 0 00:00:00, Sys 0 00:00:00  -  Run Local Usage
		Usr 0 00:10:13, Sys 0 00:00:27  -  Total Remote Usage
		Usr 0 00:00:00, Sys 0 00:00:00  -  Total Local Usage
	160059  -  Run Bytes Sent By Job
	2247957  -  Run Bytes Received By Job
	160059  -  Total Bytes Sent By Job
	2247957  -  Total Bytes Received By Job
	Partitionable Resources :    Usage  Request Allocated 
	   Cpus                 :     0.00        1         1 
	   Disk (KB)            :  5208        2250   1631558 
	   Memory (MB)          :   209        2000      2000 
...
