000 (70945958.134.000) 03/28 21:58:27 Job submitted from host: <131.225.188.235:9618?addrs=131.225.188.235-9618&noUDP&sock=14994_371f_3>
...
001 (70945958.134.000) 03/28 22:00:25 Job executing on host: <131.225.205.179:9618?addrs=131.225.205.179-9618&noUDP&sock=1457_f593_3>
...
006 (70945958.134.000) 03/28 22:01:34 Image size of job updated: 132
	132  -  MemoryUsage of job (MB)
	135752  -  ResidentSetSize of job (KB)
...
006 (70945958.134.000) 03/28 22:03:34 Image size of job updated: 142
	142  -  MemoryUsage of job (MB)
	145820  -  ResidentSetSize of job (KB)
...
006 (70945958.134.000) 03/28 22:04:34 Image size of job updated: 168
	168  -  MemoryUsage of job (MB)
	172856  -  ResidentSetSize of job (KB)
...
006 (70945958.134.000) 03/28 22:05:34 Image size of job updated: 169
	169  -  MemoryUsage of job (MB)
	173940  -  ResidentSetSize of job (KB)
...
006 (70945958.134.000) 03/28 22:06:35 Image size of job updated: 171
	171  -  MemoryUsage of job (MB)
	175788  -  ResidentSetSize of job (KB)
...
006 (70945958.134.000) 03/28 22:07:36 Image size of job updated: 179
	179  -  MemoryUsage of job (MB)
	184052  -  ResidentSetSize of job (KB)
...
006 (70945958.134.000) 03/28 22:08:37 Image size of job updated: 186
	186  -  MemoryUsage of job (MB)
	191404  -  ResidentSetSize of job (KB)
...
006 (70945958.134.000) 03/28 22:09:37 Image size of job updated: 207
	207  -  MemoryUsage of job (MB)
	212800  -  ResidentSetSize of job (KB)
...
006 (70945958.134.000) 03/28 22:10:37 Image size of job updated: 207
	207  -  MemoryUsage of job (MB)
	212988  -  ResidentSetSize of job (KB)
...
006 (70945958.134.000) 03/28 22:11:37 Image size of job updated: 208
	208  -  MemoryUsage of job (MB)
	213116  -  ResidentSetSize of job (KB)
...
006 (70945958.134.000) 03/28 22:12:38 Image size of job updated: 209
	209  -  MemoryUsage of job (MB)
	214548  -  ResidentSetSize of job (KB)
...
006 (70945958.134.000) 03/28 22:13:39 Image size of job updated: 209
	209  -  MemoryUsage of job (MB)
	214660  -  ResidentSetSize of job (KB)
...
006 (70945958.134.000) 03/28 22:14:39 Image size of job updated: 209
	209  -  MemoryUsage of job (MB)
	214732  -  ResidentSetSize of job (KB)
...
005 (70945958.134.000) 03/28 22:14:40 Job terminated.
	(1) Normal termination (return value 0)
		Usr 0 00:10:08, Sys 0 00:00:28  -  Run Remote Usage
		Usr 0 00:00:00, Sys 0 00:00:00  -  Run Local Usage
		Usr 0 00:10:08, Sys 0 00:00:28  -  Total Remote Usage
		Usr 0 00:00:00, Sys 0 00:00:00  -  Total Local Usage
	160436  -  Run Bytes Sent By Job
	2247957  -  Run Bytes Received By Job
	160436  -  Total Bytes Sent By Job
	2247957  -  Total Bytes Received By Job
	Partitionable Resources :    Usage  Request Allocated 
	   Cpus                 :     0.00        1         1 
	   Disk (KB)            :  5208        2250   1626521 
	   Memory (MB)          :   209        2000      2000 
...
