000 (70945958.279.000) 03/28 21:58:27 Job submitted from host: <131.225.188.235:9618?addrs=131.225.188.235-9618&noUDP&sock=14994_371f_3>
...
001 (70945958.279.000) 03/28 22:01:10 Job executing on host: <131.225.191.192:9618?addrs=131.225.191.192-9618&noUDP&sock=1159_8e5a_3>
...
006 (70945958.279.000) 03/28 22:01:18 Image size of job updated: 71
	71  -  MemoryUsage of job (MB)
	73556  -  ResidentSetSize of job (KB)
...
006 (70945958.279.000) 03/28 22:02:18 Image size of job updated: 132
	132  -  MemoryUsage of job (MB)
	135760  -  ResidentSetSize of job (KB)
...
006 (70945958.279.000) 03/28 22:03:18 Image size of job updated: 169
	169  -  MemoryUsage of job (MB)
	173172  -  ResidentSetSize of job (KB)
...
006 (70945958.279.000) 03/28 22:04:19 Image size of job updated: 171
	171  -  MemoryUsage of job (MB)
	175408  -  ResidentSetSize of job (KB)
...
006 (70945958.279.000) 03/28 22:05:20 Image size of job updated: 173
	173  -  MemoryUsage of job (MB)
	177752  -  ResidentSetSize of job (KB)
...
006 (70945958.279.000) 03/28 22:06:22 Image size of job updated: 186
	186  -  MemoryUsage of job (MB)
	191260  -  ResidentSetSize of job (KB)
...
006 (70945958.279.000) 03/28 22:07:22 Image size of job updated: 214
	214  -  MemoryUsage of job (MB)
	220064  -  ResidentSetSize of job (KB)
...
006 (70945958.279.000) 03/28 22:08:22 Image size of job updated: 215
	215  -  MemoryUsage of job (MB)
	220244  -  ResidentSetSize of job (KB)
...
006 (70945958.279.000) 03/28 22:09:22 Image size of job updated: 215
	215  -  MemoryUsage of job (MB)
	220404  -  ResidentSetSize of job (KB)
...
006 (70945958.279.000) 03/28 22:10:22 Image size of job updated: 215
	215  -  MemoryUsage of job (MB)
	220512  -  ResidentSetSize of job (KB)
...
006 (70945958.279.000) 03/28 22:10:48 Image size of job updated: 215
	215  -  MemoryUsage of job (MB)
	220724  -  ResidentSetSize of job (KB)
...
005 (70945958.279.000) 03/28 22:10:48 Job terminated.
	(1) Normal termination (return value 0)
		Usr 0 00:07:36, Sys 0 00:00:22  -  Run Remote Usage
		Usr 0 00:00:00, Sys 0 00:00:00  -  Run Local Usage
		Usr 0 00:07:36, Sys 0 00:00:22  -  Total Remote Usage
		Usr 0 00:00:00, Sys 0 00:00:00  -  Total Local Usage
	159990  -  Run Bytes Sent By Job
	2247957  -  Run Bytes Received By Job
	159990  -  Total Bytes Sent By Job
	2247957  -  Total Bytes Received By Job
	Partitionable Resources :    Usage  Request Allocated 
	   Cpus                 :        0        1         1 
	   Disk (KB)            :     5207     2250    306622 
	   Memory (MB)          :      215     2000      2000 
...
