000 (70945958.188.000) 03/28 21:58:27 Job submitted from host: <131.225.188.235:9618?addrs=131.225.188.235-9618&noUDP&sock=14994_371f_3>
...
001 (70945958.188.000) 03/28 22:00:42 Job executing on host: <131.225.207.77:9618?addrs=131.225.207.77-9618&noUDP&sock=1155_cff9_3>
...
006 (70945958.188.000) 03/28 22:01:51 Image size of job updated: 132
	132  -  MemoryUsage of job (MB)
	135764  -  ResidentSetSize of job (KB)
...
006 (70945958.188.000) 03/28 22:03:53 Image size of job updated: 168
	168  -  MemoryUsage of job (MB)
	172120  -  ResidentSetSize of job (KB)
...
006 (70945958.188.000) 03/28 22:04:54 Image size of job updated: 170
	170  -  MemoryUsage of job (MB)
	174392  -  ResidentSetSize of job (KB)
...
006 (70945958.188.000) 03/28 22:05:54 Image size of job updated: 172
	172  -  MemoryUsage of job (MB)
	176364  -  ResidentSetSize of job (KB)
...
006 (70945958.188.000) 03/28 22:06:54 Image size of job updated: 176
	176  -  MemoryUsage of job (MB)
	180352  -  ResidentSetSize of job (KB)
...
006 (70945958.188.000) 03/28 22:07:54 Image size of job updated: 187
	187  -  MemoryUsage of job (MB)
	191488  -  ResidentSetSize of job (KB)
...
006 (70945958.188.000) 03/28 22:08:54 Image size of job updated: 207
	207  -  MemoryUsage of job (MB)
	212712  -  ResidentSetSize of job (KB)
...
006 (70945958.188.000) 03/28 22:09:55 Image size of job updated: 207
	207  -  MemoryUsage of job (MB)
	212888  -  ResidentSetSize of job (KB)
...
006 (70945958.188.000) 03/28 22:10:56 Image size of job updated: 208
	208  -  MemoryUsage of job (MB)
	213040  -  ResidentSetSize of job (KB)
...
006 (70945958.188.000) 03/28 22:11:57 Image size of job updated: 208
	208  -  MemoryUsage of job (MB)
	213144  -  ResidentSetSize of job (KB)
...
006 (70945958.188.000) 03/28 22:12:58 Image size of job updated: 208
	208  -  MemoryUsage of job (MB)
	213564  -  ResidentSetSize of job (KB)
...
005 (70945958.188.000) 03/28 22:13:01 Job terminated.
	(1) Normal termination (return value 0)
		Usr 0 00:07:32, Sys 0 00:00:24  -  Run Remote Usage
		Usr 0 00:00:00, Sys 0 00:00:00  -  Run Local Usage
		Usr 0 00:07:32, Sys 0 00:00:24  -  Total Remote Usage
		Usr 0 00:00:00, Sys 0 00:00:00  -  Total Local Usage
	162599  -  Run Bytes Sent By Job
	2247957  -  Run Bytes Received By Job
	162599  -  Total Bytes Sent By Job
	2247957  -  Total Bytes Received By Job
	Partitionable Resources :    Usage  Request Allocated 
	   Cpus                 :        0        1         1 
	   Disk (KB)            :     5210     2250    313803 
	   Memory (MB)          :      208     2000      2000 
...
