000 (70945958.221.000) 03/28 21:58:27 Job submitted from host: <131.225.188.235:9618?addrs=131.225.188.235-9618&noUDP&sock=14994_371f_3>
...
001 (70945958.221.000) 03/28 22:00:49 Job executing on host: <131.225.206.218:9618?addrs=131.225.206.218-9618&noUDP&sock=1169_6a4d_3>
...
006 (70945958.221.000) 03/28 22:02:00 Image size of job updated: 132
	132  -  MemoryUsage of job (MB)
	135752  -  ResidentSetSize of job (KB)
...
006 (70945958.221.000) 03/28 22:03:00 Image size of job updated: 167
	167  -  MemoryUsage of job (MB)
	171968  -  ResidentSetSize of job (KB)
...
006 (70945958.221.000) 03/28 22:04:00 Image size of job updated: 170
	170  -  MemoryUsage of job (MB)
	174492  -  ResidentSetSize of job (KB)
...
006 (70945958.221.000) 03/28 22:05:00 Image size of job updated: 172
	172  -  MemoryUsage of job (MB)
	176948  -  ResidentSetSize of job (KB)
...
006 (70945958.221.000) 03/28 22:06:00 Image size of job updated: 187
	187  -  MemoryUsage of job (MB)
	191624  -  ResidentSetSize of job (KB)
...
006 (70945958.221.000) 03/28 22:07:00 Image size of job updated: 208
	208  -  MemoryUsage of job (MB)
	213228  -  ResidentSetSize of job (KB)
...
006 (70945958.221.000) 03/28 22:08:01 Image size of job updated: 210
	210  -  MemoryUsage of job (MB)
	215448  -  ResidentSetSize of job (KB)
...
006 (70945958.221.000) 03/28 22:09:02 Image size of job updated: 210
	210  -  MemoryUsage of job (MB)
	215636  -  ResidentSetSize of job (KB)
...
006 (70945958.221.000) 03/28 22:10:03 Image size of job updated: 210
	210  -  MemoryUsage of job (MB)
	215740  -  ResidentSetSize of job (KB)
...
006 (70945958.221.000) 03/28 22:10:34 Image size of job updated: 210
	210  -  MemoryUsage of job (MB)
	215848  -  ResidentSetSize of job (KB)
...
005 (70945958.221.000) 03/28 22:10:35 Job terminated.
	(1) Normal termination (return value 0)
		Usr 0 00:07:29, Sys 0 00:00:25  -  Run Remote Usage
		Usr 0 00:00:00, Sys 0 00:00:00  -  Run Local Usage
		Usr 0 00:07:29, Sys 0 00:00:25  -  Total Remote Usage
		Usr 0 00:00:00, Sys 0 00:00:00  -  Total Local Usage
	160388  -  Run Bytes Sent By Job
	2247957  -  Run Bytes Received By Job
	160388  -  Total Bytes Sent By Job
	2247957  -  Total Bytes Received By Job
	Partitionable Resources :    Usage  Request Allocated 
	   Cpus                 :        0        1         1 
	   Disk (KB)            :     5208     2250    305256 
	   Memory (MB)          :      210     2000      2000 
...
