000 (70945958.000.000) 03/28 21:58:27 Job submitted from host: <131.225.188.235:9618?addrs=131.225.188.235-9618&noUDP&sock=14994_371f_3>
...
001 (70945958.000.000) 03/28 22:00:13 Job executing on host: <131.225.206.198:9618?addrs=131.225.206.198-9618&noUDP&sock=1163_4cbb_3>
...
006 (70945958.000.000) 03/28 22:00:21 Image size of job updated: 65
	65  -  MemoryUsage of job (MB)
	67400  -  ResidentSetSize of job (KB)
...
006 (70945958.000.000) 03/28 22:01:22 Image size of job updated: 171
	171  -  MemoryUsage of job (MB)
	175808  -  ResidentSetSize of job (KB)
...
006 (70945958.000.000) 03/28 22:02:23 Image size of job updated: 184
	184  -  MemoryUsage of job (MB)
	189304  -  ResidentSetSize of job (KB)
...
005 (70945958.000.000) 03/28 22:03:10 Job terminated.
	(1) Normal termination (return value 0)
		Usr 0 00:01:32, Sys 0 00:00:04  -  Run Remote Usage
		Usr 0 00:00:00, Sys 0 00:00:00  -  Run Local Usage
		Usr 0 00:01:32, Sys 0 00:00:04  -  Total Remote Usage
		Usr 0 00:00:00, Sys 0 00:00:00  -  Total Local Usage
	152402  -  Run Bytes Sent By Job
	2247957  -  Run Bytes Received By Job
	152402  -  Total Bytes Sent By Job
	2247957  -  Total Bytes Received By Job
	Partitionable Resources :    Usage  Request Allocated 
	   Cpus                 :        0        1         1 
	   Disk (KB)            :     5200     2250    336231 
	   Memory (MB)          :      184     2000      2000 
...
