000 (70945958.239.000) 03/28 21:58:27 Job submitted from host: <131.225.188.235:9618?addrs=131.225.188.235-9618&noUDP&sock=14994_371f_3>
...
001 (70945958.239.000) 03/28 22:00:54 Job executing on host: <131.225.191.189:9618?addrs=131.225.191.189-9618&noUDP&sock=1149_b268_3>
...
006 (70945958.239.000) 03/28 22:01:03 Image size of job updated: 103
	103  -  MemoryUsage of job (MB)
	106012  -  ResidentSetSize of job (KB)
...
006 (70945958.239.000) 03/28 22:02:03 Image size of job updated: 165
	165  -  MemoryUsage of job (MB)
	169452  -  ResidentSetSize of job (KB)
...
006 (70945958.239.000) 03/28 22:03:03 Image size of job updated: 186
	186  -  MemoryUsage of job (MB)
	190600  -  ResidentSetSize of job (KB)
...
005 (70945958.239.000) 03/28 22:03:29 Job terminated.
	(1) Normal termination (return value 0)
		Usr 0 00:01:33, Sys 0 00:00:04  -  Run Remote Usage
		Usr 0 00:00:00, Sys 0 00:00:00  -  Run Local Usage
		Usr 0 00:01:33, Sys 0 00:00:04  -  Total Remote Usage
		Usr 0 00:00:00, Sys 0 00:00:00  -  Total Local Usage
	152046  -  Run Bytes Sent By Job
	2247957  -  Run Bytes Received By Job
	152046  -  Total Bytes Sent By Job
	2247957  -  Total Bytes Received By Job
	Partitionable Resources :    Usage  Request Allocated 
	   Cpus                 :     0.00        1         1 
	   Disk (KB)            :  5200        2250    309809 
	   Memory (MB)          :   186        2000      2000 
...
