000 (70945958.085.000) 03/28 21:58:27 Job submitted from host: <131.225.188.235:9618?addrs=131.225.188.235-9618&noUDP&sock=14994_371f_3>
...
001 (70945958.085.000) 03/28 22:00:12 Job executing on host: <131.225.206.13:9618?addrs=131.225.206.13-9618&noUDP&sock=1176_3777_3>
...
006 (70945958.085.000) 03/28 22:00:20 Image size of job updated: 18
	18  -  MemoryUsage of job (MB)
	18656  -  ResidentSetSize of job (KB)
...
006 (70945958.085.000) 03/28 22:01:20 Image size of job updated: 163
	163  -  MemoryUsage of job (MB)
	167296  -  ResidentSetSize of job (KB)
...
006 (70945958.085.000) 03/28 22:02:21 Image size of job updated: 172
	172  -  MemoryUsage of job (MB)
	176700  -  ResidentSetSize of job (KB)
...
006 (70945958.085.000) 03/28 22:03:22 Image size of job updated: 191
	191  -  MemoryUsage of job (MB)
	195584  -  ResidentSetSize of job (KB)
...
006 (70945958.085.000) 03/28 22:03:41 Image size of job updated: 191
	191  -  MemoryUsage of job (MB)
	196472  -  ResidentSetSize of job (KB)
...
005 (70945958.085.000) 03/28 22:03:41 Job terminated.
	(1) Normal termination (return value 0)
		Usr 0 00:02:33, Sys 0 00:00:10  -  Run Remote Usage
		Usr 0 00:00:00, Sys 0 00:00:00  -  Run Local Usage
		Usr 0 00:02:33, Sys 0 00:00:10  -  Total Remote Usage
		Usr 0 00:00:00, Sys 0 00:00:00  -  Total Local Usage
	153550  -  Run Bytes Sent By Job
	2247957  -  Run Bytes Received By Job
	153550  -  Total Bytes Sent By Job
	2247957  -  Total Bytes Received By Job
	Partitionable Resources :    Usage  Request Allocated 
	   Cpus                 :     0.00        1         1 
	   Disk (KB)            :  5201        2250    308045 
	   Memory (MB)          :   191        2000      2000 
...
