000 (70945958.062.000) 03/28 21:58:27 Job submitted from host: <131.225.188.235:9618?addrs=131.225.188.235-9618&noUDP&sock=14994_371f_3>
...
001 (70945958.062.000) 03/28 22:00:08 Job executing on host: <131.225.204.51:9618?addrs=131.225.204.51-9618&noUDP&sock=1167_0b1c_3>
...
006 (70945958.062.000) 03/28 22:01:16 Image size of job updated: 164
	164  -  MemoryUsage of job (MB)
	168376  -  ResidentSetSize of job (KB)
...
006 (70945958.062.000) 03/28 22:03:16 Image size of job updated: 190
	190  -  MemoryUsage of job (MB)
	195512  -  ResidentSetSize of job (KB)
...
005 (70945958.062.000) 03/28 22:03:23 Job terminated.
	(1) Normal termination (return value 0)
		Usr 0 00:02:27, Sys 0 00:00:07  -  Run Remote Usage
		Usr 0 00:00:00, Sys 0 00:00:00  -  Run Local Usage
		Usr 0 00:02:27, Sys 0 00:00:07  -  Total Remote Usage
		Usr 0 00:00:00, Sys 0 00:00:00  -  Total Local Usage
	152967  -  Run Bytes Sent By Job
	2247957  -  Run Bytes Received By Job
	152967  -  Total Bytes Sent By Job
	2247957  -  Total Bytes Received By Job
	Partitionable Resources :    Usage  Request Allocated 
	   Cpus                 :        0        1         1 
	   Disk (KB)            :     5201     2250    317480 
	   Memory (MB)          :      190     2000      2000 
...
