000 (70945958.088.000) 03/28 21:58:27 Job submitted from host: <131.225.188.235:9618?addrs=131.225.188.235-9618&noUDP&sock=14994_371f_3>
...
001 (70945958.088.000) 03/28 22:00:12 Job executing on host: <131.225.206.231:9618?addrs=131.225.206.231-9618&noUDP&sock=1146_a39f_3>
...
006 (70945958.088.000) 03/28 22:01:20 Image size of job updated: 164
	164  -  MemoryUsage of job (MB)
	168336  -  ResidentSetSize of job (KB)
...
006 (70945958.088.000) 03/28 22:02:20 Image size of job updated: 167
	167  -  MemoryUsage of job (MB)
	171192  -  ResidentSetSize of job (KB)
...
006 (70945958.088.000) 03/28 22:03:21 Image size of job updated: 192
	192  -  MemoryUsage of job (MB)
	197216  -  ResidentSetSize of job (KB)
...
005 (70945958.088.000) 03/28 22:03:29 Job terminated.
	(1) Normal termination (return value 0)
		Usr 0 00:02:25, Sys 0 00:00:07  -  Run Remote Usage
		Usr 0 00:00:00, Sys 0 00:00:00  -  Run Local Usage
		Usr 0 00:02:25, Sys 0 00:00:07  -  Total Remote Usage
		Usr 0 00:00:00, Sys 0 00:00:00  -  Total Local Usage
	152680  -  Run Bytes Sent By Job
	2247957  -  Run Bytes Received By Job
	152680  -  Total Bytes Sent By Job
	2247957  -  Total Bytes Received By Job
	Partitionable Resources :    Usage  Request Allocated 
	   Cpus                 :     0.00        1         1 
	   Disk (KB)            :  5200        2250    319361 
	   Memory (MB)          :   192        2000      2000 
...
