000 (70945958.218.000) 03/28 21:58:27 Job submitted from host: <131.225.188.235:9618?addrs=131.225.188.235-9618&noUDP&sock=14994_371f_3>
...
001 (70945958.218.000) 03/28 22:00:49 Job executing on host: <131.225.191.147:9618?addrs=131.225.191.147-9618&noUDP&sock=1158_dec2_3>
...
006 (70945958.218.000) 03/28 22:00:58 Image size of job updated: 47
	47  -  MemoryUsage of job (MB)
	48144  -  ResidentSetSize of job (KB)
...
006 (70945958.218.000) 03/28 22:01:58 Image size of job updated: 136
	136  -  MemoryUsage of job (MB)
	139356  -  ResidentSetSize of job (KB)
...
006 (70945958.218.000) 03/28 22:02:58 Image size of job updated: 168
	168  -  MemoryUsage of job (MB)
	172844  -  ResidentSetSize of job (KB)
...
006 (70945958.218.000) 03/28 22:03:59 Image size of job updated: 171
	171  -  MemoryUsage of job (MB)
	175236  -  ResidentSetSize of job (KB)
...
006 (70945958.218.000) 03/28 22:05:00 Image size of job updated: 173
	173  -  MemoryUsage of job (MB)
	177448  -  ResidentSetSize of job (KB)
...
006 (70945958.218.000) 03/28 22:06:01 Image size of job updated: 186
	186  -  MemoryUsage of job (MB)
	190924  -  ResidentSetSize of job (KB)
...
006 (70945958.218.000) 03/28 22:07:03 Image size of job updated: 212
	212  -  MemoryUsage of job (MB)
	217724  -  ResidentSetSize of job (KB)
...
006 (70945958.218.000) 03/28 22:08:03 Image size of job updated: 212
	212  -  MemoryUsage of job (MB)
	217872  -  ResidentSetSize of job (KB)
...
006 (70945958.218.000) 03/28 22:09:03 Image size of job updated: 212
	212  -  MemoryUsage of job (MB)
	218008  -  ResidentSetSize of job (KB)
...
006 (70945958.218.000) 03/28 22:10:03 Image size of job updated: 213
	213  -  MemoryUsage of job (MB)
	218144  -  ResidentSetSize of job (KB)
...
006 (70945958.218.000) 03/28 22:11:01 Image size of job updated: 215
	215  -  MemoryUsage of job (MB)
	220252  -  ResidentSetSize of job (KB)
...
005 (70945958.218.000) 03/28 22:11:04 Job terminated.
	(1) Normal termination (return value 0)
		Usr 0 00:07:32, Sys 0 00:00:26  -  Run Remote Usage
		Usr 0 00:00:00, Sys 0 00:00:00  -  Run Local Usage
		Usr 0 00:07:32, Sys 0 00:00:26  -  Total Remote Usage
		Usr 0 00:00:00, Sys 0 00:00:00  -  Total Local Usage
	160139  -  Run Bytes Sent By Job
	2247957  -  Run Bytes Received By Job
	160139  -  Total Bytes Sent By Job
	2247957  -  Total Bytes Received By Job
	Partitionable Resources :    Usage  Request Allocated 
	   Cpus                 :        0        1         1 
	   Disk (KB)            :     5208     2250    308034 
	   Memory (MB)          :      215     2000      2000 
...
