000 (12188444.053.000) 03/28 21:58:19 Job submitted from host: <131.225.188.55:9618?addrs=131.225.188.55-9618&noUDP&sock=16299_5637_3>
...
001 (12188444.053.000) 03/28 21:59:13 Job executing on host: <131.225.204.121:9618?addrs=131.225.204.121-9618&noUDP&sock=1161_ed8b_3>
...
006 (12188444.053.000) 03/28 21:59:22 Image size of job updated: 14
	14  -  MemoryUsage of job (MB)
	15336  -  ResidentSetSize of job (KB)
...
006 (12188444.053.000) 03/28 22:00:22 Image size of job updated: 163
	163  -  MemoryUsage of job (MB)
	167888  -  ResidentSetSize of job (KB)
...
005 (12188444.053.000) 03/28 22:00:47 Job terminated.
	(1) Normal termination (return value 0)
		Usr 0 00:00:16, Sys 0 00:00:03  -  Run Remote Usage
		Usr 0 00:00:00, Sys 0 00:00:00  -  Run Local Usage
		Usr 0 00:00:16, Sys 0 00:00:03  -  Total Remote Usage
		Usr 0 00:00:00, Sys 0 00:00:00  -  Total Local Usage
	51052  -  Run Bytes Sent By Job
	2244097  -  Run Bytes Received By Job
	51052  -  Total Bytes Sent By Job
	2244097  -  Total Bytes Received By Job
	Partitionable Resources :    Usage  Request Allocated 
	   Cpus                 :     0.00        1         1 
	   Disk (KB)            :  4991        2250    307237 
	   Memory (MB)          :   163        2000      2000 
...
