000 (12188444.049.000) 03/28 21:58:19 Job submitted from host: <131.225.188.55:9618?addrs=131.225.188.55-9618&noUDP&sock=16299_5637_3>
...
001 (12188444.049.000) 03/28 21:59:11 Job executing on host: <131.225.206.227:9618?addrs=131.225.206.227-9618&noUDP&sock=1156_7f92_3>
...
006 (12188444.049.000) 03/28 21:59:20 Image size of job updated: 5
	3  -  MemoryUsage of job (MB)
	3536  -  ResidentSetSize of job (KB)
...
006 (12188444.049.000) 03/28 22:00:20 Image size of job updated: 164
	164  -  MemoryUsage of job (MB)
	168800  -  ResidentSetSize of job (KB)
...
006 (12188444.049.000) 03/28 22:01:21 Image size of job updated: 185
	185  -  MemoryUsage of job (MB)
	190080  -  ResidentSetSize of job (KB)
...
006 (12188444.049.000) 03/28 22:01:33 Image size of job updated: 188
	188  -  MemoryUsage of job (MB)
	192764  -  ResidentSetSize of job (KB)
...
005 (12188444.049.000) 03/28 22:01:35 Job terminated.
	(1) Normal termination (return value 0)
		Usr 0 00:01:32, Sys 0 00:00:06  -  Run Remote Usage
		Usr 0 00:00:00, Sys 0 00:00:00  -  Run Local Usage
		Usr 0 00:01:32, Sys 0 00:00:06  -  Total Remote Usage
		Usr 0 00:00:00, Sys 0 00:00:00  -  Total Local Usage
	131784  -  Run Bytes Sent By Job
	2244097  -  Run Bytes Received By Job
	131784  -  Total Bytes Sent By Job
	2244097  -  Total Bytes Received By Job
	Partitionable Resources :    Usage  Request Allocated 
	   Cpus                 :     0.16        1         1 
	   Disk (KB)            :  5070        2250    303207 
	   Memory (MB)          :   188        2000      2000 
...
