000 (12188444.014.000) 03/28 21:58:19 Job submitted from host: <131.225.188.55:9618?addrs=131.225.188.55-9618&noUDP&sock=16299_5637_3>
...
001 (12188444.014.000) 03/28 21:59:05 Job executing on host: <131.225.206.171:9618?addrs=131.225.206.171-9618&noUDP&sock=1157_2f2a_3>
...
006 (12188444.014.000) 03/28 21:59:14 Image size of job updated: 14
	14  -  MemoryUsage of job (MB)
	15312  -  ResidentSetSize of job (KB)
...
006 (12188444.014.000) 03/28 22:00:15 Image size of job updated: 163
	163  -  MemoryUsage of job (MB)
	167896  -  ResidentSetSize of job (KB)
...
006 (12188444.014.000) 03/28 22:01:15 Image size of job updated: 186
	186  -  MemoryUsage of job (MB)
	191016  -  ResidentSetSize of job (KB)
...
006 (12188444.014.000) 03/28 22:01:25 Image size of job updated: 187
	187  -  MemoryUsage of job (MB)
	192432  -  ResidentSetSize of job (KB)
...
005 (12188444.014.000) 03/28 22:01:26 Job terminated.
	(1) Normal termination (return value 0)
		Usr 0 00:01:22, Sys 0 00:00:06  -  Run Remote Usage
		Usr 0 00:00:00, Sys 0 00:00:00  -  Run Local Usage
		Usr 0 00:01:22, Sys 0 00:00:06  -  Total Remote Usage
		Usr 0 00:00:00, Sys 0 00:00:00  -  Total Local Usage
	131622  -  Run Bytes Sent By Job
	2244097  -  Run Bytes Received By Job
	131622  -  Total Bytes Sent By Job
	2244097  -  Total Bytes Received By Job
	Partitionable Resources :    Usage  Request Allocated 
	   Cpus                 :     0.00        1         1 
	   Disk (KB)            :  5070        2250    317944 
	   Memory (MB)          :   187        2000      2000 
...
