000 (12188444.045.000) 03/28 21:58:19 Job submitted from host: <131.225.188.55:9618?addrs=131.225.188.55-9618&noUDP&sock=16299_5637_3>
...
001 (12188444.045.000) 03/28 21:59:11 Job executing on host: <131.225.204.90:9618?addrs=131.225.204.90-9618&noUDP&sock=1151_1198_3>
...
006 (12188444.045.000) 03/28 22:00:21 Image size of job updated: 52
	52  -  MemoryUsage of job (MB)
	53868  -  ResidentSetSize of job (KB)
...
006 (12188444.045.000) 03/28 22:01:22 Image size of job updated: 165
	165  -  MemoryUsage of job (MB)
	169208  -  ResidentSetSize of job (KB)
...
006 (12188444.045.000) 03/28 22:02:06 Image size of job updated: 189
	189  -  MemoryUsage of job (MB)
	194368  -  ResidentSetSize of job (KB)
...
005 (12188444.045.000) 03/28 22:02:07 Job terminated.
	(1) Normal termination (return value 0)
		Usr 0 00:01:20, Sys 0 00:00:06  -  Run Remote Usage
		Usr 0 00:00:00, Sys 0 00:00:00  -  Run Local Usage
		Usr 0 00:01:20, Sys 0 00:00:06  -  Total Remote Usage
		Usr 0 00:00:00, Sys 0 00:00:00  -  Total Local Usage
	131968  -  Run Bytes Sent By Job
	2244097  -  Run Bytes Received By Job
	131968  -  Total Bytes Sent By Job
	2244097  -  Total Bytes Received By Job
	Partitionable Resources :    Usage  Request Allocated 
	   Cpus                 :     0.00        1         1 
	   Disk (KB)            :  5070        2250    328393 
	   Memory (MB)          :   189        2000      2000 
...
