000 (12188444.048.000) 03/28 21:58:19 Job submitted from host: <131.225.188.55:9618?addrs=131.225.188.55-9618&noUDP&sock=16299_5637_3>
...
001 (12188444.048.000) 03/28 21:59:12 Job executing on host: <131.225.206.48:9618?addrs=131.225.206.48-9618&noUDP&sock=1149_b268_3>
...
006 (12188444.048.000) 03/28 21:59:20 Image size of job updated: 6
	6  -  MemoryUsage of job (MB)
	6356  -  ResidentSetSize of job (KB)
...
006 (12188444.048.000) 03/28 22:00:20 Image size of job updated: 164
	164  -  MemoryUsage of job (MB)
	168812  -  ResidentSetSize of job (KB)
...
005 (12188444.048.000) 03/28 22:01:22 Job terminated.
	(1) Normal termination (return value 0)
		Usr 0 00:00:33, Sys 0 00:00:04  -  Run Remote Usage
		Usr 0 00:00:00, Sys 0 00:00:00  -  Run Local Usage
		Usr 0 00:00:33, Sys 0 00:00:04  -  Total Remote Usage
		Usr 0 00:00:00, Sys 0 00:00:00  -  Total Local Usage
	131108  -  Run Bytes Sent By Job
	2244097  -  Run Bytes Received By Job
	131108  -  Total Bytes Sent By Job
	2244097  -  Total Bytes Received By Job
	Partitionable Resources :    Usage  Request Allocated 
	   Cpus                 :        0        1         1 
	   Disk (KB)            :     5069     2250    309353 
	   Memory (MB)          :      164     2000      2000 
...
