000 (12188444.044.000) 03/28 21:58:19 Job submitted from host: <131.225.188.55:9618?addrs=131.225.188.55-9618&noUDP&sock=16299_5637_3>
...
001 (12188444.044.000) 03/28 21:59:11 Job executing on host: <131.225.191.176:9618?addrs=131.225.191.176-9618&noUDP&sock=1178_96a7_3>
...
006 (12188444.044.000) 03/28 21:59:19 Image size of job updated: 17
	17  -  MemoryUsage of job (MB)
	17576  -  ResidentSetSize of job (KB)
...
006 (12188444.044.000) 03/28 22:00:19 Image size of job updated: 85
	85  -  MemoryUsage of job (MB)
	87680  -  ResidentSetSize of job (KB)
...
006 (12188444.044.000) 03/28 22:01:19 Image size of job updated: 179
	179  -  MemoryUsage of job (MB)
	183488  -  ResidentSetSize of job (KB)
...
006 (12188444.044.000) 03/28 22:02:20 Image size of job updated: 189
	189  -  MemoryUsage of job (MB)
	194180  -  ResidentSetSize of job (KB)
...
005 (12188444.044.000) 03/28 22:02:25 Job terminated.
	(1) Normal termination (return value 0)
		Usr 0 00:01:28, Sys 0 00:00:07  -  Run Remote Usage
		Usr 0 00:00:00, Sys 0 00:00:00  -  Run Local Usage
		Usr 0 00:01:28, Sys 0 00:00:07  -  Total Remote Usage
		Usr 0 00:00:00, Sys 0 00:00:00  -  Total Local Usage
	132058  -  Run Bytes Sent By Job
	2244097  -  Run Bytes Received By Job
	132058  -  Total Bytes Sent By Job
	2244097  -  Total Bytes Received By Job
	Partitionable Resources :    Usage  Request Allocated 
	   Cpus                 :        0        1         1 
	   Disk (KB)            :     5070     2250    328308 
	   Memory (MB)          :      189     2000      2000 
...
