000 (12188444.009.000) 03/28 21:58:19 Job submitted from host: <131.225.188.55:9618?addrs=131.225.188.55-9618&noUDP&sock=16299_5637_3>
...
001 (12188444.009.000) 03/28 22:00:09 Job executing on host: <131.225.206.111:9618?addrs=131.225.206.111-9618&noUDP&sock=1168_bab5_3>
...
006 (12188444.009.000) 03/28 22:00:18 Image size of job updated: 22
	22  -  MemoryUsage of job (MB)
	23160  -  ResidentSetSize of job (KB)
...
006 (12188444.009.000) 03/28 22:01:19 Image size of job updated: 164
	164  -  MemoryUsage of job (MB)
	168140  -  ResidentSetSize of job (KB)
...
006 (12188444.009.000) 03/28 22:02:12 Image size of job updated: 185
	185  -  MemoryUsage of job (MB)
	190232  -  ResidentSetSize of job (KB)
...
005 (12188444.009.000) 03/28 22:02:14 Job terminated.
	(1) Normal termination (return value 0)
		Usr 0 00:01:27, Sys 0 00:00:05  -  Run Remote Usage
		Usr 0 00:00:00, Sys 0 00:00:00  -  Run Local Usage
		Usr 0 00:01:27, Sys 0 00:00:05  -  Total Remote Usage
		Usr 0 00:00:00, Sys 0 00:00:00  -  Total Local Usage
	131117  -  Run Bytes Sent By Job
	2244097  -  Run Bytes Received By Job
	131117  -  Total Bytes Sent By Job
	2244097  -  Total Bytes Received By Job
	Partitionable Resources :    Usage  Request Allocated 
	   Cpus                 :        0        1         1 
	   Disk (KB)            :     5069     2250    324228 
	   Memory (MB)          :      185     2000      2000 
...
