000 (12188444.039.000) 03/28 21:58:19 Job submitted from host: <131.225.188.55:9618?addrs=131.225.188.55-9618&noUDP&sock=16299_5637_3>
...
001 (12188444.039.000) 03/28 21:59:09 Job executing on host: <131.225.206.199:9618?addrs=131.225.206.199-9618&noUDP&sock=1152_c131_3>
...
006 (12188444.039.000) 03/28 21:59:18 Image size of job updated: 17
	17  -  MemoryUsage of job (MB)
	17932  -  ResidentSetSize of job (KB)
...
006 (12188444.039.000) 03/28 22:00:19 Image size of job updated: 164
	164  -  MemoryUsage of job (MB)
	168896  -  ResidentSetSize of job (KB)
...
006 (12188444.039.000) 03/28 22:01:20 Image size of job updated: 184
	184  -  MemoryUsage of job (MB)
	189116  -  ResidentSetSize of job (KB)
...
005 (12188444.039.000) 03/28 22:01:43 Job terminated.
	(1) Normal termination (return value 0)
		Usr 0 00:01:15, Sys 0 00:00:06  -  Run Remote Usage
		Usr 0 00:00:00, Sys 0 00:00:00  -  Run Local Usage
		Usr 0 00:01:15, Sys 0 00:00:06  -  Total Remote Usage
		Usr 0 00:00:00, Sys 0 00:00:00  -  Total Local Usage
	131604  -  Run Bytes Sent By Job
	2244097  -  Run Bytes Received By Job
	131604  -  Total Bytes Sent By Job
	2244097  -  Total Bytes Received By Job
	Partitionable Resources :    Usage  Request Allocated 
	   Cpus                 :        0        1         1 
	   Disk (KB)            :     5070     2250    322375 
	   Memory (MB)          :      184     2000      2000 
...
