000 (12188444.035.000) 03/28 21:58:19 Job submitted from host: <131.225.188.55:9618?addrs=131.225.188.55-9618&noUDP&sock=16299_5637_3>
...
001 (12188444.035.000) 03/28 21:59:09 Job executing on host: <131.225.191.136:9618?addrs=131.225.191.136-9618&noUDP&sock=1148_02d0_3>
...
006 (12188444.035.000) 03/28 21:59:18 Image size of job updated: 5
	4  -  MemoryUsage of job (MB)
	4652  -  ResidentSetSize of job (KB)
...
006 (12188444.035.000) 03/28 22:00:19 Image size of job updated: 163
	163  -  MemoryUsage of job (MB)
	167332  -  ResidentSetSize of job (KB)
...
006 (12188444.035.000) 03/28 22:01:20 Image size of job updated: 187
	187  -  MemoryUsage of job (MB)
	191800  -  ResidentSetSize of job (KB)
...
005 (12188444.035.000) 03/28 22:01:51 Job terminated.
	(1) Normal termination (return value 0)
		Usr 0 00:01:11, Sys 0 00:00:06  -  Run Remote Usage
		Usr 0 00:00:00, Sys 0 00:00:00  -  Run Local Usage
		Usr 0 00:01:11, Sys 0 00:00:06  -  Total Remote Usage
		Usr 0 00:00:00, Sys 0 00:00:00  -  Total Local Usage
	131802  -  Run Bytes Sent By Job
	2244097  -  Run Bytes Received By Job
	131802  -  Total Bytes Sent By Job
	2244097  -  Total Bytes Received By Job
	Partitionable Resources :    Usage  Request Allocated 
	   Cpus                 :        0        1         1 
	   Disk (KB)            :     5070     2250    327744 
	   Memory (MB)          :      187     2000      2000 
...
