000 (12188444.003.000) 03/28 21:58:19 Job submitted from host: <131.225.188.55:9618?addrs=131.225.188.55-9618&noUDP&sock=16299_5637_3>
...
001 (12188444.003.000) 03/28 21:59:03 Job executing on host: <131.225.191.148:9618?addrs=131.225.191.148-9618&noUDP&sock=1176_3777_3>
...
006 (12188444.003.000) 03/28 21:59:12 Image size of job updated: 18
	18  -  MemoryUsage of job (MB)
	19220  -  ResidentSetSize of job (KB)
...
006 (12188444.003.000) 03/28 22:00:12 Image size of job updated: 163
	163  -  MemoryUsage of job (MB)
	167800  -  ResidentSetSize of job (KB)
...
006 (12188444.003.000) 03/28 22:01:12 Image size of job updated: 184
	184  -  MemoryUsage of job (MB)
	188564  -  ResidentSetSize of job (KB)
...
006 (12188444.003.000) 03/28 22:01:45 Image size of job updated: 186
	186  -  MemoryUsage of job (MB)
	190512  -  ResidentSetSize of job (KB)
...
005 (12188444.003.000) 03/28 22:01:48 Job terminated.
	(1) Normal termination (return value 0)
		Usr 0 00:01:34, Sys 0 00:00:08  -  Run Remote Usage
		Usr 0 00:00:00, Sys 0 00:00:00  -  Run Local Usage
		Usr 0 00:01:34, Sys 0 00:00:08  -  Total Remote Usage
		Usr 0 00:00:00, Sys 0 00:00:00  -  Total Local Usage
	131785  -  Run Bytes Sent By Job
	2244097  -  Run Bytes Received By Job
	131785  -  Total Bytes Sent By Job
	2244097  -  Total Bytes Received By Job
	Partitionable Resources :    Usage  Request Allocated 
	   Cpus                 :        0        1         1 
	   Disk (KB)            :     5070     2250    307876 
	   Memory (MB)          :      186     2000      2000 
...
