000 (12188444.000.000) 03/28 21:58:19 Job submitted from host: <131.225.188.55:9618?addrs=131.225.188.55-9618&noUDP&sock=16299_5637_3>
...
001 (12188444.000.000) 03/28 22:00:07 Job executing on host: <131.225.204.62:9618?addrs=131.225.204.62-9618&noUDP&sock=1150_6200_3>
...
006 (12188444.000.000) 03/28 22:00:16 Image size of job updated: 51
	51  -  MemoryUsage of job (MB)
	52372  -  ResidentSetSize of job (KB)
...
006 (12188444.000.000) 03/28 22:01:16 Image size of job updated: 177
	177  -  MemoryUsage of job (MB)
	181484  -  ResidentSetSize of job (KB)
...
006 (12188444.000.000) 03/28 22:02:01 Image size of job updated: 187
	187  -  MemoryUsage of job (MB)
	192464  -  ResidentSetSize of job (KB)
...
005 (12188444.000.000) 03/28 22:02:03 Job terminated.
	(1) Normal termination (return value 0)
		Usr 0 00:01:31, Sys 0 00:00:05  -  Run Remote Usage
		Usr 0 00:00:00, Sys 0 00:00:00  -  Run Local Usage
		Usr 0 00:01:31, Sys 0 00:00:05  -  Total Remote Usage
		Usr 0 00:00:00, Sys 0 00:00:00  -  Total Local Usage
	130936  -  Run Bytes Sent By Job
	2244097  -  Run Bytes Received By Job
	130936  -  Total Bytes Sent By Job
	2244097  -  Total Bytes Received By Job
	Partitionable Resources :    Usage  Request Allocated 
	   Cpus                 :        0        1         1 
	   Disk (KB)            :     5069     2250    314644 
	   Memory (MB)          :      187     2000      2000 
...
