000 (12188444.019.000) 03/28 21:58:19 Job submitted from host: <131.225.188.55:9618?addrs=131.225.188.55-9618&noUDP&sock=16299_5637_3>
...
001 (12188444.019.000) 03/28 22:00:09 Job executing on host: <131.225.206.47:9618?addrs=131.225.206.47-9618&noUDP&sock=1148_02d0_3>
...
006 (12188444.019.000) 03/28 22:00:17 Image size of job updated: 20
	20  -  MemoryUsage of job (MB)
	20864  -  ResidentSetSize of job (KB)
...
006 (12188444.019.000) 03/28 22:01:18 Image size of job updated: 165
	165  -  MemoryUsage of job (MB)
	169448  -  ResidentSetSize of job (KB)
...
006 (12188444.019.000) 03/28 22:02:08 Image size of job updated: 188
	188  -  MemoryUsage of job (MB)
	192964  -  ResidentSetSize of job (KB)
...
005 (12188444.019.000) 03/28 22:02:10 Job terminated.
	(1) Normal termination (return value 0)
		Usr 0 00:01:25, Sys 0 00:00:07  -  Run Remote Usage
		Usr 0 00:00:00, Sys 0 00:00:00  -  Run Local Usage
		Usr 0 00:01:25, Sys 0 00:00:07  -  Total Remote Usage
		Usr 0 00:00:00, Sys 0 00:00:00  -  Total Local Usage
	131198  -  Run Bytes Sent By Job
	2244097  -  Run Bytes Received By Job
	131198  -  Total Bytes Sent By Job
	2244097  -  Total Bytes Received By Job
	Partitionable Resources :    Usage  Request Allocated 
	   Cpus                 :        0        1         1 
	   Disk (KB)            :     5069     2250    320106 
	   Memory (MB)          :      188     2000      2000 
...
