000 (12188444.047.000) 03/28 21:58:19 Job submitted from host: <131.225.188.55:9618?addrs=131.225.188.55-9618&noUDP&sock=16299_5637_3>
...
001 (12188444.047.000) 03/28 21:59:14 Job executing on host: <131.225.204.64:9618?addrs=131.225.204.64-9618&noUDP&sock=1167_0b1c_3>
...
006 (12188444.047.000) 03/28 21:59:22 Image size of job updated: 5
	3  -  MemoryUsage of job (MB)
	3376  -  ResidentSetSize of job (KB)
...
006 (12188444.047.000) 03/28 22:00:23 Image size of job updated: 164
	164  -  MemoryUsage of job (MB)
	168192  -  ResidentSetSize of job (KB)
...
006 (12188444.047.000) 03/28 22:01:24 Image size of job updated: 186
	186  -  MemoryUsage of job (MB)
	191128  -  ResidentSetSize of job (KB)
...
006 (12188444.047.000) 03/28 22:01:32 Image size of job updated: 187
	187  -  MemoryUsage of job (MB)
	192316  -  ResidentSetSize of job (KB)
...
005 (12188444.047.000) 03/28 22:01:32 Job terminated.
	(1) Normal termination (return value 0)
		Usr 0 00:01:29, Sys 0 00:00:06  -  Run Remote Usage
		Usr 0 00:00:00, Sys 0 00:00:00  -  Run Local Usage
		Usr 0 00:01:29, Sys 0 00:00:06  -  Total Remote Usage
		Usr 0 00:00:00, Sys 0 00:00:00  -  Total Local Usage
	131537  -  Run Bytes Sent By Job
	2244097  -  Run Bytes Received By Job
	131537  -  Total Bytes Sent By Job
	2244097  -  Total Bytes Received By Job
	Partitionable Resources :    Usage  Request Allocated 
	   Cpus                 :        0        1         1 
	   Disk (KB)            :     5070     2250    315596 
	   Memory (MB)          :      187     2000      2000 
...
