000 (12188444.051.000) 03/28 21:58:19 Job submitted from host: <131.225.188.55:9618?addrs=131.225.188.55-9618&noUDP&sock=16299_5637_3>
...
001 (12188444.051.000) 03/28 21:59:14 Job executing on host: <131.225.206.136:9618?addrs=131.225.206.136-9618&noUDP&sock=1182_5508_3>
...
006 (12188444.051.000) 03/28 21:59:23 Image size of job updated: 14
	14  -  MemoryUsage of job (MB)
	15080  -  ResidentSetSize of job (KB)
...
006 (12188444.051.000) 03/28 22:00:23 Image size of job updated: 164
	164  -  MemoryUsage of job (MB)
	168568  -  ResidentSetSize of job (KB)
...
006 (12188444.051.000) 03/28 22:01:16 Image size of job updated: 189
	189  -  MemoryUsage of job (MB)
	194352  -  ResidentSetSize of job (KB)
...
005 (12188444.051.000) 03/28 22:01:19 Job terminated.
	(1) Normal termination (return value 0)
		Usr 0 00:01:10, Sys 0 00:00:05  -  Run Remote Usage
		Usr 0 00:00:00, Sys 0 00:00:00  -  Run Local Usage
		Usr 0 00:01:10, Sys 0 00:00:05  -  Total Remote Usage
		Usr 0 00:00:00, Sys 0 00:00:00  -  Total Local Usage
	131295  -  Run Bytes Sent By Job
	2244097  -  Run Bytes Received By Job
	131295  -  Total Bytes Sent By Job
	2244097  -  Total Bytes Received By Job
	Partitionable Resources :    Usage  Request Allocated 
	   Cpus                 :        0        1         1 
	   Disk (KB)            :     5070     2250    314356 
	   Memory (MB)          :      189     2000      2000 
...
