000 (12188444.020.000) 03/28 21:58:19 Job submitted from host: <131.225.188.55:9618?addrs=131.225.188.55-9618&noUDP&sock=16299_5637_3>
...
001 (12188444.020.000) 03/28 21:59:07 Job executing on host: <131.225.206.177:9618?addrs=131.225.206.177-9618&noUDP&sock=1155_cff9_3>
...
006 (12188444.020.000) 03/28 22:00:17 Image size of job updated: 164
	164  -  MemoryUsage of job (MB)
	168396  -  ResidentSetSize of job (KB)
...
006 (12188444.020.000) 03/28 22:01:17 Image size of job updated: 190
	190  -  MemoryUsage of job (MB)
	194588  -  ResidentSetSize of job (KB)
...
005 (12188444.020.000) 03/28 22:01:19 Job terminated.
	(1) Normal termination (return value 0)
		Usr 0 00:01:22, Sys 0 00:00:05  -  Run Remote Usage
		Usr 0 00:00:00, Sys 0 00:00:00  -  Run Local Usage
		Usr 0 00:01:22, Sys 0 00:00:05  -  Total Remote Usage
		Usr 0 00:00:00, Sys 0 00:00:00  -  Total Local Usage
	131202  -  Run Bytes Sent By Job
	2244097  -  Run Bytes Received By Job
	131202  -  Total Bytes Sent By Job
	2244097  -  Total Bytes Received By Job
	Partitionable Resources :    Usage  Request Allocated 
	   Cpus                 :        0        1         1 
	   Disk (KB)            :     5069     2250    308539 
	   Memory (MB)          :      190     2000      2000 
...
