000 (12188444.010.000) 03/28 21:58:19 Job submitted from host: <131.225.188.55:9618?addrs=131.225.188.55-9618&noUDP&sock=16299_5637_3>
...
001 (12188444.010.000) 03/28 21:59:05 Job executing on host: <131.225.206.170:9618?addrs=131.225.206.170-9618&noUDP&sock=1173_28ae_3>
...
006 (12188444.010.000) 03/28 21:59:14 Image size of job updated: 14
	14  -  MemoryUsage of job (MB)
	15324  -  ResidentSetSize of job (KB)
...
006 (12188444.010.000) 03/28 22:00:14 Image size of job updated: 163
	163  -  MemoryUsage of job (MB)
	167236  -  ResidentSetSize of job (KB)
...
006 (12188444.010.000) 03/28 22:01:15 Image size of job updated: 184
	184  -  MemoryUsage of job (MB)
	189328  -  ResidentSetSize of job (KB)
...
005 (12188444.010.000) 03/28 22:01:45 Job terminated.
	(1) Normal termination (return value 0)
		Usr 0 00:01:00, Sys 0 00:00:05  -  Run Remote Usage
		Usr 0 00:00:00, Sys 0 00:00:00  -  Run Local Usage
		Usr 0 00:01:00, Sys 0 00:00:05  -  Total Remote Usage
		Usr 0 00:00:00, Sys 0 00:00:00  -  Total Local Usage
	131615  -  Run Bytes Sent By Job
	2244097  -  Run Bytes Received By Job
	131615  -  Total Bytes Sent By Job
	2244097  -  Total Bytes Received By Job
	Partitionable Resources :    Usage  Request Allocated 
	   Cpus                 :        0        1         1 
	   Disk (KB)            :     5070     2250    320550 
	   Memory (MB)          :      184     2000      2000 
...
