000 (12188444.033.000) 03/28 21:58:19 Job submitted from host: <131.225.188.55:9618?addrs=131.225.188.55-9618&noUDP&sock=16299_5637_3>
...
001 (12188444.033.000) 03/28 21:59:08 Job executing on host: <131.225.191.176:9618?addrs=131.225.191.176-9618&noUDP&sock=1178_96a7_3>
...
006 (12188444.033.000) 03/28 21:59:17 Image size of job updated: 14
	14  -  MemoryUsage of job (MB)
	15328  -  ResidentSetSize of job (KB)
...
006 (12188444.033.000) 03/28 22:00:17 Image size of job updated: 163
	163  -  MemoryUsage of job (MB)
	167372  -  ResidentSetSize of job (KB)
...
006 (12188444.033.000) 03/28 22:01:17 Image size of job updated: 165
	165  -  MemoryUsage of job (MB)
	169716  -  ResidentSetSize of job (KB)
...
005 (12188444.033.000) 03/28 22:02:07 Job terminated.
	(1) Normal termination (return value 0)
		Usr 0 00:00:51, Sys 0 00:00:06  -  Run Remote Usage
		Usr 0 00:00:00, Sys 0 00:00:00  -  Run Local Usage
		Usr 0 00:00:51, Sys 0 00:00:06  -  Total Remote Usage
		Usr 0 00:00:00, Sys 0 00:00:00  -  Total Local Usage
	132233  -  Run Bytes Sent By Job
	2244097  -  Run Bytes Received By Job
	132233  -  Total Bytes Sent By Job
	2244097  -  Total Bytes Received By Job
	Partitionable Resources :    Usage  Request Allocated 
	   Cpus                 :     0.01        1         1 
	   Disk (KB)            :  5070        2250    328308 
	   Memory (MB)          :   165        2000      2000 
...
