000 (12188444.024.000) 03/28 21:58:19 Job submitted from host: <131.225.188.55:9618?addrs=131.225.188.55-9618&noUDP&sock=16299_5637_3>
...
001 (12188444.024.000) 03/28 22:00:08 Job executing on host: <131.225.204.41:9618?addrs=131.225.204.41-9618&noUDP&sock=1177_e70f_3>
...
006 (12188444.024.000) 03/28 22:00:16 Image size of job updated: 41
	41  -  MemoryUsage of job (MB)
	42688  -  ResidentSetSize of job (KB)
...
006 (12188444.024.000) 03/28 22:01:16 Image size of job updated: 164
	164  -  MemoryUsage of job (MB)
	168740  -  ResidentSetSize of job (KB)
...
006 (12188444.024.000) 03/28 22:02:16 Image size of job updated: 186
	186  -  MemoryUsage of job (MB)
	190860  -  ResidentSetSize of job (KB)
...
005 (12188444.024.000) 03/28 22:02:24 Job terminated.
	(1) Normal termination (return value 0)
		Usr 0 00:01:16, Sys 0 00:00:05  -  Run Remote Usage
		Usr 0 00:00:00, Sys 0 00:00:00  -  Run Local Usage
		Usr 0 00:01:16, Sys 0 00:00:05  -  Total Remote Usage
		Usr 0 00:00:00, Sys 0 00:00:00  -  Total Local Usage
	130948  -  Run Bytes Sent By Job
	2244097  -  Run Bytes Received By Job
	130948  -  Total Bytes Sent By Job
	2244097  -  Total Bytes Received By Job
	Partitionable Resources :    Usage  Request Allocated 
	   Cpus                 :     0.01        1         1 
	   Disk (KB)            :  5069        2250    330129 
	   Memory (MB)          :   186        2000      2000 
...
