000 (12188444.050.000) 03/28 21:58:19 Job submitted from host: <131.225.188.55:9618?addrs=131.225.188.55-9618&noUDP&sock=16299_5637_3>
...
001 (12188444.050.000) 03/28 21:59:11 Job executing on host: <131.225.191.161:9618?addrs=131.225.191.161-9618&noUDP&sock=1154_2061_3>
...
006 (12188444.050.000) 03/28 22:00:20 Image size of job updated: 163
	163  -  MemoryUsage of job (MB)
	167708  -  ResidentSetSize of job (KB)
...
006 (12188444.050.000) 03/28 22:01:21 Image size of job updated: 187
	187  -  MemoryUsage of job (MB)
	192432  -  ResidentSetSize of job (KB)
...
005 (12188444.050.000) 03/28 22:01:33 Job terminated.
	(1) Normal termination (return value 0)
		Usr 0 00:01:13, Sys 0 00:00:07  -  Run Remote Usage
		Usr 0 00:00:00, Sys 0 00:00:00  -  Run Local Usage
		Usr 0 00:01:13, Sys 0 00:00:07  -  Total Remote Usage
		Usr 0 00:00:00, Sys 0 00:00:00  -  Total Local Usage
	131582  -  Run Bytes Sent By Job
	2244097  -  Run Bytes Received By Job
	131582  -  Total Bytes Sent By Job
	2244097  -  Total Bytes Received By Job
	Partitionable Resources :    Usage  Request Allocated 
	   Cpus                 :        0        1         1 
	   Disk (KB)            :     5070     2250    304407 
	   Memory (MB)          :      187     2000      2000 
...
