000 (12188444.040.000) 03/28 21:58:19 Job submitted from host: <131.225.188.55:9618?addrs=131.225.188.55-9618&noUDP&sock=16299_5637_3>
...
001 (12188444.040.000) 03/28 21:59:09 Job executing on host: <131.225.204.120:9618?addrs=131.225.204.120-9618&noUDP&sock=1157_2f2a_3>
...
006 (12188444.040.000) 03/28 21:59:19 Image size of job updated: 16
	16  -  MemoryUsage of job (MB)
	17040  -  ResidentSetSize of job (KB)
...
006 (12188444.040.000) 03/28 22:00:20 Image size of job updated: 85
	85  -  MemoryUsage of job (MB)
	87644  -  ResidentSetSize of job (KB)
...
006 (12188444.040.000) 03/28 22:01:21 Image size of job updated: 165
	165  -  MemoryUsage of job (MB)
	169636  -  ResidentSetSize of job (KB)
...
006 (12188444.040.000) 03/28 22:01:51 Image size of job updated: 188
	188  -  MemoryUsage of job (MB)
	192864  -  ResidentSetSize of job (KB)
...
005 (12188444.040.000) 03/28 22:01:53 Job terminated.
	(1) Normal termination (return value 0)
		Usr 0 00:01:15, Sys 0 00:00:06  -  Run Remote Usage
		Usr 0 00:00:00, Sys 0 00:00:00  -  Run Local Usage
		Usr 0 00:01:15, Sys 0 00:00:06  -  Total Remote Usage
		Usr 0 00:00:00, Sys 0 00:00:00  -  Total Local Usage
	131978  -  Run Bytes Sent By Job
	2244097  -  Run Bytes Received By Job
	131978  -  Total Bytes Sent By Job
	2244097  -  Total Bytes Received By Job
	Partitionable Resources :    Usage  Request Allocated 
	   Cpus                 :        0        1         1 
	   Disk (KB)            :     5070     2250    329136 
	   Memory (MB)          :      188     2000      2000 
...
