000 (12188444.017.000) 03/28 21:58:19 Job submitted from host: <131.225.188.55:9618?addrs=131.225.188.55-9618&noUDP&sock=16299_5637_3>
...
001 (12188444.017.000) 03/28 21:59:11 Job executing on host: <131.225.206.226:9618?addrs=131.225.206.226-9618&noUDP&sock=1156_7f92_3>
...
006 (12188444.017.000) 03/28 21:59:22 Image size of job updated: 26
	26  -  MemoryUsage of job (MB)
	27092  -  ResidentSetSize of job (KB)
...
006 (12188444.017.000) 03/28 22:00:23 Image size of job updated: 164
	164  -  MemoryUsage of job (MB)
	168340  -  ResidentSetSize of job (KB)
...
006 (12188444.017.000) 03/28 22:01:24 Image size of job updated: 185
	185  -  MemoryUsage of job (MB)
	190228  -  ResidentSetSize of job (KB)
...
005 (12188444.017.000) 03/28 22:01:28 Job terminated.
	(1) Normal termination (return value 0)
		Usr 0 00:01:24, Sys 0 00:00:05  -  Run Remote Usage
		Usr 0 00:00:00, Sys 0 00:00:00  -  Run Local Usage
		Usr 0 00:01:24, Sys 0 00:00:05  -  Total Remote Usage
		Usr 0 00:00:00, Sys 0 00:00:00  -  Total Local Usage
	131804  -  Run Bytes Sent By Job
	2244097  -  Run Bytes Received By Job
	131804  -  Total Bytes Sent By Job
	2244097  -  Total Bytes Received By Job
	Partitionable Resources :    Usage  Request Allocated 
	   Cpus                 :        0        1         1 
	   Disk (KB)            :     5070     2250    301582 
	   Memory (MB)          :      185     2000      2000 
...
