000 (12188444.021.000) 03/28 21:58:19 Job submitted from host: <131.225.188.55:9618?addrs=131.225.188.55-9618&noUDP&sock=16299_5637_3>
...
001 (12188444.021.000) 03/28 21:59:07 Job executing on host: <131.225.206.199:9618?addrs=131.225.206.199-9618&noUDP&sock=1152_c131_3>
...
006 (12188444.021.000) 03/28 21:59:16 Image size of job updated: 14
	14  -  MemoryUsage of job (MB)
	15320  -  ResidentSetSize of job (KB)
...
006 (12188444.021.000) 03/28 22:00:17 Image size of job updated: 164
	164  -  MemoryUsage of job (MB)
	168760  -  ResidentSetSize of job (KB)
...
006 (12188444.021.000) 03/28 22:01:18 Image size of job updated: 190
	190  -  MemoryUsage of job (MB)
	195156  -  ResidentSetSize of job (KB)
...
005 (12188444.021.000) 03/28 22:01:32 Job terminated.
	(1) Normal termination (return value 0)
		Usr 0 00:01:31, Sys 0 00:00:06  -  Run Remote Usage
		Usr 0 00:00:00, Sys 0 00:00:00  -  Run Local Usage
		Usr 0 00:01:31, Sys 0 00:00:06  -  Total Remote Usage
		Usr 0 00:00:00, Sys 0 00:00:00  -  Total Local Usage
	131541  -  Run Bytes Sent By Job
	2244097  -  Run Bytes Received By Job
	131541  -  Total Bytes Sent By Job
	2244097  -  Total Bytes Received By Job
	Partitionable Resources :    Usage  Request Allocated 
	   Cpus                 :        0        1         1 
	   Disk (KB)            :     5070     2250    322375 
	   Memory (MB)          :      190     2000      2000 
...
