000 (12188444.041.000) 03/28 21:58:19 Job submitted from host: <131.225.188.55:9618?addrs=131.225.188.55-9618&noUDP&sock=16299_5637_3>
...
001 (12188444.041.000) 03/28 22:00:10 Job executing on host: <131.225.206.4:9618?addrs=131.225.206.4-9618&noUDP&sock=1155_cff9_3>
...
006 (12188444.041.000) 03/28 22:00:20 Image size of job updated: 76
	76  -  MemoryUsage of job (MB)
	78448  -  ResidentSetSize of job (KB)
...
006 (12188444.041.000) 03/28 22:01:20 Image size of job updated: 164
	164  -  MemoryUsage of job (MB)
	168684  -  ResidentSetSize of job (KB)
...
006 (12188444.041.000) 03/28 22:02:21 Image size of job updated: 189
	189  -  MemoryUsage of job (MB)
	193932  -  ResidentSetSize of job (KB)
...
006 (12188444.041.000) 03/28 22:02:27 Image size of job updated: 190
	190  -  MemoryUsage of job (MB)
	195112  -  ResidentSetSize of job (KB)
...
005 (12188444.041.000) 03/28 22:02:30 Job terminated.
	(1) Normal termination (return value 0)
		Usr 0 00:01:28, Sys 0 00:00:04  -  Run Remote Usage
		Usr 0 00:00:00, Sys 0 00:00:00  -  Run Local Usage
		Usr 0 00:01:28, Sys 0 00:00:04  -  Total Remote Usage
		Usr 0 00:00:00, Sys 0 00:00:00  -  Total Local Usage
	131961  -  Run Bytes Sent By Job
	2244097  -  Run Bytes Received By Job
	131961  -  Total Bytes Sent By Job
	2244097  -  Total Bytes Received By Job
	Partitionable Resources :    Usage  Request Allocated 
	   Cpus                 :        0        1         1 
	   Disk (KB)            :     5070     2250    306473 
	   Memory (MB)          :      190     2000      2000 
...
