000 (12188444.027.000) 03/28 21:58:19 Job submitted from host: <131.225.188.55:9618?addrs=131.225.188.55-9618&noUDP&sock=16299_5637_3>
...
001 (12188444.027.000) 03/28 21:59:06 Job executing on host: <131.225.204.119:9618?addrs=131.225.204.119-9618&noUDP&sock=1155_cff9_3>
...
006 (12188444.027.000) 03/28 21:59:15 Image size of job updated: 14
	14  -  MemoryUsage of job (MB)
	15324  -  ResidentSetSize of job (KB)
...
006 (12188444.027.000) 03/28 22:00:15 Image size of job updated: 164
	164  -  MemoryUsage of job (MB)
	168608  -  ResidentSetSize of job (KB)
...
006 (12188444.027.000) 03/28 22:01:15 Image size of job updated: 188
	188  -  MemoryUsage of job (MB)
	192636  -  ResidentSetSize of job (KB)
...
005 (12188444.027.000) 03/28 22:01:46 Job terminated.
	(1) Normal termination (return value 0)
		Usr 0 00:01:08, Sys 0 00:00:06  -  Run Remote Usage
		Usr 0 00:00:00, Sys 0 00:00:00  -  Run Local Usage
		Usr 0 00:01:08, Sys 0 00:00:06  -  Total Remote Usage
		Usr 0 00:00:00, Sys 0 00:00:00  -  Total Local Usage
	131966  -  Run Bytes Sent By Job
	2244097  -  Run Bytes Received By Job
	131966  -  Total Bytes Sent By Job
	2244097  -  Total Bytes Received By Job
	Partitionable Resources :    Usage  Request Allocated 
	   Cpus                 :        0        1         1 
	   Disk (KB)            :     5070     2250    313540 
	   Memory (MB)          :      188     2000      2000 
...
