000 (12188444.046.000) 03/28 21:58:19 Job submitted from host: <131.225.188.55:9618?addrs=131.225.188.55-9618&noUDP&sock=16299_5637_3>
...
001 (12188444.046.000) 03/28 21:59:10 Job executing on host: <131.225.206.178:9618?addrs=131.225.206.178-9618&noUDP&sock=1156_7f92_3>
...
006 (12188444.046.000) 03/28 21:59:19 Image size of job updated: 5
	4  -  MemoryUsage of job (MB)
	4700  -  ResidentSetSize of job (KB)
...
006 (12188444.046.000) 03/28 22:00:20 Image size of job updated: 163
	163  -  MemoryUsage of job (MB)
	167492  -  ResidentSetSize of job (KB)
...
006 (12188444.046.000) 03/28 22:01:20 Image size of job updated: 188
	188  -  MemoryUsage of job (MB)
	192776  -  ResidentSetSize of job (KB)
...
005 (12188444.046.000) 03/28 22:01:53 Job terminated.
	(1) Normal termination (return value 0)
		Usr 0 00:01:13, Sys 0 00:00:06  -  Run Remote Usage
		Usr 0 00:00:00, Sys 0 00:00:00  -  Run Local Usage
		Usr 0 00:01:13, Sys 0 00:00:06  -  Total Remote Usage
		Usr 0 00:00:00, Sys 0 00:00:00  -  Total Local Usage
	132062  -  Run Bytes Sent By Job
	2244097  -  Run Bytes Received By Job
	132062  -  Total Bytes Sent By Job
	2244097  -  Total Bytes Received By Job
	Partitionable Resources :    Usage  Request Allocated 
	   Cpus                 :     0.00        1         1 
	   Disk (KB)            :  5070        2250    311508 
	   Memory (MB)          :   188        2000      2000 
...
