000 (12188444.022.000) 03/28 21:58:19 Job submitted from host: <131.225.188.55:9618?addrs=131.225.188.55-9618&noUDP&sock=16299_5637_3>
...
001 (12188444.022.000) 03/28 21:59:05 Job executing on host: <131.225.204.115:9618?addrs=131.225.204.115-9618&noUDP&sock=1150_6200_3>
...
006 (12188444.022.000) 03/28 21:59:14 Image size of job updated: 13
	13  -  MemoryUsage of job (MB)
	13864  -  ResidentSetSize of job (KB)
...
006 (12188444.022.000) 03/28 22:00:15 Image size of job updated: 164
	164  -  MemoryUsage of job (MB)
	168468  -  ResidentSetSize of job (KB)
...
006 (12188444.022.000) 03/28 22:01:15 Image size of job updated: 188
	188  -  MemoryUsage of job (MB)
	193284  -  ResidentSetSize of job (KB)
...
005 (12188444.022.000) 03/28 22:01:55 Job terminated.
	(1) Normal termination (return value 0)
		Usr 0 00:01:11, Sys 0 00:00:06  -  Run Remote Usage
		Usr 0 00:00:00, Sys 0 00:00:00  -  Run Local Usage
		Usr 0 00:01:11, Sys 0 00:00:06  -  Total Remote Usage
		Usr 0 00:00:00, Sys 0 00:00:00  -  Total Local Usage
	131608  -  Run Bytes Sent By Job
	2244097  -  Run Bytes Received By Job
	131608  -  Total Bytes Sent By Job
	2244097  -  Total Bytes Received By Job
	Partitionable Resources :    Usage  Request Allocated 
	   Cpus                 :     0.11        1         1 
	   Disk (KB)            :  5070        2250    306756 
	   Memory (MB)          :   188        2000      2000 
...
