000 (12188444.002.000) 03/28 21:58:19 Job submitted from host: <131.225.188.55:9618?addrs=131.225.188.55-9618&noUDP&sock=16299_5637_3>
...
001 (12188444.002.000) 03/28 21:59:03 Job executing on host: <131.225.204.105:9618?addrs=131.225.204.105-9618&noUDP&sock=1150_6200_3>
...
006 (12188444.002.000) 03/28 21:59:12 Image size of job updated: 5
	3  -  MemoryUsage of job (MB)
	3908  -  ResidentSetSize of job (KB)
...
006 (12188444.002.000) 03/28 22:00:12 Image size of job updated: 163
	163  -  MemoryUsage of job (MB)
	167420  -  ResidentSetSize of job (KB)
...
006 (12188444.002.000) 03/28 22:01:12 Image size of job updated: 177
	177  -  MemoryUsage of job (MB)
	181772  -  ResidentSetSize of job (KB)
...
005 (12188444.002.000) 03/28 22:01:42 Job terminated.
	(1) Normal termination (return value 0)
		Usr 0 00:00:54, Sys 0 00:00:05  -  Run Remote Usage
		Usr 0 00:00:00, Sys 0 00:00:00  -  Run Local Usage
		Usr 0 00:00:54, Sys 0 00:00:05  -  Total Remote Usage
		Usr 0 00:00:00, Sys 0 00:00:00  -  Total Local Usage
	130942  -  Run Bytes Sent By Job
	2244097  -  Run Bytes Received By Job
	130942  -  Total Bytes Sent By Job
	2244097  -  Total Bytes Received By Job
	Partitionable Resources :    Usage  Request Allocated 
	   Cpus                 :     0.01        1         1 
	   Disk (KB)            :  5069        2250    317422 
	   Memory (MB)          :   177        2000      2000 
...
