000 (12188444.037.000) 03/28 21:58:19 Job submitted from host: <131.225.188.55:9618?addrs=131.225.188.55-9618&noUDP&sock=16299_5637_3>
...
001 (12188444.037.000) 03/28 21:59:10 Job executing on host: <131.225.191.181:9618?addrs=131.225.191.181-9618&noUDP&sock=1170_19e5_3>
...
006 (12188444.037.000) 03/28 21:59:19 Image size of job updated: 5
	3  -  MemoryUsage of job (MB)
	3808  -  ResidentSetSize of job (KB)
...
006 (12188444.037.000) 03/28 22:00:21 Image size of job updated: 164
	164  -  MemoryUsage of job (MB)
	168416  -  ResidentSetSize of job (KB)
...
006 (12188444.037.000) 03/28 22:01:21 Image size of job updated: 185
	185  -  MemoryUsage of job (MB)
	189772  -  ResidentSetSize of job (KB)
...
005 (12188444.037.000) 03/28 22:01:57 Job terminated.
	(1) Normal termination (return value 0)
		Usr 0 00:01:06, Sys 0 00:00:06  -  Run Remote Usage
		Usr 0 00:00:00, Sys 0 00:00:00  -  Run Local Usage
		Usr 0 00:01:06, Sys 0 00:00:06  -  Total Remote Usage
		Usr 0 00:00:00, Sys 0 00:00:00  -  Total Local Usage
	132233  -  Run Bytes Sent By Job
	2244097  -  Run Bytes Received By Job
	132233  -  Total Bytes Sent By Job
	2244097  -  Total Bytes Received By Job
	Partitionable Resources :    Usage  Request Allocated 
	   Cpus                 :     0.00        1         1 
	   Disk (KB)            :  5070        2250    316300 
	   Memory (MB)          :   185        2000      2000 
...
