000 (12188444.029.000) 03/28 21:58:19 Job submitted from host: <131.225.188.55:9618?addrs=131.225.188.55-9618&noUDP&sock=16299_5637_3>
...
001 (12188444.029.000) 03/28 21:59:08 Job executing on host: <131.225.206.231:9618?addrs=131.225.206.231-9618&noUDP&sock=1146_a39f_3>
...
006 (12188444.029.000) 03/28 21:59:17 Image size of job updated: 17
	17  -  MemoryUsage of job (MB)
	17592  -  ResidentSetSize of job (KB)
...
006 (12188444.029.000) 03/28 22:00:18 Image size of job updated: 165
	165  -  MemoryUsage of job (MB)
	169808  -  ResidentSetSize of job (KB)
...
006 (12188444.029.000) 03/28 22:01:08 Image size of job updated: 189
	189  -  MemoryUsage of job (MB)
	193668  -  ResidentSetSize of job (KB)
...
005 (12188444.029.000) 03/28 22:01:11 Job terminated.
	(1) Normal termination (return value 0)
		Usr 0 00:01:28, Sys 0 00:00:06  -  Run Remote Usage
		Usr 0 00:00:00, Sys 0 00:00:00  -  Run Local Usage
		Usr 0 00:01:28, Sys 0 00:00:06  -  Total Remote Usage
		Usr 0 00:00:00, Sys 0 00:00:00  -  Total Local Usage
	131181  -  Run Bytes Sent By Job
	2244097  -  Run Bytes Received By Job
	131181  -  Total Bytes Sent By Job
	2244097  -  Total Bytes Received By Job
	Partitionable Resources :    Usage  Request Allocated 
	   Cpus                 :        0        1         1 
	   Disk (KB)            :     5069     2250    319361 
	   Memory (MB)          :      189     2000      2000 
...
