000 (12188444.012.000) 03/28 21:58:19 Job submitted from host: <131.225.188.55:9618?addrs=131.225.188.55-9618&noUDP&sock=16299_5637_3>
...
001 (12188444.012.000) 03/28 21:59:03 Job executing on host: <131.225.191.148:9618?addrs=131.225.191.148-9618&noUDP&sock=1176_3777_3>
...
006 (12188444.012.000) 03/28 21:59:12 Image size of job updated: 29
	29  -  MemoryUsage of job (MB)
	30016  -  ResidentSetSize of job (KB)
...
006 (12188444.012.000) 03/28 22:00:13 Image size of job updated: 164
	164  -  MemoryUsage of job (MB)
	168100  -  ResidentSetSize of job (KB)
...
006 (12188444.012.000) 03/28 22:01:13 Image size of job updated: 184
	184  -  MemoryUsage of job (MB)
	189436  -  ResidentSetSize of job (KB)
...
005 (12188444.012.000) 03/28 22:01:47 Job terminated.
	(1) Normal termination (return value 0)
		Usr 0 00:01:01, Sys 0 00:00:06  -  Run Remote Usage
		Usr 0 00:00:00, Sys 0 00:00:00  -  Run Local Usage
		Usr 0 00:01:01, Sys 0 00:00:06  -  Total Remote Usage
		Usr 0 00:00:00, Sys 0 00:00:00  -  Total Local Usage
	131672  -  Run Bytes Sent By Job
	2244097  -  Run Bytes Received By Job
	131672  -  Total Bytes Sent By Job
	2244097  -  Total Bytes Received By Job
	Partitionable Resources :    Usage  Request Allocated 
	   Cpus                 :        0        1         1 
	   Disk (KB)            :     5070     2250    307876 
	   Memory (MB)          :      184     2000      2000 
...
