000 (12188446.112.000) 03/28 21:58:21 Job submitted from host: <131.225.188.55:9618?addrs=131.225.188.55-9618&noUDP&sock=16299_5637_3>
...
001 (12188446.112.000) 03/28 22:00:02 Job executing on host: <131.225.204.92:9618?addrs=131.225.204.92-9618&noUDP&sock=1164_fc54_3>
...
006 (12188446.112.000) 03/28 22:01:11 Image size of job updated: 46
	46  -  MemoryUsage of job (MB)
	47900  -  ResidentSetSize of job (KB)
...
006 (12188446.112.000) 03/28 22:02:12 Image size of job updated: 165
	165  -  MemoryUsage of job (MB)
	169684  -  ResidentSetSize of job (KB)
...
006 (12188446.112.000) 03/28 22:03:13 Image size of job updated: 204
	204  -  MemoryUsage of job (MB)
	209120  -  ResidentSetSize of job (KB)
...
006 (12188446.112.000) 03/28 22:03:41 Image size of job updated: 204
	204  -  MemoryUsage of job (MB)
	209328  -  ResidentSetSize of job (KB)
...
005 (12188446.112.000) 03/28 22:03:43 Job terminated.
	(1) Normal termination (return value 0)
		Usr 0 00:01:51, Sys 0 00:00:09  -  Run Remote Usage
		Usr 0 00:00:00, Sys 0 00:00:00  -  Run Local Usage
		Usr 0 00:01:51, Sys 0 00:00:09  -  Total Remote Usage
		Usr 0 00:00:00, Sys 0 00:00:00  -  Total Local Usage
	148263  -  Run Bytes Sent By Job
	2247084  -  Run Bytes Received By Job
	148263  -  Total Bytes Sent By Job
	2247084  -  Total Bytes Received By Job
	Partitionable Resources :    Usage  Request Allocated 
	   Cpus                 :        0        1         1 
	   Disk (KB)            :     5172     2250    312667 
	   Memory (MB)          :      204     2000      2000 
...
