000 (12188446.123.000) 03/28 21:58:21 Job submitted from host: <131.225.188.55:9618?addrs=131.225.188.55-9618&noUDP&sock=16299_5637_3>
...
001 (12188446.123.000) 03/28 22:00:05 Job executing on host: <131.225.204.102:9618?addrs=131.225.204.102-9618&noUDP&sock=1153_70c9_3>
...
006 (12188446.123.000) 03/28 22:01:16 Image size of job updated: 86
	86  -  MemoryUsage of job (MB)
	88944  -  ResidentSetSize of job (KB)
...
006 (12188446.123.000) 03/28 22:02:17 Image size of job updated: 126
	126  -  MemoryUsage of job (MB)
	129992  -  ResidentSetSize of job (KB)
...
006 (12188446.123.000) 03/28 22:03:17 Image size of job updated: 182
	182  -  MemoryUsage of job (MB)
	187024  -  ResidentSetSize of job (KB)
...
006 (12188446.123.000) 03/28 22:04:07 Image size of job updated: 205
	205  -  MemoryUsage of job (MB)
	210352  -  ResidentSetSize of job (KB)
...
005 (12188446.123.000) 03/28 22:04:08 Job terminated.
	(1) Normal termination (return value 0)
		Usr 0 00:02:13, Sys 0 00:00:07  -  Run Remote Usage
		Usr 0 00:00:00, Sys 0 00:00:00  -  Run Local Usage
		Usr 0 00:02:13, Sys 0 00:00:07  -  Total Remote Usage
		Usr 0 00:00:00, Sys 0 00:00:00  -  Total Local Usage
	147374  -  Run Bytes Sent By Job
	2247084  -  Run Bytes Received By Job
	147374  -  Total Bytes Sent By Job
	2247084  -  Total Bytes Received By Job
	Partitionable Resources :    Usage  Request Allocated 
	   Cpus                 :        0        1         1 
	   Disk (KB)            :     5171     2250    308632 
	   Memory (MB)          :      205     2000      2000 
...
