000 (12188446.183.000) 03/28 21:58:21 Job submitted from host: <131.225.188.55:9618?addrs=131.225.188.55-9618&noUDP&sock=16299_5637_3>
...
001 (12188446.183.000) 03/28 22:00:19 Job executing on host: <131.225.190.26:9618?addrs=131.225.190.26-9618&noUDP&sock=1443_5b40_3>
...
006 (12188446.183.000) 03/28 22:00:28 Image size of job updated: 14
	14  -  MemoryUsage of job (MB)
	15076  -  ResidentSetSize of job (KB)
...
006 (12188446.183.000) 03/28 22:01:28 Image size of job updated: 85
	85  -  MemoryUsage of job (MB)
	87368  -  ResidentSetSize of job (KB)
...
006 (12188446.183.000) 03/28 22:02:29 Image size of job updated: 190
	190  -  MemoryUsage of job (MB)
	194668  -  ResidentSetSize of job (KB)
...
005 (12188446.183.000) 03/28 22:03:06 Job terminated.
	(1) Normal termination (return value 0)
		Usr 0 00:01:11, Sys 0 00:00:08  -  Run Remote Usage
		Usr 0 00:00:00, Sys 0 00:00:00  -  Run Local Usage
		Usr 0 00:01:11, Sys 0 00:00:08  -  Total Remote Usage
		Usr 0 00:00:00, Sys 0 00:00:00  -  Total Local Usage
	147357  -  Run Bytes Sent By Job
	2247084  -  Run Bytes Received By Job
	147357  -  Total Bytes Sent By Job
	2247084  -  Total Bytes Received By Job
	Partitionable Resources :    Usage  Request Allocated 
	   Cpus                 :     0.00        1         1 
	   Disk (KB)            :  5173        2250    776914 
	   Memory (MB)          :   190        2000      2000 
...
