000 (12188446.120.000) 03/28 21:58:21 Job submitted from host: <131.225.188.55:9618?addrs=131.225.188.55-9618&noUDP&sock=16299_5637_3>
...
001 (12188446.120.000) 03/28 22:00:04 Job executing on host: <131.225.206.9:9618?addrs=131.225.206.9-9618&noUDP&sock=1160_3df3_3>
...
006 (12188446.120.000) 03/28 22:01:14 Image size of job updated: 165
	165  -  MemoryUsage of job (MB)
	169440  -  ResidentSetSize of job (KB)
...
006 (12188446.120.000) 03/28 22:02:16 Image size of job updated: 197
	197  -  MemoryUsage of job (MB)
	202296  -  ResidentSetSize of job (KB)
...
006 (12188446.120.000) 03/28 22:02:37 Image size of job updated: 197
	197  -  MemoryUsage of job (MB)
	202528  -  ResidentSetSize of job (KB)
...
005 (12188446.120.000) 03/28 22:02:39 Job terminated.
	(1) Normal termination (return value 0)
		Usr 0 00:01:49, Sys 0 00:00:06  -  Run Remote Usage
		Usr 0 00:00:00, Sys 0 00:00:00  -  Run Local Usage
		Usr 0 00:01:49, Sys 0 00:00:06  -  Total Remote Usage
		Usr 0 00:00:00, Sys 0 00:00:00  -  Total Local Usage
	147304  -  Run Bytes Sent By Job
	2247084  -  Run Bytes Received By Job
	147304  -  Total Bytes Sent By Job
	2247084  -  Total Bytes Received By Job
	Partitionable Resources :    Usage  Request Allocated 
	   Cpus                 :        0        1         1 
	   Disk (KB)            :     5171     2250    306898 
	   Memory (MB)          :      197     2000      2000 
...
