000 (12188446.068.000) 03/28 21:58:21 Job submitted from host: <131.225.188.55:9618?addrs=131.225.188.55-9618&noUDP&sock=16299_5637_3>
...
001 (12188446.068.000) 03/28 21:59:53 Job executing on host: <131.225.205.181:9618?addrs=131.225.205.181-9618&noUDP&sock=1451_d802_3>
...
006 (12188446.068.000) 03/28 22:00:02 Image size of job updated: 15
	15  -  MemoryUsage of job (MB)
	15556  -  ResidentSetSize of job (KB)
...
006 (12188446.068.000) 03/28 22:01:02 Image size of job updated: 30
	30  -  MemoryUsage of job (MB)
	31456  -  ResidentSetSize of job (KB)
...
006 (12188446.068.000) 03/28 22:02:03 Image size of job updated: 73
	73  -  MemoryUsage of job (MB)
	74784  -  ResidentSetSize of job (KB)
...
006 (12188446.068.000) 03/28 22:03:04 Image size of job updated: 175
	175  -  MemoryUsage of job (MB)
	179840  -  ResidentSetSize of job (KB)
...
006 (12188446.068.000) 03/28 22:04:04 Image size of job updated: 204
	204  -  MemoryUsage of job (MB)
	209088  -  ResidentSetSize of job (KB)
...
005 (12188446.068.000) 03/28 22:04:35 Job terminated.
	(1) Normal termination (return value 0)
		Usr 0 00:02:38, Sys 0 00:00:09  -  Run Remote Usage
		Usr 0 00:00:00, Sys 0 00:00:00  -  Run Local Usage
		Usr 0 00:02:38, Sys 0 00:00:09  -  Total Remote Usage
		Usr 0 00:00:00, Sys 0 00:00:00  -  Total Local Usage
	147610  -  Run Bytes Sent By Job
	2247084  -  Run Bytes Received By Job
	147610  -  Total Bytes Sent By Job
	2247084  -  Total Bytes Received By Job
	Partitionable Resources :    Usage  Request Allocated 
	   Cpus                 :     0.00        1         1 
	   Disk (KB)            :  5172        2250   1652860 
	   Memory (MB)          :     3        2000      2000 
...
