000 (12188446.042.000) 03/28 21:58:21 Job submitted from host: <131.225.188.55:9618?addrs=131.225.188.55-9618&noUDP&sock=16299_5637_3>
...
001 (12188446.042.000) 03/28 21:59:49 Job executing on host: <131.225.206.201:9618?addrs=131.225.206.201-9618&noUDP&sock=1153_70c9_3>
...
006 (12188446.042.000) 03/28 22:00:59 Image size of job updated: 114
	114  -  MemoryUsage of job (MB)
	116968  -  ResidentSetSize of job (KB)
...
006 (12188446.042.000) 03/28 22:02:00 Image size of job updated: 176
	176  -  MemoryUsage of job (MB)
	180900  -  ResidentSetSize of job (KB)
...
006 (12188446.042.000) 03/28 22:02:59 Image size of job updated: 203
	203  -  MemoryUsage of job (MB)
	208324  -  ResidentSetSize of job (KB)
...
005 (12188446.042.000) 03/28 22:03:02 Job terminated.
	(1) Normal termination (return value 0)
		Usr 0 00:01:51, Sys 0 00:00:08  -  Run Remote Usage
		Usr 0 00:00:00, Sys 0 00:00:00  -  Run Local Usage
		Usr 0 00:01:51, Sys 0 00:00:08  -  Total Remote Usage
		Usr 0 00:00:00, Sys 0 00:00:00  -  Total Local Usage
	148235  -  Run Bytes Sent By Job
	2247084  -  Run Bytes Received By Job
	148235  -  Total Bytes Sent By Job
	2247084  -  Total Bytes Received By Job
	Partitionable Resources :    Usage  Request Allocated 
	   Cpus                 :        0        1         1 
	   Disk (KB)            :     5172     2250    332511 
	   Memory (MB)          :      203     2000      2000 
...
