000 (12188446.053.000) 03/28 21:58:21 Job submitted from host: <131.225.188.55:9618?addrs=131.225.188.55-9618&noUDP&sock=16299_5637_3>
...
001 (12188446.053.000) 03/28 21:59:50 Job executing on host: <131.225.205.221:9618?addrs=131.225.205.221-9618&noUDP&sock=1471_8fe7_3>
...
006 (12188446.053.000) 03/28 21:59:59 Image size of job updated: 14
	14  -  MemoryUsage of job (MB)
	15320  -  ResidentSetSize of job (KB)
...
006 (12188446.053.000) 03/28 22:01:00 Image size of job updated: 50
	50  -  MemoryUsage of job (MB)
	51924  -  ResidentSetSize of job (KB)
...
006 (12188446.053.000) 03/28 22:02:00 Image size of job updated: 165
	165  -  MemoryUsage of job (MB)
	169972  -  ResidentSetSize of job (KB)
...
006 (12188446.053.000) 03/28 22:03:01 Image size of job updated: 196
	196  -  MemoryUsage of job (MB)
	201016  -  ResidentSetSize of job (KB)
...
006 (12188446.053.000) 03/28 22:03:50 Image size of job updated: 204
	204  -  MemoryUsage of job (MB)
	209160  -  ResidentSetSize of job (KB)
...
005 (12188446.053.000) 03/28 22:03:51 Job terminated.
	(1) Normal termination (return value 0)
		Usr 0 00:02:45, Sys 0 00:00:09  -  Run Remote Usage
		Usr 0 00:00:00, Sys 0 00:00:00  -  Run Local Usage
		Usr 0 00:02:45, Sys 0 00:00:09  -  Total Remote Usage
		Usr 0 00:00:00, Sys 0 00:00:00  -  Total Local Usage
	147639  -  Run Bytes Sent By Job
	2247084  -  Run Bytes Received By Job
	147639  -  Total Bytes Sent By Job
	2247084  -  Total Bytes Received By Job
	Partitionable Resources :    Usage  Request Allocated 
	   Cpus                 :     0.01        1         1 
	   Disk (KB)            :  5173        2250   1703834 
	   Memory (MB)          :   204        2000      2000 
...
