000 (12188446.193.000) 03/28 21:58:21 Job submitted from host: <131.225.188.55:9618?addrs=131.225.188.55-9618&noUDP&sock=16299_5637_3>
...
001 (12188446.193.000) 03/28 22:00:21 Job executing on host: <131.225.191.225:9618?addrs=131.225.191.225-9618&noUDP&sock=1437_3daf_3>
...
006 (12188446.193.000) 03/28 22:00:30 Image size of job updated: 30
	30  -  MemoryUsage of job (MB)
	30776  -  ResidentSetSize of job (KB)
...
006 (12188446.193.000) 03/28 22:01:30 Image size of job updated: 85
	85  -  MemoryUsage of job (MB)
	87260  -  ResidentSetSize of job (KB)
...
006 (12188446.193.000) 03/28 22:02:31 Image size of job updated: 203
	203  -  MemoryUsage of job (MB)
	208516  -  ResidentSetSize of job (KB)
...
005 (12188446.193.000) 03/28 22:03:45 Job terminated.
	(1) Normal termination (return value 0)
		Usr 0 00:01:12, Sys 0 00:00:06  -  Run Remote Usage
		Usr 0 00:00:00, Sys 0 00:00:00  -  Run Local Usage
		Usr 0 00:01:12, Sys 0 00:00:06  -  Total Remote Usage
		Usr 0 00:00:00, Sys 0 00:00:00  -  Total Local Usage
	147549  -  Run Bytes Sent By Job
	2247084  -  Run Bytes Received By Job
	147549  -  Total Bytes Sent By Job
	2247084  -  Total Bytes Received By Job
	Partitionable Resources :    Usage  Request Allocated 
	   Cpus                 :     0.00        1         1 
	   Disk (KB)            :  5173        2250    769771 
	   Memory (MB)          :   203        2000      2000 
...
