000 (12188446.146.000) 03/28 21:58:21 Job submitted from host: <131.225.188.55:9618?addrs=131.225.188.55-9618&noUDP&sock=16299_5637_3>
...
001 (12188446.146.000) 03/28 22:00:10 Job executing on host: <131.225.188.25:9618?addrs=131.225.188.25-9618&noUDP&sock=1934_2440_3>
...
006 (12188446.146.000) 03/28 22:00:19 Image size of job updated: 5
	3  -  MemoryUsage of job (MB)
	3740  -  ResidentSetSize of job (KB)
...
006 (12188446.146.000) 03/28 22:01:19 Image size of job updated: 32
	32  -  MemoryUsage of job (MB)
	33220  -  ResidentSetSize of job (KB)
...
006 (12188446.146.000) 03/28 22:02:20 Image size of job updated: 165
	165  -  MemoryUsage of job (MB)
	169780  -  ResidentSetSize of job (KB)
...
006 (12188446.146.000) 03/28 22:03:21 Image size of job updated: 203
	203  -  MemoryUsage of job (MB)
	208168  -  ResidentSetSize of job (KB)
...
005 (12188446.146.000) 03/28 22:03:54 Job terminated.
	(1) Normal termination (return value 0)
		Usr 0 00:01:21, Sys 0 00:00:07  -  Run Remote Usage
		Usr 0 00:00:00, Sys 0 00:00:00  -  Run Local Usage
		Usr 0 00:01:21, Sys 0 00:00:07  -  Total Remote Usage
		Usr 0 00:00:00, Sys 0 00:00:00  -  Total Local Usage
	147345  -  Run Bytes Sent By Job
	2247084  -  Run Bytes Received By Job
	147345  -  Total Bytes Sent By Job
	2247084  -  Total Bytes Received By Job
	Partitionable Resources :    Usage  Request Allocated 
	   Cpus                 :     0.00        1         1 
	   Disk (KB)            :  5172        2250   1654751 
	   Memory (MB)          :   203        2000      2000 
...
