000 (12188446.040.000) 03/28 21:58:21 Job submitted from host: <131.225.188.55:9618?addrs=131.225.188.55-9618&noUDP&sock=16299_5637_3>
...
001 (12188446.040.000) 03/28 21:59:47 Job executing on host: <131.225.204.104:9618?addrs=131.225.204.104-9618&noUDP&sock=1170_19e5_3>
...
006 (12188446.040.000) 03/28 22:00:55 Image size of job updated: 27
	27  -  MemoryUsage of job (MB)
	28036  -  ResidentSetSize of job (KB)
...
006 (12188446.040.000) 03/28 22:01:55 Image size of job updated: 169
	169  -  MemoryUsage of job (MB)
	173276  -  ResidentSetSize of job (KB)
...
006 (12188446.040.000) 03/28 22:02:55 Image size of job updated: 204
	204  -  MemoryUsage of job (MB)
	209388  -  ResidentSetSize of job (KB)
...
005 (12188446.040.000) 03/28 22:03:07 Job terminated.
	(1) Normal termination (return value 0)
		Usr 0 00:01:52, Sys 0 00:00:08  -  Run Remote Usage
		Usr 0 00:00:00, Sys 0 00:00:00  -  Run Local Usage
		Usr 0 00:01:52, Sys 0 00:00:08  -  Total Remote Usage
		Usr 0 00:00:00, Sys 0 00:00:00  -  Total Local Usage
	147813  -  Run Bytes Sent By Job
	2247084  -  Run Bytes Received By Job
	147813  -  Total Bytes Sent By Job
	2247084  -  Total Bytes Received By Job
	Partitionable Resources :    Usage  Request Allocated 
	   Cpus                 :        0        1         1 
	   Disk (KB)            :     5172     2250    319753 
	   Memory (MB)          :      204     2000      2000 
...
