000 (12188446.145.000) 03/28 21:58:21 Job submitted from host: <131.225.188.55:9618?addrs=131.225.188.55-9618&noUDP&sock=16299_5637_3>
...
001 (12188446.145.000) 03/28 22:00:10 Job executing on host: <131.225.188.22:9618?addrs=131.225.188.22-9618&noUDP&sock=1928_06af_3>
...
006 (12188446.145.000) 03/28 22:00:19 Image size of job updated: 18
	18  -  MemoryUsage of job (MB)
	18968  -  ResidentSetSize of job (KB)
...
006 (12188446.145.000) 03/28 22:01:19 Image size of job updated: 73
	73  -  MemoryUsage of job (MB)
	74776  -  ResidentSetSize of job (KB)
...
006 (12188446.145.000) 03/28 22:02:20 Image size of job updated: 167
	167  -  MemoryUsage of job (MB)
	171764  -  ResidentSetSize of job (KB)
...
006 (12188446.145.000) 03/28 22:03:20 Image size of job updated: 202
	202  -  MemoryUsage of job (MB)
	207672  -  ResidentSetSize of job (KB)
...
005 (12188446.145.000) 03/28 22:03:51 Job terminated.
	(1) Normal termination (return value 0)
		Usr 0 00:01:45, Sys 0 00:00:07  -  Run Remote Usage
		Usr 0 00:00:00, Sys 0 00:00:00  -  Run Local Usage
		Usr 0 00:01:45, Sys 0 00:00:07  -  Total Remote Usage
		Usr 0 00:00:00, Sys 0 00:00:00  -  Total Local Usage
	148246  -  Run Bytes Sent By Job
	2247084  -  Run Bytes Received By Job
	148246  -  Total Bytes Sent By Job
	2247084  -  Total Bytes Received By Job
	Partitionable Resources :    Usage  Request Allocated 
	   Cpus                 :        0        1         1 
	   Disk (KB)            :     5173     2250   1651073 
	   Memory (MB)          :      202     2000      2000 
...
