000 (12188446.105.000) 03/28 21:58:21 Job submitted from host: <131.225.188.55:9618?addrs=131.225.188.55-9618&noUDP&sock=16299_5637_3>
...
001 (12188446.105.000) 03/28 22:00:47 Job executing on host: <131.225.206.197:9618?addrs=131.225.206.197-9618&noUDP&sock=1157_2f2a_3>
...
006 (12188446.105.000) 03/28 22:01:55 Image size of job updated: 164
	164  -  MemoryUsage of job (MB)
	168352  -  ResidentSetSize of job (KB)
...
006 (12188446.105.000) 03/28 22:02:56 Image size of job updated: 182
	182  -  MemoryUsage of job (MB)
	186480  -  ResidentSetSize of job (KB)
...
006 (12188446.105.000) 03/28 22:03:30 Image size of job updated: 205
	205  -  MemoryUsage of job (MB)
	210568  -  ResidentSetSize of job (KB)
...
005 (12188446.105.000) 03/28 22:03:32 Job terminated.
	(1) Normal termination (return value 0)
		Usr 0 00:01:41, Sys 0 00:00:07  -  Run Remote Usage
		Usr 0 00:00:00, Sys 0 00:00:00  -  Run Local Usage
		Usr 0 00:01:41, Sys 0 00:00:07  -  Total Remote Usage
		Usr 0 00:00:00, Sys 0 00:00:00  -  Total Local Usage
	147493  -  Run Bytes Sent By Job
	2247084  -  Run Bytes Received By Job
	147493  -  Total Bytes Sent By Job
	2247084  -  Total Bytes Received By Job
	Partitionable Resources :    Usage  Request Allocated 
	   Cpus                 :        0        1         1 
	   Disk (KB)            :     5171     2250    301486 
	   Memory (MB)          :      205     2000      2000 
...
