000 (12188446.128.000) 03/28 21:58:21 Job submitted from host: <131.225.188.55:9618?addrs=131.225.188.55-9618&noUDP&sock=16299_5637_3>
...
001 (12188446.128.000) 03/28 22:00:05 Job executing on host: <131.225.204.107:9618?addrs=131.225.204.107-9618&noUDP&sock=1150_6200_3>
...
006 (12188446.128.000) 03/28 22:00:17 Image size of job updated: 35
	35  -  MemoryUsage of job (MB)
	36652  -  ResidentSetSize of job (KB)
...
006 (12188446.128.000) 03/28 22:01:14 Image size of job updated: 164
	164  -  MemoryUsage of job (MB)
	168332  -  ResidentSetSize of job (KB)
...
006 (12188446.128.000) 03/28 22:02:14 Image size of job updated: 203
	203  -  MemoryUsage of job (MB)
	208460  -  ResidentSetSize of job (KB)
...
005 (12188446.128.000) 03/28 22:02:44 Job terminated.
	(1) Normal termination (return value 0)
		Usr 0 00:01:23, Sys 0 00:00:08  -  Run Remote Usage
		Usr 0 00:00:00, Sys 0 00:00:00  -  Run Local Usage
		Usr 0 00:01:23, Sys 0 00:00:08  -  Total Remote Usage
		Usr 0 00:00:00, Sys 0 00:00:00  -  Total Local Usage
	147668  -  Run Bytes Sent By Job
	2247084  -  Run Bytes Received By Job
	147668  -  Total Bytes Sent By Job
	2247084  -  Total Bytes Received By Job
	Partitionable Resources :    Usage  Request Allocated 
	   Cpus                 :        0        1         1 
	   Disk (KB)            :     5172     2250    313093 
	   Memory (MB)          :      203     2000      2000 
...
