000 (12188446.019.000) 03/28 21:58:21 Job submitted from host: <131.225.188.55:9618?addrs=131.225.188.55-9618&noUDP&sock=16299_5637_3>
...
001 (12188446.019.000) 03/28 21:59:43 Job executing on host: <131.225.189.73:9618?addrs=131.225.189.73-9618&noUDP&sock=1447_19a1_3>
...
006 (12188446.019.000) 03/28 22:00:55 Image size of job updated: 5
	4  -  MemoryUsage of job (MB)
	4236  -  ResidentSetSize of job (KB)
...
006 (12188446.019.000) 03/28 22:01:57 Image size of job updated: 10
	10  -  MemoryUsage of job (MB)
	10276  -  ResidentSetSize of job (KB)
...
006 (12188446.019.000) 03/28 22:02:57 Image size of job updated: 27
	27  -  MemoryUsage of job (MB)
	27788  -  ResidentSetSize of job (KB)
...
006 (12188446.019.000) 03/28 22:03:58 Image size of job updated: 28
	28  -  MemoryUsage of job (MB)
	29648  -  ResidentSetSize of job (KB)
...
006 (12188446.019.000) 03/28 22:04:58 Image size of job updated: 50
	50  -  MemoryUsage of job (MB)
	52084  -  ResidentSetSize of job (KB)
...
006 (12188446.019.000) 03/28 22:05:59 Image size of job updated: 164
	164  -  MemoryUsage of job (MB)
	168296  -  ResidentSetSize of job (KB)
...
006 (12188446.019.000) 03/28 22:06:59 Image size of job updated: 204
	204  -  MemoryUsage of job (MB)
	209212  -  ResidentSetSize of job (KB)
...
006 (12188446.019.000) 03/28 22:07:45 Image size of job updated: 204
	204  -  MemoryUsage of job (MB)
	209580  -  ResidentSetSize of job (KB)
...
005 (12188446.019.000) 03/28 22:07:46 Job terminated.
	(1) Normal termination (return value 0)
		Usr 0 00:02:09, Sys 0 00:00:10  -  Run Remote Usage
		Usr 0 00:00:00, Sys 0 00:00:00  -  Run Local Usage
		Usr 0 00:02:09, Sys 0 00:00:10  -  Total Remote Usage
		Usr 0 00:00:00, Sys 0 00:00:00  -  Total Local Usage
	148283  -  Run Bytes Sent By Job
	2247084  -  Run Bytes Received By Job
	148283  -  Total Bytes Sent By Job
	2247084  -  Total Bytes Received By Job
	Partitionable Resources :    Usage  Request Allocated 
	   Cpus                 :     0.00        1         1 
	   Disk (KB)            :  5174        2250    788736 
	   Memory (MB)          :   204        2000      2000 
...
