000 (12188446.188.000) 03/28 21:58:21 Job submitted from host: <131.225.188.55:9618?addrs=131.225.188.55-9618&noUDP&sock=16299_5637_3>
...
001 (12188446.188.000) 03/28 22:00:20 Job executing on host: <131.225.190.44:9618?addrs=131.225.190.44-9618&noUDP&sock=1431_201d_3>
...
006 (12188446.188.000) 03/28 22:00:29 Image size of job updated: 15
	15  -  MemoryUsage of job (MB)
	16308  -  ResidentSetSize of job (KB)
...
006 (12188446.188.000) 03/28 22:01:29 Image size of job updated: 27
	27  -  MemoryUsage of job (MB)
	27792  -  ResidentSetSize of job (KB)
...
006 (12188446.188.000) 03/28 22:02:29 Image size of job updated: 38
	38  -  MemoryUsage of job (MB)
	39660  -  ResidentSetSize of job (KB)
...
006 (12188446.188.000) 03/28 22:03:30 Image size of job updated: 174
	174  -  MemoryUsage of job (MB)
	178768  -  ResidentSetSize of job (KB)
...
006 (12188446.188.000) 03/28 22:03:58 Image size of job updated: 201
	201  -  MemoryUsage of job (MB)
	206240  -  ResidentSetSize of job (KB)
...
005 (12188446.188.000) 03/28 22:03:59 Job terminated.
	(1) Normal termination (return value 0)
		Usr 0 00:01:12, Sys 0 00:00:08  -  Run Remote Usage
		Usr 0 00:00:00, Sys 0 00:00:00  -  Run Local Usage
		Usr 0 00:01:12, Sys 0 00:00:08  -  Total Remote Usage
		Usr 0 00:00:00, Sys 0 00:00:00  -  Total Local Usage
	147189  -  Run Bytes Sent By Job
	2247084  -  Run Bytes Received By Job
	147189  -  Total Bytes Sent By Job
	2247084  -  Total Bytes Received By Job
	Partitionable Resources :    Usage  Request Allocated 
	   Cpus                 :     0.00        1         1 
	   Disk (KB)            :  5172        2250    772815 
	   Memory (MB)          :   201        2000      2000 
...
