000 (12188446.199.000) 03/28 21:58:21 Job submitted from host: <131.225.188.55:9618?addrs=131.225.188.55-9618&noUDP&sock=16299_5637_3>
...
001 (12188446.199.000) 03/28 22:00:21 Job executing on host: <131.225.191.243:9618?addrs=131.225.191.243-9618&noUDP&sock=1449_78d1_3>
...
006 (12188446.199.000) 03/28 22:01:30 Image size of job updated: 27
	27  -  MemoryUsage of job (MB)
	27724  -  ResidentSetSize of job (KB)
...
006 (12188446.199.000) 03/28 22:02:31 Image size of job updated: 28
	28  -  MemoryUsage of job (MB)
	28744  -  ResidentSetSize of job (KB)
...
006 (12188446.199.000) 03/28 22:03:31 Image size of job updated: 36
	36  -  MemoryUsage of job (MB)
	36948  -  ResidentSetSize of job (KB)
...
006 (12188446.199.000) 03/28 22:04:32 Image size of job updated: 189
	189  -  MemoryUsage of job (MB)
	194428  -  ResidentSetSize of job (KB)
...
006 (12188446.199.000) 03/28 22:04:46 Image size of job updated: 203
	203  -  MemoryUsage of job (MB)
	208136  -  ResidentSetSize of job (KB)
...
005 (12188446.199.000) 03/28 22:04:47 Job terminated.
	(1) Normal termination (return value 0)
		Usr 0 00:01:19, Sys 0 00:00:08  -  Run Remote Usage
		Usr 0 00:00:00, Sys 0 00:00:00  -  Run Local Usage
		Usr 0 00:01:19, Sys 0 00:00:08  -  Total Remote Usage
		Usr 0 00:00:00, Sys 0 00:00:00  -  Total Local Usage
	146574  -  Run Bytes Sent By Job
	2247084  -  Run Bytes Received By Job
	146574  -  Total Bytes Sent By Job
	2247084  -  Total Bytes Received By Job
	Partitionable Resources :    Usage  Request Allocated 
	   Cpus                 :     0.00        1         1 
	   Disk (KB)            :  5172        2250    790879 
	   Memory (MB)          :   203        2000      2000 
...
