000 (12188446.085.000) 03/28 21:58:21 Job submitted from host: <131.225.188.55:9618?addrs=131.225.188.55-9618&noUDP&sock=16299_5637_3>
...
001 (12188446.085.000) 03/28 21:59:57 Job executing on host: <131.225.205.193:9618?addrs=131.225.205.193-9618&noUDP&sock=1457_f593_3>
...
006 (12188446.085.000) 03/28 22:00:06 Image size of job updated: 14
	14  -  MemoryUsage of job (MB)
	15252  -  ResidentSetSize of job (KB)
...
006 (12188446.085.000) 03/28 22:01:07 Image size of job updated: 66
	66  -  MemoryUsage of job (MB)
	68124  -  ResidentSetSize of job (KB)
...
006 (12188446.085.000) 03/28 22:02:07 Image size of job updated: 175
	175  -  MemoryUsage of job (MB)
	179920  -  ResidentSetSize of job (KB)
...
006 (12188446.085.000) 03/28 22:03:07 Image size of job updated: 196
	196  -  MemoryUsage of job (MB)
	201532  -  ResidentSetSize of job (KB)
...
006 (12188446.085.000) 03/28 22:03:48 Image size of job updated: 197
	197  -  MemoryUsage of job (MB)
	202008  -  ResidentSetSize of job (KB)
...
005 (12188446.085.000) 03/28 22:03:48 Job terminated.
	(1) Normal termination (return value 0)
		Usr 0 00:02:22, Sys 0 00:00:08  -  Run Remote Usage
		Usr 0 00:00:00, Sys 0 00:00:00  -  Run Local Usage
		Usr 0 00:02:22, Sys 0 00:00:08  -  Total Remote Usage
		Usr 0 00:00:00, Sys 0 00:00:00  -  Total Local Usage
	147162  -  Run Bytes Sent By Job
	2247084  -  Run Bytes Received By Job
	147162  -  Total Bytes Sent By Job
	2247084  -  Total Bytes Received By Job
	Partitionable Resources :    Usage  Request Allocated 
	   Cpus                 :     0.00        1         1 
	   Disk (KB)            :  5172        2250   1619750 
	   Memory (MB)          :   197        2000      2000 
...
