000 (12188446.058.000) 03/28 21:58:21 Job submitted from host: <131.225.188.55:9618?addrs=131.225.188.55-9618&noUDP&sock=16299_5637_3>
...
001 (12188446.058.000) 03/28 21:59:51 Job executing on host: <131.225.205.156:9618?addrs=131.225.205.156-9618&noUDP&sock=1455_9663_3>
...
006 (12188446.058.000) 03/28 22:00:00 Image size of job updated: 14
	14  -  MemoryUsage of job (MB)
	15316  -  ResidentSetSize of job (KB)
...
006 (12188446.058.000) 03/28 22:01:01 Image size of job updated: 39
	39  -  MemoryUsage of job (MB)
	40592  -  ResidentSetSize of job (KB)
...
006 (12188446.058.000) 03/28 22:02:01 Image size of job updated: 163
	163  -  MemoryUsage of job (MB)
	167564  -  ResidentSetSize of job (KB)
...
006 (12188446.058.000) 03/28 22:03:01 Image size of job updated: 197
	197  -  MemoryUsage of job (MB)
	202364  -  ResidentSetSize of job (KB)
...
006 (12188446.058.000) 03/28 22:03:44 Image size of job updated: 205
	205  -  MemoryUsage of job (MB)
	210228  -  ResidentSetSize of job (KB)
...
005 (12188446.058.000) 03/28 22:03:44 Job terminated.
	(1) Normal termination (return value 0)
		Usr 0 00:02:08, Sys 0 00:00:08  -  Run Remote Usage
		Usr 0 00:00:00, Sys 0 00:00:00  -  Run Local Usage
		Usr 0 00:02:08, Sys 0 00:00:08  -  Total Remote Usage
		Usr 0 00:00:00, Sys 0 00:00:00  -  Total Local Usage
	147246  -  Run Bytes Sent By Job
	2247084  -  Run Bytes Received By Job
	147246  -  Total Bytes Sent By Job
	2247084  -  Total Bytes Received By Job
	Partitionable Resources :    Usage  Request Allocated 
	   Cpus                 :        0        1         1 
	   Disk (KB)            :     5172     2250   1635719 
	   Memory (MB)          :      205     2000      2000 
...
