000 (12188446.090.000) 03/28 21:58:21 Job submitted from host: <131.225.188.55:9618?addrs=131.225.188.55-9618&noUDP&sock=16299_5637_3>
...
001 (12188446.090.000) 03/28 21:59:58 Job executing on host: <131.225.188.40:9618?addrs=131.225.188.40-9618&noUDP&sock=1921_3985_3>
...
006 (12188446.090.000) 03/28 22:00:07 Image size of job updated: 17
	17  -  MemoryUsage of job (MB)
	17864  -  ResidentSetSize of job (KB)
...
006 (12188446.090.000) 03/28 22:01:07 Image size of job updated: 86
	86  -  MemoryUsage of job (MB)
	88340  -  ResidentSetSize of job (KB)
...
006 (12188446.090.000) 03/28 22:02:07 Image size of job updated: 167
	167  -  MemoryUsage of job (MB)
	171940  -  ResidentSetSize of job (KB)
...
006 (12188446.090.000) 03/28 22:03:07 Image size of job updated: 202
	202  -  MemoryUsage of job (MB)
	207788  -  ResidentSetSize of job (KB)
...
006 (12188446.090.000) 03/28 22:03:30 Image size of job updated: 203
	203  -  MemoryUsage of job (MB)
	208004  -  ResidentSetSize of job (KB)
...
005 (12188446.090.000) 03/28 22:03:30 Job terminated.
	(1) Normal termination (return value 0)
		Usr 0 00:02:07, Sys 0 00:00:07  -  Run Remote Usage
		Usr 0 00:00:00, Sys 0 00:00:00  -  Run Local Usage
		Usr 0 00:02:07, Sys 0 00:00:07  -  Total Remote Usage
		Usr 0 00:00:00, Sys 0 00:00:00  -  Total Local Usage
	147172  -  Run Bytes Sent By Job
	2247084  -  Run Bytes Received By Job
	147172  -  Total Bytes Sent By Job
	2247084  -  Total Bytes Received By Job
	Partitionable Resources :    Usage  Request Allocated 
	   Cpus                 :     0.00        1         1 
	   Disk (KB)            :  5172        2250   1648389 
	   Memory (MB)          :   203        2000      2000 
...
