000 (12188446.180.000) 03/28 21:58:21 Job submitted from host: <131.225.188.55:9618?addrs=131.225.188.55-9618&noUDP&sock=16299_5637_3>
...
001 (12188446.180.000) 03/28 22:00:33 Job executing on host: <131.225.190.19:9618?addrs=131.225.190.19-9618&noUDP&sock=1450_286a_3>
...
006 (12188446.180.000) 03/28 22:04:58 Image size of job updated: 116
	116  -  MemoryUsage of job (MB)
	119380  -  ResidentSetSize of job (KB)
...
006 (12188446.180.000) 03/28 22:17:02 Image size of job updated: 164
	164  -  MemoryUsage of job (MB)
	168668  -  ResidentSetSize of job (KB)
...
006 (12188446.180.000) 03/28 22:18:03 Image size of job updated: 189
	189  -  MemoryUsage of job (MB)
	193584  -  ResidentSetSize of job (KB)
...
005 (12188446.180.000) 03/28 22:18:07 Job terminated.
	(1) Normal termination (return value 0)
		Usr 0 00:01:09, Sys 0 00:00:06  -  Run Remote Usage
		Usr 0 00:00:00, Sys 0 00:00:00  -  Run Local Usage
		Usr 0 00:01:09, Sys 0 00:00:06  -  Total Remote Usage
		Usr 0 00:00:00, Sys 0 00:00:00  -  Total Local Usage
	147818  -  Run Bytes Sent By Job
	2247084  -  Run Bytes Received By Job
	147818  -  Total Bytes Sent By Job
	2247084  -  Total Bytes Received By Job
	Partitionable Resources :    Usage  Request Allocated 
	   Cpus                 :     0.00        1         1 
	   Disk (KB)            :  5173        2250    770693 
	   Memory (MB)          :   189        2000      2000 
...
