000 (12188446.130.000) 03/28 21:58:21 Job submitted from host: <131.225.188.55:9618?addrs=131.225.188.55-9618&noUDP&sock=16299_5637_3>
...
001 (12188446.130.000) 03/28 22:00:06 Job executing on host: <131.225.206.212:9618?addrs=131.225.206.212-9618&noUDP&sock=1154_2061_3>
...
006 (12188446.130.000) 03/28 22:00:14 Image size of job updated: 11
	11  -  MemoryUsage of job (MB)
	11672  -  ResidentSetSize of job (KB)
...
006 (12188446.130.000) 03/28 22:01:15 Image size of job updated: 171
	171  -  MemoryUsage of job (MB)
	175496  -  ResidentSetSize of job (KB)
...
006 (12188446.130.000) 03/28 22:02:16 Image size of job updated: 203
	203  -  MemoryUsage of job (MB)
	208768  -  ResidentSetSize of job (KB)
...
006 (12188446.130.000) 03/28 22:02:52 Image size of job updated: 204
	204  -  MemoryUsage of job (MB)
	209304  -  ResidentSetSize of job (KB)
...
005 (12188446.130.000) 03/28 22:02:56 Job terminated.
	(1) Normal termination (return value 0)
		Usr 0 00:01:54, Sys 0 00:00:09  -  Run Remote Usage
		Usr 0 00:00:00, Sys 0 00:00:00  -  Run Local Usage
		Usr 0 00:01:54, Sys 0 00:00:09  -  Total Remote Usage
		Usr 0 00:00:00, Sys 0 00:00:00  -  Total Local Usage
	147728  -  Run Bytes Sent By Job
	2247084  -  Run Bytes Received By Job
	147728  -  Total Bytes Sent By Job
	2247084  -  Total Bytes Received By Job
	Partitionable Resources :    Usage  Request Allocated 
	   Cpus                 :        0        1         1 
	   Disk (KB)            :     5172     2250    311876 
	   Memory (MB)          :      204     2000      2000 
...
