000 (12188446.116.000) 03/28 21:58:21 Job submitted from host: <131.225.188.55:9618?addrs=131.225.188.55-9618&noUDP&sock=16299_5637_3>
...
001 (12188446.116.000) 03/28 22:00:04 Job executing on host: <131.225.206.185:9618?addrs=131.225.206.185-9618&noUDP&sock=1164_fc54_3>
...
006 (12188446.116.000) 03/28 22:01:14 Image size of job updated: 164
	164  -  MemoryUsage of job (MB)
	168084  -  ResidentSetSize of job (KB)
...
006 (12188446.116.000) 03/28 22:02:15 Image size of job updated: 176
	176  -  MemoryUsage of job (MB)
	180892  -  ResidentSetSize of job (KB)
...
006 (12188446.116.000) 03/28 22:03:16 Image size of job updated: 203
	203  -  MemoryUsage of job (MB)
	208676  -  ResidentSetSize of job (KB)
...
005 (12188446.116.000) 03/28 22:03:31 Job terminated.
	(1) Normal termination (return value 0)
		Usr 0 00:01:56, Sys 0 00:00:08  -  Run Remote Usage
		Usr 0 00:00:00, Sys 0 00:00:00  -  Run Local Usage
		Usr 0 00:01:56, Sys 0 00:00:08  -  Total Remote Usage
		Usr 0 00:00:00, Sys 0 00:00:00  -  Total Local Usage
	147626  -  Run Bytes Sent By Job
	2247084  -  Run Bytes Received By Job
	147626  -  Total Bytes Sent By Job
	2247084  -  Total Bytes Received By Job
	Partitionable Resources :    Usage  Request Allocated 
	   Cpus                 :        0        1         1 
	   Disk (KB)            :     5172     2250    320405 
	   Memory (MB)          :      203     2000      2000 
...
