000 (12188446.201.000) 03/28 21:58:21 Job submitted from host: <131.225.188.55:9618?addrs=131.225.188.55-9618&noUDP&sock=16299_5637_3>
...
001 (12188446.201.000) 03/28 22:00:22 Job executing on host: <131.225.191.69:9618?addrs=131.225.191.69-9618&noUDP&sock=1448_c939_3>
...
006 (12188446.201.000) 03/28 22:01:32 Image size of job updated: 43
	43  -  MemoryUsage of job (MB)
	44300  -  ResidentSetSize of job (KB)
...
006 (12188446.201.000) 03/28 22:02:32 Image size of job updated: 85
	85  -  MemoryUsage of job (MB)
	87244  -  ResidentSetSize of job (KB)
...
006 (12188446.201.000) 03/28 22:03:33 Image size of job updated: 196
	196  -  MemoryUsage of job (MB)
	200744  -  ResidentSetSize of job (KB)
...
005 (12188446.201.000) 03/28 22:03:38 Job terminated.
	(1) Normal termination (return value 0)
		Usr 0 00:01:08, Sys 0 00:00:07  -  Run Remote Usage
		Usr 0 00:00:00, Sys 0 00:00:00  -  Run Local Usage
		Usr 0 00:01:08, Sys 0 00:00:07  -  Total Remote Usage
		Usr 0 00:00:00, Sys 0 00:00:00  -  Total Local Usage
	146594  -  Run Bytes Sent By Job
	2247084  -  Run Bytes Received By Job
	146594  -  Total Bytes Sent By Job
	2247084  -  Total Bytes Received By Job
	Partitionable Resources :    Usage  Request Allocated 
	   Cpus                 :     0.00        1         1 
	   Disk (KB)            :  5171        2250    774178 
	   Memory (MB)          :   196        2000      2000 
...
