000 (12188446.072.000) 03/28 21:58:21 Job submitted from host: <131.225.188.55:9618?addrs=131.225.188.55-9618&noUDP&sock=16299_5637_3>
...
001 (12188446.072.000) 03/28 21:59:54 Job executing on host: <131.225.205.187:9618?addrs=131.225.205.187-9618&noUDP&sock=1447_19a1_3>
...
006 (12188446.072.000) 03/28 22:00:05 Image size of job updated: 14
	14  -  MemoryUsage of job (MB)
	15256  -  ResidentSetSize of job (KB)
...
006 (12188446.072.000) 03/28 22:01:03 Image size of job updated: 30
	30  -  MemoryUsage of job (MB)
	31544  -  ResidentSetSize of job (KB)
...
006 (12188446.072.000) 03/28 22:02:05 Image size of job updated: 42
	42  -  MemoryUsage of job (MB)
	43832  -  ResidentSetSize of job (KB)
...
006 (12188446.072.000) 03/28 22:03:05 Image size of job updated: 163
	163  -  MemoryUsage of job (MB)
	167288  -  ResidentSetSize of job (KB)
...
006 (12188446.072.000) 03/28 22:04:05 Image size of job updated: 182
	182  -  MemoryUsage of job (MB)
	187072  -  ResidentSetSize of job (KB)
...
006 (12188446.072.000) 03/28 22:05:05 Image size of job updated: 204
	204  -  MemoryUsage of job (MB)
	208960  -  ResidentSetSize of job (KB)
...
005 (12188446.072.000) 03/28 22:05:16 Job terminated.
	(1) Normal termination (return value 0)
		Usr 0 00:02:24, Sys 0 00:00:09  -  Run Remote Usage
		Usr 0 00:00:00, Sys 0 00:00:00  -  Run Local Usage
		Usr 0 00:02:24, Sys 0 00:00:09  -  Total Remote Usage
		Usr 0 00:00:00, Sys 0 00:00:00  -  Total Local Usage
	147128  -  Run Bytes Sent By Job
	2247084  -  Run Bytes Received By Job
	147128  -  Total Bytes Sent By Job
	2247084  -  Total Bytes Received By Job
	Partitionable Resources :    Usage  Request Allocated 
	   Cpus                 :     0.00        1         1 
	   Disk (KB)            :  5172        2250   1632077 
	   Memory (MB)          :   204        2000      2000 
...
