000 (12188446.034.000) 03/28 21:58:21 Job submitted from host: <131.225.188.55:9618?addrs=131.225.188.55-9618&noUDP&sock=16299_5637_3>
...
001 (12188446.034.000) 03/28 21:59:46 Job executing on host: <131.225.205.184:9618?addrs=131.225.205.184-9618&noUDP&sock=1465_7255_3>
...
006 (12188446.034.000) 03/28 21:59:55 Image size of job updated: 17
	17  -  MemoryUsage of job (MB)
	17812  -  ResidentSetSize of job (KB)
...
006 (12188446.034.000) 03/28 22:01:56 Image size of job updated: 27
	27  -  MemoryUsage of job (MB)
	27728  -  ResidentSetSize of job (KB)
...
006 (12188446.034.000) 03/28 22:02:57 Image size of job updated: 27
	27  -  MemoryUsage of job (MB)
	28088  -  ResidentSetSize of job (KB)
...
006 (12188446.034.000) 03/28 22:03:58 Image size of job updated: 158
	158  -  MemoryUsage of job (MB)
	162016  -  ResidentSetSize of job (KB)
...
006 (12188446.034.000) 03/28 22:04:58 Image size of job updated: 176
	176  -  MemoryUsage of job (MB)
	180788  -  ResidentSetSize of job (KB)
...
006 (12188446.034.000) 03/28 22:05:58 Image size of job updated: 203
	203  -  MemoryUsage of job (MB)
	208552  -  ResidentSetSize of job (KB)
...
005 (12188446.034.000) 03/28 22:06:39 Job terminated.
	(1) Normal termination (return value 0)
		Usr 0 00:02:20, Sys 0 00:00:11  -  Run Remote Usage
		Usr 0 00:00:00, Sys 0 00:00:00  -  Run Local Usage
		Usr 0 00:02:20, Sys 0 00:00:11  -  Total Remote Usage
		Usr 0 00:00:00, Sys 0 00:00:00  -  Total Local Usage
	148317  -  Run Bytes Sent By Job
	2247084  -  Run Bytes Received By Job
	148317  -  Total Bytes Sent By Job
	2247084  -  Total Bytes Received By Job
	Partitionable Resources :    Usage  Request Allocated 
	   Cpus                 :        0        1         1 
	   Disk (KB)            :     5173     2250   1639347 
	   Memory (MB)          :      203     2000      2000 
...
