000 (12188446.012.000) 03/28 21:58:21 Job submitted from host: <131.225.188.55:9618?addrs=131.225.188.55-9618&noUDP&sock=16299_5637_3>
...
001 (12188446.012.000) 03/28 21:59:41 Job executing on host: <131.225.191.226:9618?addrs=131.225.191.226-9618&noUDP&sock=1473_ef17_3>
...
006 (12188446.012.000) 03/28 21:59:50 Image size of job updated: 14
	14  -  MemoryUsage of job (MB)
	15320  -  ResidentSetSize of job (KB)
...
006 (12188446.012.000) 03/28 22:00:50 Image size of job updated: 45
	45  -  MemoryUsage of job (MB)
	46428  -  ResidentSetSize of job (KB)
...
006 (12188446.012.000) 03/28 22:01:51 Image size of job updated: 173
	173  -  MemoryUsage of job (MB)
	178096  -  ResidentSetSize of job (KB)
...
006 (12188446.012.000) 03/28 22:02:51 Image size of job updated: 196
	196  -  MemoryUsage of job (MB)
	201636  -  ResidentSetSize of job (KB)
...
006 (12188446.012.000) 03/28 22:03:51 Image size of job updated: 204
	204  -  MemoryUsage of job (MB)
	209892  -  ResidentSetSize of job (KB)
...
005 (12188446.012.000) 03/28 22:04:25 Job terminated.
	(1) Normal termination (return value 0)
		Usr 0 00:02:47, Sys 0 00:00:13  -  Run Remote Usage
		Usr 0 00:00:00, Sys 0 00:00:00  -  Run Local Usage
		Usr 0 00:02:47, Sys 0 00:00:13  -  Total Remote Usage
		Usr 0 00:00:00, Sys 0 00:00:00  -  Total Local Usage
	148375  -  Run Bytes Sent By Job
	2247084  -  Run Bytes Received By Job
	148375  -  Total Bytes Sent By Job
	2247084  -  Total Bytes Received By Job
	Partitionable Resources :    Usage  Request Allocated 
	   Cpus                 :     0.00        1         1 
	   Disk (KB)            :  5174        2250    773271 
	   Memory (MB)          :   204        2000      2000 
...
