000 (12188446.191.000) 03/28 21:58:21 Job submitted from host: <131.225.188.55:9618?addrs=131.225.188.55-9618&noUDP&sock=16299_5637_3>
...
001 (12188446.191.000) 03/28 22:00:20 Job executing on host: <131.225.190.66:9618?addrs=131.225.190.66-9618&noUDP&sock=1419_e4fa_3>
...
006 (12188446.191.000) 03/28 22:01:30 Image size of job updated: 27
	27  -  MemoryUsage of job (MB)
	27664  -  ResidentSetSize of job (KB)
...
006 (12188446.191.000) 03/28 22:02:32 Image size of job updated: 28
	28  -  MemoryUsage of job (MB)
	28868  -  ResidentSetSize of job (KB)
...
006 (12188446.191.000) 03/28 22:03:32 Image size of job updated: 34
	34  -  MemoryUsage of job (MB)
	35356  -  ResidentSetSize of job (KB)
...
006 (12188446.191.000) 03/28 22:04:32 Image size of job updated: 165
	165  -  MemoryUsage of job (MB)
	169584  -  ResidentSetSize of job (KB)
...
005 (12188446.191.000) 03/28 22:05:00 Job terminated.
	(1) Normal termination (return value 0)
		Usr 0 00:00:46, Sys 0 00:00:07  -  Run Remote Usage
		Usr 0 00:00:00, Sys 0 00:00:00  -  Run Local Usage
		Usr 0 00:00:46, Sys 0 00:00:07  -  Total Remote Usage
		Usr 0 00:00:00, Sys 0 00:00:00  -  Total Local Usage
	146657  -  Run Bytes Sent By Job
	2247084  -  Run Bytes Received By Job
	146657  -  Total Bytes Sent By Job
	2247084  -  Total Bytes Received By Job
	Partitionable Resources :    Usage  Request Allocated 
	   Cpus                 :     0.00        1         1 
	   Disk (KB)            :  5172        2250    741687 
	   Memory (MB)          :   165        2000      2000 
...
