000 (12188446.033.000) 03/28 21:58:21 Job submitted from host: <131.225.188.55:9618?addrs=131.225.188.55-9618&noUDP&sock=16299_5637_3>
...
001 (12188446.033.000) 03/28 21:59:45 Job executing on host: <131.225.190.66:9618?addrs=131.225.190.66-9618&noUDP&sock=1419_e4fa_3>
...
006 (12188446.033.000) 03/28 21:59:54 Image size of job updated: 14
	14  -  MemoryUsage of job (MB)
	15268  -  ResidentSetSize of job (KB)
...
006 (12188446.033.000) 03/28 22:01:55 Image size of job updated: 27
	27  -  MemoryUsage of job (MB)
	27728  -  ResidentSetSize of job (KB)
...
006 (12188446.033.000) 03/28 22:02:56 Image size of job updated: 28
	28  -  MemoryUsage of job (MB)
	29300  -  ResidentSetSize of job (KB)
...
006 (12188446.033.000) 03/28 22:03:56 Image size of job updated: 127
	127  -  MemoryUsage of job (MB)
	130668  -  ResidentSetSize of job (KB)
...
006 (12188446.033.000) 03/28 22:04:56 Image size of job updated: 182
	182  -  MemoryUsage of job (MB)
	187216  -  ResidentSetSize of job (KB)
...
006 (12188446.033.000) 03/28 22:05:57 Image size of job updated: 205
	205  -  MemoryUsage of job (MB)
	210712  -  ResidentSetSize of job (KB)
...
005 (12188446.033.000) 03/28 22:06:13 Job terminated.
	(1) Normal termination (return value 0)
		Usr 0 00:02:19, Sys 0 00:00:11  -  Run Remote Usage
		Usr 0 00:00:00, Sys 0 00:00:00  -  Run Local Usage
		Usr 0 00:02:19, Sys 0 00:00:11  -  Total Remote Usage
		Usr 0 00:00:00, Sys 0 00:00:00  -  Total Local Usage
	147934  -  Run Bytes Sent By Job
	2247084  -  Run Bytes Received By Job
	147934  -  Total Bytes Sent By Job
	2247084  -  Total Bytes Received By Job
	Partitionable Resources :    Usage  Request Allocated 
	   Cpus                 :     0.00        1         1 
	   Disk (KB)            :  5173        2250    741687 
	   Memory (MB)          :   205        2000      2000 
...
