000 (12188446.157.000) 03/28 21:58:21 Job submitted from host: <131.225.188.55:9618?addrs=131.225.188.55-9618&noUDP&sock=16299_5637_3>
...
001 (12188446.157.000) 03/28 22:00:15 Job executing on host: <131.225.206.39:9618?addrs=131.225.206.39-9618&noUDP&sock=1159_8e5a_3>
...
006 (12188446.157.000) 03/28 22:02:24 Image size of job updated: 165
	165  -  MemoryUsage of job (MB)
	169164  -  ResidentSetSize of job (KB)
...
006 (12188446.157.000) 03/28 22:03:25 Image size of job updated: 182
	182  -  MemoryUsage of job (MB)
	186956  -  ResidentSetSize of job (KB)
...
006 (12188446.157.000) 03/28 22:04:13 Image size of job updated: 204
	204  -  MemoryUsage of job (MB)
	209508  -  ResidentSetSize of job (KB)
...
005 (12188446.157.000) 03/28 22:04:14 Job terminated.
	(1) Normal termination (return value 0)
		Usr 0 00:01:51, Sys 0 00:00:10  -  Run Remote Usage
		Usr 0 00:00:00, Sys 0 00:00:00  -  Run Local Usage
		Usr 0 00:01:51, Sys 0 00:00:10  -  Total Remote Usage
		Usr 0 00:00:00, Sys 0 00:00:00  -  Total Local Usage
	147836  -  Run Bytes Sent By Job
	2247084  -  Run Bytes Received By Job
	147836  -  Total Bytes Sent By Job
	2247084  -  Total Bytes Received By Job
	Partitionable Resources :    Usage  Request Allocated 
	   Cpus                 :        0        1         1 
	   Disk (KB)            :     5172     2250    331936 
	   Memory (MB)          :      204     2000      2000 
...
