000 (12188446.018.000) 03/28 21:58:21 Job submitted from host: <131.225.188.55:9618?addrs=131.225.188.55-9618&noUDP&sock=16299_5637_3>
...
001 (12188446.018.000) 03/28 21:59:43 Job executing on host: <131.225.190.15:9618?addrs=131.225.190.15-9618&noUDP&sock=1436_8e16_3>
...
006 (12188446.018.000) 03/28 22:00:55 Image size of job updated: 6
	6  -  MemoryUsage of job (MB)
	7004  -  ResidentSetSize of job (KB)
...
006 (12188446.018.000) 03/28 22:01:55 Image size of job updated: 166
	166  -  MemoryUsage of job (MB)
	170400  -  ResidentSetSize of job (KB)
...
006 (12188446.018.000) 03/28 22:02:55 Image size of job updated: 198
	198  -  MemoryUsage of job (MB)
	203272  -  ResidentSetSize of job (KB)
...
006 (12188446.018.000) 03/28 22:03:55 Image size of job updated: 206
	206  -  MemoryUsage of job (MB)
	211416  -  ResidentSetSize of job (KB)
...
005 (12188446.018.000) 03/28 22:04:34 Job terminated.
	(1) Normal termination (return value 0)
		Usr 0 00:02:31, Sys 0 00:00:10  -  Run Remote Usage
		Usr 0 00:00:00, Sys 0 00:00:00  -  Run Local Usage
		Usr 0 00:02:31, Sys 0 00:00:10  -  Total Remote Usage
		Usr 0 00:00:00, Sys 0 00:00:00  -  Total Local Usage
	147824  -  Run Bytes Sent By Job
	2247084  -  Run Bytes Received By Job
	147824  -  Total Bytes Sent By Job
	2247084  -  Total Bytes Received By Job
	Partitionable Resources :    Usage  Request Allocated 
	   Cpus                 :        0        1         1 
	   Disk (KB)            :     5174     2250    763643 
	   Memory (MB)          :      206     2000      2000 
...
