000 (12188446.015.000) 03/28 21:58:21 Job submitted from host: <131.225.188.55:9618?addrs=131.225.188.55-9618&noUDP&sock=16299_5637_3>
...
001 (12188446.015.000) 03/28 21:59:42 Job executing on host: <131.225.205.176:9618?addrs=131.225.205.176-9618&noUDP&sock=1460_045c_3>
...
006 (12188446.015.000) 03/28 22:00:50 Image size of job updated: 86
	86  -  MemoryUsage of job (MB)
	88264  -  ResidentSetSize of job (KB)
...
006 (12188446.015.000) 03/28 22:01:51 Image size of job updated: 176
	176  -  MemoryUsage of job (MB)
	180732  -  ResidentSetSize of job (KB)
...
006 (12188446.015.000) 03/28 22:02:52 Image size of job updated: 197
	197  -  MemoryUsage of job (MB)
	202232  -  ResidentSetSize of job (KB)
...
005 (12188446.015.000) 03/28 22:04:10 Job terminated.
	(1) Normal termination (return value 0)
		Usr 0 00:02:05, Sys 0 00:00:12  -  Run Remote Usage
		Usr 0 00:00:00, Sys 0 00:00:00  -  Run Local Usage
		Usr 0 00:02:05, Sys 0 00:00:12  -  Total Remote Usage
		Usr 0 00:00:00, Sys 0 00:00:00  -  Total Local Usage
	149046  -  Run Bytes Sent By Job
	2247084  -  Run Bytes Received By Job
	149046  -  Total Bytes Sent By Job
	2247084  -  Total Bytes Received By Job
	Partitionable Resources :    Usage  Request Allocated 
	   Cpus                 :        0        1         1 
	   Disk (KB)            :     5175     2250   1635618 
	   Memory (MB)          :      197     2000      2000 
...
