000 (12188446.010.000) 03/28 21:58:21 Job submitted from host: <131.225.188.55:9618?addrs=131.225.188.55-9618&noUDP&sock=16299_5637_3>
...
001 (12188446.010.000) 03/28 21:59:41 Job executing on host: <131.225.191.192:9618?addrs=131.225.191.192-9618&noUDP&sock=1159_8e5a_3>
...
006 (12188446.010.000) 03/28 21:59:53 Image size of job updated: 24
	24  -  MemoryUsage of job (MB)
	24868  -  ResidentSetSize of job (KB)
...
006 (12188446.010.000) 03/28 22:01:53 Image size of job updated: 127
	127  -  MemoryUsage of job (MB)
	130468  -  ResidentSetSize of job (KB)
...
006 (12188446.010.000) 03/28 22:02:53 Image size of job updated: 169
	169  -  MemoryUsage of job (MB)
	173176  -  ResidentSetSize of job (KB)
...
006 (12188446.010.000) 03/28 22:03:54 Image size of job updated: 202
	202  -  MemoryUsage of job (MB)
	207500  -  ResidentSetSize of job (KB)
...
005 (12188446.010.000) 03/28 22:03:59 Job terminated.
	(1) Normal termination (return value 0)
		Usr 0 00:01:53, Sys 0 00:00:09  -  Run Remote Usage
		Usr 0 00:00:00, Sys 0 00:00:00  -  Run Local Usage
		Usr 0 00:01:53, Sys 0 00:00:09  -  Total Remote Usage
		Usr 0 00:00:00, Sys 0 00:00:00  -  Total Local Usage
	149343  -  Run Bytes Sent By Job
	2247084  -  Run Bytes Received By Job
	149343  -  Total Bytes Sent By Job
	2247084  -  Total Bytes Received By Job
	Partitionable Resources :    Usage  Request Allocated 
	   Cpus                 :     0.13        1         1 
	   Disk (KB)            :  5173        2250    306622 
	   Memory (MB)          :   202        2000      2000 
...
