000 (12188446.163.000) 03/28 21:58:21 Job submitted from host: <131.225.188.55:9618?addrs=131.225.188.55-9618&noUDP&sock=16299_5637_3>
...
001 (12188446.163.000) 03/28 22:00:14 Job executing on host: <131.225.204.111:9618?addrs=131.225.204.111-9618&noUDP&sock=1151_1198_3>
...
006 (12188446.163.000) 03/28 22:01:27 Image size of job updated: 50
	50  -  MemoryUsage of job (MB)
	51964  -  ResidentSetSize of job (KB)
...
006 (12188446.163.000) 03/28 22:02:26 Image size of job updated: 166
	166  -  MemoryUsage of job (MB)
	170676  -  ResidentSetSize of job (KB)
...
006 (12188446.163.000) 03/28 22:03:26 Image size of job updated: 203
	203  -  MemoryUsage of job (MB)
	208216  -  ResidentSetSize of job (KB)
...
006 (12188446.163.000) 03/28 22:04:26 Image size of job updated: 203
	203  -  MemoryUsage of job (MB)
	208748  -  ResidentSetSize of job (KB)
...
006 (12188446.163.000) 03/28 22:05:26 Image size of job updated: 208
	208  -  MemoryUsage of job (MB)
	213036  -  ResidentSetSize of job (KB)
...
005 (12188446.163.000) 03/28 22:05:29 Job terminated.
	(1) Normal termination (return value 0)
		Usr 0 00:03:13, Sys 0 00:00:13  -  Run Remote Usage
		Usr 0 00:00:00, Sys 0 00:00:00  -  Run Local Usage
		Usr 0 00:03:13, Sys 0 00:00:13  -  Total Remote Usage
		Usr 0 00:00:00, Sys 0 00:00:00  -  Total Local Usage
	149351  -  Run Bytes Sent By Job
	2247084  -  Run Bytes Received By Job
	149351  -  Total Bytes Sent By Job
	2247084  -  Total Bytes Received By Job
	Partitionable Resources :    Usage  Request Allocated 
	   Cpus                 :     0.00        1         1 
	   Disk (KB)            :  5173        2250    324091 
	   Memory (MB)          :   208        2000      2000 
...
