000 (12188446.106.000) 03/28 21:58:21 Job submitted from host: <131.225.188.55:9618?addrs=131.225.188.55-9618&noUDP&sock=16299_5637_3>
...
001 (12188446.106.000) 03/28 22:00:01 Job executing on host: <131.225.206.254:9618?addrs=131.225.206.254-9618&noUDP&sock=1147_5337_3>
...
006 (12188446.106.000) 03/28 22:01:11 Image size of job updated: 73
	73  -  MemoryUsage of job (MB)
	74780  -  ResidentSetSize of job (KB)
...
006 (12188446.106.000) 03/28 22:02:12 Image size of job updated: 182
	182  -  MemoryUsage of job (MB)
	186752  -  ResidentSetSize of job (KB)
...
006 (12188446.106.000) 03/28 22:03:05 Image size of job updated: 205
	205  -  MemoryUsage of job (MB)
	210460  -  ResidentSetSize of job (KB)
...
005 (12188446.106.000) 03/28 22:03:07 Job terminated.
	(1) Normal termination (return value 0)
		Usr 0 00:02:03, Sys 0 00:00:08  -  Run Remote Usage
		Usr 0 00:00:00, Sys 0 00:00:00  -  Run Local Usage
		Usr 0 00:02:03, Sys 0 00:00:08  -  Total Remote Usage
		Usr 0 00:00:00, Sys 0 00:00:00  -  Total Local Usage
	148286  -  Run Bytes Sent By Job
	2247084  -  Run Bytes Received By Job
	148286  -  Total Bytes Sent By Job
	2247084  -  Total Bytes Received By Job
	Partitionable Resources :    Usage  Request Allocated 
	   Cpus                 :        0        1         1 
	   Disk (KB)            :     5172     2250    324131 
	   Memory (MB)          :      205     2000      2000 
...
