000 (12188446.070.000) 03/28 21:58:21 Job submitted from host: <131.225.188.55:9618?addrs=131.225.188.55-9618&noUDP&sock=16299_5637_3>
...
001 (12188446.070.000) 03/28 21:59:54 Job executing on host: <131.225.205.205:9618?addrs=131.225.205.205-9618&noUDP&sock=1480_bc41_3>
...
006 (12188446.070.000) 03/28 22:00:02 Image size of job updated: 14
	14  -  MemoryUsage of job (MB)
	15244  -  ResidentSetSize of job (KB)
...
006 (12188446.070.000) 03/28 22:01:03 Image size of job updated: 98
	98  -  MemoryUsage of job (MB)
	100848  -  ResidentSetSize of job (KB)
...
006 (12188446.070.000) 03/28 22:02:04 Image size of job updated: 168
	168  -  MemoryUsage of job (MB)
	172060  -  ResidentSetSize of job (KB)
...
006 (12188446.070.000) 03/28 22:03:04 Image size of job updated: 204
	204  -  MemoryUsage of job (MB)
	209192  -  ResidentSetSize of job (KB)
...
006 (12188446.070.000) 03/28 22:03:38 Image size of job updated: 204
	204  -  MemoryUsage of job (MB)
	209828  -  ResidentSetSize of job (KB)
...
005 (12188446.070.000) 03/28 22:03:39 Job terminated.
	(1) Normal termination (return value 0)
		Usr 0 00:02:37, Sys 0 00:00:08  -  Run Remote Usage
		Usr 0 00:00:00, Sys 0 00:00:00  -  Run Local Usage
		Usr 0 00:02:37, Sys 0 00:00:08  -  Total Remote Usage
		Usr 0 00:00:00, Sys 0 00:00:00  -  Total Local Usage
	147750  -  Run Bytes Sent By Job
	2247084  -  Run Bytes Received By Job
	147750  -  Total Bytes Sent By Job
	2247084  -  Total Bytes Received By Job
	Partitionable Resources :    Usage  Request Allocated 
	   Cpus                 :        0        1         1 
	   Disk (KB)            :     5172     2250   1686832 
	   Memory (MB)          :      204     2000      2000 
...
