000 (12188446.060.000) 03/28 21:58:21 Job submitted from host: <131.225.188.55:9618?addrs=131.225.188.55-9618&noUDP&sock=16299_5637_3>
...
001 (12188446.060.000) 03/28 21:59:52 Job executing on host: <131.225.205.200:9618?addrs=131.225.205.200-9618&noUDP&sock=1480_bc41_3>
...
006 (12188446.060.000) 03/28 22:00:01 Image size of job updated: 14
	14  -  MemoryUsage of job (MB)
	15324  -  ResidentSetSize of job (KB)
...
006 (12188446.060.000) 03/28 22:01:02 Image size of job updated: 44
	44  -  MemoryUsage of job (MB)
	45572  -  ResidentSetSize of job (KB)
...
006 (12188446.060.000) 03/28 22:02:02 Image size of job updated: 164
	164  -  MemoryUsage of job (MB)
	168468  -  ResidentSetSize of job (KB)
...
006 (12188446.060.000) 03/28 22:03:02 Image size of job updated: 183
	183  -  MemoryUsage of job (MB)
	188140  -  ResidentSetSize of job (KB)
...
006 (12188446.060.000) 03/28 22:03:58 Image size of job updated: 205
	205  -  MemoryUsage of job (MB)
	210556  -  ResidentSetSize of job (KB)
...
005 (12188446.060.000) 03/28 22:03:59 Job terminated.
	(1) Normal termination (return value 0)
		Usr 0 00:02:30, Sys 0 00:00:09  -  Run Remote Usage
		Usr 0 00:00:00, Sys 0 00:00:00  -  Run Local Usage
		Usr 0 00:02:30, Sys 0 00:00:09  -  Total Remote Usage
		Usr 0 00:00:00, Sys 0 00:00:00  -  Total Local Usage
	147870  -  Run Bytes Sent By Job
	2247084  -  Run Bytes Received By Job
	147870  -  Total Bytes Sent By Job
	2247084  -  Total Bytes Received By Job
	Partitionable Resources :    Usage  Request Allocated 
	   Cpus                 :     0.00        1         1 
	   Disk (KB)            :  5173        2250   1681120 
	   Memory (MB)          :   205        2000      2000 
...
