000 (12188446.104.000) 03/28 21:58:21 Job submitted from host: <131.225.188.55:9618?addrs=131.225.188.55-9618&noUDP&sock=16299_5637_3>
...
001 (12188446.104.000) 03/28 22:00:01 Job executing on host: <131.225.206.238:9618?addrs=131.225.206.238-9618&noUDP&sock=1157_2f2a_3>
...
006 (12188446.104.000) 03/28 22:01:11 Image size of job updated: 47
	47  -  MemoryUsage of job (MB)
	48640  -  ResidentSetSize of job (KB)
...
006 (12188446.104.000) 03/28 22:02:12 Image size of job updated: 176
	176  -  MemoryUsage of job (MB)
	181104  -  ResidentSetSize of job (KB)
...
006 (12188446.104.000) 03/28 22:03:13 Image size of job updated: 206
	206  -  MemoryUsage of job (MB)
	211768  -  ResidentSetSize of job (KB)
...
005 (12188446.104.000) 03/28 22:03:20 Job terminated.
	(1) Normal termination (return value 0)
		Usr 0 00:01:54, Sys 0 00:00:09  -  Run Remote Usage
		Usr 0 00:00:00, Sys 0 00:00:00  -  Run Local Usage
		Usr 0 00:01:54, Sys 0 00:00:09  -  Total Remote Usage
		Usr 0 00:00:00, Sys 0 00:00:00  -  Total Local Usage
	148144  -  Run Bytes Sent By Job
	2247084  -  Run Bytes Received By Job
	148144  -  Total Bytes Sent By Job
	2247084  -  Total Bytes Received By Job
	Partitionable Resources :    Usage  Request Allocated 
	   Cpus                 :        0        1         1 
	   Disk (KB)            :     5172     2250    313223 
	   Memory (MB)          :      206     2000      2000 
...
