000 (12188446.176.000) 03/28 21:58:21 Job submitted from host: <131.225.188.55:9618?addrs=131.225.188.55-9618&noUDP&sock=16299_5637_3>
...
001 (12188446.176.000) 03/28 22:00:18 Job executing on host: <131.225.190.15:9618?addrs=131.225.190.15-9618&noUDP&sock=1436_8e16_3>
...
006 (12188446.176.000) 03/28 22:01:28 Image size of job updated: 79
	79  -  MemoryUsage of job (MB)
	81704  -  ResidentSetSize of job (KB)
...
006 (12188446.176.000) 03/28 22:02:30 Image size of job updated: 167
	167  -  MemoryUsage of job (MB)
	171020  -  ResidentSetSize of job (KB)
...
005 (12188446.176.000) 03/28 22:03:31 Job terminated.
	(1) Normal termination (return value 0)
		Usr 0 00:00:47, Sys 0 00:00:06  -  Run Remote Usage
		Usr 0 00:00:00, Sys 0 00:00:00  -  Run Local Usage
		Usr 0 00:00:47, Sys 0 00:00:06  -  Total Remote Usage
		Usr 0 00:00:00, Sys 0 00:00:00  -  Total Local Usage
	147561  -  Run Bytes Sent By Job
	2247084  -  Run Bytes Received By Job
	147561  -  Total Bytes Sent By Job
	2247084  -  Total Bytes Received By Job
	Partitionable Resources :    Usage  Request Allocated 
	   Cpus                 :     0.06        1         1 
	   Disk (KB)            :  5173        2250    763643 
	   Memory (MB)          :   167        2000      2000 
...
