000 (12188446.228.000) 03/28 21:58:21 Job submitted from host: <131.225.188.55:9618?addrs=131.225.188.55-9618&noUDP&sock=16299_5637_3>
...
001 (12188446.228.000) 03/28 22:00:27 Job executing on host: <131.225.205.161:9618?addrs=131.225.205.161-9618&noUDP&sock=1457_f593_3>
...
006 (12188446.228.000) 03/28 22:00:36 Image size of job updated: 5
	3  -  MemoryUsage of job (MB)
	3596  -  ResidentSetSize of job (KB)
...
006 (12188446.228.000) 03/28 22:01:37 Image size of job updated: 162
	162  -  MemoryUsage of job (MB)
	166816  -  ResidentSetSize of job (KB)
...
006 (12188446.228.000) 03/28 22:02:37 Image size of job updated: 202
	202  -  MemoryUsage of job (MB)
	207192  -  ResidentSetSize of job (KB)
...
005 (12188446.228.000) 03/28 22:02:46 Job terminated.
	(1) Normal termination (return value 0)
		Usr 0 00:01:19, Sys 0 00:00:06  -  Run Remote Usage
		Usr 0 00:00:00, Sys 0 00:00:00  -  Run Local Usage
		Usr 0 00:01:19, Sys 0 00:00:06  -  Total Remote Usage
		Usr 0 00:00:00, Sys 0 00:00:00  -  Total Local Usage
	146728  -  Run Bytes Sent By Job
	2247084  -  Run Bytes Received By Job
	146728  -  Total Bytes Sent By Job
	2247084  -  Total Bytes Received By Job
	Partitionable Resources :    Usage  Request Allocated 
	   Cpus                 :        0        1         1 
	   Disk (KB)            :     5171     2250   1626747 
	   Memory (MB)          :      202     2000      2000 
...
