000 (12188446.169.000) 03/28 21:58:21 Job submitted from host: <131.225.188.55:9618?addrs=131.225.188.55-9618&noUDP&sock=16299_5637_3>
...
001 (12188446.169.000) 03/28 22:00:16 Job executing on host: <131.225.191.174:9618?addrs=131.225.191.174-9618&noUDP&sock=1159_8e5a_3>
...
006 (12188446.169.000) 03/28 22:01:26 Image size of job updated: 126
	126  -  MemoryUsage of job (MB)
	129948  -  ResidentSetSize of job (KB)
...
006 (12188446.169.000) 03/28 22:02:25 Image size of job updated: 204
	204  -  MemoryUsage of job (MB)
	209388  -  ResidentSetSize of job (KB)
...
005 (12188446.169.000) 03/28 22:02:27 Job terminated.
	(1) Normal termination (return value 0)
		Usr 0 00:01:03, Sys 0 00:00:06  -  Run Remote Usage
		Usr 0 00:00:00, Sys 0 00:00:00  -  Run Local Usage
		Usr 0 00:01:03, Sys 0 00:00:06  -  Total Remote Usage
		Usr 0 00:00:00, Sys 0 00:00:00  -  Total Local Usage
	146734  -  Run Bytes Sent By Job
	2247084  -  Run Bytes Received By Job
	146734  -  Total Bytes Sent By Job
	2247084  -  Total Bytes Received By Job
	Partitionable Resources :    Usage  Request Allocated 
	   Cpus                 :        0        1         1 
	   Disk (KB)            :     5171     2250    307510 
	   Memory (MB)          :      204     2000      2000 
...
