000 (12188446.229.000) 03/28 21:58:21 Job submitted from host: <131.225.188.55:9618?addrs=131.225.188.55-9618&noUDP&sock=16299_5637_3>
...
001 (12188446.229.000) 03/28 22:00:27 Job executing on host: <131.225.205.183:9618?addrs=131.225.205.183-9618&noUDP&sock=1456_45fb_3>
...
006 (12188446.229.000) 03/28 22:01:37 Image size of job updated: 55
	55  -  MemoryUsage of job (MB)
	56812  -  ResidentSetSize of job (KB)
...
006 (12188446.229.000) 03/28 22:02:37 Image size of job updated: 164
	164  -  MemoryUsage of job (MB)
	168340  -  ResidentSetSize of job (KB)
...
006 (12188446.229.000) 03/28 22:03:31 Image size of job updated: 203
	203  -  MemoryUsage of job (MB)
	208104  -  ResidentSetSize of job (KB)
...
005 (12188446.229.000) 03/28 22:03:32 Job terminated.
	(1) Normal termination (return value 0)
		Usr 0 00:01:30, Sys 0 00:00:07  -  Run Remote Usage
		Usr 0 00:00:00, Sys 0 00:00:00  -  Run Local Usage
		Usr 0 00:01:30, Sys 0 00:00:07  -  Total Remote Usage
		Usr 0 00:00:00, Sys 0 00:00:00  -  Total Local Usage
	147213  -  Run Bytes Sent By Job
	2247084  -  Run Bytes Received By Job
	147213  -  Total Bytes Sent By Job
	2247084  -  Total Bytes Received By Job
	Partitionable Resources :    Usage  Request Allocated 
	   Cpus                 :     0.00        1         1 
	   Disk (KB)            :  5172        2250   1634191 
	   Memory (MB)          :   203        2000      2000 
...
