000 (12188446.172.000) 03/28 21:58:21 Job submitted from host: <131.225.188.55:9618?addrs=131.225.188.55-9618&noUDP&sock=16299_5637_3>
...
001 (12188446.172.000) 03/28 22:00:16 Job executing on host: <131.225.191.165:9618?addrs=131.225.191.165-9618&noUDP&sock=1450_286a_3>
...
006 (12188446.172.000) 03/28 22:01:25 Image size of job updated: 85
	85  -  MemoryUsage of job (MB)
	87248  -  ResidentSetSize of job (KB)
...
006 (12188446.172.000) 03/28 22:02:25 Image size of job updated: 196
	196  -  MemoryUsage of job (MB)
	200824  -  ResidentSetSize of job (KB)
...
005 (12188446.172.000) 03/28 22:03:09 Job terminated.
	(1) Normal termination (return value 0)
		Usr 0 00:01:08, Sys 0 00:00:07  -  Run Remote Usage
		Usr 0 00:00:00, Sys 0 00:00:00  -  Run Local Usage
		Usr 0 00:01:08, Sys 0 00:00:07  -  Total Remote Usage
		Usr 0 00:00:00, Sys 0 00:00:00  -  Total Local Usage
	147549  -  Run Bytes Sent By Job
	2247084  -  Run Bytes Received By Job
	147549  -  Total Bytes Sent By Job
	2247084  -  Total Bytes Received By Job
	Partitionable Resources :    Usage  Request Allocated 
	   Cpus                 :        0        1         1 
	   Disk (KB)            :     5173     2250    770826 
	   Memory (MB)          :      196     2000      2000 
...
