000 (12188446.114.000) 03/28 21:58:21 Job submitted from host: <131.225.188.55:9618?addrs=131.225.188.55-9618&noUDP&sock=16299_5637_3>
...
001 (12188446.114.000) 03/28 22:00:03 Job executing on host: <131.225.206.17:9618?addrs=131.225.206.17-9618&noUDP&sock=1164_fc54_3>
...
006 (12188446.114.000) 03/28 22:01:14 Image size of job updated: 128
	128  -  MemoryUsage of job (MB)
	131100  -  ResidentSetSize of job (KB)
...
006 (12188446.114.000) 03/28 22:02:15 Image size of job updated: 168
	168  -  MemoryUsage of job (MB)
	172492  -  ResidentSetSize of job (KB)
...
006 (12188446.114.000) 03/28 22:03:17 Image size of job updated: 205
	205  -  MemoryUsage of job (MB)
	210276  -  ResidentSetSize of job (KB)
...
005 (12188446.114.000) 03/28 22:03:19 Job terminated.
	(1) Normal termination (return value 0)
		Usr 0 00:01:49, Sys 0 00:00:09  -  Run Remote Usage
		Usr 0 00:00:00, Sys 0 00:00:00  -  Run Local Usage
		Usr 0 00:01:49, Sys 0 00:00:09  -  Total Remote Usage
		Usr 0 00:00:00, Sys 0 00:00:00  -  Total Local Usage
	148054  -  Run Bytes Sent By Job
	2247084  -  Run Bytes Received By Job
	148054  -  Total Bytes Sent By Job
	2247084  -  Total Bytes Received By Job
	Partitionable Resources :    Usage  Request Allocated 
	   Cpus                 :        0        1         1 
	   Disk (KB)            :     5172     2250    316001 
	   Memory (MB)          :      205     2000      2000 
...
