000 (12188446.006.000) 03/28 21:58:21 Job submitted from host: <131.225.188.55:9618?addrs=131.225.188.55-9618&noUDP&sock=16299_5637_3>
...
001 (12188446.006.000) 03/28 21:59:40 Job executing on host: <131.225.206.218:9618?addrs=131.225.206.218-9618&noUDP&sock=1169_6a4d_3>
...
006 (12188446.006.000) 03/28 21:59:49 Image size of job updated: 5
	4  -  MemoryUsage of job (MB)
	4704  -  ResidentSetSize of job (KB)
...
006 (12188446.006.000) 03/28 22:00:49 Image size of job updated: 26
	26  -  MemoryUsage of job (MB)
	26640  -  ResidentSetSize of job (KB)
...
006 (12188446.006.000) 03/28 22:01:49 Image size of job updated: 126
	126  -  MemoryUsage of job (MB)
	129988  -  ResidentSetSize of job (KB)
...
006 (12188446.006.000) 03/28 22:02:49 Image size of job updated: 168
	168  -  MemoryUsage of job (MB)
	173016  -  ResidentSetSize of job (KB)
...
006 (12188446.006.000) 03/28 22:03:49 Image size of job updated: 203
	203  -  MemoryUsage of job (MB)
	208584  -  ResidentSetSize of job (KB)
...
005 (12188446.006.000) 03/28 22:03:55 Job terminated.
	(1) Normal termination (return value 0)
		Usr 0 00:01:55, Sys 0 00:00:10  -  Run Remote Usage
		Usr 0 00:00:00, Sys 0 00:00:00  -  Run Local Usage
		Usr 0 00:01:55, Sys 0 00:00:10  -  Total Remote Usage
		Usr 0 00:00:00, Sys 0 00:00:00  -  Total Local Usage
	148484  -  Run Bytes Sent By Job
	2247084  -  Run Bytes Received By Job
	148484  -  Total Bytes Sent By Job
	2247084  -  Total Bytes Received By Job
	Partitionable Resources :    Usage  Request Allocated 
	   Cpus                 :        0        1         1 
	   Disk (KB)            :     5173     2250    305256 
	   Memory (MB)          :      203     2000      2000 
...
