000 (12188446.173.000) 03/28 21:58:21 Job submitted from host: <131.225.188.55:9618?addrs=131.225.188.55-9618&noUDP&sock=16299_5637_3>
...
001 (12188446.173.000) 03/28 22:00:18 Job executing on host: <131.225.205.176:9618?addrs=131.225.205.176-9618&noUDP&sock=1460_045c_3>
...
006 (12188446.173.000) 03/28 22:01:31 Image size of job updated: 85
	85  -  MemoryUsage of job (MB)
	87220  -  ResidentSetSize of job (KB)
...
006 (12188446.173.000) 03/28 22:02:33 Image size of job updated: 166
	166  -  MemoryUsage of job (MB)
	170944  -  ResidentSetSize of job (KB)
...
005 (12188446.173.000) 03/28 22:03:41 Job terminated.
	(1) Normal termination (return value 0)
		Usr 0 00:00:51, Sys 0 00:00:06  -  Run Remote Usage
		Usr 0 00:00:00, Sys 0 00:00:00  -  Run Local Usage
		Usr 0 00:00:51, Sys 0 00:00:06  -  Total Remote Usage
		Usr 0 00:00:00, Sys 0 00:00:00  -  Total Local Usage
	147526  -  Run Bytes Sent By Job
	2247084  -  Run Bytes Received By Job
	147526  -  Total Bytes Sent By Job
	2247084  -  Total Bytes Received By Job
	Partitionable Resources :    Usage  Request Allocated 
	   Cpus                 :     0.00        1         1 
	   Disk (KB)            :  5173        2250   1635618 
	   Memory (MB)          :   166        2000      2000 
...
