000 (12188446.223.000) 03/28 21:58:21 Job submitted from host: <131.225.188.55:9618?addrs=131.225.188.55-9618&noUDP&sock=16299_5637_3>
...
001 (12188446.223.000) 03/28 22:00:26 Job executing on host: <131.225.205.181:9618?addrs=131.225.205.181-9618&noUDP&sock=1451_d802_3>
...
006 (12188446.223.000) 03/28 22:01:37 Image size of job updated: 58
	58  -  MemoryUsage of job (MB)
	59780  -  ResidentSetSize of job (KB)
...
006 (12188446.223.000) 03/28 22:02:37 Image size of job updated: 163
	163  -  MemoryUsage of job (MB)
	167196  -  ResidentSetSize of job (KB)
...
006 (12188446.223.000) 03/28 22:03:25 Image size of job updated: 208
	208  -  MemoryUsage of job (MB)
	213648  -  ResidentSetSize of job (KB)
...
005 (12188446.223.000) 03/28 22:03:26 Job terminated.
	(1) Normal termination (return value 0)
		Usr 0 00:01:28, Sys 0 00:00:06  -  Run Remote Usage
		Usr 0 00:00:00, Sys 0 00:00:00  -  Run Local Usage
		Usr 0 00:01:28, Sys 0 00:00:06  -  Total Remote Usage
		Usr 0 00:00:00, Sys 0 00:00:00  -  Total Local Usage
	146974  -  Run Bytes Sent By Job
	2247084  -  Run Bytes Received By Job
	146974  -  Total Bytes Sent By Job
	2247084  -  Total Bytes Received By Job
	Partitionable Resources :    Usage  Request Allocated 
	   Cpus                 :     0.01        1         1 
	   Disk (KB)            :  5171        2250   1652860 
	   Memory (MB)          :   208        2000      2000 
...
