000 (12188446.227.000) 03/28 21:58:21 Job submitted from host: <131.225.188.55:9618?addrs=131.225.188.55-9618&noUDP&sock=16299_5637_3>
...
001 (12188446.227.000) 03/28 22:00:28 Job executing on host: <131.225.205.187:9618?addrs=131.225.205.187-9618&noUDP&sock=1447_19a1_3>
...
006 (12188446.227.000) 03/28 22:01:39 Image size of job updated: 33
	33  -  MemoryUsage of job (MB)
	34644  -  ResidentSetSize of job (KB)
...
006 (12188446.227.000) 03/28 22:02:40 Image size of job updated: 73
	73  -  MemoryUsage of job (MB)
	74788  -  ResidentSetSize of job (KB)
...
006 (12188446.227.000) 03/28 22:03:40 Image size of job updated: 190
	190  -  MemoryUsage of job (MB)
	194788  -  ResidentSetSize of job (KB)
...
005 (12188446.227.000) 03/28 22:04:12 Job terminated.
	(1) Normal termination (return value 0)
		Usr 0 00:00:58, Sys 0 00:00:07  -  Run Remote Usage
		Usr 0 00:00:00, Sys 0 00:00:00  -  Run Local Usage
		Usr 0 00:00:58, Sys 0 00:00:07  -  Total Remote Usage
		Usr 0 00:00:00, Sys 0 00:00:00  -  Total Local Usage
	146925  -  Run Bytes Sent By Job
	2247084  -  Run Bytes Received By Job
	146925  -  Total Bytes Sent By Job
	2247084  -  Total Bytes Received By Job
	Partitionable Resources :    Usage  Request Allocated 
	   Cpus                 :     0.00        1         1 
	   Disk (KB)            :  5171        2250   1632077 
	   Memory (MB)          :   190        2000      2000 
...
