000 (12188446.218.000) 03/28 21:58:21 Job submitted from host: <131.225.188.55:9618?addrs=131.225.188.55-9618&noUDP&sock=16299_5637_3>
...
001 (12188446.218.000) 03/28 22:00:25 Job executing on host: <131.225.205.201:9618?addrs=131.225.205.201-9618&noUDP&sock=1478_5d11_3>
...
006 (12188446.218.000) 03/28 22:01:35 Image size of job updated: 73
	73  -  MemoryUsage of job (MB)
	74788  -  ResidentSetSize of job (KB)
...
006 (12188446.218.000) 03/28 22:02:36 Image size of job updated: 196
	196  -  MemoryUsage of job (MB)
	201460  -  ResidentSetSize of job (KB)
...
006 (12188446.218.000) 03/28 22:03:03 Image size of job updated: 212
	212  -  MemoryUsage of job (MB)
	217924  -  ResidentSetSize of job (KB)
...
005 (12188446.218.000) 03/28 22:03:04 Job terminated.
	(1) Normal termination (return value 0)
		Usr 0 00:01:28, Sys 0 00:00:06  -  Run Remote Usage
		Usr 0 00:00:00, Sys 0 00:00:00  -  Run Local Usage
		Usr 0 00:01:28, Sys 0 00:00:06  -  Total Remote Usage
		Usr 0 00:00:00, Sys 0 00:00:00  -  Total Local Usage
	146679  -  Run Bytes Sent By Job
	2247084  -  Run Bytes Received By Job
	146679  -  Total Bytes Sent By Job
	2247084  -  Total Bytes Received By Job
	Partitionable Resources :    Usage  Request Allocated 
	   Cpus                 :     0.00        1         1 
	   Disk (KB)            :  5172        2250   1638031 
	   Memory (MB)          :   212        2000      2000 
...
