000 (12188446.135.000) 03/28 21:58:21 Job submitted from host: <131.225.188.55:9618?addrs=131.225.188.55-9618&noUDP&sock=16299_5637_3>
...
001 (12188446.135.000) 03/28 22:00:07 Job executing on host: <131.225.188.88:9618?addrs=131.225.188.88-9618&noUDP&sock=1944_0033_3>
...
006 (12188446.135.000) 03/28 22:00:15 Image size of job updated: 28
	28  -  MemoryUsage of job (MB)
	29256  -  ResidentSetSize of job (KB)
...
006 (12188446.135.000) 03/28 22:01:16 Image size of job updated: 164
	164  -  MemoryUsage of job (MB)
	168020  -  ResidentSetSize of job (KB)
...
006 (12188446.135.000) 03/28 22:02:17 Image size of job updated: 210
	210  -  MemoryUsage of job (MB)
	215348  -  ResidentSetSize of job (KB)
...
006 (12188446.135.000) 03/28 22:02:52 Image size of job updated: 212
	212  -  MemoryUsage of job (MB)
	217692  -  ResidentSetSize of job (KB)
...
005 (12188446.135.000) 03/28 22:02:54 Job terminated.
	(1) Normal termination (return value 0)
		Usr 0 00:02:05, Sys 0 00:00:08  -  Run Remote Usage
		Usr 0 00:00:00, Sys 0 00:00:00  -  Run Local Usage
		Usr 0 00:02:05, Sys 0 00:00:08  -  Total Remote Usage
		Usr 0 00:00:00, Sys 0 00:00:00  -  Total Local Usage
	147583  -  Run Bytes Sent By Job
	2247084  -  Run Bytes Received By Job
	147583  -  Total Bytes Sent By Job
	2247084  -  Total Bytes Received By Job
	Partitionable Resources :    Usage  Request Allocated 
	   Cpus                 :     0.00        1         1 
	   Disk (KB)            :  5172        2250   1631189 
	   Memory (MB)          :   212        2000      2000 
...
