000 (12188446.081.000) 03/28 21:58:21 Job submitted from host: <131.225.188.55:9618?addrs=131.225.188.55-9618&noUDP&sock=16299_5637_3>
...
001 (12188446.081.000) 03/28 21:59:56 Job executing on host: <131.225.205.164:9618?addrs=131.225.205.164-9618&noUDP&sock=1462_638d_3>
...
006 (12188446.081.000) 03/28 22:00:07 Image size of job updated: 14
	14  -  MemoryUsage of job (MB)
	15252  -  ResidentSetSize of job (KB)
...
006 (12188446.081.000) 03/28 22:01:06 Image size of job updated: 41
	41  -  MemoryUsage of job (MB)
	42588  -  ResidentSetSize of job (KB)
...
006 (12188446.081.000) 03/28 22:02:07 Image size of job updated: 164
	164  -  MemoryUsage of job (MB)
	168464  -  ResidentSetSize of job (KB)
...
006 (12188446.081.000) 03/28 22:03:08 Image size of job updated: 176
	176  -  MemoryUsage of job (MB)
	181096  -  ResidentSetSize of job (KB)
...
006 (12188446.081.000) 03/28 22:04:08 Image size of job updated: 196
	196  -  MemoryUsage of job (MB)
	201396  -  ResidentSetSize of job (KB)
...
006 (12188446.081.000) 03/28 22:04:28 Image size of job updated: 196
	196  -  MemoryUsage of job (MB)
	201652  -  ResidentSetSize of job (KB)
...
005 (12188446.081.000) 03/28 22:04:29 Job terminated.
	(1) Normal termination (return value 0)
		Usr 0 00:02:30, Sys 0 00:00:08  -  Run Remote Usage
		Usr 0 00:00:00, Sys 0 00:00:00  -  Run Local Usage
		Usr 0 00:02:30, Sys 0 00:00:08  -  Total Remote Usage
		Usr 0 00:00:00, Sys 0 00:00:00  -  Total Local Usage
	147209  -  Run Bytes Sent By Job
	2247084  -  Run Bytes Received By Job
	147209  -  Total Bytes Sent By Job
	2247084  -  Total Bytes Received By Job
	Partitionable Resources :    Usage  Request Allocated 
	   Cpus                 :        0        1         1 
	   Disk (KB)            :     5172     2250   1640462 
	   Memory (MB)          :      196     2000      2000 
...
