000 (12188446.084.000) 03/28 21:58:21 Job submitted from host: <131.225.188.55:9618?addrs=131.225.188.55-9618&noUDP&sock=16299_5637_3>
...
001 (12188446.084.000) 03/28 21:59:57 Job executing on host: <131.225.205.197:9618?addrs=131.225.205.197-9618&noUDP&sock=1470_e04f_3>
...
006 (12188446.084.000) 03/28 22:00:06 Image size of job updated: 14
	14  -  MemoryUsage of job (MB)
	15328  -  ResidentSetSize of job (KB)
...
006 (12188446.084.000) 03/28 22:01:07 Image size of job updated: 172
	172  -  MemoryUsage of job (MB)
	176204  -  ResidentSetSize of job (KB)
...
006 (12188446.084.000) 03/28 22:02:08 Image size of job updated: 176
	176  -  MemoryUsage of job (MB)
	181168  -  ResidentSetSize of job (KB)
...
006 (12188446.084.000) 03/28 22:03:08 Image size of job updated: 196
	196  -  MemoryUsage of job (MB)
	201484  -  ResidentSetSize of job (KB)
...
006 (12188446.084.000) 03/28 22:03:40 Image size of job updated: 204
	204  -  MemoryUsage of job (MB)
	209500  -  ResidentSetSize of job (KB)
...
005 (12188446.084.000) 03/28 22:03:41 Job terminated.
	(1) Normal termination (return value 0)
		Usr 0 00:02:53, Sys 0 00:00:08  -  Run Remote Usage
		Usr 0 00:00:00, Sys 0 00:00:00  -  Run Local Usage
		Usr 0 00:02:53, Sys 0 00:00:08  -  Total Remote Usage
		Usr 0 00:00:00, Sys 0 00:00:00  -  Total Local Usage
	147498  -  Run Bytes Sent By Job
	2247084  -  Run Bytes Received By Job
	147498  -  Total Bytes Sent By Job
	2247084  -  Total Bytes Received By Job
	Partitionable Resources :    Usage  Request Allocated 
	   Cpus                 :        0        1         1 
	   Disk (KB)            :     5172     2250   1696710 
	   Memory (MB)          :      204     2000      2000 
...
