000 (12188446.141.000) 03/28 21:58:21 Job submitted from host: <131.225.188.55:9618?addrs=131.225.188.55-9618&noUDP&sock=16299_5637_3>
...
001 (12188446.141.000) 03/28 22:00:09 Job executing on host: <131.225.188.21:9618?addrs=131.225.188.21-9618&noUDP&sock=1933_74a8_3>
...
006 (12188446.141.000) 03/28 22:00:21 Image size of job updated: 14
	14  -  MemoryUsage of job (MB)
	15312  -  ResidentSetSize of job (KB)
...
006 (12188446.141.000) 03/28 22:01:18 Image size of job updated: 27
	27  -  MemoryUsage of job (MB)
	27660  -  ResidentSetSize of job (KB)
...
006 (12188446.141.000) 03/28 22:02:18 Image size of job updated: 27
	27  -  MemoryUsage of job (MB)
	28584  -  ResidentSetSize of job (KB)
...
006 (12188446.141.000) 03/28 22:03:19 Image size of job updated: 46
	46  -  MemoryUsage of job (MB)
	47584  -  ResidentSetSize of job (KB)
...
006 (12188446.141.000) 03/28 22:04:20 Image size of job updated: 174
	174  -  MemoryUsage of job (MB)
	179008  -  ResidentSetSize of job (KB)
...
006 (12188446.141.000) 03/28 22:05:20 Image size of job updated: 197
	197  -  MemoryUsage of job (MB)
	202444  -  ResidentSetSize of job (KB)
...
006 (12188446.141.000) 03/28 22:05:34 Image size of job updated: 198
	198  -  MemoryUsage of job (MB)
	202764  -  ResidentSetSize of job (KB)
...
005 (12188446.141.000) 03/28 22:05:35 Job terminated.
	(1) Normal termination (return value 0)
		Usr 0 00:02:06, Sys 0 00:00:08  -  Run Remote Usage
		Usr 0 00:00:00, Sys 0 00:00:00  -  Run Local Usage
		Usr 0 00:02:06, Sys 0 00:00:08  -  Total Remote Usage
		Usr 0 00:00:00, Sys 0 00:00:00  -  Total Local Usage
	147806  -  Run Bytes Sent By Job
	2247084  -  Run Bytes Received By Job
	147806  -  Total Bytes Sent By Job
	2247084  -  Total Bytes Received By Job
	Partitionable Resources :    Usage  Request Allocated 
	   Cpus                 :     0.02        1         1 
	   Disk (KB)            :  5172        2250   1649041 
	   Memory (MB)          :   198        2000      2000 
...
