000 (12188446.113.000) 03/28 21:58:21 Job submitted from host: <131.225.188.55:9618?addrs=131.225.188.55-9618&noUDP&sock=16299_5637_3>
...
001 (12188446.113.000) 03/28 22:00:02 Job executing on host: <131.225.191.159:9618?addrs=131.225.191.159-9618&noUDP&sock=1152_c131_3>
...
006 (12188446.113.000) 03/28 22:00:12 Image size of job updated: 5
	4  -  MemoryUsage of job (MB)
	4320  -  ResidentSetSize of job (KB)
...
006 (12188446.113.000) 03/28 22:01:12 Image size of job updated: 171
	171  -  MemoryUsage of job (MB)
	175264  -  ResidentSetSize of job (KB)
...
006 (12188446.113.000) 03/28 22:02:13 Image size of job updated: 182
	182  -  MemoryUsage of job (MB)
	186856  -  ResidentSetSize of job (KB)
...
006 (12188446.113.000) 03/28 22:03:08 Image size of job updated: 205
	205  -  MemoryUsage of job (MB)
	210604  -  ResidentSetSize of job (KB)
...
005 (12188446.113.000) 03/28 22:03:09 Job terminated.
	(1) Normal termination (return value 0)
		Usr 0 00:02:03, Sys 0 00:00:10  -  Run Remote Usage
		Usr 0 00:00:00, Sys 0 00:00:00  -  Run Local Usage
		Usr 0 00:02:03, Sys 0 00:00:10  -  Total Remote Usage
		Usr 0 00:00:00, Sys 0 00:00:00  -  Total Local Usage
	147627  -  Run Bytes Sent By Job
	2247084  -  Run Bytes Received By Job
	147627  -  Total Bytes Sent By Job
	2247084  -  Total Bytes Received By Job
	Partitionable Resources :    Usage  Request Allocated 
	   Cpus                 :        0        1         1 
	   Disk (KB)            :     5171     2250    330436 
	   Memory (MB)          :      205     2000      2000 
...
