000 (12188446.083.000) 03/28 21:58:21 Job submitted from host: <131.225.188.55:9618?addrs=131.225.188.55-9618&noUDP&sock=16299_5637_3>
...
001 (12188446.083.000) 03/28 21:59:56 Job executing on host: <131.225.205.170:9618?addrs=131.225.205.170-9618&noUDP&sock=1454_e6cb_3>
...
006 (12188446.083.000) 03/28 22:00:05 Image size of job updated: 14
	14  -  MemoryUsage of job (MB)
	15232  -  ResidentSetSize of job (KB)
...
006 (12188446.083.000) 03/28 22:01:06 Image size of job updated: 30
	30  -  MemoryUsage of job (MB)
	31548  -  ResidentSetSize of job (KB)
...
006 (12188446.083.000) 03/28 22:02:06 Image size of job updated: 39
	39  -  MemoryUsage of job (MB)
	40200  -  ResidentSetSize of job (KB)
...
006 (12188446.083.000) 03/28 22:03:06 Image size of job updated: 164
	164  -  MemoryUsage of job (MB)
	168584  -  ResidentSetSize of job (KB)
...
006 (12188446.083.000) 03/28 22:04:06 Image size of job updated: 189
	189  -  MemoryUsage of job (MB)
	194360  -  ResidentSetSize of job (KB)
...
006 (12188446.083.000) 03/28 22:05:07 Image size of job updated: 210
	210  -  MemoryUsage of job (MB)
	215628  -  ResidentSetSize of job (KB)
...
005 (12188446.083.000) 03/28 22:05:16 Job terminated.
	(1) Normal termination (return value 0)
		Usr 0 00:02:31, Sys 0 00:00:08  -  Run Remote Usage
		Usr 0 00:00:00, Sys 0 00:00:00  -  Run Local Usage
		Usr 0 00:02:31, Sys 0 00:00:08  -  Total Remote Usage
		Usr 0 00:00:00, Sys 0 00:00:00  -  Total Local Usage
	147108  -  Run Bytes Sent By Job
	2247084  -  Run Bytes Received By Job
	147108  -  Total Bytes Sent By Job
	2247084  -  Total Bytes Received By Job
	Partitionable Resources :    Usage  Request Allocated 
	   Cpus                 :     0.00        1         1 
	   Disk (KB)            :  5172        2250   1640825 
	   Memory (MB)          :   210        2000      2000 
...
