000 (12188446.165.000) 03/28 21:58:21 Job submitted from host: <131.225.188.55:9618?addrs=131.225.188.55-9618&noUDP&sock=16299_5637_3>
...
001 (12188446.165.000) 03/28 22:00:15 Job executing on host: <131.225.191.191:9618?addrs=131.225.191.191-9618&noUDP&sock=1168_bab5_3>
...
006 (12188446.165.000) 03/28 22:00:25 Image size of job updated: 28
	28  -  MemoryUsage of job (MB)
	28940  -  ResidentSetSize of job (KB)
...
006 (12188446.165.000) 03/28 22:01:25 Image size of job updated: 164
	164  -  MemoryUsage of job (MB)
	168372  -  ResidentSetSize of job (KB)
...
005 (12188446.165.000) 03/28 22:02:18 Job terminated.
	(1) Normal termination (return value 0)
		Usr 0 00:00:24, Sys 0 00:00:05  -  Run Remote Usage
		Usr 0 00:00:00, Sys 0 00:00:00  -  Run Local Usage
		Usr 0 00:00:24, Sys 0 00:00:05  -  Total Remote Usage
		Usr 0 00:00:00, Sys 0 00:00:00  -  Total Local Usage
	146805  -  Run Bytes Sent By Job
	2247084  -  Run Bytes Received By Job
	146805  -  Total Bytes Sent By Job
	2247084  -  Total Bytes Received By Job
	Partitionable Resources :    Usage  Request Allocated 
	   Cpus                 :        0        1         1 
	   Disk (KB)            :     5171     2250    304099 
	   Memory (MB)          :      164     2000      2000 
...
