000 (12188446.133.000) 03/28 21:58:21 Job submitted from host: <131.225.188.55:9618?addrs=131.225.188.55-9618&noUDP&sock=16299_5637_3>
...
001 (12188446.133.000) 03/28 22:00:06 Job executing on host: <131.225.206.203:9618?addrs=131.225.206.203-9618&noUDP&sock=1179_463f_3>
...
006 (12188446.133.000) 03/28 22:00:15 Image size of job updated: 31
	31  -  MemoryUsage of job (MB)
	32336  -  ResidentSetSize of job (KB)
...
006 (12188446.133.000) 03/28 22:01:16 Image size of job updated: 174
	174  -  MemoryUsage of job (MB)
	179080  -  ResidentSetSize of job (KB)
...
006 (12188446.133.000) 03/28 22:02:17 Image size of job updated: 204
	204  -  MemoryUsage of job (MB)
	209628  -  ResidentSetSize of job (KB)
...
006 (12188446.133.000) 03/28 22:02:52 Image size of job updated: 210
	210  -  MemoryUsage of job (MB)
	215484  -  ResidentSetSize of job (KB)
...
005 (12188446.133.000) 03/28 22:02:55 Job terminated.
	(1) Normal termination (return value 0)
		Usr 0 00:01:59, Sys 0 00:00:07  -  Run Remote Usage
		Usr 0 00:00:00, Sys 0 00:00:00  -  Run Local Usage
		Usr 0 00:01:59, Sys 0 00:00:07  -  Total Remote Usage
		Usr 0 00:00:00, Sys 0 00:00:00  -  Total Local Usage
	148046  -  Run Bytes Sent By Job
	2247084  -  Run Bytes Received By Job
	148046  -  Total Bytes Sent By Job
	2247084  -  Total Bytes Received By Job
	Partitionable Resources :    Usage  Request Allocated 
	   Cpus                 :        0        1         1 
	   Disk (KB)            :     5172     2250    324747 
	   Memory (MB)          :      210     2000      2000 
...
