000 (12188446.150.000) 03/28 21:58:21 Job submitted from host: <131.225.188.55:9618?addrs=131.225.188.55-9618&noUDP&sock=16299_5637_3>
...
001 (12188446.150.000) 03/28 22:00:11 Job executing on host: <131.225.206.183:9618?addrs=131.225.206.183-9618&noUDP&sock=1165_abec_3>
...
006 (12188446.150.000) 03/28 22:00:20 Image size of job updated: 39
	39  -  MemoryUsage of job (MB)
	40056  -  ResidentSetSize of job (KB)
...
006 (12188446.150.000) 03/28 22:01:20 Image size of job updated: 165
	165  -  MemoryUsage of job (MB)
	169120  -  ResidentSetSize of job (KB)
...
006 (12188446.150.000) 03/28 22:02:21 Image size of job updated: 202
	202  -  MemoryUsage of job (MB)
	207720  -  ResidentSetSize of job (KB)
...
006 (12188446.150.000) 03/28 22:02:51 Image size of job updated: 205
	205  -  MemoryUsage of job (MB)
	210844  -  ResidentSetSize of job (KB)
...
005 (12188446.150.000) 03/28 22:02:54 Job terminated.
	(1) Normal termination (return value 0)
		Usr 0 00:02:03, Sys 0 00:00:07  -  Run Remote Usage
		Usr 0 00:00:00, Sys 0 00:00:00  -  Run Local Usage
		Usr 0 00:02:03, Sys 0 00:00:07  -  Total Remote Usage
		Usr 0 00:00:00, Sys 0 00:00:00  -  Total Local Usage
	147383  -  Run Bytes Sent By Job
	2247084  -  Run Bytes Received By Job
	147383  -  Total Bytes Sent By Job
	2247084  -  Total Bytes Received By Job
	Partitionable Resources :    Usage  Request Allocated 
	   Cpus                 :        0        1         1 
	   Disk (KB)            :     5171     2250    311471 
	   Memory (MB)          :      205     2000      2000 
...
