000 (12188446.061.000) 03/28 21:58:21 Job submitted from host: <131.225.188.55:9618?addrs=131.225.188.55-9618&noUDP&sock=16299_5637_3>
...
001 (12188446.061.000) 03/28 21:59:52 Job executing on host: <131.225.205.179:9618?addrs=131.225.205.179-9618&noUDP&sock=1457_f593_3>
...
006 (12188446.061.000) 03/28 22:00:01 Image size of job updated: 14
	14  -  MemoryUsage of job (MB)
	15316  -  ResidentSetSize of job (KB)
...
006 (12188446.061.000) 03/28 22:01:02 Image size of job updated: 38
	38  -  MemoryUsage of job (MB)
	39656  -  ResidentSetSize of job (KB)
...
006 (12188446.061.000) 03/28 22:02:04 Image size of job updated: 164
	164  -  MemoryUsage of job (MB)
	168036  -  ResidentSetSize of job (KB)
...
006 (12188446.061.000) 03/28 22:03:04 Image size of job updated: 176
	176  -  MemoryUsage of job (MB)
	180288  -  ResidentSetSize of job (KB)
...
006 (12188446.061.000) 03/28 22:04:04 Image size of job updated: 204
	204  -  MemoryUsage of job (MB)
	209720  -  ResidentSetSize of job (KB)
...
006 (12188446.061.000) 03/28 22:04:39 Image size of job updated: 205
	205  -  MemoryUsage of job (MB)
	210044  -  ResidentSetSize of job (KB)
...
005 (12188446.061.000) 03/28 22:04:40 Job terminated.
	(1) Normal termination (return value 0)
		Usr 0 00:02:46, Sys 0 00:00:12  -  Run Remote Usage
		Usr 0 00:00:00, Sys 0 00:00:00  -  Run Local Usage
		Usr 0 00:02:46, Sys 0 00:00:12  -  Total Remote Usage
		Usr 0 00:00:00, Sys 0 00:00:00  -  Total Local Usage
	147770  -  Run Bytes Sent By Job
	2247084  -  Run Bytes Received By Job
	147770  -  Total Bytes Sent By Job
	2247084  -  Total Bytes Received By Job
	Partitionable Resources :    Usage  Request Allocated 
	   Cpus                 :     0.01        1         1 
	   Disk (KB)            :  5173        2250   1626521 
	   Memory (MB)          :   205        2000      2000 
...
