000 (12188446.185.000) 03/28 21:58:21 Job submitted from host: <131.225.188.55:9618?addrs=131.225.188.55-9618&noUDP&sock=16299_5637_3>
...
001 (12188446.185.000) 03/28 22:00:21 Job executing on host: <131.225.190.27:9618?addrs=131.225.190.27-9618&noUDP&sock=1465_7255_3>
...
006 (12188446.185.000) 03/28 22:00:30 Image size of job updated: 14
	14  -  MemoryUsage of job (MB)
	15072  -  ResidentSetSize of job (KB)
...
006 (12188446.185.000) 03/28 22:01:30 Image size of job updated: 26
	26  -  MemoryUsage of job (MB)
	27524  -  ResidentSetSize of job (KB)
...
006 (12188446.185.000) 03/28 22:02:31 Image size of job updated: 27
	27  -  MemoryUsage of job (MB)
	28588  -  ResidentSetSize of job (KB)
...
006 (12188446.185.000) 03/28 22:03:32 Image size of job updated: 171
	171  -  MemoryUsage of job (MB)
	175800  -  ResidentSetSize of job (KB)
...
006 (12188446.185.000) 03/28 22:04:19 Image size of job updated: 189
	189  -  MemoryUsage of job (MB)
	193692  -  ResidentSetSize of job (KB)
...
005 (12188446.185.000) 03/28 22:04:20 Job terminated.
	(1) Normal termination (return value 0)
		Usr 0 00:01:11, Sys 0 00:00:08  -  Run Remote Usage
		Usr 0 00:00:00, Sys 0 00:00:00  -  Run Local Usage
		Usr 0 00:01:11, Sys 0 00:00:08  -  Total Remote Usage
		Usr 0 00:00:00, Sys 0 00:00:00  -  Total Local Usage
	147060  -  Run Bytes Sent By Job
	2247084  -  Run Bytes Received By Job
	147060  -  Total Bytes Sent By Job
	2247084  -  Total Bytes Received By Job
	Partitionable Resources :    Usage  Request Allocated 
	   Cpus                 :        0        1         1 
	   Disk (KB)            :     5172     2250    789853 
	   Memory (MB)          :      189     2000      2000 
...
