000 (12188446.214.000) 03/28 21:58:21 Job submitted from host: <131.225.188.55:9618?addrs=131.225.188.55-9618&noUDP&sock=16299_5637_3>
...
001 (12188446.214.000) 03/28 22:00:24 Job executing on host: <131.225.205.200:9618?addrs=131.225.205.200-9618&noUDP&sock=1480_bc41_3>
...
006 (12188446.214.000) 03/28 22:01:34 Image size of job updated: 85
	85  -  MemoryUsage of job (MB)
	87224  -  ResidentSetSize of job (KB)
...
006 (12188446.214.000) 03/28 22:02:33 Image size of job updated: 190
	190  -  MemoryUsage of job (MB)
	195508  -  ResidentSetSize of job (KB)
...
006 (12188446.214.000) 03/28 22:02:59 Image size of job updated: 211
	211  -  MemoryUsage of job (MB)
	216208  -  ResidentSetSize of job (KB)
...
005 (12188446.214.000) 03/28 22:03:00 Job terminated.
	(1) Normal termination (return value 0)
		Usr 0 00:01:29, Sys 0 00:00:06  -  Run Remote Usage
		Usr 0 00:00:00, Sys 0 00:00:00  -  Run Local Usage
		Usr 0 00:01:29, Sys 0 00:00:06  -  Total Remote Usage
		Usr 0 00:00:00, Sys 0 00:00:00  -  Total Local Usage
	146901  -  Run Bytes Sent By Job
	2247084  -  Run Bytes Received By Job
	146901  -  Total Bytes Sent By Job
	2247084  -  Total Bytes Received By Job
	Partitionable Resources :    Usage  Request Allocated 
	   Cpus                 :        0        1         1 
	   Disk (KB)            :     5172     2250   1681120 
	   Memory (MB)          :      211     2000      2000 
...
