000 (12188446.044.000) 03/28 21:58:21 Job submitted from host: <131.225.188.55:9618?addrs=131.225.188.55-9618&noUDP&sock=16299_5637_3>
...
001 (12188446.044.000) 03/28 21:59:51 Job executing on host: <131.225.191.175:9618?addrs=131.225.191.175-9618&noUDP&sock=1153_70c9_3>
...
006 (12188446.044.000) 03/28 22:01:01 Image size of job updated: 165
	165  -  MemoryUsage of job (MB)
	169272  -  ResidentSetSize of job (KB)
...
006 (12188446.044.000) 03/28 22:02:02 Image size of job updated: 198
	198  -  MemoryUsage of job (MB)
	203032  -  ResidentSetSize of job (KB)
...
005 (12188446.044.000) 03/28 22:02:37 Job terminated.
	(1) Normal termination (return value 0)
		Usr 0 00:01:25, Sys 0 00:00:06  -  Run Remote Usage
		Usr 0 00:00:00, Sys 0 00:00:00  -  Run Local Usage
		Usr 0 00:01:25, Sys 0 00:00:06  -  Total Remote Usage
		Usr 0 00:00:00, Sys 0 00:00:00  -  Total Local Usage
	147606  -  Run Bytes Sent By Job
	2247084  -  Run Bytes Received By Job
	147606  -  Total Bytes Sent By Job
	2247084  -  Total Bytes Received By Job
	Partitionable Resources :    Usage  Request Allocated 
	   Cpus                 :        0        1         1 
	   Disk (KB)            :     5172     2250    316681 
	   Memory (MB)          :      198     2000      2000 
...
