000 (12188446.102.000) 03/28 21:58:21 Job submitted from host: <131.225.188.55:9618?addrs=131.225.188.55-9618&noUDP&sock=16299_5637_3>
...
001 (12188446.102.000) 03/28 22:00:00 Job executing on host: <131.225.206.188:9618?addrs=131.225.206.188-9618&noUDP&sock=1171_c97d_3>
...
006 (12188446.102.000) 03/28 22:01:09 Image size of job updated: 86
	86  -  MemoryUsage of job (MB)
	88236  -  ResidentSetSize of job (KB)
...
006 (12188446.102.000) 03/28 22:02:10 Image size of job updated: 168
	168  -  MemoryUsage of job (MB)
	172928  -  ResidentSetSize of job (KB)
...
006 (12188446.102.000) 03/28 22:03:10 Image size of job updated: 204
	204  -  MemoryUsage of job (MB)
	209448  -  ResidentSetSize of job (KB)
...
005 (12188446.102.000) 03/28 22:03:17 Job terminated.
	(1) Normal termination (return value 0)
		Usr 0 00:01:48, Sys 0 00:00:07  -  Run Remote Usage
		Usr 0 00:00:00, Sys 0 00:00:00  -  Run Local Usage
		Usr 0 00:01:48, Sys 0 00:00:07  -  Total Remote Usage
		Usr 0 00:00:00, Sys 0 00:00:00  -  Total Local Usage
	148512  -  Run Bytes Sent By Job
	2247084  -  Run Bytes Received By Job
	148512  -  Total Bytes Sent By Job
	2247084  -  Total Bytes Received By Job
	Partitionable Resources :    Usage  Request Allocated 
	   Cpus                 :        0        1         1 
	   Disk (KB)            :     5173     2250    303092 
	   Memory (MB)          :      204     2000      2000 
...
