000 (12188446.055.000) 03/28 21:58:21 Job submitted from host: <131.225.188.55:9618?addrs=131.225.188.55-9618&noUDP&sock=16299_5637_3>
...
001 (12188446.055.000) 03/28 21:59:51 Job executing on host: <131.225.205.172:9618?addrs=131.225.205.172-9618&noUDP&sock=1451_d802_3>
...
006 (12188446.055.000) 03/28 21:59:59 Image size of job updated: 14
	14  -  MemoryUsage of job (MB)
	15320  -  ResidentSetSize of job (KB)
...
006 (12188446.055.000) 03/28 22:01:00 Image size of job updated: 50
	50  -  MemoryUsage of job (MB)
	51312  -  ResidentSetSize of job (KB)
...
006 (12188446.055.000) 03/28 22:02:01 Image size of job updated: 127
	127  -  MemoryUsage of job (MB)
	130224  -  ResidentSetSize of job (KB)
...
006 (12188446.055.000) 03/28 22:03:01 Image size of job updated: 176
	176  -  MemoryUsage of job (MB)
	180932  -  ResidentSetSize of job (KB)
...
006 (12188446.055.000) 03/28 22:04:02 Image size of job updated: 195
	195  -  MemoryUsage of job (MB)
	199956  -  ResidentSetSize of job (KB)
...
006 (12188446.055.000) 03/28 22:04:40 Image size of job updated: 203
	203  -  MemoryUsage of job (MB)
	207916  -  ResidentSetSize of job (KB)
...
005 (12188446.055.000) 03/28 22:04:41 Job terminated.
	(1) Normal termination (return value 0)
		Usr 0 00:02:47, Sys 0 00:00:09  -  Run Remote Usage
		Usr 0 00:00:00, Sys 0 00:00:00  -  Run Local Usage
		Usr 0 00:02:47, Sys 0 00:00:09  -  Total Remote Usage
		Usr 0 00:00:00, Sys 0 00:00:00  -  Total Local Usage
	147965  -  Run Bytes Sent By Job
	2247084  -  Run Bytes Received By Job
	147965  -  Total Bytes Sent By Job
	2247084  -  Total Bytes Received By Job
	Partitionable Resources :    Usage  Request Allocated 
	   Cpus                 :     0.00        1         1 
	   Disk (KB)            :  5173        2250   1631558 
	   Memory (MB)          :   203        2000      2000 
...
