000 (12188446.160.000) 03/28 21:58:21 Job submitted from host: <131.225.188.55:9618?addrs=131.225.188.55-9618&noUDP&sock=16299_5637_3>
...
001 (12188446.160.000) 03/28 22:00:14 Job executing on host: <131.225.184.14:9618?addrs=131.225.184.14-9618&noUDP&sock=1295_d73c_3>
...
006 (12188446.160.000) 03/28 22:01:22 Image size of job updated: 14
	14  -  MemoryUsage of job (MB)
	15340  -  ResidentSetSize of job (KB)
...
006 (12188446.160.000) 03/28 22:02:22 Image size of job updated: 163
	163  -  MemoryUsage of job (MB)
	167708  -  ResidentSetSize of job (KB)
...
006 (12188446.160.000) 03/28 22:03:23 Image size of job updated: 182
	182  -  MemoryUsage of job (MB)
	186732  -  ResidentSetSize of job (KB)
...
006 (12188446.160.000) 03/28 22:04:23 Image size of job updated: 207
	207  -  MemoryUsage of job (MB)
	212208  -  ResidentSetSize of job (KB)
...
005 (12188446.160.000) 03/28 22:04:23 Job terminated.
	(1) Normal termination (return value 0)
		Usr 0 00:02:05, Sys 0 00:00:08  -  Run Remote Usage
		Usr 0 00:00:00, Sys 0 00:00:00  -  Run Local Usage
		Usr 0 00:02:05, Sys 0 00:00:08  -  Total Remote Usage
		Usr 0 00:00:00, Sys 0 00:00:00  -  Total Local Usage
	149524  -  Run Bytes Sent By Job
	2247084  -  Run Bytes Received By Job
	149524  -  Total Bytes Sent By Job
	2247084  -  Total Bytes Received By Job
	Partitionable Resources :    Usage  Request Allocated 
	   Cpus                 :        0        1         1 
	   Disk (KB)            :     5173     2250    335837 
	   Memory (MB)          :      207     2000      2000 
...
