000 (12188446.056.000) 03/28 21:58:21 Job submitted from host: <131.225.188.55:9618?addrs=131.225.188.55-9618&noUDP&sock=16299_5637_3>
...
001 (12188446.056.000) 03/28 21:59:51 Job executing on host: <131.225.205.199:9618?addrs=131.225.205.199-9618&noUDP&sock=1465_7255_3>
...
006 (12188446.056.000) 03/28 21:59:59 Image size of job updated: 14
	14  -  MemoryUsage of job (MB)
	15324  -  ResidentSetSize of job (KB)
...
006 (12188446.056.000) 03/28 22:01:00 Image size of job updated: 52
	52  -  MemoryUsage of job (MB)
	54052  -  ResidentSetSize of job (KB)
...
006 (12188446.056.000) 03/28 22:02:01 Image size of job updated: 173
	173  -  MemoryUsage of job (MB)
	177620  -  ResidentSetSize of job (KB)
...
006 (12188446.056.000) 03/28 22:03:02 Image size of job updated: 199
	199  -  MemoryUsage of job (MB)
	204284  -  ResidentSetSize of job (KB)
...
006 (12188446.056.000) 03/28 22:03:53 Image size of job updated: 207
	207  -  MemoryUsage of job (MB)
	212412  -  ResidentSetSize of job (KB)
...
005 (12188446.056.000) 03/28 22:03:54 Job terminated.
	(1) Normal termination (return value 0)
		Usr 0 00:02:42, Sys 0 00:00:09  -  Run Remote Usage
		Usr 0 00:00:00, Sys 0 00:00:00  -  Run Local Usage
		Usr 0 00:02:42, Sys 0 00:00:09  -  Total Remote Usage
		Usr 0 00:00:00, Sys 0 00:00:00  -  Total Local Usage
	147581  -  Run Bytes Sent By Job
	2247084  -  Run Bytes Received By Job
	147581  -  Total Bytes Sent By Job
	2247084  -  Total Bytes Received By Job
	Partitionable Resources :    Usage  Request Allocated 
	   Cpus                 :     0.01        1         1 
	   Disk (KB)            :  5173        2250   1700012 
	   Memory (MB)          :   207        2000      2000 
...
