000 (12188446.003.000) 03/28 21:58:21 Job submitted from host: <131.225.188.55:9618?addrs=131.225.188.55-9618&noUDP&sock=16299_5637_3>
...
001 (12188446.003.000) 03/28 21:59:39 Job executing on host: <131.225.206.101:9618?addrs=131.225.206.101-9618&noUDP&sock=1165_abec_3>
...
006 (12188446.003.000) 03/28 21:59:48 Image size of job updated: 18
	18  -  MemoryUsage of job (MB)
	19220  -  ResidentSetSize of job (KB)
...
006 (12188446.003.000) 03/28 22:00:48 Image size of job updated: 28
	28  -  MemoryUsage of job (MB)
	28828  -  ResidentSetSize of job (KB)
...
006 (12188446.003.000) 03/28 22:01:48 Image size of job updated: 166
	166  -  MemoryUsage of job (MB)
	170160  -  ResidentSetSize of job (KB)
...
006 (12188446.003.000) 03/28 22:02:48 Image size of job updated: 202
	202  -  MemoryUsage of job (MB)
	207388  -  ResidentSetSize of job (KB)
...
006 (12188446.003.000) 03/28 22:03:00 Image size of job updated: 202
	202  -  MemoryUsage of job (MB)
	207648  -  ResidentSetSize of job (KB)
...
005 (12188446.003.000) 03/28 22:03:02 Job terminated.
	(1) Normal termination (return value 0)
		Usr 0 00:01:52, Sys 0 00:00:08  -  Run Remote Usage
		Usr 0 00:00:00, Sys 0 00:00:00  -  Run Local Usage
		Usr 0 00:01:52, Sys 0 00:00:08  -  Total Remote Usage
		Usr 0 00:00:00, Sys 0 00:00:00  -  Total Local Usage
	148207  -  Run Bytes Sent By Job
	2247084  -  Run Bytes Received By Job
	148207  -  Total Bytes Sent By Job
	2247084  -  Total Bytes Received By Job
	Partitionable Resources :    Usage  Request Allocated 
	   Cpus                 :        0        1         1 
	   Disk (KB)            :     5172     2250    308392 
	   Memory (MB)          :      202     2000      2000 
...
