000 (12188446.174.000) 03/28 21:58:21 Job submitted from host: <131.225.188.55:9618?addrs=131.225.188.55-9618&noUDP&sock=16299_5637_3>
...
001 (12188446.174.000) 03/28 22:00:16 Job executing on host: <131.225.205.192:9618?addrs=131.225.205.192-9618&noUDP&sock=1455_9663_3>
...
006 (12188446.174.000) 03/28 22:02:27 Image size of job updated: 162
	162  -  MemoryUsage of job (MB)
	166092  -  ResidentSetSize of job (KB)
...
006 (12188446.174.000) 03/28 22:03:27 Image size of job updated: 192
	192  -  MemoryUsage of job (MB)
	196740  -  ResidentSetSize of job (KB)
...
005 (12188446.174.000) 03/28 22:04:06 Job terminated.
	(1) Normal termination (return value 0)
		Usr 0 00:01:11, Sys 0 00:00:06  -  Run Remote Usage
		Usr 0 00:00:00, Sys 0 00:00:00  -  Run Local Usage
		Usr 0 00:01:11, Sys 0 00:00:06  -  Total Remote Usage
		Usr 0 00:00:00, Sys 0 00:00:00  -  Total Local Usage
	147099  -  Run Bytes Sent By Job
	2247084  -  Run Bytes Received By Job
	147099  -  Total Bytes Sent By Job
	2247084  -  Total Bytes Received By Job
	Partitionable Resources :    Usage  Request Allocated 
	   Cpus                 :        0        1         1 
	   Disk (KB)            :     5173     2250   1642523 
	   Memory (MB)          :      192     2000      2000 
...
