000 (12188446.162.000) 03/28 21:58:21 Job submitted from host: <131.225.188.55:9618?addrs=131.225.188.55-9618&noUDP&sock=16299_5637_3>
...
001 (12188446.162.000) 03/28 22:00:17 Job executing on host: <131.225.206.165:9618?addrs=131.225.206.165-9618&noUDP&sock=1154_2061_3>
...
006 (12188446.162.000) 03/28 22:01:27 Image size of job updated: 171
	171  -  MemoryUsage of job (MB)
	176016  -  ResidentSetSize of job (KB)
...
006 (12188446.162.000) 03/28 22:02:28 Image size of job updated: 182
	182  -  MemoryUsage of job (MB)
	186868  -  ResidentSetSize of job (KB)
...
006 (12188446.162.000) 03/28 22:03:29 Image size of job updated: 199
	199  -  MemoryUsage of job (MB)
	203840  -  ResidentSetSize of job (KB)
...
005 (12188446.162.000) 03/28 22:03:31 Job terminated.
	(1) Normal termination (return value 0)
		Usr 0 00:02:05, Sys 0 00:00:07  -  Run Remote Usage
		Usr 0 00:00:00, Sys 0 00:00:00  -  Run Local Usage
		Usr 0 00:02:05, Sys 0 00:00:07  -  Total Remote Usage
		Usr 0 00:00:00, Sys 0 00:00:00  -  Total Local Usage
	147622  -  Run Bytes Sent By Job
	2247084  -  Run Bytes Received By Job
	147622  -  Total Bytes Sent By Job
	2247084  -  Total Bytes Received By Job
	Partitionable Resources :    Usage  Request Allocated 
	   Cpus                 :     0.00        1         1 
	   Disk (KB)            :  5172        2250    316636 
	   Memory (MB)          :   199        2000      2000 
...
