000 (12188446.036.000) 03/28 21:58:21 Job submitted from host: <131.225.188.55:9618?addrs=131.225.188.55-9618&noUDP&sock=16299_5637_3>
...
001 (12188446.036.000) 03/28 21:59:46 Job executing on host: <131.225.191.75:9618?addrs=131.225.191.75-9618&noUDP&sock=1443_5b40_3>
...
006 (12188446.036.000) 03/28 21:59:55 Image size of job updated: 14
	14  -  MemoryUsage of job (MB)
	15308  -  ResidentSetSize of job (KB)
...
006 (12188446.036.000) 03/28 22:00:55 Image size of job updated: 27
	27  -  MemoryUsage of job (MB)
	27856  -  ResidentSetSize of job (KB)
...
006 (12188446.036.000) 03/28 22:01:55 Image size of job updated: 28
	28  -  MemoryUsage of job (MB)
	29168  -  ResidentSetSize of job (KB)
...
006 (12188446.036.000) 03/28 22:02:57 Image size of job updated: 47
	47  -  MemoryUsage of job (MB)
	48572  -  ResidentSetSize of job (KB)
...
006 (12188446.036.000) 03/28 22:03:57 Image size of job updated: 165
	165  -  MemoryUsage of job (MB)
	169316  -  ResidentSetSize of job (KB)
...
006 (12188446.036.000) 03/28 22:04:57 Image size of job updated: 209
	209  -  MemoryUsage of job (MB)
	214960  -  ResidentSetSize of job (KB)
...
006 (12188446.036.000) 03/28 22:05:45 Image size of job updated: 212
	212  -  MemoryUsage of job (MB)
	217344  -  ResidentSetSize of job (KB)
...
005 (12188446.036.000) 03/28 22:05:46 Job terminated.
	(1) Normal termination (return value 0)
		Usr 0 00:02:16, Sys 0 00:00:11  -  Run Remote Usage
		Usr 0 00:00:00, Sys 0 00:00:00  -  Run Local Usage
		Usr 0 00:02:16, Sys 0 00:00:11  -  Total Remote Usage
		Usr 0 00:00:00, Sys 0 00:00:00  -  Total Local Usage
	147470  -  Run Bytes Sent By Job
	2247084  -  Run Bytes Received By Job
	147470  -  Total Bytes Sent By Job
	2247084  -  Total Bytes Received By Job
	Partitionable Resources :    Usage  Request Allocated 
	   Cpus                 :     0.00        1         1 
	   Disk (KB)            :  5173        2250    793354 
	   Memory (MB)          :   212        2000      2000 
...
