000 (12188446.091.000) 03/28 21:58:21 Job submitted from host: <131.225.188.55:9618?addrs=131.225.188.55-9618&noUDP&sock=16299_5637_3>
...
001 (12188446.091.000) 03/28 21:59:58 Job executing on host: <131.225.188.50:9618?addrs=131.225.188.50-9618&noUDP&sock=1936_8371_3>
...
006 (12188446.091.000) 03/28 22:00:07 Image size of job updated: 14
	14  -  MemoryUsage of job (MB)
	15076  -  ResidentSetSize of job (KB)
...
006 (12188446.091.000) 03/28 22:01:07 Image size of job updated: 43
	43  -  MemoryUsage of job (MB)
	44708  -  ResidentSetSize of job (KB)
...
006 (12188446.091.000) 03/28 22:02:07 Image size of job updated: 164
	164  -  MemoryUsage of job (MB)
	168128  -  ResidentSetSize of job (KB)
...
006 (12188446.091.000) 03/28 22:03:07 Image size of job updated: 197
	197  -  MemoryUsage of job (MB)
	202528  -  ResidentSetSize of job (KB)
...
006 (12188446.091.000) 03/28 22:03:43 Image size of job updated: 205
	205  -  MemoryUsage of job (MB)
	210548  -  ResidentSetSize of job (KB)
...
005 (12188446.091.000) 03/28 22:03:44 Job terminated.
	(1) Normal termination (return value 0)
		Usr 0 00:02:01, Sys 0 00:00:07  -  Run Remote Usage
		Usr 0 00:00:00, Sys 0 00:00:00  -  Run Local Usage
		Usr 0 00:02:01, Sys 0 00:00:07  -  Total Remote Usage
		Usr 0 00:00:00, Sys 0 00:00:00  -  Total Local Usage
	147061  -  Run Bytes Sent By Job
	2247084  -  Run Bytes Received By Job
	147061  -  Total Bytes Sent By Job
	2247084  -  Total Bytes Received By Job
	Partitionable Resources :    Usage  Request Allocated 
	   Cpus                 :     0.00        1         1 
	   Disk (KB)            :  5172        2250   1642609 
	   Memory (MB)          :   205        2000      2000 
...
