000 (12188446.205.000) 03/28 21:58:21 Job submitted from host: <131.225.188.55:9618?addrs=131.225.188.55-9618&noUDP&sock=16299_5637_3>
...
001 (12188446.205.000) 03/28 22:00:48 Job executing on host: <131.225.206.208:9618?addrs=131.225.206.208-9618&noUDP&sock=1156_7f92_3>
...
006 (12188446.205.000) 03/28 22:00:56 Image size of job updated: 24
	24  -  MemoryUsage of job (MB)
	25316  -  ResidentSetSize of job (KB)
...
006 (12188446.205.000) 03/28 22:01:57 Image size of job updated: 127
	127  -  MemoryUsage of job (MB)
	130076  -  ResidentSetSize of job (KB)
...
005 (12188446.205.000) 03/28 22:02:42 Job terminated.
	(1) Normal termination (return value 0)
		Usr 0 00:00:10, Sys 0 00:00:04  -  Run Remote Usage
		Usr 0 00:00:00, Sys 0 00:00:00  -  Run Local Usage
		Usr 0 00:00:10, Sys 0 00:00:04  -  Total Remote Usage
		Usr 0 00:00:00, Sys 0 00:00:00  -  Total Local Usage
	147081  -  Run Bytes Sent By Job
	2247084  -  Run Bytes Received By Job
	147081  -  Total Bytes Sent By Job
	2247084  -  Total Bytes Received By Job
	Partitionable Resources :    Usage  Request Allocated 
	   Cpus                 :     0.06        1         1 
	   Disk (KB)            :  5171        2250    327087 
	   Memory (MB)          :   127        2000      2000 
...
