000 (12188446.038.000) 03/28 21:58:21 Job submitted from host: <131.225.188.55:9618?addrs=131.225.188.55-9618&noUDP&sock=16299_5637_3>
...
001 (12188446.038.000) 03/28 21:59:47 Job executing on host: <131.225.204.51:9618?addrs=131.225.204.51-9618&noUDP&sock=1167_0b1c_3>
...
006 (12188446.038.000) 03/28 21:59:56 Image size of job updated: 41
	41  -  MemoryUsage of job (MB)
	42248  -  ResidentSetSize of job (KB)
...
006 (12188446.038.000) 03/28 22:00:57 Image size of job updated: 172
	172  -  MemoryUsage of job (MB)
	176224  -  ResidentSetSize of job (KB)
...
006 (12188446.038.000) 03/28 22:01:58 Image size of job updated: 182
	182  -  MemoryUsage of job (MB)
	187172  -  ResidentSetSize of job (KB)
...
006 (12188446.038.000) 03/28 22:02:49 Image size of job updated: 206
	206  -  MemoryUsage of job (MB)
	211368  -  ResidentSetSize of job (KB)
...
005 (12188446.038.000) 03/28 22:02:51 Job terminated.
	(1) Normal termination (return value 0)
		Usr 0 00:02:02, Sys 0 00:00:09  -  Run Remote Usage
		Usr 0 00:00:00, Sys 0 00:00:00  -  Run Local Usage
		Usr 0 00:02:02, Sys 0 00:00:09  -  Total Remote Usage
		Usr 0 00:00:00, Sys 0 00:00:00  -  Total Local Usage
	148409  -  Run Bytes Sent By Job
	2247084  -  Run Bytes Received By Job
	148409  -  Total Bytes Sent By Job
	2247084  -  Total Bytes Received By Job
	Partitionable Resources :    Usage  Request Allocated 
	   Cpus                 :        0        1         1 
	   Disk (KB)            :     5172     2250    317480 
	   Memory (MB)          :      206     2000      2000 
...
