000 (12188446.222.000) 03/28 21:58:21 Job submitted from host: <131.225.188.55:9618?addrs=131.225.188.55-9618&noUDP&sock=16299_5637_3>
...
001 (12188446.222.000) 03/28 22:00:26 Job executing on host: <131.225.205.203:9618?addrs=131.225.205.203-9618&noUDP&sock=1478_5d11_3>
...
006 (12188446.222.000) 03/28 22:01:37 Image size of job updated: 126
	126  -  MemoryUsage of job (MB)
	129980  -  ResidentSetSize of job (KB)
...
006 (12188446.222.000) 03/28 22:02:38 Image size of job updated: 192
	192  -  MemoryUsage of job (MB)
	196748  -  ResidentSetSize of job (KB)
...
006 (12188446.222.000) 03/28 22:02:59 Image size of job updated: 204
	204  -  MemoryUsage of job (MB)
	209052  -  ResidentSetSize of job (KB)
...
005 (12188446.222.000) 03/28 22:03:01 Job terminated.
	(1) Normal termination (return value 0)
		Usr 0 00:01:34, Sys 0 00:00:08  -  Run Remote Usage
		Usr 0 00:00:00, Sys 0 00:00:00  -  Run Local Usage
		Usr 0 00:01:34, Sys 0 00:00:08  -  Total Remote Usage
		Usr 0 00:00:00, Sys 0 00:00:00  -  Total Local Usage
	146389  -  Run Bytes Sent By Job
	2247084  -  Run Bytes Received By Job
	146389  -  Total Bytes Sent By Job
	2247084  -  Total Bytes Received By Job
	Partitionable Resources :    Usage  Request Allocated 
	   Cpus                 :     0.01        1         1 
	   Disk (KB)            :  5171        2250   1694239 
	   Memory (MB)          :   204        2000      2000 
...
