000 (12188446.200.000) 03/28 21:58:21 Job submitted from host: <131.225.188.55:9618?addrs=131.225.188.55-9618&noUDP&sock=16299_5637_3>
...
001 (12188446.200.000) 03/28 22:00:21 Job executing on host: <131.225.205.196:9618?addrs=131.225.205.196-9618&noUDP&sock=1459_54c4_3>
...
006 (12188446.200.000) 03/28 22:01:31 Image size of job updated: 85
	85  -  MemoryUsage of job (MB)
	87392  -  ResidentSetSize of job (KB)
...
006 (12188446.200.000) 03/28 22:02:32 Image size of job updated: 191
	191  -  MemoryUsage of job (MB)
	195964  -  ResidentSetSize of job (KB)
...
006 (12188446.200.000) 03/28 22:03:01 Image size of job updated: 204
	204  -  MemoryUsage of job (MB)
	209264  -  ResidentSetSize of job (KB)
...
005 (12188446.200.000) 03/28 22:03:02 Job terminated.
	(1) Normal termination (return value 0)
		Usr 0 00:01:34, Sys 0 00:00:06  -  Run Remote Usage
		Usr 0 00:00:00, Sys 0 00:00:00  -  Run Local Usage
		Usr 0 00:01:34, Sys 0 00:00:06  -  Total Remote Usage
		Usr 0 00:00:00, Sys 0 00:00:00  -  Total Local Usage
	146752  -  Run Bytes Sent By Job
	2247084  -  Run Bytes Received By Job
	146752  -  Total Bytes Sent By Job
	2247084  -  Total Bytes Received By Job
	Partitionable Resources :    Usage  Request Allocated 
	   Cpus                 :     0.00        1         1 
	   Disk (KB)            :  5172        2250   1684648 
	   Memory (MB)          :   204        2000      2000 
...
