000 (12188446.234.000) 03/28 21:58:21 Job submitted from host: <131.225.188.55:9618?addrs=131.225.188.55-9618&noUDP&sock=16299_5637_3>
...
001 (12188446.234.000) 03/28 22:00:28 Job executing on host: <131.225.205.168:9618?addrs=131.225.205.168-9618&noUDP&sock=1454_e6cb_3>
...
006 (12188446.234.000) 03/28 22:00:37 Image size of job updated: 14
	14  -  MemoryUsage of job (MB)
	15248  -  ResidentSetSize of job (KB)
...
006 (12188446.234.000) 03/28 22:01:38 Image size of job updated: 132
	132  -  MemoryUsage of job (MB)
	135756  -  ResidentSetSize of job (KB)
...
006 (12188446.234.000) 03/28 22:03:39 Image size of job updated: 166
	166  -  MemoryUsage of job (MB)
	170468  -  ResidentSetSize of job (KB)
...
006 (12188446.234.000) 03/28 22:04:40 Image size of job updated: 185
	185  -  MemoryUsage of job (MB)
	189628  -  ResidentSetSize of job (KB)
...
006 (12188446.234.000) 03/28 22:05:41 Image size of job updated: 185
	185  -  MemoryUsage of job (MB)
	190064  -  ResidentSetSize of job (KB)
...
006 (12188446.234.000) 03/28 22:06:42 Image size of job updated: 186
	186  -  MemoryUsage of job (MB)
	190500  -  ResidentSetSize of job (KB)
...
006 (12188446.234.000) 03/28 22:07:42 Image size of job updated: 186
	186  -  MemoryUsage of job (MB)
	190800  -  ResidentSetSize of job (KB)
...
006 (12188446.234.000) 03/28 22:08:42 Image size of job updated: 191
	191  -  MemoryUsage of job (MB)
	196108  -  ResidentSetSize of job (KB)
...
006 (12188446.234.000) 03/28 22:09:42 Image size of job updated: 202
	202  -  MemoryUsage of job (MB)
	207508  -  ResidentSetSize of job (KB)
...
006 (12188446.234.000) 03/28 22:10:43 Image size of job updated: 208
	208  -  MemoryUsage of job (MB)
	213712  -  ResidentSetSize of job (KB)
...
006 (12188446.234.000) 03/28 22:13:45 Image size of job updated: 210
	210  -  MemoryUsage of job (MB)
	215088  -  ResidentSetSize of job (KB)
...
005 (12188446.234.000) 03/28 22:13:56 Job terminated.
	(1) Normal termination (return value 0)
		Usr 0 00:09:30, Sys 0 00:00:28  -  Run Remote Usage
		Usr 0 00:00:00, Sys 0 00:00:00  -  Run Local Usage
		Usr 0 00:09:30, Sys 0 00:00:28  -  Total Remote Usage
		Usr 0 00:00:00, Sys 0 00:00:00  -  Total Local Usage
	156946  -  Run Bytes Sent By Job
	2247084  -  Run Bytes Received By Job
	156946  -  Total Bytes Sent By Job
	2247084  -  Total Bytes Received By Job
	Partitionable Resources :    Usage  Request Allocated 
	   Cpus                 :     0.00        1         1 
	   Disk (KB)            :  5181        2250   1642837 
	   Memory (MB)          :   210        2000      2000 
...
