000 (12188446.119.000) 03/28 21:58:21 Job submitted from host: <131.225.188.55:9618?addrs=131.225.188.55-9618&noUDP&sock=16299_5637_3>
...
001 (12188446.119.000) 03/28 22:00:06 Job executing on host: <131.225.206.181:9618?addrs=131.225.206.181-9618&noUDP&sock=1153_70c9_3>
...
006 (12188446.119.000) 03/28 22:01:16 Image size of job updated: 116
	116  -  MemoryUsage of job (MB)
	119388  -  ResidentSetSize of job (KB)
...
006 (12188446.119.000) 03/28 22:03:18 Image size of job updated: 174
	174  -  MemoryUsage of job (MB)
	178596  -  ResidentSetSize of job (KB)
...
006 (12188446.119.000) 03/28 22:04:18 Image size of job updated: 195
	195  -  MemoryUsage of job (MB)
	200280  -  ResidentSetSize of job (KB)
...
006 (12188446.119.000) 03/28 22:04:32 Image size of job updated: 203
	203  -  MemoryUsage of job (MB)
	208136  -  ResidentSetSize of job (KB)
...
005 (12188446.119.000) 03/28 22:04:35 Job terminated.
	(1) Normal termination (return value 0)
		Usr 0 00:02:02, Sys 0 00:00:09  -  Run Remote Usage
		Usr 0 00:00:00, Sys 0 00:00:00  -  Run Local Usage
		Usr 0 00:02:02, Sys 0 00:00:09  -  Total Remote Usage
		Usr 0 00:00:00, Sys 0 00:00:00  -  Total Local Usage
	149231  -  Run Bytes Sent By Job
	2247084  -  Run Bytes Received By Job
	149231  -  Total Bytes Sent By Job
	2247084  -  Total Bytes Received By Job
	Partitionable Resources :    Usage  Request Allocated 
	   Cpus                 :        0        1         1 
	   Disk (KB)            :     5173     2250    320888 
	   Memory (MB)          :      203     2000      2000 
...
