000 (12188446.057.000) 03/28 21:58:21 Job submitted from host: <131.225.188.55:9618?addrs=131.225.188.55-9618&noUDP&sock=16299_5637_3>
...
001 (12188446.057.000) 03/28 21:59:51 Job executing on host: <131.225.205.173:9618?addrs=131.225.205.173-9618&noUDP&sock=1456_45fb_3>
...
006 (12188446.057.000) 03/28 22:00:00 Image size of job updated: 14
	14  -  MemoryUsage of job (MB)
	15252  -  ResidentSetSize of job (KB)
...
006 (12188446.057.000) 03/28 22:01:01 Image size of job updated: 164
	164  -  MemoryUsage of job (MB)
	168776  -  ResidentSetSize of job (KB)
...
006 (12188446.057.000) 03/28 22:02:02 Image size of job updated: 169
	169  -  MemoryUsage of job (MB)
	173580  -  ResidentSetSize of job (KB)
...
006 (12188446.057.000) 03/28 22:03:02 Image size of job updated: 206
	206  -  MemoryUsage of job (MB)
	211000  -  ResidentSetSize of job (KB)
...
006 (12188446.057.000) 03/28 22:03:17 Image size of job updated: 206
	206  -  MemoryUsage of job (MB)
	211164  -  ResidentSetSize of job (KB)
...
005 (12188446.057.000) 03/28 22:03:18 Job terminated.
	(1) Normal termination (return value 0)
		Usr 0 00:02:36, Sys 0 00:00:10  -  Run Remote Usage
		Usr 0 00:00:00, Sys 0 00:00:00  -  Run Local Usage
		Usr 0 00:02:36, Sys 0 00:00:10  -  Total Remote Usage
		Usr 0 00:00:00, Sys 0 00:00:00  -  Total Local Usage
	147553  -  Run Bytes Sent By Job
	2247084  -  Run Bytes Received By Job
	147553  -  Total Bytes Sent By Job
	2247084  -  Total Bytes Received By Job
	Partitionable Resources :    Usage  Request Allocated 
	   Cpus                 :     0.00        1         1 
	   Disk (KB)            :  5172        2250   1640215 
	   Memory (MB)          :   206        2000      2000 
...
