000 (12188446.109.000) 03/28 21:58:21 Job submitted from host: <131.225.188.55:9618?addrs=131.225.188.55-9618&noUDP&sock=16299_5637_3>
...
001 (12188446.109.000) 03/28 22:00:05 Job executing on host: <131.225.191.145:9618?addrs=131.225.191.145-9618&noUDP&sock=1155_cff9_3>
...
006 (12188446.109.000) 03/28 22:01:14 Image size of job updated: 116
	116  -  MemoryUsage of job (MB)
	119368  -  ResidentSetSize of job (KB)
...
006 (12188446.109.000) 03/28 22:02:15 Image size of job updated: 116
	116  -  MemoryUsage of job (MB)
	119376  -  ResidentSetSize of job (KB)
...
006 (12188446.109.000) 03/28 22:03:16 Image size of job updated: 163
	163  -  MemoryUsage of job (MB)
	167552  -  ResidentSetSize of job (KB)
...
006 (12188446.109.000) 03/28 22:04:17 Image size of job updated: 203
	203  -  MemoryUsage of job (MB)
	208400  -  ResidentSetSize of job (KB)
...
006 (12188446.109.000) 03/28 22:04:58 Image size of job updated: 206
	206  -  MemoryUsage of job (MB)
	211376  -  ResidentSetSize of job (KB)
...
005 (12188446.109.000) 03/28 22:04:59 Job terminated.
	(1) Normal termination (return value 0)
		Usr 0 00:01:57, Sys 0 00:00:07  -  Run Remote Usage
		Usr 0 00:00:00, Sys 0 00:00:00  -  Run Local Usage
		Usr 0 00:01:57, Sys 0 00:00:07  -  Total Remote Usage
		Usr 0 00:00:00, Sys 0 00:00:00  -  Total Local Usage
	150255  -  Run Bytes Sent By Job
	2247084  -  Run Bytes Received By Job
	150255  -  Total Bytes Sent By Job
	2247084  -  Total Bytes Received By Job
	Partitionable Resources :    Usage  Request Allocated 
	   Cpus                 :        0        1         1 
	   Disk (KB)            :     5174     2250    309415 
	   Memory (MB)          :      206     2000      2000 
...
