000 (12188446.086.000) 03/28 21:58:21 Job submitted from host: <131.225.188.55:9618?addrs=131.225.188.55-9618&noUDP&sock=16299_5637_3>
...
001 (12188446.086.000) 03/28 21:59:57 Job executing on host: <131.225.188.46:9618?addrs=131.225.188.46-9618&noUDP&sock=1933_74a8_3>
...
006 (12188446.086.000) 03/28 22:00:06 Image size of job updated: 14
	14  -  MemoryUsage of job (MB)
	15256  -  ResidentSetSize of job (KB)
...
006 (12188446.086.000) 03/28 22:01:06 Image size of job updated: 27
	27  -  MemoryUsage of job (MB)
	28592  -  ResidentSetSize of job (KB)
...
006 (12188446.086.000) 03/28 22:02:07 Image size of job updated: 34
	34  -  MemoryUsage of job (MB)
	35264  -  ResidentSetSize of job (KB)
...
006 (12188446.086.000) 03/28 22:03:07 Image size of job updated: 174
	174  -  MemoryUsage of job (MB)
	179040  -  ResidentSetSize of job (KB)
...
006 (12188446.086.000) 03/28 22:04:07 Image size of job updated: 195
	195  -  MemoryUsage of job (MB)
	200404  -  ResidentSetSize of job (KB)
...
006 (12188446.086.000) 03/28 22:04:27 Image size of job updated: 195
	195  -  MemoryUsage of job (MB)
	200672  -  ResidentSetSize of job (KB)
...
005 (12188446.086.000) 03/28 22:04:29 Job terminated.
	(1) Normal termination (return value 0)
		Usr 0 00:02:03, Sys 0 00:00:07  -  Run Remote Usage
		Usr 0 00:00:00, Sys 0 00:00:00  -  Run Local Usage
		Usr 0 00:02:03, Sys 0 00:00:07  -  Total Remote Usage
		Usr 0 00:00:00, Sys 0 00:00:00  -  Total Local Usage
	147493  -  Run Bytes Sent By Job
	2247084  -  Run Bytes Received By Job
	147493  -  Total Bytes Sent By Job
	2247084  -  Total Bytes Received By Job
	Partitionable Resources :    Usage  Request Allocated 
	   Cpus                 :     0.00        1         1 
	   Disk (KB)            :  5172        2250   1650168 
	   Memory (MB)          :   195        2000      2000 
...
