000 (12188446.099.000) 03/28 21:58:21 Job submitted from host: <131.225.188.55:9618?addrs=131.225.188.55-9618&noUDP&sock=16299_5637_3>
...
001 (12188446.099.000) 03/28 22:00:00 Job executing on host: <131.225.188.86:9618?addrs=131.225.188.86-9618&noUDP&sock=1928_06af_3>
...
006 (12188446.099.000) 03/28 22:00:09 Image size of job updated: 17
	17  -  MemoryUsage of job (MB)
	17816  -  ResidentSetSize of job (KB)
...
006 (12188446.099.000) 03/28 22:01:09 Image size of job updated: 50
	50  -  MemoryUsage of job (MB)
	51212  -  ResidentSetSize of job (KB)
...
006 (12188446.099.000) 03/28 22:04:11 Image size of job updated: 172
	172  -  MemoryUsage of job (MB)
	176584  -  ResidentSetSize of job (KB)
...
006 (12188446.099.000) 03/28 22:05:11 Image size of job updated: 193
	193  -  MemoryUsage of job (MB)
	197788  -  ResidentSetSize of job (KB)
...
006 (12188446.099.000) 03/28 22:06:11 Image size of job updated: 193
	193  -  MemoryUsage of job (MB)
	198344  -  ResidentSetSize of job (KB)
...
006 (12188446.099.000) 03/28 22:07:12 Image size of job updated: 195
	195  -  MemoryUsage of job (MB)
	200156  -  ResidentSetSize of job (KB)
...
005 (12188446.099.000) 03/28 22:07:21 Job terminated.
	(1) Normal termination (return value 0)
		Usr 0 00:03:43, Sys 0 00:00:19  -  Run Remote Usage
		Usr 0 00:00:00, Sys 0 00:00:00  -  Run Local Usage
		Usr 0 00:03:43, Sys 0 00:00:19  -  Total Remote Usage
		Usr 0 00:00:00, Sys 0 00:00:00  -  Total Local Usage
	71526  -  Run Bytes Sent By Job
	2247084  -  Run Bytes Received By Job
	71526  -  Total Bytes Sent By Job
	2247084  -  Total Bytes Received By Job
	Partitionable Resources :    Usage  Request Allocated 
	   Cpus                 :     0.00        1         1 
	   Disk (KB)            :  5098        2250   1630173 
	   Memory (MB)          :   195        2000      2000 
...
