000 (12188446.110.000) 03/28 21:58:21 Job submitted from host: <131.225.188.55:9618?addrs=131.225.188.55-9618&noUDP&sock=16299_5637_3>
...
001 (12188446.110.000) 03/28 22:00:02 Job executing on host: <131.225.206.161:9618?addrs=131.225.206.161-9618&noUDP&sock=1153_70c9_3>
...
006 (12188446.110.000) 03/28 22:01:14 Image size of job updated: 73
	73  -  MemoryUsage of job (MB)
	74784  -  ResidentSetSize of job (KB)
...
006 (12188446.110.000) 03/28 22:02:14 Image size of job updated: 182
	182  -  MemoryUsage of job (MB)
	187172  -  ResidentSetSize of job (KB)
...
005 (12188446.110.000) 03/28 22:03:05 Job terminated.
	(1) Normal termination (return value 0)
		Usr 0 00:01:02, Sys 0 00:00:08  -  Run Remote Usage
		Usr 0 00:00:00, Sys 0 00:00:00  -  Run Local Usage
		Usr 0 00:01:02, Sys 0 00:00:08  -  Total Remote Usage
		Usr 0 00:00:00, Sys 0 00:00:00  -  Total Local Usage
	148265  -  Run Bytes Sent By Job
	2247084  -  Run Bytes Received By Job
	148265  -  Total Bytes Sent By Job
	2247084  -  Total Bytes Received By Job
	Partitionable Resources :    Usage  Request Allocated 
	   Cpus                 :        0        1         1 
	   Disk (KB)            :     5172     2250    333480 
	   Memory (MB)          :      182     2000      2000 
...
