000 (12188446.216.000) 03/28 21:58:21 Job submitted from host: <131.225.188.55:9618?addrs=131.225.188.55-9618&noUDP&sock=16299_5637_3>
...
001 (12188446.216.000) 03/28 22:00:24 Job executing on host: <131.225.205.179:9618?addrs=131.225.205.179-9618&noUDP&sock=1457_f593_3>
...
006 (12188446.216.000) 03/28 22:01:33 Image size of job updated: 46
	46  -  MemoryUsage of job (MB)
	47600  -  ResidentSetSize of job (KB)
...
006 (12188446.216.000) 03/28 22:02:33 Image size of job updated: 166
	166  -  MemoryUsage of job (MB)
	170808  -  ResidentSetSize of job (KB)
...
005 (12188446.216.000) 03/28 22:03:30 Job terminated.
	(1) Normal termination (return value 0)
		Usr 0 00:00:47, Sys 0 00:00:06  -  Run Remote Usage
		Usr 0 00:00:00, Sys 0 00:00:00  -  Run Local Usage
		Usr 0 00:00:47, Sys 0 00:00:06  -  Total Remote Usage
		Usr 0 00:00:00, Sys 0 00:00:00  -  Total Local Usage
	146860  -  Run Bytes Sent By Job
	2247084  -  Run Bytes Received By Job
	146860  -  Total Bytes Sent By Job
	2247084  -  Total Bytes Received By Job
	Partitionable Resources :    Usage  Request Allocated 
	   Cpus                 :     0.00        1         1 
	   Disk (KB)            :  5172        2250   1626521 
	   Memory (MB)          :   166        2000      2000 
...
