000 (12188446.054.000) 03/28 21:58:21 Job submitted from host: <131.225.188.55:9618?addrs=131.225.188.55-9618&noUDP&sock=16299_5637_3>
...
001 (12188446.054.000) 03/28 21:59:50 Job executing on host: <131.225.205.198:9618?addrs=131.225.205.198-9618&noUDP&sock=1471_8fe7_3>
...
006 (12188446.054.000) 03/28 22:00:01 Image size of job updated: 14
	14  -  MemoryUsage of job (MB)
	15316  -  ResidentSetSize of job (KB)
...
006 (12188446.054.000) 03/28 22:01:00 Image size of job updated: 27
	27  -  MemoryUsage of job (MB)
	27788  -  ResidentSetSize of job (KB)
...
006 (12188446.054.000) 03/28 22:02:01 Image size of job updated: 27
	27  -  MemoryUsage of job (MB)
	28100  -  ResidentSetSize of job (KB)
...
006 (12188446.054.000) 03/28 22:03:01 Image size of job updated: 50
	50  -  MemoryUsage of job (MB)
	52044  -  ResidentSetSize of job (KB)
...
006 (12188446.054.000) 03/28 22:04:02 Image size of job updated: 166
	166  -  MemoryUsage of job (MB)
	170336  -  ResidentSetSize of job (KB)
...
006 (12188446.054.000) 03/28 22:05:03 Image size of job updated: 192
	192  -  MemoryUsage of job (MB)
	197256  -  ResidentSetSize of job (KB)
...
006 (12188446.054.000) 03/28 22:05:59 Image size of job updated: 205
	205  -  MemoryUsage of job (MB)
	210296  -  ResidentSetSize of job (KB)
...
005 (12188446.054.000) 03/28 22:06:00 Job terminated.
	(1) Normal termination (return value 0)
		Usr 0 00:02:33, Sys 0 00:00:09  -  Run Remote Usage
		Usr 0 00:00:00, Sys 0 00:00:00  -  Run Local Usage
		Usr 0 00:02:33, Sys 0 00:00:09  -  Total Remote Usage
		Usr 0 00:00:00, Sys 0 00:00:00  -  Total Local Usage
	147573  -  Run Bytes Sent By Job
	2247084  -  Run Bytes Received By Job
	147573  -  Total Bytes Sent By Job
	2247084  -  Total Bytes Received By Job
	Partitionable Resources :    Usage  Request Allocated 
	   Cpus                 :     0.00        1         1 
	   Disk (KB)            :  5173        2250   1696175 
	   Memory (MB)          :   205        2000      2000 
...
