000 (12188446.050.000) 03/28 21:58:21 Job submitted from host: <131.225.188.55:9618?addrs=131.225.188.55-9618&noUDP&sock=16299_5637_3>
...
001 (12188446.050.000) 03/28 21:59:49 Job executing on host: <131.225.191.254:9618?addrs=131.225.191.254-9618&noUDP&sock=1431_201d_3>
...
006 (12188446.050.000) 03/28 21:59:58 Image size of job updated: 14
	14  -  MemoryUsage of job (MB)
	15080  -  ResidentSetSize of job (KB)
...
006 (12188446.050.000) 03/28 22:00:59 Image size of job updated: 35
	35  -  MemoryUsage of job (MB)
	36212  -  ResidentSetSize of job (KB)
...
006 (12188446.050.000) 03/28 22:01:59 Image size of job updated: 164
	164  -  MemoryUsage of job (MB)
	168756  -  ResidentSetSize of job (KB)
...
006 (12188446.050.000) 03/28 22:03:00 Image size of job updated: 204
	204  -  MemoryUsage of job (MB)
	209316  -  ResidentSetSize of job (KB)
...
006 (12188446.050.000) 03/28 22:03:44 Image size of job updated: 204
	204  -  MemoryUsage of job (MB)
	209808  -  ResidentSetSize of job (KB)
...
005 (12188446.050.000) 03/28 22:03:45 Job terminated.
	(1) Normal termination (return value 0)
		Usr 0 00:02:14, Sys 0 00:00:10  -  Run Remote Usage
		Usr 0 00:00:00, Sys 0 00:00:00  -  Run Local Usage
		Usr 0 00:02:14, Sys 0 00:00:10  -  Total Remote Usage
		Usr 0 00:00:00, Sys 0 00:00:00  -  Total Local Usage
	148530  -  Run Bytes Sent By Job
	2247084  -  Run Bytes Received By Job
	148530  -  Total Bytes Sent By Job
	2247084  -  Total Bytes Received By Job
	Partitionable Resources :    Usage  Request Allocated 
	   Cpus                 :        0        1         1 
	   Disk (KB)            :     5173     2250    775804 
	   Memory (MB)          :      204     2000      2000 
...
