000 (12188446.137.000) 03/28 21:58:21 Job submitted from host: <131.225.188.55:9618?addrs=131.225.188.55-9618&noUDP&sock=16299_5637_3>
...
001 (12188446.137.000) 03/28 22:00:07 Job executing on host: <131.225.188.106:9618?addrs=131.225.188.106-9618&noUDP&sock=1920_89ed_3>
...
006 (12188446.137.000) 03/28 22:00:16 Image size of job updated: 16
	16  -  MemoryUsage of job (MB)
	17036  -  ResidentSetSize of job (KB)
...
006 (12188446.137.000) 03/28 22:01:17 Image size of job updated: 46
	46  -  MemoryUsage of job (MB)
	47588  -  ResidentSetSize of job (KB)
...
006 (12188446.137.000) 03/28 22:02:18 Image size of job updated: 165
	165  -  MemoryUsage of job (MB)
	169368  -  ResidentSetSize of job (KB)
...
006 (12188446.137.000) 03/28 22:03:18 Image size of job updated: 204
	204  -  MemoryUsage of job (MB)
	209724  -  ResidentSetSize of job (KB)
...
006 (12188446.137.000) 03/28 22:03:43 Image size of job updated: 207
	207  -  MemoryUsage of job (MB)
	212700  -  ResidentSetSize of job (KB)
...
005 (12188446.137.000) 03/28 22:03:44 Job terminated.
	(1) Normal termination (return value 0)
		Usr 0 00:01:50, Sys 0 00:00:07  -  Run Remote Usage
		Usr 0 00:00:00, Sys 0 00:00:00  -  Run Local Usage
		Usr 0 00:01:50, Sys 0 00:00:07  -  Total Remote Usage
		Usr 0 00:00:00, Sys 0 00:00:00  -  Total Local Usage
	147429  -  Run Bytes Sent By Job
	2247084  -  Run Bytes Received By Job
	147429  -  Total Bytes Sent By Job
	2247084  -  Total Bytes Received By Job
	Partitionable Resources :    Usage  Request Allocated 
	   Cpus                 :        0        1         1 
	   Disk (KB)            :     5172     2250   1619590 
	   Memory (MB)          :      207     2000      2000 
...
