000 (12188446.096.000) 03/28 21:58:21 Job submitted from host: <131.225.188.55:9618?addrs=131.225.188.55-9618&noUDP&sock=16299_5637_3>
...
001 (12188446.096.000) 03/28 21:59:59 Job executing on host: <131.225.188.84:9618?addrs=131.225.188.84-9618&noUDP&sock=1919_da55_3>
...
006 (12188446.096.000) 03/28 22:00:08 Image size of job updated: 14
	14  -  MemoryUsage of job (MB)
	15252  -  ResidentSetSize of job (KB)
...
006 (12188446.096.000) 03/28 22:01:09 Image size of job updated: 164
	164  -  MemoryUsage of job (MB)
	168104  -  ResidentSetSize of job (KB)
...
006 (12188446.096.000) 03/28 22:02:08 Image size of job updated: 176
	176  -  MemoryUsage of job (MB)
	180664  -  ResidentSetSize of job (KB)
...
006 (12188446.096.000) 03/28 22:02:59 Image size of job updated: 206
	206  -  MemoryUsage of job (MB)
	211912  -  ResidentSetSize of job (KB)
...
005 (12188446.096.000) 03/28 22:03:00 Job terminated.
	(1) Normal termination (return value 0)
		Usr 0 00:02:00, Sys 0 00:00:07  -  Run Remote Usage
		Usr 0 00:00:00, Sys 0 00:00:00  -  Run Local Usage
		Usr 0 00:02:00, Sys 0 00:00:07  -  Total Remote Usage
		Usr 0 00:00:00, Sys 0 00:00:00  -  Total Local Usage
	147444  -  Run Bytes Sent By Job
	2247084  -  Run Bytes Received By Job
	147444  -  Total Bytes Sent By Job
	2247084  -  Total Bytes Received By Job
	Partitionable Resources :    Usage  Request Allocated 
	   Cpus                 :     0.01        1         1 
	   Disk (KB)            :  5172        2250   1628446 
	   Memory (MB)          :   206        2000      2000 
...
