000 (12188446.001.000) 03/28 21:58:21 Job submitted from host: <131.225.188.55:9618?addrs=131.225.188.55-9618&noUDP&sock=16299_5637_3>
...
001 (12188446.001.000) 03/28 21:59:39 Job executing on host: <131.225.206.94:9618?addrs=131.225.206.94-9618&noUDP&sock=1159_8e5a_3>
...
006 (12188446.001.000) 03/28 22:00:49 Image size of job updated: 27
	27  -  MemoryUsage of job (MB)
	27856  -  ResidentSetSize of job (KB)
...
006 (12188446.001.000) 03/28 22:01:49 Image size of job updated: 106
	106  -  MemoryUsage of job (MB)
	109164  -  ResidentSetSize of job (KB)
...
006 (12188446.001.000) 03/28 22:02:50 Image size of job updated: 167
	167  -  MemoryUsage of job (MB)
	171828  -  ResidentSetSize of job (KB)
...
006 (12188446.001.000) 03/28 22:03:50 Image size of job updated: 209
	209  -  MemoryUsage of job (MB)
	214212  -  ResidentSetSize of job (KB)
...
006 (12188446.001.000) 03/28 22:04:20 Image size of job updated: 209
	209  -  MemoryUsage of job (MB)
	214428  -  ResidentSetSize of job (KB)
...
005 (12188446.001.000) 03/28 22:04:21 Job terminated.
	(1) Normal termination (return value 0)
		Usr 0 00:02:01, Sys 0 00:00:09  -  Run Remote Usage
		Usr 0 00:00:00, Sys 0 00:00:00  -  Run Local Usage
		Usr 0 00:02:01, Sys 0 00:00:09  -  Total Remote Usage
		Usr 0 00:00:00, Sys 0 00:00:00  -  Total Local Usage
	147878  -  Run Bytes Sent By Job
	2247084  -  Run Bytes Received By Job
	147878  -  Total Bytes Sent By Job
	2247084  -  Total Bytes Received By Job
	Partitionable Resources :    Usage  Request Allocated 
	   Cpus                 :     0.25        1         1 
	   Disk (KB)            :  5172        2250    308723 
	   Memory (MB)          :   209        2000      2000 
...
