000 (12188446.011.000) 03/28 21:58:21 Job submitted from host: <131.225.188.55:9618?addrs=131.225.188.55-9618&noUDP&sock=16299_5637_3>
...
001 (12188446.011.000) 03/28 21:59:41 Job executing on host: <131.225.191.174:9618?addrs=131.225.191.174-9618&noUDP&sock=1159_8e5a_3>
...
006 (12188446.011.000) 03/28 21:59:50 Image size of job updated: 20
	20  -  MemoryUsage of job (MB)
	21248  -  ResidentSetSize of job (KB)
...
006 (12188446.011.000) 03/28 22:00:51 Image size of job updated: 27
	27  -  MemoryUsage of job (MB)
	28060  -  ResidentSetSize of job (KB)
...
006 (12188446.011.000) 03/28 22:01:51 Image size of job updated: 164
	164  -  MemoryUsage of job (MB)
	168420  -  ResidentSetSize of job (KB)
...
006 (12188446.011.000) 03/28 22:02:52 Image size of job updated: 197
	197  -  MemoryUsage of job (MB)
	202564  -  ResidentSetSize of job (KB)
...
006 (12188446.011.000) 03/28 22:03:32 Image size of job updated: 209
	209  -  MemoryUsage of job (MB)
	215016  -  ResidentSetSize of job (KB)
...
005 (12188446.011.000) 03/28 22:03:34 Job terminated.
	(1) Normal termination (return value 0)
		Usr 0 00:01:54, Sys 0 00:00:11  -  Run Remote Usage
		Usr 0 00:00:00, Sys 0 00:00:00  -  Run Local Usage
		Usr 0 00:01:54, Sys 0 00:00:11  -  Total Remote Usage
		Usr 0 00:00:00, Sys 0 00:00:00  -  Total Local Usage
	148418  -  Run Bytes Sent By Job
	2247084  -  Run Bytes Received By Job
	148418  -  Total Bytes Sent By Job
	2247084  -  Total Bytes Received By Job
	Partitionable Resources :    Usage  Request Allocated 
	   Cpus                 :     0.00        1         1 
	   Disk (KB)            :  5173        2250    307510 
	   Memory (MB)          :   209        2000      2000 
...
