000 (12188446.041.000) 03/28 21:58:21 Job submitted from host: <131.225.188.55:9618?addrs=131.225.188.55-9618&noUDP&sock=16299_5637_3>
...
001 (12188446.041.000) 03/28 21:59:49 Job executing on host: <131.225.206.233:9618?addrs=131.225.206.233-9618&noUDP&sock=1159_8e5a_3>
...
006 (12188446.041.000) 03/28 22:00:57 Image size of job updated: 163
	163  -  MemoryUsage of job (MB)
	167136  -  ResidentSetSize of job (KB)
...
006 (12188446.041.000) 03/28 22:01:58 Image size of job updated: 204
	204  -  MemoryUsage of job (MB)
	209000  -  ResidentSetSize of job (KB)
...
006 (12188446.041.000) 03/28 22:02:46 Image size of job updated: 206
	206  -  MemoryUsage of job (MB)
	211760  -  ResidentSetSize of job (KB)
...
005 (12188446.041.000) 03/28 22:02:49 Job terminated.
	(1) Normal termination (return value 0)
		Usr 0 00:01:59, Sys 0 00:00:08  -  Run Remote Usage
		Usr 0 00:00:00, Sys 0 00:00:00  -  Run Local Usage
		Usr 0 00:01:59, Sys 0 00:00:08  -  Total Remote Usage
		Usr 0 00:00:00, Sys 0 00:00:00  -  Total Local Usage
	147773  -  Run Bytes Sent By Job
	2247084  -  Run Bytes Received By Job
	147773  -  Total Bytes Sent By Job
	2247084  -  Total Bytes Received By Job
	Partitionable Resources :    Usage  Request Allocated 
	   Cpus                 :        0        1         1 
	   Disk (KB)            :     5172     2250    311718 
	   Memory (MB)          :      206     2000      2000 
...
