000 (12188446.126.000) 03/28 21:58:21 Job submitted from host: <131.225.188.55:9618?addrs=131.225.188.55-9618&noUDP&sock=16299_5637_3>
...
001 (12188446.126.000) 03/28 22:00:05 Job executing on host: <131.225.204.94:9618?addrs=131.225.204.94-9618&noUDP&sock=1157_2f2a_3>
...
006 (12188446.126.000) 03/28 22:01:16 Image size of job updated: 163
	163  -  MemoryUsage of job (MB)
	167616  -  ResidentSetSize of job (KB)
...
006 (12188446.126.000) 03/28 22:02:17 Image size of job updated: 203
	203  -  MemoryUsage of job (MB)
	208276  -  ResidentSetSize of job (KB)
...
005 (12188446.126.000) 03/28 22:02:49 Job terminated.
	(1) Normal termination (return value 0)
		Usr 0 00:01:58, Sys 0 00:00:08  -  Run Remote Usage
		Usr 0 00:00:00, Sys 0 00:00:00  -  Run Local Usage
		Usr 0 00:01:58, Sys 0 00:00:08  -  Total Remote Usage
		Usr 0 00:00:00, Sys 0 00:00:00  -  Total Local Usage
	147535  -  Run Bytes Sent By Job
	2247084  -  Run Bytes Received By Job
	147535  -  Total Bytes Sent By Job
	2247084  -  Total Bytes Received By Job
	Partitionable Resources :    Usage  Request Allocated 
	   Cpus                 :        0        1         1 
	   Disk (KB)            :     5172     2250    314465 
	   Memory (MB)          :        9     2000      2000 
...
