000 (12188446.136.000) 03/28 21:58:21 Job submitted from host: <131.225.188.55:9618?addrs=131.225.188.55-9618&noUDP&sock=16299_5637_3>
...
001 (12188446.136.000) 03/28 22:00:07 Job executing on host: <131.225.188.76:9618?addrs=131.225.188.76-9618&noUDP&sock=1924_484e_3>
...
006 (12188446.136.000) 03/28 22:00:16 Image size of job updated: 14
	14  -  MemoryUsage of job (MB)
	15316  -  ResidentSetSize of job (KB)
...
006 (12188446.136.000) 03/28 22:01:22 Image size of job updated: 38
	38  -  MemoryUsage of job (MB)
	39324  -  ResidentSetSize of job (KB)
...
006 (12188446.136.000) 03/28 22:02:18 Image size of job updated: 173
	173  -  MemoryUsage of job (MB)
	177964  -  ResidentSetSize of job (KB)
...
006 (12188446.136.000) 03/28 22:03:19 Image size of job updated: 195
	195  -  MemoryUsage of job (MB)
	199928  -  ResidentSetSize of job (KB)
...
005 (12188446.136.000) 03/28 22:03:47 Job terminated.
	(1) Normal termination (return value 0)
		Usr 0 00:01:33, Sys 0 00:00:08  -  Run Remote Usage
		Usr 0 00:00:00, Sys 0 00:00:00  -  Run Local Usage
		Usr 0 00:01:33, Sys 0 00:00:08  -  Total Remote Usage
		Usr 0 00:00:00, Sys 0 00:00:00  -  Total Local Usage
	147792  -  Run Bytes Sent By Job
	2247084  -  Run Bytes Received By Job
	147792  -  Total Bytes Sent By Job
	2247084  -  Total Bytes Received By Job
	Partitionable Resources :    Usage  Request Allocated 
	   Cpus                 :        0        1         1 
	   Disk (KB)            :     5172     2250   1644794 
	   Memory (MB)          :      195     2000      2000 
...
