000 (12188446.167.000) 03/28 21:58:21 Job submitted from host: <131.225.188.55:9618?addrs=131.225.188.55-9618&noUDP&sock=16299_5637_3>
...
001 (12188446.167.000) 03/28 22:00:17 Job executing on host: <131.225.206.6:9618?addrs=131.225.206.6-9618&noUDP&sock=1156_7f92_3>
...
006 (12188446.167.000) 03/28 22:01:25 Image size of job updated: 166
	166  -  MemoryUsage of job (MB)
	170256  -  ResidentSetSize of job (KB)
...
006 (12188446.167.000) 03/28 22:01:53 Image size of job updated: 199
	199  -  MemoryUsage of job (MB)
	203920  -  ResidentSetSize of job (KB)
...
005 (12188446.167.000) 03/28 22:01:55 Job terminated.
	(1) Normal termination (return value 0)
		Usr 0 00:00:53, Sys 0 00:00:05  -  Run Remote Usage
		Usr 0 00:00:00, Sys 0 00:00:00  -  Run Local Usage
		Usr 0 00:00:53, Sys 0 00:00:05  -  Total Remote Usage
		Usr 0 00:00:00, Sys 0 00:00:00  -  Total Local Usage
	146472  -  Run Bytes Sent By Job
	2247084  -  Run Bytes Received By Job
	146472  -  Total Bytes Sent By Job
	2247084  -  Total Bytes Received By Job
	Partitionable Resources :    Usage  Request Allocated 
	   Cpus                 :     0.06        1         1 
	   Disk (KB)            :  5171        2250    309119 
	   Memory (MB)          :   199        2000      2000 
...
