000 (12188446.221.000) 03/28 21:58:21 Job submitted from host: <131.225.188.55:9618?addrs=131.225.188.55-9618&noUDP&sock=16299_5637_3>
...
001 (12188446.221.000) 03/28 22:00:25 Job executing on host: <131.225.205.211:9618?addrs=131.225.205.211-9618&noUDP&sock=1485_2a3a_3>
...
006 (12188446.221.000) 03/28 22:00:38 Image size of job updated: 17
	17  -  MemoryUsage of job (MB)
	17816  -  ResidentSetSize of job (KB)
...
006 (12188446.221.000) 03/28 22:01:38 Image size of job updated: 51
	51  -  MemoryUsage of job (MB)
	52904  -  ResidentSetSize of job (KB)
...
006 (12188446.221.000) 03/28 22:02:38 Image size of job updated: 166
	166  -  MemoryUsage of job (MB)
	170488  -  ResidentSetSize of job (KB)
...
006 (12188446.221.000) 03/28 22:03:15 Image size of job updated: 202
	202  -  MemoryUsage of job (MB)
	207492  -  ResidentSetSize of job (KB)
...
005 (12188446.221.000) 03/28 22:03:15 Job terminated.
	(1) Normal termination (return value 0)
		Usr 0 00:01:33, Sys 0 00:00:07  -  Run Remote Usage
		Usr 0 00:00:00, Sys 0 00:00:00  -  Run Local Usage
		Usr 0 00:01:33, Sys 0 00:00:07  -  Total Remote Usage
		Usr 0 00:00:00, Sys 0 00:00:00  -  Total Local Usage
	146693  -  Run Bytes Sent By Job
	2247084  -  Run Bytes Received By Job
	146693  -  Total Bytes Sent By Job
	2247084  -  Total Bytes Received By Job
	Partitionable Resources :    Usage  Request Allocated 
	   Cpus                 :     0.01        1         1 
	   Disk (KB)            :  5171        2250   1684100 
	   Memory (MB)          :   202        2000      2000 
...
