000 (12188446.101.000) 03/28 21:58:21 Job submitted from host: <131.225.188.55:9618?addrs=131.225.188.55-9618&noUDP&sock=16299_5637_3>
...
001 (12188446.101.000) 03/28 22:00:00 Job executing on host: <131.225.206.213:9618?addrs=131.225.206.213-9618&noUDP&sock=1165_abec_3>
...
006 (12188446.101.000) 03/28 22:00:12 Image size of job updated: 21
	21  -  MemoryUsage of job (MB)
	21660  -  ResidentSetSize of job (KB)
...
006 (12188446.101.000) 03/28 22:01:12 Image size of job updated: 34
	34  -  MemoryUsage of job (MB)
	35260  -  ResidentSetSize of job (KB)
...
006 (12188446.101.000) 03/28 22:02:12 Image size of job updated: 169
	169  -  MemoryUsage of job (MB)
	173508  -  ResidentSetSize of job (KB)
...
006 (12188446.101.000) 03/28 22:03:10 Image size of job updated: 205
	205  -  MemoryUsage of job (MB)
	210708  -  ResidentSetSize of job (KB)
...
005 (12188446.101.000) 03/28 22:03:10 Job terminated.
	(1) Normal termination (return value 0)
		Usr 0 00:01:54, Sys 0 00:00:08  -  Run Remote Usage
		Usr 0 00:00:00, Sys 0 00:00:00  -  Run Local Usage
		Usr 0 00:01:54, Sys 0 00:00:08  -  Total Remote Usage
		Usr 0 00:00:00, Sys 0 00:00:00  -  Total Local Usage
	148010  -  Run Bytes Sent By Job
	2247084  -  Run Bytes Received By Job
	148010  -  Total Bytes Sent By Job
	2247084  -  Total Bytes Received By Job
	Partitionable Resources :    Usage  Request Allocated 
	   Cpus                 :        0        1         1 
	   Disk (KB)            :     5172     2250    313998 
	   Memory (MB)          :      205     2000      2000 
...
