000 (12188446.224.000) 03/28 21:58:21 Job submitted from host: <131.225.188.55:9618?addrs=131.225.188.55-9618&noUDP&sock=16299_5637_3>
...
001 (12188446.224.000) 03/28 22:00:26 Job executing on host: <131.225.205.155:9618?addrs=131.225.205.155-9618&noUDP&sock=1452_879a_3>
...
006 (12188446.224.000) 03/28 22:01:36 Image size of job updated: 167
	167  -  MemoryUsage of job (MB)
	171876  -  ResidentSetSize of job (KB)
...
006 (12188446.224.000) 03/28 22:02:37 Image size of job updated: 203
	203  -  MemoryUsage of job (MB)
	208312  -  ResidentSetSize of job (KB)
...
005 (12188446.224.000) 03/28 22:02:49 Job terminated.
	(1) Normal termination (return value 0)
		Usr 0 00:01:24, Sys 0 00:00:06  -  Run Remote Usage
		Usr 0 00:00:00, Sys 0 00:00:00  -  Run Local Usage
		Usr 0 00:01:24, Sys 0 00:00:06  -  Total Remote Usage
		Usr 0 00:00:00, Sys 0 00:00:00  -  Total Local Usage
	146661  -  Run Bytes Sent By Job
	2247084  -  Run Bytes Received By Job
	146661  -  Total Bytes Sent By Job
	2247084  -  Total Bytes Received By Job
	Partitionable Resources :    Usage  Request Allocated 
	   Cpus                 :     0.01        1         1 
	   Disk (KB)            :  5171        2250   1644391 
	   Memory (MB)          :   203        2000      2000 
...
