000 (12188446.159.000) 03/28 21:58:21 Job submitted from host: <131.225.188.55:9618?addrs=131.225.188.55-9618&noUDP&sock=16299_5637_3>
...
001 (12188446.159.000) 03/28 22:00:13 Job executing on host: <131.225.206.94:9618?addrs=131.225.206.94-9618&noUDP&sock=1159_8e5a_3>
...
006 (12188446.159.000) 03/28 22:01:23 Image size of job updated: 100
	100  -  MemoryUsage of job (MB)
	102996  -  ResidentSetSize of job (KB)
...
006 (12188446.159.000) 03/28 22:02:24 Image size of job updated: 171
	171  -  MemoryUsage of job (MB)
	175580  -  ResidentSetSize of job (KB)
...
006 (12188446.159.000) 03/28 22:03:25 Image size of job updated: 203
	203  -  MemoryUsage of job (MB)
	208864  -  ResidentSetSize of job (KB)
...
006 (12188446.159.000) 03/28 22:04:05 Image size of job updated: 206
	206  -  MemoryUsage of job (MB)
	211688  -  ResidentSetSize of job (KB)
...
005 (12188446.159.000) 03/28 22:04:06 Job terminated.
	(1) Normal termination (return value 0)
		Usr 0 00:02:02, Sys 0 00:00:07  -  Run Remote Usage
		Usr 0 00:00:00, Sys 0 00:00:00  -  Run Local Usage
		Usr 0 00:02:02, Sys 0 00:00:07  -  Total Remote Usage
		Usr 0 00:00:00, Sys 0 00:00:00  -  Total Local Usage
	149043  -  Run Bytes Sent By Job
	2247084  -  Run Bytes Received By Job
	149043  -  Total Bytes Sent By Job
	2247084  -  Total Bytes Received By Job
	Partitionable Resources :    Usage  Request Allocated 
	   Cpus                 :     0.00        1         1 
	   Disk (KB)            :  5173        2250    308723 
	   Memory (MB)          :   206        2000      2000 
...
