000 (12188446.182.000) 03/28 21:58:21 Job submitted from host: <131.225.188.55:9618?addrs=131.225.188.55-9618&noUDP&sock=16299_5637_3>
...
001 (12188446.182.000) 03/28 22:00:24 Job executing on host: <131.225.190.34:9618?addrs=131.225.190.34-9618&noUDP&sock=1447_19a1_3>
...
006 (12188446.182.000) 03/28 22:01:35 Image size of job updated: 73
	73  -  MemoryUsage of job (MB)
	74784  -  ResidentSetSize of job (KB)
...
006 (12188446.182.000) 03/28 22:02:35 Image size of job updated: 191
	191  -  MemoryUsage of job (MB)
	196124  -  ResidentSetSize of job (KB)
...
005 (12188446.182.000) 03/28 22:03:30 Job terminated.
	(1) Normal termination (return value 0)
		Usr 0 00:01:04, Sys 0 00:00:06  -  Run Remote Usage
		Usr 0 00:00:00, Sys 0 00:00:00  -  Run Local Usage
		Usr 0 00:01:04, Sys 0 00:00:06  -  Total Remote Usage
		Usr 0 00:00:00, Sys 0 00:00:00  -  Total Local Usage
	147616  -  Run Bytes Sent By Job
	2247084  -  Run Bytes Received By Job
	147616  -  Total Bytes Sent By Job
	2247084  -  Total Bytes Received By Job
	Partitionable Resources :    Usage  Request Allocated 
	   Cpus                 :     0.01        1         1 
	   Disk (KB)            :  5173        2250    790037 
	   Memory (MB)          :   191        2000      2000 
...
