000 (12188446.148.000) 03/28 21:58:21 Job submitted from host: <131.225.188.55:9618?addrs=131.225.188.55-9618&noUDP&sock=16299_5637_3>
...
001 (12188446.148.000) 03/28 22:00:11 Job executing on host: <131.225.206.206:9618?addrs=131.225.206.206-9618&noUDP&sock=1162_9d23_3>
...
006 (12188446.148.000) 03/28 22:01:21 Image size of job updated: 127
	127  -  MemoryUsage of job (MB)
	130684  -  ResidentSetSize of job (KB)
...
006 (12188446.148.000) 03/28 22:02:21 Image size of job updated: 173
	173  -  MemoryUsage of job (MB)
	177824  -  ResidentSetSize of job (KB)
...
006 (12188446.148.000) 03/28 22:03:21 Image size of job updated: 207
	207  -  MemoryUsage of job (MB)
	212128  -  ResidentSetSize of job (KB)
...
005 (12188446.148.000) 03/28 22:03:30 Job terminated.
	(1) Normal termination (return value 0)
		Usr 0 00:01:56, Sys 0 00:00:09  -  Run Remote Usage
		Usr 0 00:00:00, Sys 0 00:00:00  -  Run Local Usage
		Usr 0 00:01:56, Sys 0 00:00:09  -  Total Remote Usage
		Usr 0 00:00:00, Sys 0 00:00:00  -  Total Local Usage
	147383  -  Run Bytes Sent By Job
	2247084  -  Run Bytes Received By Job
	147383  -  Total Bytes Sent By Job
	2247084  -  Total Bytes Received By Job
	Partitionable Resources :    Usage  Request Allocated 
	   Cpus                 :     0.00        1         1 
	   Disk (KB)            :  5172        2250    304743 
	   Memory (MB)          :   207        2000      2000 
...
