000 (12188446.065.000) 03/28 21:58:21 Job submitted from host: <131.225.188.55:9618?addrs=131.225.188.55-9618&noUDP&sock=16299_5637_3>
...
001 (12188446.065.000) 03/28 21:59:53 Job executing on host: <131.225.205.154:9618?addrs=131.225.205.154-9618&noUDP&sock=1455_9663_3>
...
006 (12188446.065.000) 03/28 22:00:07 Image size of job updated: 14
	14  -  MemoryUsage of job (MB)
	15256  -  ResidentSetSize of job (KB)
...
006 (12188446.065.000) 03/28 22:01:07 Image size of job updated: 164
	164  -  MemoryUsage of job (MB)
	168748  -  ResidentSetSize of job (KB)
...
006 (12188446.065.000) 03/28 22:02:04 Image size of job updated: 182
	182  -  MemoryUsage of job (MB)
	186824  -  ResidentSetSize of job (KB)
...
006 (12188446.065.000) 03/28 22:03:04 Image size of job updated: 204
	204  -  MemoryUsage of job (MB)
	209456  -  ResidentSetSize of job (KB)
...
006 (12188446.065.000) 03/28 22:03:26 Image size of job updated: 204
	204  -  MemoryUsage of job (MB)
	209616  -  ResidentSetSize of job (KB)
...
005 (12188446.065.000) 03/28 22:03:27 Job terminated.
	(1) Normal termination (return value 0)
		Usr 0 00:02:32, Sys 0 00:00:09  -  Run Remote Usage
		Usr 0 00:00:00, Sys 0 00:00:00  -  Run Local Usage
		Usr 0 00:02:32, Sys 0 00:00:09  -  Total Remote Usage
		Usr 0 00:00:00, Sys 0 00:00:00  -  Total Local Usage
	147793  -  Run Bytes Sent By Job
	2247084  -  Run Bytes Received By Job
	147793  -  Total Bytes Sent By Job
	2247084  -  Total Bytes Received By Job
	Partitionable Resources :    Usage  Request Allocated 
	   Cpus                 :     0.00        1         1 
	   Disk (KB)            :  5173        2250   1630026 
	   Memory (MB)          :   204        2000      2000 
...
