000 (12188446.213.000) 03/28 21:58:21 Job submitted from host: <131.225.188.55:9618?addrs=131.225.188.55-9618&noUDP&sock=16299_5637_3>
...
001 (12188446.213.000) 03/28 22:00:24 Job executing on host: <131.225.205.152:9618?addrs=131.225.205.152-9618&noUDP&sock=1458_a52c_3>
...
006 (12188446.213.000) 03/28 22:00:34 Image size of job updated: 14
	14  -  MemoryUsage of job (MB)
	15244  -  ResidentSetSize of job (KB)
...
006 (12188446.213.000) 03/28 22:01:34 Image size of job updated: 44
	44  -  MemoryUsage of job (MB)
	45720  -  ResidentSetSize of job (KB)
...
006 (12188446.213.000) 03/28 22:02:34 Image size of job updated: 176
	176  -  MemoryUsage of job (MB)
	180964  -  ResidentSetSize of job (KB)
...
005 (12188446.213.000) 03/28 22:03:06 Job terminated.
	(1) Normal termination (return value 0)
		Usr 0 00:01:35, Sys 0 00:00:07  -  Run Remote Usage
		Usr 0 00:00:00, Sys 0 00:00:00  -  Run Local Usage
		Usr 0 00:01:35, Sys 0 00:00:07  -  Total Remote Usage
		Usr 0 00:00:00, Sys 0 00:00:00  -  Total Local Usage
	146598  -  Run Bytes Sent By Job
	2247084  -  Run Bytes Received By Job
	146598  -  Total Bytes Sent By Job
	2247084  -  Total Bytes Received By Job
	Partitionable Resources :    Usage  Request Allocated 
	   Cpus                 :     0.00        1         1 
	   Disk (KB)            :  5171        2250   1654290 
	   Memory (MB)          :     3        2000      2000 
...
