000 (12188446.111.000) 03/28 21:58:21 Job submitted from host: <131.225.188.55:9618?addrs=131.225.188.55-9618&noUDP&sock=16299_5637_3>
...
001 (12188446.111.000) 03/28 22:00:03 Job executing on host: <131.225.206.229:9618?addrs=131.225.206.229-9618&noUDP&sock=1157_2f2a_3>
...
006 (12188446.111.000) 03/28 22:00:11 Image size of job updated: 21
	21  -  MemoryUsage of job (MB)
	21860  -  ResidentSetSize of job (KB)
...
006 (12188446.111.000) 03/28 22:01:11 Image size of job updated: 68
	68  -  MemoryUsage of job (MB)
	70248  -  ResidentSetSize of job (KB)
...
006 (12188446.111.000) 03/28 22:02:11 Image size of job updated: 164
	164  -  MemoryUsage of job (MB)
	168356  -  ResidentSetSize of job (KB)
...
006 (12188446.111.000) 03/28 22:03:12 Image size of job updated: 205
	205  -  MemoryUsage of job (MB)
	210388  -  ResidentSetSize of job (KB)
...
006 (12188446.111.000) 03/28 22:03:46 Image size of job updated: 205
	205  -  MemoryUsage of job (MB)
	210832  -  ResidentSetSize of job (KB)
...
005 (12188446.111.000) 03/28 22:03:47 Job terminated.
	(1) Normal termination (return value 0)
		Usr 0 00:02:01, Sys 0 00:00:10  -  Run Remote Usage
		Usr 0 00:00:00, Sys 0 00:00:00  -  Run Local Usage
		Usr 0 00:02:01, Sys 0 00:00:10  -  Total Remote Usage
		Usr 0 00:00:00, Sys 0 00:00:00  -  Total Local Usage
	148833  -  Run Bytes Sent By Job
	2247084  -  Run Bytes Received By Job
	148833  -  Total Bytes Sent By Job
	2247084  -  Total Bytes Received By Job
	Partitionable Resources :    Usage  Request Allocated 
	   Cpus                 :        0        1         1 
	   Disk (KB)            :     5173     2250    310457 
	   Memory (MB)          :      205     2000      2000 
...
