000 (12188446.023.000) 03/28 21:58:21 Job submitted from host: <131.225.188.55:9618?addrs=131.225.188.55-9618&noUDP&sock=16299_5637_3>
...
001 (12188446.023.000) 03/28 21:59:43 Job executing on host: <131.225.191.222:9618?addrs=131.225.191.222-9618&noUDP&sock=1433_7f4e_3>
...
006 (12188446.023.000) 03/28 21:59:55 Image size of job updated: 18
	18  -  MemoryUsage of job (MB)
	19220  -  ResidentSetSize of job (KB)
...
006 (12188446.023.000) 03/28 22:01:53 Image size of job updated: 26
	26  -  MemoryUsage of job (MB)
	27276  -  ResidentSetSize of job (KB)
...
006 (12188446.023.000) 03/28 22:02:53 Image size of job updated: 27
	27  -  MemoryUsage of job (MB)
	28492  -  ResidentSetSize of job (KB)
...
006 (12188446.023.000) 03/28 22:03:53 Image size of job updated: 165
	165  -  MemoryUsage of job (MB)
	169220  -  ResidentSetSize of job (KB)
...
006 (12188446.023.000) 03/28 22:04:53 Image size of job updated: 209
	209  -  MemoryUsage of job (MB)
	214296  -  ResidentSetSize of job (KB)
...
006 (12188446.023.000) 03/28 22:05:54 Image size of job updated: 211
	211  -  MemoryUsage of job (MB)
	216528  -  ResidentSetSize of job (KB)
...
006 (12188446.023.000) 03/28 22:06:02 Image size of job updated: 211
	211  -  MemoryUsage of job (MB)
	216700  -  ResidentSetSize of job (KB)
...
005 (12188446.023.000) 03/28 22:06:03 Job terminated.
	(1) Normal termination (return value 0)
		Usr 0 00:02:36, Sys 0 00:00:14  -  Run Remote Usage
		Usr 0 00:00:00, Sys 0 00:00:00  -  Run Local Usage
		Usr 0 00:02:36, Sys 0 00:00:14  -  Total Remote Usage
		Usr 0 00:00:00, Sys 0 00:00:00  -  Total Local Usage
	148183  -  Run Bytes Sent By Job
	2247084  -  Run Bytes Received By Job
	148183  -  Total Bytes Sent By Job
	2247084  -  Total Bytes Received By Job
	Partitionable Resources :    Usage  Request Allocated 
	   Cpus                 :        0        1         1 
	   Disk (KB)            :     5173     2250    765655 
	   Memory (MB)          :      211     2000      2000 
...
