000 (12188446.232.000) 03/28 21:58:21 Job submitted from host: <131.225.188.55:9618?addrs=131.225.188.55-9618&noUDP&sock=16299_5637_3>
...
001 (12188446.232.000) 03/28 22:00:28 Job executing on host: <131.225.205.219:9618?addrs=131.225.205.219-9618&noUDP&sock=1471_8fe7_3>
...
006 (12188446.232.000) 03/28 22:01:38 Image size of job updated: 132
	132  -  MemoryUsage of job (MB)
	135456  -  ResidentSetSize of job (KB)
...
006 (12188446.232.000) 03/28 22:02:38 Image size of job updated: 195
	195  -  MemoryUsage of job (MB)
	200004  -  ResidentSetSize of job (KB)
...
006 (12188446.232.000) 03/28 22:03:02 Image size of job updated: 204
	204  -  MemoryUsage of job (MB)
	209764  -  ResidentSetSize of job (KB)
...
005 (12188446.232.000) 03/28 22:03:03 Job terminated.
	(1) Normal termination (return value 0)
		Usr 0 00:01:38, Sys 0 00:00:06  -  Run Remote Usage
		Usr 0 00:00:00, Sys 0 00:00:00  -  Run Local Usage
		Usr 0 00:01:38, Sys 0 00:00:06  -  Total Remote Usage
		Usr 0 00:00:00, Sys 0 00:00:00  -  Total Local Usage
	146996  -  Run Bytes Sent By Job
	2247084  -  Run Bytes Received By Job
	146996  -  Total Bytes Sent By Job
	2247084  -  Total Bytes Received By Job
	Partitionable Resources :    Usage  Request Allocated 
	   Cpus                 :     0.00        1         1 
	   Disk (KB)            :  5171        2250   1689169 
	   Memory (MB)          :   204        2000      2000 
...
