000 (12188446.073.000) 03/28 21:58:21 Job submitted from host: <131.225.188.55:9618?addrs=131.225.188.55-9618&noUDP&sock=16299_5637_3>
...
001 (12188446.073.000) 03/28 21:59:54 Job executing on host: <131.225.205.161:9618?addrs=131.225.205.161-9618&noUDP&sock=1457_f593_3>
...
006 (12188446.073.000) 03/28 22:00:03 Image size of job updated: 17
	17  -  MemoryUsage of job (MB)
	17808  -  ResidentSetSize of job (KB)
...
006 (12188446.073.000) 03/28 22:01:04 Image size of job updated: 73
	73  -  MemoryUsage of job (MB)
	74776  -  ResidentSetSize of job (KB)
...
006 (12188446.073.000) 03/28 22:02:05 Image size of job updated: 176
	176  -  MemoryUsage of job (MB)
	180832  -  ResidentSetSize of job (KB)
...
006 (12188446.073.000) 03/28 22:03:05 Image size of job updated: 202
	202  -  MemoryUsage of job (MB)
	207716  -  ResidentSetSize of job (KB)
...
006 (12188446.073.000) 03/28 22:03:45 Image size of job updated: 203
	203  -  MemoryUsage of job (MB)
	208120  -  ResidentSetSize of job (KB)
...
005 (12188446.073.000) 03/28 22:03:46 Job terminated.
	(1) Normal termination (return value 0)
		Usr 0 00:02:32, Sys 0 00:00:08  -  Run Remote Usage
		Usr 0 00:00:00, Sys 0 00:00:00  -  Run Local Usage
		Usr 0 00:02:32, Sys 0 00:00:08  -  Total Remote Usage
		Usr 0 00:00:00, Sys 0 00:00:00  -  Total Local Usage
	147067  -  Run Bytes Sent By Job
	2247084  -  Run Bytes Received By Job
	147067  -  Total Bytes Sent By Job
	2247084  -  Total Bytes Received By Job
	Partitionable Resources :    Usage  Request Allocated 
	   Cpus                 :     0.00        1         1 
	   Disk (KB)            :  5172        2250   1626747 
	   Memory (MB)          :   203        2000      2000 
...
