000 (12188446.009.000) 03/28 21:58:21 Job submitted from host: <131.225.188.55:9618?addrs=131.225.188.55-9618&noUDP&sock=16299_5637_3>
...
001 (12188446.009.000) 03/28 21:59:41 Job executing on host: <131.225.206.6:9618?addrs=131.225.206.6-9618&noUDP&sock=1156_7f92_3>
...
006 (12188446.009.000) 03/28 21:59:50 Image size of job updated: 33
	33  -  MemoryUsage of job (MB)
	34152  -  ResidentSetSize of job (KB)
...
006 (12188446.009.000) 03/28 22:00:51 Image size of job updated: 34
	34  -  MemoryUsage of job (MB)
	35020  -  ResidentSetSize of job (KB)
...
006 (12188446.009.000) 03/28 22:01:51 Image size of job updated: 169
	169  -  MemoryUsage of job (MB)
	173568  -  ResidentSetSize of job (KB)
...
006 (12188446.009.000) 03/28 22:02:51 Image size of job updated: 203
	203  -  MemoryUsage of job (MB)
	208516  -  ResidentSetSize of job (KB)
...
005 (12188446.009.000) 03/28 22:03:01 Job terminated.
	(1) Normal termination (return value 0)
		Usr 0 00:01:52, Sys 0 00:00:08  -  Run Remote Usage
		Usr 0 00:00:00, Sys 0 00:00:00  -  Run Local Usage
		Usr 0 00:01:52, Sys 0 00:00:08  -  Total Remote Usage
		Usr 0 00:00:00, Sys 0 00:00:00  -  Total Local Usage
	149263  -  Run Bytes Sent By Job
	2247084  -  Run Bytes Received By Job
	149263  -  Total Bytes Sent By Job
	2247084  -  Total Bytes Received By Job
	Partitionable Resources :    Usage  Request Allocated 
	   Cpus                 :        0        1         1 
	   Disk (KB)            :     5173     2250    309119 
	   Memory (MB)          :      203     2000      2000 
...
