000 (12188446.049.000) 03/28 21:58:21 Job submitted from host: <131.225.188.55:9618?addrs=131.225.188.55-9618&noUDP&sock=16299_5637_3>
...
001 (12188446.049.000) 03/28 21:59:49 Job executing on host: <131.225.191.69:9618?addrs=131.225.191.69-9618&noUDP&sock=1448_c939_3>
...
006 (12188446.049.000) 03/28 21:59:58 Image size of job updated: 14
	14  -  MemoryUsage of job (MB)
	15240  -  ResidentSetSize of job (KB)
...
006 (12188446.049.000) 03/28 22:00:58 Image size of job updated: 28
	28  -  MemoryUsage of job (MB)
	28720  -  ResidentSetSize of job (KB)
...
006 (12188446.049.000) 03/28 22:01:58 Image size of job updated: 47
	47  -  MemoryUsage of job (MB)
	49128  -  ResidentSetSize of job (KB)
...
006 (12188446.049.000) 03/28 22:02:58 Image size of job updated: 173
	173  -  MemoryUsage of job (MB)
	177900  -  ResidentSetSize of job (KB)
...
006 (12188446.049.000) 03/28 22:03:59 Image size of job updated: 198
	198  -  MemoryUsage of job (MB)
	203056  -  ResidentSetSize of job (KB)
...
006 (12188446.049.000) 03/28 22:04:43 Image size of job updated: 198
	198  -  MemoryUsage of job (MB)
	203580  -  ResidentSetSize of job (KB)
...
005 (12188446.049.000) 03/28 22:04:44 Job terminated.
	(1) Normal termination (return value 0)
		Usr 0 00:02:20, Sys 0 00:00:11  -  Run Remote Usage
		Usr 0 00:00:00, Sys 0 00:00:00  -  Run Local Usage
		Usr 0 00:02:20, Sys 0 00:00:11  -  Total Remote Usage
		Usr 0 00:00:00, Sys 0 00:00:00  -  Total Local Usage
	147781  -  Run Bytes Sent By Job
	2247084  -  Run Bytes Received By Job
	147781  -  Total Bytes Sent By Job
	2247084  -  Total Bytes Received By Job
	Partitionable Resources :    Usage  Request Allocated 
	   Cpus                 :     0.01        1         1 
	   Disk (KB)            :  5173        2250    774178 
	   Memory (MB)          :   198        2000      2000 
...
