000 (12188446.203.000) 03/28 21:58:21 Job submitted from host: <131.225.188.55:9618?addrs=131.225.188.55-9618&noUDP&sock=16299_5637_3>
...
001 (12188446.203.000) 03/28 22:00:22 Job executing on host: <131.225.205.194:9618?addrs=131.225.205.194-9618&noUDP&sock=1467_d186_3>
...
006 (12188446.203.000) 03/28 22:00:31 Image size of job updated: 18
	18  -  MemoryUsage of job (MB)
	19216  -  ResidentSetSize of job (KB)
...
006 (12188446.203.000) 03/28 22:01:35 Image size of job updated: 61
	61  -  MemoryUsage of job (MB)
	62764  -  ResidentSetSize of job (KB)
...
006 (12188446.203.000) 03/28 22:02:32 Image size of job updated: 189
	189  -  MemoryUsage of job (MB)
	193680  -  ResidentSetSize of job (KB)
...
005 (12188446.203.000) 03/28 22:03:19 Job terminated.
	(1) Normal termination (return value 0)
		Usr 0 00:01:01, Sys 0 00:00:05  -  Run Remote Usage
		Usr 0 00:00:00, Sys 0 00:00:00  -  Run Local Usage
		Usr 0 00:01:01, Sys 0 00:00:05  -  Total Remote Usage
		Usr 0 00:00:00, Sys 0 00:00:00  -  Total Local Usage
	147155  -  Run Bytes Sent By Job
	2247084  -  Run Bytes Received By Job
	147155  -  Total Bytes Sent By Job
	2247084  -  Total Bytes Received By Job
	Partitionable Resources :    Usage  Request Allocated 
	   Cpus                 :        0        1         1 
	   Disk (KB)            :     5172     2250   1675495 
	   Memory (MB)          :      189     2000      2000 
...
