000 (12188446.063.000) 03/28 21:58:21 Job submitted from host: <131.225.188.55:9618?addrs=131.225.188.55-9618&noUDP&sock=16299_5637_3>
...
001 (12188446.063.000) 03/28 21:59:52 Job executing on host: <131.225.205.201:9618?addrs=131.225.205.201-9618&noUDP&sock=1478_5d11_3>
...
006 (12188446.063.000) 03/28 22:00:01 Image size of job updated: 14
	14  -  MemoryUsage of job (MB)
	15252  -  ResidentSetSize of job (KB)
...
006 (12188446.063.000) 03/28 22:01:01 Image size of job updated: 34
	34  -  MemoryUsage of job (MB)
	35272  -  ResidentSetSize of job (KB)
...
006 (12188446.063.000) 03/28 22:02:01 Image size of job updated: 154
	154  -  MemoryUsage of job (MB)
	157736  -  ResidentSetSize of job (KB)
...
006 (12188446.063.000) 03/28 22:03:01 Image size of job updated: 182
	182  -  MemoryUsage of job (MB)
	186620  -  ResidentSetSize of job (KB)
...
006 (12188446.063.000) 03/28 22:04:02 Image size of job updated: 205
	205  -  MemoryUsage of job (MB)
	210012  -  ResidentSetSize of job (KB)
...
006 (12188446.063.000) 03/28 22:04:18 Image size of job updated: 205
	205  -  MemoryUsage of job (MB)
	210180  -  ResidentSetSize of job (KB)
...
005 (12188446.063.000) 03/28 22:04:19 Job terminated.
	(1) Normal termination (return value 0)
		Usr 0 00:02:41, Sys 0 00:00:09  -  Run Remote Usage
		Usr 0 00:00:00, Sys 0 00:00:00  -  Run Local Usage
		Usr 0 00:02:41, Sys 0 00:00:09  -  Total Remote Usage
		Usr 0 00:00:00, Sys 0 00:00:00  -  Total Local Usage
	147598  -  Run Bytes Sent By Job
	2247084  -  Run Bytes Received By Job
	147598  -  Total Bytes Sent By Job
	2247084  -  Total Bytes Received By Job
	Partitionable Resources :    Usage  Request Allocated 
	   Cpus                 :        0        1         1 
	   Disk (KB)            :     5172     2250   1638031 
	   Memory (MB)          :      205     2000      2000 
...
