000 (12188446.080.000) 03/28 21:58:21 Job submitted from host: <131.225.188.55:9618?addrs=131.225.188.55-9618&noUDP&sock=16299_5637_3>
...
001 (12188446.080.000) 03/28 21:59:56 Job executing on host: <131.225.205.190:9618?addrs=131.225.205.190-9618&noUDP&sock=1457_f593_3>
...
006 (12188446.080.000) 03/28 22:00:05 Image size of job updated: 18
	18  -  MemoryUsage of job (MB)
	19208  -  ResidentSetSize of job (KB)
...
006 (12188446.080.000) 03/28 22:01:06 Image size of job updated: 46
	46  -  MemoryUsage of job (MB)
	47272  -  ResidentSetSize of job (KB)
...
006 (12188446.080.000) 03/28 22:02:07 Image size of job updated: 164
	164  -  MemoryUsage of job (MB)
	168532  -  ResidentSetSize of job (KB)
...
006 (12188446.080.000) 03/28 22:03:08 Image size of job updated: 176
	176  -  MemoryUsage of job (MB)
	180732  -  ResidentSetSize of job (KB)
...
006 (12188446.080.000) 03/28 22:04:08 Image size of job updated: 198
	198  -  MemoryUsage of job (MB)
	202884  -  ResidentSetSize of job (KB)
...
006 (12188446.080.000) 03/28 22:04:28 Image size of job updated: 205
	205  -  MemoryUsage of job (MB)
	210676  -  ResidentSetSize of job (KB)
...
005 (12188446.080.000) 03/28 22:04:29 Job terminated.
	(1) Normal termination (return value 0)
		Usr 0 00:02:36, Sys 0 00:00:08  -  Run Remote Usage
		Usr 0 00:00:00, Sys 0 00:00:00  -  Run Local Usage
		Usr 0 00:02:36, Sys 0 00:00:08  -  Total Remote Usage
		Usr 0 00:00:00, Sys 0 00:00:00  -  Total Local Usage
	147153  -  Run Bytes Sent By Job
	2247084  -  Run Bytes Received By Job
	147153  -  Total Bytes Sent By Job
	2247084  -  Total Bytes Received By Job
	Partitionable Resources :    Usage  Request Allocated 
	   Cpus                 :        0        1         1 
	   Disk (KB)            :     5172     2250   1626406 
	   Memory (MB)          :      205     2000      2000 
...
