000 (12188446.092.000) 03/28 21:58:21 Job submitted from host: <131.225.188.55:9618?addrs=131.225.188.55-9618&noUDP&sock=16299_5637_3>
...
001 (12188446.092.000) 03/28 21:59:58 Job executing on host: <131.225.188.42:9618?addrs=131.225.188.42-9618&noUDP&sock=1940_41d2_3>
...
006 (12188446.092.000) 03/28 22:00:08 Image size of job updated: 21
	21  -  MemoryUsage of job (MB)
	21640  -  ResidentSetSize of job (KB)
...
006 (12188446.092.000) 03/28 22:01:07 Image size of job updated: 127
	127  -  MemoryUsage of job (MB)
	130300  -  ResidentSetSize of job (KB)
...
006 (12188446.092.000) 03/28 22:02:07 Image size of job updated: 168
	168  -  MemoryUsage of job (MB)
	172932  -  ResidentSetSize of job (KB)
...
006 (12188446.092.000) 03/28 22:03:08 Image size of job updated: 207
	207  -  MemoryUsage of job (MB)
	212004  -  ResidentSetSize of job (KB)
...
006 (12188446.092.000) 03/28 22:03:16 Image size of job updated: 207
	207  -  MemoryUsage of job (MB)
	212216  -  ResidentSetSize of job (KB)
...
005 (12188446.092.000) 03/28 22:03:17 Job terminated.
	(1) Normal termination (return value 0)
		Usr 0 00:02:15, Sys 0 00:00:07  -  Run Remote Usage
		Usr 0 00:00:00, Sys 0 00:00:00  -  Run Local Usage
		Usr 0 00:02:15, Sys 0 00:00:07  -  Total Remote Usage
		Usr 0 00:00:00, Sys 0 00:00:00  -  Total Local Usage
	147209  -  Run Bytes Sent By Job
	2247084  -  Run Bytes Received By Job
	147209  -  Total Bytes Sent By Job
	2247084  -  Total Bytes Received By Job
	Partitionable Resources :    Usage  Request Allocated 
	   Cpus                 :        0        1         1 
	   Disk (KB)            :     5172     2250   1658851 
	   Memory (MB)          :      207     2000      2000 
...
