000 (12188446.121.000) 03/28 21:58:21 Job submitted from host: <131.225.188.55:9618?addrs=131.225.188.55-9618&noUDP&sock=16299_5637_3>
...
001 (12188446.121.000) 03/28 22:00:05 Job executing on host: <131.225.204.99:9618?addrs=131.225.204.99-9618&noUDP&sock=1164_fc54_3>
...
006 (12188446.121.000) 03/28 22:01:15 Image size of job updated: 28
	28  -  MemoryUsage of job (MB)
	29116  -  ResidentSetSize of job (KB)
...
006 (12188446.121.000) 03/28 22:02:16 Image size of job updated: 167
	167  -  MemoryUsage of job (MB)
	171160  -  ResidentSetSize of job (KB)
...
006 (12188446.121.000) 03/28 22:03:16 Image size of job updated: 185
	185  -  MemoryUsage of job (MB)
	190236  -  ResidentSetSize of job (KB)
...
006 (12188446.121.000) 03/28 22:03:53 Image size of job updated: 200
	200  -  MemoryUsage of job (MB)
	205400  -  ResidentSetSize of job (KB)
...
005 (12188446.121.000) 03/28 22:03:55 Job terminated.
	(1) Normal termination (return value 0)
		Usr 0 00:01:51, Sys 0 00:00:08  -  Run Remote Usage
		Usr 0 00:00:00, Sys 0 00:00:00  -  Run Local Usage
		Usr 0 00:01:51, Sys 0 00:00:08  -  Total Remote Usage
		Usr 0 00:00:00, Sys 0 00:00:00  -  Total Local Usage
	148136  -  Run Bytes Sent By Job
	2247084  -  Run Bytes Received By Job
	148136  -  Total Bytes Sent By Job
	2247084  -  Total Bytes Received By Job
	Partitionable Resources :    Usage  Request Allocated 
	   Cpus                 :     0.00        1         1 
	   Disk (KB)            :  5172        2250    331163 
	   Memory (MB)          :   200        2000      2000 
...
