000 (12188446.147.000) 03/28 21:58:21 Job submitted from host: <131.225.188.55:9618?addrs=131.225.188.55-9618&noUDP&sock=16299_5637_3>
...
001 (12188446.147.000) 03/28 22:00:10 Job executing on host: <131.225.188.73:9618?addrs=131.225.188.73-9618&noUDP&sock=1924_484e_3>
...
006 (12188446.147.000) 03/28 22:00:19 Image size of job updated: 14
	14  -  MemoryUsage of job (MB)
	15320  -  ResidentSetSize of job (KB)
...
006 (12188446.147.000) 03/28 22:02:22 Image size of job updated: 26
	26  -  MemoryUsage of job (MB)
	27524  -  ResidentSetSize of job (KB)
...
006 (12188446.147.000) 03/28 22:03:21 Image size of job updated: 27
	27  -  MemoryUsage of job (MB)
	28592  -  ResidentSetSize of job (KB)
...
006 (12188446.147.000) 03/28 22:04:21 Image size of job updated: 35
	35  -  MemoryUsage of job (MB)
	36612  -  ResidentSetSize of job (KB)
...
006 (12188446.147.000) 03/28 22:05:21 Image size of job updated: 172
	172  -  MemoryUsage of job (MB)
	176532  -  ResidentSetSize of job (KB)
...
006 (12188446.147.000) 03/28 22:06:22 Image size of job updated: 204
	204  -  MemoryUsage of job (MB)
	209268  -  ResidentSetSize of job (KB)
...
005 (12188446.147.000) 03/28 22:06:36 Job terminated.
	(1) Normal termination (return value 0)
		Usr 0 00:01:55, Sys 0 00:00:08  -  Run Remote Usage
		Usr 0 00:00:00, Sys 0 00:00:00  -  Run Local Usage
		Usr 0 00:01:55, Sys 0 00:00:08  -  Total Remote Usage
		Usr 0 00:00:00, Sys 0 00:00:00  -  Total Local Usage
	148367  -  Run Bytes Sent By Job
	2247084  -  Run Bytes Received By Job
	148367  -  Total Bytes Sent By Job
	2247084  -  Total Bytes Received By Job
	Partitionable Resources :    Usage  Request Allocated 
	   Cpus                 :     0.00        1         1 
	   Disk (KB)            :  5173        2250   1634280 
	   Memory (MB)          :   204        2000      2000 
...
