000 (12188446.175.000) 03/28 21:58:21 Job submitted from host: <131.225.188.55:9618?addrs=131.225.188.55-9618&noUDP&sock=16299_5637_3>
...
001 (12188446.175.000) 03/28 22:00:16 Job executing on host: <131.225.205.159:9618?addrs=131.225.205.159-9618&noUDP&sock=1454_e6cb_3>
...
006 (12188446.175.000) 03/28 22:01:26 Image size of job updated: 46
	46  -  MemoryUsage of job (MB)
	47904  -  ResidentSetSize of job (KB)
...
006 (12188446.175.000) 03/28 22:02:27 Image size of job updated: 165
	165  -  MemoryUsage of job (MB)
	169592  -  ResidentSetSize of job (KB)
...
005 (12188446.175.000) 03/28 22:03:28 Job terminated.
	(1) Normal termination (return value 0)
		Usr 0 00:00:40, Sys 0 00:00:07  -  Run Remote Usage
		Usr 0 00:00:00, Sys 0 00:00:00  -  Run Local Usage
		Usr 0 00:00:40, Sys 0 00:00:07  -  Total Remote Usage
		Usr 0 00:00:00, Sys 0 00:00:00  -  Total Local Usage
	146582  -  Run Bytes Sent By Job
	2247084  -  Run Bytes Received By Job
	146582  -  Total Bytes Sent By Job
	2247084  -  Total Bytes Received By Job
	Partitionable Resources :    Usage  Request Allocated 
	   Cpus                 :     0.00        1         1 
	   Disk (KB)            :  5172        2250   1641506 
	   Memory (MB)          :   165        2000      2000 
...
