000 (12188446.171.000) 03/28 21:58:21 Job submitted from host: <131.225.188.55:9618?addrs=131.225.188.55-9618&noUDP&sock=16299_5637_3>
...
001 (12188446.171.000) 03/28 22:00:17 Job executing on host: <131.225.191.253:9618?addrs=131.225.191.253-9618&noUDP&sock=1438_ed47_3>
...
006 (12188446.171.000) 03/28 22:00:27 Image size of job updated: 14
	14  -  MemoryUsage of job (MB)
	15080  -  ResidentSetSize of job (KB)
...
006 (12188446.171.000) 03/28 22:01:27 Image size of job updated: 27
	27  -  MemoryUsage of job (MB)
	27660  -  ResidentSetSize of job (KB)
...
006 (12188446.171.000) 03/28 22:02:27 Image size of job updated: 28
	28  -  MemoryUsage of job (MB)
	29068  -  ResidentSetSize of job (KB)
...
006 (12188446.171.000) 03/28 22:03:27 Image size of job updated: 43
	43  -  MemoryUsage of job (MB)
	44928  -  ResidentSetSize of job (KB)
...
006 (12188446.171.000) 03/28 22:04:28 Image size of job updated: 164
	164  -  MemoryUsage of job (MB)
	168584  -  ResidentSetSize of job (KB)
...
005 (12188446.171.000) 03/28 22:05:31 Job terminated.
	(1) Normal termination (return value 0)
		Usr 0 00:00:29, Sys 0 00:00:06  -  Run Remote Usage
		Usr 0 00:00:00, Sys 0 00:00:00  -  Run Local Usage
		Usr 0 00:00:29, Sys 0 00:00:06  -  Total Remote Usage
		Usr 0 00:00:00, Sys 0 00:00:00  -  Total Local Usage
	147288  -  Run Bytes Sent By Job
	2247084  -  Run Bytes Received By Job
	147288  -  Total Bytes Sent By Job
	2247084  -  Total Bytes Received By Job
	Partitionable Resources :    Usage  Request Allocated 
	   Cpus                 :     0.00        1         1 
	   Disk (KB)            :  5173        2250    764005 
	   Memory (MB)          :   164        2000      2000 
...
