000 (12188446.004.000) 03/28 21:58:21 Job submitted from host: <131.225.188.55:9618?addrs=131.225.188.55-9618&noUDP&sock=16299_5637_3>
...
001 (12188446.004.000) 03/28 21:59:40 Job executing on host: <131.225.206.165:9618?addrs=131.225.206.165-9618&noUDP&sock=1154_2061_3>
...
006 (12188446.004.000) 03/28 22:00:49 Image size of job updated: 86
	86  -  MemoryUsage of job (MB)
	88344  -  ResidentSetSize of job (KB)
...
006 (12188446.004.000) 03/28 22:01:49 Image size of job updated: 162
	162  -  MemoryUsage of job (MB)
	166852  -  ResidentSetSize of job (KB)
...
006 (12188446.004.000) 03/28 22:02:50 Image size of job updated: 175
	175  -  MemoryUsage of job (MB)
	179944  -  ResidentSetSize of job (KB)
...
006 (12188446.004.000) 03/28 22:03:50 Image size of job updated: 205
	205  -  MemoryUsage of job (MB)
	210532  -  ResidentSetSize of job (KB)
...
006 (12188446.004.000) 03/28 22:03:59 Image size of job updated: 205
	205  -  MemoryUsage of job (MB)
	210760  -  ResidentSetSize of job (KB)
...
005 (12188446.004.000) 03/28 22:04:00 Job terminated.
	(1) Normal termination (return value 0)
		Usr 0 00:02:04, Sys 0 00:00:09  -  Run Remote Usage
		Usr 0 00:00:00, Sys 0 00:00:00  -  Run Local Usage
		Usr 0 00:02:04, Sys 0 00:00:09  -  Total Remote Usage
		Usr 0 00:00:00, Sys 0 00:00:00  -  Total Local Usage
	148906  -  Run Bytes Sent By Job
	2247084  -  Run Bytes Received By Job
	148906  -  Total Bytes Sent By Job
	2247084  -  Total Bytes Received By Job
	Partitionable Resources :    Usage  Request Allocated 
	   Cpus                 :     0.01        1         1 
	   Disk (KB)            :  5173        2250    316636 
	   Memory (MB)          :   205        2000      2000 
...
