000 (12188446.026.000) 03/28 21:58:21 Job submitted from host: <131.225.188.55:9618?addrs=131.225.188.55-9618&noUDP&sock=16299_5637_3>
...
001 (12188446.026.000) 03/28 21:59:44 Job executing on host: <131.225.190.36:9618?addrs=131.225.190.36-9618&noUDP&sock=1438_ed47_3>
...
006 (12188446.026.000) 03/28 21:59:53 Image size of job updated: 5
	3  -  MemoryUsage of job (MB)
	3524  -  ResidentSetSize of job (KB)
...
006 (12188446.026.000) 03/28 22:00:53 Image size of job updated: 9
	9  -  MemoryUsage of job (MB)
	9828  -  ResidentSetSize of job (KB)
...
006 (12188446.026.000) 03/28 22:01:53 Image size of job updated: 33
	33  -  MemoryUsage of job (MB)
	34640  -  ResidentSetSize of job (KB)
...
006 (12188446.026.000) 03/28 22:02:53 Image size of job updated: 164
	164  -  MemoryUsage of job (MB)
	168360  -  ResidentSetSize of job (KB)
...
006 (12188446.026.000) 03/28 22:03:54 Image size of job updated: 202
	202  -  MemoryUsage of job (MB)
	207632  -  ResidentSetSize of job (KB)
...
006 (12188446.026.000) 03/28 22:04:54 Image size of job updated: 205
	205  -  MemoryUsage of job (MB)
	210892  -  ResidentSetSize of job (KB)
...
005 (12188446.026.000) 03/28 22:04:54 Job terminated.
	(1) Normal termination (return value 0)
		Usr 0 00:02:27, Sys 0 00:00:11  -  Run Remote Usage
		Usr 0 00:00:00, Sys 0 00:00:00  -  Run Local Usage
		Usr 0 00:02:27, Sys 0 00:00:11  -  Total Remote Usage
		Usr 0 00:00:00, Sys 0 00:00:00  -  Total Local Usage
	147559  -  Run Bytes Sent By Job
	2247084  -  Run Bytes Received By Job
	147559  -  Total Bytes Sent By Job
	2247084  -  Total Bytes Received By Job
	Partitionable Resources :    Usage  Request Allocated 
	   Cpus                 :     0.00        1         1 
	   Disk (KB)            :  5173        2250    786192 
	   Memory (MB)          :   205        2000      2000 
...
