000 (12188446.156.000) 03/28 21:58:21 Job submitted from host: <131.225.188.55:9618?addrs=131.225.188.55-9618&noUDP&sock=16299_5637_3>
...
001 (12188446.156.000) 03/28 22:00:14 Job executing on host: <131.225.206.189:9618?addrs=131.225.206.189-9618&noUDP&sock=1148_02d0_3>
...
006 (12188446.156.000) 03/28 22:00:23 Image size of job updated: 21
	21  -  MemoryUsage of job (MB)
	22012  -  ResidentSetSize of job (KB)
...
006 (12188446.156.000) 03/28 22:01:24 Image size of job updated: 163
	163  -  MemoryUsage of job (MB)
	167824  -  ResidentSetSize of job (KB)
...
006 (12188446.156.000) 03/28 22:02:25 Image size of job updated: 174
	174  -  MemoryUsage of job (MB)
	178328  -  ResidentSetSize of job (KB)
...
006 (12188446.156.000) 03/28 22:03:26 Image size of job updated: 205
	205  -  MemoryUsage of job (MB)
	210736  -  ResidentSetSize of job (KB)
...
006 (12188446.156.000) 03/28 22:03:40 Image size of job updated: 206
	206  -  MemoryUsage of job (MB)
	210948  -  ResidentSetSize of job (KB)
...
005 (12188446.156.000) 03/28 22:03:43 Job terminated.
	(1) Normal termination (return value 0)
		Usr 0 00:01:57, Sys 0 00:00:09  -  Run Remote Usage
		Usr 0 00:00:00, Sys 0 00:00:00  -  Run Local Usage
		Usr 0 00:01:57, Sys 0 00:00:09  -  Total Remote Usage
		Usr 0 00:00:00, Sys 0 00:00:00  -  Total Local Usage
	147648  -  Run Bytes Sent By Job
	2247084  -  Run Bytes Received By Job
	147648  -  Total Bytes Sent By Job
	2247084  -  Total Bytes Received By Job
	Partitionable Resources :    Usage  Request Allocated 
	   Cpus                 :        0        1         1 
	   Disk (KB)            :     5172     2250    320622 
	   Memory (MB)          :      206     2000      2000 
...
