000 (12188446.064.000) 03/28 21:58:21 Job submitted from host: <131.225.188.55:9618?addrs=131.225.188.55-9618&noUDP&sock=16299_5637_3>
...
001 (12188446.064.000) 03/28 21:59:53 Job executing on host: <131.225.205.180:9618?addrs=131.225.205.180-9618&noUDP&sock=1456_45fb_3>
...
006 (12188446.064.000) 03/28 22:00:02 Image size of job updated: 14
	14  -  MemoryUsage of job (MB)
	15232  -  ResidentSetSize of job (KB)
...
006 (12188446.064.000) 03/28 22:01:04 Image size of job updated: 38
	38  -  MemoryUsage of job (MB)
	39648  -  ResidentSetSize of job (KB)
...
006 (12188446.064.000) 03/28 22:02:04 Image size of job updated: 163
	163  -  MemoryUsage of job (MB)
	167304  -  ResidentSetSize of job (KB)
...
006 (12188446.064.000) 03/28 22:03:04 Image size of job updated: 168
	168  -  MemoryUsage of job (MB)
	172676  -  ResidentSetSize of job (KB)
...
006 (12188446.064.000) 03/28 22:04:05 Image size of job updated: 202
	202  -  MemoryUsage of job (MB)
	206960  -  ResidentSetSize of job (KB)
...
006 (12188446.064.000) 03/28 22:04:24 Image size of job updated: 202
	202  -  MemoryUsage of job (MB)
	207124  -  ResidentSetSize of job (KB)
...
005 (12188446.064.000) 03/28 22:04:25 Job terminated.
	(1) Normal termination (return value 0)
		Usr 0 00:02:23, Sys 0 00:00:09  -  Run Remote Usage
		Usr 0 00:00:00, Sys 0 00:00:00  -  Run Local Usage
		Usr 0 00:02:23, Sys 0 00:00:09  -  Total Remote Usage
		Usr 0 00:00:00, Sys 0 00:00:00  -  Total Local Usage
	147841  -  Run Bytes Sent By Job
	2247084  -  Run Bytes Received By Job
	147841  -  Total Bytes Sent By Job
	2247084  -  Total Bytes Received By Job
	Partitionable Resources :    Usage  Request Allocated 
	   Cpus                 :     0.00        1         1 
	   Disk (KB)            :  5173        2250   1639744 
	   Memory (MB)          :   202        2000      2000 
...
