000 (12188446.115.000) 03/28 21:58:21 Job submitted from host: <131.225.188.55:9618?addrs=131.225.188.55-9618&noUDP&sock=16299_5637_3>
...
001 (12188446.115.000) 03/28 22:00:03 Job executing on host: <131.225.204.123:9618?addrs=131.225.204.123-9618&noUDP&sock=1162_9d23_3>
...
006 (12188446.115.000) 03/28 22:01:14 Image size of job updated: 164
	164  -  MemoryUsage of job (MB)
	168020  -  ResidentSetSize of job (KB)
...
006 (12188446.115.000) 03/28 22:02:14 Image size of job updated: 175
	175  -  MemoryUsage of job (MB)
	179728  -  ResidentSetSize of job (KB)
...
006 (12188446.115.000) 03/28 22:03:14 Image size of job updated: 205
	205  -  MemoryUsage of job (MB)
	210456  -  ResidentSetSize of job (KB)
...
005 (12188446.115.000) 03/28 22:03:21 Job terminated.
	(1) Normal termination (return value 0)
		Usr 0 00:01:47, Sys 0 00:00:08  -  Run Remote Usage
		Usr 0 00:00:00, Sys 0 00:00:00  -  Run Local Usage
		Usr 0 00:01:47, Sys 0 00:00:08  -  Total Remote Usage
		Usr 0 00:00:00, Sys 0 00:00:00  -  Total Local Usage
	147643  -  Run Bytes Sent By Job
	2247084  -  Run Bytes Received By Job
	147643  -  Total Bytes Sent By Job
	2247084  -  Total Bytes Received By Job
	Partitionable Resources :    Usage  Request Allocated 
	   Cpus                 :        0        1         1 
	   Disk (KB)            :     5172     2250    325401 
	   Memory (MB)          :      205     2000      2000 
...
