000 (12188446.062.000) 03/28 21:58:21 Job submitted from host: <131.225.188.55:9618?addrs=131.225.188.55-9618&noUDP&sock=16299_5637_3>
...
001 (12188446.062.000) 03/28 21:59:52 Job executing on host: <131.225.205.175:9618?addrs=131.225.205.175-9618&noUDP&sock=1464_c2bd_3>
...
006 (12188446.062.000) 03/28 22:00:01 Image size of job updated: 14
	14  -  MemoryUsage of job (MB)
	15316  -  ResidentSetSize of job (KB)
...
006 (12188446.062.000) 03/28 22:01:01 Image size of job updated: 73
	73  -  MemoryUsage of job (MB)
	74780  -  ResidentSetSize of job (KB)
...
006 (12188446.062.000) 03/28 22:02:01 Image size of job updated: 174
	174  -  MemoryUsage of job (MB)
	178220  -  ResidentSetSize of job (KB)
...
006 (12188446.062.000) 03/28 22:03:01 Image size of job updated: 198
	198  -  MemoryUsage of job (MB)
	203384  -  ResidentSetSize of job (KB)
...
006 (12188446.062.000) 03/28 22:03:49 Image size of job updated: 198
	198  -  MemoryUsage of job (MB)
	203708  -  ResidentSetSize of job (KB)
...
005 (12188446.062.000) 03/28 22:03:50 Job terminated.
	(1) Normal termination (return value 0)
		Usr 0 00:02:30, Sys 0 00:00:09  -  Run Remote Usage
		Usr 0 00:00:00, Sys 0 00:00:00  -  Run Local Usage
		Usr 0 00:02:30, Sys 0 00:00:09  -  Total Remote Usage
		Usr 0 00:00:00, Sys 0 00:00:00  -  Total Local Usage
	147749  -  Run Bytes Sent By Job
	2247084  -  Run Bytes Received By Job
	147749  -  Total Bytes Sent By Job
	2247084  -  Total Bytes Received By Job
	Partitionable Resources :    Usage  Request Allocated 
	   Cpus                 :        0        1         1 
	   Disk (KB)            :     5172     2250   1649701 
	   Memory (MB)          :      198     2000      2000 
...
