000 (12188446.149.000) 03/28 21:58:21 Job submitted from host: <131.225.188.55:9618?addrs=131.225.188.55-9618&noUDP&sock=16299_5637_3>
...
001 (12188446.149.000) 03/28 22:00:11 Job executing on host: <131.225.206.13:9618?addrs=131.225.206.13-9618&noUDP&sock=1176_3777_3>
...
006 (12188446.149.000) 03/28 22:00:20 Image size of job updated: 17
	17  -  MemoryUsage of job (MB)
	18132  -  ResidentSetSize of job (KB)
...
006 (12188446.149.000) 03/28 22:01:20 Image size of job updated: 173
	173  -  MemoryUsage of job (MB)
	178068  -  ResidentSetSize of job (KB)
...
006 (12188446.149.000) 03/28 22:02:21 Image size of job updated: 182
	182  -  MemoryUsage of job (MB)
	187272  -  ResidentSetSize of job (KB)
...
006 (12188446.149.000) 03/28 22:03:12 Image size of job updated: 204
	204  -  MemoryUsage of job (MB)
	209896  -  ResidentSetSize of job (KB)
...
005 (12188446.149.000) 03/28 22:03:12 Job terminated.
	(1) Normal termination (return value 0)
		Usr 0 00:02:04, Sys 0 00:00:08  -  Run Remote Usage
		Usr 0 00:00:00, Sys 0 00:00:00  -  Run Local Usage
		Usr 0 00:02:04, Sys 0 00:00:08  -  Total Remote Usage
		Usr 0 00:00:00, Sys 0 00:00:00  -  Total Local Usage
	148205  -  Run Bytes Sent By Job
	2247084  -  Run Bytes Received By Job
	148205  -  Total Bytes Sent By Job
	2247084  -  Total Bytes Received By Job
	Partitionable Resources :    Usage  Request Allocated 
	   Cpus                 :     0.00        1         1 
	   Disk (KB)            :  5172        2250    308045 
	   Memory (MB)          :   204        2000      2000 
...
