000 (12188446.198.000) 03/28 21:58:21 Job submitted from host: <131.225.188.55:9618?addrs=131.225.188.55-9618&noUDP&sock=16299_5637_3>
...
001 (12188446.198.000) 03/28 22:00:21 Job executing on host: <131.225.191.76:9618?addrs=131.225.191.76-9618&noUDP&sock=1438_ed47_3>
...
006 (12188446.198.000) 03/28 22:00:30 Image size of job updated: 21
	21  -  MemoryUsage of job (MB)
	21808  -  ResidentSetSize of job (KB)
...
006 (12188446.198.000) 03/28 22:01:31 Image size of job updated: 23
	23  -  MemoryUsage of job (MB)
	24456  -  ResidentSetSize of job (KB)
...
006 (12188446.198.000) 03/28 22:02:32 Image size of job updated: 28
	28  -  MemoryUsage of job (MB)
	28752  -  ResidentSetSize of job (KB)
...
006 (12188446.198.000) 03/28 22:03:33 Image size of job updated: 36
	36  -  MemoryUsage of job (MB)
	37088  -  ResidentSetSize of job (KB)
...
006 (12188446.198.000) 03/28 22:04:33 Image size of job updated: 126
	126  -  MemoryUsage of job (MB)
	130008  -  ResidentSetSize of job (KB)
...
006 (12188446.198.000) 03/28 22:05:33 Image size of job updated: 204
	204  -  MemoryUsage of job (MB)
	209760  -  ResidentSetSize of job (KB)
...
005 (12188446.198.000) 03/28 22:05:40 Job terminated.
	(1) Normal termination (return value 0)
		Usr 0 00:01:16, Sys 0 00:00:07  -  Run Remote Usage
		Usr 0 00:00:00, Sys 0 00:00:00  -  Run Local Usage
		Usr 0 00:01:16, Sys 0 00:00:07  -  Total Remote Usage
		Usr 0 00:00:00, Sys 0 00:00:00  -  Total Local Usage
	147068  -  Run Bytes Sent By Job
	2247084  -  Run Bytes Received By Job
	147068  -  Total Bytes Sent By Job
	2247084  -  Total Bytes Received By Job
	Partitionable Resources :    Usage  Request Allocated 
	   Cpus                 :     0.00        1         1 
	   Disk (KB)            :  5172        2250    788141 
	   Memory (MB)          :   204        2000      2000 
...
