000 (12188446.138.000) 03/28 21:58:21 Job submitted from host: <131.225.188.55:9618?addrs=131.225.188.55-9618&noUDP&sock=16299_5637_3>
...
001 (12188446.138.000) 03/28 22:00:07 Job executing on host: <131.225.188.20:9618?addrs=131.225.188.20-9618&noUDP&sock=1912_0d2b_3>
...
006 (12188446.138.000) 03/28 22:00:16 Image size of job updated: 5
	3  -  MemoryUsage of job (MB)
	3560  -  ResidentSetSize of job (KB)
...
006 (12188446.138.000) 03/28 22:01:17 Image size of job updated: 35
	35  -  MemoryUsage of job (MB)
	36200  -  ResidentSetSize of job (KB)
...
006 (12188446.138.000) 03/28 22:02:17 Image size of job updated: 126
	126  -  MemoryUsage of job (MB)
	129620  -  ResidentSetSize of job (KB)
...
006 (12188446.138.000) 03/28 22:03:18 Image size of job updated: 209
	209  -  MemoryUsage of job (MB)
	214720  -  ResidentSetSize of job (KB)
...
006 (12188446.138.000) 03/28 22:04:01 Image size of job updated: 212
	212  -  MemoryUsage of job (MB)
	217204  -  ResidentSetSize of job (KB)
...
005 (12188446.138.000) 03/28 22:04:02 Job terminated.
	(1) Normal termination (return value 0)
		Usr 0 00:01:56, Sys 0 00:00:08  -  Run Remote Usage
		Usr 0 00:00:00, Sys 0 00:00:00  -  Run Local Usage
		Usr 0 00:01:56, Sys 0 00:00:08  -  Total Remote Usage
		Usr 0 00:00:00, Sys 0 00:00:00  -  Total Local Usage
	147724  -  Run Bytes Sent By Job
	2247084  -  Run Bytes Received By Job
	147724  -  Total Bytes Sent By Job
	2247084  -  Total Bytes Received By Job
	Partitionable Resources :    Usage  Request Allocated 
	   Cpus                 :        0        1         1 
	   Disk (KB)            :     5172     2250   1634953 
	   Memory (MB)          :      212     2000      2000 
...
