000 (12188446.098.000) 03/28 21:58:21 Job submitted from host: <131.225.188.55:9618?addrs=131.225.188.55-9618&noUDP&sock=16299_5637_3>
...
001 (12188446.098.000) 03/28 21:59:59 Job executing on host: <131.225.188.17:9618?addrs=131.225.188.17-9618&noUDP&sock=1938_e2a1_3>
...
006 (12188446.098.000) 03/28 22:00:08 Image size of job updated: 17
	17  -  MemoryUsage of job (MB)
	18272  -  ResidentSetSize of job (KB)
...
006 (12188446.098.000) 03/28 22:01:09 Image size of job updated: 50
	50  -  MemoryUsage of job (MB)
	51948  -  ResidentSetSize of job (KB)
...
006 (12188446.098.000) 03/28 22:02:09 Image size of job updated: 165
	165  -  MemoryUsage of job (MB)
	169544  -  ResidentSetSize of job (KB)
...
006 (12188446.098.000) 03/28 22:03:10 Image size of job updated: 205
	205  -  MemoryUsage of job (MB)
	210324  -  ResidentSetSize of job (KB)
...
005 (12188446.098.000) 03/28 22:03:40 Job terminated.
	(1) Normal termination (return value 0)
		Usr 0 00:01:30, Sys 0 00:00:07  -  Run Remote Usage
		Usr 0 00:00:00, Sys 0 00:00:00  -  Run Local Usage
		Usr 0 00:01:30, Sys 0 00:00:07  -  Total Remote Usage
		Usr 0 00:00:00, Sys 0 00:00:00  -  Total Local Usage
	147432  -  Run Bytes Sent By Job
	2247084  -  Run Bytes Received By Job
	147432  -  Total Bytes Sent By Job
	2247084  -  Total Bytes Received By Job
	Partitionable Resources :    Usage  Request Allocated 
	   Cpus                 :     0.01        1         1 
	   Disk (KB)            :  5172        2250   1642252 
	   Memory (MB)          :   205        2000      2000 
...
