000 (12188446.192.000) 03/28 21:58:21 Job submitted from host: <131.225.188.55:9618?addrs=131.225.188.55-9618&noUDP&sock=16299_5637_3>
...
001 (12188446.192.000) 03/28 22:00:21 Job executing on host: <131.225.205.184:9618?addrs=131.225.205.184-9618&noUDP&sock=1465_7255_3>
...
006 (12188446.192.000) 03/28 22:01:32 Image size of job updated: 8
	8  -  MemoryUsage of job (MB)
	8308  -  ResidentSetSize of job (KB)
...
006 (12188446.192.000) 03/28 22:02:33 Image size of job updated: 27
	27  -  MemoryUsage of job (MB)
	27852  -  ResidentSetSize of job (KB)
...
006 (12188446.192.000) 03/28 22:03:35 Image size of job updated: 27
	27  -  MemoryUsage of job (MB)
	28660  -  ResidentSetSize of job (KB)
...
006 (12188446.192.000) 03/28 22:04:35 Image size of job updated: 174
	174  -  MemoryUsage of job (MB)
	179068  -  ResidentSetSize of job (KB)
...
006 (12188446.192.000) 03/28 22:05:15 Image size of job updated: 209
	209  -  MemoryUsage of job (MB)
	214068  -  ResidentSetSize of job (KB)
...
005 (12188446.192.000) 03/28 22:05:16 Job terminated.
	(1) Normal termination (return value 0)
		Usr 0 00:01:37, Sys 0 00:00:07  -  Run Remote Usage
		Usr 0 00:00:00, Sys 0 00:00:00  -  Run Local Usage
		Usr 0 00:01:37, Sys 0 00:00:07  -  Total Remote Usage
		Usr 0 00:00:00, Sys 0 00:00:00  -  Total Local Usage
	148027  -  Run Bytes Sent By Job
	2247084  -  Run Bytes Received By Job
	148027  -  Total Bytes Sent By Job
	2247084  -  Total Bytes Received By Job
	Partitionable Resources :    Usage  Request Allocated 
	   Cpus                 :     0.00        1         1 
	   Disk (KB)            :  5173        2250   1639347 
	   Memory (MB)          :   209        2000      2000 
...
