000 (12188446.207.000) 03/28 21:58:21 Job submitted from host: <131.225.188.55:9618?addrs=131.225.188.55-9618&noUDP&sock=16299_5637_3>
...
001 (12188446.207.000) 03/28 22:00:23 Job executing on host: <131.225.205.198:9618?addrs=131.225.205.198-9618&noUDP&sock=1471_8fe7_3>
...
006 (12188446.207.000) 03/28 22:01:34 Image size of job updated: 27
	27  -  MemoryUsage of job (MB)
	27816  -  ResidentSetSize of job (KB)
...
006 (12188446.207.000) 03/28 22:02:35 Image size of job updated: 41
	41  -  MemoryUsage of job (MB)
	42708  -  ResidentSetSize of job (KB)
...
006 (12188446.207.000) 03/28 22:03:35 Image size of job updated: 76
	76  -  MemoryUsage of job (MB)
	78176  -  ResidentSetSize of job (KB)
...
006 (12188446.207.000) 03/28 22:04:36 Image size of job updated: 190
	190  -  MemoryUsage of job (MB)
	195468  -  ResidentSetSize of job (KB)
...
006 (12188446.207.000) 03/28 22:04:52 Image size of job updated: 204
	204  -  MemoryUsage of job (MB)
	209300  -  ResidentSetSize of job (KB)
...
005 (12188446.207.000) 03/28 22:04:53 Job terminated.
	(1) Normal termination (return value 0)
		Usr 0 00:01:25, Sys 0 00:00:06  -  Run Remote Usage
		Usr 0 00:00:00, Sys 0 00:00:00  -  Run Local Usage
		Usr 0 00:01:25, Sys 0 00:00:06  -  Total Remote Usage
		Usr 0 00:00:00, Sys 0 00:00:00  -  Total Local Usage
	146553  -  Run Bytes Sent By Job
	2247084  -  Run Bytes Received By Job
	146553  -  Total Bytes Sent By Job
	2247084  -  Total Bytes Received By Job
	Partitionable Resources :    Usage  Request Allocated 
	   Cpus                 :     0.00        1         1 
	   Disk (KB)            :  5171        2250   1696175 
	   Memory (MB)          :   204        2000      2000 
...
