000 (12188443.001.000) 03/28 21:58:19 Job submitted from host: <131.225.188.55:9618?addrs=131.225.188.55-9618&noUDP&sock=16299_5637_3>
...
001 (12188443.001.000) 03/28 21:59:48 Job executing on host: <131.225.204.116:9618?addrs=131.225.204.116-9618&noUDP&sock=1165_abec_3>
...
006 (12188443.001.000) 03/28 21:59:57 Image size of job updated: 28
	28  -  MemoryUsage of job (MB)
	29584  -  ResidentSetSize of job (KB)
...
006 (12188443.001.000) 03/28 22:00:59 Image size of job updated: 166
	166  -  MemoryUsage of job (MB)
	170972  -  ResidentSetSize of job (KB)
...
006 (12188443.001.000) 03/28 22:01:59 Image size of job updated: 169
	169  -  MemoryUsage of job (MB)
	173196  -  ResidentSetSize of job (KB)
...
006 (12188443.001.000) 03/28 22:02:59 Image size of job updated: 171
	171  -  MemoryUsage of job (MB)
	175768  -  ResidentSetSize of job (KB)
...
006 (12188443.001.000) 03/28 22:04:00 Image size of job updated: 193
	193  -  MemoryUsage of job (MB)
	198112  -  ResidentSetSize of job (KB)
...
006 (12188443.001.000) 03/28 22:05:01 Image size of job updated: 206
	206  -  MemoryUsage of job (MB)
	211288  -  ResidentSetSize of job (KB)
...
006 (12188443.001.000) 03/28 22:06:02 Image size of job updated: 206
	206  -  MemoryUsage of job (MB)
	211456  -  ResidentSetSize of job (KB)
...
005 (12188443.001.000) 03/28 22:06:10 Job terminated.
	(1) Normal termination (return value 0)
		Usr 0 00:05:03, Sys 0 00:00:17  -  Run Remote Usage
		Usr 0 00:00:00, Sys 0 00:00:00  -  Run Local Usage
		Usr 0 00:05:03, Sys 0 00:00:17  -  Total Remote Usage
		Usr 0 00:00:00, Sys 0 00:00:00  -  Total Local Usage
	134106  -  Run Bytes Sent By Job
	2242920  -  Run Bytes Received By Job
	134106  -  Total Bytes Sent By Job
	2242920  -  Total Bytes Received By Job
	Partitionable Resources :    Usage  Request Allocated 
	   Cpus                 :        0        1         1 
	   Disk (KB)            :     5045     2250    304696 
	   Memory (MB)          :      206     2000      2000 
...
