000 (12188443.003.000) 03/28 21:58:19 Job submitted from host: <131.225.188.55:9618?addrs=131.225.188.55-9618&noUDP&sock=16299_5637_3>
...
001 (12188443.003.000) 03/28 21:59:48 Job executing on host: <131.225.206.28:9618?addrs=131.225.206.28-9618&noUDP&sock=1157_2f2a_3>
...
006 (12188443.003.000) 03/28 21:59:57 Image size of job updated: 23
	23  -  MemoryUsage of job (MB)
	23844  -  ResidentSetSize of job (KB)
...
006 (12188443.003.000) 03/28 22:00:57 Image size of job updated: 164
	164  -  MemoryUsage of job (MB)
	168212  -  ResidentSetSize of job (KB)
...
006 (12188443.003.000) 03/28 22:01:57 Image size of job updated: 168
	168  -  MemoryUsage of job (MB)
	172700  -  ResidentSetSize of job (KB)
...
006 (12188443.003.000) 03/28 22:02:57 Image size of job updated: 171
	171  -  MemoryUsage of job (MB)
	175324  -  ResidentSetSize of job (KB)
...
006 (12188443.003.000) 03/28 22:03:58 Image size of job updated: 200
	200  -  MemoryUsage of job (MB)
	205208  -  ResidentSetSize of job (KB)
...
006 (12188443.003.000) 03/28 22:04:59 Image size of job updated: 207
	207  -  MemoryUsage of job (MB)
	212780  -  ResidentSetSize of job (KB)
...
006 (12188443.003.000) 03/28 22:06:00 Image size of job updated: 207
	207  -  MemoryUsage of job (MB)
	212940  -  ResidentSetSize of job (KB)
...
006 (12188443.003.000) 03/28 22:06:24 Image size of job updated: 208
	208  -  MemoryUsage of job (MB)
	212992  -  ResidentSetSize of job (KB)
...
005 (12188443.003.000) 03/28 22:06:25 Job terminated.
	(1) Normal termination (return value 0)
		Usr 0 00:05:21, Sys 0 00:00:15  -  Run Remote Usage
		Usr 0 00:00:00, Sys 0 00:00:00  -  Run Local Usage
		Usr 0 00:05:21, Sys 0 00:00:15  -  Total Remote Usage
		Usr 0 00:00:00, Sys 0 00:00:00  -  Total Local Usage
	134115  -  Run Bytes Sent By Job
	2242920  -  Run Bytes Received By Job
	134115  -  Total Bytes Sent By Job
	2242920  -  Total Bytes Received By Job
	Partitionable Resources :    Usage  Request Allocated 
	   Cpus                 :     0.00        1         1 
	   Disk (KB)            :  5045        2250    316693 
	   Memory (MB)          :   208        2000      2000 
...
