000 (12188443.005.000) 03/28 21:58:19 Job submitted from host: <131.225.188.55:9618?addrs=131.225.188.55-9618&noUDP&sock=16299_5637_3>
...
001 (12188443.005.000) 03/28 22:00:08 Job executing on host: <131.225.206.38:9618?addrs=131.225.206.38-9618&noUDP&sock=1152_c131_3>
...
006 (12188443.005.000) 03/28 22:00:17 Image size of job updated: 31
	31  -  MemoryUsage of job (MB)
	31884  -  ResidentSetSize of job (KB)
...
006 (12188443.005.000) 03/28 22:01:18 Image size of job updated: 182
	182  -  MemoryUsage of job (MB)
	186476  -  ResidentSetSize of job (KB)
...
006 (12188443.005.000) 03/28 22:01:57 Image size of job updated: 186
	186  -  MemoryUsage of job (MB)
	191004  -  ResidentSetSize of job (KB)
...
005 (12188443.005.000) 03/28 22:01:59 Job terminated.
	(1) Normal termination (return value 0)
		Usr 0 00:01:14, Sys 0 00:00:03  -  Run Remote Usage
		Usr 0 00:00:00, Sys 0 00:00:00  -  Run Local Usage
		Usr 0 00:01:14, Sys 0 00:00:03  -  Total Remote Usage
		Usr 0 00:00:00, Sys 0 00:00:00  -  Total Local Usage
	127009  -  Run Bytes Sent By Job
	2242920  -  Run Bytes Received By Job
	127009  -  Total Bytes Sent By Job
	2242920  -  Total Bytes Received By Job
	Partitionable Resources :    Usage  Request Allocated 
	   Cpus                 :        0        1         1 
	   Disk (KB)            :     5038     2250    323002 
	   Memory (MB)          :      186     2000      2000 
...
