000 (70945956.051.000) 03/28 21:58:22 Job submitted from host: <131.225.188.235:9618?addrs=131.225.188.235-9618&noUDP&sock=14994_371f_3>
...
001 (70945956.051.000) 03/28 21:59:01 Job executing on host: <131.225.204.91:9618?addrs=131.225.204.91-9618&noUDP&sock=1169_6a4d_3>
...
006 (70945956.051.000) 03/28 21:59:09 Image size of job updated: 14
	14  -  MemoryUsage of job (MB)
	15072  -  ResidentSetSize of job (KB)
...
006 (70945956.051.000) 03/28 22:00:10 Image size of job updated: 88
	88  -  MemoryUsage of job (MB)
	90132  -  ResidentSetSize of job (KB)
...
006 (70945956.051.000) 03/28 22:01:10 Image size of job updated: 154
	154  -  MemoryUsage of job (MB)
	158152  -  ResidentSetSize of job (KB)
...
006 (70945956.051.000) 03/28 22:02:10 Image size of job updated: 154
	154  -  MemoryUsage of job (MB)
	158268  -  ResidentSetSize of job (KB)
...
006 (70945956.051.000) 03/28 22:03:10 Image size of job updated: 180
	180  -  MemoryUsage of job (MB)
	184640  -  ResidentSetSize of job (KB)
...
005 (70945956.051.000) 03/28 22:03:17 Job terminated.
	(1) Normal termination (return value 0)
		Usr 0 00:01:50, Sys 0 00:00:08  -  Run Remote Usage
		Usr 0 00:00:00, Sys 0 00:00:00  -  Run Local Usage
		Usr 0 00:01:50, Sys 0 00:00:08  -  Total Remote Usage
		Usr 0 00:00:00, Sys 0 00:00:00  -  Total Local Usage
	145233  -  Run Bytes Sent By Job
	2246509  -  Run Bytes Received By Job
	145233  -  Total Bytes Sent By Job
	2246509  -  Total Bytes Received By Job
	Partitionable Resources :    Usage  Request Allocated 
	   Cpus                 :        0        1         1 
	   Disk (KB)            :     5153     2250    317048 
	   Memory (MB)          :      180     2000      2000 
...
