000 (70945956.148.000) 03/28 21:58:22 Job submitted from host: <131.225.188.235:9618?addrs=131.225.188.235-9618&noUDP&sock=14994_371f_3>
...
001 (70945956.148.000) 03/28 21:59:18 Job executing on host: <131.225.206.231:9618?addrs=131.225.206.231-9618&noUDP&sock=1146_a39f_3>
...
006 (70945956.148.000) 03/28 22:00:28 Image size of job updated: 132
	132  -  MemoryUsage of job (MB)
	135760  -  ResidentSetSize of job (KB)
...
006 (70945956.148.000) 03/28 22:01:28 Image size of job updated: 167
	167  -  MemoryUsage of job (MB)
	171356  -  ResidentSetSize of job (KB)
...
006 (70945956.148.000) 03/28 22:02:29 Image size of job updated: 167
	167  -  MemoryUsage of job (MB)
	171472  -  ResidentSetSize of job (KB)
...
006 (70945956.148.000) 03/28 22:03:30 Image size of job updated: 167
	167  -  MemoryUsage of job (MB)
	171584  -  ResidentSetSize of job (KB)
...
006 (70945956.148.000) 03/28 22:04:31 Image size of job updated: 167
	167  -  MemoryUsage of job (MB)
	171668  -  ResidentSetSize of job (KB)
...
006 (70945956.148.000) 03/28 22:05:31 Image size of job updated: 167
	167  -  MemoryUsage of job (MB)
	171736  -  ResidentSetSize of job (KB)
...
006 (70945956.148.000) 03/28 22:06:31 Image size of job updated: 172
	172  -  MemoryUsage of job (MB)
	177040  -  ResidentSetSize of job (KB)
...
006 (70945956.148.000) 03/28 22:07:31 Image size of job updated: 191
	191  -  MemoryUsage of job (MB)
	196084  -  ResidentSetSize of job (KB)
...
006 (70945956.148.000) 03/28 22:08:32 Image size of job updated: 191
	191  -  MemoryUsage of job (MB)
	196160  -  ResidentSetSize of job (KB)
...
006 (70945956.148.000) 03/28 22:09:33 Image size of job updated: 191
	191  -  MemoryUsage of job (MB)
	196268  -  ResidentSetSize of job (KB)
...
006 (70945956.148.000) 03/28 22:10:34 Image size of job updated: 191
	191  -  MemoryUsage of job (MB)
	196348  -  ResidentSetSize of job (KB)
...
006 (70945956.148.000) 03/28 22:11:22 Image size of job updated: 191
	191  -  MemoryUsage of job (MB)
	196400  -  ResidentSetSize of job (KB)
...
005 (70945956.148.000) 03/28 22:11:23 Job terminated.
	(1) Normal termination (return value 0)
		Usr 0 00:09:23, Sys 0 00:00:27  -  Run Remote Usage
		Usr 0 00:00:00, Sys 0 00:00:00  -  Run Local Usage
		Usr 0 00:09:23, Sys 0 00:00:27  -  Total Remote Usage
		Usr 0 00:00:00, Sys 0 00:00:00  -  Total Local Usage
	156764  -  Run Bytes Sent By Job
	2246509  -  Run Bytes Received By Job
	156764  -  Total Bytes Sent By Job
	2246509  -  Total Bytes Received By Job
	Partitionable Resources :    Usage  Request Allocated 
	   Cpus                 :     0.00        1         1 
	   Disk (KB)            :  5164        2250    319361 
	   Memory (MB)          :   191        2000      2000 
...
