000 (70945956.064.000) 03/28 21:58:22 Job submitted from host: <131.225.188.235:9618?addrs=131.225.188.235-9618&noUDP&sock=14994_371f_3>
...
001 (70945956.064.000) 03/28 21:58:50 Job executing on host: <131.225.204.93:9618?addrs=131.225.204.93-9618&noUDP&sock=1157_2f2a_3>
...
006 (70945956.064.000) 03/28 21:58:58 Image size of job updated: 5
	3  -  MemoryUsage of job (MB)
	3368  -  ResidentSetSize of job (KB)
...
006 (70945956.064.000) 03/28 21:59:58 Image size of job updated: 154
	154  -  MemoryUsage of job (MB)
	157932  -  ResidentSetSize of job (KB)
...
006 (70945956.064.000) 03/28 22:00:58 Image size of job updated: 154
	154  -  MemoryUsage of job (MB)
	158052  -  ResidentSetSize of job (KB)
...
006 (70945956.064.000) 03/28 22:01:59 Image size of job updated: 177
	177  -  MemoryUsage of job (MB)
	181980  -  ResidentSetSize of job (KB)
...
006 (70945956.064.000) 03/28 22:02:19 Image size of job updated: 177
	177  -  MemoryUsage of job (MB)
	182032  -  ResidentSetSize of job (KB)
...
005 (70945956.064.000) 03/28 22:02:21 Job terminated.
	(1) Normal termination (return value 0)
		Usr 0 00:01:54, Sys 0 00:00:07  -  Run Remote Usage
		Usr 0 00:00:00, Sys 0 00:00:00  -  Run Local Usage
		Usr 0 00:01:54, Sys 0 00:00:07  -  Total Remote Usage
		Usr 0 00:00:00, Sys 0 00:00:00  -  Total Local Usage
	144864  -  Run Bytes Sent By Job
	2246509  -  Run Bytes Received By Job
	144864  -  Total Bytes Sent By Job
	2246509  -  Total Bytes Received By Job
	Partitionable Resources :    Usage  Request Allocated 
	   Cpus                 :     0.00        1         1 
	   Disk (KB)            :  5152        2250    322043 
	   Memory (MB)          :   177        2000      2000 
...
