000 (70945956.031.000) 03/28 21:58:22 Job submitted from host: <131.225.188.235:9618?addrs=131.225.188.235-9618&noUDP&sock=14994_371f_3>
...
001 (70945956.031.000) 03/28 21:58:48 Job executing on host: <131.225.204.105:9618?addrs=131.225.204.105-9618&noUDP&sock=1150_6200_3>
...
006 (70945956.031.000) 03/28 21:58:56 Image size of job updated: 14
	14  -  MemoryUsage of job (MB)
	15256  -  ResidentSetSize of job (KB)
...
006 (70945956.031.000) 03/28 21:59:56 Image size of job updated: 154
	154  -  MemoryUsage of job (MB)
	158104  -  ResidentSetSize of job (KB)
...
006 (70945956.031.000) 03/28 22:00:56 Image size of job updated: 154
	154  -  MemoryUsage of job (MB)
	158168  -  ResidentSetSize of job (KB)
...
006 (70945956.031.000) 03/28 22:01:57 Image size of job updated: 178
	178  -  MemoryUsage of job (MB)
	183252  -  ResidentSetSize of job (KB)
...
006 (70945956.031.000) 03/28 22:02:16 Image size of job updated: 178
	178  -  MemoryUsage of job (MB)
	183288  -  ResidentSetSize of job (KB)
...
005 (70945956.031.000) 03/28 22:02:17 Job terminated.
	(1) Normal termination (return value 0)
		Usr 0 00:01:52, Sys 0 00:00:08  -  Run Remote Usage
		Usr 0 00:00:00, Sys 0 00:00:00  -  Run Local Usage
		Usr 0 00:01:52, Sys 0 00:00:08  -  Total Remote Usage
		Usr 0 00:00:00, Sys 0 00:00:00  -  Total Local Usage
	145022  -  Run Bytes Sent By Job
	2246509  -  Run Bytes Received By Job
	145022  -  Total Bytes Sent By Job
	2246509  -  Total Bytes Received By Job
	Partitionable Resources :    Usage  Request Allocated 
	   Cpus                 :        0        1         1 
	   Disk (KB)            :     5153     2250    317422 
	   Memory (MB)          :      178     2000      2000 
...
