000 (70945956.021.000) 03/28 21:58:22 Job submitted from host: <131.225.188.235:9618?addrs=131.225.188.235-9618&noUDP&sock=14994_371f_3>
...
001 (70945956.021.000) 03/28 21:58:41 Job executing on host: <131.225.204.113:9618?addrs=131.225.204.113-9618&noUDP&sock=1151_1198_3>
...
006 (70945956.021.000) 03/28 21:58:49 Image size of job updated: 14
	14  -  MemoryUsage of job (MB)
	15224  -  ResidentSetSize of job (KB)
...
006 (70945956.021.000) 03/28 21:59:49 Image size of job updated: 153
	153  -  MemoryUsage of job (MB)
	156856  -  ResidentSetSize of job (KB)
...
006 (70945956.021.000) 03/28 22:00:50 Image size of job updated: 153
	153  -  MemoryUsage of job (MB)
	157088  -  ResidentSetSize of job (KB)
...
006 (70945956.021.000) 03/28 22:01:51 Image size of job updated: 180
	180  -  MemoryUsage of job (MB)
	185100  -  ResidentSetSize of job (KB)
...
006 (70945956.021.000) 03/28 22:02:01 Image size of job updated: 180
	180  -  MemoryUsage of job (MB)
	185144  -  ResidentSetSize of job (KB)
...
005 (70945956.021.000) 03/28 22:02:03 Job terminated.
	(1) Normal termination (return value 0)
		Usr 0 00:01:59, Sys 0 00:00:08  -  Run Remote Usage
		Usr 0 00:00:00, Sys 0 00:00:00  -  Run Local Usage
		Usr 0 00:01:59, Sys 0 00:00:08  -  Total Remote Usage
		Usr 0 00:00:00, Sys 0 00:00:00  -  Total Local Usage
	145025  -  Run Bytes Sent By Job
	2246509  -  Run Bytes Received By Job
	145025  -  Total Bytes Sent By Job
	2246509  -  Total Bytes Received By Job
	Partitionable Resources :    Usage  Request Allocated 
	   Cpus                 :        0        1         1 
	   Disk (KB)            :     5153     2250    309259 
	   Memory (MB)          :      180     2000      2000 
...
