000 (70945956.159.000) 03/28 21:58:23 Job submitted from host: <131.225.188.235:9618?addrs=131.225.188.235-9618&noUDP&sock=14994_371f_3>
...
001 (70945956.159.000) 03/28 21:59:22 Job executing on host: <131.225.206.4:9618?addrs=131.225.206.4-9618&noUDP&sock=1155_cff9_3>
...
006 (70945956.159.000) 03/28 21:59:31 Image size of job updated: 47
	47  -  MemoryUsage of job (MB)
	48292  -  ResidentSetSize of job (KB)
...
006 (70945956.159.000) 03/28 22:00:32 Image size of job updated: 141
	141  -  MemoryUsage of job (MB)
	145112  -  ResidentSetSize of job (KB)
...
006 (70945956.159.000) 03/28 22:01:33 Image size of job updated: 162
	162  -  MemoryUsage of job (MB)
	166836  -  ResidentSetSize of job (KB)
...
006 (70945956.159.000) 03/28 22:02:34 Image size of job updated: 163
	163  -  MemoryUsage of job (MB)
	166932  -  ResidentSetSize of job (KB)
...
006 (70945956.159.000) 03/28 22:03:34 Image size of job updated: 163
	163  -  MemoryUsage of job (MB)
	167064  -  ResidentSetSize of job (KB)
...
006 (70945956.159.000) 03/28 22:04:34 Image size of job updated: 163
	163  -  MemoryUsage of job (MB)
	167148  -  ResidentSetSize of job (KB)
...
006 (70945956.159.000) 03/28 22:05:34 Image size of job updated: 163
	163  -  MemoryUsage of job (MB)
	167252  -  ResidentSetSize of job (KB)
...
006 (70945956.159.000) 03/28 22:06:34 Image size of job updated: 188
	188  -  MemoryUsage of job (MB)
	192916  -  ResidentSetSize of job (KB)
...
006 (70945956.159.000) 03/28 22:07:35 Image size of job updated: 188
	188  -  MemoryUsage of job (MB)
	193000  -  ResidentSetSize of job (KB)
...
006 (70945956.159.000) 03/28 22:08:36 Image size of job updated: 188
	188  -  MemoryUsage of job (MB)
	193116  -  ResidentSetSize of job (KB)
...
006 (70945956.159.000) 03/28 22:09:02 Image size of job updated: 188
	188  -  MemoryUsage of job (MB)
	193168  -  ResidentSetSize of job (KB)
...
005 (70945956.159.000) 03/28 22:09:03 Job terminated.
	(1) Normal termination (return value 0)
		Usr 0 00:07:04, Sys 0 00:00:25  -  Run Remote Usage
		Usr 0 00:00:00, Sys 0 00:00:00  -  Run Local Usage
		Usr 0 00:07:04, Sys 0 00:00:25  -  Total Remote Usage
		Usr 0 00:00:00, Sys 0 00:00:00  -  Total Local Usage
	208933  -  Run Bytes Sent By Job
	2246509  -  Run Bytes Received By Job
	208933  -  Total Bytes Sent By Job
	2246509  -  Total Bytes Received By Job
	Partitionable Resources :     Usage  Request Allocated 
	   Cpus                 :      0.00        1         1 
	   Disk (KB)            : 202315        2250    306473 
	   Memory (MB)          :    188        2000      2000 
...
