000 (70945956.086.000) 03/28 21:58:22 Job submitted from host: <131.225.188.235:9618?addrs=131.225.188.235-9618&noUDP&sock=14994_371f_3>
...
001 (70945956.086.000) 03/28 21:59:10 Job executing on host: <131.225.191.181:9618?addrs=131.225.191.181-9618&noUDP&sock=1170_19e5_3>
...
006 (70945956.086.000) 03/28 21:59:18 Image size of job updated: 5
	3  -  MemoryUsage of job (MB)
	3784  -  ResidentSetSize of job (KB)
...
006 (70945956.086.000) 03/28 22:00:20 Image size of job updated: 154
	154  -  MemoryUsage of job (MB)
	157724  -  ResidentSetSize of job (KB)
...
006 (70945956.086.000) 03/28 22:01:20 Image size of job updated: 154
	154  -  MemoryUsage of job (MB)
	157944  -  ResidentSetSize of job (KB)
...
006 (70945956.086.000) 03/28 22:02:20 Image size of job updated: 179
	179  -  MemoryUsage of job (MB)
	184188  -  ResidentSetSize of job (KB)
...
006 (70945956.086.000) 03/28 22:02:44 Image size of job updated: 180
	180  -  MemoryUsage of job (MB)
	184336  -  ResidentSetSize of job (KB)
...
005 (70945956.086.000) 03/28 22:02:45 Job terminated.
	(1) Normal termination (return value 0)
		Usr 0 00:01:50, Sys 0 00:00:10  -  Run Remote Usage
		Usr 0 00:00:00, Sys 0 00:00:00  -  Run Local Usage
		Usr 0 00:01:50, Sys 0 00:00:10  -  Total Remote Usage
		Usr 0 00:00:00, Sys 0 00:00:00  -  Total Local Usage
	146632  -  Run Bytes Sent By Job
	2246509  -  Run Bytes Received By Job
	146632  -  Total Bytes Sent By Job
	2246509  -  Total Bytes Received By Job
	Partitionable Resources :    Usage  Request Allocated 
	   Cpus                 :        0        1         1 
	   Disk (KB)            :     5154     2250    316300 
	   Memory (MB)          :      180     2000      2000 
...
