000 (70945956.172.000) 03/28 21:58:23 Job submitted from host: <131.225.188.235:9618?addrs=131.225.188.235-9618&noUDP&sock=14994_371f_3>
...
001 (70945956.172.000) 03/28 21:59:26 Job executing on host: <131.225.191.155:9618?addrs=131.225.191.155-9618&noUDP&sock=1154_2061_3>
...
006 (70945956.172.000) 03/28 21:59:34 Image size of job updated: 62
	62  -  MemoryUsage of job (MB)
	64420  -  ResidentSetSize of job (KB)
...
006 (70945956.172.000) 03/28 22:00:35 Image size of job updated: 96
	96  -  MemoryUsage of job (MB)
	99036  -  ResidentSetSize of job (KB)
...
006 (70945956.172.000) 03/28 22:01:36 Image size of job updated: 160
	160  -  MemoryUsage of job (MB)
	163988  -  ResidentSetSize of job (KB)
...
006 (70945956.172.000) 03/28 22:02:37 Image size of job updated: 160
	160  -  MemoryUsage of job (MB)
	164368  -  ResidentSetSize of job (KB)
...
006 (70945956.172.000) 03/28 22:03:38 Image size of job updated: 167
	167  -  MemoryUsage of job (MB)
	171180  -  ResidentSetSize of job (KB)
...
006 (70945956.172.000) 03/28 22:04:38 Image size of job updated: 167
	167  -  MemoryUsage of job (MB)
	171292  -  ResidentSetSize of job (KB)
...
006 (70945956.172.000) 03/28 22:05:38 Image size of job updated: 187
	187  -  MemoryUsage of job (MB)
	191508  -  ResidentSetSize of job (KB)
...
006 (70945956.172.000) 03/28 22:06:38 Image size of job updated: 187
	187  -  MemoryUsage of job (MB)
	191604  -  ResidentSetSize of job (KB)
...
006 (70945956.172.000) 03/28 22:07:38 Image size of job updated: 187
	187  -  MemoryUsage of job (MB)
	191700  -  ResidentSetSize of job (KB)
...
005 (70945956.172.000) 03/28 22:07:58 Job terminated.
	(1) Normal termination (return value 0)
		Usr 0 00:05:36, Sys 0 00:00:20  -  Run Remote Usage
		Usr 0 00:00:00, Sys 0 00:00:00  -  Run Local Usage
		Usr 0 00:05:36, Sys 0 00:00:20  -  Total Remote Usage
		Usr 0 00:00:00, Sys 0 00:00:00  -  Total Local Usage
	152692  -  Run Bytes Sent By Job
	2246509  -  Run Bytes Received By Job
	152692  -  Total Bytes Sent By Job
	2246509  -  Total Bytes Received By Job
	Partitionable Resources :    Usage  Request Allocated 
	   Cpus                 :     0.00        1         1 
	   Disk (KB)            :  5160        2250    316770 
	   Memory (MB)          :   187        2000      2000 
...
