000 (70945956.185.000) 03/28 21:58:23 Job submitted from host: <131.225.188.235:9618?addrs=131.225.188.235-9618&noUDP&sock=14994_371f_3>
...
001 (70945956.185.000) 03/28 21:59:33 Job executing on host: <131.225.204.120:9618?addrs=131.225.204.120-9618&noUDP&sock=1157_2f2a_3>
...
006 (70945956.185.000) 03/28 22:00:43 Image size of job updated: 110
	110  -  MemoryUsage of job (MB)
	112736  -  ResidentSetSize of job (KB)
...
006 (70945956.185.000) 03/28 22:01:44 Image size of job updated: 165
	165  -  MemoryUsage of job (MB)
	169120  -  ResidentSetSize of job (KB)
...
006 (70945956.185.000) 03/28 22:02:45 Image size of job updated: 165
	165  -  MemoryUsage of job (MB)
	169244  -  ResidentSetSize of job (KB)
...
006 (70945956.185.000) 03/28 22:03:46 Image size of job updated: 165
	165  -  MemoryUsage of job (MB)
	169336  -  ResidentSetSize of job (KB)
...
006 (70945956.185.000) 03/28 22:04:46 Image size of job updated: 165
	165  -  MemoryUsage of job (MB)
	169428  -  ResidentSetSize of job (KB)
...
006 (70945956.185.000) 03/28 22:05:46 Image size of job updated: 186
	186  -  MemoryUsage of job (MB)
	191460  -  ResidentSetSize of job (KB)
...
006 (70945956.185.000) 03/28 22:06:46 Image size of job updated: 190
	190  -  MemoryUsage of job (MB)
	195532  -  ResidentSetSize of job (KB)
...
006 (70945956.185.000) 03/28 22:07:46 Image size of job updated: 191
	191  -  MemoryUsage of job (MB)
	195636  -  ResidentSetSize of job (KB)
...
006 (70945956.185.000) 03/28 22:08:47 Image size of job updated: 191
	191  -  MemoryUsage of job (MB)
	195736  -  ResidentSetSize of job (KB)
...
006 (70945956.185.000) 03/28 22:09:48 Image size of job updated: 191
	191  -  MemoryUsage of job (MB)
	195796  -  ResidentSetSize of job (KB)
...
006 (70945956.185.000) 03/28 22:10:49 Image size of job updated: 191
	191  -  MemoryUsage of job (MB)
	195868  -  ResidentSetSize of job (KB)
...
006 (70945956.185.000) 03/28 22:11:34 Image size of job updated: 191
	191  -  MemoryUsage of job (MB)
	195912  -  ResidentSetSize of job (KB)
...
005 (70945956.185.000) 03/28 22:11:35 Job terminated.
	(1) Normal termination (return value 0)
		Usr 0 00:08:58, Sys 0 00:00:29  -  Run Remote Usage
		Usr 0 00:00:00, Sys 0 00:00:00  -  Run Local Usage
		Usr 0 00:08:58, Sys 0 00:00:29  -  Total Remote Usage
		Usr 0 00:00:00, Sys 0 00:00:00  -  Total Local Usage
	156879  -  Run Bytes Sent By Job
	2246509  -  Run Bytes Received By Job
	156879  -  Total Bytes Sent By Job
	2246509  -  Total Bytes Received By Job
	Partitionable Resources :    Usage  Request Allocated 
	   Cpus                 :        0        1         1 
	   Disk (KB)            :     5164     2250    329136 
	   Memory (MB)          :      191     2000      2000 
...
