000 (70945956.147.000) 03/28 21:58:22 Job submitted from host: <131.225.188.235:9618?addrs=131.225.188.235-9618&noUDP&sock=14994_371f_3>
...
001 (70945956.147.000) 03/28 21:59:40 Job executing on host: <131.225.206.232:9618?addrs=131.225.206.232-9618&noUDP&sock=1149_b268_3>
...
006 (70945956.147.000) 03/28 21:59:49 Image size of job updated: 5
	4  -  MemoryUsage of job (MB)
	4696  -  ResidentSetSize of job (KB)
...
006 (70945956.147.000) 03/28 22:00:49 Image size of job updated: 132
	132  -  MemoryUsage of job (MB)
	135752  -  ResidentSetSize of job (KB)
...
006 (70945956.147.000) 03/28 22:01:50 Image size of job updated: 145
	145  -  MemoryUsage of job (MB)
	148728  -  ResidentSetSize of job (KB)
...
006 (70945956.147.000) 03/28 22:02:51 Image size of job updated: 164
	164  -  MemoryUsage of job (MB)
	168648  -  ResidentSetSize of job (KB)
...
006 (70945956.147.000) 03/28 22:03:52 Image size of job updated: 164
	164  -  MemoryUsage of job (MB)
	168840  -  ResidentSetSize of job (KB)
...
006 (70945956.147.000) 03/28 22:04:52 Image size of job updated: 164
	164  -  MemoryUsage of job (MB)
	168944  -  ResidentSetSize of job (KB)
...
006 (70945956.147.000) 03/28 22:05:52 Image size of job updated: 165
	165  -  MemoryUsage of job (MB)
	169056  -  ResidentSetSize of job (KB)
...
006 (70945956.147.000) 03/28 22:06:52 Image size of job updated: 187
	187  -  MemoryUsage of job (MB)
	191904  -  ResidentSetSize of job (KB)
...
006 (70945956.147.000) 03/28 22:07:53 Image size of job updated: 193
	193  -  MemoryUsage of job (MB)
	198648  -  ResidentSetSize of job (KB)
...
006 (70945956.147.000) 03/28 22:08:54 Image size of job updated: 194
	194  -  MemoryUsage of job (MB)
	199072  -  ResidentSetSize of job (KB)
...
006 (70945956.147.000) 03/28 22:09:55 Image size of job updated: 194
	194  -  MemoryUsage of job (MB)
	199124  -  ResidentSetSize of job (KB)
...
006 (70945956.147.000) 03/28 22:10:56 Image size of job updated: 194
	194  -  MemoryUsage of job (MB)
	199176  -  ResidentSetSize of job (KB)
...
006 (70945956.147.000) 03/28 22:11:56 Image size of job updated: 194
	194  -  MemoryUsage of job (MB)
	199236  -  ResidentSetSize of job (KB)
...
006 (70945956.147.000) 03/28 22:12:10 Image size of job updated: 194
	194  -  MemoryUsage of job (MB)
	199264  -  ResidentSetSize of job (KB)
...
005 (70945956.147.000) 03/28 22:12:10 Job terminated.
	(1) Normal termination (return value 0)
		Usr 0 00:08:38, Sys 0 00:00:29  -  Run Remote Usage
		Usr 0 00:00:00, Sys 0 00:00:00  -  Run Local Usage
		Usr 0 00:08:38, Sys 0 00:00:29  -  Total Remote Usage
		Usr 0 00:00:00, Sys 0 00:00:00  -  Total Local Usage
	156714  -  Run Bytes Sent By Job
	2246509  -  Run Bytes Received By Job
	156714  -  Total Bytes Sent By Job
	2246509  -  Total Bytes Received By Job
	Partitionable Resources :    Usage  Request Allocated 
	   Cpus                 :        0        1         1 
	   Disk (KB)            :     5164     2250    321581 
	   Memory (MB)          :      194     2000      2000 
...
