000 (70945956.009.000) 03/28 21:58:22 Job submitted from host: <131.225.188.235:9618?addrs=131.225.188.235-9618&noUDP&sock=14994_371f_3>
...
001 (70945956.009.000) 03/28 21:58:44 Job executing on host: <131.225.191.147:9618?addrs=131.225.191.147-9618&noUDP&sock=1158_dec2_3>
...
006 (70945956.009.000) 03/28 21:58:53 Image size of job updated: 5
	3  -  MemoryUsage of job (MB)
	3820  -  ResidentSetSize of job (KB)
...
006 (70945956.009.000) 03/28 21:59:54 Image size of job updated: 153
	153  -  MemoryUsage of job (MB)
	157640  -  ResidentSetSize of job (KB)
...
006 (70945956.009.000) 03/28 22:00:55 Image size of job updated: 153
	153  -  MemoryUsage of job (MB)
	157668  -  ResidentSetSize of job (KB)
...
006 (70945956.009.000) 03/28 22:01:55 Image size of job updated: 179
	179  -  MemoryUsage of job (MB)
	183800  -  ResidentSetSize of job (KB)
...
006 (70945956.009.000) 03/28 22:02:20 Image size of job updated: 179
	179  -  MemoryUsage of job (MB)
	183844  -  ResidentSetSize of job (KB)
...
005 (70945956.009.000) 03/28 22:02:21 Job terminated.
	(1) Normal termination (return value 0)
		Usr 0 00:01:47, Sys 0 00:00:09  -  Run Remote Usage
		Usr 0 00:00:00, Sys 0 00:00:00  -  Run Local Usage
		Usr 0 00:01:47, Sys 0 00:00:09  -  Total Remote Usage
		Usr 0 00:00:00, Sys 0 00:00:00  -  Total Local Usage
	145173  -  Run Bytes Sent By Job
	2246509  -  Run Bytes Received By Job
	145173  -  Total Bytes Sent By Job
	2246509  -  Total Bytes Received By Job
	Partitionable Resources :    Usage  Request Allocated 
	   Cpus                 :     0.00        1         1 
	   Disk (KB)            :  5153        2250    308034 
	   Memory (MB)          :   179        2000      2000 
...
