000 (70945956.042.000) 03/28 21:58:22 Job submitted from host: <131.225.188.235:9618?addrs=131.225.188.235-9618&noUDP&sock=14994_371f_3>
...
001 (70945956.042.000) 03/28 21:58:46 Job executing on host: <131.225.204.41:9618?addrs=131.225.204.41-9618&noUDP&sock=1177_e70f_3>
...
006 (70945956.042.000) 03/28 21:58:56 Image size of job updated: 17
	17  -  MemoryUsage of job (MB)
	18352  -  ResidentSetSize of job (KB)
...
006 (70945956.042.000) 03/28 21:59:56 Image size of job updated: 154
	154  -  MemoryUsage of job (MB)
	158132  -  ResidentSetSize of job (KB)
...
006 (70945956.042.000) 03/28 22:00:56 Image size of job updated: 154
	154  -  MemoryUsage of job (MB)
	158280  -  ResidentSetSize of job (KB)
...
006 (70945956.042.000) 03/28 22:01:56 Image size of job updated: 181
	181  -  MemoryUsage of job (MB)
	186084  -  ResidentSetSize of job (KB)
...
006 (70945956.042.000) 03/28 22:02:15 Image size of job updated: 181
	181  -  MemoryUsage of job (MB)
	186120  -  ResidentSetSize of job (KB)
...
005 (70945956.042.000) 03/28 22:02:18 Job terminated.
	(1) Normal termination (return value 0)
		Usr 0 00:01:54, Sys 0 00:00:07  -  Run Remote Usage
		Usr 0 00:00:00, Sys 0 00:00:00  -  Run Local Usage
		Usr 0 00:01:54, Sys 0 00:00:07  -  Total Remote Usage
		Usr 0 00:00:00, Sys 0 00:00:00  -  Total Local Usage
	144959  -  Run Bytes Sent By Job
	2246509  -  Run Bytes Received By Job
	144959  -  Total Bytes Sent By Job
	2246509  -  Total Bytes Received By Job
	Partitionable Resources :    Usage  Request Allocated 
	   Cpus                 :        0        1         1 
	   Disk (KB)            :     5153     2250    330129 
	   Memory (MB)          :      181     2000      2000 
...
