000 (70945956.072.000) 03/28 21:58:22 Job submitted from host: <131.225.188.235:9618?addrs=131.225.188.235-9618&noUDP&sock=14994_371f_3>
...
001 (70945956.072.000) 03/28 21:59:05 Job executing on host: <131.225.206.160:9618?addrs=131.225.206.160-9618&noUDP&sock=1155_cff9_3>
...
006 (70945956.072.000) 03/28 21:59:14 Image size of job updated: 17
	17  -  MemoryUsage of job (MB)
	18348  -  ResidentSetSize of job (KB)
...
006 (70945956.072.000) 03/28 22:00:14 Image size of job updated: 130
	130  -  MemoryUsage of job (MB)
	134100  -  ResidentSetSize of job (KB)
...
006 (70945956.072.000) 03/28 22:01:16 Image size of job updated: 156
	156  -  MemoryUsage of job (MB)
	159824  -  ResidentSetSize of job (KB)
...
006 (70945956.072.000) 03/28 22:02:16 Image size of job updated: 179
	179  -  MemoryUsage of job (MB)
	183960  -  ResidentSetSize of job (KB)
...
005 (70945956.072.000) 03/28 22:02:18 Job terminated.
	(1) Normal termination (return value 0)
		Usr 0 00:01:32, Sys 0 00:00:06  -  Run Remote Usage
		Usr 0 00:00:00, Sys 0 00:00:00  -  Run Local Usage
		Usr 0 00:01:32, Sys 0 00:00:06  -  Total Remote Usage
		Usr 0 00:00:00, Sys 0 00:00:00  -  Total Local Usage
	144752  -  Run Bytes Sent By Job
	2246509  -  Run Bytes Received By Job
	144752  -  Total Bytes Sent By Job
	2246509  -  Total Bytes Received By Job
	Partitionable Resources :    Usage  Request Allocated 
	   Cpus                 :        0        1         1 
	   Disk (KB)            :     5153     2250    332236 
	   Memory (MB)          :      179     2000      2000 
...
