000 (70945956.052.000) 03/28 21:58:22 Job submitted from host: <131.225.188.235:9618?addrs=131.225.188.235-9618&noUDP&sock=14994_371f_3>
...
001 (70945956.052.000) 03/28 21:58:48 Job executing on host: <131.225.191.134:9618?addrs=131.225.191.134-9618&noUDP&sock=1175_87de_3>
...
006 (70945956.052.000) 03/28 21:58:57 Image size of job updated: 10
	10  -  MemoryUsage of job (MB)
	10324  -  ResidentSetSize of job (KB)
...
006 (70945956.052.000) 03/28 21:59:58 Image size of job updated: 154
	154  -  MemoryUsage of job (MB)
	158300  -  ResidentSetSize of job (KB)
...
006 (70945956.052.000) 03/28 22:00:58 Image size of job updated: 154
	154  -  MemoryUsage of job (MB)
	158456  -  ResidentSetSize of job (KB)
...
006 (70945956.052.000) 03/28 22:01:58 Image size of job updated: 181
	181  -  MemoryUsage of job (MB)
	186168  -  ResidentSetSize of job (KB)
...
006 (70945956.052.000) 03/28 22:02:30 Image size of job updated: 181
	181  -  MemoryUsage of job (MB)
	186248  -  ResidentSetSize of job (KB)
...
005 (70945956.052.000) 03/28 22:02:33 Job terminated.
	(1) Normal termination (return value 0)
		Usr 0 00:02:04, Sys 0 00:00:09  -  Run Remote Usage
		Usr 0 00:00:00, Sys 0 00:00:00  -  Run Local Usage
		Usr 0 00:02:04, Sys 0 00:00:09  -  Total Remote Usage
		Usr 0 00:00:00, Sys 0 00:00:00  -  Total Local Usage
	145072  -  Run Bytes Sent By Job
	2246509  -  Run Bytes Received By Job
	145072  -  Total Bytes Sent By Job
	2246509  -  Total Bytes Received By Job
	Partitionable Resources :    Usage  Request Allocated 
	   Cpus                 :        0        1         1 
	   Disk (KB)            :     5153     2250    313573 
	   Memory (MB)          :      181     2000      2000 
...
