000 (70945956.143.000) 03/28 21:58:22 Job submitted from host: <131.225.188.235:9618?addrs=131.225.188.235-9618&noUDP&sock=14994_371f_3>
...
001 (70945956.143.000) 03/28 21:59:15 Job executing on host: <131.225.206.188:9618?addrs=131.225.206.188-9618&noUDP&sock=1171_c97d_3>
...
006 (70945956.143.000) 03/28 21:59:24 Image size of job updated: 14
	14  -  MemoryUsage of job (MB)
	15068  -  ResidentSetSize of job (KB)
...
006 (70945956.143.000) 03/28 22:01:24 Image size of job updated: 88
	88  -  MemoryUsage of job (MB)
	90944  -  ResidentSetSize of job (KB)
...
006 (70945956.143.000) 03/28 22:02:24 Image size of job updated: 167
	167  -  MemoryUsage of job (MB)
	171432  -  ResidentSetSize of job (KB)
...
006 (70945956.143.000) 03/28 22:03:24 Image size of job updated: 167
	167  -  MemoryUsage of job (MB)
	171488  -  ResidentSetSize of job (KB)
...
006 (70945956.143.000) 03/28 22:04:24 Image size of job updated: 168
	168  -  MemoryUsage of job (MB)
	172152  -  ResidentSetSize of job (KB)
...
006 (70945956.143.000) 03/28 22:05:25 Image size of job updated: 168
	168  -  MemoryUsage of job (MB)
	172224  -  ResidentSetSize of job (KB)
...
006 (70945956.143.000) 03/28 22:06:26 Image size of job updated: 168
	168  -  MemoryUsage of job (MB)
	172292  -  ResidentSetSize of job (KB)
...
006 (70945956.143.000) 03/28 22:07:27 Image size of job updated: 193
	193  -  MemoryUsage of job (MB)
	198552  -  ResidentSetSize of job (KB)
...
006 (70945956.143.000) 03/28 22:08:27 Image size of job updated: 193
	193  -  MemoryUsage of job (MB)
	198644  -  ResidentSetSize of job (KB)
...
006 (70945956.143.000) 03/28 22:09:27 Image size of job updated: 194
	194  -  MemoryUsage of job (MB)
	198688  -  ResidentSetSize of job (KB)
...
006 (70945956.143.000) 03/28 22:10:27 Image size of job updated: 194
	194  -  MemoryUsage of job (MB)
	198772  -  ResidentSetSize of job (KB)
...
006 (70945956.143.000) 03/28 22:11:27 Image size of job updated: 194
	194  -  MemoryUsage of job (MB)
	198848  -  ResidentSetSize of job (KB)
...
006 (70945956.143.000) 03/28 22:12:28 Image size of job updated: 194
	194  -  MemoryUsage of job (MB)
	198932  -  ResidentSetSize of job (KB)
...
006 (70945956.143.000) 03/28 22:12:50 Image size of job updated: 194
	194  -  MemoryUsage of job (MB)
	199112  -  ResidentSetSize of job (KB)
...
005 (70945956.143.000) 03/28 22:12:50 Job terminated.
	(1) Normal termination (return value 0)
		Usr 0 00:10:02, Sys 0 00:00:37  -  Run Remote Usage
		Usr 0 00:00:00, Sys 0 00:00:00  -  Run Local Usage
		Usr 0 00:10:02, Sys 0 00:00:37  -  Total Remote Usage
		Usr 0 00:00:00, Sys 0 00:00:00  -  Total Local Usage
	213181  -  Run Bytes Sent By Job
	2246509  -  Run Bytes Received By Job
	213181  -  Total Bytes Sent By Job
	2246509  -  Total Bytes Received By Job
	Partitionable Resources :    Usage  Request Allocated 
	   Cpus                 :        0        1         1 
	   Disk (KB)            :   207611     2250    303092 
	   Memory (MB)          :      194     2000      2000 
...
