000 (70945956.190.000) 03/28 21:58:23 Job submitted from host: <131.225.188.235:9618?addrs=131.225.188.235-9618&noUDP&sock=14994_371f_3>
...
001 (70945956.190.000) 03/28 21:59:33 Job executing on host: <131.225.206.181:9618?addrs=131.225.206.181-9618&noUDP&sock=1153_70c9_3>
...
006 (70945956.190.000) 03/28 21:59:41 Image size of job updated: 17
	17  -  MemoryUsage of job (MB)
	17556  -  ResidentSetSize of job (KB)
...
006 (70945956.190.000) 03/28 22:00:42 Image size of job updated: 148
	148  -  MemoryUsage of job (MB)
	152116  -  ResidentSetSize of job (KB)
...
006 (70945956.190.000) 03/28 22:03:42 Image size of job updated: 166
	166  -  MemoryUsage of job (MB)
	170804  -  ResidentSetSize of job (KB)
...
006 (70945956.190.000) 03/28 22:04:42 Image size of job updated: 166
	166  -  MemoryUsage of job (MB)
	170964  -  ResidentSetSize of job (KB)
...
006 (70945956.190.000) 03/28 22:05:43 Image size of job updated: 167
	167  -  MemoryUsage of job (MB)
	171136  -  ResidentSetSize of job (KB)
...
006 (70945956.190.000) 03/28 22:06:44 Image size of job updated: 167
	167  -  MemoryUsage of job (MB)
	171196  -  ResidentSetSize of job (KB)
...
006 (70945956.190.000) 03/28 22:07:45 Image size of job updated: 167
	167  -  MemoryUsage of job (MB)
	171260  -  ResidentSetSize of job (KB)
...
006 (70945956.190.000) 03/28 22:08:46 Image size of job updated: 167
	167  -  MemoryUsage of job (MB)
	171288  -  ResidentSetSize of job (KB)
...
006 (70945956.190.000) 03/28 22:09:47 Image size of job updated: 167
	167  -  MemoryUsage of job (MB)
	171348  -  ResidentSetSize of job (KB)
...
006 (70945956.190.000) 03/28 22:10:47 Image size of job updated: 167
	167  -  MemoryUsage of job (MB)
	171388  -  ResidentSetSize of job (KB)
...
006 (70945956.190.000) 03/28 22:11:47 Image size of job updated: 191
	191  -  MemoryUsage of job (MB)
	195748  -  ResidentSetSize of job (KB)
...
006 (70945956.190.000) 03/28 22:12:47 Image size of job updated: 191
	191  -  MemoryUsage of job (MB)
	195832  -  ResidentSetSize of job (KB)
...
006 (70945956.190.000) 03/28 22:13:47 Image size of job updated: 191
	191  -  MemoryUsage of job (MB)
	195884  -  ResidentSetSize of job (KB)
...
006 (70945956.190.000) 03/28 22:14:48 Image size of job updated: 191
	191  -  MemoryUsage of job (MB)
	195940  -  ResidentSetSize of job (KB)
...
006 (70945956.190.000) 03/28 22:15:49 Image size of job updated: 191
	191  -  MemoryUsage of job (MB)
	196024  -  ResidentSetSize of job (KB)
...
005 (70945956.190.000) 03/28 22:16:00 Job terminated.
	(1) Normal termination (return value 0)
		Usr 0 00:08:27, Sys 0 00:00:32  -  Run Remote Usage
		Usr 0 00:00:00, Sys 0 00:00:00  -  Run Local Usage
		Usr 0 00:08:27, Sys 0 00:00:32  -  Total Remote Usage
		Usr 0 00:00:00, Sys 0 00:00:00  -  Total Local Usage
	157560  -  Run Bytes Sent By Job
	2246509  -  Run Bytes Received By Job
	157560  -  Total Bytes Sent By Job
	2246509  -  Total Bytes Received By Job
	Partitionable Resources :    Usage  Request Allocated 
	   Cpus                 :     0.00        1         1 
	   Disk (KB)            :  5165        2250    320888 
	   Memory (MB)          :   191        2000      2000 
...
