000 (70945956.202.000) 03/28 21:58:23 Job submitted from host: <131.225.188.235:9618?addrs=131.225.188.235-9618&noUDP&sock=14994_371f_3>
...
001 (70945956.202.000) 03/28 21:59:36 Job executing on host: <131.225.204.111:9618?addrs=131.225.204.111-9618&noUDP&sock=1151_1198_3>
...
006 (70945956.202.000) 03/28 21:59:45 Image size of job updated: 14
	14  -  MemoryUsage of job (MB)
	15316  -  ResidentSetSize of job (KB)
...
006 (70945956.202.000) 03/28 22:00:45 Image size of job updated: 26
	26  -  MemoryUsage of job (MB)
	27524  -  ResidentSetSize of job (KB)
...
006 (70945956.202.000) 03/28 22:01:45 Image size of job updated: 99
	99  -  MemoryUsage of job (MB)
	101960  -  ResidentSetSize of job (KB)
...
006 (70945956.202.000) 03/28 22:02:46 Image size of job updated: 163
	163  -  MemoryUsage of job (MB)
	167348  -  ResidentSetSize of job (KB)
...
006 (70945956.202.000) 03/28 22:03:47 Image size of job updated: 163
	163  -  MemoryUsage of job (MB)
	167504  -  ResidentSetSize of job (KB)
...
006 (70945956.202.000) 03/28 22:04:47 Image size of job updated: 163
	163  -  MemoryUsage of job (MB)
	167588  -  ResidentSetSize of job (KB)
...
006 (70945956.202.000) 03/28 22:05:47 Image size of job updated: 163
	163  -  MemoryUsage of job (MB)
	167664  -  ResidentSetSize of job (KB)
...
006 (70945956.202.000) 03/28 22:06:47 Image size of job updated: 163
	163  -  MemoryUsage of job (MB)
	167776  -  ResidentSetSize of job (KB)
...
006 (70945956.202.000) 03/28 22:07:47 Image size of job updated: 188
	188  -  MemoryUsage of job (MB)
	193268  -  ResidentSetSize of job (KB)
...
006 (70945956.202.000) 03/28 22:08:48 Image size of job updated: 188
	188  -  MemoryUsage of job (MB)
	193308  -  ResidentSetSize of job (KB)
...
006 (70945956.202.000) 03/28 22:09:49 Image size of job updated: 188
	188  -  MemoryUsage of job (MB)
	193392  -  ResidentSetSize of job (KB)
...
006 (70945956.202.000) 03/28 22:10:50 Image size of job updated: 188
	188  -  MemoryUsage of job (MB)
	193476  -  ResidentSetSize of job (KB)
...
006 (70945956.202.000) 03/28 22:11:43 Image size of job updated: 189
	189  -  MemoryUsage of job (MB)
	193536  -  ResidentSetSize of job (KB)
...
005 (70945956.202.000) 03/28 22:11:43 Job terminated.
	(1) Normal termination (return value 0)
		Usr 0 00:07:47, Sys 0 00:00:29  -  Run Remote Usage
		Usr 0 00:00:00, Sys 0 00:00:00  -  Run Local Usage
		Usr 0 00:07:47, Sys 0 00:00:29  -  Total Remote Usage
		Usr 0 00:00:00, Sys 0 00:00:00  -  Total Local Usage
	154861  -  Run Bytes Sent By Job
	2246509  -  Run Bytes Received By Job
	154861  -  Total Bytes Sent By Job
	2246509  -  Total Bytes Received By Job
	Partitionable Resources :    Usage  Request Allocated 
	   Cpus                 :        0        1         1 
	   Disk (KB)            :     5162     2250    324091 
	   Memory (MB)          :      189     2000      2000 
...
