000 (70945956.025.000) 03/28 21:58:22 Job submitted from host: <131.225.188.235:9618?addrs=131.225.188.235-9618&noUDP&sock=14994_371f_3>
...
001 (70945956.025.000) 03/28 21:58:47 Job executing on host: <131.225.206.107:9618?addrs=131.225.206.107-9618&noUDP&sock=1200_adbc_3>
...
006 (70945956.025.000) 03/28 21:58:56 Image size of job updated: 5
	3  -  MemoryUsage of job (MB)
	3800  -  ResidentSetSize of job (KB)
...
006 (70945956.025.000) 03/28 21:59:56 Image size of job updated: 153
	153  -  MemoryUsage of job (MB)
	156728  -  ResidentSetSize of job (KB)
...
006 (70945956.025.000) 03/28 22:00:56 Image size of job updated: 153
	153  -  MemoryUsage of job (MB)
	157004  -  ResidentSetSize of job (KB)
...
006 (70945956.025.000) 03/28 22:01:56 Image size of job updated: 177
	177  -  MemoryUsage of job (MB)
	181868  -  ResidentSetSize of job (KB)
...
006 (70945956.025.000) 03/28 22:02:09 Image size of job updated: 177
	177  -  MemoryUsage of job (MB)
	181904  -  ResidentSetSize of job (KB)
...
005 (70945956.025.000) 03/28 22:02:12 Job terminated.
	(1) Normal termination (return value 0)
		Usr 0 00:02:04, Sys 0 00:00:10  -  Run Remote Usage
		Usr 0 00:00:00, Sys 0 00:00:00  -  Run Local Usage
		Usr 0 00:02:04, Sys 0 00:00:10  -  Total Remote Usage
		Usr 0 00:00:00, Sys 0 00:00:00  -  Total Local Usage
	145180  -  Run Bytes Sent By Job
	2246509  -  Run Bytes Received By Job
	145180  -  Total Bytes Sent By Job
	2246509  -  Total Bytes Received By Job
	Partitionable Resources :    Usage  Request Allocated 
	   Cpus                 :     0.00        1         1 
	   Disk (KB)            :  5153        2250    322796 
	   Memory (MB)          :   177        2000      2000 
...
