000 (70945956.026.000) 03/28 21:58:22 Job submitted from host: <131.225.188.235:9618?addrs=131.225.188.235-9618&noUDP&sock=14994_371f_3>
...
001 (70945956.026.000) 03/28 21:58:47 Job executing on host: <131.225.206.28:9618?addrs=131.225.206.28-9618&noUDP&sock=1157_2f2a_3>
...
006 (70945956.026.000) 03/28 21:58:57 Image size of job updated: 5
	5  -  MemoryUsage of job (MB)
	6072  -  ResidentSetSize of job (KB)
...
006 (70945956.026.000) 03/28 21:59:56 Image size of job updated: 153
	153  -  MemoryUsage of job (MB)
	157684  -  ResidentSetSize of job (KB)
...
006 (70945956.026.000) 03/28 22:00:57 Image size of job updated: 154
	154  -  MemoryUsage of job (MB)
	157820  -  ResidentSetSize of job (KB)
...
006 (70945956.026.000) 03/28 22:01:56 Image size of job updated: 179
	179  -  MemoryUsage of job (MB)
	183976  -  ResidentSetSize of job (KB)
...
005 (70945956.026.000) 03/28 22:01:59 Job terminated.
	(1) Normal termination (return value 0)
		Usr 0 00:01:55, Sys 0 00:00:09  -  Run Remote Usage
		Usr 0 00:00:00, Sys 0 00:00:00  -  Run Local Usage
		Usr 0 00:01:55, Sys 0 00:00:09  -  Total Remote Usage
		Usr 0 00:00:00, Sys 0 00:00:00  -  Total Local Usage
	144937  -  Run Bytes Sent By Job
	2246509  -  Run Bytes Received By Job
	144937  -  Total Bytes Sent By Job
	2246509  -  Total Bytes Received By Job
	Partitionable Resources :    Usage  Request Allocated 
	   Cpus                 :     0.00        1         1 
	   Disk (KB)            :  5153        2250    316693 
	   Memory (MB)          :   179        2000      2000 
...
