000 (70945956.110.000) 03/28 21:58:22 Job submitted from host: <131.225.188.235:9618?addrs=131.225.188.235-9618&noUDP&sock=14994_371f_3>
...
001 (70945956.110.000) 03/28 21:58:58 Job executing on host: <131.225.206.236:9618?addrs=131.225.206.236-9618&noUDP&sock=1151_1198_3>
...
006 (70945956.110.000) 03/28 21:59:07 Image size of job updated: 10
	10  -  MemoryUsage of job (MB)
	10812  -  ResidentSetSize of job (KB)
...
006 (70945956.110.000) 03/28 22:00:07 Image size of job updated: 154
	154  -  MemoryUsage of job (MB)
	157984  -  ResidentSetSize of job (KB)
...
006 (70945956.110.000) 03/28 22:01:07 Image size of job updated: 175
	175  -  MemoryUsage of job (MB)
	179664  -  ResidentSetSize of job (KB)
...
006 (70945956.110.000) 03/28 22:01:36 Image size of job updated: 175
	175  -  MemoryUsage of job (MB)
	179696  -  ResidentSetSize of job (KB)
...
005 (70945956.110.000) 03/28 22:01:40 Job terminated.
	(1) Normal termination (return value 0)
		Usr 0 00:01:58, Sys 0 00:00:06  -  Run Remote Usage
		Usr 0 00:00:00, Sys 0 00:00:00  -  Run Local Usage
		Usr 0 00:01:58, Sys 0 00:00:06  -  Total Remote Usage
		Usr 0 00:00:00, Sys 0 00:00:00  -  Total Local Usage
	144876  -  Run Bytes Sent By Job
	2246509  -  Run Bytes Received By Job
	144876  -  Total Bytes Sent By Job
	2246509  -  Total Bytes Received By Job
	Partitionable Resources :    Usage  Request Allocated 
	   Cpus                 :        0        1         1 
	   Disk (KB)            :     5152     2250    303612 
	   Memory (MB)          :      175     2000      2000 
...
