000 (70945956.198.000) 03/28 21:58:23 Job submitted from host: <131.225.188.235:9618?addrs=131.225.188.235-9618&noUDP&sock=14994_371f_3>
...
001 (70945956.198.000) 03/28 21:59:35 Job executing on host: <131.225.204.78:9618?addrs=131.225.204.78-9618&noUDP&sock=1155_cff9_3>
...
006 (70945956.198.000) 03/28 22:00:44 Image size of job updated: 132
	132  -  MemoryUsage of job (MB)
	135756  -  ResidentSetSize of job (KB)
...
006 (70945956.198.000) 03/28 22:01:45 Image size of job updated: 160
	160  -  MemoryUsage of job (MB)
	164816  -  ResidentSetSize of job (KB)
...
006 (70945956.198.000) 03/28 22:02:45 Image size of job updated: 161
	161  -  MemoryUsage of job (MB)
	165348  -  ResidentSetSize of job (KB)
...
006 (70945956.198.000) 03/28 22:03:46 Image size of job updated: 161
	161  -  MemoryUsage of job (MB)
	165468  -  ResidentSetSize of job (KB)
...
006 (70945956.198.000) 03/28 22:04:47 Image size of job updated: 161
	161  -  MemoryUsage of job (MB)
	165640  -  ResidentSetSize of job (KB)
...
006 (70945956.198.000) 03/28 22:05:48 Image size of job updated: 161
	161  -  MemoryUsage of job (MB)
	165748  -  ResidentSetSize of job (KB)
...
006 (70945956.198.000) 03/28 22:06:49 Image size of job updated: 161
	161  -  MemoryUsage of job (MB)
	165796  -  ResidentSetSize of job (KB)
...
006 (70945956.198.000) 03/28 22:07:50 Image size of job updated: 185
	185  -  MemoryUsage of job (MB)
	190196  -  ResidentSetSize of job (KB)
...
006 (70945956.198.000) 03/28 22:08:50 Image size of job updated: 185
	185  -  MemoryUsage of job (MB)
	190284  -  ResidentSetSize of job (KB)
...
006 (70945956.198.000) 03/28 22:09:50 Image size of job updated: 185
	185  -  MemoryUsage of job (MB)
	190340  -  ResidentSetSize of job (KB)
...
006 (70945956.198.000) 03/28 22:10:50 Image size of job updated: 185
	185  -  MemoryUsage of job (MB)
	190432  -  ResidentSetSize of job (KB)
...
006 (70945956.198.000) 03/28 22:11:36 Image size of job updated: 186
	186  -  MemoryUsage of job (MB)
	190496  -  ResidentSetSize of job (KB)
...
005 (70945956.198.000) 03/28 22:11:37 Job terminated.
	(1) Normal termination (return value 0)
		Usr 0 00:07:16, Sys 0 00:00:26  -  Run Remote Usage
		Usr 0 00:00:00, Sys 0 00:00:00  -  Run Local Usage
		Usr 0 00:07:16, Sys 0 00:00:26  -  Total Remote Usage
		Usr 0 00:00:00, Sys 0 00:00:00  -  Total Local Usage
	153526  -  Run Bytes Sent By Job
	2246509  -  Run Bytes Received By Job
	153526  -  Total Bytes Sent By Job
	2246509  -  Total Bytes Received By Job
	Partitionable Resources :    Usage  Request Allocated 
	   Cpus                 :     0.00        1         1 
	   Disk (KB)            :  5161        2250    307858 
	   Memory (MB)          :   186        2000      2000 
...
