000 (70945956.173.000) 03/28 21:58:23 Job submitted from host: <131.225.188.235:9618?addrs=131.225.188.235-9618&noUDP&sock=14994_371f_3>
...
001 (70945956.173.000) 03/28 21:59:26 Job executing on host: <131.225.206.208:9618?addrs=131.225.206.208-9618&noUDP&sock=1156_7f92_3>
...
006 (70945956.173.000) 03/28 21:59:37 Image size of job updated: 28
	28  -  MemoryUsage of job (MB)
	28972  -  ResidentSetSize of job (KB)
...
006 (70945956.173.000) 03/28 22:00:36 Image size of job updated: 132
	132  -  MemoryUsage of job (MB)
	135760  -  ResidentSetSize of job (KB)
...
006 (70945956.173.000) 03/28 22:01:37 Image size of job updated: 146
	146  -  MemoryUsage of job (MB)
	149956  -  ResidentSetSize of job (KB)
...
006 (70945956.173.000) 03/28 22:02:37 Image size of job updated: 166
	166  -  MemoryUsage of job (MB)
	170972  -  ResidentSetSize of job (KB)
...
006 (70945956.173.000) 03/28 22:03:37 Image size of job updated: 167
	167  -  MemoryUsage of job (MB)
	171064  -  ResidentSetSize of job (KB)
...
006 (70945956.173.000) 03/28 22:04:38 Image size of job updated: 167
	167  -  MemoryUsage of job (MB)
	171184  -  ResidentSetSize of job (KB)
...
006 (70945956.173.000) 03/28 22:05:40 Image size of job updated: 167
	167  -  MemoryUsage of job (MB)
	171260  -  ResidentSetSize of job (KB)
...
006 (70945956.173.000) 03/28 22:06:40 Image size of job updated: 167
	167  -  MemoryUsage of job (MB)
	171348  -  ResidentSetSize of job (KB)
...
006 (70945956.173.000) 03/28 22:07:40 Image size of job updated: 167
	167  -  MemoryUsage of job (MB)
	171460  -  ResidentSetSize of job (KB)
...
006 (70945956.173.000) 03/28 22:08:40 Image size of job updated: 193
	193  -  MemoryUsage of job (MB)
	197792  -  ResidentSetSize of job (KB)
...
006 (70945956.173.000) 03/28 22:09:40 Image size of job updated: 193
	193  -  MemoryUsage of job (MB)
	197856  -  ResidentSetSize of job (KB)
...
006 (70945956.173.000) 03/28 22:10:40 Image size of job updated: 193
	193  -  MemoryUsage of job (MB)
	197940  -  ResidentSetSize of job (KB)
...
006 (70945956.173.000) 03/28 22:11:41 Image size of job updated: 201
	201  -  MemoryUsage of job (MB)
	206508  -  ResidentSetSize of job (KB)
...
006 (70945956.173.000) 03/28 22:12:42 Image size of job updated: 201
	201  -  MemoryUsage of job (MB)
	206572  -  ResidentSetSize of job (KB)
...
006 (70945956.173.000) 03/28 22:13:43 Image size of job updated: 201
	201  -  MemoryUsage of job (MB)
	206636  -  ResidentSetSize of job (KB)
...
006 (70945956.173.000) 03/28 22:14:11 Image size of job updated: 201
	201  -  MemoryUsage of job (MB)
	206668  -  ResidentSetSize of job (KB)
...
005 (70945956.173.000) 03/28 22:14:11 Job terminated.
	(1) Normal termination (return value 0)
		Usr 0 00:09:48, Sys 0 00:00:36  -  Run Remote Usage
		Usr 0 00:00:00, Sys 0 00:00:00  -  Run Local Usage
		Usr 0 00:09:48, Sys 0 00:00:36  -  Total Remote Usage
		Usr 0 00:00:00, Sys 0 00:00:00  -  Total Local Usage
	158365  -  Run Bytes Sent By Job
	2246509  -  Run Bytes Received By Job
	158365  -  Total Bytes Sent By Job
	2246509  -  Total Bytes Received By Job
	Partitionable Resources :    Usage  Request Allocated 
	   Cpus                 :     0.00        1         1 
	   Disk (KB)            :  5165        2250    327087 
	   Memory (MB)          :   201        2000      2000 
...
