000 (70945956.105.000) 03/28 21:58:22 Job submitted from host: <131.225.188.235:9618?addrs=131.225.188.235-9618&noUDP&sock=14994_371f_3>
...
001 (70945956.105.000) 03/28 21:58:57 Job executing on host: <131.225.204.44:9618?addrs=131.225.204.44-9618&noUDP&sock=1197_9ef4_3>
...
006 (70945956.105.000) 03/28 21:59:06 Image size of job updated: 15
	15  -  MemoryUsage of job (MB)
	16128  -  ResidentSetSize of job (KB)
...
006 (70945956.105.000) 03/28 22:00:07 Image size of job updated: 153
	153  -  MemoryUsage of job (MB)
	157652  -  ResidentSetSize of job (KB)
...
006 (70945956.105.000) 03/28 22:01:07 Image size of job updated: 154
	154  -  MemoryUsage of job (MB)
	157772  -  ResidentSetSize of job (KB)
...
006 (70945956.105.000) 03/28 22:01:54 Image size of job updated: 177
	177  -  MemoryUsage of job (MB)
	181616  -  ResidentSetSize of job (KB)
...
005 (70945956.105.000) 03/28 22:01:55 Job terminated.
	(1) Normal termination (return value 0)
		Usr 0 00:01:59, Sys 0 00:00:08  -  Run Remote Usage
		Usr 0 00:00:00, Sys 0 00:00:00  -  Run Local Usage
		Usr 0 00:01:59, Sys 0 00:00:08  -  Total Remote Usage
		Usr 0 00:00:00, Sys 0 00:00:00  -  Total Local Usage
	144852  -  Run Bytes Sent By Job
	2246509  -  Run Bytes Received By Job
	144852  -  Total Bytes Sent By Job
	2246509  -  Total Bytes Received By Job
	Partitionable Resources :    Usage  Request Allocated 
	   Cpus                 :        0        1         1 
	   Disk (KB)            :     5152     2250    331919 
	   Memory (MB)          :      177     2000      2000 
...
