000 (70945956.075.000) 03/28 21:58:22 Job submitted from host: <131.225.188.235:9618?addrs=131.225.188.235-9618&noUDP&sock=14994_371f_3>
...
001 (70945956.075.000) 03/28 21:59:07 Job executing on host: <131.225.191.148:9618?addrs=131.225.191.148-9618&noUDP&sock=1176_3777_3>
...
006 (70945956.075.000) 03/28 21:59:16 Image size of job updated: 25
	25  -  MemoryUsage of job (MB)
	26204  -  ResidentSetSize of job (KB)
...
006 (70945956.075.000) 03/28 22:00:17 Image size of job updated: 88
	88  -  MemoryUsage of job (MB)
	90292  -  ResidentSetSize of job (KB)
...
006 (70945956.075.000) 03/28 22:01:17 Image size of job updated: 172
	172  -  MemoryUsage of job (MB)
	176980  -  ResidentSetSize of job (KB)
...
006 (70945956.075.000) 03/28 22:02:15 Image size of job updated: 183
	183  -  MemoryUsage of job (MB)
	187788  -  ResidentSetSize of job (KB)
...
005 (70945956.075.000) 03/28 22:02:16 Job terminated.
	(1) Normal termination (return value 0)
		Usr 0 00:01:54, Sys 0 00:00:11  -  Run Remote Usage
		Usr 0 00:00:00, Sys 0 00:00:00  -  Run Local Usage
		Usr 0 00:01:54, Sys 0 00:00:11  -  Total Remote Usage
		Usr 0 00:00:00, Sys 0 00:00:00  -  Total Local Usage
	145845  -  Run Bytes Sent By Job
	2246509  -  Run Bytes Received By Job
	145845  -  Total Bytes Sent By Job
	2246509  -  Total Bytes Received By Job
	Partitionable Resources :    Usage  Request Allocated 
	   Cpus                 :     0.00        1         1 
	   Disk (KB)            :  5153        2250    307876 
	   Memory (MB)          :   183        2000      2000 
...
