000 (70945956.060.000) 03/28 21:58:22 Job submitted from host: <131.225.188.235:9618?addrs=131.225.188.235-9618&noUDP&sock=14994_371f_3>
...
001 (70945956.060.000) 03/28 21:59:03 Job executing on host: <131.225.204.101:9618?addrs=131.225.204.101-9618&noUDP&sock=1155_cff9_3>
...
006 (70945956.060.000) 03/28 21:59:12 Image size of job updated: 7
	7  -  MemoryUsage of job (MB)
	7268  -  ResidentSetSize of job (KB)
...
006 (70945956.060.000) 03/28 22:00:13 Image size of job updated: 77
	77  -  MemoryUsage of job (MB)
	79660  -  ResidentSetSize of job (KB)
...
006 (70945956.060.000) 03/28 22:01:13 Image size of job updated: 154
	154  -  MemoryUsage of job (MB)
	158300  -  ResidentSetSize of job (KB)
...
006 (70945956.060.000) 03/28 22:02:13 Image size of job updated: 154
	154  -  MemoryUsage of job (MB)
	158356  -  ResidentSetSize of job (KB)
...
006 (70945956.060.000) 03/28 22:03:06 Image size of job updated: 180
	180  -  MemoryUsage of job (MB)
	185196  -  ResidentSetSize of job (KB)
...
005 (70945956.060.000) 03/28 22:03:08 Job terminated.
	(1) Normal termination (return value 0)
		Usr 0 00:02:04, Sys 0 00:00:08  -  Run Remote Usage
		Usr 0 00:00:00, Sys 0 00:00:00  -  Run Local Usage
		Usr 0 00:02:04, Sys 0 00:00:08  -  Total Remote Usage
		Usr 0 00:00:00, Sys 0 00:00:00  -  Total Local Usage
	145070  -  Run Bytes Sent By Job
	2246509  -  Run Bytes Received By Job
	145070  -  Total Bytes Sent By Job
	2246509  -  Total Bytes Received By Job
	Partitionable Resources :    Usage  Request Allocated 
	   Cpus                 :        0        1         1 
	   Disk (KB)            :     5153     2250    317523 
	   Memory (MB)          :      180     2000      2000 
...
