000 (70945956.140.000) 03/28 21:58:22 Job submitted from host: <131.225.188.235:9618?addrs=131.225.188.235-9618&noUDP&sock=14994_371f_3>
...
001 (70945956.140.000) 03/28 21:59:14 Job executing on host: <131.225.206.10:9618?addrs=131.225.206.10-9618&noUDP&sock=1166_5b84_3>
...
006 (70945956.140.000) 03/28 21:59:23 Image size of job updated: 5
	4  -  MemoryUsage of job (MB)
	4948  -  ResidentSetSize of job (KB)
...
006 (70945956.140.000) 03/28 22:00:23 Image size of job updated: 10
	10  -  MemoryUsage of job (MB)
	11024  -  ResidentSetSize of job (KB)
...
006 (70945956.140.000) 03/28 22:01:24 Image size of job updated: 163
	163  -  MemoryUsage of job (MB)
	166924  -  ResidentSetSize of job (KB)
...
006 (70945956.140.000) 03/28 22:02:26 Image size of job updated: 163
	163  -  MemoryUsage of job (MB)
	167716  -  ResidentSetSize of job (KB)
...
006 (70945956.140.000) 03/28 22:03:26 Image size of job updated: 163
	163  -  MemoryUsage of job (MB)
	167884  -  ResidentSetSize of job (KB)
...
006 (70945956.140.000) 03/28 22:04:26 Image size of job updated: 164
	164  -  MemoryUsage of job (MB)
	167960  -  ResidentSetSize of job (KB)
...
006 (70945956.140.000) 03/28 22:05:26 Image size of job updated: 164
	164  -  MemoryUsage of job (MB)
	168100  -  ResidentSetSize of job (KB)
...
006 (70945956.140.000) 03/28 22:06:26 Image size of job updated: 188
	188  -  MemoryUsage of job (MB)
	193208  -  ResidentSetSize of job (KB)
...
006 (70945956.140.000) 03/28 22:07:27 Image size of job updated: 188
	188  -  MemoryUsage of job (MB)
	193456  -  ResidentSetSize of job (KB)
...
006 (70945956.140.000) 03/28 22:08:28 Image size of job updated: 189
	189  -  MemoryUsage of job (MB)
	193552  -  ResidentSetSize of job (KB)
...
006 (70945956.140.000) 03/28 22:09:22 Image size of job updated: 189
	189  -  MemoryUsage of job (MB)
	193600  -  ResidentSetSize of job (KB)
...
005 (70945956.140.000) 03/28 22:09:23 Job terminated.
	(1) Normal termination (return value 0)
		Usr 0 00:07:13, Sys 0 00:00:25  -  Run Remote Usage
		Usr 0 00:00:00, Sys 0 00:00:00  -  Run Local Usage
		Usr 0 00:07:13, Sys 0 00:00:25  -  Total Remote Usage
		Usr 0 00:00:00, Sys 0 00:00:00  -  Total Local Usage
	153439  -  Run Bytes Sent By Job
	2246509  -  Run Bytes Received By Job
	153439  -  Total Bytes Sent By Job
	2246509  -  Total Bytes Received By Job
	Partitionable Resources :    Usage  Request Allocated 
	   Cpus                 :        0        1         1 
	   Disk (KB)            :     5161     2250    312418 
	   Memory (MB)          :      189     2000      2000 
...
