000 (70945956.068.000) 03/28 21:58:22 Job submitted from host: <131.225.188.235:9618?addrs=131.225.188.235-9618&noUDP&sock=14994_371f_3>
...
001 (70945956.068.000) 03/28 21:58:50 Job executing on host: <131.225.204.74:9618?addrs=131.225.204.74-9618&noUDP&sock=1155_cff9_3>
...
006 (70945956.068.000) 03/28 21:59:00 Image size of job updated: 5
	4  -  MemoryUsage of job (MB)
	4380  -  ResidentSetSize of job (KB)
...
006 (70945956.068.000) 03/28 22:00:00 Image size of job updated: 154
	154  -  MemoryUsage of job (MB)
	158036  -  ResidentSetSize of job (KB)
...
006 (70945956.068.000) 03/28 22:01:00 Image size of job updated: 154
	154  -  MemoryUsage of job (MB)
	158096  -  ResidentSetSize of job (KB)
...
006 (70945956.068.000) 03/28 22:02:00 Image size of job updated: 173
	173  -  MemoryUsage of job (MB)
	178108  -  ResidentSetSize of job (KB)
...
006 (70945956.068.000) 03/28 22:02:42 Image size of job updated: 180
	180  -  MemoryUsage of job (MB)
	184616  -  ResidentSetSize of job (KB)
...
005 (70945956.068.000) 03/28 22:02:45 Job terminated.
	(1) Normal termination (return value 0)
		Usr 0 00:01:53, Sys 0 00:00:07  -  Run Remote Usage
		Usr 0 00:00:00, Sys 0 00:00:00  -  Run Local Usage
		Usr 0 00:01:53, Sys 0 00:00:07  -  Total Remote Usage
		Usr 0 00:00:00, Sys 0 00:00:00  -  Total Local Usage
	144948  -  Run Bytes Sent By Job
	2246509  -  Run Bytes Received By Job
	144948  -  Total Bytes Sent By Job
	2246509  -  Total Bytes Received By Job
	Partitionable Resources :    Usage  Request Allocated 
	   Cpus                 :     0.00        1         1 
	   Disk (KB)            :  5153        2250    307682 
	   Memory (MB)          :   180        2000      2000 
...
