000 (70945956.111.000) 03/28 21:58:22 Job submitted from host: <131.225.188.235:9618?addrs=131.225.188.235-9618&noUDP&sock=14994_371f_3>
...
001 (70945956.111.000) 03/28 21:58:59 Job executing on host: <131.225.191.132:9618?addrs=131.225.191.132-9618&noUDP&sock=1181_a570_3>
...
006 (70945956.111.000) 03/28 21:59:10 Image size of job updated: 58
	58  -  MemoryUsage of job (MB)
	59520  -  ResidentSetSize of job (KB)
...
006 (70945956.111.000) 03/28 22:00:09 Image size of job updated: 154
	154  -  MemoryUsage of job (MB)
	158268  -  ResidentSetSize of job (KB)
...
006 (70945956.111.000) 03/28 22:01:09 Image size of job updated: 180
	180  -  MemoryUsage of job (MB)
	184704  -  ResidentSetSize of job (KB)
...
006 (70945956.111.000) 03/28 22:01:21 Image size of job updated: 180
	180  -  MemoryUsage of job (MB)
	184744  -  ResidentSetSize of job (KB)
...
005 (70945956.111.000) 03/28 22:01:21 Job terminated.
	(1) Normal termination (return value 0)
		Usr 0 00:01:50, Sys 0 00:00:05  -  Run Remote Usage
		Usr 0 00:00:00, Sys 0 00:00:00  -  Run Local Usage
		Usr 0 00:01:50, Sys 0 00:00:05  -  Total Remote Usage
		Usr 0 00:00:00, Sys 0 00:00:00  -  Total Local Usage
	145363  -  Run Bytes Sent By Job
	2246509  -  Run Bytes Received By Job
	145363  -  Total Bytes Sent By Job
	2246509  -  Total Bytes Received By Job
	Partitionable Resources :    Usage  Request Allocated 
	   Cpus                 :     0.00        1         1 
	   Disk (KB)            :  5153        2250    321316 
	   Memory (MB)          :   180        2000      2000 
...
