000 (70945956.019.000) 03/28 21:58:22 Job submitted from host: <131.225.188.235:9618?addrs=131.225.188.235-9618&noUDP&sock=14994_371f_3>
...
001 (70945956.019.000) 03/28 21:58:41 Job executing on host: <131.225.206.162:9618?addrs=131.225.206.162-9618&noUDP&sock=1154_2061_3>
...
006 (70945956.019.000) 03/28 21:58:49 Image size of job updated: 7
	7  -  MemoryUsage of job (MB)
	7892  -  ResidentSetSize of job (KB)
...
006 (70945956.019.000) 03/28 21:59:50 Image size of job updated: 154
	154  -  MemoryUsage of job (MB)
	158000  -  ResidentSetSize of job (KB)
...
006 (70945956.019.000) 03/28 22:00:50 Image size of job updated: 154
	154  -  MemoryUsage of job (MB)
	158116  -  ResidentSetSize of job (KB)
...
006 (70945956.019.000) 03/28 22:01:48 Image size of job updated: 178
	178  -  MemoryUsage of job (MB)
	182948  -  ResidentSetSize of job (KB)
...
005 (70945956.019.000) 03/28 22:01:49 Job terminated.
	(1) Normal termination (return value 0)
		Usr 0 00:01:51, Sys 0 00:00:07  -  Run Remote Usage
		Usr 0 00:00:00, Sys 0 00:00:00  -  Run Local Usage
		Usr 0 00:01:51, Sys 0 00:00:07  -  Total Remote Usage
		Usr 0 00:00:00, Sys 0 00:00:00  -  Total Local Usage
	145043  -  Run Bytes Sent By Job
	2246509  -  Run Bytes Received By Job
	145043  -  Total Bytes Sent By Job
	2246509  -  Total Bytes Received By Job
	Partitionable Resources :    Usage  Request Allocated 
	   Cpus                 :        0        1         1 
	   Disk (KB)            :     5153     2250    339484 
	   Memory (MB)          :      178     2000      2000 
...
