000 (70945956.049.000) 03/28 21:58:22 Job submitted from host: <131.225.188.235:9618?addrs=131.225.188.235-9618&noUDP&sock=14994_371f_3>
...
001 (70945956.049.000) 03/28 21:58:48 Job executing on host: <131.225.204.47:9618?addrs=131.225.204.47-9618&noUDP&sock=1159_8e5a_3>
...
006 (70945956.049.000) 03/28 21:58:57 Image size of job updated: 14
	14  -  MemoryUsage of job (MB)
	15244  -  ResidentSetSize of job (KB)
...
006 (70945956.049.000) 03/28 21:59:58 Image size of job updated: 88
	88  -  MemoryUsage of job (MB)
	90360  -  ResidentSetSize of job (KB)
...
006 (70945956.049.000) 03/28 22:00:58 Image size of job updated: 129
	129  -  MemoryUsage of job (MB)
	132880  -  ResidentSetSize of job (KB)
...
006 (70945956.049.000) 03/28 22:01:58 Image size of job updated: 151
	151  -  MemoryUsage of job (MB)
	155436  -  ResidentSetSize of job (KB)
...
006 (70945956.049.000) 03/28 22:02:58 Image size of job updated: 154
	154  -  MemoryUsage of job (MB)
	158212  -  ResidentSetSize of job (KB)
...
006 (70945956.049.000) 03/28 22:03:58 Image size of job updated: 174
	174  -  MemoryUsage of job (MB)
	179128  -  ResidentSetSize of job (KB)
...
006 (70945956.049.000) 03/28 22:04:52 Image size of job updated: 178
	178  -  MemoryUsage of job (MB)
	182524  -  ResidentSetSize of job (KB)
...
005 (70945956.049.000) 03/28 22:04:53 Job terminated.
	(1) Normal termination (return value 0)
		Usr 0 00:01:54, Sys 0 00:00:08  -  Run Remote Usage
		Usr 0 00:00:00, Sys 0 00:00:00  -  Run Local Usage
		Usr 0 00:01:54, Sys 0 00:00:08  -  Total Remote Usage
		Usr 0 00:00:00, Sys 0 00:00:00  -  Total Local Usage
	145572  -  Run Bytes Sent By Job
	2246509  -  Run Bytes Received By Job
	145572  -  Total Bytes Sent By Job
	2246509  -  Total Bytes Received By Job
	Partitionable Resources :    Usage  Request Allocated 
	   Cpus                 :        0        1         1 
	   Disk (KB)            :     5153     2250    331508 
	   Memory (MB)          :      178     2000      2000 
...
