000 (70945956.036.000) 03/28 21:58:22 Job submitted from host: <131.225.188.235:9618?addrs=131.225.188.235-9618&noUDP&sock=14994_371f_3>
...
001 (70945956.036.000) 03/28 21:58:43 Job executing on host: <131.225.206.231:9618?addrs=131.225.206.231-9618&noUDP&sock=1146_a39f_3>
...
006 (70945956.036.000) 03/28 21:58:52 Image size of job updated: 21
	21  -  MemoryUsage of job (MB)
	22204  -  ResidentSetSize of job (KB)
...
006 (70945956.036.000) 03/28 21:59:52 Image size of job updated: 154
	154  -  MemoryUsage of job (MB)
	158316  -  ResidentSetSize of job (KB)
...
006 (70945956.036.000) 03/28 22:00:52 Image size of job updated: 154
	154  -  MemoryUsage of job (MB)
	158452  -  ResidentSetSize of job (KB)
...
006 (70945956.036.000) 03/28 22:01:33 Image size of job updated: 178
	178  -  MemoryUsage of job (MB)
	183068  -  ResidentSetSize of job (KB)
...
005 (70945956.036.000) 03/28 22:01:33 Job terminated.
	(1) Normal termination (return value 0)
		Usr 0 00:01:44, Sys 0 00:00:06  -  Run Remote Usage
		Usr 0 00:00:00, Sys 0 00:00:00  -  Run Local Usage
		Usr 0 00:01:44, Sys 0 00:00:06  -  Total Remote Usage
		Usr 0 00:00:00, Sys 0 00:00:00  -  Total Local Usage
	145047  -  Run Bytes Sent By Job
	2246509  -  Run Bytes Received By Job
	145047  -  Total Bytes Sent By Job
	2246509  -  Total Bytes Received By Job
	Partitionable Resources :    Usage  Request Allocated 
	   Cpus                 :        0        1         1 
	   Disk (KB)            :     5152     2250    319361 
	   Memory (MB)          :      178     2000      2000 
...
