000 (70945956.035.000) 03/28 21:58:22 Job submitted from host: <131.225.188.235:9618?addrs=131.225.188.235-9618&noUDP&sock=14994_371f_3>
...
001 (70945956.035.000) 03/28 21:58:54 Job executing on host: <131.225.206.42:9618?addrs=131.225.206.42-9618&noUDP&sock=1161_ed8b_3>
...
006 (70945956.035.000) 03/28 21:59:03 Image size of job updated: 17
	17  -  MemoryUsage of job (MB)
	18044  -  ResidentSetSize of job (KB)
...
006 (70945956.035.000) 03/28 22:00:03 Image size of job updated: 153
	153  -  MemoryUsage of job (MB)
	157540  -  ResidentSetSize of job (KB)
...
006 (70945956.035.000) 03/28 22:01:03 Image size of job updated: 177
	177  -  MemoryUsage of job (MB)
	181668  -  ResidentSetSize of job (KB)
...
006 (70945956.035.000) 03/28 22:01:43 Image size of job updated: 177
	177  -  MemoryUsage of job (MB)
	182152  -  ResidentSetSize of job (KB)
...
005 (70945956.035.000) 03/28 22:01:44 Job terminated.
	(1) Normal termination (return value 0)
		Usr 0 00:01:50, Sys 0 00:00:07  -  Run Remote Usage
		Usr 0 00:00:00, Sys 0 00:00:00  -  Run Local Usage
		Usr 0 00:01:50, Sys 0 00:00:07  -  Total Remote Usage
		Usr 0 00:00:00, Sys 0 00:00:00  -  Total Local Usage
	145149  -  Run Bytes Sent By Job
	2246509  -  Run Bytes Received By Job
	145149  -  Total Bytes Sent By Job
	2246509  -  Total Bytes Received By Job
	Partitionable Resources :    Usage  Request Allocated 
	   Cpus                 :        0        1         1 
	   Disk (KB)            :     5153     2250    309304 
	   Memory (MB)          :      177     2000      2000 
...
