000 (70945956.196.000) 03/28 21:58:23 Job submitted from host: <131.225.188.235:9618?addrs=131.225.188.235-9618&noUDP&sock=14994_371f_3>
...
001 (70945956.196.000) 03/28 21:59:34 Job executing on host: <131.225.206.206:9618?addrs=131.225.206.206-9618&noUDP&sock=1162_9d23_3>
...
006 (70945956.196.000) 03/28 21:59:45 Image size of job updated: 14
	14  -  MemoryUsage of job (MB)
	15312  -  ResidentSetSize of job (KB)
...
006 (70945956.196.000) 03/28 22:00:45 Image size of job updated: 28
	28  -  MemoryUsage of job (MB)
	28768  -  ResidentSetSize of job (KB)
...
006 (70945956.196.000) 03/28 22:01:45 Image size of job updated: 160
	160  -  MemoryUsage of job (MB)
	164564  -  ResidentSetSize of job (KB)
...
006 (70945956.196.000) 03/28 22:02:45 Image size of job updated: 160
	160  -  MemoryUsage of job (MB)
	164800  -  ResidentSetSize of job (KB)
...
006 (70945956.196.000) 03/28 22:03:45 Image size of job updated: 161
	161  -  MemoryUsage of job (MB)
	164932  -  ResidentSetSize of job (KB)
...
006 (70945956.196.000) 03/28 22:04:45 Image size of job updated: 161
	161  -  MemoryUsage of job (MB)
	165044  -  ResidentSetSize of job (KB)
...
006 (70945956.196.000) 03/28 22:05:45 Image size of job updated: 161
	161  -  MemoryUsage of job (MB)
	165112  -  ResidentSetSize of job (KB)
...
006 (70945956.196.000) 03/28 22:06:46 Image size of job updated: 187
	187  -  MemoryUsage of job (MB)
	191492  -  ResidentSetSize of job (KB)
...
006 (70945956.196.000) 03/28 22:07:47 Image size of job updated: 187
	187  -  MemoryUsage of job (MB)
	191576  -  ResidentSetSize of job (KB)
...
006 (70945956.196.000) 03/28 22:08:48 Image size of job updated: 187
	187  -  MemoryUsage of job (MB)
	191660  -  ResidentSetSize of job (KB)
...
006 (70945956.196.000) 03/28 22:09:49 Image size of job updated: 187
	187  -  MemoryUsage of job (MB)
	191716  -  ResidentSetSize of job (KB)
...
006 (70945956.196.000) 03/28 22:10:49 Image size of job updated: 187
	187  -  MemoryUsage of job (MB)
	191760  -  ResidentSetSize of job (KB)
...
006 (70945956.196.000) 03/28 22:10:59 Image size of job updated: 187
	187  -  MemoryUsage of job (MB)
	191796  -  ResidentSetSize of job (KB)
...
005 (70945956.196.000) 03/28 22:11:00 Job terminated.
	(1) Normal termination (return value 0)
		Usr 0 00:06:59, Sys 0 00:00:27  -  Run Remote Usage
		Usr 0 00:00:00, Sys 0 00:00:00  -  Run Local Usage
		Usr 0 00:06:59, Sys 0 00:00:27  -  Total Remote Usage
		Usr 0 00:00:00, Sys 0 00:00:00  -  Total Local Usage
	153516  -  Run Bytes Sent By Job
	2246509  -  Run Bytes Received By Job
	153516  -  Total Bytes Sent By Job
	2246509  -  Total Bytes Received By Job
	Partitionable Resources :    Usage  Request Allocated 
	   Cpus                 :        0        1         1 
	   Disk (KB)            :     5161     2250    304743 
	   Memory (MB)          :      187     2000      2000 
...
