000 (70945956.073.000) 03/28 21:58:22 Job submitted from host: <131.225.188.235:9618?addrs=131.225.188.235-9618&noUDP&sock=14994_371f_3>
...
001 (70945956.073.000) 03/28 21:59:06 Job executing on host: <131.225.204.54:9618?addrs=131.225.204.54-9618&noUDP&sock=1159_8e5a_3>
...
006 (70945956.073.000) 03/28 21:59:16 Image size of job updated: 18
	18  -  MemoryUsage of job (MB)
	19088  -  ResidentSetSize of job (KB)
...
006 (70945956.073.000) 03/28 22:00:16 Image size of job updated: 155
	155  -  MemoryUsage of job (MB)
	159224  -  ResidentSetSize of job (KB)
...
006 (70945956.073.000) 03/28 22:01:16 Image size of job updated: 155
	155  -  MemoryUsage of job (MB)
	159432  -  ResidentSetSize of job (KB)
...
006 (70945956.073.000) 03/28 22:02:11 Image size of job updated: 181
	181  -  MemoryUsage of job (MB)
	185864  -  ResidentSetSize of job (KB)
...
005 (70945956.073.000) 03/28 22:02:13 Job terminated.
	(1) Normal termination (return value 0)
		Usr 0 00:01:57, Sys 0 00:00:09  -  Run Remote Usage
		Usr 0 00:00:00, Sys 0 00:00:00  -  Run Local Usage
		Usr 0 00:01:57, Sys 0 00:00:09  -  Total Remote Usage
		Usr 0 00:00:00, Sys 0 00:00:00  -  Total Local Usage
	200849  -  Run Bytes Sent By Job
	2246509  -  Run Bytes Received By Job
	200849  -  Total Bytes Sent By Job
	2246509  -  Total Bytes Received By Job
	Partitionable Resources :     Usage  Request Allocated 
	   Cpus                 :      0.00        1         1 
	   Disk (KB)            : 198335        2250    306918 
	   Memory (MB)          :    181        2000      2000 
...
