000 (70945956.133.000) 03/28 21:58:22 Job submitted from host: <131.225.188.235:9618?addrs=131.225.188.235-9618&noUDP&sock=14994_371f_3>
...
001 (70945956.133.000) 03/28 21:59:12 Job executing on host: <131.225.191.145:9618?addrs=131.225.191.145-9618&noUDP&sock=1155_cff9_3>
...
006 (70945956.133.000) 03/28 21:59:21 Image size of job updated: 14
	14  -  MemoryUsage of job (MB)
	15252  -  ResidentSetSize of job (KB)
...
006 (70945956.133.000) 03/28 22:00:21 Image size of job updated: 148
	148  -  MemoryUsage of job (MB)
	152128  -  ResidentSetSize of job (KB)
...
006 (70945956.133.000) 03/28 22:03:24 Image size of job updated: 164
	164  -  MemoryUsage of job (MB)
	168504  -  ResidentSetSize of job (KB)
...
006 (70945956.133.000) 03/28 22:04:25 Image size of job updated: 164
	164  -  MemoryUsage of job (MB)
	168660  -  ResidentSetSize of job (KB)
...
006 (70945956.133.000) 03/28 22:05:25 Image size of job updated: 164
	164  -  MemoryUsage of job (MB)
	168796  -  ResidentSetSize of job (KB)
...
006 (70945956.133.000) 03/28 22:06:25 Image size of job updated: 164
	164  -  MemoryUsage of job (MB)
	168876  -  ResidentSetSize of job (KB)
...
006 (70945956.133.000) 03/28 22:07:25 Image size of job updated: 164
	164  -  MemoryUsage of job (MB)
	168956  -  ResidentSetSize of job (KB)
...
006 (70945956.133.000) 03/28 22:08:25 Image size of job updated: 188
	188  -  MemoryUsage of job (MB)
	193016  -  ResidentSetSize of job (KB)
...
006 (70945956.133.000) 03/28 22:09:26 Image size of job updated: 188
	188  -  MemoryUsage of job (MB)
	193236  -  ResidentSetSize of job (KB)
...
006 (70945956.133.000) 03/28 22:10:27 Image size of job updated: 188
	188  -  MemoryUsage of job (MB)
	193344  -  ResidentSetSize of job (KB)
...
006 (70945956.133.000) 03/28 22:11:28 Image size of job updated: 188
	188  -  MemoryUsage of job (MB)
	193448  -  ResidentSetSize of job (KB)
...
006 (70945956.133.000) 03/28 22:12:29 Image size of job updated: 188
	188  -  MemoryUsage of job (MB)
	193512  -  ResidentSetSize of job (KB)
...
006 (70945956.133.000) 03/28 22:13:29 Image size of job updated: 189
	189  -  MemoryUsage of job (MB)
	193572  -  ResidentSetSize of job (KB)
...
006 (70945956.133.000) 03/28 22:14:07 Image size of job updated: 189
	189  -  MemoryUsage of job (MB)
	193632  -  ResidentSetSize of job (KB)
...
005 (70945956.133.000) 03/28 22:14:07 Job terminated.
	(1) Normal termination (return value 0)
		Usr 0 00:09:23, Sys 0 00:00:34  -  Run Remote Usage
		Usr 0 00:00:00, Sys 0 00:00:00  -  Run Local Usage
		Usr 0 00:09:23, Sys 0 00:00:34  -  Total Remote Usage
		Usr 0 00:00:00, Sys 0 00:00:00  -  Total Local Usage
	158615  -  Run Bytes Sent By Job
	2246509  -  Run Bytes Received By Job
	158615  -  Total Bytes Sent By Job
	2246509  -  Total Bytes Received By Job
	Partitionable Resources :    Usage  Request Allocated 
	   Cpus                 :     0.00        1         1 
	   Disk (KB)            :  5166        2250    309415 
	   Memory (MB)          :   189        2000      2000 
...
