000 (70945956.017.000) 03/28 21:58:22 Job submitted from host: <131.225.188.235:9618?addrs=131.225.188.235-9618&noUDP&sock=14994_371f_3>
...
001 (70945956.017.000) 03/28 21:58:39 Job executing on host: <131.225.206.240:9618?addrs=131.225.206.240-9618&noUDP&sock=1159_8e5a_3>
...
006 (70945956.017.000) 03/28 21:58:48 Image size of job updated: 6
	6  -  MemoryUsage of job (MB)
	6844  -  ResidentSetSize of job (KB)
...
006 (70945956.017.000) 03/28 21:59:48 Image size of job updated: 153
	153  -  MemoryUsage of job (MB)
	157508  -  ResidentSetSize of job (KB)
...
006 (70945956.017.000) 03/28 22:00:49 Image size of job updated: 153
	153  -  MemoryUsage of job (MB)
	157644  -  ResidentSetSize of job (KB)
...
006 (70945956.017.000) 03/28 22:01:50 Image size of job updated: 179
	179  -  MemoryUsage of job (MB)
	183544  -  ResidentSetSize of job (KB)
...
006 (70945956.017.000) 03/28 22:01:55 Image size of job updated: 179
	179  -  MemoryUsage of job (MB)
	184044  -  ResidentSetSize of job (KB)
...
005 (70945956.017.000) 03/28 22:01:58 Job terminated.
	(1) Normal termination (return value 0)
		Usr 0 00:02:03, Sys 0 00:00:07  -  Run Remote Usage
		Usr 0 00:00:00, Sys 0 00:00:00  -  Run Local Usage
		Usr 0 00:02:03, Sys 0 00:00:07  -  Total Remote Usage
		Usr 0 00:00:00, Sys 0 00:00:00  -  Total Local Usage
	145069  -  Run Bytes Sent By Job
	2246509  -  Run Bytes Received By Job
	145069  -  Total Bytes Sent By Job
	2246509  -  Total Bytes Received By Job
	Partitionable Resources :    Usage  Request Allocated 
	   Cpus                 :        0        1         1 
	   Disk (KB)            :     5153     2250    311147 
	   Memory (MB)          :      179     2000      2000 
...
