000 (70945956.041.000) 03/28 21:58:22 Job submitted from host: <131.225.188.235:9618?addrs=131.225.188.235-9618&noUDP&sock=14994_371f_3>
...
001 (70945956.041.000) 03/28 21:58:57 Job executing on host: <131.225.206.177:9618?addrs=131.225.206.177-9618&noUDP&sock=1155_cff9_3>
...
006 (70945956.041.000) 03/28 21:59:05 Image size of job updated: 14
	14  -  MemoryUsage of job (MB)
	15316  -  ResidentSetSize of job (KB)
...
006 (70945956.041.000) 03/28 22:00:05 Image size of job updated: 155
	155  -  MemoryUsage of job (MB)
	158912  -  ResidentSetSize of job (KB)
...
006 (70945956.041.000) 03/28 22:01:05 Image size of job updated: 155
	155  -  MemoryUsage of job (MB)
	159036  -  ResidentSetSize of job (KB)
...
006 (70945956.041.000) 03/28 22:02:05 Image size of job updated: 177
	177  -  MemoryUsage of job (MB)
	182172  -  ResidentSetSize of job (KB)
...
005 (70945956.041.000) 03/28 22:02:07 Job terminated.
	(1) Normal termination (return value 0)
		Usr 0 00:01:46, Sys 0 00:00:07  -  Run Remote Usage
		Usr 0 00:00:00, Sys 0 00:00:00  -  Run Local Usage
		Usr 0 00:01:46, Sys 0 00:00:07  -  Total Remote Usage
		Usr 0 00:00:00, Sys 0 00:00:00  -  Total Local Usage
	145155  -  Run Bytes Sent By Job
	2246509  -  Run Bytes Received By Job
	145155  -  Total Bytes Sent By Job
	2246509  -  Total Bytes Received By Job
	Partitionable Resources :    Usage  Request Allocated 
	   Cpus                 :        0        1         1 
	   Disk (KB)            :     5153     2250    308539 
	   Memory (MB)          :      177     2000      2000 
...
