000 (70945956.058.000) 03/28 21:58:22 Job submitted from host: <131.225.188.235:9618?addrs=131.225.188.235-9618&noUDP&sock=14994_371f_3>
...
001 (70945956.058.000) 03/28 21:58:49 Job executing on host: <131.225.191.155:9618?addrs=131.225.191.155-9618&noUDP&sock=1154_2061_3>
...
006 (70945956.058.000) 03/28 21:59:00 Image size of job updated: 18
	18  -  MemoryUsage of job (MB)
	19276  -  ResidentSetSize of job (KB)
...
006 (70945956.058.000) 03/28 21:59:59 Image size of job updated: 153
	153  -  MemoryUsage of job (MB)
	157688  -  ResidentSetSize of job (KB)
...
006 (70945956.058.000) 03/28 22:00:59 Image size of job updated: 154
	154  -  MemoryUsage of job (MB)
	157816  -  ResidentSetSize of job (KB)
...
006 (70945956.058.000) 03/28 22:01:59 Image size of job updated: 181
	181  -  MemoryUsage of job (MB)
	185392  -  ResidentSetSize of job (KB)
...
006 (70945956.058.000) 03/28 22:02:15 Image size of job updated: 181
	181  -  MemoryUsage of job (MB)
	185436  -  ResidentSetSize of job (KB)
...
005 (70945956.058.000) 03/28 22:02:18 Job terminated.
	(1) Normal termination (return value 0)
		Usr 0 00:01:56, Sys 0 00:00:07  -  Run Remote Usage
		Usr 0 00:00:00, Sys 0 00:00:00  -  Run Local Usage
		Usr 0 00:01:56, Sys 0 00:00:07  -  Total Remote Usage
		Usr 0 00:00:00, Sys 0 00:00:00  -  Total Local Usage
	144979  -  Run Bytes Sent By Job
	2246509  -  Run Bytes Received By Job
	144979  -  Total Bytes Sent By Job
	2246509  -  Total Bytes Received By Job
	Partitionable Resources :    Usage  Request Allocated 
	   Cpus                 :     0.00        1         1 
	   Disk (KB)            :  5153        2250    316770 
	   Memory (MB)          :   181        2000      2000 
...
