000 (70945956.174.000) 03/28 21:58:23 Job submitted from host: <131.225.188.235:9618?addrs=131.225.188.235-9618&noUDP&sock=14994_371f_3>
...
001 (70945956.174.000) 03/28 21:59:26 Job executing on host: <131.225.191.137:9618?addrs=131.225.191.137-9618&noUDP&sock=1161_ed8b_3>
...
006 (70945956.174.000) 03/28 21:59:35 Image size of job updated: 60
	60  -  MemoryUsage of job (MB)
	62060  -  ResidentSetSize of job (KB)
...
006 (70945956.174.000) 03/28 22:00:35 Image size of job updated: 132
	132  -  MemoryUsage of job (MB)
	135764  -  ResidentSetSize of job (KB)
...
006 (70945956.174.000) 03/28 22:01:36 Image size of job updated: 148
	148  -  MemoryUsage of job (MB)
	152124  -  ResidentSetSize of job (KB)
...
006 (70945956.174.000) 03/28 22:03:38 Image size of job updated: 162
	162  -  MemoryUsage of job (MB)
	166764  -  ResidentSetSize of job (KB)
...
006 (70945956.174.000) 03/28 22:04:38 Image size of job updated: 163
	163  -  MemoryUsage of job (MB)
	167232  -  ResidentSetSize of job (KB)
...
006 (70945956.174.000) 03/28 22:05:38 Image size of job updated: 163
	163  -  MemoryUsage of job (MB)
	167312  -  ResidentSetSize of job (KB)
...
006 (70945956.174.000) 03/28 22:06:38 Image size of job updated: 163
	163  -  MemoryUsage of job (MB)
	167456  -  ResidentSetSize of job (KB)
...
006 (70945956.174.000) 03/28 22:07:38 Image size of job updated: 163
	163  -  MemoryUsage of job (MB)
	167520  -  ResidentSetSize of job (KB)
...
006 (70945956.174.000) 03/28 22:08:39 Image size of job updated: 163
	163  -  MemoryUsage of job (MB)
	167600  -  ResidentSetSize of job (KB)
...
006 (70945956.174.000) 03/28 22:09:40 Image size of job updated: 163
	163  -  MemoryUsage of job (MB)
	167644  -  ResidentSetSize of job (KB)
...
006 (70945956.174.000) 03/28 22:10:41 Image size of job updated: 163
	163  -  MemoryUsage of job (MB)
	167800  -  ResidentSetSize of job (KB)
...
006 (70945956.174.000) 03/28 22:11:42 Image size of job updated: 193
	193  -  MemoryUsage of job (MB)
	197984  -  ResidentSetSize of job (KB)
...
006 (70945956.174.000) 03/28 22:12:43 Image size of job updated: 193
	193  -  MemoryUsage of job (MB)
	198076  -  ResidentSetSize of job (KB)
...
006 (70945956.174.000) 03/28 22:13:43 Image size of job updated: 193
	193  -  MemoryUsage of job (MB)
	198156  -  ResidentSetSize of job (KB)
...
006 (70945956.174.000) 03/28 22:14:43 Image size of job updated: 193
	193  -  MemoryUsage of job (MB)
	198228  -  ResidentSetSize of job (KB)
...
006 (70945956.174.000) 03/28 22:15:12 Image size of job updated: 193
	193  -  MemoryUsage of job (MB)
	198256  -  ResidentSetSize of job (KB)
...
005 (70945956.174.000) 03/28 22:15:13 Job terminated.
	(1) Normal termination (return value 0)
		Usr 0 00:08:47, Sys 0 00:00:34  -  Run Remote Usage
		Usr 0 00:00:00, Sys 0 00:00:00  -  Run Local Usage
		Usr 0 00:08:47, Sys 0 00:00:34  -  Total Remote Usage
		Usr 0 00:00:00, Sys 0 00:00:00  -  Total Local Usage
	159823  -  Run Bytes Sent By Job
	2246509  -  Run Bytes Received By Job
	159823  -  Total Bytes Sent By Job
	2246509  -  Total Bytes Received By Job
	Partitionable Resources :    Usage  Request Allocated 
	   Cpus                 :        0        1         1 
	   Disk (KB)            :     5167     2250    320098 
	   Memory (MB)          :      193     2000      2000 
...
