000 (70945956.085.000) 03/28 21:58:22 Job submitted from host: <131.225.188.235:9618?addrs=131.225.188.235-9618&noUDP&sock=14994_371f_3>
...
001 (70945956.085.000) 03/28 21:59:10 Job executing on host: <131.225.206.199:9618?addrs=131.225.206.199-9618&noUDP&sock=1152_c131_3>
...
006 (70945956.085.000) 03/28 21:59:18 Image size of job updated: 17
	17  -  MemoryUsage of job (MB)
	18260  -  ResidentSetSize of job (KB)
...
006 (70945956.085.000) 03/28 22:00:19 Image size of job updated: 154
	154  -  MemoryUsage of job (MB)
	158376  -  ResidentSetSize of job (KB)
...
006 (70945956.085.000) 03/28 22:01:20 Image size of job updated: 178
	178  -  MemoryUsage of job (MB)
	182516  -  ResidentSetSize of job (KB)
...
005 (70945956.085.000) 03/28 22:01:43 Job terminated.
	(1) Normal termination (return value 0)
		Usr 0 00:01:35, Sys 0 00:00:08  -  Run Remote Usage
		Usr 0 00:00:00, Sys 0 00:00:00  -  Run Local Usage
		Usr 0 00:01:35, Sys 0 00:00:08  -  Total Remote Usage
		Usr 0 00:00:00, Sys 0 00:00:00  -  Total Local Usage
	145222  -  Run Bytes Sent By Job
	2246509  -  Run Bytes Received By Job
	145222  -  Total Bytes Sent By Job
	2246509  -  Total Bytes Received By Job
	Partitionable Resources :    Usage  Request Allocated 
	   Cpus                 :        0        1         1 
	   Disk (KB)            :     5153     2250    322375 
	   Memory (MB)          :      173     2000      2000 
...
