000 (70945956.102.000) 03/28 21:58:22 Job submitted from host: <131.225.188.235:9618?addrs=131.225.188.235-9618&noUDP&sock=14994_371f_3>
...
001 (70945956.102.000) 03/28 21:58:56 Job executing on host: <131.225.204.43:9618?addrs=131.225.204.43-9618&noUDP&sock=1160_3df3_3>
...
006 (70945956.102.000) 03/28 21:59:05 Image size of job updated: 17
	17  -  MemoryUsage of job (MB)
	17824  -  ResidentSetSize of job (KB)
...
006 (70945956.102.000) 03/28 22:00:05 Image size of job updated: 153
	153  -  MemoryUsage of job (MB)
	157680  -  ResidentSetSize of job (KB)
...
006 (70945956.102.000) 03/28 22:01:05 Image size of job updated: 181
	181  -  MemoryUsage of job (MB)
	185608  -  ResidentSetSize of job (KB)
...
006 (70945956.102.000) 03/28 22:01:42 Image size of job updated: 181
	181  -  MemoryUsage of job (MB)
	185860  -  ResidentSetSize of job (KB)
...
005 (70945956.102.000) 03/28 22:01:45 Job terminated.
	(1) Normal termination (return value 0)
		Usr 0 00:01:48, Sys 0 00:00:08  -  Run Remote Usage
		Usr 0 00:00:00, Sys 0 00:00:00  -  Run Local Usage
		Usr 0 00:01:48, Sys 0 00:00:08  -  Total Remote Usage
		Usr 0 00:00:00, Sys 0 00:00:00  -  Total Local Usage
	144987  -  Run Bytes Sent By Job
	2246509  -  Run Bytes Received By Job
	144987  -  Total Bytes Sent By Job
	2246509  -  Total Bytes Received By Job
	Partitionable Resources :    Usage  Request Allocated 
	   Cpus                 :        0        1         1 
	   Disk (KB)            :     5153     2250    307817 
	   Memory (MB)          :      181     2000      2000 
...
