000 (70945956.082.000) 03/28 21:58:22 Job submitted from host: <131.225.188.235:9618?addrs=131.225.188.235-9618&noUDP&sock=14994_371f_3>
...
001 (70945956.082.000) 03/28 21:59:08 Job executing on host: <131.225.204.119:9618?addrs=131.225.204.119-9618&noUDP&sock=1155_cff9_3>
...
006 (70945956.082.000) 03/28 21:59:17 Image size of job updated: 31
	31  -  MemoryUsage of job (MB)
	31868  -  ResidentSetSize of job (KB)
...
006 (70945956.082.000) 03/28 22:00:17 Image size of job updated: 153
	153  -  MemoryUsage of job (MB)
	157320  -  ResidentSetSize of job (KB)
...
006 (70945956.082.000) 03/28 22:01:17 Image size of job updated: 155
	155  -  MemoryUsage of job (MB)
	158796  -  ResidentSetSize of job (KB)
...
006 (70945956.082.000) 03/28 22:02:17 Image size of job updated: 177
	177  -  MemoryUsage of job (MB)
	182236  -  ResidentSetSize of job (KB)
...
006 (70945956.082.000) 03/28 22:02:41 Image size of job updated: 178
	178  -  MemoryUsage of job (MB)
	182316  -  ResidentSetSize of job (KB)
...
005 (70945956.082.000) 03/28 22:02:42 Job terminated.
	(1) Normal termination (return value 0)
		Usr 0 00:01:49, Sys 0 00:00:07  -  Run Remote Usage
		Usr 0 00:00:00, Sys 0 00:00:00  -  Run Local Usage
		Usr 0 00:01:49, Sys 0 00:00:07  -  Total Remote Usage
		Usr 0 00:00:00, Sys 0 00:00:00  -  Total Local Usage
	146257  -  Run Bytes Sent By Job
	2246509  -  Run Bytes Received By Job
	146257  -  Total Bytes Sent By Job
	2246509  -  Total Bytes Received By Job
	Partitionable Resources :    Usage  Request Allocated 
	   Cpus                 :     0.00        1         1 
	   Disk (KB)            :  5154        2250    313540 
	   Memory (MB)          :   178        2000      2000 
...
