000 (70945956.013.000) 03/28 21:58:22 Job submitted from host: <131.225.188.235:9618?addrs=131.225.188.235-9618&noUDP&sock=14994_371f_3>
...
001 (70945956.013.000) 03/28 21:58:46 Job executing on host: <131.225.206.184:9618?addrs=131.225.206.184-9618&noUDP&sock=1152_c131_3>
...
006 (70945956.013.000) 03/28 21:58:54 Image size of job updated: 5
	4  -  MemoryUsage of job (MB)
	4700  -  ResidentSetSize of job (KB)
...
006 (70945956.013.000) 03/28 21:59:54 Image size of job updated: 154
	154  -  MemoryUsage of job (MB)
	157760  -  ResidentSetSize of job (KB)
...
006 (70945956.013.000) 03/28 22:00:55 Image size of job updated: 154
	154  -  MemoryUsage of job (MB)
	158076  -  ResidentSetSize of job (KB)
...
006 (70945956.013.000) 03/28 22:01:53 Image size of job updated: 181
	181  -  MemoryUsage of job (MB)
	186036  -  ResidentSetSize of job (KB)
...
005 (70945956.013.000) 03/28 22:01:55 Job terminated.
	(1) Normal termination (return value 0)
		Usr 0 00:01:54, Sys 0 00:00:06  -  Run Remote Usage
		Usr 0 00:00:00, Sys 0 00:00:00  -  Run Local Usage
		Usr 0 00:01:54, Sys 0 00:00:06  -  Total Remote Usage
		Usr 0 00:00:00, Sys 0 00:00:00  -  Total Local Usage
	145354  -  Run Bytes Sent By Job
	2246509  -  Run Bytes Received By Job
	145354  -  Total Bytes Sent By Job
	2246509  -  Total Bytes Received By Job
	Partitionable Resources :    Usage  Request Allocated 
	   Cpus                 :        0        1         1 
	   Disk (KB)            :     5153     2250    312436 
	   Memory (MB)          :      181     2000      2000 
...
