000 (70945956.104.000) 03/28 21:58:22 Job submitted from host: <131.225.188.235:9618?addrs=131.225.188.235-9618&noUDP&sock=14994_371f_3>
...
001 (70945956.104.000) 03/28 21:59:13 Job executing on host: <131.225.206.233:9618?addrs=131.225.206.233-9618&noUDP&sock=1159_8e5a_3>
...
006 (70945956.104.000) 03/28 21:59:22 Image size of job updated: 21
	21  -  MemoryUsage of job (MB)
	22352  -  ResidentSetSize of job (KB)
...
006 (70945956.104.000) 03/28 22:00:22 Image size of job updated: 32
	32  -  MemoryUsage of job (MB)
	32792  -  ResidentSetSize of job (KB)
...
006 (70945956.104.000) 03/28 22:01:23 Image size of job updated: 153
	153  -  MemoryUsage of job (MB)
	157692  -  ResidentSetSize of job (KB)
...
006 (70945956.104.000) 03/28 22:02:24 Image size of job updated: 179
	179  -  MemoryUsage of job (MB)
	183800  -  ResidentSetSize of job (KB)
...
006 (70945956.104.000) 03/28 22:02:45 Image size of job updated: 179
	179  -  MemoryUsage of job (MB)
	183864  -  ResidentSetSize of job (KB)
...
005 (70945956.104.000) 03/28 22:02:47 Job terminated.
	(1) Normal termination (return value 0)
		Usr 0 00:01:54, Sys 0 00:00:07  -  Run Remote Usage
		Usr 0 00:00:00, Sys 0 00:00:00  -  Run Local Usage
		Usr 0 00:01:54, Sys 0 00:00:07  -  Total Remote Usage
		Usr 0 00:00:00, Sys 0 00:00:00  -  Total Local Usage
	144986  -  Run Bytes Sent By Job
	2246509  -  Run Bytes Received By Job
	144986  -  Total Bytes Sent By Job
	2246509  -  Total Bytes Received By Job
	Partitionable Resources :    Usage  Request Allocated 
	   Cpus                 :        0        1         1 
	   Disk (KB)            :     5153     2250    311718 
	   Memory (MB)          :      179     2000      2000 
...
