000 (70945956.177.000) 03/28 21:58:23 Job submitted from host: <131.225.188.235:9618?addrs=131.225.188.235-9618&noUDP&sock=14994_371f_3>
...
001 (70945956.177.000) 03/28 21:59:28 Job executing on host: <131.225.204.108:9618?addrs=131.225.204.108-9618&noUDP&sock=1155_cff9_3>
...
006 (70945956.177.000) 03/28 21:59:37 Image size of job updated: 14
	14  -  MemoryUsage of job (MB)
	14596  -  ResidentSetSize of job (KB)
...
006 (70945956.177.000) 03/28 22:00:38 Image size of job updated: 132
	132  -  MemoryUsage of job (MB)
	135764  -  ResidentSetSize of job (KB)
...
006 (70945956.177.000) 03/28 22:01:39 Image size of job updated: 165
	165  -  MemoryUsage of job (MB)
	169336  -  ResidentSetSize of job (KB)
...
006 (70945956.177.000) 03/28 22:02:40 Image size of job updated: 165
	165  -  MemoryUsage of job (MB)
	169492  -  ResidentSetSize of job (KB)
...
006 (70945956.177.000) 03/28 22:03:41 Image size of job updated: 165
	165  -  MemoryUsage of job (MB)
	169644  -  ResidentSetSize of job (KB)
...
006 (70945956.177.000) 03/28 22:04:41 Image size of job updated: 165
	165  -  MemoryUsage of job (MB)
	169768  -  ResidentSetSize of job (KB)
...
006 (70945956.177.000) 03/28 22:05:41 Image size of job updated: 165
	165  -  MemoryUsage of job (MB)
	169844  -  ResidentSetSize of job (KB)
...
006 (70945956.177.000) 03/28 22:06:41 Image size of job updated: 165
	165  -  MemoryUsage of job (MB)
	169912  -  ResidentSetSize of job (KB)
...
006 (70945956.177.000) 03/28 22:07:41 Image size of job updated: 188
	188  -  MemoryUsage of job (MB)
	192580  -  ResidentSetSize of job (KB)
...
006 (70945956.177.000) 03/28 22:08:42 Image size of job updated: 188
	188  -  MemoryUsage of job (MB)
	192700  -  ResidentSetSize of job (KB)
...
006 (70945956.177.000) 03/28 22:09:43 Image size of job updated: 188
	188  -  MemoryUsage of job (MB)
	192796  -  ResidentSetSize of job (KB)
...
006 (70945956.177.000) 03/28 22:10:44 Image size of job updated: 192
	192  -  MemoryUsage of job (MB)
	197168  -  ResidentSetSize of job (KB)
...
006 (70945956.177.000) 03/28 22:11:46 Image size of job updated: 192
	192  -  MemoryUsage of job (MB)
	197256  -  ResidentSetSize of job (KB)
...
006 (70945956.177.000) 03/28 22:12:08 Image size of job updated: 192
	192  -  MemoryUsage of job (MB)
	197276  -  ResidentSetSize of job (KB)
...
005 (70945956.177.000) 03/28 22:12:08 Job terminated.
	(1) Normal termination (return value 0)
		Usr 0 00:08:40, Sys 0 00:00:29  -  Run Remote Usage
		Usr 0 00:00:00, Sys 0 00:00:00  -  Run Local Usage
		Usr 0 00:08:40, Sys 0 00:00:29  -  Total Remote Usage
		Usr 0 00:00:00, Sys 0 00:00:00  -  Total Local Usage
	156708  -  Run Bytes Sent By Job
	2246509  -  Run Bytes Received By Job
	156708  -  Total Bytes Sent By Job
	2246509  -  Total Bytes Received By Job
	Partitionable Resources :    Usage  Request Allocated 
	   Cpus                 :        0        1         1 
	   Disk (KB)            :     5164     2250    305519 
	   Memory (MB)          :      192     2000      2000 
...
