000 (70945956.112.000) 03/28 21:58:22 Job submitted from host: <131.225.188.235:9618?addrs=131.225.188.235-9618&noUDP&sock=14994_371f_3>
...
001 (70945956.112.000) 03/28 21:58:59 Job executing on host: <131.225.206.155:9618?addrs=131.225.206.155-9618&noUDP&sock=1171_c97d_3>
...
006 (70945956.112.000) 03/28 21:59:08 Image size of job updated: 70
	70  -  MemoryUsage of job (MB)
	71696  -  ResidentSetSize of job (KB)
...
006 (70945956.112.000) 03/28 22:00:08 Image size of job updated: 154
	154  -  MemoryUsage of job (MB)
	158028  -  ResidentSetSize of job (KB)
...
006 (70945956.112.000) 03/28 22:01:08 Image size of job updated: 175
	175  -  MemoryUsage of job (MB)
	179252  -  ResidentSetSize of job (KB)
...
006 (70945956.112.000) 03/28 22:01:47 Image size of job updated: 175
	175  -  MemoryUsage of job (MB)
	179476  -  ResidentSetSize of job (KB)
...
005 (70945956.112.000) 03/28 22:01:48 Job terminated.
	(1) Normal termination (return value 0)
		Usr 0 00:01:51, Sys 0 00:00:05  -  Run Remote Usage
		Usr 0 00:00:00, Sys 0 00:00:00  -  Run Local Usage
		Usr 0 00:01:51, Sys 0 00:00:05  -  Total Remote Usage
		Usr 0 00:00:00, Sys 0 00:00:00  -  Total Local Usage
	145091  -  Run Bytes Sent By Job
	2246509  -  Run Bytes Received By Job
	145091  -  Total Bytes Sent By Job
	2246509  -  Total Bytes Received By Job
	Partitionable Resources :    Usage  Request Allocated 
	   Cpus                 :        0        1         1 
	   Disk (KB)            :     5153     2250    307300 
	   Memory (MB)          :      175     2000      2000 
...
