000 (70945956.032.000) 03/28 21:58:22 Job submitted from host: <131.225.188.235:9618?addrs=131.225.188.235-9618&noUDP&sock=14994_371f_3>
...
001 (70945956.032.000) 03/28 21:58:43 Job executing on host: <131.225.204.116:9618?addrs=131.225.204.116-9618&noUDP&sock=1165_abec_3>
...
006 (70945956.032.000) 03/28 21:58:54 Image size of job updated: 16
	16  -  MemoryUsage of job (MB)
	17036  -  ResidentSetSize of job (KB)
...
006 (70945956.032.000) 03/28 21:59:52 Image size of job updated: 153
	153  -  MemoryUsage of job (MB)
	157040  -  ResidentSetSize of job (KB)
...
006 (70945956.032.000) 03/28 22:00:53 Image size of job updated: 153
	153  -  MemoryUsage of job (MB)
	157088  -  ResidentSetSize of job (KB)
...
006 (70945956.032.000) 03/28 22:01:53 Image size of job updated: 178
	178  -  MemoryUsage of job (MB)
	182788  -  ResidentSetSize of job (KB)
...
005 (70945956.032.000) 03/28 22:02:26 Job terminated.
	(1) Normal termination (return value 0)
		Usr 0 00:01:23, Sys 0 00:00:06  -  Run Remote Usage
		Usr 0 00:00:00, Sys 0 00:00:00  -  Run Local Usage
		Usr 0 00:01:23, Sys 0 00:00:06  -  Total Remote Usage
		Usr 0 00:00:00, Sys 0 00:00:00  -  Total Local Usage
	145305  -  Run Bytes Sent By Job
	2246509  -  Run Bytes Received By Job
	145305  -  Total Bytes Sent By Job
	2246509  -  Total Bytes Received By Job
	Partitionable Resources :    Usage  Request Allocated 
	   Cpus                 :        0        1         1 
	   Disk (KB)            :     5153     2250    304696 
	   Memory (MB)          :      178     2000      2000 
...
