000 (70945956.144.000) 03/28 21:58:22 Job submitted from host: <131.225.188.235:9618?addrs=131.225.188.235-9618&noUDP&sock=14994_371f_3>
...
001 (70945956.144.000) 03/28 21:59:16 Job executing on host: <131.225.206.13:9618?addrs=131.225.206.13-9618&noUDP&sock=1176_3777_3>
...
006 (70945956.144.000) 03/28 21:59:24 Image size of job updated: 14
	14  -  MemoryUsage of job (MB)
	15252  -  ResidentSetSize of job (KB)
...
006 (70945956.144.000) 03/28 22:00:25 Image size of job updated: 31
	31  -  MemoryUsage of job (MB)
	32740  -  ResidentSetSize of job (KB)
...
006 (70945956.144.000) 03/28 22:01:27 Image size of job updated: 166
	166  -  MemoryUsage of job (MB)
	170580  -  ResidentSetSize of job (KB)
...
006 (70945956.144.000) 03/28 22:02:27 Image size of job updated: 166
	166  -  MemoryUsage of job (MB)
	170632  -  ResidentSetSize of job (KB)
...
006 (70945956.144.000) 03/28 22:03:27 Image size of job updated: 166
	166  -  MemoryUsage of job (MB)
	170796  -  ResidentSetSize of job (KB)
...
006 (70945956.144.000) 03/28 22:04:27 Image size of job updated: 166
	166  -  MemoryUsage of job (MB)
	170900  -  ResidentSetSize of job (KB)
...
006 (70945956.144.000) 03/28 22:05:27 Image size of job updated: 167
	167  -  MemoryUsage of job (MB)
	171020  -  ResidentSetSize of job (KB)
...
006 (70945956.144.000) 03/28 22:06:27 Image size of job updated: 170
	170  -  MemoryUsage of job (MB)
	174868  -  ResidentSetSize of job (KB)
...
006 (70945956.144.000) 03/28 22:07:28 Image size of job updated: 196
	196  -  MemoryUsage of job (MB)
	201496  -  ResidentSetSize of job (KB)
...
006 (70945956.144.000) 03/28 22:08:29 Image size of job updated: 196
	196  -  MemoryUsage of job (MB)
	201596  -  ResidentSetSize of job (KB)
...
006 (70945956.144.000) 03/28 22:09:30 Image size of job updated: 196
	196  -  MemoryUsage of job (MB)
	201716  -  ResidentSetSize of job (KB)
...
006 (70945956.144.000) 03/28 22:10:01 Image size of job updated: 197
	197  -  MemoryUsage of job (MB)
	201736  -  ResidentSetSize of job (KB)
...
005 (70945956.144.000) 03/28 22:10:02 Job terminated.
	(1) Normal termination (return value 0)
		Usr 0 00:07:47, Sys 0 00:00:29  -  Run Remote Usage
		Usr 0 00:00:00, Sys 0 00:00:00  -  Run Local Usage
		Usr 0 00:07:47, Sys 0 00:00:29  -  Total Remote Usage
		Usr 0 00:00:00, Sys 0 00:00:00  -  Total Local Usage
	153688  -  Run Bytes Sent By Job
	2246509  -  Run Bytes Received By Job
	153688  -  Total Bytes Sent By Job
	2246509  -  Total Bytes Received By Job
	Partitionable Resources :    Usage  Request Allocated 
	   Cpus                 :     0.00        1         1 
	   Disk (KB)            :  5161        2250    308045 
	   Memory (MB)          :   197        2000      2000 
...
