000 (70945956.129.000) 03/28 21:58:22 Job submitted from host: <131.225.188.235:9618?addrs=131.225.188.235-9618&noUDP&sock=14994_371f_3>
...
001 (70945956.129.000) 03/28 21:59:11 Job executing on host: <131.225.206.238:9618?addrs=131.225.206.238-9618&noUDP&sock=1157_2f2a_3>
...
006 (70945956.129.000) 03/28 21:59:25 Image size of job updated: 17
	17  -  MemoryUsage of job (MB)
	17596  -  ResidentSetSize of job (KB)
...
006 (70945956.129.000) 03/28 22:00:20 Image size of job updated: 26
	26  -  MemoryUsage of job (MB)
	26812  -  ResidentSetSize of job (KB)
...
006 (70945956.129.000) 03/28 22:01:20 Image size of job updated: 53
	53  -  MemoryUsage of job (MB)
	54672  -  ResidentSetSize of job (KB)
...
006 (70945956.129.000) 03/28 22:02:21 Image size of job updated: 161
	161  -  MemoryUsage of job (MB)
	165776  -  ResidentSetSize of job (KB)
...
006 (70945956.129.000) 03/28 22:03:22 Image size of job updated: 162
	162  -  MemoryUsage of job (MB)
	165888  -  ResidentSetSize of job (KB)
...
006 (70945956.129.000) 03/28 22:04:22 Image size of job updated: 162
	162  -  MemoryUsage of job (MB)
	166024  -  ResidentSetSize of job (KB)
...
006 (70945956.129.000) 03/28 22:05:22 Image size of job updated: 162
	162  -  MemoryUsage of job (MB)
	166112  -  ResidentSetSize of job (KB)
...
006 (70945956.129.000) 03/28 22:06:22 Image size of job updated: 189
	189  -  MemoryUsage of job (MB)
	193584  -  ResidentSetSize of job (KB)
...
006 (70945956.129.000) 03/28 22:07:22 Image size of job updated: 189
	189  -  MemoryUsage of job (MB)
	193648  -  ResidentSetSize of job (KB)
...
006 (70945956.129.000) 03/28 22:08:23 Image size of job updated: 189
	189  -  MemoryUsage of job (MB)
	193720  -  ResidentSetSize of job (KB)
...
006 (70945956.129.000) 03/28 22:09:11 Image size of job updated: 189
	189  -  MemoryUsage of job (MB)
	193768  -  ResidentSetSize of job (KB)
...
005 (70945956.129.000) 03/28 22:09:12 Job terminated.
	(1) Normal termination (return value 0)
		Usr 0 00:06:56, Sys 0 00:00:26  -  Run Remote Usage
		Usr 0 00:00:00, Sys 0 00:00:00  -  Run Local Usage
		Usr 0 00:06:56, Sys 0 00:00:26  -  Total Remote Usage
		Usr 0 00:00:00, Sys 0 00:00:00  -  Total Local Usage
	153466  -  Run Bytes Sent By Job
	2246509  -  Run Bytes Received By Job
	153466  -  Total Bytes Sent By Job
	2246509  -  Total Bytes Received By Job
	Partitionable Resources :    Usage  Request Allocated 
	   Cpus                 :        0        1         1 
	   Disk (KB)            :     5161     2250    313223 
	   Memory (MB)          :      189     2000      2000 
...
