000 (70945956.033.000) 03/28 21:58:22 Job submitted from host: <131.225.188.235:9618?addrs=131.225.188.235-9618&noUDP&sock=14994_371f_3>
...
001 (70945956.033.000) 03/28 21:58:51 Job executing on host: <131.225.204.106:9618?addrs=131.225.204.106-9618&noUDP&sock=1156_7f92_3>
...
006 (70945956.033.000) 03/28 21:59:00 Image size of job updated: 82
	82  -  MemoryUsage of job (MB)
	84212  -  ResidentSetSize of job (KB)
...
006 (70945956.033.000) 03/28 22:00:01 Image size of job updated: 160
	160  -  MemoryUsage of job (MB)
	164428  -  ResidentSetSize of job (KB)
...
006 (70945956.033.000) 03/28 22:01:01 Image size of job updated: 180
	180  -  MemoryUsage of job (MB)
	184340  -  ResidentSetSize of job (KB)
...
006 (70945956.033.000) 03/28 22:01:07 Image size of job updated: 180
	180  -  MemoryUsage of job (MB)
	184372  -  ResidentSetSize of job (KB)
...
005 (70945956.033.000) 03/28 22:01:09 Job terminated.
	(1) Normal termination (return value 0)
		Usr 0 00:01:53, Sys 0 00:00:05  -  Run Remote Usage
		Usr 0 00:00:00, Sys 0 00:00:00  -  Run Local Usage
		Usr 0 00:01:53, Sys 0 00:00:05  -  Total Remote Usage
		Usr 0 00:00:00, Sys 0 00:00:00  -  Total Local Usage
	145214  -  Run Bytes Sent By Job
	2246509  -  Run Bytes Received By Job
	145214  -  Total Bytes Sent By Job
	2246509  -  Total Bytes Received By Job
	Partitionable Resources :    Usage  Request Allocated 
	   Cpus                 :        0        1         1 
	   Disk (KB)            :     5153     2250    318503 
	   Memory (MB)          :      180     2000      2000 
...
