000 (70945956.146.000) 03/28 21:58:22 Job submitted from host: <131.225.188.235:9618?addrs=131.225.188.235-9618&noUDP&sock=14994_371f_3>
...
001 (70945956.146.000) 03/28 22:00:03 Job executing on host: <131.225.204.103:9618?addrs=131.225.204.103-9618&noUDP&sock=1150_6200_3>
...
006 (70945956.146.000) 03/28 22:00:11 Image size of job updated: 46
	46  -  MemoryUsage of job (MB)
	47428  -  ResidentSetSize of job (KB)
...
006 (70945956.146.000) 03/28 22:01:12 Image size of job updated: 165
	165  -  MemoryUsage of job (MB)
	169932  -  ResidentSetSize of job (KB)
...
006 (70945956.146.000) 03/28 22:02:13 Image size of job updated: 166
	166  -  MemoryUsage of job (MB)
	170160  -  ResidentSetSize of job (KB)
...
006 (70945956.146.000) 03/28 22:03:14 Image size of job updated: 166
	166  -  MemoryUsage of job (MB)
	170280  -  ResidentSetSize of job (KB)
...
006 (70945956.146.000) 03/28 22:04:16 Image size of job updated: 166
	166  -  MemoryUsage of job (MB)
	170412  -  ResidentSetSize of job (KB)
...
006 (70945956.146.000) 03/28 22:05:16 Image size of job updated: 166
	166  -  MemoryUsage of job (MB)
	170500  -  ResidentSetSize of job (KB)
...
006 (70945956.146.000) 03/28 22:06:16 Image size of job updated: 166
	166  -  MemoryUsage of job (MB)
	170568  -  ResidentSetSize of job (KB)
...
006 (70945956.146.000) 03/28 22:07:16 Image size of job updated: 188
	188  -  MemoryUsage of job (MB)
	192732  -  ResidentSetSize of job (KB)
...
006 (70945956.146.000) 03/28 22:08:16 Image size of job updated: 188
	188  -  MemoryUsage of job (MB)
	193016  -  ResidentSetSize of job (KB)
...
006 (70945956.146.000) 03/28 22:09:16 Image size of job updated: 188
	188  -  MemoryUsage of job (MB)
	193088  -  ResidentSetSize of job (KB)
...
006 (70945956.146.000) 03/28 22:10:17 Image size of job updated: 188
	188  -  MemoryUsage of job (MB)
	193184  -  ResidentSetSize of job (KB)
...
005 (70945956.146.000) 03/28 22:10:30 Job terminated.
	(1) Normal termination (return value 0)
		Usr 0 00:07:58, Sys 0 00:00:26  -  Run Remote Usage
		Usr 0 00:00:00, Sys 0 00:00:00  -  Run Local Usage
		Usr 0 00:07:58, Sys 0 00:00:26  -  Total Remote Usage
		Usr 0 00:00:00, Sys 0 00:00:00  -  Total Local Usage
	153993  -  Run Bytes Sent By Job
	2246509  -  Run Bytes Received By Job
	153993  -  Total Bytes Sent By Job
	2246509  -  Total Bytes Received By Job
	Partitionable Resources :    Usage  Request Allocated 
	   Cpus                 :     0.00        1         1 
	   Disk (KB)            :  5161        2250    314328 
	   Memory (MB)          :   188        2000      2000 
...
