000 (70945956.046.000) 03/28 21:58:22 Job submitted from host: <131.225.188.235:9618?addrs=131.225.188.235-9618&noUDP&sock=14994_371f_3>
...
001 (70945956.046.000) 03/28 21:58:59 Job executing on host: <131.225.191.161:9618?addrs=131.225.191.161-9618&noUDP&sock=1154_2061_3>
...
006 (70945956.046.000) 03/28 21:59:09 Image size of job updated: 9
	9  -  MemoryUsage of job (MB)
	9880  -  ResidentSetSize of job (KB)
...
006 (70945956.046.000) 03/28 22:00:08 Image size of job updated: 154
	154  -  MemoryUsage of job (MB)
	158468  -  ResidentSetSize of job (KB)
...
006 (70945956.046.000) 03/28 22:01:09 Image size of job updated: 154
	154  -  MemoryUsage of job (MB)
	158656  -  ResidentSetSize of job (KB)
...
006 (70945956.046.000) 03/28 22:02:10 Image size of job updated: 178
	178  -  MemoryUsage of job (MB)
	182896  -  ResidentSetSize of job (KB)
...
006 (70945956.046.000) 03/28 22:02:35 Image size of job updated: 178
	178  -  MemoryUsage of job (MB)
	182940  -  ResidentSetSize of job (KB)
...
005 (70945956.046.000) 03/28 22:02:39 Job terminated.
	(1) Normal termination (return value 0)
		Usr 0 00:01:46, Sys 0 00:00:07  -  Run Remote Usage
		Usr 0 00:00:00, Sys 0 00:00:00  -  Run Local Usage
		Usr 0 00:01:46, Sys 0 00:00:07  -  Total Remote Usage
		Usr 0 00:00:00, Sys 0 00:00:00  -  Total Local Usage
	145218  -  Run Bytes Sent By Job
	2246509  -  Run Bytes Received By Job
	145218  -  Total Bytes Sent By Job
	2246509  -  Total Bytes Received By Job
	Partitionable Resources :    Usage  Request Allocated 
	   Cpus                 :        0        1         1 
	   Disk (KB)            :     5153     2250    304407 
	   Memory (MB)          :      178     2000      2000 
...
