000 (70945956.012.000) 03/28 21:58:22 Job submitted from host: <131.225.188.235:9618?addrs=131.225.188.235-9618&noUDP&sock=14994_371f_3>
...
001 (70945956.012.000) 03/28 21:58:46 Job executing on host: <131.225.207.4:9618?addrs=131.225.207.4-9618&noUDP&sock=1154_2061_3>
...
006 (70945956.012.000) 03/28 21:58:54 Image size of job updated: 7
	7  -  MemoryUsage of job (MB)
	7228  -  ResidentSetSize of job (KB)
...
006 (70945956.012.000) 03/28 21:59:54 Image size of job updated: 155
	155  -  MemoryUsage of job (MB)
	159232  -  ResidentSetSize of job (KB)
...
006 (70945956.012.000) 03/28 22:00:55 Image size of job updated: 180
	180  -  MemoryUsage of job (MB)
	184420  -  ResidentSetSize of job (KB)
...
006 (70945956.012.000) 03/28 22:01:33 Image size of job updated: 180
	180  -  MemoryUsage of job (MB)
	184872  -  ResidentSetSize of job (KB)
...
005 (70945956.012.000) 03/28 22:01:33 Job terminated.
	(1) Normal termination (return value 0)
		Usr 0 00:01:50, Sys 0 00:00:07  -  Run Remote Usage
		Usr 0 00:00:00, Sys 0 00:00:00  -  Run Local Usage
		Usr 0 00:01:50, Sys 0 00:00:07  -  Total Remote Usage
		Usr 0 00:00:00, Sys 0 00:00:00  -  Total Local Usage
	200747  -  Run Bytes Sent By Job
	2246509  -  Run Bytes Received By Job
	200747  -  Total Bytes Sent By Job
	2246509  -  Total Bytes Received By Job
	Partitionable Resources :    Usage  Request Allocated 
	   Cpus                 :        0        1         1 
	   Disk (KB)            :   230955     2250    311961 
	   Memory (MB)          :      180     2000      2000 
...
