000 (70945956.023.000) 03/28 21:58:22 Job submitted from host: <131.225.188.235:9618?addrs=131.225.188.235-9618&noUDP&sock=14994_371f_3>
...
001 (70945956.023.000) 03/28 21:58:47 Job executing on host: <131.225.206.111:9618?addrs=131.225.206.111-9618&noUDP&sock=1168_bab5_3>
...
006 (70945956.023.000) 03/28 21:58:56 Image size of job updated: 7
	7  -  MemoryUsage of job (MB)
	7440  -  ResidentSetSize of job (KB)
...
006 (70945956.023.000) 03/28 21:59:56 Image size of job updated: 154
	154  -  MemoryUsage of job (MB)
	157768  -  ResidentSetSize of job (KB)
...
006 (70945956.023.000) 03/28 22:00:57 Image size of job updated: 178
	178  -  MemoryUsage of job (MB)
	183232  -  ResidentSetSize of job (KB)
...
005 (70945956.023.000) 03/28 22:01:24 Job terminated.
	(1) Normal termination (return value 0)
		Usr 0 00:01:24, Sys 0 00:00:08  -  Run Remote Usage
		Usr 0 00:00:00, Sys 0 00:00:00  -  Run Local Usage
		Usr 0 00:01:24, Sys 0 00:00:08  -  Total Remote Usage
		Usr 0 00:00:00, Sys 0 00:00:00  -  Total Local Usage
	144981  -  Run Bytes Sent By Job
	2246509  -  Run Bytes Received By Job
	144981  -  Total Bytes Sent By Job
	2246509  -  Total Bytes Received By Job
	Partitionable Resources :    Usage  Request Allocated 
	   Cpus                 :        0        1         1 
	   Disk (KB)            :     5153     2250    324228 
	   Memory (MB)          :      178     2000      2000 
...
