000 (70945956.163.000) 03/28 21:58:23 Job submitted from host: <131.225.188.235:9618?addrs=131.225.188.235-9618&noUDP&sock=14994_371f_3>
...
001 (70945956.163.000) 03/28 21:59:24 Job executing on host: <131.225.206.107:9618?addrs=131.225.206.107-9618&noUDP&sock=1200_adbc_3>
...
006 (70945956.163.000) 03/28 21:59:33 Image size of job updated: 24
	24  -  MemoryUsage of job (MB)
	25580  -  ResidentSetSize of job (KB)
...
006 (70945956.163.000) 03/28 22:00:33 Image size of job updated: 73
	73  -  MemoryUsage of job (MB)
	74784  -  ResidentSetSize of job (KB)
...
006 (70945956.163.000) 03/28 22:01:33 Image size of job updated: 163
	163  -  MemoryUsage of job (MB)
	167212  -  ResidentSetSize of job (KB)
...
006 (70945956.163.000) 03/28 22:02:33 Image size of job updated: 163
	163  -  MemoryUsage of job (MB)
	167912  -  ResidentSetSize of job (KB)
...
006 (70945956.163.000) 03/28 22:03:33 Image size of job updated: 164
	164  -  MemoryUsage of job (MB)
	167988  -  ResidentSetSize of job (KB)
...
006 (70945956.163.000) 03/28 22:04:34 Image size of job updated: 164
	164  -  MemoryUsage of job (MB)
	168100  -  ResidentSetSize of job (KB)
...
006 (70945956.163.000) 03/28 22:05:35 Image size of job updated: 186
	186  -  MemoryUsage of job (MB)
	190856  -  ResidentSetSize of job (KB)
...
006 (70945956.163.000) 03/28 22:06:36 Image size of job updated: 186
	186  -  MemoryUsage of job (MB)
	191020  -  ResidentSetSize of job (KB)
...
006 (70945956.163.000) 03/28 22:07:37 Image size of job updated: 186
	186  -  MemoryUsage of job (MB)
	191088  -  ResidentSetSize of job (KB)
...
006 (70945956.163.000) 03/28 22:08:37 Image size of job updated: 186
	186  -  MemoryUsage of job (MB)
	191160  -  ResidentSetSize of job (KB)
...
006 (70945956.163.000) 03/28 22:09:37 Image size of job updated: 186
	186  -  MemoryUsage of job (MB)
	191212  -  ResidentSetSize of job (KB)
...
006 (70945956.163.000) 03/28 22:10:37 Image size of job updated: 186
	186  -  MemoryUsage of job (MB)
	191284  -  ResidentSetSize of job (KB)
...
006 (70945956.163.000) 03/28 22:11:07 Image size of job updated: 186
	186  -  MemoryUsage of job (MB)
	191328  -  ResidentSetSize of job (KB)
...
005 (70945956.163.000) 03/28 22:11:07 Job terminated.
	(1) Normal termination (return value 0)
		Usr 0 00:08:33, Sys 0 00:00:28  -  Run Remote Usage
		Usr 0 00:00:00, Sys 0 00:00:00  -  Run Local Usage
		Usr 0 00:08:33, Sys 0 00:00:28  -  Total Remote Usage
		Usr 0 00:00:00, Sys 0 00:00:00  -  Total Local Usage
	155581  -  Run Bytes Sent By Job
	2246509  -  Run Bytes Received By Job
	155581  -  Total Bytes Sent By Job
	2246509  -  Total Bytes Received By Job
	Partitionable Resources :    Usage  Request Allocated 
	   Cpus                 :        0        1         1 
	   Disk (KB)            :     5163     2250    322796 
	   Memory (MB)          :      186     2000      2000 
...
