000 (70945956.109.000) 03/28 21:58:22 Job submitted from host: <131.225.188.235:9618?addrs=131.225.188.235-9618&noUDP&sock=14994_371f_3>
...
001 (70945956.109.000) 03/28 21:58:58 Job executing on host: <131.225.191.189:9618?addrs=131.225.191.189-9618&noUDP&sock=1149_b268_3>
...
006 (70945956.109.000) 03/28 21:59:07 Image size of job updated: 17
	17  -  MemoryUsage of job (MB)
	18088  -  ResidentSetSize of job (KB)
...
006 (70945956.109.000) 03/28 22:00:07 Image size of job updated: 154
	154  -  MemoryUsage of job (MB)
	158008  -  ResidentSetSize of job (KB)
...
006 (70945956.109.000) 03/28 22:01:07 Image size of job updated: 154
	154  -  MemoryUsage of job (MB)
	158152  -  ResidentSetSize of job (KB)
...
006 (70945956.109.000) 03/28 22:02:00 Image size of job updated: 179
	179  -  MemoryUsage of job (MB)
	184312  -  ResidentSetSize of job (KB)
...
005 (70945956.109.000) 03/28 22:02:02 Job terminated.
	(1) Normal termination (return value 0)
		Usr 0 00:01:57, Sys 0 00:00:08  -  Run Remote Usage
		Usr 0 00:00:00, Sys 0 00:00:00  -  Run Local Usage
		Usr 0 00:01:57, Sys 0 00:00:08  -  Total Remote Usage
		Usr 0 00:00:00, Sys 0 00:00:00  -  Total Local Usage
	145049  -  Run Bytes Sent By Job
	2246509  -  Run Bytes Received By Job
	145049  -  Total Bytes Sent By Job
	2246509  -  Total Bytes Received By Job
	Partitionable Resources :    Usage  Request Allocated 
	   Cpus                 :        0        1         1 
	   Disk (KB)            :     5153     2250    309809 
	   Memory (MB)          :      179     2000      2000 
...
