000 (70945956.157.000) 03/28 21:58:22 Job submitted from host: <131.225.188.235:9618?addrs=131.225.188.235-9618&noUDP&sock=14994_371f_3>
...
001 (70945956.157.000) 03/28 21:59:20 Job executing on host: <131.225.206.47:9618?addrs=131.225.206.47-9618&noUDP&sock=1148_02d0_3>
...
006 (70945956.157.000) 03/28 21:59:29 Image size of job updated: 17
	17  -  MemoryUsage of job (MB)
	17616  -  ResidentSetSize of job (KB)
...
006 (70945956.157.000) 03/28 22:00:31 Image size of job updated: 160
	160  -  MemoryUsage of job (MB)
	164400  -  ResidentSetSize of job (KB)
...
006 (70945956.157.000) 03/28 22:01:31 Image size of job updated: 160
	160  -  MemoryUsage of job (MB)
	164532  -  ResidentSetSize of job (KB)
...
006 (70945956.157.000) 03/28 22:02:31 Image size of job updated: 160
	160  -  MemoryUsage of job (MB)
	164700  -  ResidentSetSize of job (KB)
...
006 (70945956.157.000) 03/28 22:03:31 Image size of job updated: 160
	160  -  MemoryUsage of job (MB)
	164808  -  ResidentSetSize of job (KB)
...
006 (70945956.157.000) 03/28 22:04:31 Image size of job updated: 161
	161  -  MemoryUsage of job (MB)
	164884  -  ResidentSetSize of job (KB)
...
006 (70945956.157.000) 03/28 22:05:32 Image size of job updated: 187
	187  -  MemoryUsage of job (MB)
	191748  -  ResidentSetSize of job (KB)
...
006 (70945956.157.000) 03/28 22:06:33 Image size of job updated: 187
	187  -  MemoryUsage of job (MB)
	191832  -  ResidentSetSize of job (KB)
...
006 (70945956.157.000) 03/28 22:07:34 Image size of job updated: 187
	187  -  MemoryUsage of job (MB)
	191904  -  ResidentSetSize of job (KB)
...
006 (70945956.157.000) 03/28 22:08:35 Image size of job updated: 187
	187  -  MemoryUsage of job (MB)
	191956  -  ResidentSetSize of job (KB)
...
006 (70945956.157.000) 03/28 22:09:04 Image size of job updated: 187
	187  -  MemoryUsage of job (MB)
	191988  -  ResidentSetSize of job (KB)
...
005 (70945956.157.000) 03/28 22:09:06 Job terminated.
	(1) Normal termination (return value 0)
		Usr 0 00:07:02, Sys 0 00:00:25  -  Run Remote Usage
		Usr 0 00:00:00, Sys 0 00:00:00  -  Run Local Usage
		Usr 0 00:07:02, Sys 0 00:00:25  -  Total Remote Usage
		Usr 0 00:00:00, Sys 0 00:00:00  -  Total Local Usage
	151645  -  Run Bytes Sent By Job
	2246509  -  Run Bytes Received By Job
	151645  -  Total Bytes Sent By Job
	2246509  -  Total Bytes Received By Job
	Partitionable Resources :    Usage  Request Allocated 
	   Cpus                 :     0.00        1         1 
	   Disk (KB)            :  5159        2250    320106 
	   Memory (MB)          :   187        2000      2000 
...
