000 (70945956.095.000) 03/28 21:58:22 Job submitted from host: <131.225.188.235:9618?addrs=131.225.188.235-9618&noUDP&sock=14994_371f_3>
...
001 (70945956.095.000) 03/28 21:59:11 Job executing on host: <131.225.204.96:9618?addrs=131.225.204.96-9618&noUDP&sock=1159_8e5a_3>
...
006 (70945956.095.000) 03/28 21:59:22 Image size of job updated: 16
	16  -  MemoryUsage of job (MB)
	16980  -  ResidentSetSize of job (KB)
...
006 (70945956.095.000) 03/28 22:00:21 Image size of job updated: 66
	66  -  MemoryUsage of job (MB)
	68200  -  ResidentSetSize of job (KB)
...
006 (70945956.095.000) 03/28 22:01:21 Image size of job updated: 154
	154  -  MemoryUsage of job (MB)
	158100  -  ResidentSetSize of job (KB)
...
006 (70945956.095.000) 03/28 22:02:21 Image size of job updated: 179
	179  -  MemoryUsage of job (MB)
	184000  -  ResidentSetSize of job (KB)
...
006 (70945956.095.000) 03/28 22:02:41 Image size of job updated: 179
	179  -  MemoryUsage of job (MB)
	184064  -  ResidentSetSize of job (KB)
...
005 (70945956.095.000) 03/28 22:02:44 Job terminated.
	(1) Normal termination (return value 0)
		Usr 0 00:01:52, Sys 0 00:00:07  -  Run Remote Usage
		Usr 0 00:00:00, Sys 0 00:00:00  -  Run Local Usage
		Usr 0 00:01:52, Sys 0 00:00:07  -  Total Remote Usage
		Usr 0 00:00:00, Sys 0 00:00:00  -  Total Local Usage
	145041  -  Run Bytes Sent By Job
	2246509  -  Run Bytes Received By Job
	145041  -  Total Bytes Sent By Job
	2246509  -  Total Bytes Received By Job
	Partitionable Resources :    Usage  Request Allocated 
	   Cpus                 :     0.00        1         1 
	   Disk (KB)            :  5153        2250    299257 
	   Memory (MB)          :   179        2000      2000 
...
