000 (70945956.093.000) 03/28 21:58:22 Job submitted from host: <131.225.188.235:9618?addrs=131.225.188.235-9618&noUDP&sock=14994_371f_3>
...
001 (70945956.093.000) 03/28 21:58:54 Job executing on host: <131.225.204.46:9618?addrs=131.225.204.46-9618&noUDP&sock=1151_1198_3>
...
006 (70945956.093.000) 03/28 21:59:03 Image size of job updated: 14
	14  -  MemoryUsage of job (MB)
	15088  -  ResidentSetSize of job (KB)
...
006 (70945956.093.000) 03/28 22:00:04 Image size of job updated: 153
	153  -  MemoryUsage of job (MB)
	157660  -  ResidentSetSize of job (KB)
...
006 (70945956.093.000) 03/28 22:01:05 Image size of job updated: 178
	178  -  MemoryUsage of job (MB)
	183024  -  ResidentSetSize of job (KB)
...
006 (70945956.093.000) 03/28 22:02:04 Image size of job updated: 178
	178  -  MemoryUsage of job (MB)
	183100  -  ResidentSetSize of job (KB)
...
005 (70945956.093.000) 03/28 22:02:06 Job terminated.
	(1) Normal termination (return value 0)
		Usr 0 00:01:47, Sys 0 00:00:07  -  Run Remote Usage
		Usr 0 00:00:00, Sys 0 00:00:00  -  Run Local Usage
		Usr 0 00:01:47, Sys 0 00:00:07  -  Total Remote Usage
		Usr 0 00:00:00, Sys 0 00:00:00  -  Total Local Usage
	145301  -  Run Bytes Sent By Job
	2246509  -  Run Bytes Received By Job
	145301  -  Total Bytes Sent By Job
	2246509  -  Total Bytes Received By Job
	Partitionable Resources :    Usage  Request Allocated 
	   Cpus                 :        0        1         1 
	   Disk (KB)            :     5153     2250    315682 
	   Memory (MB)          :      178     2000      2000 
...
