000 (70945956.113.000) 03/28 21:58:22 Job submitted from host: <131.225.188.235:9618?addrs=131.225.188.235-9618&noUDP&sock=14994_371f_3>
...
001 (70945956.113.000) 03/28 21:59:16 Job executing on host: <131.225.206.239:9618?addrs=131.225.206.239-9618&noUDP&sock=1148_02d0_3>
...
006 (70945956.113.000) 03/28 21:59:25 Image size of job updated: 5
	4  -  MemoryUsage of job (MB)
	4268  -  ResidentSetSize of job (KB)
...
006 (70945956.113.000) 03/28 22:00:25 Image size of job updated: 154
	154  -  MemoryUsage of job (MB)
	157796  -  ResidentSetSize of job (KB)
...
006 (70945956.113.000) 03/28 22:01:26 Image size of job updated: 176
	176  -  MemoryUsage of job (MB)
	180784  -  ResidentSetSize of job (KB)
...
005 (70945956.113.000) 03/28 22:01:50 Job terminated.
	(1) Normal termination (return value 0)
		Usr 0 00:01:24, Sys 0 00:00:06  -  Run Remote Usage
		Usr 0 00:00:00, Sys 0 00:00:00  -  Run Local Usage
		Usr 0 00:01:24, Sys 0 00:00:06  -  Total Remote Usage
		Usr 0 00:00:00, Sys 0 00:00:00  -  Total Local Usage
	144940  -  Run Bytes Sent By Job
	2246509  -  Run Bytes Received By Job
	144940  -  Total Bytes Sent By Job
	2246509  -  Total Bytes Received By Job
	Partitionable Resources :    Usage  Request Allocated 
	   Cpus                 :     0.00        1         1 
	   Disk (KB)            :  5153        2250    321055 
	   Memory (MB)          :   176        2000      2000 
...
