000 (70945956.037.000) 03/28 21:58:22 Job submitted from host: <131.225.188.235:9618?addrs=131.225.188.235-9618&noUDP&sock=14994_371f_3>
...
001 (70945956.037.000) 03/28 21:58:46 Job executing on host: <131.225.206.85:9618?addrs=131.225.206.85-9618&noUDP&sock=1157_2f2a_3>
...
006 (70945956.037.000) 03/28 21:58:54 Image size of job updated: 14
	14  -  MemoryUsage of job (MB)
	15252  -  ResidentSetSize of job (KB)
...
006 (70945956.037.000) 03/28 21:59:55 Image size of job updated: 154
	154  -  MemoryUsage of job (MB)
	158200  -  ResidentSetSize of job (KB)
...
006 (70945956.037.000) 03/28 22:00:55 Image size of job updated: 154
	154  -  MemoryUsage of job (MB)
	158252  -  ResidentSetSize of job (KB)
...
006 (70945956.037.000) 03/28 22:01:55 Image size of job updated: 176
	176  -  MemoryUsage of job (MB)
	180852  -  ResidentSetSize of job (KB)
...
005 (70945956.037.000) 03/28 22:02:26 Job terminated.
	(1) Normal termination (return value 0)
		Usr 0 00:01:25, Sys 0 00:00:07  -  Run Remote Usage
		Usr 0 00:00:00, Sys 0 00:00:00  -  Run Local Usage
		Usr 0 00:01:25, Sys 0 00:00:07  -  Total Remote Usage
		Usr 0 00:00:00, Sys 0 00:00:00  -  Total Local Usage
	144956  -  Run Bytes Sent By Job
	2246509  -  Run Bytes Received By Job
	144956  -  Total Bytes Sent By Job
	2246509  -  Total Bytes Received By Job
	Partitionable Resources :    Usage  Request Allocated 
	   Cpus                 :        0        1         1 
	   Disk (KB)            :     5153     2250    322287 
	   Memory (MB)          :      176     2000      2000 
...
