000 (70945956.084.000) 03/28 21:58:22 Job submitted from host: <131.225.188.235:9618?addrs=131.225.188.235-9618&noUDP&sock=14994_371f_3>
...
001 (70945956.084.000) 03/28 21:59:09 Job executing on host: <131.225.204.115:9618?addrs=131.225.204.115-9618&noUDP&sock=1150_6200_3>
...
006 (70945956.084.000) 03/28 22:00:19 Image size of job updated: 153
	153  -  MemoryUsage of job (MB)
	157588  -  ResidentSetSize of job (KB)
...
006 (70945956.084.000) 03/28 22:01:19 Image size of job updated: 178
	178  -  MemoryUsage of job (MB)
	182424  -  ResidentSetSize of job (KB)
...
006 (70945956.084.000) 03/28 22:01:53 Image size of job updated: 178
	178  -  MemoryUsage of job (MB)
	182460  -  ResidentSetSize of job (KB)
...
005 (70945956.084.000) 03/28 22:01:54 Job terminated.
	(1) Normal termination (return value 0)
		Usr 0 00:01:49, Sys 0 00:00:07  -  Run Remote Usage
		Usr 0 00:00:00, Sys 0 00:00:00  -  Run Local Usage
		Usr 0 00:01:49, Sys 0 00:00:07  -  Total Remote Usage
		Usr 0 00:00:00, Sys 0 00:00:00  -  Total Local Usage
	145431  -  Run Bytes Sent By Job
	2246509  -  Run Bytes Received By Job
	145431  -  Total Bytes Sent By Job
	2246509  -  Total Bytes Received By Job
	Partitionable Resources :    Usage  Request Allocated 
	   Cpus                 :        0        1         1 
	   Disk (KB)            :     5153     2250    306756 
	   Memory (MB)          :      178     2000      2000 
...
