000 (70945956.043.000) 03/28 21:58:22 Job submitted from host: <131.225.188.235:9618?addrs=131.225.188.235-9618&noUDP&sock=14994_371f_3>
...
001 (70945956.043.000) 03/28 21:58:46 Job executing on host: <131.225.206.4:9618?addrs=131.225.206.4-9618&noUDP&sock=1155_cff9_3>
...
006 (70945956.043.000) 03/28 21:58:55 Image size of job updated: 17
	17  -  MemoryUsage of job (MB)
	17816  -  ResidentSetSize of job (KB)
...
006 (70945956.043.000) 03/28 21:59:55 Image size of job updated: 154
	154  -  MemoryUsage of job (MB)
	158032  -  ResidentSetSize of job (KB)
...
006 (70945956.043.000) 03/28 22:00:56 Image size of job updated: 154
	154  -  MemoryUsage of job (MB)
	158176  -  ResidentSetSize of job (KB)
...
006 (70945956.043.000) 03/28 22:01:43 Image size of job updated: 176
	176  -  MemoryUsage of job (MB)
	180312  -  ResidentSetSize of job (KB)
...
005 (70945956.043.000) 03/28 22:01:44 Job terminated.
	(1) Normal termination (return value 0)
		Usr 0 00:02:01, Sys 0 00:00:08  -  Run Remote Usage
		Usr 0 00:00:00, Sys 0 00:00:00  -  Run Local Usage
		Usr 0 00:02:01, Sys 0 00:00:08  -  Total Remote Usage
		Usr 0 00:00:00, Sys 0 00:00:00  -  Total Local Usage
	144986  -  Run Bytes Sent By Job
	2246509  -  Run Bytes Received By Job
	144986  -  Total Bytes Sent By Job
	2246509  -  Total Bytes Received By Job
	Partitionable Resources :    Usage  Request Allocated 
	   Cpus                 :     0.01        1         1 
	   Disk (KB)            :  5153        2250    306473 
	   Memory (MB)          :   176        2000      2000 
...
