000 (70945956.180.000) 03/28 21:58:23 Job submitted from host: <131.225.188.235:9618?addrs=131.225.188.235-9618&noUDP&sock=14994_371f_3>
...
001 (70945956.180.000) 03/28 21:59:29 Job executing on host: <131.225.191.146:9618?addrs=131.225.191.146-9618&noUDP&sock=1163_4cbb_3>
...
006 (70945956.180.000) 03/28 21:59:38 Image size of job updated: 14
	14  -  MemoryUsage of job (MB)
	15152  -  ResidentSetSize of job (KB)
...
006 (70945956.180.000) 03/28 22:00:38 Image size of job updated: 146
	146  -  MemoryUsage of job (MB)
	150280  -  ResidentSetSize of job (KB)
...
006 (70945956.180.000) 03/28 22:01:38 Image size of job updated: 164
	164  -  MemoryUsage of job (MB)
	168268  -  ResidentSetSize of job (KB)
...
006 (70945956.180.000) 03/28 22:02:38 Image size of job updated: 164
	164  -  MemoryUsage of job (MB)
	168436  -  ResidentSetSize of job (KB)
...
006 (70945956.180.000) 03/28 22:03:39 Image size of job updated: 164
	164  -  MemoryUsage of job (MB)
	168544  -  ResidentSetSize of job (KB)
...
006 (70945956.180.000) 03/28 22:04:40 Image size of job updated: 164
	164  -  MemoryUsage of job (MB)
	168612  -  ResidentSetSize of job (KB)
...
006 (70945956.180.000) 03/28 22:05:41 Image size of job updated: 192
	192  -  MemoryUsage of job (MB)
	196976  -  ResidentSetSize of job (KB)
...
006 (70945956.180.000) 03/28 22:06:42 Image size of job updated: 192
	192  -  MemoryUsage of job (MB)
	197072  -  ResidentSetSize of job (KB)
...
006 (70945956.180.000) 03/28 22:07:42 Image size of job updated: 192
	192  -  MemoryUsage of job (MB)
	197164  -  ResidentSetSize of job (KB)
...
006 (70945956.180.000) 03/28 22:08:42 Image size of job updated: 192
	192  -  MemoryUsage of job (MB)
	197232  -  ResidentSetSize of job (KB)
...
006 (70945956.180.000) 03/28 22:09:42 Image size of job updated: 192
	192  -  MemoryUsage of job (MB)
	197268  -  ResidentSetSize of job (KB)
...
006 (70945956.180.000) 03/28 22:10:42 Image size of job updated: 192
	192  -  MemoryUsage of job (MB)
	197332  -  ResidentSetSize of job (KB)
...
006 (70945956.180.000) 03/28 22:11:43 Image size of job updated: 192
	192  -  MemoryUsage of job (MB)
	197388  -  ResidentSetSize of job (KB)
...
006 (70945956.180.000) 03/28 22:12:00 Image size of job updated: 192
	192  -  MemoryUsage of job (MB)
	197416  -  ResidentSetSize of job (KB)
...
005 (70945956.180.000) 03/28 22:12:01 Job terminated.
	(1) Normal termination (return value 0)
		Usr 0 00:08:33, Sys 0 00:00:28  -  Run Remote Usage
		Usr 0 00:00:00, Sys 0 00:00:00  -  Run Local Usage
		Usr 0 00:08:33, Sys 0 00:00:28  -  Total Remote Usage
		Usr 0 00:00:00, Sys 0 00:00:00  -  Total Local Usage
	154239  -  Run Bytes Sent By Job
	2246509  -  Run Bytes Received By Job
	154239  -  Total Bytes Sent By Job
	2246509  -  Total Bytes Received By Job
	Partitionable Resources :    Usage  Request Allocated 
	   Cpus                 :        0        1         1 
	   Disk (KB)            :     5161     2250    330049 
	   Memory (MB)          :      192     2000      2000 
...
