000 (70945956.106.000) 03/28 21:58:22 Job submitted from host: <131.225.188.235:9618?addrs=131.225.188.235-9618&noUDP&sock=14994_371f_3>
...
001 (70945956.106.000) 03/28 21:58:57 Job executing on host: <131.225.206.234:9618?addrs=131.225.206.234-9618&noUDP&sock=1173_28ae_3>
...
006 (70945956.106.000) 03/28 21:59:08 Image size of job updated: 14
	14  -  MemoryUsage of job (MB)
	15256  -  ResidentSetSize of job (KB)
...
006 (70945956.106.000) 03/28 22:00:07 Image size of job updated: 33
	33  -  MemoryUsage of job (MB)
	34640  -  ResidentSetSize of job (KB)
...
006 (70945956.106.000) 03/28 22:01:07 Image size of job updated: 154
	154  -  MemoryUsage of job (MB)
	158420  -  ResidentSetSize of job (KB)
...
006 (70945956.106.000) 03/28 22:02:07 Image size of job updated: 179
	179  -  MemoryUsage of job (MB)
	184104  -  ResidentSetSize of job (KB)
...
006 (70945956.106.000) 03/28 22:02:39 Image size of job updated: 179
	179  -  MemoryUsage of job (MB)
	184212  -  ResidentSetSize of job (KB)
...
005 (70945956.106.000) 03/28 22:02:41 Job terminated.
	(1) Normal termination (return value 0)
		Usr 0 00:01:52, Sys 0 00:00:09  -  Run Remote Usage
		Usr 0 00:00:00, Sys 0 00:00:00  -  Run Local Usage
		Usr 0 00:01:52, Sys 0 00:00:09  -  Total Remote Usage
		Usr 0 00:00:00, Sys 0 00:00:00  -  Total Local Usage
	145220  -  Run Bytes Sent By Job
	2246509  -  Run Bytes Received By Job
	145220  -  Total Bytes Sent By Job
	2246509  -  Total Bytes Received By Job
	Partitionable Resources :    Usage  Request Allocated 
	   Cpus                 :     0.00        1         1 
	   Disk (KB)            :  5153        2250    325141 
	   Memory (MB)          :   179        2000      2000 
...
