000 (70945956.087.000) 03/28 21:58:22 Job submitted from host: <131.225.188.235:9618?addrs=131.225.188.235-9618&noUDP&sock=14994_371f_3>
...
001 (70945956.087.000) 03/28 21:59:10 Job executing on host: <131.225.191.136:9618?addrs=131.225.191.136-9618&noUDP&sock=1148_02d0_3>
...
006 (70945956.087.000) 03/28 21:59:19 Image size of job updated: 29
	29  -  MemoryUsage of job (MB)
	30132  -  ResidentSetSize of job (KB)
...
006 (70945956.087.000) 03/28 22:00:20 Image size of job updated: 156
	156  -  MemoryUsage of job (MB)
	159940  -  ResidentSetSize of job (KB)
...
006 (70945956.087.000) 03/28 22:01:21 Image size of job updated: 179
	179  -  MemoryUsage of job (MB)
	184060  -  ResidentSetSize of job (KB)
...
006 (70945956.087.000) 03/28 22:02:06 Image size of job updated: 179
	179  -  MemoryUsage of job (MB)
	184168  -  ResidentSetSize of job (KB)
...
005 (70945956.087.000) 03/28 22:02:08 Job terminated.
	(1) Normal termination (return value 0)
		Usr 0 00:01:44, Sys 0 00:00:07  -  Run Remote Usage
		Usr 0 00:00:00, Sys 0 00:00:00  -  Run Local Usage
		Usr 0 00:01:44, Sys 0 00:00:07  -  Total Remote Usage
		Usr 0 00:00:00, Sys 0 00:00:00  -  Total Local Usage
	146118  -  Run Bytes Sent By Job
	2246509  -  Run Bytes Received By Job
	146118  -  Total Bytes Sent By Job
	2246509  -  Total Bytes Received By Job
	Partitionable Resources :    Usage  Request Allocated 
	   Cpus                 :        0        1         1 
	   Disk (KB)            :     5154     2250    327744 
	   Memory (MB)          :      179     2000      2000 
...
