000 (70945956.097.000) 03/28 21:58:22 Job submitted from host: <131.225.188.235:9618?addrs=131.225.188.235-9618&noUDP&sock=14994_371f_3>
...
001 (70945956.097.000) 03/28 21:58:55 Job executing on host: <131.225.206.200:9618?addrs=131.225.206.200-9618&noUDP&sock=1152_c131_3>
...
006 (70945956.097.000) 03/28 21:59:06 Image size of job updated: 23
	23  -  MemoryUsage of job (MB)
	23844  -  ResidentSetSize of job (KB)
...
006 (70945956.097.000) 03/28 22:00:05 Image size of job updated: 154
	154  -  MemoryUsage of job (MB)
	158276  -  ResidentSetSize of job (KB)
...
006 (70945956.097.000) 03/28 22:01:06 Image size of job updated: 182
	182  -  MemoryUsage of job (MB)
	186716  -  ResidentSetSize of job (KB)
...
006 (70945956.097.000) 03/28 22:01:48 Image size of job updated: 182
	182  -  MemoryUsage of job (MB)
	186800  -  ResidentSetSize of job (KB)
...
005 (70945956.097.000) 03/28 22:01:49 Job terminated.
	(1) Normal termination (return value 0)
		Usr 0 00:01:42, Sys 0 00:00:09  -  Run Remote Usage
		Usr 0 00:00:00, Sys 0 00:00:00  -  Run Local Usage
		Usr 0 00:01:42, Sys 0 00:00:09  -  Total Remote Usage
		Usr 0 00:00:00, Sys 0 00:00:00  -  Total Local Usage
	145028  -  Run Bytes Sent By Job
	2246509  -  Run Bytes Received By Job
	145028  -  Total Bytes Sent By Job
	2246509  -  Total Bytes Received By Job
	Partitionable Resources :    Usage  Request Allocated 
	   Cpus                 :        0        1         1 
	   Disk (KB)            :     5153     2250    311461 
	   Memory (MB)          :      182     2000      2000 
...
