000 (70945956.103.000) 03/28 21:58:22 Job submitted from host: <131.225.188.235:9618?addrs=131.225.188.235-9618&noUDP&sock=14994_371f_3>
...
001 (70945956.103.000) 03/28 21:58:56 Job executing on host: <131.225.191.160:9618?addrs=131.225.191.160-9618&noUDP&sock=1152_c131_3>
...
006 (70945956.103.000) 03/28 21:59:05 Image size of job updated: 18
	18  -  MemoryUsage of job (MB)
	19220  -  ResidentSetSize of job (KB)
...
006 (70945956.103.000) 03/28 22:00:10 Image size of job updated: 73
	73  -  MemoryUsage of job (MB)
	74772  -  ResidentSetSize of job (KB)
...
006 (70945956.103.000) 03/28 22:01:07 Image size of job updated: 154
	154  -  MemoryUsage of job (MB)
	157812  -  ResidentSetSize of job (KB)
...
006 (70945956.103.000) 03/28 22:02:07 Image size of job updated: 154
	154  -  MemoryUsage of job (MB)
	158108  -  ResidentSetSize of job (KB)
...
006 (70945956.103.000) 03/28 22:03:08 Image size of job updated: 154
	154  -  MemoryUsage of job (MB)
	158144  -  ResidentSetSize of job (KB)
...
006 (70945956.103.000) 03/28 22:04:08 Image size of job updated: 184
	184  -  MemoryUsage of job (MB)
	188804  -  ResidentSetSize of job (KB)
...
006 (70945956.103.000) 03/28 22:04:33 Image size of job updated: 184
	184  -  MemoryUsage of job (MB)
	188856  -  ResidentSetSize of job (KB)
...
005 (70945956.103.000) 03/28 22:04:35 Job terminated.
	(1) Normal termination (return value 0)
		Usr 0 00:01:55, Sys 0 00:00:07  -  Run Remote Usage
		Usr 0 00:00:00, Sys 0 00:00:00  -  Run Local Usage
		Usr 0 00:01:55, Sys 0 00:00:07  -  Total Remote Usage
		Usr 0 00:00:00, Sys 0 00:00:00  -  Total Local Usage
	146148  -  Run Bytes Sent By Job
	2246509  -  Run Bytes Received By Job
	146148  -  Total Bytes Sent By Job
	2246509  -  Total Bytes Received By Job
	Partitionable Resources :    Usage  Request Allocated 
	   Cpus                 :        0        1         1 
	   Disk (KB)            :     5154     2250    326912 
	   Memory (MB)          :      184     2000      2000 
...
