000 (70945956.166.000) 03/28 21:58:23 Job submitted from host: <131.225.188.235:9618?addrs=131.225.188.235-9618&noUDP&sock=14994_371f_3>
...
001 (70945956.166.000) 03/28 21:59:24 Job executing on host: <131.225.204.105:9618?addrs=131.225.204.105-9618&noUDP&sock=1150_6200_3>
...
006 (70945956.166.000) 03/28 21:59:33 Image size of job updated: 35
	35  -  MemoryUsage of job (MB)
	36512  -  ResidentSetSize of job (KB)
...
006 (70945956.166.000) 03/28 22:00:33 Image size of job updated: 119
	119  -  MemoryUsage of job (MB)
	122440  -  ResidentSetSize of job (KB)
...
006 (70945956.166.000) 03/28 22:01:34 Image size of job updated: 166
	166  -  MemoryUsage of job (MB)
	170824  -  ResidentSetSize of job (KB)
...
006 (70945956.166.000) 03/28 22:02:35 Image size of job updated: 166
	166  -  MemoryUsage of job (MB)
	170984  -  ResidentSetSize of job (KB)
...
006 (70945956.166.000) 03/28 22:03:36 Image size of job updated: 167
	167  -  MemoryUsage of job (MB)
	171140  -  ResidentSetSize of job (KB)
...
006 (70945956.166.000) 03/28 22:04:38 Image size of job updated: 167
	167  -  MemoryUsage of job (MB)
	171212  -  ResidentSetSize of job (KB)
...
006 (70945956.166.000) 03/28 22:05:38 Image size of job updated: 167
	167  -  MemoryUsage of job (MB)
	171316  -  ResidentSetSize of job (KB)
...
006 (70945956.166.000) 03/28 22:06:38 Image size of job updated: 167
	167  -  MemoryUsage of job (MB)
	171388  -  ResidentSetSize of job (KB)
...
006 (70945956.166.000) 03/28 22:07:38 Image size of job updated: 187
	187  -  MemoryUsage of job (MB)
	192204  -  ResidentSetSize of job (KB)
...
006 (70945956.166.000) 03/28 22:08:38 Image size of job updated: 187
	187  -  MemoryUsage of job (MB)
	192296  -  ResidentSetSize of job (KB)
...
006 (70945956.166.000) 03/28 22:09:39 Image size of job updated: 187
	187  -  MemoryUsage of job (MB)
	192388  -  ResidentSetSize of job (KB)
...
006 (70945956.166.000) 03/28 22:10:40 Image size of job updated: 187
	187  -  MemoryUsage of job (MB)
	192428  -  ResidentSetSize of job (KB)
...
006 (70945956.166.000) 03/28 22:11:41 Image size of job updated: 188
	188  -  MemoryUsage of job (MB)
	192532  -  ResidentSetSize of job (KB)
...
006 (70945956.166.000) 03/28 22:12:26 Image size of job updated: 188
	188  -  MemoryUsage of job (MB)
	192572  -  ResidentSetSize of job (KB)
...
005 (70945956.166.000) 03/28 22:12:26 Job terminated.
	(1) Normal termination (return value 0)
		Usr 0 00:10:03, Sys 0 00:00:32  -  Run Remote Usage
		Usr 0 00:00:00, Sys 0 00:00:00  -  Run Local Usage
		Usr 0 00:10:03, Sys 0 00:00:32  -  Total Remote Usage
		Usr 0 00:00:00, Sys 0 00:00:00  -  Total Local Usage
	156770  -  Run Bytes Sent By Job
	2246509  -  Run Bytes Received By Job
	156770  -  Total Bytes Sent By Job
	2246509  -  Total Bytes Received By Job
	Partitionable Resources :    Usage  Request Allocated 
	   Cpus                 :     0.00        1         1 
	   Disk (KB)            :  5164        2250    317422 
	   Memory (MB)          :   188        2000      2000 
...
