000 (70945956.004.000) 03/28 21:58:22 Job submitted from host: <131.225.188.235:9618?addrs=131.225.188.235-9618&noUDP&sock=14994_371f_3>
...
001 (70945956.004.000) 03/28 21:58:43 Job executing on host: <131.225.204.103:9618?addrs=131.225.204.103-9618&noUDP&sock=1150_6200_3>
...
006 (70945956.004.000) 03/28 21:58:51 Image size of job updated: 11
	11  -  MemoryUsage of job (MB)
	11908  -  ResidentSetSize of job (KB)
...
006 (70945956.004.000) 03/28 21:59:51 Image size of job updated: 154
	154  -  MemoryUsage of job (MB)
	158296  -  ResidentSetSize of job (KB)
...
006 (70945956.004.000) 03/28 22:00:52 Image size of job updated: 154
	154  -  MemoryUsage of job (MB)
	158372  -  ResidentSetSize of job (KB)
...
005 (70945956.004.000) 03/28 22:01:41 Job terminated.
	(1) Normal termination (return value 0)
		Usr 0 00:01:05, Sys 0 00:00:05  -  Run Remote Usage
		Usr 0 00:00:00, Sys 0 00:00:00  -  Run Local Usage
		Usr 0 00:01:05, Sys 0 00:00:05  -  Total Remote Usage
		Usr 0 00:00:00, Sys 0 00:00:00  -  Total Local Usage
	145066  -  Run Bytes Sent By Job
	2246509  -  Run Bytes Received By Job
	145066  -  Total Bytes Sent By Job
	2246509  -  Total Bytes Received By Job
	Partitionable Resources :    Usage  Request Allocated 
	   Cpus                 :        0        1         1 
	   Disk (KB)            :     5153     2250    314328 
	   Memory (MB)          :      154     2000      2000 
...
