000 (70945956.168.000) 03/28 21:58:23 Job submitted from host: <131.225.188.235:9618?addrs=131.225.188.235-9618&noUDP&sock=14994_371f_3>
...
001 (70945956.168.000) 03/28 21:59:26 Job executing on host: <131.225.204.47:9618?addrs=131.225.204.47-9618&noUDP&sock=1159_8e5a_3>
...
006 (70945956.168.000) 03/28 21:59:34 Image size of job updated: 44
	44  -  MemoryUsage of job (MB)
	45668  -  ResidentSetSize of job (KB)
...
006 (70945956.168.000) 03/28 22:00:35 Image size of job updated: 132
	132  -  MemoryUsage of job (MB)
	135760  -  ResidentSetSize of job (KB)
...
006 (70945956.168.000) 03/28 22:01:35 Image size of job updated: 148
	148  -  MemoryUsage of job (MB)
	152116  -  ResidentSetSize of job (KB)
...
006 (70945956.168.000) 03/28 22:03:35 Image size of job updated: 166
	166  -  MemoryUsage of job (MB)
	170868  -  ResidentSetSize of job (KB)
...
006 (70945956.168.000) 03/28 22:04:36 Image size of job updated: 167
	167  -  MemoryUsage of job (MB)
	171028  -  ResidentSetSize of job (KB)
...
006 (70945956.168.000) 03/28 22:05:37 Image size of job updated: 167
	167  -  MemoryUsage of job (MB)
	171104  -  ResidentSetSize of job (KB)
...
006 (70945956.168.000) 03/28 22:06:38 Image size of job updated: 167
	167  -  MemoryUsage of job (MB)
	171176  -  ResidentSetSize of job (KB)
...
006 (70945956.168.000) 03/28 22:07:39 Image size of job updated: 167
	167  -  MemoryUsage of job (MB)
	171288  -  ResidentSetSize of job (KB)
...
006 (70945956.168.000) 03/28 22:08:40 Image size of job updated: 167
	167  -  MemoryUsage of job (MB)
	171412  -  ResidentSetSize of job (KB)
...
006 (70945956.168.000) 03/28 22:09:40 Image size of job updated: 192
	192  -  MemoryUsage of job (MB)
	196916  -  ResidentSetSize of job (KB)
...
006 (70945956.168.000) 03/28 22:10:40 Image size of job updated: 192
	192  -  MemoryUsage of job (MB)
	197000  -  ResidentSetSize of job (KB)
...
006 (70945956.168.000) 03/28 22:11:40 Image size of job updated: 192
	192  -  MemoryUsage of job (MB)
	197076  -  ResidentSetSize of job (KB)
...
006 (70945956.168.000) 03/28 22:12:40 Image size of job updated: 192
	192  -  MemoryUsage of job (MB)
	197180  -  ResidentSetSize of job (KB)
...
006 (70945956.168.000) 03/28 22:13:41 Image size of job updated: 192
	192  -  MemoryUsage of job (MB)
	197260  -  ResidentSetSize of job (KB)
...
006 (70945956.168.000) 03/28 22:14:42 Image size of job updated: 192
	192  -  MemoryUsage of job (MB)
	197336  -  ResidentSetSize of job (KB)
...
006 (70945956.168.000) 03/28 22:15:18 Image size of job updated: 192
	192  -  MemoryUsage of job (MB)
	197364  -  ResidentSetSize of job (KB)
...
005 (70945956.168.000) 03/28 22:15:19 Job terminated.
	(1) Normal termination (return value 0)
		Usr 0 00:10:03, Sys 0 00:00:35  -  Run Remote Usage
		Usr 0 00:00:00, Sys 0 00:00:00  -  Run Local Usage
		Usr 0 00:10:03, Sys 0 00:00:35  -  Total Remote Usage
		Usr 0 00:00:00, Sys 0 00:00:00  -  Total Local Usage
	163261  -  Run Bytes Sent By Job
	2246509  -  Run Bytes Received By Job
	163261  -  Total Bytes Sent By Job
	2246509  -  Total Bytes Received By Job
	Partitionable Resources :    Usage  Request Allocated 
	   Cpus                 :     0.00        1         1 
	   Disk (KB)            :  5170        2250    331508 
	   Memory (MB)          :   192        2000      2000 
...
