000 (70945956.100.000) 03/28 21:58:22 Job submitted from host: <131.225.188.235:9618?addrs=131.225.188.235-9618&noUDP&sock=14994_371f_3>
...
001 (70945956.100.000) 03/28 21:59:12 Job executing on host: <131.225.191.175:9618?addrs=131.225.191.175-9618&noUDP&sock=1153_70c9_3>
...
006 (70945956.100.000) 03/28 21:59:21 Image size of job updated: 7
	7  -  MemoryUsage of job (MB)
	7296  -  ResidentSetSize of job (KB)
...
006 (70945956.100.000) 03/28 22:00:21 Image size of job updated: 154
	154  -  MemoryUsage of job (MB)
	157924  -  ResidentSetSize of job (KB)
...
006 (70945956.100.000) 03/28 22:01:22 Image size of job updated: 154
	154  -  MemoryUsage of job (MB)
	158228  -  ResidentSetSize of job (KB)
...
006 (70945956.100.000) 03/28 22:02:22 Image size of job updated: 176
	176  -  MemoryUsage of job (MB)
	181172  -  ResidentSetSize of job (KB)
...
005 (70945956.100.000) 03/28 22:02:25 Job terminated.
	(1) Normal termination (return value 0)
		Usr 0 00:01:48, Sys 0 00:00:08  -  Run Remote Usage
		Usr 0 00:00:00, Sys 0 00:00:00  -  Run Local Usage
		Usr 0 00:01:48, Sys 0 00:00:08  -  Total Remote Usage
		Usr 0 00:00:00, Sys 0 00:00:00  -  Total Local Usage
	144965  -  Run Bytes Sent By Job
	2246509  -  Run Bytes Received By Job
	144965  -  Total Bytes Sent By Job
	2246509  -  Total Bytes Received By Job
	Partitionable Resources :    Usage  Request Allocated 
	   Cpus                 :        0        1         1 
	   Disk (KB)            :     5153     2250    316681 
	   Memory (MB)          :      176     2000      2000 
...
