000 (70945956.162.000) 03/28 21:58:23 Job submitted from host: <131.225.188.235:9618?addrs=131.225.188.235-9618&noUDP&sock=14994_371f_3>
...
001 (70945956.162.000) 03/28 21:59:23 Job executing on host: <131.225.204.62:9618?addrs=131.225.204.62-9618&noUDP&sock=1150_6200_3>
...
006 (70945956.162.000) 03/28 21:59:32 Image size of job updated: 5
	5  -  MemoryUsage of job (MB)
	5252  -  ResidentSetSize of job (KB)
...
006 (70945956.162.000) 03/28 22:00:33 Image size of job updated: 166
	166  -  MemoryUsage of job (MB)
	170292  -  ResidentSetSize of job (KB)
...
006 (70945956.162.000) 03/28 22:01:33 Image size of job updated: 166
	166  -  MemoryUsage of job (MB)
	170596  -  ResidentSetSize of job (KB)
...
006 (70945956.162.000) 03/28 22:02:33 Image size of job updated: 166
	166  -  MemoryUsage of job (MB)
	170688  -  ResidentSetSize of job (KB)
...
006 (70945956.162.000) 03/28 22:03:33 Image size of job updated: 166
	166  -  MemoryUsage of job (MB)
	170772  -  ResidentSetSize of job (KB)
...
006 (70945956.162.000) 03/28 22:04:33 Image size of job updated: 166
	166  -  MemoryUsage of job (MB)
	170884  -  ResidentSetSize of job (KB)
...
006 (70945956.162.000) 03/28 22:05:33 Image size of job updated: 166
	166  -  MemoryUsage of job (MB)
	170972  -  ResidentSetSize of job (KB)
...
006 (70945956.162.000) 03/28 22:06:34 Image size of job updated: 170
	170  -  MemoryUsage of job (MB)
	174384  -  ResidentSetSize of job (KB)
...
006 (70945956.162.000) 03/28 22:07:35 Image size of job updated: 191
	191  -  MemoryUsage of job (MB)
	196072  -  ResidentSetSize of job (KB)
...
006 (70945956.162.000) 03/28 22:08:36 Image size of job updated: 191
	191  -  MemoryUsage of job (MB)
	196284  -  ResidentSetSize of job (KB)
...
005 (70945956.162.000) 03/28 22:09:18 Job terminated.
	(1) Normal termination (return value 0)
		Usr 0 00:06:56, Sys 0 00:00:24  -  Run Remote Usage
		Usr 0 00:00:00, Sys 0 00:00:00  -  Run Local Usage
		Usr 0 00:06:56, Sys 0 00:00:24  -  Total Remote Usage
		Usr 0 00:00:00, Sys 0 00:00:00  -  Total Local Usage
	152226  -  Run Bytes Sent By Job
	2246509  -  Run Bytes Received By Job
	152226  -  Total Bytes Sent By Job
	2246509  -  Total Bytes Received By Job
	Partitionable Resources :    Usage  Request Allocated 
	   Cpus                 :     0.00        1         1 
	   Disk (KB)            :  5159        2250    314644 
	   Memory (MB)          :   191        2000      2000 
...
