000 (70945956.125.000) 03/28 21:58:22 Job submitted from host: <131.225.188.235:9618?addrs=131.225.188.235-9618&noUDP&sock=14994_371f_3>
...
001 (70945956.125.000) 03/28 21:59:11 Job executing on host: <131.225.204.51:9618?addrs=131.225.204.51-9618&noUDP&sock=1167_0b1c_3>
...
006 (70945956.125.000) 03/28 21:59:22 Image size of job updated: 21
	21  -  MemoryUsage of job (MB)
	22364  -  ResidentSetSize of job (KB)
...
006 (70945956.125.000) 03/28 22:00:19 Image size of job updated: 30
	30  -  MemoryUsage of job (MB)
	31540  -  ResidentSetSize of job (KB)
...
006 (70945956.125.000) 03/28 22:01:19 Image size of job updated: 161
	161  -  MemoryUsage of job (MB)
	165876  -  ResidentSetSize of job (KB)
...
006 (70945956.125.000) 03/28 22:02:19 Image size of job updated: 162
	162  -  MemoryUsage of job (MB)
	166064  -  ResidentSetSize of job (KB)
...
006 (70945956.125.000) 03/28 22:03:20 Image size of job updated: 169
	169  -  MemoryUsage of job (MB)
	173076  -  ResidentSetSize of job (KB)
...
006 (70945956.125.000) 03/28 22:04:21 Image size of job updated: 169
	169  -  MemoryUsage of job (MB)
	173232  -  ResidentSetSize of job (KB)
...
006 (70945956.125.000) 03/28 22:05:22 Image size of job updated: 188
	188  -  MemoryUsage of job (MB)
	192800  -  ResidentSetSize of job (KB)
...
006 (70945956.125.000) 03/28 22:06:23 Image size of job updated: 188
	188  -  MemoryUsage of job (MB)
	192872  -  ResidentSetSize of job (KB)
...
006 (70945956.125.000) 03/28 22:07:23 Image size of job updated: 188
	188  -  MemoryUsage of job (MB)
	192944  -  ResidentSetSize of job (KB)
...
006 (70945956.125.000) 03/28 22:08:23 Image size of job updated: 188
	188  -  MemoryUsage of job (MB)
	193064  -  ResidentSetSize of job (KB)
...
006 (70945956.125.000) 03/28 22:09:23 Image size of job updated: 188
	188  -  MemoryUsage of job (MB)
	193124  -  ResidentSetSize of job (KB)
...
006 (70945956.125.000) 03/28 22:09:37 Image size of job updated: 188
	188  -  MemoryUsage of job (MB)
	193144  -  ResidentSetSize of job (KB)
...
005 (70945956.125.000) 03/28 22:09:37 Job terminated.
	(1) Normal termination (return value 0)
		Usr 0 00:07:39, Sys 0 00:00:26  -  Run Remote Usage
		Usr 0 00:00:00, Sys 0 00:00:00  -  Run Local Usage
		Usr 0 00:07:39, Sys 0 00:00:26  -  Total Remote Usage
		Usr 0 00:00:00, Sys 0 00:00:00  -  Total Local Usage
	152514  -  Run Bytes Sent By Job
	2246509  -  Run Bytes Received By Job
	152514  -  Total Bytes Sent By Job
	2246509  -  Total Bytes Received By Job
	Partitionable Resources :    Usage  Request Allocated 
	   Cpus                 :        0        1         1 
	   Disk (KB)            :     5160     2250    317480 
	   Memory (MB)          :      188     2000      2000 
...
