000 (70945956.132.000) 03/28 21:58:22 Job submitted from host: <131.225.188.235:9618?addrs=131.225.188.235-9618&noUDP&sock=14994_371f_3>
...
001 (70945956.132.000) 03/28 21:59:12 Job executing on host: <131.225.204.80:9618?addrs=131.225.204.80-9618&noUDP&sock=1164_fc54_3>
...
006 (70945956.132.000) 03/28 21:59:21 Image size of job updated: 21
	21  -  MemoryUsage of job (MB)
	21664  -  ResidentSetSize of job (KB)
...
006 (70945956.132.000) 03/28 22:00:21 Image size of job updated: 26
	26  -  MemoryUsage of job (MB)
	27012  -  ResidentSetSize of job (KB)
...
006 (70945956.132.000) 03/28 22:01:21 Image size of job updated: 28
	28  -  MemoryUsage of job (MB)
	28680  -  ResidentSetSize of job (KB)
...
006 (70945956.132.000) 03/28 22:02:21 Image size of job updated: 164
	164  -  MemoryUsage of job (MB)
	168876  -  ResidentSetSize of job (KB)
...
006 (70945956.132.000) 03/28 22:03:22 Image size of job updated: 165
	165  -  MemoryUsage of job (MB)
	169004  -  ResidentSetSize of job (KB)
...
006 (70945956.132.000) 03/28 22:04:23 Image size of job updated: 165
	165  -  MemoryUsage of job (MB)
	169108  -  ResidentSetSize of job (KB)
...
006 (70945956.132.000) 03/28 22:05:24 Image size of job updated: 165
	165  -  MemoryUsage of job (MB)
	169212  -  ResidentSetSize of job (KB)
...
006 (70945956.132.000) 03/28 22:06:26 Image size of job updated: 165
	165  -  MemoryUsage of job (MB)
	169312  -  ResidentSetSize of job (KB)
...
006 (70945956.132.000) 03/28 22:07:26 Image size of job updated: 190
	190  -  MemoryUsage of job (MB)
	194576  -  ResidentSetSize of job (KB)
...
006 (70945956.132.000) 03/28 22:08:26 Image size of job updated: 190
	190  -  MemoryUsage of job (MB)
	194660  -  ResidentSetSize of job (KB)
...
006 (70945956.132.000) 03/28 22:09:26 Image size of job updated: 190
	190  -  MemoryUsage of job (MB)
	194780  -  ResidentSetSize of job (KB)
...
006 (70945956.132.000) 03/28 22:10:26 Image size of job updated: 190
	190  -  MemoryUsage of job (MB)
	194832  -  ResidentSetSize of job (KB)
...
006 (70945956.132.000) 03/28 22:11:27 Image size of job updated: 190
	190  -  MemoryUsage of job (MB)
	194916  -  ResidentSetSize of job (KB)
...
005 (70945956.132.000) 03/28 22:12:16 Job terminated.
	(1) Normal termination (return value 0)
		Usr 0 00:07:58, Sys 0 00:00:30  -  Run Remote Usage
		Usr 0 00:00:00, Sys 0 00:00:00  -  Run Local Usage
		Usr 0 00:07:58, Sys 0 00:00:30  -  Total Remote Usage
		Usr 0 00:00:00, Sys 0 00:00:00  -  Total Local Usage
	154748  -  Run Bytes Sent By Job
	2246509  -  Run Bytes Received By Job
	154748  -  Total Bytes Sent By Job
	2246509  -  Total Bytes Received By Job
	Partitionable Resources :    Usage  Request Allocated 
	   Cpus                 :     0.00        1         1 
	   Disk (KB)            :  5162        2250    321017 
	   Memory (MB)          :   190        2000      2000 
...
