000 (70945956.000.000) 03/28 21:58:22 Job submitted from host: <131.225.188.235:9618?addrs=131.225.188.235-9618&noUDP&sock=14994_371f_3>
...
001 (70945956.000.000) 03/28 21:58:37 Job executing on host: <131.225.204.112:9618?addrs=131.225.204.112-9618&noUDP&sock=1200_adbc_3>
...
006 (70945956.000.000) 03/28 21:58:45 Image size of job updated: 18
	18  -  MemoryUsage of job (MB)
	18784  -  ResidentSetSize of job (KB)
...
006 (70945956.000.000) 03/28 21:59:45 Image size of job updated: 154
	154  -  MemoryUsage of job (MB)
	158068  -  ResidentSetSize of job (KB)
...
006 (70945956.000.000) 03/28 22:00:45 Image size of job updated: 180
	180  -  MemoryUsage of job (MB)
	185084  -  ResidentSetSize of job (KB)
...
006 (70945956.000.000) 03/28 22:01:05 Image size of job updated: 180
	180  -  MemoryUsage of job (MB)
	185112  -  ResidentSetSize of job (KB)
...
005 (70945956.000.000) 03/28 22:01:07 Job terminated.
	(1) Normal termination (return value 0)
		Usr 0 00:01:44, Sys 0 00:00:05  -  Run Remote Usage
		Usr 0 00:00:00, Sys 0 00:00:00  -  Run Local Usage
		Usr 0 00:01:44, Sys 0 00:00:05  -  Total Remote Usage
		Usr 0 00:00:00, Sys 0 00:00:00  -  Total Local Usage
	144944  -  Run Bytes Sent By Job
	2246509  -  Run Bytes Received By Job
	144944  -  Total Bytes Sent By Job
	2246509  -  Total Bytes Received By Job
	Partitionable Resources :    Usage  Request Allocated 
	   Cpus                 :        0        1         1 
	   Disk (KB)            :     5153     2250    313023 
	   Memory (MB)          :      180     2000      2000 
...
