000 (70945956.002.000) 03/28 21:58:22 Job submitted from host: <131.225.188.235:9618?addrs=131.225.188.235-9618&noUDP&sock=14994_371f_3>
...
001 (70945956.002.000) 03/28 21:58:37 Job executing on host: <131.225.204.124:9618?addrs=131.225.204.124-9618&noUDP&sock=1163_4cbb_3>
...
006 (70945956.002.000) 03/28 21:58:46 Image size of job updated: 24
	24  -  MemoryUsage of job (MB)
	24772  -  ResidentSetSize of job (KB)
...
006 (70945956.002.000) 03/28 21:59:46 Image size of job updated: 153
	153  -  MemoryUsage of job (MB)
	157532  -  ResidentSetSize of job (KB)
...
006 (70945956.002.000) 03/28 22:00:46 Image size of job updated: 179
	179  -  MemoryUsage of job (MB)
	183780  -  ResidentSetSize of job (KB)
...
005 (70945956.002.000) 03/28 22:01:10 Job terminated.
	(1) Normal termination (return value 0)
		Usr 0 00:01:19, Sys 0 00:00:04  -  Run Remote Usage
		Usr 0 00:00:00, Sys 0 00:00:00  -  Run Local Usage
		Usr 0 00:01:19, Sys 0 00:00:04  -  Total Remote Usage
		Usr 0 00:00:00, Sys 0 00:00:00  -  Total Local Usage
	145145  -  Run Bytes Sent By Job
	2246509  -  Run Bytes Received By Job
	145145  -  Total Bytes Sent By Job
	2246509  -  Total Bytes Received By Job
	Partitionable Resources :    Usage  Request Allocated 
	   Cpus                 :        0        1         1 
	   Disk (KB)            :     5153     2250    317139 
	   Memory (MB)          :      179     2000      2000 
...
