000 (70945956.053.000) 03/28 21:58:22 Job submitted from host: <131.225.188.235:9618?addrs=131.225.188.235-9618&noUDP&sock=14994_371f_3>
...
001 (70945956.053.000) 03/28 21:59:01 Job executing on host: <131.225.206.154:9618?addrs=131.225.206.154-9618&noUDP&sock=1148_02d0_3>
...
006 (70945956.053.000) 03/28 21:59:12 Image size of job updated: 21
	21  -  MemoryUsage of job (MB)
	22184  -  ResidentSetSize of job (KB)
...
006 (70945956.053.000) 03/28 22:00:11 Image size of job updated: 153
	153  -  MemoryUsage of job (MB)
	157512  -  ResidentSetSize of job (KB)
...
006 (70945956.053.000) 03/28 22:01:12 Image size of job updated: 154
	154  -  MemoryUsage of job (MB)
	157700  -  ResidentSetSize of job (KB)
...
006 (70945956.053.000) 03/28 22:02:12 Image size of job updated: 178
	178  -  MemoryUsage of job (MB)
	182724  -  ResidentSetSize of job (KB)
...
006 (70945956.053.000) 03/28 22:02:44 Image size of job updated: 178
	178  -  MemoryUsage of job (MB)
	182824  -  ResidentSetSize of job (KB)
...
005 (70945956.053.000) 03/28 22:02:45 Job terminated.
	(1) Normal termination (return value 0)
		Usr 0 00:01:57, Sys 0 00:00:08  -  Run Remote Usage
		Usr 0 00:00:00, Sys 0 00:00:00  -  Run Local Usage
		Usr 0 00:01:57, Sys 0 00:00:08  -  Total Remote Usage
		Usr 0 00:00:00, Sys 0 00:00:00  -  Total Local Usage
	145039  -  Run Bytes Sent By Job
	2246509  -  Run Bytes Received By Job
	145039  -  Total Bytes Sent By Job
	2246509  -  Total Bytes Received By Job
	Partitionable Resources :    Usage  Request Allocated 
	   Cpus                 :        0        1         1 
	   Disk (KB)            :     5153     2250    333581 
	   Memory (MB)          :      178     2000      2000 
...
