000 (70945956.050.000) 03/28 21:58:22 Job submitted from host: <131.225.188.235:9618?addrs=131.225.188.235-9618&noUDP&sock=14994_371f_3>
...
001 (70945956.050.000) 03/28 21:59:01 Job executing on host: <131.225.206.5:9618?addrs=131.225.206.5-9618&noUDP&sock=1154_2061_3>
...
006 (70945956.050.000) 03/28 21:59:10 Image size of job updated: 14
	14  -  MemoryUsage of job (MB)
	15232  -  ResidentSetSize of job (KB)
...
006 (70945956.050.000) 03/28 22:00:10 Image size of job updated: 128
	128  -  MemoryUsage of job (MB)
	131460  -  ResidentSetSize of job (KB)
...
006 (70945956.050.000) 03/28 22:01:10 Image size of job updated: 153
	153  -  MemoryUsage of job (MB)
	157216  -  ResidentSetSize of job (KB)
...
006 (70945956.050.000) 03/28 22:02:10 Image size of job updated: 179
	179  -  MemoryUsage of job (MB)
	184184  -  ResidentSetSize of job (KB)
...
005 (70945956.050.000) 03/28 22:02:21 Job terminated.
	(1) Normal termination (return value 0)
		Usr 0 00:01:40, Sys 0 00:00:08  -  Run Remote Usage
		Usr 0 00:00:00, Sys 0 00:00:00  -  Run Local Usage
		Usr 0 00:01:40, Sys 0 00:00:08  -  Total Remote Usage
		Usr 0 00:00:00, Sys 0 00:00:00  -  Total Local Usage
	144940  -  Run Bytes Sent By Job
	2246509  -  Run Bytes Received By Job
	144940  -  Total Bytes Sent By Job
	2246509  -  Total Bytes Received By Job
	Partitionable Resources :    Usage  Request Allocated 
	   Cpus                 :        0        1         1 
	   Disk (KB)            :     5153     2250    318156 
	   Memory (MB)          :      179     2000      2000 
...
