000 (70945956.153.000) 03/28 21:58:22 Job submitted from host: <131.225.188.235:9618?addrs=131.225.188.235-9618&noUDP&sock=14994_371f_3>
...
001 (70945956.153.000) 03/28 21:59:20 Job executing on host: <131.225.207.4:9618?addrs=131.225.207.4-9618&noUDP&sock=1154_2061_3>
...
006 (70945956.153.000) 03/28 21:59:28 Image size of job updated: 55
	55  -  MemoryUsage of job (MB)
	56928  -  ResidentSetSize of job (KB)
...
006 (70945956.153.000) 03/28 22:00:28 Image size of job updated: 162
	162  -  MemoryUsage of job (MB)
	166552  -  ResidentSetSize of job (KB)
...
006 (70945956.153.000) 03/28 22:01:28 Image size of job updated: 162
	162  -  MemoryUsage of job (MB)
	166780  -  ResidentSetSize of job (KB)
...
006 (70945956.153.000) 03/28 22:02:28 Image size of job updated: 163
	163  -  MemoryUsage of job (MB)
	166948  -  ResidentSetSize of job (KB)
...
006 (70945956.153.000) 03/28 22:03:28 Image size of job updated: 163
	163  -  MemoryUsage of job (MB)
	167016  -  ResidentSetSize of job (KB)
...
006 (70945956.153.000) 03/28 22:04:28 Image size of job updated: 163
	163  -  MemoryUsage of job (MB)
	167128  -  ResidentSetSize of job (KB)
...
006 (70945956.153.000) 03/28 22:05:29 Image size of job updated: 186
	186  -  MemoryUsage of job (MB)
	190648  -  ResidentSetSize of job (KB)
...
006 (70945956.153.000) 03/28 22:06:30 Image size of job updated: 186
	186  -  MemoryUsage of job (MB)
	190736  -  ResidentSetSize of job (KB)
...
006 (70945956.153.000) 03/28 22:07:31 Image size of job updated: 186
	186  -  MemoryUsage of job (MB)
	190816  -  ResidentSetSize of job (KB)
...
006 (70945956.153.000) 03/28 22:08:31 Image size of job updated: 186
	186  -  MemoryUsage of job (MB)
	190896  -  ResidentSetSize of job (KB)
...
005 (70945956.153.000) 03/28 22:08:53 Job terminated.
	(1) Normal termination (return value 0)
		Usr 0 00:07:08, Sys 0 00:00:24  -  Run Remote Usage
		Usr 0 00:00:00, Sys 0 00:00:00  -  Run Local Usage
		Usr 0 00:07:08, Sys 0 00:00:24  -  Total Remote Usage
		Usr 0 00:00:00, Sys 0 00:00:00  -  Total Local Usage
	153650  -  Run Bytes Sent By Job
	2246509  -  Run Bytes Received By Job
	153650  -  Total Bytes Sent By Job
	2246509  -  Total Bytes Received By Job
	Partitionable Resources :    Usage  Request Allocated 
	   Cpus                 :        0        1         1 
	   Disk (KB)            :     5161     2250    311961 
	   Memory (MB)          :      186     2000      2000 
...
