000 (70945956.197.000) 03/28 21:58:23 Job submitted from host: <131.225.188.235:9618?addrs=131.225.188.235-9618&noUDP&sock=14994_371f_3>
...
001 (70945956.197.000) 03/28 21:59:35 Job executing on host: <131.225.206.237:9618?addrs=131.225.206.237-9618&noUDP&sock=1162_9d23_3>
...
006 (70945956.197.000) 03/28 21:59:43 Image size of job updated: 5
	3  -  MemoryUsage of job (MB)
	3724  -  ResidentSetSize of job (KB)
...
006 (70945956.197.000) 03/28 22:00:44 Image size of job updated: 132
	132  -  MemoryUsage of job (MB)
	135764  -  ResidentSetSize of job (KB)
...
006 (70945956.197.000) 03/28 22:02:44 Image size of job updated: 163
	163  -  MemoryUsage of job (MB)
	167228  -  ResidentSetSize of job (KB)
...
006 (70945956.197.000) 03/28 22:03:44 Image size of job updated: 163
	163  -  MemoryUsage of job (MB)
	167348  -  ResidentSetSize of job (KB)
...
006 (70945956.197.000) 03/28 22:04:44 Image size of job updated: 163
	163  -  MemoryUsage of job (MB)
	167452  -  ResidentSetSize of job (KB)
...
006 (70945956.197.000) 03/28 22:05:44 Image size of job updated: 163
	163  -  MemoryUsage of job (MB)
	167588  -  ResidentSetSize of job (KB)
...
006 (70945956.197.000) 03/28 22:06:45 Image size of job updated: 189
	189  -  MemoryUsage of job (MB)
	193664  -  ResidentSetSize of job (KB)
...
006 (70945956.197.000) 03/28 22:07:46 Image size of job updated: 189
	189  -  MemoryUsage of job (MB)
	193764  -  ResidentSetSize of job (KB)
...
006 (70945956.197.000) 03/28 22:08:47 Image size of job updated: 189
	189  -  MemoryUsage of job (MB)
	193836  -  ResidentSetSize of job (KB)
...
006 (70945956.197.000) 03/28 22:09:48 Image size of job updated: 189
	189  -  MemoryUsage of job (MB)
	193892  -  ResidentSetSize of job (KB)
...
006 (70945956.197.000) 03/28 22:10:25 Image size of job updated: 189
	189  -  MemoryUsage of job (MB)
	193972  -  ResidentSetSize of job (KB)
...
005 (70945956.197.000) 03/28 22:10:26 Job terminated.
	(1) Normal termination (return value 0)
		Usr 0 00:07:14, Sys 0 00:00:27  -  Run Remote Usage
		Usr 0 00:00:00, Sys 0 00:00:00  -  Run Local Usage
		Usr 0 00:07:14, Sys 0 00:00:27  -  Total Remote Usage
		Usr 0 00:00:00, Sys 0 00:00:00  -  Total Local Usage
	155544  -  Run Bytes Sent By Job
	2246509  -  Run Bytes Received By Job
	155544  -  Total Bytes Sent By Job
	2246509  -  Total Bytes Received By Job
	Partitionable Resources :    Usage  Request Allocated 
	   Cpus                 :     0.01        1         1 
	   Disk (KB)            :  5163        2250    316152 
	   Memory (MB)          :   189        2000      2000 
...
