000 (70945956.066.000) 03/28 21:58:22 Job submitted from host: <131.225.188.235:9618?addrs=131.225.188.235-9618&noUDP&sock=14994_371f_3>
...
001 (70945956.066.000) 03/28 21:59:05 Job executing on host: <131.225.191.152:9618?addrs=131.225.191.152-9618&noUDP&sock=1157_2f2a_3>
...
006 (70945956.066.000) 03/28 21:59:15 Image size of job updated: 21
	21  -  MemoryUsage of job (MB)
	22124  -  ResidentSetSize of job (KB)
...
006 (70945956.066.000) 03/28 22:00:15 Image size of job updated: 154
	154  -  MemoryUsage of job (MB)
	158076  -  ResidentSetSize of job (KB)
...
006 (70945956.066.000) 03/28 22:01:15 Image size of job updated: 154
	154  -  MemoryUsage of job (MB)
	158340  -  ResidentSetSize of job (KB)
...
006 (70945956.066.000) 03/28 22:02:15 Image size of job updated: 178
	178  -  MemoryUsage of job (MB)
	182856  -  ResidentSetSize of job (KB)
...
006 (70945956.066.000) 03/28 22:02:50 Image size of job updated: 178
	178  -  MemoryUsage of job (MB)
	182960  -  ResidentSetSize of job (KB)
...
005 (70945956.066.000) 03/28 22:02:53 Job terminated.
	(1) Normal termination (return value 0)
		Usr 0 00:01:58, Sys 0 00:00:08  -  Run Remote Usage
		Usr 0 00:00:00, Sys 0 00:00:00  -  Run Local Usage
		Usr 0 00:01:58, Sys 0 00:00:08  -  Total Remote Usage
		Usr 0 00:00:00, Sys 0 00:00:00  -  Total Local Usage
	144959  -  Run Bytes Sent By Job
	2246509  -  Run Bytes Received By Job
	144959  -  Total Bytes Sent By Job
	2246509  -  Total Bytes Received By Job
	Partitionable Resources :    Usage  Request Allocated 
	   Cpus                 :        0        1         1 
	   Disk (KB)            :     5153     2250    312725 
	   Memory (MB)          :      178     2000      2000 
...
