000 (70945956.045.000) 03/28 21:58:22 Job submitted from host: <131.225.188.235:9618?addrs=131.225.188.235-9618&noUDP&sock=14994_371f_3>
...
001 (70945956.045.000) 03/28 21:58:59 Job executing on host: <131.225.204.64:9618?addrs=131.225.204.64-9618&noUDP&sock=1167_0b1c_3>
...
006 (70945956.045.000) 03/28 21:59:08 Image size of job updated: 8
	8  -  MemoryUsage of job (MB)
	8732  -  ResidentSetSize of job (KB)
...
006 (70945956.045.000) 03/28 22:00:09 Image size of job updated: 153
	153  -  MemoryUsage of job (MB)
	157660  -  ResidentSetSize of job (KB)
...
006 (70945956.045.000) 03/28 22:01:09 Image size of job updated: 154
	154  -  MemoryUsage of job (MB)
	157804  -  ResidentSetSize of job (KB)
...
006 (70945956.045.000) 03/28 22:02:06 Image size of job updated: 180
	180  -  MemoryUsage of job (MB)
	184984  -  ResidentSetSize of job (KB)
...
005 (70945956.045.000) 03/28 22:02:08 Job terminated.
	(1) Normal termination (return value 0)
		Usr 0 00:01:49, Sys 0 00:00:07  -  Run Remote Usage
		Usr 0 00:00:00, Sys 0 00:00:00  -  Run Local Usage
		Usr 0 00:01:49, Sys 0 00:00:07  -  Total Remote Usage
		Usr 0 00:00:00, Sys 0 00:00:00  -  Total Local Usage
	145122  -  Run Bytes Sent By Job
	2246509  -  Run Bytes Received By Job
	145122  -  Total Bytes Sent By Job
	2246509  -  Total Bytes Received By Job
	Partitionable Resources :    Usage  Request Allocated 
	   Cpus                 :        0        1         1 
	   Disk (KB)            :     5153     2250    315596 
	   Memory (MB)          :      180     2000      2000 
...
