000 (70945956.055.000) 03/28 21:58:22 Job submitted from host: <131.225.188.235:9618?addrs=131.225.188.235-9618&noUDP&sock=14994_371f_3>
...
001 (70945956.055.000) 03/28 21:59:01 Job executing on host: <131.225.206.14:9618?addrs=131.225.206.14-9618&noUDP&sock=1153_70c9_3>
...
006 (70945956.055.000) 03/28 21:59:10 Image size of job updated: 14
	14  -  MemoryUsage of job (MB)
	15256  -  ResidentSetSize of job (KB)
...
006 (70945956.055.000) 03/28 22:00:11 Image size of job updated: 153
	153  -  MemoryUsage of job (MB)
	157372  -  ResidentSetSize of job (KB)
...
006 (70945956.055.000) 03/28 22:01:12 Image size of job updated: 153
	153  -  MemoryUsage of job (MB)
	157552  -  ResidentSetSize of job (KB)
...
006 (70945956.055.000) 03/28 22:02:13 Image size of job updated: 178
	178  -  MemoryUsage of job (MB)
	182632  -  ResidentSetSize of job (KB)
...
005 (70945956.055.000) 03/28 22:02:16 Job terminated.
	(1) Normal termination (return value 0)
		Usr 0 00:01:43, Sys 0 00:00:11  -  Run Remote Usage
		Usr 0 00:00:00, Sys 0 00:00:00  -  Run Local Usage
		Usr 0 00:01:43, Sys 0 00:00:11  -  Total Remote Usage
		Usr 0 00:00:00, Sys 0 00:00:00  -  Total Local Usage
	144960  -  Run Bytes Sent By Job
	2246509  -  Run Bytes Received By Job
	144960  -  Total Bytes Sent By Job
	2246509  -  Total Bytes Received By Job
	Partitionable Resources :    Usage  Request Allocated 
	   Cpus                 :        0        1         1 
	   Disk (KB)            :     5153     2250    315846 
	   Memory (MB)          :      178     2000      2000 
...
