000 (70945956.029.000) 03/28 21:58:22 Job submitted from host: <131.225.188.235:9618?addrs=131.225.188.235-9618&noUDP&sock=14994_371f_3>
...
001 (70945956.029.000) 03/28 21:58:41 Job executing on host: <131.225.204.40:9618?addrs=131.225.204.40-9618&noUDP&sock=1173_28ae_3>
...
006 (70945956.029.000) 03/28 21:58:50 Image size of job updated: 14
	14  -  MemoryUsage of job (MB)
	15248  -  ResidentSetSize of job (KB)
...
006 (70945956.029.000) 03/28 21:59:51 Image size of job updated: 152
	152  -  MemoryUsage of job (MB)
	155944  -  ResidentSetSize of job (KB)
...
006 (70945956.029.000) 03/28 22:00:52 Image size of job updated: 152
	152  -  MemoryUsage of job (MB)
	156180  -  ResidentSetSize of job (KB)
...
006 (70945956.029.000) 03/28 22:01:52 Image size of job updated: 176
	176  -  MemoryUsage of job (MB)
	181144  -  ResidentSetSize of job (KB)
...
006 (70945956.029.000) 03/28 22:02:06 Image size of job updated: 176
	176  -  MemoryUsage of job (MB)
	181184  -  ResidentSetSize of job (KB)
...
005 (70945956.029.000) 03/28 22:02:07 Job terminated.
	(1) Normal termination (return value 0)
		Usr 0 00:01:54, Sys 0 00:00:09  -  Run Remote Usage
		Usr 0 00:00:00, Sys 0 00:00:00  -  Run Local Usage
		Usr 0 00:01:54, Sys 0 00:00:09  -  Total Remote Usage
		Usr 0 00:00:00, Sys 0 00:00:00  -  Total Local Usage
	145130  -  Run Bytes Sent By Job
	2246509  -  Run Bytes Received By Job
	145130  -  Total Bytes Sent By Job
	2246509  -  Total Bytes Received By Job
	Partitionable Resources :    Usage  Request Allocated 
	   Cpus                 :        0        1         1 
	   Disk (KB)            :     5153     2250    306166 
	   Memory (MB)          :      176     2000      2000 
...
