000 (70945956.069.000) 03/28 21:58:22 Job submitted from host: <131.225.188.235:9618?addrs=131.225.188.235-9618&noUDP&sock=14994_371f_3>
...
001 (70945956.069.000) 03/28 21:59:05 Job executing on host: <131.225.206.159:9618?addrs=131.225.206.159-9618&noUDP&sock=1153_70c9_3>
...
006 (70945956.069.000) 03/28 21:59:14 Image size of job updated: 14
	14  -  MemoryUsage of job (MB)
	15248  -  ResidentSetSize of job (KB)
...
006 (70945956.069.000) 03/28 22:00:14 Image size of job updated: 152
	152  -  MemoryUsage of job (MB)
	156064  -  ResidentSetSize of job (KB)
...
006 (70945956.069.000) 03/28 22:01:14 Image size of job updated: 152
	152  -  MemoryUsage of job (MB)
	156216  -  ResidentSetSize of job (KB)
...
006 (70945956.069.000) 03/28 22:02:12 Image size of job updated: 181
	181  -  MemoryUsage of job (MB)
	185488  -  ResidentSetSize of job (KB)
...
005 (70945956.069.000) 03/28 22:02:14 Job terminated.
	(1) Normal termination (return value 0)
		Usr 0 00:01:53, Sys 0 00:00:08  -  Run Remote Usage
		Usr 0 00:00:00, Sys 0 00:00:00  -  Run Local Usage
		Usr 0 00:01:53, Sys 0 00:00:08  -  Total Remote Usage
		Usr 0 00:00:00, Sys 0 00:00:00  -  Total Local Usage
	145069  -  Run Bytes Sent By Job
	2246509  -  Run Bytes Received By Job
	145069  -  Total Bytes Sent By Job
	2246509  -  Total Bytes Received By Job
	Partitionable Resources :    Usage  Request Allocated 
	   Cpus                 :        0        1         1 
	   Disk (KB)            :     5153     2250    318591 
	   Memory (MB)          :      181     2000      2000 
...
