000 (70945956.194.000) 03/28 21:58:23 Job submitted from host: <131.225.188.235:9618?addrs=131.225.188.235-9618&noUDP&sock=14994_371f_3>
...
001 (70945956.194.000) 03/28 21:59:33 Job executing on host: <131.225.206.211:9618?addrs=131.225.206.211-9618&noUDP&sock=1166_5b84_3>
...
006 (70945956.194.000) 03/28 22:00:44 Image size of job updated: 132
	132  -  MemoryUsage of job (MB)
	135760  -  ResidentSetSize of job (KB)
...
006 (70945956.194.000) 03/28 22:02:46 Image size of job updated: 166
	166  -  MemoryUsage of job (MB)
	170724  -  ResidentSetSize of job (KB)
...
006 (70945956.194.000) 03/28 22:03:46 Image size of job updated: 166
	166  -  MemoryUsage of job (MB)
	170900  -  ResidentSetSize of job (KB)
...
006 (70945956.194.000) 03/28 22:04:46 Image size of job updated: 167
	167  -  MemoryUsage of job (MB)
	171012  -  ResidentSetSize of job (KB)
...
006 (70945956.194.000) 03/28 22:05:46 Image size of job updated: 167
	167  -  MemoryUsage of job (MB)
	171108  -  ResidentSetSize of job (KB)
...
006 (70945956.194.000) 03/28 22:06:46 Image size of job updated: 167
	167  -  MemoryUsage of job (MB)
	171192  -  ResidentSetSize of job (KB)
...
006 (70945956.194.000) 03/28 22:07:46 Image size of job updated: 167
	167  -  MemoryUsage of job (MB)
	171256  -  ResidentSetSize of job (KB)
...
006 (70945956.194.000) 03/28 22:08:47 Image size of job updated: 167
	167  -  MemoryUsage of job (MB)
	171292  -  ResidentSetSize of job (KB)
...
006 (70945956.194.000) 03/28 22:09:48 Image size of job updated: 190
	190  -  MemoryUsage of job (MB)
	195448  -  ResidentSetSize of job (KB)
...
006 (70945956.194.000) 03/28 22:10:49 Image size of job updated: 190
	190  -  MemoryUsage of job (MB)
	195492  -  ResidentSetSize of job (KB)
...
006 (70945956.194.000) 03/28 22:11:50 Image size of job updated: 190
	190  -  MemoryUsage of job (MB)
	195544  -  ResidentSetSize of job (KB)
...
006 (70945956.194.000) 03/28 22:12:50 Image size of job updated: 191
	191  -  MemoryUsage of job (MB)
	196148  -  ResidentSetSize of job (KB)
...
006 (70945956.194.000) 03/28 22:13:43 Image size of job updated: 191
	191  -  MemoryUsage of job (MB)
	196196  -  ResidentSetSize of job (KB)
...
005 (70945956.194.000) 03/28 22:13:44 Job terminated.
	(1) Normal termination (return value 0)
		Usr 0 00:08:32, Sys 0 00:00:33  -  Run Remote Usage
		Usr 0 00:00:00, Sys 0 00:00:00  -  Run Local Usage
		Usr 0 00:08:32, Sys 0 00:00:33  -  Total Remote Usage
		Usr 0 00:00:00, Sys 0 00:00:00  -  Total Local Usage
	157800  -  Run Bytes Sent By Job
	2246509  -  Run Bytes Received By Job
	157800  -  Total Bytes Sent By Job
	2246509  -  Total Bytes Received By Job
	Partitionable Resources :    Usage  Request Allocated 
	   Cpus                 :     0.00        1         1 
	   Disk (KB)            :  5165        2250    309213 
	   Memory (MB)          :   191        2000      2000 
...
