000 (70945956.139.000) 03/28 21:58:22 Job submitted from host: <131.225.188.235:9618?addrs=131.225.188.235-9618&noUDP&sock=14994_371f_3>
...
001 (70945956.139.000) 03/28 21:59:14 Job executing on host: <131.225.206.201:9618?addrs=131.225.206.201-9618&noUDP&sock=1153_70c9_3>
...
006 (70945956.139.000) 03/28 21:59:22 Image size of job updated: 5
	4  -  MemoryUsage of job (MB)
	5084  -  ResidentSetSize of job (KB)
...
006 (70945956.139.000) 03/28 22:00:23 Image size of job updated: 27
	27  -  MemoryUsage of job (MB)
	27792  -  ResidentSetSize of job (KB)
...
006 (70945956.139.000) 03/28 22:01:24 Image size of job updated: 164
	164  -  MemoryUsage of job (MB)
	168428  -  ResidentSetSize of job (KB)
...
006 (70945956.139.000) 03/28 22:02:25 Image size of job updated: 164
	164  -  MemoryUsage of job (MB)
	168868  -  ResidentSetSize of job (KB)
...
006 (70945956.139.000) 03/28 22:03:26 Image size of job updated: 165
	165  -  MemoryUsage of job (MB)
	168960  -  ResidentSetSize of job (KB)
...
006 (70945956.139.000) 03/28 22:04:27 Image size of job updated: 165
	165  -  MemoryUsage of job (MB)
	169044  -  ResidentSetSize of job (KB)
...
006 (70945956.139.000) 03/28 22:05:28 Image size of job updated: 165
	165  -  MemoryUsage of job (MB)
	169120  -  ResidentSetSize of job (KB)
...
006 (70945956.139.000) 03/28 22:06:28 Image size of job updated: 191
	191  -  MemoryUsage of job (MB)
	196516  -  ResidentSetSize of job (KB)
...
006 (70945956.139.000) 03/28 22:07:28 Image size of job updated: 192
	192  -  MemoryUsage of job (MB)
	196616  -  ResidentSetSize of job (KB)
...
006 (70945956.139.000) 03/28 22:08:28 Image size of job updated: 192
	192  -  MemoryUsage of job (MB)
	196776  -  ResidentSetSize of job (KB)
...
006 (70945956.139.000) 03/28 22:09:29 Image size of job updated: 192
	192  -  MemoryUsage of job (MB)
	196824  -  ResidentSetSize of job (KB)
...
005 (70945956.139.000) 03/28 22:09:54 Job terminated.
	(1) Normal termination (return value 0)
		Usr 0 00:07:13, Sys 0 00:00:28  -  Run Remote Usage
		Usr 0 00:00:00, Sys 0 00:00:00  -  Run Local Usage
		Usr 0 00:07:13, Sys 0 00:00:28  -  Total Remote Usage
		Usr 0 00:00:00, Sys 0 00:00:00  -  Total Local Usage
	154278  -  Run Bytes Sent By Job
	2246509  -  Run Bytes Received By Job
	154278  -  Total Bytes Sent By Job
	2246509  -  Total Bytes Received By Job
	Partitionable Resources :    Usage  Request Allocated 
	   Cpus                 :     0.00        1         1 
	   Disk (KB)            :  5161        2250    332511 
	   Memory (MB)          :   192        2000      2000 
...
