000 (70945956.181.000) 03/28 21:58:23 Job submitted from host: <131.225.188.235:9618?addrs=131.225.188.235-9618&noUDP&sock=14994_371f_3>
...
001 (70945956.181.000) 03/28 21:59:29 Job executing on host: <131.225.206.166:9618?addrs=131.225.206.166-9618&noUDP&sock=1159_8e5a_3>
...
006 (70945956.181.000) 03/28 22:00:39 Image size of job updated: 132
	132  -  MemoryUsage of job (MB)
	135760  -  ResidentSetSize of job (KB)
...
006 (70945956.181.000) 03/28 22:01:39 Image size of job updated: 138
	138  -  MemoryUsage of job (MB)
	142220  -  ResidentSetSize of job (KB)
...
006 (70945956.181.000) 03/28 22:02:39 Image size of job updated: 165
	165  -  MemoryUsage of job (MB)
	169512  -  ResidentSetSize of job (KB)
...
006 (70945956.181.000) 03/28 22:03:39 Image size of job updated: 165
	165  -  MemoryUsage of job (MB)
	169664  -  ResidentSetSize of job (KB)
...
006 (70945956.181.000) 03/28 22:04:40 Image size of job updated: 172
	172  -  MemoryUsage of job (MB)
	176436  -  ResidentSetSize of job (KB)
...
006 (70945956.181.000) 03/28 22:05:41 Image size of job updated: 172
	172  -  MemoryUsage of job (MB)
	176544  -  ResidentSetSize of job (KB)
...
006 (70945956.181.000) 03/28 22:06:42 Image size of job updated: 172
	172  -  MemoryUsage of job (MB)
	176604  -  ResidentSetSize of job (KB)
...
006 (70945956.181.000) 03/28 22:07:43 Image size of job updated: 187
	187  -  MemoryUsage of job (MB)
	191668  -  ResidentSetSize of job (KB)
...
006 (70945956.181.000) 03/28 22:08:43 Image size of job updated: 187
	187  -  MemoryUsage of job (MB)
	191800  -  ResidentSetSize of job (KB)
...
006 (70945956.181.000) 03/28 22:09:43 Image size of job updated: 187
	187  -  MemoryUsage of job (MB)
	191864  -  ResidentSetSize of job (KB)
...
006 (70945956.181.000) 03/28 22:10:43 Image size of job updated: 187
	187  -  MemoryUsage of job (MB)
	191972  -  ResidentSetSize of job (KB)
...
005 (70945956.181.000) 03/28 22:10:52 Job terminated.
	(1) Normal termination (return value 0)
		Usr 0 00:07:48, Sys 0 00:00:28  -  Run Remote Usage
		Usr 0 00:00:00, Sys 0 00:00:00  -  Run Local Usage
		Usr 0 00:07:48, Sys 0 00:00:28  -  Total Remote Usage
		Usr 0 00:00:00, Sys 0 00:00:00  -  Total Local Usage
	156280  -  Run Bytes Sent By Job
	2246509  -  Run Bytes Received By Job
	156280  -  Total Bytes Sent By Job
	2246509  -  Total Bytes Received By Job
	Partitionable Resources :    Usage  Request Allocated 
	   Cpus                 :        0        1         1 
	   Disk (KB)            :     5163     2250    321490 
	   Memory (MB)          :      187     2000      2000 
...
