000 (70945956.126.000) 03/28 21:58:22 Job submitted from host: <131.225.188.235:9618?addrs=131.225.188.235-9618&noUDP&sock=14994_371f_3>
...
001 (70945956.126.000) 03/28 21:59:11 Job executing on host: <131.225.204.104:9618?addrs=131.225.204.104-9618&noUDP&sock=1170_19e5_3>
...
006 (70945956.126.000) 03/28 21:59:19 Image size of job updated: 14
	14  -  MemoryUsage of job (MB)
	15232  -  ResidentSetSize of job (KB)
...
006 (70945956.126.000) 03/28 22:01:20 Image size of job updated: 104
	104  -  MemoryUsage of job (MB)
	106696  -  ResidentSetSize of job (KB)
...
006 (70945956.126.000) 03/28 22:02:21 Image size of job updated: 165
	165  -  MemoryUsage of job (MB)
	169912  -  ResidentSetSize of job (KB)
...
006 (70945956.126.000) 03/28 22:03:22 Image size of job updated: 166
	166  -  MemoryUsage of job (MB)
	170048  -  ResidentSetSize of job (KB)
...
006 (70945956.126.000) 03/28 22:04:22 Image size of job updated: 172
	172  -  MemoryUsage of job (MB)
	176796  -  ResidentSetSize of job (KB)
...
006 (70945956.126.000) 03/28 22:05:22 Image size of job updated: 172
	172  -  MemoryUsage of job (MB)
	176852  -  ResidentSetSize of job (KB)
...
006 (70945956.126.000) 03/28 22:06:22 Image size of job updated: 172
	172  -  MemoryUsage of job (MB)
	176960  -  ResidentSetSize of job (KB)
...
006 (70945956.126.000) 03/28 22:07:23 Image size of job updated: 188
	188  -  MemoryUsage of job (MB)
	193424  -  ResidentSetSize of job (KB)
...
006 (70945956.126.000) 03/28 22:08:24 Image size of job updated: 188
	188  -  MemoryUsage of job (MB)
	193504  -  ResidentSetSize of job (KB)
...
006 (70945956.126.000) 03/28 22:09:25 Image size of job updated: 189
	189  -  MemoryUsage of job (MB)
	193600  -  ResidentSetSize of job (KB)
...
006 (70945956.126.000) 03/28 22:10:25 Image size of job updated: 189
	189  -  MemoryUsage of job (MB)
	193644  -  ResidentSetSize of job (KB)
...
006 (70945956.126.000) 03/28 22:10:34 Image size of job updated: 189
	189  -  MemoryUsage of job (MB)
	193676  -  ResidentSetSize of job (KB)
...
005 (70945956.126.000) 03/28 22:10:34 Job terminated.
	(1) Normal termination (return value 0)
		Usr 0 00:08:19, Sys 0 00:00:30  -  Run Remote Usage
		Usr 0 00:00:00, Sys 0 00:00:00  -  Run Local Usage
		Usr 0 00:08:19, Sys 0 00:00:30  -  Total Remote Usage
		Usr 0 00:00:00, Sys 0 00:00:00  -  Total Local Usage
	154710  -  Run Bytes Sent By Job
	2246509  -  Run Bytes Received By Job
	154710  -  Total Bytes Sent By Job
	2246509  -  Total Bytes Received By Job
	Partitionable Resources :    Usage  Request Allocated 
	   Cpus                 :     0.00        1         1 
	   Disk (KB)            :  5162        2250    319753 
	   Memory (MB)          :   189        2000      2000 
...
