000 (70945956.142.000) 03/28 21:58:22 Job submitted from host: <131.225.188.235:9618?addrs=131.225.188.235-9618&noUDP&sock=14994_371f_3>
...
001 (70945956.142.000) 03/28 21:59:15 Job executing on host: <131.225.206.18:9618?addrs=131.225.206.18-9618&noUDP&sock=1153_70c9_3>
...
006 (70945956.142.000) 03/28 21:59:24 Image size of job updated: 14
	14  -  MemoryUsage of job (MB)
	15080  -  ResidentSetSize of job (KB)
...
006 (70945956.142.000) 03/28 22:00:24 Image size of job updated: 132
	132  -  MemoryUsage of job (MB)
	135760  -  ResidentSetSize of job (KB)
...
006 (70945956.142.000) 03/28 22:02:25 Image size of job updated: 165
	165  -  MemoryUsage of job (MB)
	169068  -  ResidentSetSize of job (KB)
...
006 (70945956.142.000) 03/28 22:03:26 Image size of job updated: 165
	165  -  MemoryUsage of job (MB)
	169336  -  ResidentSetSize of job (KB)
...
006 (70945956.142.000) 03/28 22:04:27 Image size of job updated: 165
	165  -  MemoryUsage of job (MB)
	169432  -  ResidentSetSize of job (KB)
...
006 (70945956.142.000) 03/28 22:05:28 Image size of job updated: 165
	165  -  MemoryUsage of job (MB)
	169504  -  ResidentSetSize of job (KB)
...
006 (70945956.142.000) 03/28 22:06:29 Image size of job updated: 165
	165  -  MemoryUsage of job (MB)
	169592  -  ResidentSetSize of job (KB)
...
006 (70945956.142.000) 03/28 22:07:29 Image size of job updated: 191
	191  -  MemoryUsage of job (MB)
	196384  -  ResidentSetSize of job (KB)
...
006 (70945956.142.000) 03/28 22:08:29 Image size of job updated: 191
	191  -  MemoryUsage of job (MB)
	196448  -  ResidentSetSize of job (KB)
...
006 (70945956.142.000) 03/28 22:09:29 Image size of job updated: 191
	191  -  MemoryUsage of job (MB)
	196508  -  ResidentSetSize of job (KB)
...
006 (70945956.142.000) 03/28 22:10:29 Image size of job updated: 191
	191  -  MemoryUsage of job (MB)
	196580  -  ResidentSetSize of job (KB)
...
006 (70945956.142.000) 03/28 22:11:30 Image size of job updated: 192
	192  -  MemoryUsage of job (MB)
	196652  -  ResidentSetSize of job (KB)
...
006 (70945956.142.000) 03/28 22:12:09 Image size of job updated: 192
	192  -  MemoryUsage of job (MB)
	196692  -  ResidentSetSize of job (KB)
...
005 (70945956.142.000) 03/28 22:12:10 Job terminated.
	(1) Normal termination (return value 0)
		Usr 0 00:08:57, Sys 0 00:00:35  -  Run Remote Usage
		Usr 0 00:00:00, Sys 0 00:00:00  -  Run Local Usage
		Usr 0 00:08:57, Sys 0 00:00:35  -  Total Remote Usage
		Usr 0 00:00:00, Sys 0 00:00:00  -  Total Local Usage
	159068  -  Run Bytes Sent By Job
	2246509  -  Run Bytes Received By Job
	159068  -  Total Bytes Sent By Job
	2246509  -  Total Bytes Received By Job
	Partitionable Resources :    Usage  Request Allocated 
	   Cpus                 :     0.00        1         1 
	   Disk (KB)            :  5166        2250    328576 
	   Memory (MB)          :   192        2000      2000 
...
