000 (70945956.057.000) 03/28 21:58:22 Job submitted from host: <131.225.188.235:9618?addrs=131.225.188.235-9618&noUDP&sock=14994_371f_3>
...
001 (70945956.057.000) 03/28 21:59:02 Job executing on host: <131.225.206.174:9618?addrs=131.225.206.174-9618&noUDP&sock=1148_02d0_3>
...
006 (70945956.057.000) 03/28 21:59:11 Image size of job updated: 17
	17  -  MemoryUsage of job (MB)
	18412  -  ResidentSetSize of job (KB)
...
006 (70945956.057.000) 03/28 22:00:12 Image size of job updated: 153
	153  -  MemoryUsage of job (MB)
	157512  -  ResidentSetSize of job (KB)
...
006 (70945956.057.000) 03/28 22:01:15 Image size of job updated: 154
	154  -  MemoryUsage of job (MB)
	157876  -  ResidentSetSize of job (KB)
...
006 (70945956.057.000) 03/28 22:02:15 Image size of job updated: 181
	181  -  MemoryUsage of job (MB)
	186020  -  ResidentSetSize of job (KB)
...
006 (70945956.057.000) 03/28 22:02:45 Image size of job updated: 181
	181  -  MemoryUsage of job (MB)
	186112  -  ResidentSetSize of job (KB)
...
005 (70945956.057.000) 03/28 22:02:48 Job terminated.
	(1) Normal termination (return value 0)
		Usr 0 00:02:00, Sys 0 00:00:07  -  Run Remote Usage
		Usr 0 00:00:00, Sys 0 00:00:00  -  Run Local Usage
		Usr 0 00:02:00, Sys 0 00:00:07  -  Total Remote Usage
		Usr 0 00:00:00, Sys 0 00:00:00  -  Total Local Usage
	144988  -  Run Bytes Sent By Job
	2246509  -  Run Bytes Received By Job
	144988  -  Total Bytes Sent By Job
	2246509  -  Total Bytes Received By Job
	Partitionable Resources :    Usage  Request Allocated 
	   Cpus                 :        0        1         1 
	   Disk (KB)            :     5153     2250    314347 
	   Memory (MB)          :      181     2000      2000 
...
