000 (70945956.034.000) 03/28 21:58:22 Job submitted from host: <131.225.188.235:9618?addrs=131.225.188.235-9618&noUDP&sock=14994_371f_3>
...
001 (70945956.034.000) 03/28 21:59:01 Job executing on host: <131.225.204.124:9618?addrs=131.225.204.124-9618&noUDP&sock=1163_4cbb_3>
...
006 (70945956.034.000) 03/28 21:59:09 Image size of job updated: 59
	59  -  MemoryUsage of job (MB)
	60584  -  ResidentSetSize of job (KB)
...
006 (70945956.034.000) 03/28 22:00:09 Image size of job updated: 153
	153  -  MemoryUsage of job (MB)
	156900  -  ResidentSetSize of job (KB)
...
006 (70945956.034.000) 03/28 22:01:09 Image size of job updated: 179
	179  -  MemoryUsage of job (MB)
	183712  -  ResidentSetSize of job (KB)
...
006 (70945956.034.000) 03/28 22:01:19 Image size of job updated: 179
	179  -  MemoryUsage of job (MB)
	183752  -  ResidentSetSize of job (KB)
...
005 (70945956.034.000) 03/28 22:01:21 Job terminated.
	(1) Normal termination (return value 0)
		Usr 0 00:01:53, Sys 0 00:00:04  -  Run Remote Usage
		Usr 0 00:00:00, Sys 0 00:00:00  -  Run Local Usage
		Usr 0 00:01:53, Sys 0 00:00:04  -  Total Remote Usage
		Usr 0 00:00:00, Sys 0 00:00:00  -  Total Local Usage
	145107  -  Run Bytes Sent By Job
	2246509  -  Run Bytes Received By Job
	145107  -  Total Bytes Sent By Job
	2246509  -  Total Bytes Received By Job
	Partitionable Resources :    Usage  Request Allocated 
	   Cpus                 :     0.01        1         1 
	   Disk (KB)            :  5153        2250    317139 
	   Memory (MB)          :   179        2000      2000 
...
