000 (70945956.165.000) 03/28 21:58:23 Job submitted from host: <131.225.188.235:9618?addrs=131.225.188.235-9618&noUDP&sock=14994_371f_3>
...
001 (70945956.165.000) 03/28 21:59:24 Job executing on host: <131.225.206.118:9618?addrs=131.225.206.118-9618&noUDP&sock=1162_9d23_3>
...
006 (70945956.165.000) 03/28 21:59:33 Image size of job updated: 16
	16  -  MemoryUsage of job (MB)
	16420  -  ResidentSetSize of job (KB)
...
006 (70945956.165.000) 03/28 22:00:33 Image size of job updated: 53
	53  -  MemoryUsage of job (MB)
	55236  -  ResidentSetSize of job (KB)
...
006 (70945956.165.000) 03/28 22:01:33 Image size of job updated: 166
	166  -  MemoryUsage of job (MB)
	170724  -  ResidentSetSize of job (KB)
...
006 (70945956.165.000) 03/28 22:02:33 Image size of job updated: 166
	166  -  MemoryUsage of job (MB)
	170972  -  ResidentSetSize of job (KB)
...
006 (70945956.165.000) 03/28 22:03:33 Image size of job updated: 167
	167  -  MemoryUsage of job (MB)
	171096  -  ResidentSetSize of job (KB)
...
006 (70945956.165.000) 03/28 22:04:34 Image size of job updated: 167
	167  -  MemoryUsage of job (MB)
	171156  -  ResidentSetSize of job (KB)
...
006 (70945956.165.000) 03/28 22:05:35 Image size of job updated: 167
	167  -  MemoryUsage of job (MB)
	171272  -  ResidentSetSize of job (KB)
...
006 (70945956.165.000) 03/28 22:06:36 Image size of job updated: 191
	191  -  MemoryUsage of job (MB)
	196404  -  ResidentSetSize of job (KB)
...
006 (70945956.165.000) 03/28 22:07:37 Image size of job updated: 191
	191  -  MemoryUsage of job (MB)
	196500  -  ResidentSetSize of job (KB)
...
006 (70945956.165.000) 03/28 22:08:37 Image size of job updated: 191
	191  -  MemoryUsage of job (MB)
	196584  -  ResidentSetSize of job (KB)
...
006 (70945956.165.000) 03/28 22:09:37 Image size of job updated: 192
	192  -  MemoryUsage of job (MB)
	196736  -  ResidentSetSize of job (KB)
...
006 (70945956.165.000) 03/28 22:10:37 Image size of job updated: 192
	192  -  MemoryUsage of job (MB)
	196812  -  ResidentSetSize of job (KB)
...
005 (70945956.165.000) 03/28 22:10:41 Job terminated.
	(1) Normal termination (return value 0)
		Usr 0 00:08:39, Sys 0 00:00:27  -  Run Remote Usage
		Usr 0 00:00:00, Sys 0 00:00:00  -  Run Local Usage
		Usr 0 00:08:39, Sys 0 00:00:27  -  Total Remote Usage
		Usr 0 00:00:00, Sys 0 00:00:00  -  Total Local Usage
	156153  -  Run Bytes Sent By Job
	2246509  -  Run Bytes Received By Job
	156153  -  Total Bytes Sent By Job
	2246509  -  Total Bytes Received By Job
	Partitionable Resources :    Usage  Request Allocated 
	   Cpus                 :     0.00        1         1 
	   Disk (KB)            :  5163        2250    299678 
	   Memory (MB)          :   192        2000      2000 
...
