000 (70945956.007.000) 03/28 21:58:22 Job submitted from host: <131.225.188.235:9618?addrs=131.225.188.235-9618&noUDP&sock=14994_371f_3>
...
001 (70945956.007.000) 03/28 21:58:39 Job executing on host: <131.225.206.239:9618?addrs=131.225.206.239-9618&noUDP&sock=1148_02d0_3>
...
006 (70945956.007.000) 03/28 21:58:47 Image size of job updated: 21
	21  -  MemoryUsage of job (MB)
	22000  -  ResidentSetSize of job (KB)
...
006 (70945956.007.000) 03/28 21:59:48 Image size of job updated: 154
	154  -  MemoryUsage of job (MB)
	157736  -  ResidentSetSize of job (KB)
...
006 (70945956.007.000) 03/28 22:00:49 Image size of job updated: 173
	173  -  MemoryUsage of job (MB)
	177652  -  ResidentSetSize of job (KB)
...
006 (70945956.007.000) 03/28 22:01:25 Image size of job updated: 179
	179  -  MemoryUsage of job (MB)
	183484  -  ResidentSetSize of job (KB)
...
005 (70945956.007.000) 03/28 22:01:28 Job terminated.
	(1) Normal termination (return value 0)
		Usr 0 00:01:48, Sys 0 00:00:08  -  Run Remote Usage
		Usr 0 00:00:00, Sys 0 00:00:00  -  Run Local Usage
		Usr 0 00:01:48, Sys 0 00:00:08  -  Total Remote Usage
		Usr 0 00:00:00, Sys 0 00:00:00  -  Total Local Usage
	144961  -  Run Bytes Sent By Job
	2246509  -  Run Bytes Received By Job
	144961  -  Total Bytes Sent By Job
	2246509  -  Total Bytes Received By Job
	Partitionable Resources :    Usage  Request Allocated 
	   Cpus                 :     0.00        1         1 
	   Disk (KB)            :  5153        2250    321055 
	   Memory (MB)          :   179        2000      2000 
...
