000 (70945956.151.000) 03/28 21:58:22 Job submitted from host: <131.225.188.235:9618?addrs=131.225.188.235-9618&noUDP&sock=14994_371f_3>
...
001 (70945956.151.000) 03/28 21:59:18 Job executing on host: <131.225.191.151:9618?addrs=131.225.191.151-9618&noUDP&sock=1163_4cbb_3>
...
006 (70945956.151.000) 03/28 21:59:28 Image size of job updated: 57
	57  -  MemoryUsage of job (MB)
	58380  -  ResidentSetSize of job (KB)
...
006 (70945956.151.000) 03/28 22:00:28 Image size of job updated: 159
	159  -  MemoryUsage of job (MB)
	163728  -  ResidentSetSize of job (KB)
...
006 (70945956.151.000) 03/28 22:01:28 Image size of job updated: 160
	160  -  MemoryUsage of job (MB)
	163900  -  ResidentSetSize of job (KB)
...
006 (70945956.151.000) 03/28 22:02:28 Image size of job updated: 160
	160  -  MemoryUsage of job (MB)
	164032  -  ResidentSetSize of job (KB)
...
006 (70945956.151.000) 03/28 22:03:28 Image size of job updated: 160
	160  -  MemoryUsage of job (MB)
	164144  -  ResidentSetSize of job (KB)
...
006 (70945956.151.000) 03/28 22:04:29 Image size of job updated: 186
	186  -  MemoryUsage of job (MB)
	191060  -  ResidentSetSize of job (KB)
...
006 (70945956.151.000) 03/28 22:05:30 Image size of job updated: 186
	186  -  MemoryUsage of job (MB)
	191168  -  ResidentSetSize of job (KB)
...
006 (70945956.151.000) 03/28 22:06:31 Image size of job updated: 186
	186  -  MemoryUsage of job (MB)
	191244  -  ResidentSetSize of job (KB)
...
006 (70945956.151.000) 03/28 22:06:50 Image size of job updated: 186
	186  -  MemoryUsage of job (MB)
	191276  -  ResidentSetSize of job (KB)
...
005 (70945956.151.000) 03/28 22:06:51 Job terminated.
	(1) Normal termination (return value 0)
		Usr 0 00:05:47, Sys 0 00:00:16  -  Run Remote Usage
		Usr 0 00:00:00, Sys 0 00:00:00  -  Run Local Usage
		Usr 0 00:05:47, Sys 0 00:00:16  -  Total Remote Usage
		Usr 0 00:00:00, Sys 0 00:00:00  -  Total Local Usage
	151016  -  Run Bytes Sent By Job
	2246509  -  Run Bytes Received By Job
	151016  -  Total Bytes Sent By Job
	2246509  -  Total Bytes Received By Job
	Partitionable Resources :    Usage  Request Allocated 
	   Cpus                 :     0.00        1         1 
	   Disk (KB)            :  5158        2250    313773 
	   Memory (MB)          :   186        2000      2000 
...
