000 (70945956.016.000) 03/28 21:58:22 Job submitted from host: <131.225.188.235:9618?addrs=131.225.188.235-9618&noUDP&sock=14994_371f_3>
...
001 (70945956.016.000) 03/28 21:58:39 Job executing on host: <131.225.206.22:9618?addrs=131.225.206.22-9618&noUDP&sock=1152_c131_3>
...
006 (70945956.016.000) 03/28 21:58:50 Image size of job updated: 18
	18  -  MemoryUsage of job (MB)
	18444  -  ResidentSetSize of job (KB)
...
006 (70945956.016.000) 03/28 21:59:48 Image size of job updated: 154
	154  -  MemoryUsage of job (MB)
	157900  -  ResidentSetSize of job (KB)
...
006 (70945956.016.000) 03/28 22:00:48 Image size of job updated: 171
	171  -  MemoryUsage of job (MB)
	175364  -  ResidentSetSize of job (KB)
...
006 (70945956.016.000) 03/28 22:01:31 Image size of job updated: 177
	177  -  MemoryUsage of job (MB)
	181248  -  ResidentSetSize of job (KB)
...
005 (70945956.016.000) 03/28 22:01:32 Job terminated.
	(1) Normal termination (return value 0)
		Usr 0 00:01:42, Sys 0 00:00:08  -  Run Remote Usage
		Usr 0 00:00:00, Sys 0 00:00:00  -  Run Local Usage
		Usr 0 00:01:42, Sys 0 00:00:08  -  Total Remote Usage
		Usr 0 00:00:00, Sys 0 00:00:00  -  Total Local Usage
	145143  -  Run Bytes Sent By Job
	2246509  -  Run Bytes Received By Job
	145143  -  Total Bytes Sent By Job
	2246509  -  Total Bytes Received By Job
	Partitionable Resources :    Usage  Request Allocated 
	   Cpus                 :        0        1         1 
	   Disk (KB)            :     5153     2250    308113 
	   Memory (MB)          :      177     2000      2000 
...
