000 (70945956.115.000) 03/28 21:58:22 Job submitted from host: <131.225.188.235:9618?addrs=131.225.188.235-9618&noUDP&sock=14994_371f_3>
...
001 (70945956.115.000) 03/28 21:59:18 Job executing on host: <131.225.206.22:9618?addrs=131.225.206.22-9618&noUDP&sock=1152_c131_3>
...
006 (70945956.115.000) 03/28 21:59:27 Image size of job updated: 5
	4  -  MemoryUsage of job (MB)
	4348  -  ResidentSetSize of job (KB)
...
006 (70945956.115.000) 03/28 22:00:27 Image size of job updated: 154
	154  -  MemoryUsage of job (MB)
	157984  -  ResidentSetSize of job (KB)
...
006 (70945956.115.000) 03/28 22:01:27 Image size of job updated: 178
	178  -  MemoryUsage of job (MB)
	182704  -  ResidentSetSize of job (KB)
...
006 (70945956.115.000) 03/28 22:01:53 Image size of job updated: 178
	178  -  MemoryUsage of job (MB)
	182812  -  ResidentSetSize of job (KB)
...
005 (70945956.115.000) 03/28 22:01:54 Job terminated.
	(1) Normal termination (return value 0)
		Usr 0 00:01:59, Sys 0 00:00:07  -  Run Remote Usage
		Usr 0 00:00:00, Sys 0 00:00:00  -  Run Local Usage
		Usr 0 00:01:59, Sys 0 00:00:07  -  Total Remote Usage
		Usr 0 00:00:00, Sys 0 00:00:00  -  Total Local Usage
	145227  -  Run Bytes Sent By Job
	2246509  -  Run Bytes Received By Job
	145227  -  Total Bytes Sent By Job
	2246509  -  Total Bytes Received By Job
	Partitionable Resources :    Usage  Request Allocated 
	   Cpus                 :        0        1         1 
	   Disk (KB)            :     5153     2250    308113 
	   Memory (MB)          :      178     2000      2000 
...
