000 (70945956.182.000) 03/28 21:58:23 Job submitted from host: <131.225.188.235:9618?addrs=131.225.188.235-9618&noUDP&sock=14994_371f_3>
...
001 (70945956.182.000) 03/28 21:59:30 Job executing on host: <131.225.204.117:9618?addrs=131.225.204.117-9618&noUDP&sock=1163_4cbb_3>
...
006 (70945956.182.000) 03/28 21:59:40 Image size of job updated: 8
	8  -  MemoryUsage of job (MB)
	8436  -  ResidentSetSize of job (KB)
...
006 (70945956.182.000) 03/28 22:00:42 Image size of job updated: 132
	132  -  MemoryUsage of job (MB)
	135760  -  ResidentSetSize of job (KB)
...
006 (70945956.182.000) 03/28 22:01:42 Image size of job updated: 166
	166  -  MemoryUsage of job (MB)
	170516  -  ResidentSetSize of job (KB)
...
006 (70945956.182.000) 03/28 22:02:42 Image size of job updated: 166
	166  -  MemoryUsage of job (MB)
	170836  -  ResidentSetSize of job (KB)
...
006 (70945956.182.000) 03/28 22:03:43 Image size of job updated: 166
	166  -  MemoryUsage of job (MB)
	170944  -  ResidentSetSize of job (KB)
...
006 (70945956.182.000) 03/28 22:04:44 Image size of job updated: 167
	167  -  MemoryUsage of job (MB)
	171036  -  ResidentSetSize of job (KB)
...
006 (70945956.182.000) 03/28 22:05:45 Image size of job updated: 167
	167  -  MemoryUsage of job (MB)
	171164  -  ResidentSetSize of job (KB)
...
006 (70945956.182.000) 03/28 22:06:47 Image size of job updated: 167
	167  -  MemoryUsage of job (MB)
	171224  -  ResidentSetSize of job (KB)
...
006 (70945956.182.000) 03/28 22:07:47 Image size of job updated: 192
	192  -  MemoryUsage of job (MB)
	197392  -  ResidentSetSize of job (KB)
...
006 (70945956.182.000) 03/28 22:08:47 Image size of job updated: 192
	192  -  MemoryUsage of job (MB)
	197468  -  ResidentSetSize of job (KB)
...
006 (70945956.182.000) 03/28 22:09:47 Image size of job updated: 192
	192  -  MemoryUsage of job (MB)
	197528  -  ResidentSetSize of job (KB)
...
006 (70945956.182.000) 03/28 22:10:47 Image size of job updated: 192
	192  -  MemoryUsage of job (MB)
	197584  -  ResidentSetSize of job (KB)
...
006 (70945956.182.000) 03/28 22:11:22 Image size of job updated: 193
	193  -  MemoryUsage of job (MB)
	197648  -  ResidentSetSize of job (KB)
...
005 (70945956.182.000) 03/28 22:11:23 Job terminated.
	(1) Normal termination (return value 0)
		Usr 0 00:08:19, Sys 0 00:00:31  -  Run Remote Usage
		Usr 0 00:00:00, Sys 0 00:00:00  -  Run Local Usage
		Usr 0 00:08:19, Sys 0 00:00:31  -  Total Remote Usage
		Usr 0 00:00:00, Sys 0 00:00:00  -  Total Local Usage
	156835  -  Run Bytes Sent By Job
	2246509  -  Run Bytes Received By Job
	156835  -  Total Bytes Sent By Job
	2246509  -  Total Bytes Received By Job
	Partitionable Resources :    Usage  Request Allocated 
	   Cpus                 :     0.00        1         1 
	   Disk (KB)            :  5164        2250    316211 
	   Memory (MB)          :   193        2000      2000 
...
