000 (70945956.030.000) 03/28 21:58:22 Job submitted from host: <131.225.188.235:9618?addrs=131.225.188.235-9618&noUDP&sock=14994_371f_3>
...
001 (70945956.030.000) 03/28 21:58:47 Job executing on host: <131.225.206.118:9618?addrs=131.225.206.118-9618&noUDP&sock=1162_9d23_3>
...
006 (70945956.030.000) 03/28 21:58:58 Image size of job updated: 5
	4  -  MemoryUsage of job (MB)
	4764  -  ResidentSetSize of job (KB)
...
006 (70945956.030.000) 03/28 21:59:57 Image size of job updated: 154
	154  -  MemoryUsage of job (MB)
	158076  -  ResidentSetSize of job (KB)
...
006 (70945956.030.000) 03/28 22:00:58 Image size of job updated: 154
	154  -  MemoryUsage of job (MB)
	158172  -  ResidentSetSize of job (KB)
...
006 (70945956.030.000) 03/28 22:01:39 Image size of job updated: 178
	178  -  MemoryUsage of job (MB)
	182556  -  ResidentSetSize of job (KB)
...
005 (70945956.030.000) 03/28 22:01:41 Job terminated.
	(1) Normal termination (return value 0)
		Usr 0 00:01:45, Sys 0 00:00:07  -  Run Remote Usage
		Usr 0 00:00:00, Sys 0 00:00:00  -  Run Local Usage
		Usr 0 00:01:45, Sys 0 00:00:07  -  Total Remote Usage
		Usr 0 00:00:00, Sys 0 00:00:00  -  Total Local Usage
	144986  -  Run Bytes Sent By Job
	2246509  -  Run Bytes Received By Job
	144986  -  Total Bytes Sent By Job
	2246509  -  Total Bytes Received By Job
	Partitionable Resources :    Usage  Request Allocated 
	   Cpus                 :        0        1         1 
	   Disk (KB)            :     5153     2250    299678 
	   Memory (MB)          :      178     2000      2000 
...
