000 (70945956.175.000) 03/28 21:58:23 Job submitted from host: <131.225.188.235:9618?addrs=131.225.188.235-9618&noUDP&sock=14994_371f_3>
...
001 (70945956.175.000) 03/28 21:59:26 Job executing on host: <131.225.204.93:9618?addrs=131.225.204.93-9618&noUDP&sock=1157_2f2a_3>
...
006 (70945956.175.000) 03/28 21:59:35 Image size of job updated: 5
	4  -  MemoryUsage of job (MB)
	4636  -  ResidentSetSize of job (KB)
...
006 (70945956.175.000) 03/28 22:00:36 Image size of job updated: 162
	162  -  MemoryUsage of job (MB)
	166236  -  ResidentSetSize of job (KB)
...
006 (70945956.175.000) 03/28 22:01:37 Image size of job updated: 162
	162  -  MemoryUsage of job (MB)
	166260  -  ResidentSetSize of job (KB)
...
006 (70945956.175.000) 03/28 22:02:37 Image size of job updated: 162
	162  -  MemoryUsage of job (MB)
	166380  -  ResidentSetSize of job (KB)
...
006 (70945956.175.000) 03/28 22:03:37 Image size of job updated: 162
	162  -  MemoryUsage of job (MB)
	166464  -  ResidentSetSize of job (KB)
...
006 (70945956.175.000) 03/28 22:04:37 Image size of job updated: 162
	162  -  MemoryUsage of job (MB)
	166572  -  ResidentSetSize of job (KB)
...
006 (70945956.175.000) 03/28 22:05:38 Image size of job updated: 187
	187  -  MemoryUsage of job (MB)
	191552  -  ResidentSetSize of job (KB)
...
006 (70945956.175.000) 03/28 22:06:39 Image size of job updated: 187
	187  -  MemoryUsage of job (MB)
	191636  -  ResidentSetSize of job (KB)
...
006 (70945956.175.000) 03/28 22:07:40 Image size of job updated: 187
	187  -  MemoryUsage of job (MB)
	191768  -  ResidentSetSize of job (KB)
...
006 (70945956.175.000) 03/28 22:08:41 Image size of job updated: 187
	187  -  MemoryUsage of job (MB)
	191828  -  ResidentSetSize of job (KB)
...
005 (70945956.175.000) 03/28 22:09:22 Job terminated.
	(1) Normal termination (return value 0)
		Usr 0 00:06:29, Sys 0 00:00:22  -  Run Remote Usage
		Usr 0 00:00:00, Sys 0 00:00:00  -  Run Local Usage
		Usr 0 00:06:29, Sys 0 00:00:22  -  Total Remote Usage
		Usr 0 00:00:00, Sys 0 00:00:00  -  Total Local Usage
	151453  -  Run Bytes Sent By Job
	2246509  -  Run Bytes Received By Job
	151453  -  Total Bytes Sent By Job
	2246509  -  Total Bytes Received By Job
	Partitionable Resources :    Usage  Request Allocated 
	   Cpus                 :     0.00        1         1 
	   Disk (KB)            :  5159        2250    322043 
	   Memory (MB)          :   187        2000      2000 
...
