000 (70945956.038.000) 03/28 21:58:22 Job submitted from host: <131.225.188.235:9618?addrs=131.225.188.235-9618&noUDP&sock=14994_371f_3>
...
001 (70945956.038.000) 03/28 21:58:56 Job executing on host: <131.225.204.56:9618?addrs=131.225.204.56-9618&noUDP&sock=1174_d846_3>
...
006 (70945956.038.000) 03/28 21:59:05 Image size of job updated: 15
	15  -  MemoryUsage of job (MB)
	16376  -  ResidentSetSize of job (KB)
...
006 (70945956.038.000) 03/28 22:00:05 Image size of job updated: 154
	154  -  MemoryUsage of job (MB)
	158292  -  ResidentSetSize of job (KB)
...
006 (70945956.038.000) 03/28 22:01:45 Image size of job updated: 178
	178  -  MemoryUsage of job (MB)
	183088  -  ResidentSetSize of job (KB)
...
005 (70945956.038.000) 03/28 22:01:47 Job terminated.
	(1) Normal termination (return value 0)
		Usr 0 00:01:46, Sys 0 00:00:07  -  Run Remote Usage
		Usr 0 00:00:00, Sys 0 00:00:00  -  Run Local Usage
		Usr 0 00:01:46, Sys 0 00:00:07  -  Total Remote Usage
		Usr 0 00:00:00, Sys 0 00:00:00  -  Total Local Usage
	145067  -  Run Bytes Sent By Job
	2246509  -  Run Bytes Received By Job
	145067  -  Total Bytes Sent By Job
	2246509  -  Total Bytes Received By Job
	Partitionable Resources :    Usage  Request Allocated 
	   Cpus                 :        0        1         1 
	   Disk (KB)            :     5153     2250    328868 
	   Memory (MB)          :      178     2000      2000 
...
