000 (70945956.091.000) 03/28 21:58:22 Job submitted from host: <131.225.188.235:9618?addrs=131.225.188.235-9618&noUDP&sock=14994_371f_3>
...
001 (70945956.091.000) 03/28 21:58:54 Job executing on host: <131.225.206.48:9618?addrs=131.225.206.48-9618&noUDP&sock=1149_b268_3>
...
006 (70945956.091.000) 03/28 21:59:03 Image size of job updated: 18
	18  -  MemoryUsage of job (MB)
	18872  -  ResidentSetSize of job (KB)
...
006 (70945956.091.000) 03/28 22:00:04 Image size of job updated: 154
	154  -  MemoryUsage of job (MB)
	158500  -  ResidentSetSize of job (KB)
...
006 (70945956.091.000) 03/28 22:01:04 Image size of job updated: 179
	179  -  MemoryUsage of job (MB)
	184100  -  ResidentSetSize of job (KB)
...
006 (70945956.091.000) 03/28 22:01:25 Image size of job updated: 179
	179  -  MemoryUsage of job (MB)
	184140  -  ResidentSetSize of job (KB)
...
005 (70945956.091.000) 03/28 22:01:25 Job terminated.
	(1) Normal termination (return value 0)
		Usr 0 00:01:48, Sys 0 00:00:09  -  Run Remote Usage
		Usr 0 00:00:00, Sys 0 00:00:00  -  Run Local Usage
		Usr 0 00:01:48, Sys 0 00:00:09  -  Total Remote Usage
		Usr 0 00:00:00, Sys 0 00:00:00  -  Total Local Usage
	144967  -  Run Bytes Sent By Job
	2246509  -  Run Bytes Received By Job
	144967  -  Total Bytes Sent By Job
	2246509  -  Total Bytes Received By Job
	Partitionable Resources :    Usage  Request Allocated 
	   Cpus                 :        0        1         1 
	   Disk (KB)            :     5152     2250    309353 
	   Memory (MB)          :      179     2000      2000 
...
