000 (70945956.124.000) 03/28 21:58:22 Job submitted from host: <131.225.188.235:9618?addrs=131.225.188.235-9618&noUDP&sock=14994_371f_3>
...
001 (70945956.124.000) 03/28 21:59:26 Job executing on host: <131.225.204.116:9618?addrs=131.225.204.116-9618&noUDP&sock=1165_abec_3>
...
006 (70945956.124.000) 03/28 21:59:34 Image size of job updated: 31
	31  -  MemoryUsage of job (MB)
	32056  -  ResidentSetSize of job (KB)
...
006 (70945956.124.000) 03/28 22:00:35 Image size of job updated: 132
	132  -  MemoryUsage of job (MB)
	135760  -  ResidentSetSize of job (KB)
...
006 (70945956.124.000) 03/28 22:01:35 Image size of job updated: 162
	162  -  MemoryUsage of job (MB)
	166084  -  ResidentSetSize of job (KB)
...
006 (70945956.124.000) 03/28 22:02:35 Image size of job updated: 162
	162  -  MemoryUsage of job (MB)
	166340  -  ResidentSetSize of job (KB)
...
006 (70945956.124.000) 03/28 22:03:35 Image size of job updated: 162
	162  -  MemoryUsage of job (MB)
	166428  -  ResidentSetSize of job (KB)
...
006 (70945956.124.000) 03/28 22:04:36 Image size of job updated: 162
	162  -  MemoryUsage of job (MB)
	166552  -  ResidentSetSize of job (KB)
...
006 (70945956.124.000) 03/28 22:05:37 Image size of job updated: 186
	186  -  MemoryUsage of job (MB)
	190764  -  ResidentSetSize of job (KB)
...
006 (70945956.124.000) 03/28 22:06:38 Image size of job updated: 186
	186  -  MemoryUsage of job (MB)
	190856  -  ResidentSetSize of job (KB)
...
006 (70945956.124.000) 03/28 22:07:39 Image size of job updated: 186
	186  -  MemoryUsage of job (MB)
	190936  -  ResidentSetSize of job (KB)
...
006 (70945956.124.000) 03/28 22:08:39 Image size of job updated: 186
	186  -  MemoryUsage of job (MB)
	190984  -  ResidentSetSize of job (KB)
...
006 (70945956.124.000) 03/28 22:09:37 Image size of job updated: 186
	186  -  MemoryUsage of job (MB)
	191056  -  ResidentSetSize of job (KB)
...
005 (70945956.124.000) 03/28 22:09:38 Job terminated.
	(1) Normal termination (return value 0)
		Usr 0 00:07:06, Sys 0 00:00:25  -  Run Remote Usage
		Usr 0 00:00:00, Sys 0 00:00:00  -  Run Local Usage
		Usr 0 00:07:06, Sys 0 00:00:25  -  Total Remote Usage
		Usr 0 00:00:00, Sys 0 00:00:00  -  Total Local Usage
	155471  -  Run Bytes Sent By Job
	2246509  -  Run Bytes Received By Job
	155471  -  Total Bytes Sent By Job
	2246509  -  Total Bytes Received By Job
	Partitionable Resources :    Usage  Request Allocated 
	   Cpus                 :     0.00        1         1 
	   Disk (KB)            :  5163        2250    304696 
	   Memory (MB)          :   186        2000      2000 
...
