000 (70945956.141.000) 03/28 21:58:22 Job submitted from host: <131.225.188.235:9618?addrs=131.225.188.235-9618&noUDP&sock=14994_371f_3>
...
001 (70945956.141.000) 03/28 21:59:14 Job executing on host: <131.225.206.54:9618?addrs=131.225.206.54-9618&noUDP&sock=1148_02d0_3>
...
006 (70945956.141.000) 03/28 21:59:23 Image size of job updated: 6
	6  -  MemoryUsage of job (MB)
	6780  -  ResidentSetSize of job (KB)
...
006 (70945956.141.000) 03/28 22:00:24 Image size of job updated: 28
	28  -  MemoryUsage of job (MB)
	28832  -  ResidentSetSize of job (KB)
...
006 (70945956.141.000) 03/28 22:01:25 Image size of job updated: 161
	161  -  MemoryUsage of job (MB)
	165492  -  ResidentSetSize of job (KB)
...
006 (70945956.141.000) 03/28 22:02:25 Image size of job updated: 161
	161  -  MemoryUsage of job (MB)
	165616  -  ResidentSetSize of job (KB)
...
006 (70945956.141.000) 03/28 22:03:25 Image size of job updated: 161
	161  -  MemoryUsage of job (MB)
	165844  -  ResidentSetSize of job (KB)
...
006 (70945956.141.000) 03/28 22:04:25 Image size of job updated: 162
	162  -  MemoryUsage of job (MB)
	165952  -  ResidentSetSize of job (KB)
...
006 (70945956.141.000) 03/28 22:05:26 Image size of job updated: 186
	186  -  MemoryUsage of job (MB)
	191052  -  ResidentSetSize of job (KB)
...
006 (70945956.141.000) 03/28 22:06:27 Image size of job updated: 186
	186  -  MemoryUsage of job (MB)
	191152  -  ResidentSetSize of job (KB)
...
006 (70945956.141.000) 03/28 22:07:28 Image size of job updated: 186
	186  -  MemoryUsage of job (MB)
	191252  -  ResidentSetSize of job (KB)
...
006 (70945956.141.000) 03/28 22:08:13 Image size of job updated: 186
	186  -  MemoryUsage of job (MB)
	191292  -  ResidentSetSize of job (KB)
...
005 (70945956.141.000) 03/28 22:08:13 Job terminated.
	(1) Normal termination (return value 0)
		Usr 0 00:06:30, Sys 0 00:00:21  -  Run Remote Usage
		Usr 0 00:00:00, Sys 0 00:00:00  -  Run Local Usage
		Usr 0 00:06:30, Sys 0 00:00:21  -  Total Remote Usage
		Usr 0 00:00:00, Sys 0 00:00:00  -  Total Local Usage
	151599  -  Run Bytes Sent By Job
	2246509  -  Run Bytes Received By Job
	151599  -  Total Bytes Sent By Job
	2246509  -  Total Bytes Received By Job
	Partitionable Resources :    Usage  Request Allocated 
	   Cpus                 :     0.00        1         1 
	   Disk (KB)            :  5159        2250    323416 
	   Memory (MB)          :   186        2000      2000 
...
