000 (70945956.047.000) 03/28 21:58:22 Job submitted from host: <131.225.188.235:9618?addrs=131.225.188.235-9618&noUDP&sock=14994_371f_3>
...
001 (70945956.047.000) 03/28 21:59:00 Job executing on host: <131.225.204.121:9618?addrs=131.225.204.121-9618&noUDP&sock=1161_ed8b_3>
...
006 (70945956.047.000) 03/28 21:59:09 Image size of job updated: 21
	21  -  MemoryUsage of job (MB)
	21844  -  ResidentSetSize of job (KB)
...
006 (70945956.047.000) 03/28 22:00:09 Image size of job updated: 153
	153  -  MemoryUsage of job (MB)
	157572  -  ResidentSetSize of job (KB)
...
006 (70945956.047.000) 03/28 22:01:09 Image size of job updated: 154
	154  -  MemoryUsage of job (MB)
	157812  -  ResidentSetSize of job (KB)
...
006 (70945956.047.000) 03/28 22:02:10 Image size of job updated: 159
	159  -  MemoryUsage of job (MB)
	163772  -  ResidentSetSize of job (KB)
...
006 (70945956.047.000) 03/28 22:03:11 Image size of job updated: 178
	178  -  MemoryUsage of job (MB)
	183104  -  ResidentSetSize of job (KB)
...
005 (70945956.047.000) 03/28 22:03:22 Job terminated.
	(1) Normal termination (return value 0)
		Usr 0 00:01:42, Sys 0 00:00:07  -  Run Remote Usage
		Usr 0 00:00:00, Sys 0 00:00:00  -  Run Local Usage
		Usr 0 00:01:42, Sys 0 00:00:07  -  Total Remote Usage
		Usr 0 00:00:00, Sys 0 00:00:00  -  Total Local Usage
	144930  -  Run Bytes Sent By Job
	2246509  -  Run Bytes Received By Job
	144930  -  Total Bytes Sent By Job
	2246509  -  Total Bytes Received By Job
	Partitionable Resources :    Usage  Request Allocated 
	   Cpus                 :        0        1         1 
	   Disk (KB)            :     5153     2250    307237 
	   Memory (MB)          :      178     2000      2000 
...
