000 (70945956.083.000) 03/28 21:58:22 Job submitted from host: <131.225.188.235:9618?addrs=131.225.188.235-9618&noUDP&sock=14994_371f_3>
...
001 (70945956.083.000) 03/28 21:59:09 Job executing on host: <131.225.206.171:9618?addrs=131.225.206.171-9618&noUDP&sock=1157_2f2a_3>
...
006 (70945956.083.000) 03/28 21:59:18 Image size of job updated: 14
	14  -  MemoryUsage of job (MB)
	14396  -  ResidentSetSize of job (KB)
...
006 (70945956.083.000) 03/28 22:00:18 Image size of job updated: 88
	88  -  MemoryUsage of job (MB)
	90320  -  ResidentSetSize of job (KB)
...
006 (70945956.083.000) 03/28 22:01:18 Image size of job updated: 177
	177  -  MemoryUsage of job (MB)
	181836  -  ResidentSetSize of job (KB)
...
006 (70945956.083.000) 03/28 22:01:52 Image size of job updated: 177
	177  -  MemoryUsage of job (MB)
	181904  -  ResidentSetSize of job (KB)
...
005 (70945956.083.000) 03/28 22:01:53 Job terminated.
	(1) Normal termination (return value 0)
		Usr 0 00:01:51, Sys 0 00:00:07  -  Run Remote Usage
		Usr 0 00:00:00, Sys 0 00:00:00  -  Run Local Usage
		Usr 0 00:01:51, Sys 0 00:00:07  -  Total Remote Usage
		Usr 0 00:00:00, Sys 0 00:00:00  -  Total Local Usage
	145921  -  Run Bytes Sent By Job
	2246509  -  Run Bytes Received By Job
	145921  -  Total Bytes Sent By Job
	2246509  -  Total Bytes Received By Job
	Partitionable Resources :    Usage  Request Allocated 
	   Cpus                 :        0        1         1 
	   Disk (KB)            :     5153     2250    317944 
	   Memory (MB)          :      177     2000      2000 
...
