000 (70945956.096.000) 03/28 21:58:22 Job submitted from host: <131.225.188.235:9618?addrs=131.225.188.235-9618&noUDP&sock=14994_371f_3>
...
001 (70945956.096.000) 03/28 21:58:55 Job executing on host: <131.225.206.136:9618?addrs=131.225.206.136-9618&noUDP&sock=1182_5508_3>
...
006 (70945956.096.000) 03/28 21:59:05 Image size of job updated: 5
	3  -  MemoryUsage of job (MB)
	3792  -  ResidentSetSize of job (KB)
...
006 (70945956.096.000) 03/28 22:00:05 Image size of job updated: 136
	136  -  MemoryUsage of job (MB)
	139856  -  ResidentSetSize of job (KB)
...
006 (70945956.096.000) 03/28 22:01:06 Image size of job updated: 152
	152  -  MemoryUsage of job (MB)
	156420  -  ResidentSetSize of job (KB)
...
006 (70945956.096.000) 03/28 22:02:06 Image size of job updated: 180
	180  -  MemoryUsage of job (MB)
	184576  -  ResidentSetSize of job (KB)
...
005 (70945956.096.000) 03/28 22:02:07 Job terminated.
	(1) Normal termination (return value 0)
		Usr 0 00:01:47, Sys 0 00:00:07  -  Run Remote Usage
		Usr 0 00:00:00, Sys 0 00:00:00  -  Run Local Usage
		Usr 0 00:01:47, Sys 0 00:00:07  -  Total Remote Usage
		Usr 0 00:00:00, Sys 0 00:00:00  -  Total Local Usage
	145175  -  Run Bytes Sent By Job
	2246509  -  Run Bytes Received By Job
	145175  -  Total Bytes Sent By Job
	2246509  -  Total Bytes Received By Job
	Partitionable Resources :    Usage  Request Allocated 
	   Cpus                 :     0.00        1         1 
	   Disk (KB)            :  5153        2250    314356 
	   Memory (MB)          :   180        2000      2000 
...
