000 (31980885.071.000) 03/28 21:58:26 Job submitted from host: <131.225.188.57:9618?addrs=131.225.188.57-9618&noUDP&sock=18092_2f86_3>
...
001 (31980885.071.000) 03/28 22:01:12 Job executing on host: <131.225.191.79:9618?addrs=131.225.191.79-9618&noUDP&sock=1460_045c_3>
...
006 (31980885.071.000) 03/28 22:02:20 Image size of job updated: 132
	132  -  MemoryUsage of job (MB)
	135752  -  ResidentSetSize of job (KB)
...
006 (31980885.071.000) 03/28 22:04:20 Image size of job updated: 169
	169  -  MemoryUsage of job (MB)
	173748  -  ResidentSetSize of job (KB)
...
006 (31980885.071.000) 03/28 22:05:21 Image size of job updated: 173
	173  -  MemoryUsage of job (MB)
	177940  -  ResidentSetSize of job (KB)
...
006 (31980885.071.000) 03/28 22:06:23 Image size of job updated: 187
	187  -  MemoryUsage of job (MB)
	191504  -  ResidentSetSize of job (KB)
...
006 (31980885.071.000) 03/28 22:07:23 Image size of job updated: 187
	187  -  MemoryUsage of job (MB)
	191972  -  ResidentSetSize of job (KB)
...
006 (31980885.071.000) 03/28 22:08:23 Image size of job updated: 187
	187  -  MemoryUsage of job (MB)
	192364  -  ResidentSetSize of job (KB)
...
006 (31980885.071.000) 03/28 22:09:23 Image size of job updated: 193
	193  -  MemoryUsage of job (MB)
	197648  -  ResidentSetSize of job (KB)
...
006 (31980885.071.000) 03/28 22:10:24 Image size of job updated: 211
	211  -  MemoryUsage of job (MB)
	216960  -  ResidentSetSize of job (KB)
...
006 (31980885.071.000) 03/28 22:11:25 Image size of job updated: 213
	213  -  MemoryUsage of job (MB)
	218452  -  ResidentSetSize of job (KB)
...
006 (31980885.071.000) 03/28 22:12:26 Image size of job updated: 213
	213  -  MemoryUsage of job (MB)
	218472  -  ResidentSetSize of job (KB)
...
006 (31980885.071.000) 03/28 22:13:26 Image size of job updated: 213
	213  -  MemoryUsage of job (MB)
	218508  -  ResidentSetSize of job (KB)
...
005 (31980885.071.000) 03/28 22:15:41 Job terminated.
	(1) Normal termination (return value 0)
		Usr 0 00:10:13, Sys 0 00:00:33  -  Run Remote Usage
		Usr 0 00:00:00, Sys 0 00:00:00  -  Run Local Usage
		Usr 0 00:10:13, Sys 0 00:00:33  -  Total Remote Usage
		Usr 0 00:00:00, Sys 0 00:00:00  -  Total Local Usage
	153220  -  Run Bytes Sent By Job
	2245687  -  Run Bytes Received By Job
	153220  -  Total Bytes Sent By Job
	2245687  -  Total Bytes Received By Job
	Partitionable Resources :    Usage  Request Allocated 
	   Cpus                 :     0.00        1         1 
	   Disk (KB)            :  5137        2250    774510 
	   Memory (MB)          :   213        2000      2000 
...
