000 (31980885.131.000) 03/28 21:58:26 Job submitted from host: <131.225.188.57:9618?addrs=131.225.188.57-9618&noUDP&sock=18092_2f86_3>
...
001 (31980885.131.000) 03/28 22:01:27 Job executing on host: <131.225.205.180:9618?addrs=131.225.205.180-9618&noUDP&sock=1456_45fb_3>
...
006 (31980885.131.000) 03/28 22:02:37 Image size of job updated: 132
	132  -  MemoryUsage of job (MB)
	135728  -  ResidentSetSize of job (KB)
...
006 (31980885.131.000) 03/28 22:04:39 Image size of job updated: 171
	171  -  MemoryUsage of job (MB)
	175612  -  ResidentSetSize of job (KB)
...
006 (31980885.131.000) 03/28 22:05:39 Image size of job updated: 187
	187  -  MemoryUsage of job (MB)
	191512  -  ResidentSetSize of job (KB)
...
006 (31980885.131.000) 03/28 22:06:39 Image size of job updated: 192
	192  -  MemoryUsage of job (MB)
	197416  -  ResidentSetSize of job (KB)
...
006 (31980885.131.000) 03/28 22:07:40 Image size of job updated: 193
	193  -  MemoryUsage of job (MB)
	197820  -  ResidentSetSize of job (KB)
...
006 (31980885.131.000) 03/28 22:08:41 Image size of job updated: 193
	193  -  MemoryUsage of job (MB)
	198016  -  ResidentSetSize of job (KB)
...
006 (31980885.131.000) 03/28 22:09:42 Image size of job updated: 194
	194  -  MemoryUsage of job (MB)
	199636  -  ResidentSetSize of job (KB)
...
006 (31980885.131.000) 03/28 22:10:42 Image size of job updated: 215
	215  -  MemoryUsage of job (MB)
	220772  -  ResidentSetSize of job (KB)
...
006 (31980885.131.000) 03/28 22:15:45 Image size of job updated: 215
	215  -  MemoryUsage of job (MB)
	220812  -  ResidentSetSize of job (KB)
...
006 (31980885.131.000) 03/28 22:16:22 Image size of job updated: 215
	215  -  MemoryUsage of job (MB)
	220844  -  ResidentSetSize of job (KB)
...
005 (31980885.131.000) 03/28 22:16:23 Job terminated.
	(1) Normal termination (return value 0)
		Usr 0 00:11:36, Sys 0 00:00:32  -  Run Remote Usage
		Usr 0 00:00:00, Sys 0 00:00:00  -  Run Local Usage
		Usr 0 00:11:36, Sys 0 00:00:32  -  Total Remote Usage
		Usr 0 00:00:00, Sys 0 00:00:00  -  Total Local Usage
	152886  -  Run Bytes Sent By Job
	2245687  -  Run Bytes Received By Job
	152886  -  Total Bytes Sent By Job
	2245687  -  Total Bytes Received By Job
	Partitionable Resources :    Usage  Request Allocated 
	   Cpus                 :        0        1         1 
	   Disk (KB)            :     5136     2250   1639744 
	   Memory (MB)          :      215     2000      2000 
...
