000 (31980885.103.000) 03/28 21:58:26 Job submitted from host: <131.225.188.57:9618?addrs=131.225.188.57-9618&noUDP&sock=18092_2f86_3>
...
001 (31980885.103.000) 03/28 22:01:18 Job executing on host: <131.225.205.164:9618?addrs=131.225.205.164-9618&noUDP&sock=1462_638d_3>
...
006 (31980885.103.000) 03/28 22:03:29 Image size of job updated: 5
	4  -  MemoryUsage of job (MB)
	4700  -  ResidentSetSize of job (KB)
...
006 (31980885.103.000) 03/28 22:04:29 Image size of job updated: 170
	170  -  MemoryUsage of job (MB)
	174592  -  ResidentSetSize of job (KB)
...
006 (31980885.103.000) 03/28 22:05:30 Image size of job updated: 186
	186  -  MemoryUsage of job (MB)
	191292  -  ResidentSetSize of job (KB)
...
006 (31980885.103.000) 03/28 22:06:32 Image size of job updated: 193
	193  -  MemoryUsage of job (MB)
	198024  -  ResidentSetSize of job (KB)
...
006 (31980885.103.000) 03/28 22:07:32 Image size of job updated: 193
	193  -  MemoryUsage of job (MB)
	198372  -  ResidentSetSize of job (KB)
...
006 (31980885.103.000) 03/28 22:08:32 Image size of job updated: 194
	194  -  MemoryUsage of job (MB)
	198792  -  ResidentSetSize of job (KB)
...
006 (31980885.103.000) 03/28 22:09:32 Image size of job updated: 195
	195  -  MemoryUsage of job (MB)
	200420  -  ResidentSetSize of job (KB)
...
006 (31980885.103.000) 03/28 22:10:33 Image size of job updated: 211
	211  -  MemoryUsage of job (MB)
	216944  -  ResidentSetSize of job (KB)
...
006 (31980885.103.000) 03/28 22:11:34 Image size of job updated: 218
	218  -  MemoryUsage of job (MB)
	223872  -  ResidentSetSize of job (KB)
...
006 (31980885.103.000) 03/28 22:12:35 Image size of job updated: 218
	218  -  MemoryUsage of job (MB)
	223956  -  ResidentSetSize of job (KB)
...
006 (31980885.103.000) 03/28 22:13:35 Image size of job updated: 218
	218  -  MemoryUsage of job (MB)
	223964  -  ResidentSetSize of job (KB)
...
006 (31980885.103.000) 03/28 22:14:35 Image size of job updated: 218
	218  -  MemoryUsage of job (MB)
	223968  -  ResidentSetSize of job (KB)
...
005 (31980885.103.000) 03/28 22:14:38 Job terminated.
	(1) Normal termination (return value 0)
		Usr 0 00:09:48, Sys 0 00:00:26  -  Run Remote Usage
		Usr 0 00:00:00, Sys 0 00:00:00  -  Run Local Usage
		Usr 0 00:09:48, Sys 0 00:00:26  -  Total Remote Usage
		Usr 0 00:00:00, Sys 0 00:00:00  -  Total Local Usage
	148388  -  Run Bytes Sent By Job
	2245687  -  Run Bytes Received By Job
	148388  -  Total Bytes Sent By Job
	2245687  -  Total Bytes Received By Job
	Partitionable Resources :    Usage  Request Allocated 
	   Cpus                 :     0.00        1         1 
	   Disk (KB)            :  5132        2250   1640462 
	   Memory (MB)          :   218        2000      2000 
...
