000 (31980885.119.000) 03/28 21:58:26 Job submitted from host: <131.225.188.57:9618?addrs=131.225.188.57-9618&noUDP&sock=18092_2f86_3>
...
001 (31980885.119.000) 03/28 22:01:23 Job executing on host: <131.225.191.254:9618?addrs=131.225.191.254-9618&noUDP&sock=1431_201d_3>
...
006 (31980885.119.000) 03/28 22:02:39 Image size of job updated: 148
	148  -  MemoryUsage of job (MB)
	152112  -  ResidentSetSize of job (KB)
...
006 (31980885.119.000) 03/28 22:03:40 Image size of job updated: 148
	148  -  MemoryUsage of job (MB)
	152116  -  ResidentSetSize of job (KB)
...
006 (31980885.119.000) 03/28 22:04:40 Image size of job updated: 171
	171  -  MemoryUsage of job (MB)
	175556  -  ResidentSetSize of job (KB)
...
006 (31980885.119.000) 03/28 22:05:40 Image size of job updated: 186
	186  -  MemoryUsage of job (MB)
	190992  -  ResidentSetSize of job (KB)
...
006 (31980885.119.000) 03/28 22:06:40 Image size of job updated: 186
	186  -  MemoryUsage of job (MB)
	191284  -  ResidentSetSize of job (KB)
...
006 (31980885.119.000) 03/28 22:07:40 Image size of job updated: 188
	188  -  MemoryUsage of job (MB)
	193228  -  ResidentSetSize of job (KB)
...
006 (31980885.119.000) 03/28 22:08:41 Image size of job updated: 192
	192  -  MemoryUsage of job (MB)
	197584  -  ResidentSetSize of job (KB)
...
006 (31980885.119.000) 03/28 22:09:42 Image size of job updated: 194
	194  -  MemoryUsage of job (MB)
	198940  -  ResidentSetSize of job (KB)
...
006 (31980885.119.000) 03/28 22:10:43 Image size of job updated: 216
	216  -  MemoryUsage of job (MB)
	221960  -  ResidentSetSize of job (KB)
...
006 (31980885.119.000) 03/28 22:11:43 Image size of job updated: 216
	216  -  MemoryUsage of job (MB)
	222088  -  ResidentSetSize of job (KB)
...
006 (31980885.119.000) 03/28 22:12:43 Image size of job updated: 218
	218  -  MemoryUsage of job (MB)
	224148  -  ResidentSetSize of job (KB)
...
005 (31980885.119.000) 03/28 22:13:09 Job terminated.
	(1) Normal termination (return value 0)
		Usr 0 00:08:19, Sys 0 00:00:30  -  Run Remote Usage
		Usr 0 00:00:00, Sys 0 00:00:00  -  Run Local Usage
		Usr 0 00:08:19, Sys 0 00:00:30  -  Total Remote Usage
		Usr 0 00:00:00, Sys 0 00:00:00  -  Total Local Usage
	151337  -  Run Bytes Sent By Job
	2245687  -  Run Bytes Received By Job
	151337  -  Total Bytes Sent By Job
	2245687  -  Total Bytes Received By Job
	Partitionable Resources :    Usage  Request Allocated 
	   Cpus                 :        0        1         1 
	   Disk (KB)            :     5135     2250    775804 
	   Memory (MB)          :      218     2000      2000 
...
