000 (31980885.091.000) 03/28 21:58:26 Job submitted from host: <131.225.188.57:9618?addrs=131.225.188.57-9618&noUDP&sock=18092_2f86_3>
...
001 (31980885.091.000) 03/28 22:01:15 Job executing on host: <131.225.205.197:9618?addrs=131.225.205.197-9618&noUDP&sock=1470_e04f_3>
...
006 (31980885.091.000) 03/28 22:02:24 Image size of job updated: 81
	81  -  MemoryUsage of job (MB)
	83376  -  ResidentSetSize of job (KB)
...
006 (31980885.091.000) 03/28 22:03:24 Image size of job updated: 170
	170  -  MemoryUsage of job (MB)
	174808  -  ResidentSetSize of job (KB)
...
006 (31980885.091.000) 03/28 22:04:25 Image size of job updated: 187
	187  -  MemoryUsage of job (MB)
	192300  -  ResidentSetSize of job (KB)
...
006 (31980885.091.000) 03/28 22:05:26 Image size of job updated: 188
	188  -  MemoryUsage of job (MB)
	192720  -  ResidentSetSize of job (KB)
...
006 (31980885.091.000) 03/28 22:06:26 Image size of job updated: 188
	188  -  MemoryUsage of job (MB)
	193004  -  ResidentSetSize of job (KB)
...
006 (31980885.091.000) 03/28 22:07:26 Image size of job updated: 188
	188  -  MemoryUsage of job (MB)
	193352  -  ResidentSetSize of job (KB)
...
006 (31980885.091.000) 03/28 22:08:26 Image size of job updated: 190
	190  -  MemoryUsage of job (MB)
	194992  -  ResidentSetSize of job (KB)
...
006 (31980885.091.000) 03/28 22:09:27 Image size of job updated: 210
	210  -  MemoryUsage of job (MB)
	215900  -  ResidentSetSize of job (KB)
...
006 (31980885.091.000) 03/28 22:10:28 Image size of job updated: 212
	212  -  MemoryUsage of job (MB)
	217488  -  ResidentSetSize of job (KB)
...
006 (31980885.091.000) 03/28 22:11:29 Image size of job updated: 212
	212  -  MemoryUsage of job (MB)
	217512  -  ResidentSetSize of job (KB)
...
006 (31980885.091.000) 03/28 22:14:29 Image size of job updated: 212
	212  -  MemoryUsage of job (MB)
	217516  -  ResidentSetSize of job (KB)
...
005 (31980885.091.000) 03/28 22:14:55 Job terminated.
	(1) Normal termination (return value 0)
		Usr 0 00:10:57, Sys 0 00:00:27  -  Run Remote Usage
		Usr 0 00:00:00, Sys 0 00:00:00  -  Run Local Usage
		Usr 0 00:10:57, Sys 0 00:00:27  -  Total Remote Usage
		Usr 0 00:00:00, Sys 0 00:00:00  -  Total Local Usage
	149267  -  Run Bytes Sent By Job
	2245687  -  Run Bytes Received By Job
	149267  -  Total Bytes Sent By Job
	2245687  -  Total Bytes Received By Job
	Partitionable Resources :    Usage  Request Allocated 
	   Cpus                 :     0.01        1         1 
	   Disk (KB)            :  5133        2250   1696710 
	   Memory (MB)          :   212        2000      2000 
...
