000 (31980885.031.000) 03/28 21:58:26 Job submitted from host: <131.225.188.57:9618?addrs=131.225.188.57-9618&noUDP&sock=18092_2f86_3>
...
001 (31980885.031.000) 03/28 22:01:06 Job executing on host: <131.225.188.73:9618?addrs=131.225.188.73-9618&noUDP&sock=1924_484e_3>
...
006 (31980885.031.000) 03/28 22:03:18 Image size of job updated: 132
	132  -  MemoryUsage of job (MB)
	135744  -  ResidentSetSize of job (KB)
...
006 (31980885.031.000) 03/28 22:05:18 Image size of job updated: 170
	170  -  MemoryUsage of job (MB)
	174512  -  ResidentSetSize of job (KB)
...
006 (31980885.031.000) 03/28 22:06:19 Image size of job updated: 205
	205  -  MemoryUsage of job (MB)
	210056  -  ResidentSetSize of job (KB)
...
006 (31980885.031.000) 03/28 22:06:54 Image size of job updated: 205
	205  -  MemoryUsage of job (MB)
	210284  -  ResidentSetSize of job (KB)
...
005 (31980885.031.000) 03/28 22:06:55 Job terminated.
	(1) Normal termination (return value 0)
		Usr 0 00:02:21, Sys 0 00:00:07  -  Run Remote Usage
		Usr 0 00:00:00, Sys 0 00:00:00  -  Run Local Usage
		Usr 0 00:02:21, Sys 0 00:00:07  -  Total Remote Usage
		Usr 0 00:00:00, Sys 0 00:00:00  -  Total Local Usage
	143998  -  Run Bytes Sent By Job
	2245687  -  Run Bytes Received By Job
	143998  -  Total Bytes Sent By Job
	2245687  -  Total Bytes Received By Job
	Partitionable Resources :    Usage  Request Allocated 
	   Cpus                 :     0.00        1         1 
	   Disk (KB)            :  5128        2250   1634280 
	   Memory (MB)          :   205        2000      2000 
...
