000 (31980885.054.000) 03/28 21:58:26 Job submitted from host: <131.225.188.57:9618?addrs=131.225.188.57-9618&noUDP&sock=18092_2f86_3>
...
001 (31980885.054.000) 03/28 22:01:10 Job executing on host: <131.225.205.198:9618?addrs=131.225.205.198-9618&noUDP&sock=1471_8fe7_3>
...
006 (31980885.054.000) 03/28 22:02:20 Image size of job updated: 132
	132  -  MemoryUsage of job (MB)
	135752  -  ResidentSetSize of job (KB)
...
006 (31980885.054.000) 03/28 22:05:21 Image size of job updated: 171
	171  -  MemoryUsage of job (MB)
	175448  -  ResidentSetSize of job (KB)
...
006 (31980885.054.000) 03/28 22:06:22 Image size of job updated: 186
	186  -  MemoryUsage of job (MB)
	191268  -  ResidentSetSize of job (KB)
...
006 (31980885.054.000) 03/28 22:07:23 Image size of job updated: 187
	187  -  MemoryUsage of job (MB)
	191492  -  ResidentSetSize of job (KB)
...
006 (31980885.054.000) 03/28 22:08:23 Image size of job updated: 187
	187  -  MemoryUsage of job (MB)
	191880  -  ResidentSetSize of job (KB)
...
006 (31980885.054.000) 03/28 22:09:23 Image size of job updated: 193
	193  -  MemoryUsage of job (MB)
	197720  -  ResidentSetSize of job (KB)
...
006 (31980885.054.000) 03/28 22:10:23 Image size of job updated: 194
	194  -  MemoryUsage of job (MB)
	199496  -  ResidentSetSize of job (KB)
...
006 (31980885.054.000) 03/28 22:11:24 Image size of job updated: 194
	194  -  MemoryUsage of job (MB)
	199504  -  ResidentSetSize of job (KB)
...
006 (31980885.054.000) 03/28 22:12:26 Image size of job updated: 216
	216  -  MemoryUsage of job (MB)
	221848  -  ResidentSetSize of job (KB)
...
006 (31980885.054.000) 03/28 22:13:26 Image size of job updated: 217
	217  -  MemoryUsage of job (MB)
	223204  -  ResidentSetSize of job (KB)
...
006 (31980885.054.000) 03/28 22:14:26 Image size of job updated: 218
	218  -  MemoryUsage of job (MB)
	223264  -  ResidentSetSize of job (KB)
...
006 (31980885.054.000) 03/28 22:18:06 Image size of job updated: 218
	218  -  MemoryUsage of job (MB)
	223268  -  ResidentSetSize of job (KB)
...
005 (31980885.054.000) 03/28 22:18:07 Job terminated.
	(1) Normal termination (return value 0)
		Usr 0 00:11:31, Sys 0 00:00:33  -  Run Remote Usage
		Usr 0 00:00:00, Sys 0 00:00:00  -  Run Local Usage
		Usr 0 00:11:31, Sys 0 00:00:33  -  Total Remote Usage
		Usr 0 00:00:00, Sys 0 00:00:00  -  Total Local Usage
	157008  -  Run Bytes Sent By Job
	2245687  -  Run Bytes Received By Job
	157008  -  Total Bytes Sent By Job
	2245687  -  Total Bytes Received By Job
	Partitionable Resources :    Usage  Request Allocated 
	   Cpus                 :        0        1         1 
	   Disk (KB)            :     5141     2250   1696175 
	   Memory (MB)          :      218     2000      2000 
...
