000 (31980885.086.000) 03/28 21:58:26 Job submitted from host: <131.225.188.57:9618?addrs=131.225.188.57-9618&noUDP&sock=18092_2f86_3>
...
001 (31980885.086.000) 03/28 22:01:16 Job executing on host: <131.225.205.217:9618?addrs=131.225.205.217-9618&noUDP&sock=1479_0ca9_3>
...
006 (31980885.086.000) 03/28 22:02:26 Image size of job updated: 132
	132  -  MemoryUsage of job (MB)
	135752  -  ResidentSetSize of job (KB)
...
006 (31980885.086.000) 03/28 22:03:26 Image size of job updated: 177
	177  -  MemoryUsage of job (MB)
	181664  -  ResidentSetSize of job (KB)
...
006 (31980885.086.000) 03/28 22:04:26 Image size of job updated: 187
	187  -  MemoryUsage of job (MB)
	191704  -  ResidentSetSize of job (KB)
...
006 (31980885.086.000) 03/28 22:05:26 Image size of job updated: 187
	187  -  MemoryUsage of job (MB)
	192096  -  ResidentSetSize of job (KB)
...
006 (31980885.086.000) 03/28 22:06:27 Image size of job updated: 188
	188  -  MemoryUsage of job (MB)
	192520  -  ResidentSetSize of job (KB)
...
006 (31980885.086.000) 03/28 22:07:28 Image size of job updated: 188
	188  -  MemoryUsage of job (MB)
	192768  -  ResidentSetSize of job (KB)
...
006 (31980885.086.000) 03/28 22:08:29 Image size of job updated: 189
	189  -  MemoryUsage of job (MB)
	194372  -  ResidentSetSize of job (KB)
...
006 (31980885.086.000) 03/28 22:09:29 Image size of job updated: 189
	189  -  MemoryUsage of job (MB)
	194504  -  ResidentSetSize of job (KB)
...
006 (31980885.086.000) 03/28 22:10:29 Image size of job updated: 209
	209  -  MemoryUsage of job (MB)
	214824  -  ResidentSetSize of job (KB)
...
006 (31980885.086.000) 03/28 22:11:29 Image size of job updated: 209
	209  -  MemoryUsage of job (MB)
	214900  -  ResidentSetSize of job (KB)
...
006 (31980885.086.000) 03/28 22:12:30 Image size of job updated: 209
	209  -  MemoryUsage of job (MB)
	214940  -  ResidentSetSize of job (KB)
...
006 (31980885.086.000) 03/28 22:13:32 Image size of job updated: 209
	209  -  MemoryUsage of job (MB)
	214944  -  ResidentSetSize of job (KB)
...
006 (31980885.086.000) 03/28 22:14:32 Image size of job updated: 209
	209  -  MemoryUsage of job (MB)
	215028  -  ResidentSetSize of job (KB)
...
006 (31980885.086.000) 03/28 22:15:25 Image size of job updated: 211
	211  -  MemoryUsage of job (MB)
	216100  -  ResidentSetSize of job (KB)
...
005 (31980885.086.000) 03/28 22:15:26 Job terminated.
	(1) Normal termination (return value 0)
		Usr 0 00:11:23, Sys 0 00:00:31  -  Run Remote Usage
		Usr 0 00:00:00, Sys 0 00:00:00  -  Run Local Usage
		Usr 0 00:11:23, Sys 0 00:00:31  -  Total Remote Usage
		Usr 0 00:00:00, Sys 0 00:00:00  -  Total Local Usage
	149400  -  Run Bytes Sent By Job
	2245687  -  Run Bytes Received By Job
	149400  -  Total Bytes Sent By Job
	2245687  -  Total Bytes Received By Job
	Partitionable Resources :    Usage  Request Allocated 
	   Cpus                 :        0        1         1 
	   Disk (KB)            :     5133     2250   1695562 
	   Memory (MB)          :      211     2000      2000 
...
