000 (31980885.068.000) 03/28 21:58:26 Job submitted from host: <131.225.188.57:9618?addrs=131.225.188.57-9618&noUDP&sock=18092_2f86_3>
...
001 (31980885.068.000) 03/28 22:01:13 Job executing on host: <131.225.205.176:9618?addrs=131.225.205.176-9618&noUDP&sock=1460_045c_3>
...
006 (31980885.068.000) 03/28 22:03:24 Image size of job updated: 148
	148  -  MemoryUsage of job (MB)
	152124  -  ResidentSetSize of job (KB)
...
006 (31980885.068.000) 03/28 22:05:25 Image size of job updated: 169
	169  -  MemoryUsage of job (MB)
	173876  -  ResidentSetSize of job (KB)
...
006 (31980885.068.000) 03/28 22:06:25 Image size of job updated: 186
	186  -  MemoryUsage of job (MB)
	191168  -  ResidentSetSize of job (KB)
...
006 (31980885.068.000) 03/28 22:07:26 Image size of job updated: 187
	187  -  MemoryUsage of job (MB)
	191704  -  ResidentSetSize of job (KB)
...
006 (31980885.068.000) 03/28 22:08:27 Image size of job updated: 194
	194  -  MemoryUsage of job (MB)
	199224  -  ResidentSetSize of job (KB)
...
006 (31980885.068.000) 03/28 22:09:27 Image size of job updated: 194
	194  -  MemoryUsage of job (MB)
	199524  -  ResidentSetSize of job (KB)
...
006 (31980885.068.000) 03/28 22:10:27 Image size of job updated: 195
	195  -  MemoryUsage of job (MB)
	199716  -  ResidentSetSize of job (KB)
...
006 (31980885.068.000) 03/28 22:11:28 Image size of job updated: 196
	196  -  MemoryUsage of job (MB)
	201368  -  ResidentSetSize of job (KB)
...
006 (31980885.068.000) 03/28 22:12:29 Image size of job updated: 219
	219  -  MemoryUsage of job (MB)
	225244  -  ResidentSetSize of job (KB)
...
006 (31980885.068.000) 03/28 22:13:29 Image size of job updated: 220
	220  -  MemoryUsage of job (MB)
	225344  -  ResidentSetSize of job (KB)
...
006 (31980885.068.000) 03/28 22:14:29 Image size of job updated: 220
	220  -  MemoryUsage of job (MB)
	225348  -  ResidentSetSize of job (KB)
...
006 (31980885.068.000) 03/28 22:16:30 Image size of job updated: 220
	220  -  MemoryUsage of job (MB)
	225352  -  ResidentSetSize of job (KB)
...
005 (31980885.068.000) 03/28 22:18:34 Job terminated.
	(1) Normal termination (return value 0)
		Usr 0 00:11:45, Sys 0 00:00:39  -  Run Remote Usage
		Usr 0 00:00:00, Sys 0 00:00:00  -  Run Local Usage
		Usr 0 00:11:45, Sys 0 00:00:39  -  Total Remote Usage
		Usr 0 00:00:00, Sys 0 00:00:00  -  Total Local Usage
	154432  -  Run Bytes Sent By Job
	2245687  -  Run Bytes Received By Job
	154432  -  Total Bytes Sent By Job
	2245687  -  Total Bytes Received By Job
	Partitionable Resources :    Usage  Request Allocated 
	   Cpus                 :        0        1         1 
	   Disk (KB)            :     5139     2250   1635618 
	   Memory (MB)          :      220     2000      2000 
...
