000 (31980885.137.000) 03/28 21:58:26 Job submitted from host: <131.225.188.57:9618?addrs=131.225.188.57-9618&noUDP&sock=18092_2f86_3>
...
001 (31980885.137.000) 03/28 22:01:25 Job executing on host: <131.225.205.194:9618?addrs=131.225.205.194-9618&noUDP&sock=1467_d186_3>
...
006 (31980885.137.000) 03/28 22:02:35 Image size of job updated: 132
	132  -  MemoryUsage of job (MB)
	135756  -  ResidentSetSize of job (KB)
...
006 (31980885.137.000) 03/28 22:04:36 Image size of job updated: 172
	172  -  MemoryUsage of job (MB)
	177016  -  ResidentSetSize of job (KB)
...
006 (31980885.137.000) 03/28 22:05:37 Image size of job updated: 188
	188  -  MemoryUsage of job (MB)
	192800  -  ResidentSetSize of job (KB)
...
006 (31980885.137.000) 03/28 22:06:38 Image size of job updated: 188
	188  -  MemoryUsage of job (MB)
	193224  -  ResidentSetSize of job (KB)
...
006 (31980885.137.000) 03/28 22:07:38 Image size of job updated: 189
	189  -  MemoryUsage of job (MB)
	193616  -  ResidentSetSize of job (KB)
...
006 (31980885.137.000) 03/28 22:08:38 Image size of job updated: 189
	189  -  MemoryUsage of job (MB)
	193992  -  ResidentSetSize of job (KB)
...
006 (31980885.137.000) 03/28 22:09:38 Image size of job updated: 191
	191  -  MemoryUsage of job (MB)
	195628  -  ResidentSetSize of job (KB)
...
006 (31980885.137.000) 03/28 22:10:39 Image size of job updated: 210
	210  -  MemoryUsage of job (MB)
	215192  -  ResidentSetSize of job (KB)
...
006 (31980885.137.000) 03/28 22:11:40 Image size of job updated: 210
	210  -  MemoryUsage of job (MB)
	215260  -  ResidentSetSize of job (KB)
...
006 (31980885.137.000) 03/28 22:12:41 Image size of job updated: 210
	210  -  MemoryUsage of job (MB)
	215292  -  ResidentSetSize of job (KB)
...
006 (31980885.137.000) 03/28 22:13:41 Image size of job updated: 210
	210  -  MemoryUsage of job (MB)
	215296  -  ResidentSetSize of job (KB)
...
006 (31980885.137.000) 03/28 22:14:41 Image size of job updated: 212
	212  -  MemoryUsage of job (MB)
	217540  -  ResidentSetSize of job (KB)
...
006 (31980885.137.000) 03/28 22:15:41 Image size of job updated: 212
	212  -  MemoryUsage of job (MB)
	217552  -  ResidentSetSize of job (KB)
...
005 (31980885.137.000) 03/28 22:16:06 Job terminated.
	(1) Normal termination (return value 0)
		Usr 0 00:10:46, Sys 0 00:00:32  -  Run Remote Usage
		Usr 0 00:00:00, Sys 0 00:00:00  -  Run Local Usage
		Usr 0 00:10:46, Sys 0 00:00:32  -  Total Remote Usage
		Usr 0 00:00:00, Sys 0 00:00:00  -  Total Local Usage
	151629  -  Run Bytes Sent By Job
	2245687  -  Run Bytes Received By Job
	151629  -  Total Bytes Sent By Job
	2245687  -  Total Bytes Received By Job
	Partitionable Resources :    Usage  Request Allocated 
	   Cpus                 :        0        1         1 
	   Disk (KB)            :     5135     2250   1675495 
	   Memory (MB)          :      212     2000      2000 
...
