000 (31980885.087.000) 03/28 21:58:26 Job submitted from host: <131.225.188.57:9618?addrs=131.225.188.57-9618&noUDP&sock=18092_2f86_3>
...
001 (31980885.087.000) 03/28 22:01:15 Job executing on host: <131.225.205.219:9618?addrs=131.225.205.219-9618&noUDP&sock=1471_8fe7_3>
...
006 (31980885.087.000) 03/28 22:02:24 Image size of job updated: 132
	132  -  MemoryUsage of job (MB)
	135752  -  ResidentSetSize of job (KB)
...
006 (31980885.087.000) 03/28 22:03:24 Image size of job updated: 168
	168  -  MemoryUsage of job (MB)
	172980  -  ResidentSetSize of job (KB)
...
006 (31980885.087.000) 03/28 22:04:25 Image size of job updated: 176
	176  -  MemoryUsage of job (MB)
	180928  -  ResidentSetSize of job (KB)
...
006 (31980885.087.000) 03/28 22:05:26 Image size of job updated: 187
	187  -  MemoryUsage of job (MB)
	191768  -  ResidentSetSize of job (KB)
...
006 (31980885.087.000) 03/28 22:06:27 Image size of job updated: 187
	187  -  MemoryUsage of job (MB)
	192272  -  ResidentSetSize of job (KB)
...
006 (31980885.087.000) 03/28 22:07:27 Image size of job updated: 188
	188  -  MemoryUsage of job (MB)
	192548  -  ResidentSetSize of job (KB)
...
006 (31980885.087.000) 03/28 22:08:27 Image size of job updated: 189
	189  -  MemoryUsage of job (MB)
	194320  -  ResidentSetSize of job (KB)
...
006 (31980885.087.000) 03/28 22:09:27 Image size of job updated: 192
	192  -  MemoryUsage of job (MB)
	196692  -  ResidentSetSize of job (KB)
...
006 (31980885.087.000) 03/28 22:10:28 Image size of job updated: 211
	211  -  MemoryUsage of job (MB)
	216972  -  ResidentSetSize of job (KB)
...
006 (31980885.087.000) 03/28 22:11:29 Image size of job updated: 211
	211  -  MemoryUsage of job (MB)
	216980  -  ResidentSetSize of job (KB)
...
006 (31980885.087.000) 03/28 22:13:30 Image size of job updated: 211
	211  -  MemoryUsage of job (MB)
	216992  -  ResidentSetSize of job (KB)
...
006 (31980885.087.000) 03/28 22:14:30 Image size of job updated: 211
	211  -  MemoryUsage of job (MB)
	216996  -  ResidentSetSize of job (KB)
...
005 (31980885.087.000) 03/28 22:15:42 Job terminated.
	(1) Normal termination (return value 0)
		Usr 0 00:11:37, Sys 0 00:00:31  -  Run Remote Usage
		Usr 0 00:00:00, Sys 0 00:00:00  -  Run Local Usage
		Usr 0 00:11:37, Sys 0 00:00:31  -  Total Remote Usage
		Usr 0 00:00:00, Sys 0 00:00:00  -  Total Local Usage
	147927  -  Run Bytes Sent By Job
	2245687  -  Run Bytes Received By Job
	147927  -  Total Bytes Sent By Job
	2245687  -  Total Bytes Received By Job
	Partitionable Resources :    Usage  Request Allocated 
	   Cpus                 :     0.00        1         1 
	   Disk (KB)            :  5131        2250   1689169 
	   Memory (MB)          :   211        2000      2000 
...
