000 (31980885.070.000) 03/28 21:58:26 Job submitted from host: <131.225.188.57:9618?addrs=131.225.188.57-9618&noUDP&sock=18092_2f86_3>
...
001 (31980885.070.000) 03/28 22:01:11 Job executing on host: <131.225.191.165:9618?addrs=131.225.191.165-9618&noUDP&sock=1450_286a_3>
...
006 (31980885.070.000) 03/28 22:03:24 Image size of job updated: 132
	132  -  MemoryUsage of job (MB)
	135744  -  ResidentSetSize of job (KB)
...
006 (31980885.070.000) 03/28 22:04:25 Image size of job updated: 132
	132  -  MemoryUsage of job (MB)
	135756  -  ResidentSetSize of job (KB)
...
006 (31980885.070.000) 03/28 22:05:25 Image size of job updated: 170
	170  -  MemoryUsage of job (MB)
	174108  -  ResidentSetSize of job (KB)
...
006 (31980885.070.000) 03/28 22:06:25 Image size of job updated: 173
	173  -  MemoryUsage of job (MB)
	178128  -  ResidentSetSize of job (KB)
...
006 (31980885.070.000) 03/28 22:07:25 Image size of job updated: 194
	194  -  MemoryUsage of job (MB)
	198956  -  ResidentSetSize of job (KB)
...
006 (31980885.070.000) 03/28 22:08:26 Image size of job updated: 194
	194  -  MemoryUsage of job (MB)
	199332  -  ResidentSetSize of job (KB)
...
006 (31980885.070.000) 03/28 22:09:27 Image size of job updated: 195
	195  -  MemoryUsage of job (MB)
	199704  -  ResidentSetSize of job (KB)
...
006 (31980885.070.000) 03/28 22:10:28 Image size of job updated: 195
	195  -  MemoryUsage of job (MB)
	199920  -  ResidentSetSize of job (KB)
...
006 (31980885.070.000) 03/28 22:11:29 Image size of job updated: 196
	196  -  MemoryUsage of job (MB)
	201456  -  ResidentSetSize of job (KB)
...
006 (31980885.070.000) 03/28 22:12:30 Image size of job updated: 218
	218  -  MemoryUsage of job (MB)
	224220  -  ResidentSetSize of job (KB)
...
006 (31980885.070.000) 03/28 22:13:30 Image size of job updated: 218
	218  -  MemoryUsage of job (MB)
	224232  -  ResidentSetSize of job (KB)
...
006 (31980885.070.000) 03/28 22:14:30 Image size of job updated: 221
	221  -  MemoryUsage of job (MB)
	226312  -  ResidentSetSize of job (KB)
...
006 (31980885.070.000) 03/28 22:17:32 Image size of job updated: 221
	221  -  MemoryUsage of job (MB)
	226316  -  ResidentSetSize of job (KB)
...
005 (31980885.070.000) 03/28 22:18:05 Job terminated.
	(1) Normal termination (return value 0)
		Usr 0 00:10:56, Sys 0 00:00:37  -  Run Remote Usage
		Usr 0 00:00:00, Sys 0 00:00:00  -  Run Local Usage
		Usr 0 00:10:56, Sys 0 00:00:37  -  Total Remote Usage
		Usr 0 00:00:00, Sys 0 00:00:00  -  Total Local Usage
	154959  -  Run Bytes Sent By Job
	2245687  -  Run Bytes Received By Job
	154959  -  Total Bytes Sent By Job
	2245687  -  Total Bytes Received By Job
	Partitionable Resources :    Usage  Request Allocated 
	   Cpus                 :        0        1         1 
	   Disk (KB)            :     5139     2250    770826 
	   Memory (MB)          :      221     2000      2000 
...
