000 (31980885.155.000) 03/28 21:58:26 Job submitted from host: <131.225.188.57:9618?addrs=131.225.188.57-9618&noUDP&sock=18092_2f86_3>
...
001 (31980885.155.000) 03/28 22:01:31 Job executing on host: <131.225.190.41:9618?addrs=131.225.190.41-9618&noUDP&sock=1431_201d_3>
...
006 (31980885.155.000) 03/28 22:03:41 Image size of job updated: 148
	148  -  MemoryUsage of job (MB)
	152112  -  ResidentSetSize of job (KB)
...
006 (31980885.155.000) 03/28 22:05:43 Image size of job updated: 181
	181  -  MemoryUsage of job (MB)
	185968  -  ResidentSetSize of job (KB)
...
006 (31980885.155.000) 03/28 22:06:43 Image size of job updated: 187
	187  -  MemoryUsage of job (MB)
	192192  -  ResidentSetSize of job (KB)
...
006 (31980885.155.000) 03/28 22:07:44 Image size of job updated: 188
	188  -  MemoryUsage of job (MB)
	192680  -  ResidentSetSize of job (KB)
...
006 (31980885.155.000) 03/28 22:08:45 Image size of job updated: 188
	188  -  MemoryUsage of job (MB)
	193012  -  ResidentSetSize of job (KB)
...
006 (31980885.155.000) 03/28 22:09:45 Image size of job updated: 190
	190  -  MemoryUsage of job (MB)
	194672  -  ResidentSetSize of job (KB)
...
005 (31980885.155.000) 03/28 22:09:48 Job terminated.
	(1) Normal termination (return value 0)
		Usr 0 00:05:02, Sys 0 00:00:17  -  Run Remote Usage
		Usr 0 00:00:00, Sys 0 00:00:00  -  Run Local Usage
		Usr 0 00:05:02, Sys 0 00:00:17  -  Total Remote Usage
		Usr 0 00:00:00, Sys 0 00:00:00  -  Total Local Usage
	68434  -  Run Bytes Sent By Job
	2245687  -  Run Bytes Received By Job
	68434  -  Total Bytes Sent By Job
	2245687  -  Total Bytes Received By Job
	Partitionable Resources :    Usage  Request Allocated 
	   Cpus                 :     0.00        1         1 
	   Disk (KB)            :  5054        2250    779481 
	   Memory (MB)          :   190        2000      2000 
...
