000 (31980885.063.000) 03/28 21:58:26 Job submitted from host: <131.225.188.57:9618?addrs=131.225.188.57-9618&noUDP&sock=18092_2f86_3>
...
001 (31980885.063.000) 03/28 22:01:10 Job executing on host: <131.225.205.162:9618?addrs=131.225.205.162-9618&noUDP&sock=1459_54c4_3>
...
006 (31980885.063.000) 03/28 22:03:24 Image size of job updated: 132
	132  -  MemoryUsage of job (MB)
	135756  -  ResidentSetSize of job (KB)
...
006 (31980885.063.000) 03/28 22:04:24 Image size of job updated: 168
	168  -  MemoryUsage of job (MB)
	172260  -  ResidentSetSize of job (KB)
...
006 (31980885.063.000) 03/28 22:05:25 Image size of job updated: 180
	180  -  MemoryUsage of job (MB)
	185232  -  ResidentSetSize of job (KB)
...
006 (31980885.063.000) 03/28 22:06:26 Image size of job updated: 187
	187  -  MemoryUsage of job (MB)
	192252  -  ResidentSetSize of job (KB)
...
006 (31980885.063.000) 03/28 22:07:27 Image size of job updated: 188
	188  -  MemoryUsage of job (MB)
	192660  -  ResidentSetSize of job (KB)
...
006 (31980885.063.000) 03/28 22:08:27 Image size of job updated: 188
	188  -  MemoryUsage of job (MB)
	193224  -  ResidentSetSize of job (KB)
...
006 (31980885.063.000) 03/28 22:09:27 Image size of job updated: 188
	188  -  MemoryUsage of job (MB)
	193404  -  ResidentSetSize of job (KB)
...
006 (31980885.063.000) 03/28 22:10:27 Image size of job updated: 190
	190  -  MemoryUsage of job (MB)
	195016  -  ResidentSetSize of job (KB)
...
006 (31980885.063.000) 03/28 22:11:28 Image size of job updated: 210
	210  -  MemoryUsage of job (MB)
	215572  -  ResidentSetSize of job (KB)
...
006 (31980885.063.000) 03/28 22:12:29 Image size of job updated: 210
	210  -  MemoryUsage of job (MB)
	215580  -  ResidentSetSize of job (KB)
...
006 (31980885.063.000) 03/28 22:13:30 Image size of job updated: 210
	210  -  MemoryUsage of job (MB)
	215604  -  ResidentSetSize of job (KB)
...
006 (31980885.063.000) 03/28 22:14:30 Image size of job updated: 210
	210  -  MemoryUsage of job (MB)
	215624  -  ResidentSetSize of job (KB)
...
006 (31980885.063.000) 03/28 22:15:30 Image size of job updated: 210
	210  -  MemoryUsage of job (MB)
	215668  -  ResidentSetSize of job (KB)
...
006 (31980885.063.000) 03/28 22:16:30 Image size of job updated: 210
	210  -  MemoryUsage of job (MB)
	215904  -  ResidentSetSize of job (KB)
...
006 (31980885.063.000) 03/28 22:17:14 Image size of job updated: 210
	210  -  MemoryUsage of job (MB)
	215908  -  ResidentSetSize of job (KB)
...
005 (31980885.063.000) 03/28 22:17:15 Job terminated.
	(1) Normal termination (return value 0)
		Usr 0 00:11:26, Sys 0 00:00:35  -  Run Remote Usage
		Usr 0 00:00:00, Sys 0 00:00:00  -  Run Local Usage
		Usr 0 00:11:26, Sys 0 00:00:35  -  Total Remote Usage
		Usr 0 00:00:00, Sys 0 00:00:00  -  Total Local Usage
	152947  -  Run Bytes Sent By Job
	2245687  -  Run Bytes Received By Job
	152947  -  Total Bytes Sent By Job
	2245687  -  Total Bytes Received By Job
	Partitionable Resources :    Usage  Request Allocated 
	   Cpus                 :        0        1         1 
	   Disk (KB)            :     5136     2250   1640145 
	   Memory (MB)          :      210     2000      2000 
...
