000 (31980885.140.000) 03/28 21:58:26 Job submitted from host: <131.225.188.57:9618?addrs=131.225.188.57-9618&noUDP&sock=18092_2f86_3>
...
001 (31980885.140.000) 03/28 22:01:27 Job executing on host: <131.225.191.76:9618?addrs=131.225.191.76-9618&noUDP&sock=1438_ed47_3>
...
006 (31980885.140.000) 03/28 22:02:42 Image size of job updated: 148
	148  -  MemoryUsage of job (MB)
	152112  -  ResidentSetSize of job (KB)
...
006 (31980885.140.000) 03/28 22:04:43 Image size of job updated: 167
	167  -  MemoryUsage of job (MB)
	171416  -  ResidentSetSize of job (KB)
...
006 (31980885.140.000) 03/28 22:05:43 Image size of job updated: 173
	173  -  MemoryUsage of job (MB)
	178072  -  ResidentSetSize of job (KB)
...
006 (31980885.140.000) 03/28 22:06:44 Image size of job updated: 187
	187  -  MemoryUsage of job (MB)
	191552  -  ResidentSetSize of job (KB)
...
006 (31980885.140.000) 03/28 22:07:45 Image size of job updated: 187
	187  -  MemoryUsage of job (MB)
	191908  -  ResidentSetSize of job (KB)
...
006 (31980885.140.000) 03/28 22:08:46 Image size of job updated: 187
	187  -  MemoryUsage of job (MB)
	192192  -  ResidentSetSize of job (KB)
...
006 (31980885.140.000) 03/28 22:09:46 Image size of job updated: 187
	187  -  MemoryUsage of job (MB)
	192352  -  ResidentSetSize of job (KB)
...
006 (31980885.140.000) 03/28 22:10:46 Image size of job updated: 194
	194  -  MemoryUsage of job (MB)
	199536  -  ResidentSetSize of job (KB)
...
006 (31980885.140.000) 03/28 22:11:46 Image size of job updated: 217
	217  -  MemoryUsage of job (MB)
	222288  -  ResidentSetSize of job (KB)
...
006 (31980885.140.000) 03/28 22:12:47 Image size of job updated: 217
	217  -  MemoryUsage of job (MB)
	222344  -  ResidentSetSize of job (KB)
...
006 (31980885.140.000) 03/28 22:13:48 Image size of job updated: 217
	217  -  MemoryUsage of job (MB)
	222352  -  ResidentSetSize of job (KB)
...
006 (31980885.140.000) 03/28 22:14:49 Image size of job updated: 217
	217  -  MemoryUsage of job (MB)
	222356  -  ResidentSetSize of job (KB)
...
006 (31980885.140.000) 03/28 22:15:49 Image size of job updated: 217
	217  -  MemoryUsage of job (MB)
	222360  -  ResidentSetSize of job (KB)
...
005 (31980885.140.000) 03/28 22:16:32 Job terminated.
	(1) Normal termination (return value 0)
		Usr 0 00:09:58, Sys 0 00:00:35  -  Run Remote Usage
		Usr 0 00:00:00, Sys 0 00:00:00  -  Run Local Usage
		Usr 0 00:09:58, Sys 0 00:00:35  -  Total Remote Usage
		Usr 0 00:00:00, Sys 0 00:00:00  -  Total Local Usage
	157417  -  Run Bytes Sent By Job
	2245687  -  Run Bytes Received By Job
	157417  -  Total Bytes Sent By Job
	2245687  -  Total Bytes Received By Job
	Partitionable Resources :    Usage  Request Allocated 
	   Cpus                 :     0.00        1         1 
	   Disk (KB)            :  5141        2250    788141 
	   Memory (MB)          :   217        2000      2000 
...
