000 (31980885.098.000) 03/28 21:58:26 Job submitted from host: <131.225.188.57:9618?addrs=131.225.188.57-9618&noUDP&sock=18092_2f86_3>
...
001 (31980885.098.000) 03/28 22:01:20 Job executing on host: <131.225.188.94:9618?addrs=131.225.188.94-9618&noUDP&sock=1925_f7e6_3>
...
006 (31980885.098.000) 03/28 22:02:28 Image size of job updated: 116
	116  -  MemoryUsage of job (MB)
	119380  -  ResidentSetSize of job (KB)
...
006 (31980885.098.000) 03/28 22:03:28 Image size of job updated: 132
	132  -  MemoryUsage of job (MB)
	135756  -  ResidentSetSize of job (KB)
...
006 (31980885.098.000) 03/28 22:04:29 Image size of job updated: 178
	178  -  MemoryUsage of job (MB)
	182836  -  ResidentSetSize of job (KB)
...
006 (31980885.098.000) 03/28 22:05:30 Image size of job updated: 187
	187  -  MemoryUsage of job (MB)
	192212  -  ResidentSetSize of job (KB)
...
006 (31980885.098.000) 03/28 22:06:31 Image size of job updated: 188
	188  -  MemoryUsage of job (MB)
	192608  -  ResidentSetSize of job (KB)
...
006 (31980885.098.000) 03/28 22:07:31 Image size of job updated: 188
	188  -  MemoryUsage of job (MB)
	193012  -  ResidentSetSize of job (KB)
...
006 (31980885.098.000) 03/28 22:08:31 Image size of job updated: 188
	188  -  MemoryUsage of job (MB)
	193164  -  ResidentSetSize of job (KB)
...
006 (31980885.098.000) 03/28 22:09:31 Image size of job updated: 190
	190  -  MemoryUsage of job (MB)
	194800  -  ResidentSetSize of job (KB)
...
006 (31980885.098.000) 03/28 22:10:32 Image size of job updated: 211
	211  -  MemoryUsage of job (MB)
	216064  -  ResidentSetSize of job (KB)
...
006 (31980885.098.000) 03/28 22:11:33 Image size of job updated: 211
	211  -  MemoryUsage of job (MB)
	216084  -  ResidentSetSize of job (KB)
...
006 (31980885.098.000) 03/28 22:12:34 Image size of job updated: 211
	211  -  MemoryUsage of job (MB)
	216784  -  ResidentSetSize of job (KB)
...
006 (31980885.098.000) 03/28 22:13:34 Image size of job updated: 211
	211  -  MemoryUsage of job (MB)
	216792  -  ResidentSetSize of job (KB)
...
006 (31980885.098.000) 03/28 22:14:34 Image size of job updated: 211
	211  -  MemoryUsage of job (MB)
	216832  -  ResidentSetSize of job (KB)
...
005 (31980885.098.000) 03/28 22:15:39 Job terminated.
	(1) Normal termination (return value 0)
		Usr 0 00:09:07, Sys 0 00:00:28  -  Run Remote Usage
		Usr 0 00:00:00, Sys 0 00:00:00  -  Run Local Usage
		Usr 0 00:09:07, Sys 0 00:00:28  -  Total Remote Usage
		Usr 0 00:00:00, Sys 0 00:00:00  -  Total Local Usage
	151262  -  Run Bytes Sent By Job
	2245687  -  Run Bytes Received By Job
	151262  -  Total Bytes Sent By Job
	2245687  -  Total Bytes Received By Job
	Partitionable Resources :    Usage  Request Allocated 
	   Cpus                 :     0.00        1         1 
	   Disk (KB)            :  5135        2250   1645639 
	   Memory (MB)          :   211        2000      2000 
...
