000 (31980885.129.000) 03/28 21:58:26 Job submitted from host: <131.225.188.57:9618?addrs=131.225.188.57-9618&noUDP&sock=18092_2f86_3>
...
001 (31980885.129.000) 03/28 22:01:33 Job executing on host: <131.225.188.112:9618?addrs=131.225.188.112-9618&noUDP&sock=1920_89ed_3>
...
006 (31980885.129.000) 03/28 22:02:43 Image size of job updated: 132
	132  -  MemoryUsage of job (MB)
	135752  -  ResidentSetSize of job (KB)
...
006 (31980885.129.000) 03/28 22:03:44 Image size of job updated: 177
	177  -  MemoryUsage of job (MB)
	181760  -  ResidentSetSize of job (KB)
...
006 (31980885.129.000) 03/28 22:04:45 Image size of job updated: 187
	187  -  MemoryUsage of job (MB)
	192224  -  ResidentSetSize of job (KB)
...
006 (31980885.129.000) 03/28 22:05:45 Image size of job updated: 188
	188  -  MemoryUsage of job (MB)
	192648  -  ResidentSetSize of job (KB)
...
006 (31980885.129.000) 03/28 22:06:45 Image size of job updated: 188
	188  -  MemoryUsage of job (MB)
	193100  -  ResidentSetSize of job (KB)
...
006 (31980885.129.000) 03/28 22:07:45 Image size of job updated: 190
	190  -  MemoryUsage of job (MB)
	194868  -  ResidentSetSize of job (KB)
...
006 (31980885.129.000) 03/28 22:08:46 Image size of job updated: 203
	203  -  MemoryUsage of job (MB)
	207896  -  ResidentSetSize of job (KB)
...
006 (31980885.129.000) 03/28 22:09:47 Image size of job updated: 211
	211  -  MemoryUsage of job (MB)
	216908  -  ResidentSetSize of job (KB)
...
006 (31980885.129.000) 03/28 22:10:48 Image size of job updated: 211
	211  -  MemoryUsage of job (MB)
	216988  -  ResidentSetSize of job (KB)
...
006 (31980885.129.000) 03/28 22:11:48 Image size of job updated: 211
	211  -  MemoryUsage of job (MB)
	217000  -  ResidentSetSize of job (KB)
...
006 (31980885.129.000) 03/28 22:13:48 Image size of job updated: 212
	212  -  MemoryUsage of job (MB)
	217096  -  ResidentSetSize of job (KB)
...
005 (31980885.129.000) 03/28 22:14:03 Job terminated.
	(1) Normal termination (return value 0)
		Usr 0 00:09:01, Sys 0 00:00:27  -  Run Remote Usage
		Usr 0 00:00:00, Sys 0 00:00:00  -  Run Local Usage
		Usr 0 00:09:01, Sys 0 00:00:27  -  Total Remote Usage
		Usr 0 00:00:00, Sys 0 00:00:00  -  Total Local Usage
	148193  -  Run Bytes Sent By Job
	2245687  -  Run Bytes Received By Job
	148193  -  Total Bytes Sent By Job
	2245687  -  Total Bytes Received By Job
	Partitionable Resources :    Usage  Request Allocated 
	   Cpus                 :        0        1         1 
	   Disk (KB)            :     5132     2250   1640748 
	   Memory (MB)          :      212     2000      2000 
...
