000 (31980885.107.000) 03/28 21:58:26 Job submitted from host: <131.225.188.57:9618?addrs=131.225.188.57-9618&noUDP&sock=18092_2f86_3>
...
001 (31980885.107.000) 03/28 22:01:18 Job executing on host: <131.225.188.64:9618?addrs=131.225.188.64-9618&noUDP&sock=1934_2440_3>
...
006 (31980885.107.000) 03/28 22:02:28 Image size of job updated: 132
	132  -  MemoryUsage of job (MB)
	135764  -  ResidentSetSize of job (KB)
...
006 (31980885.107.000) 03/28 22:03:29 Image size of job updated: 172
	172  -  MemoryUsage of job (MB)
	176980  -  ResidentSetSize of job (KB)
...
006 (31980885.107.000) 03/28 22:04:30 Image size of job updated: 186
	186  -  MemoryUsage of job (MB)
	191348  -  ResidentSetSize of job (KB)
...
006 (31980885.107.000) 03/28 22:05:30 Image size of job updated: 187
	187  -  MemoryUsage of job (MB)
	191868  -  ResidentSetSize of job (KB)
...
006 (31980885.107.000) 03/28 22:06:30 Image size of job updated: 187
	187  -  MemoryUsage of job (MB)
	192216  -  ResidentSetSize of job (KB)
...
006 (31980885.107.000) 03/28 22:07:30 Image size of job updated: 189
	189  -  MemoryUsage of job (MB)
	193848  -  ResidentSetSize of job (KB)
...
006 (31980885.107.000) 03/28 22:08:31 Image size of job updated: 207
	207  -  MemoryUsage of job (MB)
	212716  -  ResidentSetSize of job (KB)
...
006 (31980885.107.000) 03/28 22:09:32 Image size of job updated: 210
	210  -  MemoryUsage of job (MB)
	215272  -  ResidentSetSize of job (KB)
...
006 (31980885.107.000) 03/28 22:11:34 Image size of job updated: 210
	210  -  MemoryUsage of job (MB)
	215284  -  ResidentSetSize of job (KB)
...
005 (31980885.107.000) 03/28 22:12:41 Job terminated.
	(1) Normal termination (return value 0)
		Usr 0 00:08:44, Sys 0 00:00:24  -  Run Remote Usage
		Usr 0 00:00:00, Sys 0 00:00:00  -  Run Local Usage
		Usr 0 00:08:44, Sys 0 00:00:24  -  Total Remote Usage
		Usr 0 00:00:00, Sys 0 00:00:00  -  Total Local Usage
	147495  -  Run Bytes Sent By Job
	2245687  -  Run Bytes Received By Job
	147495  -  Total Bytes Sent By Job
	2245687  -  Total Bytes Received By Job
	Partitionable Resources :    Usage  Request Allocated 
	   Cpus                 :     0.00        1         1 
	   Disk (KB)            :  5131        2250   1622647 
	   Memory (MB)          :   210        2000      2000 
...
