000 (31980885.055.000) 03/28 21:58:26 Job submitted from host: <131.225.188.57:9618?addrs=131.225.188.57-9618&noUDP&sock=18092_2f86_3>
...
001 (31980885.055.000) 03/28 22:01:09 Job executing on host: <131.225.205.156:9618?addrs=131.225.205.156-9618&noUDP&sock=1455_9663_3>
...
006 (31980885.055.000) 03/28 22:01:18 Image size of job updated: 15
	15  -  MemoryUsage of job (MB)
	16016  -  ResidentSetSize of job (KB)
...
006 (31980885.055.000) 03/28 22:02:19 Image size of job updated: 132
	132  -  MemoryUsage of job (MB)
	135748  -  ResidentSetSize of job (KB)
...
006 (31980885.055.000) 03/28 22:04:19 Image size of job updated: 172
	172  -  MemoryUsage of job (MB)
	176484  -  ResidentSetSize of job (KB)
...
006 (31980885.055.000) 03/28 22:05:19 Image size of job updated: 187
	187  -  MemoryUsage of job (MB)
	192288  -  ResidentSetSize of job (KB)
...
006 (31980885.055.000) 03/28 22:06:20 Image size of job updated: 188
	188  -  MemoryUsage of job (MB)
	192704  -  ResidentSetSize of job (KB)
...
006 (31980885.055.000) 03/28 22:07:21 Image size of job updated: 188
	188  -  MemoryUsage of job (MB)
	193128  -  ResidentSetSize of job (KB)
...
006 (31980885.055.000) 03/28 22:08:22 Image size of job updated: 188
	188  -  MemoryUsage of job (MB)
	193256  -  ResidentSetSize of job (KB)
...
006 (31980885.055.000) 03/28 22:09:22 Image size of job updated: 190
	190  -  MemoryUsage of job (MB)
	194864  -  ResidentSetSize of job (KB)
...
006 (31980885.055.000) 03/28 22:10:22 Image size of job updated: 211
	211  -  MemoryUsage of job (MB)
	216312  -  ResidentSetSize of job (KB)
...
006 (31980885.055.000) 03/28 22:11:22 Image size of job updated: 211
	211  -  MemoryUsage of job (MB)
	216340  -  ResidentSetSize of job (KB)
...
006 (31980885.055.000) 03/28 22:12:23 Image size of job updated: 211
	211  -  MemoryUsage of job (MB)
	216400  -  ResidentSetSize of job (KB)
...
006 (31980885.055.000) 03/28 22:13:24 Image size of job updated: 211
	211  -  MemoryUsage of job (MB)
	216412  -  ResidentSetSize of job (KB)
...
006 (31980885.055.000) 03/28 22:14:25 Image size of job updated: 211
	211  -  MemoryUsage of job (MB)
	216456  -  ResidentSetSize of job (KB)
...
006 (31980885.055.000) 03/28 22:15:25 Image size of job updated: 211
	211  -  MemoryUsage of job (MB)
	216668  -  ResidentSetSize of job (KB)
...
005 (31980885.055.000) 03/28 22:15:38 Job terminated.
	(1) Normal termination (return value 0)
		Usr 0 00:11:09, Sys 0 00:00:32  -  Run Remote Usage
		Usr 0 00:00:00, Sys 0 00:00:00  -  Run Local Usage
		Usr 0 00:11:09, Sys 0 00:00:32  -  Total Remote Usage
		Usr 0 00:00:00, Sys 0 00:00:00  -  Total Local Usage
	151119  -  Run Bytes Sent By Job
	2245687  -  Run Bytes Received By Job
	151119  -  Total Bytes Sent By Job
	2245687  -  Total Bytes Received By Job
	Partitionable Resources :    Usage  Request Allocated 
	   Cpus                 :        0        1         1 
	   Disk (KB)            :     5135     2250   1635719 
	   Memory (MB)          :      211     2000      2000 
...
