000 (31980885.009.000) 03/28 21:58:26 Job submitted from host: <131.225.188.57:9618?addrs=131.225.188.57-9618&noUDP&sock=18092_2f86_3>
...
001 (31980885.009.000) 03/28 22:00:58 Job executing on host: <131.225.188.34:9618?addrs=131.225.188.34-9618&noUDP&sock=1910_adfa_3>
...
006 (31980885.009.000) 03/28 22:02:08 Image size of job updated: 132
	132  -  MemoryUsage of job (MB)
	135756  -  ResidentSetSize of job (KB)
...
006 (31980885.009.000) 03/28 22:03:08 Image size of job updated: 168
	168  -  MemoryUsage of job (MB)
	172664  -  ResidentSetSize of job (KB)
...
006 (31980885.009.000) 03/28 22:04:09 Image size of job updated: 211
	211  -  MemoryUsage of job (MB)
	216744  -  ResidentSetSize of job (KB)
...
006 (31980885.009.000) 03/28 22:04:57 Image size of job updated: 212
	212  -  MemoryUsage of job (MB)
	217160  -  ResidentSetSize of job (KB)
...
005 (31980885.009.000) 03/28 22:04:57 Job terminated.
	(1) Normal termination (return value 0)
		Usr 0 00:02:28, Sys 0 00:00:08  -  Run Remote Usage
		Usr 0 00:00:00, Sys 0 00:00:00  -  Run Local Usage
		Usr 0 00:02:28, Sys 0 00:00:08  -  Total Remote Usage
		Usr 0 00:00:00, Sys 0 00:00:00  -  Total Local Usage
	141617  -  Run Bytes Sent By Job
	2245687  -  Run Bytes Received By Job
	141617  -  Total Bytes Sent By Job
	2245687  -  Total Bytes Received By Job
	Partitionable Resources :    Usage  Request Allocated 
	   Cpus                 :        0        1         1 
	   Disk (KB)            :     5125     2250   1627190 
	   Memory (MB)          :      212     2000      2000 
...
