000 (31980885.019.000) 03/28 21:58:26 Job submitted from host: <131.225.188.57:9618?addrs=131.225.188.57-9618&noUDP&sock=18092_2f86_3>
...
001 (31980885.019.000) 03/28 22:01:01 Job executing on host: <131.225.188.17:9618?addrs=131.225.188.17-9618&noUDP&sock=1938_e2a1_3>
...
006 (31980885.019.000) 03/28 22:02:10 Image size of job updated: 98
	98  -  MemoryUsage of job (MB)
	101256  -  ResidentSetSize of job (KB)
...
006 (31980885.019.000) 03/28 22:03:11 Image size of job updated: 170
	170  -  MemoryUsage of job (MB)
	174200  -  ResidentSetSize of job (KB)
...
006 (31980885.019.000) 03/28 22:04:12 Image size of job updated: 205
	205  -  MemoryUsage of job (MB)
	210884  -  ResidentSetSize of job (KB)
...
006 (31980885.019.000) 03/28 22:04:29 Image size of job updated: 207
	207  -  MemoryUsage of job (MB)
	212008  -  ResidentSetSize of job (KB)
...
005 (31980885.019.000) 03/28 22:04:30 Job terminated.
	(1) Normal termination (return value 0)
		Usr 0 00:02:18, Sys 0 00:00:09  -  Run Remote Usage
		Usr 0 00:00:00, Sys 0 00:00:00  -  Run Local Usage
		Usr 0 00:02:18, Sys 0 00:00:09  -  Total Remote Usage
		Usr 0 00:00:00, Sys 0 00:00:00  -  Total Local Usage
	141051  -  Run Bytes Sent By Job
	2245687  -  Run Bytes Received By Job
	141051  -  Total Bytes Sent By Job
	2245687  -  Total Bytes Received By Job
	Partitionable Resources :    Usage  Request Allocated 
	   Cpus                 :        0        1         1 
	   Disk (KB)            :     5125     2250   1642252 
	   Memory (MB)          :      207     2000      2000 
...
