000 (31980885.146.000) 03/28 21:58:26 Job submitted from host: <131.225.188.57:9618?addrs=131.225.188.57-9618&noUDP&sock=18092_2f86_3>
...
001 (31980885.146.000) 03/28 22:01:27 Job executing on host: <131.225.205.156:9618?addrs=131.225.205.156-9618&noUDP&sock=1455_9663_3>
...
006 (31980885.146.000) 03/28 22:03:37 Image size of job updated: 115
	115  -  MemoryUsage of job (MB)
	118092  -  ResidentSetSize of job (KB)
...
006 (31980885.146.000) 03/28 22:04:38 Image size of job updated: 173
	173  -  MemoryUsage of job (MB)
	177736  -  ResidentSetSize of job (KB)
...
006 (31980885.146.000) 03/28 22:05:39 Image size of job updated: 187
	187  -  MemoryUsage of job (MB)
	191868  -  ResidentSetSize of job (KB)
...
006 (31980885.146.000) 03/28 22:06:40 Image size of job updated: 187
	187  -  MemoryUsage of job (MB)
	192256  -  ResidentSetSize of job (KB)
...
006 (31980885.146.000) 03/28 22:07:40 Image size of job updated: 188
	188  -  MemoryUsage of job (MB)
	192640  -  ResidentSetSize of job (KB)
...
006 (31980885.146.000) 03/28 22:08:40 Image size of job updated: 188
	188  -  MemoryUsage of job (MB)
	192824  -  ResidentSetSize of job (KB)
...
006 (31980885.146.000) 03/28 22:09:40 Image size of job updated: 189
	189  -  MemoryUsage of job (MB)
	194464  -  ResidentSetSize of job (KB)
...
006 (31980885.146.000) 03/28 22:10:41 Image size of job updated: 211
	211  -  MemoryUsage of job (MB)
	216104  -  ResidentSetSize of job (KB)
...
006 (31980885.146.000) 03/28 22:11:42 Image size of job updated: 211
	211  -  MemoryUsage of job (MB)
	216116  -  ResidentSetSize of job (KB)
...
006 (31980885.146.000) 03/28 22:12:43 Image size of job updated: 212
	212  -  MemoryUsage of job (MB)
	217712  -  ResidentSetSize of job (KB)
...
006 (31980885.146.000) 03/28 22:13:43 Image size of job updated: 212
	212  -  MemoryUsage of job (MB)
	217772  -  ResidentSetSize of job (KB)
...
006 (31980885.146.000) 03/28 22:14:43 Image size of job updated: 212
	212  -  MemoryUsage of job (MB)
	217776  -  ResidentSetSize of job (KB)
...
006 (31980885.146.000) 03/28 22:15:43 Image size of job updated: 212
	212  -  MemoryUsage of job (MB)
	217800  -  ResidentSetSize of job (KB)
...
005 (31980885.146.000) 03/28 22:16:28 Job terminated.
	(1) Normal termination (return value 0)
		Usr 0 00:11:01, Sys 0 00:00:32  -  Run Remote Usage
		Usr 0 00:00:00, Sys 0 00:00:00  -  Run Local Usage
		Usr 0 00:11:01, Sys 0 00:00:32  -  Total Remote Usage
		Usr 0 00:00:00, Sys 0 00:00:00  -  Total Local Usage
	148752  -  Run Bytes Sent By Job
	2245687  -  Run Bytes Received By Job
	148752  -  Total Bytes Sent By Job
	2245687  -  Total Bytes Received By Job
	Partitionable Resources :    Usage  Request Allocated 
	   Cpus                 :     0.00        1         1 
	   Disk (KB)            :  5132        2250   1635719 
	   Memory (MB)          :   212        2000      2000 
...
