000 (31980885.114.000) 03/28 21:58:26 Job submitted from host: <131.225.188.57:9618?addrs=131.225.188.57-9618&noUDP&sock=18092_2f86_3>
...
001 (31980885.114.000) 03/28 22:01:25 Job executing on host: <131.225.188.76:9618?addrs=131.225.188.76-9618&noUDP&sock=1924_484e_3>
...
006 (31980885.114.000) 03/28 22:01:33 Image size of job updated: 28
	28  -  MemoryUsage of job (MB)
	29152  -  ResidentSetSize of job (KB)
...
006 (31980885.114.000) 03/28 22:03:35 Image size of job updated: 179
	179  -  MemoryUsage of job (MB)
	184096  -  ResidentSetSize of job (KB)
...
006 (31980885.114.000) 03/28 22:04:35 Image size of job updated: 187
	187  -  MemoryUsage of job (MB)
	191964  -  ResidentSetSize of job (KB)
...
006 (31980885.114.000) 03/28 22:05:35 Image size of job updated: 187
	187  -  MemoryUsage of job (MB)
	192480  -  ResidentSetSize of job (KB)
...
006 (31980885.114.000) 03/28 22:06:35 Image size of job updated: 188
	188  -  MemoryUsage of job (MB)
	192764  -  ResidentSetSize of job (KB)
...
006 (31980885.114.000) 03/28 22:07:36 Image size of job updated: 189
	189  -  MemoryUsage of job (MB)
	194464  -  ResidentSetSize of job (KB)
...
006 (31980885.114.000) 03/28 22:08:37 Image size of job updated: 209
	209  -  MemoryUsage of job (MB)
	214224  -  ResidentSetSize of job (KB)
...
006 (31980885.114.000) 03/28 22:11:38 Image size of job updated: 209
	209  -  MemoryUsage of job (MB)
	214272  -  ResidentSetSize of job (KB)
...
006 (31980885.114.000) 03/28 22:12:20 Image size of job updated: 209
	209  -  MemoryUsage of job (MB)
	214476  -  ResidentSetSize of job (KB)
...
005 (31980885.114.000) 03/28 22:12:21 Job terminated.
	(1) Normal termination (return value 0)
		Usr 0 00:08:42, Sys 0 00:00:28  -  Run Remote Usage
		Usr 0 00:00:00, Sys 0 00:00:00  -  Run Local Usage
		Usr 0 00:08:42, Sys 0 00:00:28  -  Total Remote Usage
		Usr 0 00:00:00, Sys 0 00:00:00  -  Total Local Usage
	148185  -  Run Bytes Sent By Job
	2245687  -  Run Bytes Received By Job
	148185  -  Total Bytes Sent By Job
	2245687  -  Total Bytes Received By Job
	Partitionable Resources :    Usage  Request Allocated 
	   Cpus                 :     0.00        1         1 
	   Disk (KB)            :  5132        2250   1644794 
	   Memory (MB)          :   209        2000      2000 
...
