000 (31980885.149.000) 03/28 21:58:26 Job submitted from host: <131.225.188.57:9618?addrs=131.225.188.57-9618&noUDP&sock=18092_2f86_3>
...
001 (31980885.149.000) 03/28 22:01:27 Job executing on host: <131.225.205.175:9618?addrs=131.225.205.175-9618&noUDP&sock=1464_c2bd_3>
...
006 (31980885.149.000) 03/28 22:02:37 Image size of job updated: 132
	132  -  MemoryUsage of job (MB)
	135756  -  ResidentSetSize of job (KB)
...
006 (31980885.149.000) 03/28 22:03:36 Image size of job updated: 168
	168  -  MemoryUsage of job (MB)
	172820  -  ResidentSetSize of job (KB)
...
006 (31980885.149.000) 03/28 22:04:36 Image size of job updated: 174
	174  -  MemoryUsage of job (MB)
	178644  -  ResidentSetSize of job (KB)
...
006 (31980885.149.000) 03/28 22:05:36 Image size of job updated: 187
	187  -  MemoryUsage of job (MB)
	191976  -  ResidentSetSize of job (KB)
...
006 (31980885.149.000) 03/28 22:06:37 Image size of job updated: 187
	187  -  MemoryUsage of job (MB)
	192372  -  ResidentSetSize of job (KB)
...
006 (31980885.149.000) 03/28 22:07:38 Image size of job updated: 188
	188  -  MemoryUsage of job (MB)
	192772  -  ResidentSetSize of job (KB)
...
006 (31980885.149.000) 03/28 22:08:39 Image size of job updated: 188
	188  -  MemoryUsage of job (MB)
	193156  -  ResidentSetSize of job (KB)
...
006 (31980885.149.000) 03/28 22:09:39 Image size of job updated: 212
	212  -  MemoryUsage of job (MB)
	217668  -  ResidentSetSize of job (KB)
...
006 (31980885.149.000) 03/28 22:10:39 Image size of job updated: 212
	212  -  MemoryUsage of job (MB)
	217760  -  ResidentSetSize of job (KB)
...
006 (31980885.149.000) 03/28 22:11:39 Image size of job updated: 212
	212  -  MemoryUsage of job (MB)
	217796  -  ResidentSetSize of job (KB)
...
006 (31980885.149.000) 03/28 22:12:39 Image size of job updated: 212
	212  -  MemoryUsage of job (MB)
	217804  -  ResidentSetSize of job (KB)
...
006 (31980885.149.000) 03/28 22:13:40 Image size of job updated: 212
	212  -  MemoryUsage of job (MB)
	217864  -  ResidentSetSize of job (KB)
...
006 (31980885.149.000) 03/28 22:14:42 Image size of job updated: 212
	212  -  MemoryUsage of job (MB)
	217980  -  ResidentSetSize of job (KB)
...
006 (31980885.149.000) 03/28 22:15:42 Image size of job updated: 213
	213  -  MemoryUsage of job (MB)
	218164  -  ResidentSetSize of job (KB)
...
005 (31980885.149.000) 03/28 22:15:46 Job terminated.
	(1) Normal termination (return value 0)
		Usr 0 00:11:26, Sys 0 00:00:32  -  Run Remote Usage
		Usr 0 00:00:00, Sys 0 00:00:00  -  Run Local Usage
		Usr 0 00:11:26, Sys 0 00:00:32  -  Total Remote Usage
		Usr 0 00:00:00, Sys 0 00:00:00  -  Total Local Usage
	203777  -  Run Bytes Sent By Job
	2245687  -  Run Bytes Received By Job
	203777  -  Total Bytes Sent By Job
	2245687  -  Total Bytes Received By Job
	Partitionable Resources :    Usage  Request Allocated 
	   Cpus                 :        0        1         1 
	   Disk (KB)            :   231054     2250   1649701 
	   Memory (MB)          :      213     2000      2000 
...
