000 (31980885.044.000) 03/28 21:58:26 Job submitted from host: <131.225.188.57:9618?addrs=131.225.188.57-9618&noUDP&sock=18092_2f86_3>
...
001 (31980885.044.000) 03/28 22:01:06 Job executing on host: <131.225.205.211:9618?addrs=131.225.205.211-9618&noUDP&sock=1485_2a3a_3>
...
006 (31980885.044.000) 03/28 22:02:17 Image size of job updated: 164
	164  -  MemoryUsage of job (MB)
	168912  -  ResidentSetSize of job (KB)
...
006 (31980885.044.000) 03/28 22:03:18 Image size of job updated: 178
	178  -  MemoryUsage of job (MB)
	182596  -  ResidentSetSize of job (KB)
...
006 (31980885.044.000) 03/28 22:04:19 Image size of job updated: 204
	204  -  MemoryUsage of job (MB)
	209528  -  ResidentSetSize of job (KB)
...
006 (31980885.044.000) 03/28 22:05:05 Image size of job updated: 204
	204  -  MemoryUsage of job (MB)
	209812  -  ResidentSetSize of job (KB)
...
005 (31980885.044.000) 03/28 22:05:06 Job terminated.
	(1) Normal termination (return value 0)
		Usr 0 00:03:10, Sys 0 00:00:11  -  Run Remote Usage
		Usr 0 00:00:00, Sys 0 00:00:00  -  Run Local Usage
		Usr 0 00:03:10, Sys 0 00:00:11  -  Total Remote Usage
		Usr 0 00:00:00, Sys 0 00:00:00  -  Total Local Usage
	140842  -  Run Bytes Sent By Job
	2245687  -  Run Bytes Received By Job
	140842  -  Total Bytes Sent By Job
	2245687  -  Total Bytes Received By Job
	Partitionable Resources :    Usage  Request Allocated 
	   Cpus                 :        0        1         1 
	   Disk (KB)            :     5125     2250   1684100 
	   Memory (MB)          :      204     2000      2000 
...
