000 (31980885.023.000) 03/28 21:58:26 Job submitted from host: <131.225.188.57:9618?addrs=131.225.188.57-9618&noUDP&sock=18092_2f86_3>
...
001 (31980885.023.000) 03/28 22:01:02 Job executing on host: <131.225.188.76:9618?addrs=131.225.188.76-9618&noUDP&sock=1924_484e_3>
...
006 (31980885.023.000) 03/28 22:02:11 Image size of job updated: 150
	150  -  MemoryUsage of job (MB)
	153728  -  ResidentSetSize of job (KB)
...
006 (31980885.023.000) 03/28 22:03:12 Image size of job updated: 169
	169  -  MemoryUsage of job (MB)
	173724  -  ResidentSetSize of job (KB)
...
006 (31980885.023.000) 03/28 22:04:13 Image size of job updated: 204
	204  -  MemoryUsage of job (MB)
	209156  -  ResidentSetSize of job (KB)
...
006 (31980885.023.000) 03/28 22:04:44 Image size of job updated: 205
	205  -  MemoryUsage of job (MB)
	210200  -  ResidentSetSize of job (KB)
...
005 (31980885.023.000) 03/28 22:04:44 Job terminated.
	(1) Normal termination (return value 0)
		Usr 0 00:02:35, Sys 0 00:00:10  -  Run Remote Usage
		Usr 0 00:00:00, Sys 0 00:00:00  -  Run Local Usage
		Usr 0 00:02:35, Sys 0 00:00:10  -  Total Remote Usage
		Usr 0 00:00:00, Sys 0 00:00:00  -  Total Local Usage
	141243  -  Run Bytes Sent By Job
	2245687  -  Run Bytes Received By Job
	141243  -  Total Bytes Sent By Job
	2245687  -  Total Bytes Received By Job
	Partitionable Resources :    Usage  Request Allocated 
	   Cpus                 :        0        1         1 
	   Disk (KB)            :     5125     2250   1644794 
	   Memory (MB)          :      205     2000      2000 
...
