000 (31980885.007.000) 03/28 21:58:25 Job submitted from host: <131.225.188.57:9618?addrs=131.225.188.57-9618&noUDP&sock=18092_2f86_3>
...
001 (31980885.007.000) 03/28 22:00:57 Job executing on host: <131.225.188.46:9618?addrs=131.225.188.46-9618&noUDP&sock=1933_74a8_3>
...
006 (31980885.007.000) 03/28 22:01:06 Image size of job updated: 5
	3  -  MemoryUsage of job (MB)
	3596  -  ResidentSetSize of job (KB)
...
006 (31980885.007.000) 03/28 22:02:07 Image size of job updated: 46
	46  -  MemoryUsage of job (MB)
	47592  -  ResidentSetSize of job (KB)
...
006 (31980885.007.000) 03/28 22:03:08 Image size of job updated: 171
	171  -  MemoryUsage of job (MB)
	175420  -  ResidentSetSize of job (KB)
...
006 (31980885.007.000) 03/28 22:04:08 Image size of job updated: 204
	204  -  MemoryUsage of job (MB)
	209288  -  ResidentSetSize of job (KB)
...
006 (31980885.007.000) 03/28 22:04:46 Image size of job updated: 204
	204  -  MemoryUsage of job (MB)
	209760  -  ResidentSetSize of job (KB)
...
005 (31980885.007.000) 03/28 22:04:47 Job terminated.
	(1) Normal termination (return value 0)
		Usr 0 00:02:22, Sys 0 00:00:09  -  Run Remote Usage
		Usr 0 00:00:00, Sys 0 00:00:00  -  Run Local Usage
		Usr 0 00:02:22, Sys 0 00:00:09  -  Total Remote Usage
		Usr 0 00:00:00, Sys 0 00:00:00  -  Total Local Usage
	142336  -  Run Bytes Sent By Job
	2245687  -  Run Bytes Received By Job
	142336  -  Total Bytes Sent By Job
	2245687  -  Total Bytes Received By Job
	Partitionable Resources :    Usage  Request Allocated 
	   Cpus                 :        0        1         1 
	   Disk (KB)            :     5126     2250   1650168 
	   Memory (MB)          :      204     2000      2000 
...
