000 (31980885.046.000) 03/28 21:58:26 Job submitted from host: <131.225.188.57:9618?addrs=131.225.188.57-9618&noUDP&sock=18092_2f86_3>
...
001 (31980885.046.000) 03/28 22:01:06 Job executing on host: <131.225.205.194:9618?addrs=131.225.205.194-9618&noUDP&sock=1467_d186_3>
...
006 (31980885.046.000) 03/28 22:02:19 Image size of job updated: 132
	132  -  MemoryUsage of job (MB)
	135756  -  ResidentSetSize of job (KB)
...
006 (31980885.046.000) 03/28 22:04:19 Image size of job updated: 170
	170  -  MemoryUsage of job (MB)
	175056  -  ResidentSetSize of job (KB)
...
006 (31980885.046.000) 03/28 22:05:20 Image size of job updated: 188
	188  -  MemoryUsage of job (MB)
	192936  -  ResidentSetSize of job (KB)
...
006 (31980885.046.000) 03/28 22:06:22 Image size of job updated: 188
	188  -  MemoryUsage of job (MB)
	193364  -  ResidentSetSize of job (KB)
...
006 (31980885.046.000) 03/28 22:07:22 Image size of job updated: 199
	199  -  MemoryUsage of job (MB)
	204064  -  ResidentSetSize of job (KB)
...
006 (31980885.046.000) 03/28 22:08:22 Image size of job updated: 199
	199  -  MemoryUsage of job (MB)
	204396  -  ResidentSetSize of job (KB)
...
006 (31980885.046.000) 03/28 22:09:22 Image size of job updated: 201
	201  -  MemoryUsage of job (MB)
	206044  -  ResidentSetSize of job (KB)
...
006 (31980885.046.000) 03/28 22:10:23 Image size of job updated: 201
	201  -  MemoryUsage of job (MB)
	206048  -  ResidentSetSize of job (KB)
...
006 (31980885.046.000) 03/28 22:11:24 Image size of job updated: 210
	210  -  MemoryUsage of job (MB)
	215920  -  ResidentSetSize of job (KB)
...
006 (31980885.046.000) 03/28 22:12:25 Image size of job updated: 210
	210  -  MemoryUsage of job (MB)
	215956  -  ResidentSetSize of job (KB)
...
006 (31980885.046.000) 03/28 22:13:25 Image size of job updated: 210
	210  -  MemoryUsage of job (MB)
	216044  -  ResidentSetSize of job (KB)
...
006 (31980885.046.000) 03/28 22:14:25 Image size of job updated: 211
	211  -  MemoryUsage of job (MB)
	216364  -  ResidentSetSize of job (KB)
...
005 (31980885.046.000) 03/28 22:16:23 Job terminated.
	(1) Normal termination (return value 0)
		Usr 0 00:10:40, Sys 0 00:00:30  -  Run Remote Usage
		Usr 0 00:00:00, Sys 0 00:00:00  -  Run Local Usage
		Usr 0 00:10:40, Sys 0 00:00:30  -  Total Remote Usage
		Usr 0 00:00:00, Sys 0 00:00:00  -  Total Local Usage
	207796  -  Run Bytes Sent By Job
	2245687  -  Run Bytes Received By Job
	207796  -  Total Bytes Sent By Job
	2245687  -  Total Bytes Received By Job
	Partitionable Resources :    Usage  Request Allocated 
	   Cpus                 :        0        1         1 
	   Disk (KB)            :   231259     2250   1675495 
	   Memory (MB)          :      211     2000      2000 
...
