000 (31980885.078.000) 03/28 21:58:26 Job submitted from host: <131.225.188.57:9618?addrs=131.225.188.57-9618&noUDP&sock=18092_2f86_3>
...
001 (31980885.078.000) 03/28 22:01:14 Job executing on host: <131.225.190.15:9618?addrs=131.225.190.15-9618&noUDP&sock=1436_8e16_3>
...
006 (31980885.078.000) 03/28 22:03:26 Image size of job updated: 132
	132  -  MemoryUsage of job (MB)
	135748  -  ResidentSetSize of job (KB)
...
006 (31980885.078.000) 03/28 22:06:28 Image size of job updated: 172
	172  -  MemoryUsage of job (MB)
	176936  -  ResidentSetSize of job (KB)
...
006 (31980885.078.000) 03/28 22:07:28 Image size of job updated: 186
	186  -  MemoryUsage of job (MB)
	191464  -  ResidentSetSize of job (KB)
...
006 (31980885.078.000) 03/28 22:08:28 Image size of job updated: 187
	187  -  MemoryUsage of job (MB)
	192000  -  ResidentSetSize of job (KB)
...
006 (31980885.078.000) 03/28 22:09:29 Image size of job updated: 187
	187  -  MemoryUsage of job (MB)
	192244  -  ResidentSetSize of job (KB)
...
006 (31980885.078.000) 03/28 22:10:30 Image size of job updated: 187
	187  -  MemoryUsage of job (MB)
	192476  -  ResidentSetSize of job (KB)
...
006 (31980885.078.000) 03/28 22:11:31 Image size of job updated: 189
	189  -  MemoryUsage of job (MB)
	194128  -  ResidentSetSize of job (KB)
...
006 (31980885.078.000) 03/28 22:12:32 Image size of job updated: 209
	209  -  MemoryUsage of job (MB)
	214452  -  ResidentSetSize of job (KB)
...
006 (31980885.078.000) 03/28 22:13:32 Image size of job updated: 209
	209  -  MemoryUsage of job (MB)
	214816  -  ResidentSetSize of job (KB)
...
006 (31980885.078.000) 03/28 22:14:32 Image size of job updated: 209
	209  -  MemoryUsage of job (MB)
	214852  -  ResidentSetSize of job (KB)
...
006 (31980885.078.000) 03/28 22:15:32 Image size of job updated: 209
	209  -  MemoryUsage of job (MB)
	214872  -  ResidentSetSize of job (KB)
...
006 (31980885.078.000) 03/28 22:16:33 Image size of job updated: 211
	211  -  MemoryUsage of job (MB)
	217056  -  ResidentSetSize of job (KB)
...
006 (31980885.078.000) 03/28 22:17:34 Image size of job updated: 211
	211  -  MemoryUsage of job (MB)
	217068  -  ResidentSetSize of job (KB)
...
006 (31980885.078.000) 03/28 22:18:31 Image size of job updated: 211
	211  -  MemoryUsage of job (MB)
	217080  -  ResidentSetSize of job (KB)
...
005 (31980885.078.000) 03/28 22:18:31 Job terminated.
	(1) Normal termination (return value 0)
		Usr 0 00:10:04, Sys 0 00:00:32  -  Run Remote Usage
		Usr 0 00:00:00, Sys 0 00:00:00  -  Run Local Usage
		Usr 0 00:10:04, Sys 0 00:00:32  -  Total Remote Usage
		Usr 0 00:00:00, Sys 0 00:00:00  -  Total Local Usage
	156349  -  Run Bytes Sent By Job
	2245687  -  Run Bytes Received By Job
	156349  -  Total Bytes Sent By Job
	2245687  -  Total Bytes Received By Job
	Partitionable Resources :    Usage  Request Allocated 
	   Cpus                 :        0        1         1 
	   Disk (KB)            :     5140     2250    763643 
	   Memory (MB)          :      211     2000      2000 
...
