000 (31980885.074.000) 03/28 21:58:26 Job submitted from host: <131.225.188.57:9618?addrs=131.225.188.57-9618&noUDP&sock=18092_2f86_3>
...
001 (31980885.074.000) 03/28 22:01:23 Job executing on host: <131.225.205.192:9618?addrs=131.225.205.192-9618&noUDP&sock=1455_9663_3>
...
006 (31980885.074.000) 03/28 22:02:33 Image size of job updated: 115
	115  -  MemoryUsage of job (MB)
	118448  -  ResidentSetSize of job (KB)
...
006 (31980885.074.000) 03/28 22:03:33 Image size of job updated: 148
	148  -  MemoryUsage of job (MB)
	152116  -  ResidentSetSize of job (KB)
...
006 (31980885.074.000) 03/28 22:05:34 Image size of job updated: 179
	179  -  MemoryUsage of job (MB)
	184220  -  ResidentSetSize of job (KB)
...
006 (31980885.074.000) 03/28 22:06:34 Image size of job updated: 187
	187  -  MemoryUsage of job (MB)
	192096  -  ResidentSetSize of job (KB)
...
006 (31980885.074.000) 03/28 22:07:34 Image size of job updated: 187
	187  -  MemoryUsage of job (MB)
	192460  -  ResidentSetSize of job (KB)
...
006 (31980885.074.000) 03/28 22:08:34 Image size of job updated: 188
	188  -  MemoryUsage of job (MB)
	192852  -  ResidentSetSize of job (KB)
...
006 (31980885.074.000) 03/28 22:09:34 Image size of job updated: 188
	188  -  MemoryUsage of job (MB)
	193076  -  ResidentSetSize of job (KB)
...
006 (31980885.074.000) 03/28 22:10:35 Image size of job updated: 190
	190  -  MemoryUsage of job (MB)
	194724  -  ResidentSetSize of job (KB)
...
006 (31980885.074.000) 03/28 22:11:36 Image size of job updated: 204
	204  -  MemoryUsage of job (MB)
	209068  -  ResidentSetSize of job (KB)
...
006 (31980885.074.000) 03/28 22:12:37 Image size of job updated: 209
	209  -  MemoryUsage of job (MB)
	214400  -  ResidentSetSize of job (KB)
...
006 (31980885.074.000) 03/28 22:13:37 Image size of job updated: 209
	209  -  MemoryUsage of job (MB)
	214836  -  ResidentSetSize of job (KB)
...
006 (31980885.074.000) 03/28 22:14:37 Image size of job updated: 211
	211  -  MemoryUsage of job (MB)
	216736  -  ResidentSetSize of job (KB)
...
006 (31980885.074.000) 03/28 22:15:37 Image size of job updated: 211
	211  -  MemoryUsage of job (MB)
	216740  -  ResidentSetSize of job (KB)
...
006 (31980885.074.000) 03/28 22:16:38 Image size of job updated: 211
	211  -  MemoryUsage of job (MB)
	216748  -  ResidentSetSize of job (KB)
...
005 (31980885.074.000) 03/28 22:18:03 Job terminated.
	(1) Normal termination (return value 0)
		Usr 0 00:12:05, Sys 0 00:00:38  -  Run Remote Usage
		Usr 0 00:00:00, Sys 0 00:00:00  -  Run Local Usage
		Usr 0 00:12:05, Sys 0 00:00:38  -  Total Remote Usage
		Usr 0 00:00:00, Sys 0 00:00:00  -  Total Local Usage
	152745  -  Run Bytes Sent By Job
	2245687  -  Run Bytes Received By Job
	152745  -  Total Bytes Sent By Job
	2245687  -  Total Bytes Received By Job
	Partitionable Resources :    Usage  Request Allocated 
	   Cpus                 :        0        1         1 
	   Disk (KB)            :     5137     2250   1642523 
	   Memory (MB)          :      211     2000      2000 
...
