000 (31980885.118.000) 03/28 21:58:26 Job submitted from host: <131.225.188.57:9618?addrs=131.225.188.57-9618&noUDP&sock=18092_2f86_3>
...
001 (31980885.118.000) 03/28 22:01:22 Job executing on host: <131.225.205.196:9618?addrs=131.225.205.196-9618&noUDP&sock=1459_54c4_3>
...
006 (31980885.118.000) 03/28 22:02:30 Image size of job updated: 132
	132  -  MemoryUsage of job (MB)
	135744  -  ResidentSetSize of job (KB)
...
006 (31980885.118.000) 03/28 22:03:30 Image size of job updated: 171
	171  -  MemoryUsage of job (MB)
	175200  -  ResidentSetSize of job (KB)
...
006 (31980885.118.000) 03/28 22:04:31 Image size of job updated: 192
	192  -  MemoryUsage of job (MB)
	197112  -  ResidentSetSize of job (KB)
...
006 (31980885.118.000) 03/28 22:05:32 Image size of job updated: 192
	192  -  MemoryUsage of job (MB)
	197536  -  ResidentSetSize of job (KB)
...
006 (31980885.118.000) 03/28 22:06:32 Image size of job updated: 193
	193  -  MemoryUsage of job (MB)
	197988  -  ResidentSetSize of job (KB)
...
006 (31980885.118.000) 03/28 22:07:32 Image size of job updated: 193
	193  -  MemoryUsage of job (MB)
	198220  -  ResidentSetSize of job (KB)
...
006 (31980885.118.000) 03/28 22:08:32 Image size of job updated: 195
	195  -  MemoryUsage of job (MB)
	199856  -  ResidentSetSize of job (KB)
...
006 (31980885.118.000) 03/28 22:09:33 Image size of job updated: 215
	215  -  MemoryUsage of job (MB)
	220196  -  ResidentSetSize of job (KB)
...
006 (31980885.118.000) 03/28 22:10:34 Image size of job updated: 215
	215  -  MemoryUsage of job (MB)
	220252  -  ResidentSetSize of job (KB)
...
006 (31980885.118.000) 03/28 22:12:35 Image size of job updated: 215
	215  -  MemoryUsage of job (MB)
	220260  -  ResidentSetSize of job (KB)
...
006 (31980885.118.000) 03/28 22:13:35 Image size of job updated: 215
	215  -  MemoryUsage of job (MB)
	220888  -  ResidentSetSize of job (KB)
...
005 (31980885.118.000) 03/28 22:14:59 Job terminated.
	(1) Normal termination (return value 0)
		Usr 0 00:11:37, Sys 0 00:00:32  -  Run Remote Usage
		Usr 0 00:00:00, Sys 0 00:00:00  -  Run Local Usage
		Usr 0 00:11:37, Sys 0 00:00:32  -  Total Remote Usage
		Usr 0 00:00:00, Sys 0 00:00:00  -  Total Local Usage
	148968  -  Run Bytes Sent By Job
	2245687  -  Run Bytes Received By Job
	148968  -  Total Bytes Sent By Job
	2245687  -  Total Bytes Received By Job
	Partitionable Resources :    Usage  Request Allocated 
	   Cpus                 :        0        1         1 
	   Disk (KB)            :     5133     2250   1684648 
	   Memory (MB)          :        4     2000      2000 
...
