000 (31980885.045.000) 03/28 21:58:26 Job submitted from host: <131.225.188.57:9618?addrs=131.225.188.57-9618&noUDP&sock=18092_2f86_3>
...
001 (31980885.045.000) 03/28 22:01:06 Job executing on host: <131.225.191.69:9618?addrs=131.225.191.69-9618&noUDP&sock=1448_c939_3>
...
006 (31980885.045.000) 03/28 22:01:16 Image size of job updated: 14
	14  -  MemoryUsage of job (MB)
	15248  -  ResidentSetSize of job (KB)
...
006 (31980885.045.000) 03/28 22:02:17 Image size of job updated: 132
	132  -  MemoryUsage of job (MB)
	135756  -  ResidentSetSize of job (KB)
...
006 (31980885.045.000) 03/28 22:04:18 Image size of job updated: 178
	178  -  MemoryUsage of job (MB)
	182384  -  ResidentSetSize of job (KB)
...
006 (31980885.045.000) 03/28 22:05:19 Image size of job updated: 204
	204  -  MemoryUsage of job (MB)
	209900  -  ResidentSetSize of job (KB)
...
006 (31980885.045.000) 03/28 22:06:19 Image size of job updated: 205
	205  -  MemoryUsage of job (MB)
	210408  -  ResidentSetSize of job (KB)
...
006 (31980885.045.000) 03/28 22:07:19 Image size of job updated: 210
	210  -  MemoryUsage of job (MB)
	215448  -  ResidentSetSize of job (KB)
...
006 (31980885.045.000) 03/28 22:08:19 Image size of job updated: 211
	211  -  MemoryUsage of job (MB)
	217060  -  ResidentSetSize of job (KB)
...
006 (31980885.045.000) 03/28 22:09:20 Image size of job updated: 211
	211  -  MemoryUsage of job (MB)
	217084  -  ResidentSetSize of job (KB)
...
005 (31980885.045.000) 03/28 22:10:19 Job terminated.
	(1) Normal termination (return value 0)
		Usr 0 00:06:34, Sys 0 00:00:25  -  Run Remote Usage
		Usr 0 00:00:00, Sys 0 00:00:00  -  Run Local Usage
		Usr 0 00:06:34, Sys 0 00:00:25  -  Total Remote Usage
		Usr 0 00:00:00, Sys 0 00:00:00  -  Total Local Usage
	146429  -  Run Bytes Sent By Job
	2245687  -  Run Bytes Received By Job
	146429  -  Total Bytes Sent By Job
	2245687  -  Total Bytes Received By Job
	Partitionable Resources :    Usage  Request Allocated 
	   Cpus                 :     0.00        1         1 
	   Disk (KB)            :  5130        2250    774178 
	   Memory (MB)          :   211        2000      2000 
...
