000 (31980885.101.000) 03/28 21:58:26 Job submitted from host: <131.225.188.57:9618?addrs=131.225.188.57-9618&noUDP&sock=18092_2f86_3>
...
001 (31980885.101.000) 03/28 22:01:21 Job executing on host: <131.225.188.60:9618?addrs=131.225.188.60-9618&noUDP&sock=1917_7b24_3>
...
006 (31980885.101.000) 03/28 22:02:31 Image size of job updated: 9
	9  -  MemoryUsage of job (MB)
	9788  -  ResidentSetSize of job (KB)
...
006 (31980885.101.000) 03/28 22:03:31 Image size of job updated: 173
	173  -  MemoryUsage of job (MB)
	177688  -  ResidentSetSize of job (KB)
...
006 (31980885.101.000) 03/28 22:04:32 Image size of job updated: 187
	187  -  MemoryUsage of job (MB)
	191772  -  ResidentSetSize of job (KB)
...
006 (31980885.101.000) 03/28 22:05:33 Image size of job updated: 191
	191  -  MemoryUsage of job (MB)
	196352  -  ResidentSetSize of job (KB)
...
006 (31980885.101.000) 03/28 22:06:34 Image size of job updated: 192
	192  -  MemoryUsage of job (MB)
	196664  -  ResidentSetSize of job (KB)
...
006 (31980885.101.000) 03/28 22:07:34 Image size of job updated: 193
	193  -  MemoryUsage of job (MB)
	198276  -  ResidentSetSize of job (KB)
...
006 (31980885.101.000) 03/28 22:08:34 Image size of job updated: 214
	214  -  MemoryUsage of job (MB)
	219624  -  ResidentSetSize of job (KB)
...
006 (31980885.101.000) 03/28 22:09:34 Image size of job updated: 216
	216  -  MemoryUsage of job (MB)
	221752  -  ResidentSetSize of job (KB)
...
006 (31980885.101.000) 03/28 22:10:35 Image size of job updated: 216
	216  -  MemoryUsage of job (MB)
	221756  -  ResidentSetSize of job (KB)
...
006 (31980885.101.000) 03/28 22:12:37 Image size of job updated: 216
	216  -  MemoryUsage of job (MB)
	221764  -  ResidentSetSize of job (KB)
...
005 (31980885.101.000) 03/28 22:12:43 Job terminated.
	(1) Normal termination (return value 0)
		Usr 0 00:08:46, Sys 0 00:00:26  -  Run Remote Usage
		Usr 0 00:00:00, Sys 0 00:00:00  -  Run Local Usage
		Usr 0 00:08:46, Sys 0 00:00:26  -  Total Remote Usage
		Usr 0 00:00:00, Sys 0 00:00:00  -  Total Local Usage
	147949  -  Run Bytes Sent By Job
	2245687  -  Run Bytes Received By Job
	147949  -  Total Bytes Sent By Job
	2245687  -  Total Bytes Received By Job
	Partitionable Resources :    Usage  Request Allocated 
	   Cpus                 :        0        1         1 
	   Disk (KB)            :     5131     2250   1629004 
	   Memory (MB)          :      216     2000      2000 
...
