000 (31980885.141.000) 03/28 21:58:26 Job submitted from host: <131.225.188.57:9618?addrs=131.225.188.57-9618&noUDP&sock=18092_2f86_3>
...
001 (31980885.141.000) 03/28 22:01:26 Job executing on host: <131.225.191.243:9618?addrs=131.225.191.243-9618&noUDP&sock=1449_78d1_3>
...
006 (31980885.141.000) 03/28 22:02:36 Image size of job updated: 100
	100  -  MemoryUsage of job (MB)
	103016  -  ResidentSetSize of job (KB)
...
006 (31980885.141.000) 03/28 22:04:38 Image size of job updated: 172
	172  -  MemoryUsage of job (MB)
	176612  -  ResidentSetSize of job (KB)
...
006 (31980885.141.000) 03/28 22:05:38 Image size of job updated: 187
	187  -  MemoryUsage of job (MB)
	191492  -  ResidentSetSize of job (KB)
...
006 (31980885.141.000) 03/28 22:06:39 Image size of job updated: 187
	187  -  MemoryUsage of job (MB)
	191968  -  ResidentSetSize of job (KB)
...
006 (31980885.141.000) 03/28 22:07:40 Image size of job updated: 194
	194  -  MemoryUsage of job (MB)
	199180  -  ResidentSetSize of job (KB)
...
006 (31980885.141.000) 03/28 22:08:40 Image size of job updated: 196
	196  -  MemoryUsage of job (MB)
	200928  -  ResidentSetSize of job (KB)
...
006 (31980885.141.000) 03/28 22:09:40 Image size of job updated: 196
	196  -  MemoryUsage of job (MB)
	200932  -  ResidentSetSize of job (KB)
...
006 (31980885.141.000) 03/28 22:10:41 Image size of job updated: 220
	220  -  MemoryUsage of job (MB)
	226228  -  ResidentSetSize of job (KB)
...
006 (31980885.141.000) 03/28 22:11:42 Image size of job updated: 220
	220  -  MemoryUsage of job (MB)
	226232  -  ResidentSetSize of job (KB)
...
006 (31980885.141.000) 03/28 22:12:43 Image size of job updated: 220
	220  -  MemoryUsage of job (MB)
	226236  -  ResidentSetSize of job (KB)
...
006 (31980885.141.000) 03/28 22:13:43 Image size of job updated: 220
	220  -  MemoryUsage of job (MB)
	226248  -  ResidentSetSize of job (KB)
...
006 (31980885.141.000) 03/28 22:14:43 Image size of job updated: 220
	220  -  MemoryUsage of job (MB)
	226252  -  ResidentSetSize of job (KB)
...
006 (31980885.141.000) 03/28 22:15:27 Image size of job updated: 220
	220  -  MemoryUsage of job (MB)
	226256  -  ResidentSetSize of job (KB)
...
005 (31980885.141.000) 03/28 22:15:28 Job terminated.
	(1) Normal termination (return value 0)
		Usr 0 00:10:28, Sys 0 00:00:37  -  Run Remote Usage
		Usr 0 00:00:00, Sys 0 00:00:00  -  Run Local Usage
		Usr 0 00:10:28, Sys 0 00:00:37  -  Total Remote Usage
		Usr 0 00:00:00, Sys 0 00:00:00  -  Total Local Usage
	149280  -  Run Bytes Sent By Job
	2245687  -  Run Bytes Received By Job
	149280  -  Total Bytes Sent By Job
	2245687  -  Total Bytes Received By Job
	Partitionable Resources :    Usage  Request Allocated 
	   Cpus                 :        0        1         1 
	   Disk (KB)            :     5133     2250    790879 
	   Memory (MB)          :      220     2000      2000 
...
