000 (31980885.050.000) 03/28 21:58:26 Job submitted from host: <131.225.188.57:9618?addrs=131.225.188.57-9618&noUDP&sock=18092_2f86_3>
...
001 (31980885.050.000) 03/28 22:01:10 Job executing on host: <131.225.191.243:9618?addrs=131.225.191.243-9618&noUDP&sock=1449_78d1_3>
...
006 (31980885.050.000) 03/28 22:02:18 Image size of job updated: 132
	132  -  MemoryUsage of job (MB)
	135744  -  ResidentSetSize of job (KB)
...
006 (31980885.050.000) 03/28 22:04:19 Image size of job updated: 172
	172  -  MemoryUsage of job (MB)
	176184  -  ResidentSetSize of job (KB)
...
006 (31980885.050.000) 03/28 22:05:19 Image size of job updated: 186
	186  -  MemoryUsage of job (MB)
	191456  -  ResidentSetSize of job (KB)
...
006 (31980885.050.000) 03/28 22:06:20 Image size of job updated: 187
	187  -  MemoryUsage of job (MB)
	191712  -  ResidentSetSize of job (KB)
...
006 (31980885.050.000) 03/28 22:07:21 Image size of job updated: 187
	187  -  MemoryUsage of job (MB)
	192128  -  ResidentSetSize of job (KB)
...
006 (31980885.050.000) 03/28 22:08:21 Image size of job updated: 187
	187  -  MemoryUsage of job (MB)
	192392  -  ResidentSetSize of job (KB)
...
006 (31980885.050.000) 03/28 22:09:21 Image size of job updated: 189
	189  -  MemoryUsage of job (MB)
	194040  -  ResidentSetSize of job (KB)
...
006 (31980885.050.000) 03/28 22:10:21 Image size of job updated: 209
	209  -  MemoryUsage of job (MB)
	214328  -  ResidentSetSize of job (KB)
...
006 (31980885.050.000) 03/28 22:11:22 Image size of job updated: 211
	211  -  MemoryUsage of job (MB)
	216544  -  ResidentSetSize of job (KB)
...
006 (31980885.050.000) 03/28 22:12:23 Image size of job updated: 211
	211  -  MemoryUsage of job (MB)
	216552  -  ResidentSetSize of job (KB)
...
006 (31980885.050.000) 03/28 22:14:25 Image size of job updated: 211
	211  -  MemoryUsage of job (MB)
	216556  -  ResidentSetSize of job (KB)
...
005 (31980885.050.000) 03/28 22:15:12 Job terminated.
	(1) Normal termination (return value 0)
		Usr 0 00:10:22, Sys 0 00:00:39  -  Run Remote Usage
		Usr 0 00:00:00, Sys 0 00:00:00  -  Run Local Usage
		Usr 0 00:10:22, Sys 0 00:00:39  -  Total Remote Usage
		Usr 0 00:00:00, Sys 0 00:00:00  -  Total Local Usage
	150783  -  Run Bytes Sent By Job
	2245687  -  Run Bytes Received By Job
	150783  -  Total Bytes Sent By Job
	2245687  -  Total Bytes Received By Job
	Partitionable Resources :    Usage  Request Allocated 
	   Cpus                 :        0        1         1 
	   Disk (KB)            :     5135     2250    790879 
	   Memory (MB)          :      211     2000      2000 
...
