000 (31980885.013.000) 03/28 21:58:26 Job submitted from host: <131.225.188.57:9618?addrs=131.225.188.57-9618&noUDP&sock=18092_2f86_3>
...
001 (31980885.013.000) 03/28 22:00:59 Job executing on host: <131.225.188.42:9618?addrs=131.225.188.42-9618&noUDP&sock=1940_41d2_3>
...
006 (31980885.013.000) 03/28 22:02:09 Image size of job updated: 71
	71  -  MemoryUsage of job (MB)
	73300  -  ResidentSetSize of job (KB)
...
006 (31980885.013.000) 03/28 22:03:10 Image size of job updated: 183
	183  -  MemoryUsage of job (MB)
	187632  -  ResidentSetSize of job (KB)
...
006 (31980885.013.000) 03/28 22:04:10 Image size of job updated: 204
	204  -  MemoryUsage of job (MB)
	209100  -  ResidentSetSize of job (KB)
...
006 (31980885.013.000) 03/28 22:04:24 Image size of job updated: 206
	206  -  MemoryUsage of job (MB)
	211476  -  ResidentSetSize of job (KB)
...
005 (31980885.013.000) 03/28 22:04:25 Job terminated.
	(1) Normal termination (return value 0)
		Usr 0 00:02:28, Sys 0 00:00:08  -  Run Remote Usage
		Usr 0 00:00:00, Sys 0 00:00:00  -  Run Local Usage
		Usr 0 00:02:28, Sys 0 00:00:08  -  Total Remote Usage
		Usr 0 00:00:00, Sys 0 00:00:00  -  Total Local Usage
	141089  -  Run Bytes Sent By Job
	2245687  -  Run Bytes Received By Job
	141089  -  Total Bytes Sent By Job
	2245687  -  Total Bytes Received By Job
	Partitionable Resources :    Usage  Request Allocated 
	   Cpus                 :     0.00        1         1 
	   Disk (KB)            :  5125        2250   1658851 
	   Memory (MB)          :   206        2000      2000 
...
