000 (31980885.124.000) 03/28 21:58:26 Job submitted from host: <131.225.188.57:9618?addrs=131.225.188.57-9618&noUDP&sock=18092_2f86_3>
...
001 (31980885.124.000) 03/28 22:01:22 Job executing on host: <131.225.205.172:9618?addrs=131.225.205.172-9618&noUDP&sock=1451_d802_3>
...
006 (31980885.124.000) 03/28 22:02:35 Image size of job updated: 132
	132  -  MemoryUsage of job (MB)
	135732  -  ResidentSetSize of job (KB)
...
006 (31980885.124.000) 03/28 22:03:36 Image size of job updated: 168
	168  -  MemoryUsage of job (MB)
	172364  -  ResidentSetSize of job (KB)
...
006 (31980885.124.000) 03/28 22:04:36 Image size of job updated: 175
	175  -  MemoryUsage of job (MB)
	180100  -  ResidentSetSize of job (KB)
...
006 (31980885.124.000) 03/28 22:05:36 Image size of job updated: 187
	187  -  MemoryUsage of job (MB)
	191880  -  ResidentSetSize of job (KB)
...
006 (31980885.124.000) 03/28 22:06:36 Image size of job updated: 187
	187  -  MemoryUsage of job (MB)
	192284  -  ResidentSetSize of job (KB)
...
006 (31980885.124.000) 03/28 22:07:37 Image size of job updated: 192
	192  -  MemoryUsage of job (MB)
	197112  -  ResidentSetSize of job (KB)
...
006 (31980885.124.000) 03/28 22:08:38 Image size of job updated: 192
	192  -  MemoryUsage of job (MB)
	197320  -  ResidentSetSize of job (KB)
...
006 (31980885.124.000) 03/28 22:09:39 Image size of job updated: 194
	194  -  MemoryUsage of job (MB)
	198956  -  ResidentSetSize of job (KB)
...
006 (31980885.124.000) 03/28 22:10:39 Image size of job updated: 213
	213  -  MemoryUsage of job (MB)
	218852  -  ResidentSetSize of job (KB)
...
006 (31980885.124.000) 03/28 22:11:39 Image size of job updated: 213
	213  -  MemoryUsage of job (MB)
	218900  -  ResidentSetSize of job (KB)
...
006 (31980885.124.000) 03/28 22:12:39 Image size of job updated: 213
	213  -  MemoryUsage of job (MB)
	218944  -  ResidentSetSize of job (KB)
...
006 (31980885.124.000) 03/28 22:13:40 Image size of job updated: 213
	213  -  MemoryUsage of job (MB)
	218988  -  ResidentSetSize of job (KB)
...
006 (31980885.124.000) 03/28 22:14:41 Image size of job updated: 213
	213  -  MemoryUsage of job (MB)
	219064  -  ResidentSetSize of job (KB)
...
006 (31980885.124.000) 03/28 22:15:42 Image size of job updated: 215
	215  -  MemoryUsage of job (MB)
	220952  -  ResidentSetSize of job (KB)
...
006 (31980885.124.000) 03/28 22:16:08 Image size of job updated: 215
	215  -  MemoryUsage of job (MB)
	220968  -  ResidentSetSize of job (KB)
...
005 (31980885.124.000) 03/28 22:16:09 Job terminated.
	(1) Normal termination (return value 0)
		Usr 0 00:11:31, Sys 0 00:00:33  -  Run Remote Usage
		Usr 0 00:00:00, Sys 0 00:00:00  -  Run Local Usage
		Usr 0 00:11:31, Sys 0 00:00:33  -  Total Remote Usage
		Usr 0 00:00:00, Sys 0 00:00:00  -  Total Local Usage
	151526  -  Run Bytes Sent By Job
	2245687  -  Run Bytes Received By Job
	151526  -  Total Bytes Sent By Job
	2245687  -  Total Bytes Received By Job
	Partitionable Resources :    Usage  Request Allocated 
	   Cpus                 :        0        1         1 
	   Disk (KB)            :     5135     2250   1631558 
	   Memory (MB)          :      215     2000      2000 
...
