000 (31980885.010.000) 03/28 21:58:26 Job submitted from host: <131.225.188.57:9618?addrs=131.225.188.57-9618&noUDP&sock=18092_2f86_3>
...
001 (31980885.010.000) 03/28 22:01:03 Job executing on host: <131.225.188.36:9618?addrs=131.225.188.36-9618&noUDP&sock=1937_3309_3>
...
006 (31980885.010.000) 03/28 22:02:12 Image size of job updated: 129
	129  -  MemoryUsage of job (MB)
	132468  -  ResidentSetSize of job (KB)
...
006 (31980885.010.000) 03/28 22:03:13 Image size of job updated: 183
	183  -  MemoryUsage of job (MB)
	187800  -  ResidentSetSize of job (KB)
...
006 (31980885.010.000) 03/28 22:04:13 Image size of job updated: 212
	212  -  MemoryUsage of job (MB)
	217480  -  ResidentSetSize of job (KB)
...
005 (31980885.010.000) 03/28 22:04:23 Job terminated.
	(1) Normal termination (return value 0)
		Usr 0 00:02:15, Sys 0 00:00:08  -  Run Remote Usage
		Usr 0 00:00:00, Sys 0 00:00:00  -  Run Local Usage
		Usr 0 00:02:15, Sys 0 00:00:08  -  Total Remote Usage
		Usr 0 00:00:00, Sys 0 00:00:00  -  Total Local Usage
	141412  -  Run Bytes Sent By Job
	2245687  -  Run Bytes Received By Job
	141412  -  Total Bytes Sent By Job
	2245687  -  Total Bytes Received By Job
	Partitionable Resources :    Usage  Request Allocated 
	   Cpus                 :     0.00        1         1 
	   Disk (KB)            :  5125        2250   1650385 
	   Memory (MB)          :   212        2000      2000 
...
