000 (31980885.038.000) 03/28 21:58:26 Job submitted from host: <131.225.188.57:9618?addrs=131.225.188.57-9618&noUDP&sock=18092_2f86_3>
...
001 (31980885.038.000) 03/28 22:01:05 Job executing on host: <131.225.188.112:9618?addrs=131.225.188.112-9618&noUDP&sock=1920_89ed_3>
...
006 (31980885.038.000) 03/28 22:02:16 Image size of job updated: 132
	132  -  MemoryUsage of job (MB)
	135756  -  ResidentSetSize of job (KB)
...
006 (31980885.038.000) 03/28 22:03:17 Image size of job updated: 170
	170  -  MemoryUsage of job (MB)
	174704  -  ResidentSetSize of job (KB)
...
006 (31980885.038.000) 03/28 22:04:17 Image size of job updated: 207
	207  -  MemoryUsage of job (MB)
	212468  -  ResidentSetSize of job (KB)
...
006 (31980885.038.000) 03/28 22:04:50 Image size of job updated: 207
	207  -  MemoryUsage of job (MB)
	212908  -  ResidentSetSize of job (KB)
...
005 (31980885.038.000) 03/28 22:04:51 Job terminated.
	(1) Normal termination (return value 0)
		Usr 0 00:02:21, Sys 0 00:00:08  -  Run Remote Usage
		Usr 0 00:00:00, Sys 0 00:00:00  -  Run Local Usage
		Usr 0 00:02:21, Sys 0 00:00:08  -  Total Remote Usage
		Usr 0 00:00:00, Sys 0 00:00:00  -  Total Local Usage
	141069  -  Run Bytes Sent By Job
	2245687  -  Run Bytes Received By Job
	141069  -  Total Bytes Sent By Job
	2245687  -  Total Bytes Received By Job
	Partitionable Resources :    Usage  Request Allocated 
	   Cpus                 :     0.00        1         1 
	   Disk (KB)            :  5125        2250   1640748 
	   Memory (MB)          :   207        2000      2000 
...
