000 (31980885.130.000) 03/28 21:58:26 Job submitted from host: <131.225.188.57:9618?addrs=131.225.188.57-9618&noUDP&sock=18092_2f86_3>
...
001 (31980885.130.000) 03/28 22:01:25 Job executing on host: <131.225.188.21:9618?addrs=131.225.188.21-9618&noUDP&sock=1933_74a8_3>
...
006 (31980885.130.000) 03/28 22:03:34 Image size of job updated: 10
	10  -  MemoryUsage of job (MB)
	10260  -  ResidentSetSize of job (KB)
...
006 (31980885.130.000) 03/28 22:04:35 Image size of job updated: 172
	172  -  MemoryUsage of job (MB)
	177132  -  ResidentSetSize of job (KB)
...
006 (31980885.130.000) 03/28 22:05:35 Image size of job updated: 188
	188  -  MemoryUsage of job (MB)
	192532  -  ResidentSetSize of job (KB)
...
006 (31980885.130.000) 03/28 22:06:35 Image size of job updated: 188
	188  -  MemoryUsage of job (MB)
	192804  -  ResidentSetSize of job (KB)
...
006 (31980885.130.000) 03/28 22:07:35 Image size of job updated: 188
	188  -  MemoryUsage of job (MB)
	193232  -  ResidentSetSize of job (KB)
...
006 (31980885.130.000) 03/28 22:08:36 Image size of job updated: 188
	188  -  MemoryUsage of job (MB)
	193444  -  ResidentSetSize of job (KB)
...
006 (31980885.130.000) 03/28 22:09:37 Image size of job updated: 190
	190  -  MemoryUsage of job (MB)
	195080  -  ResidentSetSize of job (KB)
...
006 (31980885.130.000) 03/28 22:10:38 Image size of job updated: 210
	210  -  MemoryUsage of job (MB)
	215528  -  ResidentSetSize of job (KB)
...
006 (31980885.130.000) 03/28 22:11:38 Image size of job updated: 212
	212  -  MemoryUsage of job (MB)
	217544  -  ResidentSetSize of job (KB)
...
006 (31980885.130.000) 03/28 22:13:38 Image size of job updated: 212
	212  -  MemoryUsage of job (MB)
	217576  -  ResidentSetSize of job (KB)
...
006 (31980885.130.000) 03/28 22:15:14 Image size of job updated: 212
	212  -  MemoryUsage of job (MB)
	217580  -  ResidentSetSize of job (KB)
...
005 (31980885.130.000) 03/28 22:15:15 Job terminated.
	(1) Normal termination (return value 0)
		Usr 0 00:09:05, Sys 0 00:00:29  -  Run Remote Usage
		Usr 0 00:00:00, Sys 0 00:00:00  -  Run Local Usage
		Usr 0 00:09:05, Sys 0 00:00:29  -  Total Remote Usage
		Usr 0 00:00:00, Sys 0 00:00:00  -  Total Local Usage
	150045  -  Run Bytes Sent By Job
	2245687  -  Run Bytes Received By Job
	150045  -  Total Bytes Sent By Job
	2245687  -  Total Bytes Received By Job
	Partitionable Resources :    Usage  Request Allocated 
	   Cpus                 :     0.00        1         1 
	   Disk (KB)            :  5133        2250   1649041 
	   Memory (MB)          :   212        2000      2000 
...
