000 (31980885.072.000) 03/28 21:58:26 Job submitted from host: <131.225.188.57:9618?addrs=131.225.188.57-9618&noUDP&sock=18092_2f86_3>
...
001 (31980885.072.000) 03/28 22:01:12 Job executing on host: <131.225.205.203:9618?addrs=131.225.205.203-9618&noUDP&sock=1478_5d11_3>
...
006 (31980885.072.000) 03/28 22:02:22 Image size of job updated: 132
	132  -  MemoryUsage of job (MB)
	135740  -  ResidentSetSize of job (KB)
...
006 (31980885.072.000) 03/28 22:03:22 Image size of job updated: 132
	132  -  MemoryUsage of job (MB)
	135764  -  ResidentSetSize of job (KB)
...
006 (31980885.072.000) 03/28 22:04:22 Image size of job updated: 172
	172  -  MemoryUsage of job (MB)
	176580  -  ResidentSetSize of job (KB)
...
006 (31980885.072.000) 03/28 22:05:22 Image size of job updated: 187
	187  -  MemoryUsage of job (MB)
	191520  -  ResidentSetSize of job (KB)
...
006 (31980885.072.000) 03/28 22:06:23 Image size of job updated: 187
	187  -  MemoryUsage of job (MB)
	191876  -  ResidentSetSize of job (KB)
...
006 (31980885.072.000) 03/28 22:07:24 Image size of job updated: 187
	187  -  MemoryUsage of job (MB)
	192284  -  ResidentSetSize of job (KB)
...
006 (31980885.072.000) 03/28 22:08:26 Image size of job updated: 188
	188  -  MemoryUsage of job (MB)
	192544  -  ResidentSetSize of job (KB)
...
006 (31980885.072.000) 03/28 22:09:26 Image size of job updated: 194
	194  -  MemoryUsage of job (MB)
	199596  -  ResidentSetSize of job (KB)
...
006 (31980885.072.000) 03/28 22:10:26 Image size of job updated: 213
	213  -  MemoryUsage of job (MB)
	218784  -  ResidentSetSize of job (KB)
...
006 (31980885.072.000) 03/28 22:11:26 Image size of job updated: 215
	215  -  MemoryUsage of job (MB)
	220796  -  ResidentSetSize of job (KB)
...
006 (31980885.072.000) 03/28 22:12:27 Image size of job updated: 215
	215  -  MemoryUsage of job (MB)
	220800  -  ResidentSetSize of job (KB)
...
005 (31980885.072.000) 03/28 22:16:27 Job terminated.
	(1) Normal termination (return value 0)
		Usr 0 00:11:08, Sys 0 00:00:35  -  Run Remote Usage
		Usr 0 00:00:00, Sys 0 00:00:00  -  Run Local Usage
		Usr 0 00:11:08, Sys 0 00:00:35  -  Total Remote Usage
		Usr 0 00:00:00, Sys 0 00:00:00  -  Total Local Usage
	150950  -  Run Bytes Sent By Job
	2245687  -  Run Bytes Received By Job
	150950  -  Total Bytes Sent By Job
	2245687  -  Total Bytes Received By Job
	Partitionable Resources :    Usage  Request Allocated 
	   Cpus                 :        0        1         1 
	   Disk (KB)            :     5134     2250   1694239 
	   Memory (MB)          :      215     2000      2000 
...
