000 (31980885.144.000) 03/28 21:58:26 Job submitted from host: <131.225.188.57:9618?addrs=131.225.188.57-9618&noUDP&sock=18092_2f86_3>
...
001 (31980885.144.000) 03/28 22:01:26 Job executing on host: <131.225.205.221:9618?addrs=131.225.205.221-9618&noUDP&sock=1471_8fe7_3>
...
006 (31980885.144.000) 03/28 22:02:35 Image size of job updated: 132
	132  -  MemoryUsage of job (MB)
	135760  -  ResidentSetSize of job (KB)
...
006 (31980885.144.000) 03/28 22:03:35 Image size of job updated: 169
	169  -  MemoryUsage of job (MB)
	174036  -  ResidentSetSize of job (KB)
...
006 (31980885.144.000) 03/28 22:04:35 Image size of job updated: 187
	187  -  MemoryUsage of job (MB)
	191832  -  ResidentSetSize of job (KB)
...
006 (31980885.144.000) 03/28 22:05:35 Image size of job updated: 187
	187  -  MemoryUsage of job (MB)
	192304  -  ResidentSetSize of job (KB)
...
006 (31980885.144.000) 03/28 22:06:36 Image size of job updated: 188
	188  -  MemoryUsage of job (MB)
	192576  -  ResidentSetSize of job (KB)
...
006 (31980885.144.000) 03/28 22:07:37 Image size of job updated: 188
	188  -  MemoryUsage of job (MB)
	192992  -  ResidentSetSize of job (KB)
...
006 (31980885.144.000) 03/28 22:08:39 Image size of job updated: 190
	190  -  MemoryUsage of job (MB)
	194664  -  ResidentSetSize of job (KB)
...
006 (31980885.144.000) 03/28 22:09:39 Image size of job updated: 209
	209  -  MemoryUsage of job (MB)
	214204  -  ResidentSetSize of job (KB)
...
006 (31980885.144.000) 03/28 22:10:39 Image size of job updated: 211
	211  -  MemoryUsage of job (MB)
	216428  -  ResidentSetSize of job (KB)
...
006 (31980885.144.000) 03/28 22:11:39 Image size of job updated: 211
	211  -  MemoryUsage of job (MB)
	216436  -  ResidentSetSize of job (KB)
...
006 (31980885.144.000) 03/28 22:12:40 Image size of job updated: 211
	211  -  MemoryUsage of job (MB)
	216456  -  ResidentSetSize of job (KB)
...
005 (31980885.144.000) 03/28 22:15:18 Job terminated.
	(1) Normal termination (return value 0)
		Usr 0 00:11:17, Sys 0 00:00:30  -  Run Remote Usage
		Usr 0 00:00:00, Sys 0 00:00:00  -  Run Local Usage
		Usr 0 00:11:17, Sys 0 00:00:30  -  Total Remote Usage
		Usr 0 00:00:00, Sys 0 00:00:00  -  Total Local Usage
	149770  -  Run Bytes Sent By Job
	2245687  -  Run Bytes Received By Job
	149770  -  Total Bytes Sent By Job
	2245687  -  Total Bytes Received By Job
	Partitionable Resources :    Usage  Request Allocated 
	   Cpus                 :     0.00        1         1 
	   Disk (KB)            :  5133        2250   1703834 
	   Memory (MB)          :   211        2000      2000 
...
