000 (31980885.014.000) 03/28 21:58:26 Job submitted from host: <131.225.188.57:9618?addrs=131.225.188.57-9618&noUDP&sock=18092_2f86_3>
...
001 (31980885.014.000) 03/28 22:00:59 Job executing on host: <131.225.188.54:9618?addrs=131.225.188.54-9618&noUDP&sock=1932_c510_3>
...
006 (31980885.014.000) 03/28 22:02:09 Image size of job updated: 132
	132  -  MemoryUsage of job (MB)
	135752  -  ResidentSetSize of job (KB)
...
006 (31980885.014.000) 03/28 22:03:09 Image size of job updated: 170
	170  -  MemoryUsage of job (MB)
	174320  -  ResidentSetSize of job (KB)
...
006 (31980885.014.000) 03/28 22:04:09 Image size of job updated: 212
	212  -  MemoryUsage of job (MB)
	217420  -  ResidentSetSize of job (KB)
...
006 (31980885.014.000) 03/28 22:04:40 Image size of job updated: 212
	212  -  MemoryUsage of job (MB)
	217612  -  ResidentSetSize of job (KB)
...
005 (31980885.014.000) 03/28 22:04:41 Job terminated.
	(1) Normal termination (return value 0)
		Usr 0 00:02:18, Sys 0 00:00:09  -  Run Remote Usage
		Usr 0 00:00:00, Sys 0 00:00:00  -  Run Local Usage
		Usr 0 00:02:18, Sys 0 00:00:09  -  Total Remote Usage
		Usr 0 00:00:00, Sys 0 00:00:00  -  Total Local Usage
	141401  -  Run Bytes Sent By Job
	2245687  -  Run Bytes Received By Job
	141401  -  Total Bytes Sent By Job
	2245687  -  Total Bytes Received By Job
	Partitionable Resources :    Usage  Request Allocated 
	   Cpus                 :     0.00        1         1 
	   Disk (KB)            :  5125        2250   1623635 
	   Memory (MB)          :   212        2000      2000 
...
