000 (31980885.143.000) 03/28 21:58:26 Job submitted from host: <131.225.188.57:9618?addrs=131.225.188.57-9618&noUDP&sock=18092_2f86_3>
...
001 (31980885.143.000) 03/28 22:01:26 Job executing on host: <131.225.188.25:9618?addrs=131.225.188.25-9618&noUDP&sock=1934_2440_3>
...
006 (31980885.143.000) 03/28 22:02:36 Image size of job updated: 132
	132  -  MemoryUsage of job (MB)
	135760  -  ResidentSetSize of job (KB)
...
006 (31980885.143.000) 03/28 22:04:37 Image size of job updated: 172
	172  -  MemoryUsage of job (MB)
	176484  -  ResidentSetSize of job (KB)
...
006 (31980885.143.000) 03/28 22:05:37 Image size of job updated: 185
	185  -  MemoryUsage of job (MB)
	190380  -  ResidentSetSize of job (KB)
...
006 (31980885.143.000) 03/28 22:06:37 Image size of job updated: 186
	186  -  MemoryUsage of job (MB)
	190752  -  ResidentSetSize of job (KB)
...
006 (31980885.143.000) 03/28 22:07:38 Image size of job updated: 186
	186  -  MemoryUsage of job (MB)
	191108  -  ResidentSetSize of job (KB)
...
006 (31980885.143.000) 03/28 22:08:39 Image size of job updated: 192
	192  -  MemoryUsage of job (MB)
	197016  -  ResidentSetSize of job (KB)
...
006 (31980885.143.000) 03/28 22:09:40 Image size of job updated: 193
	193  -  MemoryUsage of job (MB)
	198652  -  ResidentSetSize of job (KB)
...
006 (31980885.143.000) 03/28 22:10:41 Image size of job updated: 211
	211  -  MemoryUsage of job (MB)
	217024  -  ResidentSetSize of job (KB)
...
006 (31980885.143.000) 03/28 22:11:41 Image size of job updated: 212
	212  -  MemoryUsage of job (MB)
	217132  -  ResidentSetSize of job (KB)
...
006 (31980885.143.000) 03/28 22:12:41 Image size of job updated: 212
	212  -  MemoryUsage of job (MB)
	217584  -  ResidentSetSize of job (KB)
...
006 (31980885.143.000) 03/28 22:13:41 Image size of job updated: 212
	212  -  MemoryUsage of job (MB)
	217588  -  ResidentSetSize of job (KB)
...
006 (31980885.143.000) 03/28 22:14:42 Image size of job updated: 212
	212  -  MemoryUsage of job (MB)
	217636  -  ResidentSetSize of job (KB)
...
005 (31980885.143.000) 03/28 22:16:16 Job terminated.
	(1) Normal termination (return value 0)
		Usr 0 00:09:08, Sys 0 00:00:30  -  Run Remote Usage
		Usr 0 00:00:00, Sys 0 00:00:00  -  Run Local Usage
		Usr 0 00:09:08, Sys 0 00:00:30  -  Total Remote Usage
		Usr 0 00:00:00, Sys 0 00:00:00  -  Total Local Usage
	150169  -  Run Bytes Sent By Job
	2245687  -  Run Bytes Received By Job
	150169  -  Total Bytes Sent By Job
	2245687  -  Total Bytes Received By Job
	Partitionable Resources :    Usage  Request Allocated 
	   Cpus                 :     0.00        1         1 
	   Disk (KB)            :  5134        2250   1654751 
	   Memory (MB)          :   212        2000      2000 
...
