000 (31980885.092.000) 03/28 21:58:26 Job submitted from host: <131.225.188.57:9618?addrs=131.225.188.57-9618&noUDP&sock=18092_2f86_3>
...
001 (31980885.092.000) 03/28 22:01:15 Job executing on host: <131.225.188.46:9618?addrs=131.225.188.46-9618&noUDP&sock=1933_74a8_3>
...
006 (31980885.092.000) 03/28 22:02:24 Image size of job updated: 132
	132  -  MemoryUsage of job (MB)
	135764  -  ResidentSetSize of job (KB)
...
006 (31980885.092.000) 03/28 22:03:24 Image size of job updated: 167
	167  -  MemoryUsage of job (MB)
	171648  -  ResidentSetSize of job (KB)
...
006 (31980885.092.000) 03/28 22:04:25 Image size of job updated: 172
	172  -  MemoryUsage of job (MB)
	176676  -  ResidentSetSize of job (KB)
...
006 (31980885.092.000) 03/28 22:05:26 Image size of job updated: 185
	185  -  MemoryUsage of job (MB)
	190344  -  ResidentSetSize of job (KB)
...
006 (31980885.092.000) 03/28 22:06:27 Image size of job updated: 192
	192  -  MemoryUsage of job (MB)
	197044  -  ResidentSetSize of job (KB)
...
006 (31980885.092.000) 03/28 22:07:27 Image size of job updated: 192
	192  -  MemoryUsage of job (MB)
	197380  -  ResidentSetSize of job (KB)
...
006 (31980885.092.000) 03/28 22:08:27 Image size of job updated: 194
	194  -  MemoryUsage of job (MB)
	199036  -  ResidentSetSize of job (KB)
...
006 (31980885.092.000) 03/28 22:09:27 Image size of job updated: 216
	216  -  MemoryUsage of job (MB)
	221580  -  ResidentSetSize of job (KB)
...
006 (31980885.092.000) 03/28 22:10:28 Image size of job updated: 218
	218  -  MemoryUsage of job (MB)
	223320  -  ResidentSetSize of job (KB)
...
006 (31980885.092.000) 03/28 22:11:29 Image size of job updated: 218
	218  -  MemoryUsage of job (MB)
	223324  -  ResidentSetSize of job (KB)
...
006 (31980885.092.000) 03/28 22:13:50 Image size of job updated: 218
	218  -  MemoryUsage of job (MB)
	223336  -  ResidentSetSize of job (KB)
...
005 (31980885.092.000) 03/28 22:13:51 Job terminated.
	(1) Normal termination (return value 0)
		Usr 0 00:08:53, Sys 0 00:00:28  -  Run Remote Usage
		Usr 0 00:00:00, Sys 0 00:00:00  -  Run Local Usage
		Usr 0 00:08:53, Sys 0 00:00:28  -  Total Remote Usage
		Usr 0 00:00:00, Sys 0 00:00:00  -  Total Local Usage
	148152  -  Run Bytes Sent By Job
	2245687  -  Run Bytes Received By Job
	148152  -  Total Bytes Sent By Job
	2245687  -  Total Bytes Received By Job
	Partitionable Resources :    Usage  Request Allocated 
	   Cpus                 :        0        1         1 
	   Disk (KB)            :     5132     2250   1650168 
	   Memory (MB)          :      218     2000      2000 
...
