000 (31980885.102.000) 03/28 21:58:26 Job submitted from host: <131.225.188.57:9618?addrs=131.225.188.57-9618&noUDP&sock=18092_2f86_3>
...
001 (31980885.102.000) 03/28 22:01:20 Job executing on host: <131.225.205.190:9618?addrs=131.225.205.190-9618&noUDP&sock=1457_f593_3>
...
006 (31980885.102.000) 03/28 22:02:28 Image size of job updated: 132
	132  -  MemoryUsage of job (MB)
	135760  -  ResidentSetSize of job (KB)
...
006 (31980885.102.000) 03/28 22:04:29 Image size of job updated: 173
	173  -  MemoryUsage of job (MB)
	177344  -  ResidentSetSize of job (KB)
...
006 (31980885.102.000) 03/28 22:05:29 Image size of job updated: 186
	186  -  MemoryUsage of job (MB)
	191444  -  ResidentSetSize of job (KB)
...
006 (31980885.102.000) 03/28 22:06:30 Image size of job updated: 187
	187  -  MemoryUsage of job (MB)
	191848  -  ResidentSetSize of job (KB)
...
006 (31980885.102.000) 03/28 22:07:31 Image size of job updated: 193
	193  -  MemoryUsage of job (MB)
	198136  -  ResidentSetSize of job (KB)
...
006 (31980885.102.000) 03/28 22:08:32 Image size of job updated: 193
	193  -  MemoryUsage of job (MB)
	198276  -  ResidentSetSize of job (KB)
...
006 (31980885.102.000) 03/28 22:09:32 Image size of job updated: 195
	195  -  MemoryUsage of job (MB)
	199932  -  ResidentSetSize of job (KB)
...
006 (31980885.102.000) 03/28 22:10:32 Image size of job updated: 214
	214  -  MemoryUsage of job (MB)
	219808  -  ResidentSetSize of job (KB)
...
006 (31980885.102.000) 03/28 22:11:32 Image size of job updated: 216
	216  -  MemoryUsage of job (MB)
	221536  -  ResidentSetSize of job (KB)
...
006 (31980885.102.000) 03/28 22:12:33 Image size of job updated: 216
	216  -  MemoryUsage of job (MB)
	221628  -  ResidentSetSize of job (KB)
...
006 (31980885.102.000) 03/28 22:13:34 Image size of job updated: 216
	216  -  MemoryUsage of job (MB)
	221712  -  ResidentSetSize of job (KB)
...
005 (31980885.102.000) 03/28 22:16:16 Job terminated.
	(1) Normal termination (return value 0)
		Usr 0 00:11:35, Sys 0 00:00:34  -  Run Remote Usage
		Usr 0 00:00:00, Sys 0 00:00:00  -  Run Local Usage
		Usr 0 00:11:35, Sys 0 00:00:34  -  Total Remote Usage
		Usr 0 00:00:00, Sys 0 00:00:00  -  Total Local Usage
	151129  -  Run Bytes Sent By Job
	2245687  -  Run Bytes Received By Job
	151129  -  Total Bytes Sent By Job
	2245687  -  Total Bytes Received By Job
	Partitionable Resources :    Usage  Request Allocated 
	   Cpus                 :        0        1         1 
	   Disk (KB)            :     5134     2250   1626406 
	   Memory (MB)          :      216     2000      2000 
...
