000 (31980885.024.000) 03/28 21:58:26 Job submitted from host: <131.225.188.57:9618?addrs=131.225.188.57-9618&noUDP&sock=18092_2f86_3>
...
001 (31980885.024.000) 03/28 22:01:02 Job executing on host: <131.225.188.106:9618?addrs=131.225.188.106-9618&noUDP&sock=1920_89ed_3>
...
006 (31980885.024.000) 03/28 22:02:12 Image size of job updated: 129
	129  -  MemoryUsage of job (MB)
	133096  -  ResidentSetSize of job (KB)
...
006 (31980885.024.000) 03/28 22:03:12 Image size of job updated: 170
	170  -  MemoryUsage of job (MB)
	174120  -  ResidentSetSize of job (KB)
...
006 (31980885.024.000) 03/28 22:04:12 Image size of job updated: 205
	205  -  MemoryUsage of job (MB)
	210628  -  ResidentSetSize of job (KB)
...
006 (31980885.024.000) 03/28 22:04:37 Image size of job updated: 205
	205  -  MemoryUsage of job (MB)
	210844  -  ResidentSetSize of job (KB)
...
005 (31980885.024.000) 03/28 22:04:39 Job terminated.
	(1) Normal termination (return value 0)
		Usr 0 00:02:15, Sys 0 00:00:08  -  Run Remote Usage
		Usr 0 00:00:00, Sys 0 00:00:00  -  Run Local Usage
		Usr 0 00:02:15, Sys 0 00:00:08  -  Total Remote Usage
		Usr 0 00:00:00, Sys 0 00:00:00  -  Total Local Usage
	141169  -  Run Bytes Sent By Job
	2245687  -  Run Bytes Received By Job
	141169  -  Total Bytes Sent By Job
	2245687  -  Total Bytes Received By Job
	Partitionable Resources :    Usage  Request Allocated 
	   Cpus                 :        0        1         1 
	   Disk (KB)            :     5125     2250   1619590 
	   Memory (MB)          :      205     2000      2000 
...
