000 (31980885.030.000) 03/28 21:58:26 Job submitted from host: <131.225.188.57:9618?addrs=131.225.188.57-9618&noUDP&sock=18092_2f86_3>
...
001 (31980885.030.000) 03/28 22:01:11 Job executing on host: <131.225.190.44:9618?addrs=131.225.190.44-9618&noUDP&sock=1431_201d_3>
...
006 (31980885.030.000) 03/28 22:02:21 Image size of job updated: 35
	35  -  MemoryUsage of job (MB)
	36812  -  ResidentSetSize of job (KB)
...
006 (31980885.030.000) 03/28 22:03:22 Image size of job updated: 168
	168  -  MemoryUsage of job (MB)
	172372  -  ResidentSetSize of job (KB)
...
006 (31980885.030.000) 03/28 22:04:22 Image size of job updated: 205
	205  -  MemoryUsage of job (MB)
	210032  -  ResidentSetSize of job (KB)
...
006 (31980885.030.000) 03/28 22:05:22 Image size of job updated: 207
	207  -  MemoryUsage of job (MB)
	212660  -  ResidentSetSize of job (KB)
...
006 (31980885.030.000) 03/28 22:05:42 Image size of job updated: 207
	207  -  MemoryUsage of job (MB)
	212828  -  ResidentSetSize of job (KB)
...
005 (31980885.030.000) 03/28 22:05:43 Job terminated.
	(1) Normal termination (return value 0)
		Usr 0 00:02:49, Sys 0 00:00:13  -  Run Remote Usage
		Usr 0 00:00:00, Sys 0 00:00:00  -  Run Local Usage
		Usr 0 00:02:49, Sys 0 00:00:13  -  Total Remote Usage
		Usr 0 00:00:00, Sys 0 00:00:00  -  Total Local Usage
	140439  -  Run Bytes Sent By Job
	2245687  -  Run Bytes Received By Job
	140439  -  Total Bytes Sent By Job
	2245687  -  Total Bytes Received By Job
	Partitionable Resources :    Usage  Request Allocated 
	   Cpus                 :        0        1         1 
	   Disk (KB)            :     5125     2250    772815 
	   Memory (MB)          :      207     2000      2000 
...
