000 (31980885.076.000) 03/28 21:58:26 Job submitted from host: <131.225.188.57:9618?addrs=131.225.188.57-9618&noUDP&sock=18092_2f86_3>
...
001 (31980885.076.000) 03/28 22:01:19 Job executing on host: <131.225.190.31:9618?addrs=131.225.190.31-9618&noUDP&sock=1441_fc0f_3>
...
006 (31980885.076.000) 03/28 22:02:29 Image size of job updated: 132
	132  -  MemoryUsage of job (MB)
	135756  -  ResidentSetSize of job (KB)
...
006 (31980885.076.000) 03/28 22:04:31 Image size of job updated: 178
	178  -  MemoryUsage of job (MB)
	183136  -  ResidentSetSize of job (KB)
...
006 (31980885.076.000) 03/28 22:05:33 Image size of job updated: 183
	183  -  MemoryUsage of job (MB)
	187588  -  ResidentSetSize of job (KB)
...
006 (31980885.076.000) 03/28 22:06:33 Image size of job updated: 189
	189  -  MemoryUsage of job (MB)
	193856  -  ResidentSetSize of job (KB)
...
006 (31980885.076.000) 03/28 22:07:33 Image size of job updated: 189
	189  -  MemoryUsage of job (MB)
	194332  -  ResidentSetSize of job (KB)
...
006 (31980885.076.000) 03/28 22:08:33 Image size of job updated: 191
	191  -  MemoryUsage of job (MB)
	196160  -  ResidentSetSize of job (KB)
...
006 (31980885.076.000) 03/28 22:10:35 Image size of job updated: 212
	212  -  MemoryUsage of job (MB)
	217452  -  ResidentSetSize of job (KB)
...
006 (31980885.076.000) 03/28 22:12:36 Image size of job updated: 212
	212  -  MemoryUsage of job (MB)
	217476  -  ResidentSetSize of job (KB)
...
006 (31980885.076.000) 03/28 22:14:36 Image size of job updated: 212
	212  -  MemoryUsage of job (MB)
	217484  -  ResidentSetSize of job (KB)
...
005 (31980885.076.000) 03/28 22:15:26 Job terminated.
	(1) Normal termination (return value 0)
		Usr 0 00:10:12, Sys 0 00:00:33  -  Run Remote Usage
		Usr 0 00:00:00, Sys 0 00:00:00  -  Run Local Usage
		Usr 0 00:10:12, Sys 0 00:00:33  -  Total Remote Usage
		Usr 0 00:00:00, Sys 0 00:00:00  -  Total Local Usage
	151414  -  Run Bytes Sent By Job
	2245687  -  Run Bytes Received By Job
	151414  -  Total Bytes Sent By Job
	2245687  -  Total Bytes Received By Job
	Partitionable Resources :    Usage  Request Allocated 
	   Cpus                 :     0.00        1         1 
	   Disk (KB)            :  5135        2250    774379 
	   Memory (MB)          :   212        2000      2000 
...
