000 (31980885.003.000) 03/28 21:58:25 Job submitted from host: <131.225.188.57:9618?addrs=131.225.188.57-9618&noUDP&sock=18092_2f86_3>
...
001 (31980885.003.000) 03/28 22:01:00 Job executing on host: <131.225.205.191:9618?addrs=131.225.205.191-9618&noUDP&sock=1466_21ee_3>
...
006 (31980885.003.000) 03/28 22:01:10 Image size of job updated: 16
	16  -  MemoryUsage of job (MB)
	17032  -  ResidentSetSize of job (KB)
...
006 (31980885.003.000) 03/28 22:02:10 Image size of job updated: 74
	74  -  MemoryUsage of job (MB)
	75936  -  ResidentSetSize of job (KB)
...
006 (31980885.003.000) 03/28 22:03:10 Image size of job updated: 170
	170  -  MemoryUsage of job (MB)
	174696  -  ResidentSetSize of job (KB)
...
006 (31980885.003.000) 03/28 22:04:10 Image size of job updated: 204
	204  -  MemoryUsage of job (MB)
	209320  -  ResidentSetSize of job (KB)
...
006 (31980885.003.000) 03/28 22:05:10 Image size of job updated: 207
	207  -  MemoryUsage of job (MB)
	212232  -  ResidentSetSize of job (KB)
...
005 (31980885.003.000) 03/28 22:05:13 Job terminated.
	(1) Normal termination (return value 0)
		Usr 0 00:03:13, Sys 0 00:00:10  -  Run Remote Usage
		Usr 0 00:00:00, Sys 0 00:00:00  -  Run Local Usage
		Usr 0 00:03:13, Sys 0 00:00:10  -  Total Remote Usage
		Usr 0 00:00:00, Sys 0 00:00:00  -  Total Local Usage
	142311  -  Run Bytes Sent By Job
	2245687  -  Run Bytes Received By Job
	142311  -  Total Bytes Sent By Job
	2245687  -  Total Bytes Received By Job
	Partitionable Resources :    Usage  Request Allocated 
	   Cpus                 :     0.00        1         1 
	   Disk (KB)            :  5126        2250   1650691 
	   Memory (MB)          :   207        2000      2000 
...
