000 (31980885.002.000) 03/28 21:58:25 Job submitted from host: <131.225.188.57:9618?addrs=131.225.188.57-9618&noUDP&sock=18092_2f86_3>
...
001 (31980885.002.000) 03/28 22:00:59 Job executing on host: <131.225.205.164:9618?addrs=131.225.205.164-9618&noUDP&sock=1462_638d_3>
...
006 (31980885.002.000) 03/28 22:03:11 Image size of job updated: 5
	4  -  MemoryUsage of job (MB)
	4692  -  ResidentSetSize of job (KB)
...
006 (31980885.002.000) 03/28 22:04:10 Image size of job updated: 167
	167  -  MemoryUsage of job (MB)
	171724  -  ResidentSetSize of job (KB)
...
006 (31980885.002.000) 03/28 22:05:11 Image size of job updated: 194
	194  -  MemoryUsage of job (MB)
	199268  -  ResidentSetSize of job (KB)
...
006 (31980885.002.000) 03/28 22:06:12 Image size of job updated: 208
	208  -  MemoryUsage of job (MB)
	213088  -  ResidentSetSize of job (KB)
...
006 (31980885.002.000) 03/28 22:06:30 Image size of job updated: 208
	208  -  MemoryUsage of job (MB)
	213232  -  ResidentSetSize of job (KB)
...
005 (31980885.002.000) 03/28 22:06:31 Job terminated.
	(1) Normal termination (return value 0)
		Usr 0 00:03:11, Sys 0 00:00:10  -  Run Remote Usage
		Usr 0 00:00:00, Sys 0 00:00:00  -  Run Local Usage
		Usr 0 00:03:11, Sys 0 00:00:10  -  Total Remote Usage
		Usr 0 00:00:00, Sys 0 00:00:00  -  Total Local Usage
	141976  -  Run Bytes Sent By Job
	2245687  -  Run Bytes Received By Job
	141976  -  Total Bytes Sent By Job
	2245687  -  Total Bytes Received By Job
	Partitionable Resources :    Usage  Request Allocated 
	   Cpus                 :        0        1         1 
	   Disk (KB)            :     5126     2250   1640462 
	   Memory (MB)          :      208     2000      2000 
...
