000 (31980885.089.000) 03/28 21:58:26 Job submitted from host: <131.225.188.57:9618?addrs=131.225.188.57-9618&noUDP&sock=18092_2f86_3>
...
001 (31980885.089.000) 03/28 22:01:16 Job executing on host: <131.225.205.185:9618?addrs=131.225.205.185-9618&noUDP&sock=1465_7255_3>
...
006 (31980885.089.000) 03/28 22:02:29 Image size of job updated: 132
	132  -  MemoryUsage of job (MB)
	135752  -  ResidentSetSize of job (KB)
...
006 (31980885.089.000) 03/28 22:04:30 Image size of job updated: 170
	170  -  MemoryUsage of job (MB)
	174896  -  ResidentSetSize of job (KB)
...
006 (31980885.089.000) 03/28 22:05:30 Image size of job updated: 187
	187  -  MemoryUsage of job (MB)
	191556  -  ResidentSetSize of job (KB)
...
006 (31980885.089.000) 03/28 22:06:30 Image size of job updated: 194
	194  -  MemoryUsage of job (MB)
	199176  -  ResidentSetSize of job (KB)
...
006 (31980885.089.000) 03/28 22:07:30 Image size of job updated: 194
	194  -  MemoryUsage of job (MB)
	199576  -  ResidentSetSize of job (KB)
...
006 (31980885.089.000) 03/28 22:08:31 Image size of job updated: 195
	195  -  MemoryUsage of job (MB)
	199824  -  ResidentSetSize of job (KB)
...
006 (31980885.089.000) 03/28 22:09:32 Image size of job updated: 196
	196  -  MemoryUsage of job (MB)
	201424  -  ResidentSetSize of job (KB)
...
006 (31980885.089.000) 03/28 22:10:33 Image size of job updated: 220
	220  -  MemoryUsage of job (MB)
	225728  -  ResidentSetSize of job (KB)
...
006 (31980885.089.000) 03/28 22:11:33 Image size of job updated: 220
	220  -  MemoryUsage of job (MB)
	225944  -  ResidentSetSize of job (KB)
...
006 (31980885.089.000) 03/28 22:14:34 Image size of job updated: 221
	221  -  MemoryUsage of job (MB)
	226852  -  ResidentSetSize of job (KB)
...
006 (31980885.089.000) 03/28 22:15:36 Image size of job updated: 222
	222  -  MemoryUsage of job (MB)
	227800  -  ResidentSetSize of job (KB)
...
005 (31980885.089.000) 03/28 22:16:41 Job terminated.
	(1) Normal termination (return value 0)
		Usr 0 00:11:51, Sys 0 00:00:34  -  Run Remote Usage
		Usr 0 00:00:00, Sys 0 00:00:00  -  Run Local Usage
		Usr 0 00:11:51, Sys 0 00:00:34  -  Total Remote Usage
		Usr 0 00:00:00, Sys 0 00:00:00  -  Total Local Usage
	153751  -  Run Bytes Sent By Job
	2245687  -  Run Bytes Received By Job
	153751  -  Total Bytes Sent By Job
	2245687  -  Total Bytes Received By Job
	Partitionable Resources :    Usage  Request Allocated 
	   Cpus                 :     0.00        1         1 
	   Disk (KB)            :  5137        2250   1638513 
	   Memory (MB)          :   222        2000      2000 
...
