000 (31980885.079.000) 03/28 21:58:26 Job submitted from host: <131.225.188.57:9618?addrs=131.225.188.57-9618&noUDP&sock=18092_2f86_3>
...
001 (31980885.079.000) 03/28 22:01:13 Job executing on host: <131.225.205.181:9618?addrs=131.225.205.181-9618&noUDP&sock=1451_d802_3>
...
006 (31980885.079.000) 03/28 22:02:22 Image size of job updated: 17
	17  -  MemoryUsage of job (MB)
	17508  -  ResidentSetSize of job (KB)
...
006 (31980885.079.000) 03/28 22:03:23 Image size of job updated: 92
	92  -  MemoryUsage of job (MB)
	94696  -  ResidentSetSize of job (KB)
...
006 (31980885.079.000) 03/28 22:04:24 Image size of job updated: 174
	174  -  MemoryUsage of job (MB)
	178588  -  ResidentSetSize of job (KB)
...
006 (31980885.079.000) 03/28 22:05:25 Image size of job updated: 187
	187  -  MemoryUsage of job (MB)
	192072  -  ResidentSetSize of job (KB)
...
006 (31980885.079.000) 03/28 22:06:25 Image size of job updated: 187
	187  -  MemoryUsage of job (MB)
	192432  -  ResidentSetSize of job (KB)
...
006 (31980885.079.000) 03/28 22:07:25 Image size of job updated: 188
	188  -  MemoryUsage of job (MB)
	192656  -  ResidentSetSize of job (KB)
...
006 (31980885.079.000) 03/28 22:08:25 Image size of job updated: 188
	188  -  MemoryUsage of job (MB)
	192968  -  ResidentSetSize of job (KB)
...
006 (31980885.079.000) 03/28 22:09:26 Image size of job updated: 188
	188  -  MemoryUsage of job (MB)
	193012  -  ResidentSetSize of job (KB)
...
006 (31980885.079.000) 03/28 22:10:27 Image size of job updated: 190
	190  -  MemoryUsage of job (MB)
	194616  -  ResidentSetSize of job (KB)
...
006 (31980885.079.000) 03/28 22:11:28 Image size of job updated: 212
	212  -  MemoryUsage of job (MB)
	217288  -  ResidentSetSize of job (KB)
...
006 (31980885.079.000) 03/28 22:12:28 Image size of job updated: 212
	212  -  MemoryUsage of job (MB)
	217316  -  ResidentSetSize of job (KB)
...
006 (31980885.079.000) 03/28 22:14:28 Image size of job updated: 212
	212  -  MemoryUsage of job (MB)
	217360  -  ResidentSetSize of job (KB)
...
006 (31980885.079.000) 03/28 22:15:29 Image size of job updated: 214
	214  -  MemoryUsage of job (MB)
	219616  -  ResidentSetSize of job (KB)
...
006 (31980885.079.000) 03/28 22:16:30 Image size of job updated: 214
	214  -  MemoryUsage of job (MB)
	219628  -  ResidentSetSize of job (KB)
...
006 (31980885.079.000) 03/28 22:17:31 Image size of job updated: 214
	214  -  MemoryUsage of job (MB)
	219632  -  ResidentSetSize of job (KB)
...
005 (31980885.079.000) 03/28 22:18:06 Job terminated.
	(1) Normal termination (return value 0)
		Usr 0 00:11:45, Sys 0 00:00:33  -  Run Remote Usage
		Usr 0 00:00:00, Sys 0 00:00:00  -  Run Local Usage
		Usr 0 00:11:45, Sys 0 00:00:33  -  Total Remote Usage
		Usr 0 00:00:00, Sys 0 00:00:00  -  Total Local Usage
	148971  -  Run Bytes Sent By Job
	2245687  -  Run Bytes Received By Job
	148971  -  Total Bytes Sent By Job
	2245687  -  Total Bytes Received By Job
	Partitionable Resources :    Usage  Request Allocated 
	   Cpus                 :     0.00        1         1 
	   Disk (KB)            :  5132        2250   1652860 
	   Memory (MB)          :   214        2000      2000 
...
