000 (31980885.113.000) 03/28 21:58:26 Job submitted from host: <131.225.188.57:9618?addrs=131.225.188.57-9618&noUDP&sock=18092_2f86_3>
...
001 (31980885.113.000) 03/28 22:01:20 Job executing on host: <131.225.188.88:9618?addrs=131.225.188.88-9618&noUDP&sock=1944_0033_3>
...
006 (31980885.113.000) 03/28 22:02:31 Image size of job updated: 92
	92  -  MemoryUsage of job (MB)
	94484  -  ResidentSetSize of job (KB)
...
006 (31980885.113.000) 03/28 22:03:32 Image size of job updated: 173
	173  -  MemoryUsage of job (MB)
	177468  -  ResidentSetSize of job (KB)
...
006 (31980885.113.000) 03/28 22:04:32 Image size of job updated: 186
	186  -  MemoryUsage of job (MB)
	190904  -  ResidentSetSize of job (KB)
...
006 (31980885.113.000) 03/28 22:05:32 Image size of job updated: 186
	186  -  MemoryUsage of job (MB)
	191484  -  ResidentSetSize of job (KB)
...
006 (31980885.113.000) 03/28 22:06:32 Image size of job updated: 188
	188  -  MemoryUsage of job (MB)
	193356  -  ResidentSetSize of job (KB)
...
006 (31980885.113.000) 03/28 22:07:33 Image size of job updated: 213
	213  -  MemoryUsage of job (MB)
	218268  -  ResidentSetSize of job (KB)
...
006 (31980885.113.000) 03/28 22:08:34 Image size of job updated: 214
	214  -  MemoryUsage of job (MB)
	220088  -  ResidentSetSize of job (KB)
...
006 (31980885.113.000) 03/28 22:09:35 Image size of job updated: 214
	214  -  MemoryUsage of job (MB)
	220112  -  ResidentSetSize of job (KB)
...
006 (31980885.113.000) 03/28 22:10:35 Image size of job updated: 214
	214  -  MemoryUsage of job (MB)
	220116  -  ResidentSetSize of job (KB)
...
006 (31980885.113.000) 03/28 22:11:35 Image size of job updated: 214
	214  -  MemoryUsage of job (MB)
	220124  -  ResidentSetSize of job (KB)
...
005 (31980885.113.000) 03/28 22:12:05 Job terminated.
	(1) Normal termination (return value 0)
		Usr 0 00:08:55, Sys 0 00:00:27  -  Run Remote Usage
		Usr 0 00:00:00, Sys 0 00:00:00  -  Run Local Usage
		Usr 0 00:08:55, Sys 0 00:00:27  -  Total Remote Usage
		Usr 0 00:00:00, Sys 0 00:00:00  -  Total Local Usage
	147168  -  Run Bytes Sent By Job
	2245687  -  Run Bytes Received By Job
	147168  -  Total Bytes Sent By Job
	2245687  -  Total Bytes Received By Job
	Partitionable Resources :    Usage  Request Allocated 
	   Cpus                 :        0        1         1 
	   Disk (KB)            :     5131     2250   1631189 
	   Memory (MB)          :      214     2000      2000 
...
