000 (31980885.001.000) 03/28 21:58:25 Job submitted from host: <131.225.188.57:9618?addrs=131.225.188.57-9618&noUDP&sock=18092_2f86_3>
...
001 (31980885.001.000) 03/28 22:01:15 Job executing on host: <131.225.190.19:9618?addrs=131.225.190.19-9618&noUDP&sock=1450_286a_3>
...
006 (31980885.001.000) 03/28 22:04:29 Image size of job updated: 68
	68  -  MemoryUsage of job (MB)
	70236  -  ResidentSetSize of job (KB)
...
006 (31980885.001.000) 03/28 22:05:27 Image size of job updated: 116
	116  -  MemoryUsage of job (MB)
	119376  -  ResidentSetSize of job (KB)
...
006 (31980885.001.000) 03/28 22:06:27 Image size of job updated: 132
	132  -  MemoryUsage of job (MB)
	135748  -  ResidentSetSize of job (KB)
...
006 (31980885.001.000) 03/28 22:17:31 Image size of job updated: 175
	175  -  MemoryUsage of job (MB)
	179464  -  ResidentSetSize of job (KB)
...
006 (31980885.001.000) 03/28 22:18:32 Image size of job updated: 205
	205  -  MemoryUsage of job (MB)
	210016  -  ResidentSetSize of job (KB)
...
005 (31980885.001.000) 03/28 22:19:37 Job terminated.
	(1) Normal termination (return value 0)
		Usr 0 00:02:54, Sys 0 00:00:09  -  Run Remote Usage
		Usr 0 00:00:00, Sys 0 00:00:00  -  Run Local Usage
		Usr 0 00:02:54, Sys 0 00:00:09  -  Total Remote Usage
		Usr 0 00:00:00, Sys 0 00:00:00  -  Total Local Usage
	144095  -  Run Bytes Sent By Job
	2245687  -  Run Bytes Received By Job
	144095  -  Total Bytes Sent By Job
	2245687  -  Total Bytes Received By Job
	Partitionable Resources :    Usage  Request Allocated 
	   Cpus                 :     0.01        1         1 
	   Disk (KB)            :  5129        2250    770693 
	   Memory (MB)          :     4        2000      2000 
...
