000 (31980885.026.000) 03/28 21:58:26 Job submitted from host: <131.225.188.57:9618?addrs=131.225.188.57-9618&noUDP&sock=18092_2f86_3>
...
001 (31980885.026.000) 03/28 22:01:02 Job executing on host: <131.225.188.91:9618?addrs=131.225.188.91-9618&noUDP&sock=1923_98b6_3>
...
006 (31980885.026.000) 03/28 22:03:12 Image size of job updated: 166
	166  -  MemoryUsage of job (MB)
	170956  -  ResidentSetSize of job (KB)
...
006 (31980885.026.000) 03/28 22:04:13 Image size of job updated: 203
	203  -  MemoryUsage of job (MB)
	208516  -  ResidentSetSize of job (KB)
...
006 (31980885.026.000) 03/28 22:05:13 Image size of job updated: 204
	204  -  MemoryUsage of job (MB)
	209216  -  ResidentSetSize of job (KB)
...
005 (31980885.026.000) 03/28 22:05:14 Job terminated.
	(1) Normal termination (return value 0)
		Usr 0 00:02:36, Sys 0 00:00:09  -  Run Remote Usage
		Usr 0 00:00:00, Sys 0 00:00:00  -  Run Local Usage
		Usr 0 00:02:36, Sys 0 00:00:09  -  Total Remote Usage
		Usr 0 00:00:00, Sys 0 00:00:00  -  Total Local Usage
	141871  -  Run Bytes Sent By Job
	2245687  -  Run Bytes Received By Job
	141871  -  Total Bytes Sent By Job
	2245687  -  Total Bytes Received By Job
	Partitionable Resources :    Usage  Request Allocated 
	   Cpus                 :        0        1         1 
	   Disk (KB)            :     5126     2250   1654459 
	   Memory (MB)          :      204     2000      2000 
...
