000 (31980885.139.000) 03/28 21:58:26 Job submitted from host: <131.225.188.57:9618?addrs=131.225.188.57-9618&noUDP&sock=18092_2f86_3>
...
001 (31980885.139.000) 03/28 22:01:25 Job executing on host: <131.225.191.225:9618?addrs=131.225.191.225-9618&noUDP&sock=1437_3daf_3>
...
006 (31980885.139.000) 03/28 22:03:36 Image size of job updated: 148
	148  -  MemoryUsage of job (MB)
	152116  -  ResidentSetSize of job (KB)
...
006 (31980885.139.000) 03/28 22:04:36 Image size of job updated: 148
	148  -  MemoryUsage of job (MB)
	152128  -  ResidentSetSize of job (KB)
...
006 (31980885.139.000) 03/28 22:05:36 Image size of job updated: 173
	173  -  MemoryUsage of job (MB)
	177212  -  ResidentSetSize of job (KB)
...
006 (31980885.139.000) 03/28 22:06:36 Image size of job updated: 187
	187  -  MemoryUsage of job (MB)
	191940  -  ResidentSetSize of job (KB)
...
006 (31980885.139.000) 03/28 22:07:36 Image size of job updated: 187
	187  -  MemoryUsage of job (MB)
	192460  -  ResidentSetSize of job (KB)
...
006 (31980885.139.000) 03/28 22:08:37 Image size of job updated: 188
	188  -  MemoryUsage of job (MB)
	192880  -  ResidentSetSize of job (KB)
...
006 (31980885.139.000) 03/28 22:09:38 Image size of job updated: 195
	195  -  MemoryUsage of job (MB)
	200012  -  ResidentSetSize of job (KB)
...
006 (31980885.139.000) 03/28 22:11:39 Image size of job updated: 215
	215  -  MemoryUsage of job (MB)
	220584  -  ResidentSetSize of job (KB)
...
006 (31980885.139.000) 03/28 22:12:39 Image size of job updated: 217
	217  -  MemoryUsage of job (MB)
	222528  -  ResidentSetSize of job (KB)
...
006 (31980885.139.000) 03/28 22:13:39 Image size of job updated: 217
	217  -  MemoryUsage of job (MB)
	222544  -  ResidentSetSize of job (KB)
...
006 (31980885.139.000) 03/28 22:15:41 Image size of job updated: 217
	217  -  MemoryUsage of job (MB)
	222556  -  ResidentSetSize of job (KB)
...
005 (31980885.139.000) 03/28 22:16:37 Job terminated.
	(1) Normal termination (return value 0)
		Usr 0 00:10:14, Sys 0 00:00:32  -  Run Remote Usage
		Usr 0 00:00:00, Sys 0 00:00:00  -  Run Local Usage
		Usr 0 00:10:14, Sys 0 00:00:32  -  Total Remote Usage
		Usr 0 00:00:00, Sys 0 00:00:00  -  Total Local Usage
	153459  -  Run Bytes Sent By Job
	2245687  -  Run Bytes Received By Job
	153459  -  Total Bytes Sent By Job
	2245687  -  Total Bytes Received By Job
	Partitionable Resources :    Usage  Request Allocated 
	   Cpus                 :        0        1         1 
	   Disk (KB)            :     5137     2250    769771 
	   Memory (MB)          :      217     2000      2000 
...
