000 (31980885.058.000) 03/28 21:58:26 Job submitted from host: <131.225.188.57:9618?addrs=131.225.188.57-9618&noUDP&sock=18092_2f86_3>
...
001 (31980885.058.000) 03/28 22:01:09 Job executing on host: <131.225.205.175:9618?addrs=131.225.205.175-9618&noUDP&sock=1464_c2bd_3>
...
006 (31980885.058.000) 03/28 22:02:18 Image size of job updated: 132
	132  -  MemoryUsage of job (MB)
	135760  -  ResidentSetSize of job (KB)
...
006 (31980885.058.000) 03/28 22:03:18 Image size of job updated: 168
	168  -  MemoryUsage of job (MB)
	172592  -  ResidentSetSize of job (KB)
...
006 (31980885.058.000) 03/28 22:04:18 Image size of job updated: 181
	181  -  MemoryUsage of job (MB)
	185380  -  ResidentSetSize of job (KB)
...
006 (31980885.058.000) 03/28 22:05:19 Image size of job updated: 187
	187  -  MemoryUsage of job (MB)
	192320  -  ResidentSetSize of job (KB)
...
006 (31980885.058.000) 03/28 22:06:20 Image size of job updated: 188
	188  -  MemoryUsage of job (MB)
	192712  -  ResidentSetSize of job (KB)
...
006 (31980885.058.000) 03/28 22:07:21 Image size of job updated: 188
	188  -  MemoryUsage of job (MB)
	193092  -  ResidentSetSize of job (KB)
...
006 (31980885.058.000) 03/28 22:08:21 Image size of job updated: 190
	190  -  MemoryUsage of job (MB)
	194732  -  ResidentSetSize of job (KB)
...
006 (31980885.058.000) 03/28 22:09:21 Image size of job updated: 190
	190  -  MemoryUsage of job (MB)
	194740  -  ResidentSetSize of job (KB)
...
006 (31980885.058.000) 03/28 22:10:21 Image size of job updated: 210
	210  -  MemoryUsage of job (MB)
	215924  -  ResidentSetSize of job (KB)
...
006 (31980885.058.000) 03/28 22:11:22 Image size of job updated: 210
	210  -  MemoryUsage of job (MB)
	215952  -  ResidentSetSize of job (KB)
...
006 (31980885.058.000) 03/28 22:12:23 Image size of job updated: 210
	210  -  MemoryUsage of job (MB)
	215972  -  ResidentSetSize of job (KB)
...
006 (31980885.058.000) 03/28 22:13:24 Image size of job updated: 216
	216  -  MemoryUsage of job (MB)
	221676  -  ResidentSetSize of job (KB)
...
006 (31980885.058.000) 03/28 22:14:24 Image size of job updated: 216
	216  -  MemoryUsage of job (MB)
	222184  -  ResidentSetSize of job (KB)
...
006 (31980885.058.000) 03/28 22:15:30 Image size of job updated: 216
	216  -  MemoryUsage of job (MB)
	222196  -  ResidentSetSize of job (KB)
...
005 (31980885.058.000) 03/28 22:15:31 Job terminated.
	(1) Normal termination (return value 0)
		Usr 0 00:11:33, Sys 0 00:00:32  -  Run Remote Usage
		Usr 0 00:00:00, Sys 0 00:00:00  -  Run Local Usage
		Usr 0 00:11:33, Sys 0 00:00:32  -  Total Remote Usage
		Usr 0 00:00:00, Sys 0 00:00:00  -  Total Local Usage
	205761  -  Run Bytes Sent By Job
	2245687  -  Run Bytes Received By Job
	205761  -  Total Bytes Sent By Job
	2245687  -  Total Bytes Received By Job
	Partitionable Resources :    Usage  Request Allocated 
	   Cpus                 :        0        1         1 
	   Disk (KB)            :   235940     2250   1649701 
	   Memory (MB)          :      216     2000      2000 
...
