000 (31980885.147.000) 03/28 21:58:26 Job submitted from host: <131.225.188.57:9618?addrs=131.225.188.57-9618&noUDP&sock=18092_2f86_3>
...
001 (31980885.147.000) 03/28 22:01:28 Job executing on host: <131.225.205.152:9618?addrs=131.225.205.152-9618&noUDP&sock=1458_a52c_3>
...
006 (31980885.147.000) 03/28 22:02:36 Image size of job updated: 132
	132  -  MemoryUsage of job (MB)
	135760  -  ResidentSetSize of job (KB)
...
006 (31980885.147.000) 03/28 22:03:36 Image size of job updated: 167
	167  -  MemoryUsage of job (MB)
	171888  -  ResidentSetSize of job (KB)
...
006 (31980885.147.000) 03/28 22:04:36 Image size of job updated: 173
	173  -  MemoryUsage of job (MB)
	178000  -  ResidentSetSize of job (KB)
...
006 (31980885.147.000) 03/28 22:05:36 Image size of job updated: 187
	187  -  MemoryUsage of job (MB)
	191512  -  ResidentSetSize of job (KB)
...
006 (31980885.147.000) 03/28 22:06:36 Image size of job updated: 187
	187  -  MemoryUsage of job (MB)
	191936  -  ResidentSetSize of job (KB)
...
006 (31980885.147.000) 03/28 22:07:37 Image size of job updated: 187
	187  -  MemoryUsage of job (MB)
	192320  -  ResidentSetSize of job (KB)
...
006 (31980885.147.000) 03/28 22:08:38 Image size of job updated: 189
	189  -  MemoryUsage of job (MB)
	194016  -  ResidentSetSize of job (KB)
...
006 (31980885.147.000) 03/28 22:09:39 Image size of job updated: 200
	200  -  MemoryUsage of job (MB)
	205648  -  ResidentSetSize of job (KB)
...
006 (31980885.147.000) 03/28 22:10:39 Image size of job updated: 208
	208  -  MemoryUsage of job (MB)
	213544  -  ResidentSetSize of job (KB)
...
006 (31980885.147.000) 03/28 22:11:39 Image size of job updated: 208
	208  -  MemoryUsage of job (MB)
	213620  -  ResidentSetSize of job (KB)
...
006 (31980885.147.000) 03/28 22:12:39 Image size of job updated: 209
	209  -  MemoryUsage of job (MB)
	214552  -  ResidentSetSize of job (KB)
...
006 (31980885.147.000) 03/28 22:14:41 Image size of job updated: 209
	209  -  MemoryUsage of job (MB)
	214556  -  ResidentSetSize of job (KB)
...
006 (31980885.147.000) 03/28 22:15:42 Image size of job updated: 209
	209  -  MemoryUsage of job (MB)
	214560  -  ResidentSetSize of job (KB)
...
005 (31980885.147.000) 03/28 22:15:50 Job terminated.
	(1) Normal termination (return value 0)
		Usr 0 00:11:23, Sys 0 00:00:31  -  Run Remote Usage
		Usr 0 00:00:00, Sys 0 00:00:00  -  Run Local Usage
		Usr 0 00:11:23, Sys 0 00:00:31  -  Total Remote Usage
		Usr 0 00:00:00, Sys 0 00:00:00  -  Total Local Usage
	148729  -  Run Bytes Sent By Job
	2245687  -  Run Bytes Received By Job
	148729  -  Total Bytes Sent By Job
	2245687  -  Total Bytes Received By Job
	Partitionable Resources :    Usage  Request Allocated 
	   Cpus                 :        0        1         1 
	   Disk (KB)            :     5132     2250   1654290 
	   Memory (MB)          :      209     2000      2000 
...
