000 (31980885.032.000) 03/28 21:58:26 Job submitted from host: <131.225.188.57:9618?addrs=131.225.188.57-9618&noUDP&sock=18092_2f86_3>
...
001 (31980885.032.000) 03/28 22:01:03 Job executing on host: <131.225.205.166:9618?addrs=131.225.205.166-9618&noUDP&sock=1459_54c4_3>
...
006 (31980885.032.000) 03/28 22:02:13 Image size of job updated: 164
	164  -  MemoryUsage of job (MB)
	168388  -  ResidentSetSize of job (KB)
...
006 (31980885.032.000) 03/28 22:03:14 Image size of job updated: 168
	168  -  MemoryUsage of job (MB)
	172964  -  ResidentSetSize of job (KB)
...
006 (31980885.032.000) 03/28 22:04:15 Image size of job updated: 210
	210  -  MemoryUsage of job (MB)
	215516  -  ResidentSetSize of job (KB)
...
006 (31980885.032.000) 03/28 22:05:16 Image size of job updated: 211
	211  -  MemoryUsage of job (MB)
	216560  -  ResidentSetSize of job (KB)
...
005 (31980885.032.000) 03/28 22:05:20 Job terminated.
	(1) Normal termination (return value 0)
		Usr 0 00:03:08, Sys 0 00:00:11  -  Run Remote Usage
		Usr 0 00:00:00, Sys 0 00:00:00  -  Run Local Usage
		Usr 0 00:03:08, Sys 0 00:00:11  -  Total Remote Usage
		Usr 0 00:00:00, Sys 0 00:00:00  -  Total Local Usage
	140724  -  Run Bytes Sent By Job
	2245687  -  Run Bytes Received By Job
	140724  -  Total Bytes Sent By Job
	2245687  -  Total Bytes Received By Job
	Partitionable Resources :    Usage  Request Allocated 
	   Cpus                 :     0.00        1         1 
	   Disk (KB)            :  5125        2250   1643064 
	   Memory (MB)          :   211        2000      2000 
...
