000 (31980885.084.000) 03/28 21:58:26 Job submitted from host: <131.225.188.57:9618?addrs=131.225.188.57-9618&noUDP&sock=18092_2f86_3>
...
001 (31980885.084.000) 03/28 22:01:15 Job executing on host: <131.225.205.161:9618?addrs=131.225.205.161-9618&noUDP&sock=1457_f593_3>
...
006 (31980885.084.000) 03/28 22:02:24 Image size of job updated: 132
	132  -  MemoryUsage of job (MB)
	135768  -  ResidentSetSize of job (KB)
...
006 (31980885.084.000) 03/28 22:03:24 Image size of job updated: 168
	168  -  MemoryUsage of job (MB)
	172532  -  ResidentSetSize of job (KB)
...
006 (31980885.084.000) 03/28 22:04:24 Image size of job updated: 174
	174  -  MemoryUsage of job (MB)
	178376  -  ResidentSetSize of job (KB)
...
006 (31980885.084.000) 03/28 22:05:24 Image size of job updated: 187
	187  -  MemoryUsage of job (MB)
	191844  -  ResidentSetSize of job (KB)
...
006 (31980885.084.000) 03/28 22:06:25 Image size of job updated: 187
	187  -  MemoryUsage of job (MB)
	192244  -  ResidentSetSize of job (KB)
...
006 (31980885.084.000) 03/28 22:07:26 Image size of job updated: 188
	188  -  MemoryUsage of job (MB)
	192648  -  ResidentSetSize of job (KB)
...
006 (31980885.084.000) 03/28 22:08:27 Image size of job updated: 189
	189  -  MemoryUsage of job (MB)
	194496  -  ResidentSetSize of job (KB)
...
006 (31980885.084.000) 03/28 22:09:27 Image size of job updated: 189
	189  -  MemoryUsage of job (MB)
	194544  -  ResidentSetSize of job (KB)
...
006 (31980885.084.000) 03/28 22:10:27 Image size of job updated: 210
	210  -  MemoryUsage of job (MB)
	215696  -  ResidentSetSize of job (KB)
...
006 (31980885.084.000) 03/28 22:11:27 Image size of job updated: 210
	210  -  MemoryUsage of job (MB)
	215712  -  ResidentSetSize of job (KB)
...
006 (31980885.084.000) 03/28 22:12:28 Image size of job updated: 210
	210  -  MemoryUsage of job (MB)
	215716  -  ResidentSetSize of job (KB)
...
006 (31980885.084.000) 03/28 22:15:30 Image size of job updated: 210
	210  -  MemoryUsage of job (MB)
	215736  -  ResidentSetSize of job (KB)
...
005 (31980885.084.000) 03/28 22:15:45 Job terminated.
	(1) Normal termination (return value 0)
		Usr 0 00:11:25, Sys 0 00:00:30  -  Run Remote Usage
		Usr 0 00:00:00, Sys 0 00:00:00  -  Run Local Usage
		Usr 0 00:11:25, Sys 0 00:00:30  -  Total Remote Usage
		Usr 0 00:00:00, Sys 0 00:00:00  -  Total Local Usage
	149774  -  Run Bytes Sent By Job
	2245687  -  Run Bytes Received By Job
	149774  -  Total Bytes Sent By Job
	2245687  -  Total Bytes Received By Job
	Partitionable Resources :    Usage  Request Allocated 
	   Cpus                 :     0.02        1         1 
	   Disk (KB)            :  5133        2250   1626747 
	   Memory (MB)          :   210        2000      2000 
...
