000 (31980885.150.000) 03/28 21:58:26 Job submitted from host: <131.225.188.57:9618?addrs=131.225.188.57-9618&noUDP&sock=18092_2f86_3>
...
001 (31980885.150.000) 03/28 22:01:27 Job executing on host: <131.225.205.162:9618?addrs=131.225.205.162-9618&noUDP&sock=1459_54c4_3>
...
006 (31980885.150.000) 03/28 22:04:38 Image size of job updated: 169
	169  -  MemoryUsage of job (MB)
	173540  -  ResidentSetSize of job (KB)
...
006 (31980885.150.000) 03/28 22:05:39 Image size of job updated: 173
	173  -  MemoryUsage of job (MB)
	177660  -  ResidentSetSize of job (KB)
...
006 (31980885.150.000) 03/28 22:06:40 Image size of job updated: 186
	186  -  MemoryUsage of job (MB)
	191340  -  ResidentSetSize of job (KB)
...
006 (31980885.150.000) 03/28 22:07:41 Image size of job updated: 187
	187  -  MemoryUsage of job (MB)
	191884  -  ResidentSetSize of job (KB)
...
006 (31980885.150.000) 03/28 22:08:41 Image size of job updated: 187
	187  -  MemoryUsage of job (MB)
	192272  -  ResidentSetSize of job (KB)
...
006 (31980885.150.000) 03/28 22:09:41 Image size of job updated: 187
	187  -  MemoryUsage of job (MB)
	192404  -  ResidentSetSize of job (KB)
...
006 (31980885.150.000) 03/28 22:10:41 Image size of job updated: 192
	192  -  MemoryUsage of job (MB)
	196796  -  ResidentSetSize of job (KB)
...
006 (31980885.150.000) 03/28 22:11:42 Image size of job updated: 215
	215  -  MemoryUsage of job (MB)
	220812  -  ResidentSetSize of job (KB)
...
006 (31980885.150.000) 03/28 22:12:43 Image size of job updated: 216
	216  -  MemoryUsage of job (MB)
	221460  -  ResidentSetSize of job (KB)
...
006 (31980885.150.000) 03/28 22:13:45 Image size of job updated: 216
	216  -  MemoryUsage of job (MB)
	221464  -  ResidentSetSize of job (KB)
...
006 (31980885.150.000) 03/28 22:17:18 Image size of job updated: 217
	217  -  MemoryUsage of job (MB)
	222668  -  ResidentSetSize of job (KB)
...
005 (31980885.150.000) 03/28 22:17:19 Job terminated.
	(1) Normal termination (return value 0)
		Usr 0 00:11:36, Sys 0 00:00:35  -  Run Remote Usage
		Usr 0 00:00:00, Sys 0 00:00:00  -  Run Local Usage
		Usr 0 00:11:36, Sys 0 00:00:35  -  Total Remote Usage
		Usr 0 00:00:00, Sys 0 00:00:00  -  Total Local Usage
	152366  -  Run Bytes Sent By Job
	2245687  -  Run Bytes Received By Job
	152366  -  Total Bytes Sent By Job
	2245687  -  Total Bytes Received By Job
	Partitionable Resources :    Usage  Request Allocated 
	   Cpus                 :        0        1         1 
	   Disk (KB)            :     5136     2250   1640145 
	   Memory (MB)          :      217     2000      2000 
...
