000 (31980885.048.000) 03/28 21:58:26 Job submitted from host: <131.225.188.57:9618?addrs=131.225.188.57-9618&noUDP&sock=18092_2f86_3>
...
001 (31980885.048.000) 03/28 22:01:09 Job executing on host: <131.225.191.225:9618?addrs=131.225.191.225-9618&noUDP&sock=1437_3daf_3>
...
006 (31980885.048.000) 03/28 22:02:18 Image size of job updated: 148
	148  -  MemoryUsage of job (MB)
	152120  -  ResidentSetSize of job (KB)
...
006 (31980885.048.000) 03/28 22:05:19 Image size of job updated: 171
	171  -  MemoryUsage of job (MB)
	175224  -  ResidentSetSize of job (KB)
...
006 (31980885.048.000) 03/28 22:06:19 Image size of job updated: 190
	190  -  MemoryUsage of job (MB)
	195564  -  ResidentSetSize of job (KB)
...
006 (31980885.048.000) 03/28 22:07:19 Image size of job updated: 191
	191  -  MemoryUsage of job (MB)
	196432  -  ResidentSetSize of job (KB)
...
006 (31980885.048.000) 03/28 22:08:20 Image size of job updated: 192
	192  -  MemoryUsage of job (MB)
	196832  -  ResidentSetSize of job (KB)
...
006 (31980885.048.000) 03/28 22:09:22 Image size of job updated: 192
	192  -  MemoryUsage of job (MB)
	196996  -  ResidentSetSize of job (KB)
...
006 (31980885.048.000) 03/28 22:10:22 Image size of job updated: 193
	193  -  MemoryUsage of job (MB)
	198624  -  ResidentSetSize of job (KB)
...
006 (31980885.048.000) 03/28 22:11:22 Image size of job updated: 214
	214  -  MemoryUsage of job (MB)
	219856  -  ResidentSetSize of job (KB)
...
006 (31980885.048.000) 03/28 22:12:22 Image size of job updated: 214
	214  -  MemoryUsage of job (MB)
	219964  -  ResidentSetSize of job (KB)
...
006 (31980885.048.000) 03/28 22:13:22 Image size of job updated: 214
	214  -  MemoryUsage of job (MB)
	219972  -  ResidentSetSize of job (KB)
...
006 (31980885.048.000) 03/28 22:14:23 Image size of job updated: 214
	214  -  MemoryUsage of job (MB)
	220008  -  ResidentSetSize of job (KB)
...
006 (31980885.048.000) 03/28 22:15:24 Image size of job updated: 215
	215  -  MemoryUsage of job (MB)
	220200  -  ResidentSetSize of job (KB)
...
005 (31980885.048.000) 03/28 22:16:08 Job terminated.
	(1) Normal termination (return value 0)
		Usr 0 00:10:08, Sys 0 00:00:34  -  Run Remote Usage
		Usr 0 00:00:00, Sys 0 00:00:00  -  Run Local Usage
		Usr 0 00:10:08, Sys 0 00:00:34  -  Total Remote Usage
		Usr 0 00:00:00, Sys 0 00:00:00  -  Total Local Usage
	155863  -  Run Bytes Sent By Job
	2245687  -  Run Bytes Received By Job
	155863  -  Total Bytes Sent By Job
	2245687  -  Total Bytes Received By Job
	Partitionable Resources :    Usage  Request Allocated 
	   Cpus                 :     0.00        1         1 
	   Disk (KB)            :  5141        2250    769771 
	   Memory (MB)          :   215        2000      2000 
...
