000 (31980885.132.000) 03/28 21:58:26 Job submitted from host: <131.225.188.57:9618?addrs=131.225.188.57-9618&noUDP&sock=18092_2f86_3>
...
001 (31980885.132.000) 03/28 22:01:25 Job executing on host: <131.225.205.154:9618?addrs=131.225.205.154-9618&noUDP&sock=1455_9663_3>
...
006 (31980885.132.000) 03/28 22:01:34 Image size of job updated: 21
	21  -  MemoryUsage of job (MB)
	21840  -  ResidentSetSize of job (KB)
...
006 (31980885.132.000) 03/28 22:02:35 Image size of job updated: 132
	132  -  MemoryUsage of job (MB)
	135756  -  ResidentSetSize of job (KB)
...
006 (31980885.132.000) 03/28 22:03:35 Image size of job updated: 170
	170  -  MemoryUsage of job (MB)
	174696  -  ResidentSetSize of job (KB)
...
006 (31980885.132.000) 03/28 22:04:35 Image size of job updated: 188
	188  -  MemoryUsage of job (MB)
	192604  -  ResidentSetSize of job (KB)
...
006 (31980885.132.000) 03/28 22:05:35 Image size of job updated: 195
	195  -  MemoryUsage of job (MB)
	200228  -  ResidentSetSize of job (KB)
...
006 (31980885.132.000) 03/28 22:06:35 Image size of job updated: 195
	195  -  MemoryUsage of job (MB)
	200628  -  ResidentSetSize of job (KB)
...
006 (31980885.132.000) 03/28 22:07:36 Image size of job updated: 196
	196  -  MemoryUsage of job (MB)
	200996  -  ResidentSetSize of job (KB)
...
006 (31980885.132.000) 03/28 22:08:37 Image size of job updated: 197
	197  -  MemoryUsage of job (MB)
	202660  -  ResidentSetSize of job (KB)
...
006 (31980885.132.000) 03/28 22:10:37 Image size of job updated: 219
	219  -  MemoryUsage of job (MB)
	224948  -  ResidentSetSize of job (KB)
...
006 (31980885.132.000) 03/28 22:11:37 Image size of job updated: 219
	219  -  MemoryUsage of job (MB)
	224960  -  ResidentSetSize of job (KB)
...
006 (31980885.132.000) 03/28 22:13:39 Image size of job updated: 219
	219  -  MemoryUsage of job (MB)
	224976  -  ResidentSetSize of job (KB)
...
005 (31980885.132.000) 03/28 22:15:39 Job terminated.
	(1) Normal termination (return value 0)
		Usr 0 00:10:38, Sys 0 00:00:34  -  Run Remote Usage
		Usr 0 00:00:00, Sys 0 00:00:00  -  Run Local Usage
		Usr 0 00:10:38, Sys 0 00:00:34  -  Total Remote Usage
		Usr 0 00:00:00, Sys 0 00:00:00  -  Total Local Usage
	205631  -  Run Bytes Sent By Job
	2245687  -  Run Bytes Received By Job
	205631  -  Total Bytes Sent By Job
	2245687  -  Total Bytes Received By Job
	Partitionable Resources :    Usage  Request Allocated 
	   Cpus                 :        0        1         1 
	   Disk (KB)            :   224336     2250   1630026 
	   Memory (MB)          :      219     2000      2000 
...
