000 (31980885.069.000) 03/28 21:58:26 Job submitted from host: <131.225.188.57:9618?addrs=131.225.188.57-9618&noUDP&sock=18092_2f86_3>
...
001 (31980885.069.000) 03/28 22:01:12 Job executing on host: <131.225.205.159:9618?addrs=131.225.205.159-9618&noUDP&sock=1454_e6cb_3>
...
006 (31980885.069.000) 03/28 22:02:20 Image size of job updated: 132
	132  -  MemoryUsage of job (MB)
	135760  -  ResidentSetSize of job (KB)
...
006 (31980885.069.000) 03/28 22:04:21 Image size of job updated: 173
	173  -  MemoryUsage of job (MB)
	177488  -  ResidentSetSize of job (KB)
...
006 (31980885.069.000) 03/28 22:05:21 Image size of job updated: 186
	186  -  MemoryUsage of job (MB)
	191196  -  ResidentSetSize of job (KB)
...
006 (31980885.069.000) 03/28 22:06:21 Image size of job updated: 187
	187  -  MemoryUsage of job (MB)
	191620  -  ResidentSetSize of job (KB)
...
006 (31980885.069.000) 03/28 22:07:21 Image size of job updated: 187
	187  -  MemoryUsage of job (MB)
	192064  -  ResidentSetSize of job (KB)
...
006 (31980885.069.000) 03/28 22:08:22 Image size of job updated: 194
	194  -  MemoryUsage of job (MB)
	199064  -  ResidentSetSize of job (KB)
...
006 (31980885.069.000) 03/28 22:09:23 Image size of job updated: 196
	196  -  MemoryUsage of job (MB)
	200708  -  ResidentSetSize of job (KB)
...
006 (31980885.069.000) 03/28 22:10:24 Image size of job updated: 216
	216  -  MemoryUsage of job (MB)
	221484  -  ResidentSetSize of job (KB)
...
006 (31980885.069.000) 03/28 22:11:24 Image size of job updated: 216
	216  -  MemoryUsage of job (MB)
	221524  -  ResidentSetSize of job (KB)
...
006 (31980885.069.000) 03/28 22:12:24 Image size of job updated: 218
	218  -  MemoryUsage of job (MB)
	223488  -  ResidentSetSize of job (KB)
...
006 (31980885.069.000) 03/28 22:13:24 Image size of job updated: 218
	218  -  MemoryUsage of job (MB)
	223492  -  ResidentSetSize of job (KB)
...
006 (31980885.069.000) 03/28 22:14:25 Image size of job updated: 218
	218  -  MemoryUsage of job (MB)
	223500  -  ResidentSetSize of job (KB)
...
005 (31980885.069.000) 03/28 22:16:24 Job terminated.
	(1) Normal termination (return value 0)
		Usr 0 00:11:51, Sys 0 00:00:37  -  Run Remote Usage
		Usr 0 00:00:00, Sys 0 00:00:00  -  Run Local Usage
		Usr 0 00:11:51, Sys 0 00:00:37  -  Total Remote Usage
		Usr 0 00:00:00, Sys 0 00:00:00  -  Total Local Usage
	150291  -  Run Bytes Sent By Job
	2245687  -  Run Bytes Received By Job
	150291  -  Total Bytes Sent By Job
	2245687  -  Total Bytes Received By Job
	Partitionable Resources :    Usage  Request Allocated 
	   Cpus                 :     0.00        1         1 
	   Disk (KB)            :  5134        2250   1641506 
	   Memory (MB)          :   218        2000      2000 
...
