000 (31980885.042.000) 03/28 21:58:26 Job submitted from host: <131.225.188.57:9618?addrs=131.225.188.57-9618&noUDP&sock=18092_2f86_3>
...
001 (31980885.042.000) 03/28 22:01:05 Job executing on host: <131.225.188.14:9618?addrs=131.225.188.14-9618&noUDP&sock=1925_f7e6_3>
...
006 (31980885.042.000) 03/28 22:02:15 Image size of job updated: 107
	107  -  MemoryUsage of job (MB)
	109640  -  ResidentSetSize of job (KB)
...
006 (31980885.042.000) 03/28 22:03:15 Image size of job updated: 173
	173  -  MemoryUsage of job (MB)
	178080  -  ResidentSetSize of job (KB)
...
006 (31980885.042.000) 03/28 22:04:16 Image size of job updated: 204
	204  -  MemoryUsage of job (MB)
	209712  -  ResidentSetSize of job (KB)
...
006 (31980885.042.000) 03/28 22:05:17 Image size of job updated: 205
	205  -  MemoryUsage of job (MB)
	210112  -  ResidentSetSize of job (KB)
...
005 (31980885.042.000) 03/28 22:05:18 Job terminated.
	(1) Normal termination (return value 0)
		Usr 0 00:02:17, Sys 0 00:00:08  -  Run Remote Usage
		Usr 0 00:00:00, Sys 0 00:00:00  -  Run Local Usage
		Usr 0 00:02:17, Sys 0 00:00:08  -  Total Remote Usage
		Usr 0 00:00:00, Sys 0 00:00:00  -  Total Local Usage
	141924  -  Run Bytes Sent By Job
	2245687  -  Run Bytes Received By Job
	141924  -  Total Bytes Sent By Job
	2245687  -  Total Bytes Received By Job
	Partitionable Resources :    Usage  Request Allocated 
	   Cpus                 :        0        1         1 
	   Disk (KB)            :     5126     2250   1643729 
	   Memory (MB)          :      205     2000      2000 
...
