000 (31980885.097.000) 03/28 21:58:26 Job submitted from host: <131.225.188.57:9618?addrs=131.225.188.57-9618&noUDP&sock=18092_2f86_3>
...
001 (31980885.097.000) 03/28 22:01:17 Job executing on host: <131.225.188.50:9618?addrs=131.225.188.50-9618&noUDP&sock=1936_8371_3>
...
006 (31980885.097.000) 03/28 22:02:25 Image size of job updated: 132
	132  -  MemoryUsage of job (MB)
	135756  -  ResidentSetSize of job (KB)
...
006 (31980885.097.000) 03/28 22:03:26 Image size of job updated: 169
	169  -  MemoryUsage of job (MB)
	173488  -  ResidentSetSize of job (KB)
...
006 (31980885.097.000) 03/28 22:04:27 Image size of job updated: 193
	193  -  MemoryUsage of job (MB)
	198408  -  ResidentSetSize of job (KB)
...
006 (31980885.097.000) 03/28 22:05:28 Image size of job updated: 194
	194  -  MemoryUsage of job (MB)
	199040  -  ResidentSetSize of job (KB)
...
006 (31980885.097.000) 03/28 22:06:29 Image size of job updated: 198
	198  -  MemoryUsage of job (MB)
	203176  -  ResidentSetSize of job (KB)
...
006 (31980885.097.000) 03/28 22:07:29 Image size of job updated: 200
	200  -  MemoryUsage of job (MB)
	204932  -  ResidentSetSize of job (KB)
...
006 (31980885.097.000) 03/28 22:08:29 Image size of job updated: 211
	211  -  MemoryUsage of job (MB)
	216716  -  ResidentSetSize of job (KB)
...
006 (31980885.097.000) 03/28 22:09:29 Image size of job updated: 214
	214  -  MemoryUsage of job (MB)
	219756  -  ResidentSetSize of job (KB)
...
006 (31980885.097.000) 03/28 22:10:30 Image size of job updated: 214
	214  -  MemoryUsage of job (MB)
	219764  -  ResidentSetSize of job (KB)
...
006 (31980885.097.000) 03/28 22:12:32 Image size of job updated: 214
	214  -  MemoryUsage of job (MB)
	219776  -  ResidentSetSize of job (KB)
...
005 (31980885.097.000) 03/28 22:13:14 Job terminated.
	(1) Normal termination (return value 0)
		Usr 0 00:08:43, Sys 0 00:00:27  -  Run Remote Usage
		Usr 0 00:00:00, Sys 0 00:00:00  -  Run Local Usage
		Usr 0 00:08:43, Sys 0 00:00:27  -  Total Remote Usage
		Usr 0 00:00:00, Sys 0 00:00:00  -  Total Local Usage
	148485  -  Run Bytes Sent By Job
	2245687  -  Run Bytes Received By Job
	148485  -  Total Bytes Sent By Job
	2245687  -  Total Bytes Received By Job
	Partitionable Resources :    Usage  Request Allocated 
	   Cpus                 :     0.00        1         1 
	   Disk (KB)            :  5132        2250   1642609 
	   Memory (MB)          :   214        2000      2000 
...
