000 (31980885.060.000) 03/28 21:58:26 Job submitted from host: <131.225.188.57:9618?addrs=131.225.188.57-9618&noUDP&sock=18092_2f86_3>
...
001 (31980885.060.000) 03/28 22:01:10 Job executing on host: <131.225.190.36:9618?addrs=131.225.190.36-9618&noUDP&sock=1438_ed47_3>
...
006 (31980885.060.000) 03/28 22:02:23 Image size of job updated: 70
	70  -  MemoryUsage of job (MB)
	72616  -  ResidentSetSize of job (KB)
...
006 (31980885.060.000) 03/28 22:03:23 Image size of job updated: 169
	169  -  MemoryUsage of job (MB)
	173504  -  ResidentSetSize of job (KB)
...
006 (31980885.060.000) 03/28 22:04:24 Image size of job updated: 187
	187  -  MemoryUsage of job (MB)
	191548  -  ResidentSetSize of job (KB)
...
006 (31980885.060.000) 03/28 22:05:24 Image size of job updated: 188
	188  -  MemoryUsage of job (MB)
	193024  -  ResidentSetSize of job (KB)
...
006 (31980885.060.000) 03/28 22:06:24 Image size of job updated: 191
	191  -  MemoryUsage of job (MB)
	196112  -  ResidentSetSize of job (KB)
...
006 (31980885.060.000) 03/28 22:07:24 Image size of job updated: 191
	191  -  MemoryUsage of job (MB)
	196460  -  ResidentSetSize of job (KB)
...
006 (31980885.060.000) 03/28 22:08:25 Image size of job updated: 193
	193  -  MemoryUsage of job (MB)
	198088  -  ResidentSetSize of job (KB)
...
006 (31980885.060.000) 03/28 22:09:26 Image size of job updated: 214
	214  -  MemoryUsage of job (MB)
	219892  -  ResidentSetSize of job (KB)
...
006 (31980885.060.000) 03/28 22:10:27 Image size of job updated: 214
	214  -  MemoryUsage of job (MB)
	219964  -  ResidentSetSize of job (KB)
...
006 (31980885.060.000) 03/28 22:11:27 Image size of job updated: 216
	216  -  MemoryUsage of job (MB)
	222160  -  ResidentSetSize of job (KB)
...
006 (31980885.060.000) 03/28 22:12:27 Image size of job updated: 216
	216  -  MemoryUsage of job (MB)
	222164  -  ResidentSetSize of job (KB)
...
006 (31980885.060.000) 03/28 22:13:27 Image size of job updated: 216
	216  -  MemoryUsage of job (MB)
	222172  -  ResidentSetSize of job (KB)
...
006 (31980885.060.000) 03/28 22:14:28 Image size of job updated: 216
	216  -  MemoryUsage of job (MB)
	222196  -  ResidentSetSize of job (KB)
...
005 (31980885.060.000) 03/28 22:14:35 Job terminated.
	(1) Normal termination (return value 0)
		Usr 0 00:10:32, Sys 0 00:00:37  -  Run Remote Usage
		Usr 0 00:00:00, Sys 0 00:00:00  -  Run Local Usage
		Usr 0 00:10:32, Sys 0 00:00:37  -  Total Remote Usage
		Usr 0 00:00:00, Sys 0 00:00:00  -  Total Local Usage
	149049  -  Run Bytes Sent By Job
	2245687  -  Run Bytes Received By Job
	149049  -  Total Bytes Sent By Job
	2245687  -  Total Bytes Received By Job
	Partitionable Resources :    Usage  Request Allocated 
	   Cpus                 :     0.00        1         1 
	   Disk (KB)            :  5133        2250    786192 
	   Memory (MB)          :   216        2000      2000 
...
