000 (31980885.135.000) 03/28 21:58:26 Job submitted from host: <131.225.188.57:9618?addrs=131.225.188.57-9618&noUDP&sock=18092_2f86_3>
...
001 (31980885.135.000) 03/28 22:01:24 Job executing on host: <131.225.205.211:9618?addrs=131.225.205.211-9618&noUDP&sock=1485_2a3a_3>
...
006 (31980885.135.000) 03/28 22:02:34 Image size of job updated: 132
	132  -  MemoryUsage of job (MB)
	135760  -  ResidentSetSize of job (KB)
...
006 (31980885.135.000) 03/28 22:03:34 Image size of job updated: 169
	169  -  MemoryUsage of job (MB)
	173696  -  ResidentSetSize of job (KB)
...
006 (31980885.135.000) 03/28 22:04:35 Image size of job updated: 186
	186  -  MemoryUsage of job (MB)
	191020  -  ResidentSetSize of job (KB)
...
006 (31980885.135.000) 03/28 22:05:36 Image size of job updated: 186
	186  -  MemoryUsage of job (MB)
	191468  -  ResidentSetSize of job (KB)
...
006 (31980885.135.000) 03/28 22:06:36 Image size of job updated: 187
	187  -  MemoryUsage of job (MB)
	191880  -  ResidentSetSize of job (KB)
...
006 (31980885.135.000) 03/28 22:07:36 Image size of job updated: 187
	187  -  MemoryUsage of job (MB)
	192224  -  ResidentSetSize of job (KB)
...
006 (31980885.135.000) 03/28 22:08:36 Image size of job updated: 189
	189  -  MemoryUsage of job (MB)
	193828  -  ResidentSetSize of job (KB)
...
006 (31980885.135.000) 03/28 22:09:37 Image size of job updated: 209
	209  -  MemoryUsage of job (MB)
	214440  -  ResidentSetSize of job (KB)
...
006 (31980885.135.000) 03/28 22:10:38 Image size of job updated: 209
	209  -  MemoryUsage of job (MB)
	214596  -  ResidentSetSize of job (KB)
...
006 (31980885.135.000) 03/28 22:11:39 Image size of job updated: 212
	212  -  MemoryUsage of job (MB)
	217544  -  ResidentSetSize of job (KB)
...
006 (31980885.135.000) 03/28 22:13:39 Image size of job updated: 212
	212  -  MemoryUsage of job (MB)
	217552  -  ResidentSetSize of job (KB)
...
005 (31980885.135.000) 03/28 22:15:19 Job terminated.
	(1) Normal termination (return value 0)
		Usr 0 00:10:58, Sys 0 00:00:30  -  Run Remote Usage
		Usr 0 00:00:00, Sys 0 00:00:00  -  Run Local Usage
		Usr 0 00:10:58, Sys 0 00:00:30  -  Total Remote Usage
		Usr 0 00:00:00, Sys 0 00:00:00  -  Total Local Usage
	148105  -  Run Bytes Sent By Job
	2245687  -  Run Bytes Received By Job
	148105  -  Total Bytes Sent By Job
	2245687  -  Total Bytes Received By Job
	Partitionable Resources :    Usage  Request Allocated 
	   Cpus                 :     0.01        1         1 
	   Disk (KB)            :  5132        2250   1684100 
	   Memory (MB)          :   212        2000      2000 
...
