000 (31980885.088.000) 03/28 21:58:26 Job submitted from host: <131.225.188.57:9618?addrs=131.225.188.57-9618&noUDP&sock=18092_2f86_3>
...
001 (31980885.088.000) 03/28 22:01:15 Job executing on host: <131.225.188.22:9618?addrs=131.225.188.22-9618&noUDP&sock=1928_06af_3>
...
006 (31980885.088.000) 03/28 22:02:26 Image size of job updated: 132
	132  -  MemoryUsage of job (MB)
	135756  -  ResidentSetSize of job (KB)
...
006 (31980885.088.000) 03/28 22:03:27 Image size of job updated: 132
	132  -  MemoryUsage of job (MB)
	135760  -  ResidentSetSize of job (KB)
...
006 (31980885.088.000) 03/28 22:04:28 Image size of job updated: 168
	168  -  MemoryUsage of job (MB)
	172612  -  ResidentSetSize of job (KB)
...
006 (31980885.088.000) 03/28 22:05:29 Image size of job updated: 186
	186  -  MemoryUsage of job (MB)
	191276  -  ResidentSetSize of job (KB)
...
006 (31980885.088.000) 03/28 22:06:29 Image size of job updated: 193
	193  -  MemoryUsage of job (MB)
	197648  -  ResidentSetSize of job (KB)
...
006 (31980885.088.000) 03/28 22:07:29 Image size of job updated: 193
	193  -  MemoryUsage of job (MB)
	198080  -  ResidentSetSize of job (KB)
...
006 (31980885.088.000) 03/28 22:08:29 Image size of job updated: 193
	193  -  MemoryUsage of job (MB)
	198324  -  ResidentSetSize of job (KB)
...
006 (31980885.088.000) 03/28 22:09:30 Image size of job updated: 195
	195  -  MemoryUsage of job (MB)
	199964  -  ResidentSetSize of job (KB)
...
006 (31980885.088.000) 03/28 22:10:31 Image size of job updated: 216
	216  -  MemoryUsage of job (MB)
	221868  -  ResidentSetSize of job (KB)
...
006 (31980885.088.000) 03/28 22:11:33 Image size of job updated: 218
	218  -  MemoryUsage of job (MB)
	223692  -  ResidentSetSize of job (KB)
...
006 (31980885.088.000) 03/28 22:12:33 Image size of job updated: 218
	218  -  MemoryUsage of job (MB)
	223716  -  ResidentSetSize of job (KB)
...
006 (31980885.088.000) 03/28 22:13:33 Image size of job updated: 218
	218  -  MemoryUsage of job (MB)
	223720  -  ResidentSetSize of job (KB)
...
005 (31980885.088.000) 03/28 22:15:12 Job terminated.
	(1) Normal termination (return value 0)
		Usr 0 00:08:53, Sys 0 00:00:26  -  Run Remote Usage
		Usr 0 00:00:00, Sys 0 00:00:00  -  Run Local Usage
		Usr 0 00:08:53, Sys 0 00:00:26  -  Total Remote Usage
		Usr 0 00:00:00, Sys 0 00:00:00  -  Total Local Usage
	152927  -  Run Bytes Sent By Job
	2245687  -  Run Bytes Received By Job
	152927  -  Total Bytes Sent By Job
	2245687  -  Total Bytes Received By Job
	Partitionable Resources :    Usage  Request Allocated 
	   Cpus                 :        0        1         1 
	   Disk (KB)            :     5136     2250   1651073 
	   Memory (MB)          :      218     2000      2000 
...
