000 (31980885.017.000) 03/28 21:58:26 Job submitted from host: <131.225.188.57:9618?addrs=131.225.188.57-9618&noUDP&sock=18092_2f86_3>
...
001 (31980885.017.000) 03/28 22:01:01 Job executing on host: <131.225.188.84:9618?addrs=131.225.188.84-9618&noUDP&sock=1919_da55_3>
...
006 (31980885.017.000) 03/28 22:02:12 Image size of job updated: 132
	132  -  MemoryUsage of job (MB)
	135764  -  ResidentSetSize of job (KB)
...
006 (31980885.017.000) 03/28 22:03:13 Image size of job updated: 168
	168  -  MemoryUsage of job (MB)
	172488  -  ResidentSetSize of job (KB)
...
006 (31980885.017.000) 03/28 22:04:13 Image size of job updated: 206
	206  -  MemoryUsage of job (MB)
	211236  -  ResidentSetSize of job (KB)
...
006 (31980885.017.000) 03/28 22:04:57 Image size of job updated: 206
	206  -  MemoryUsage of job (MB)
	211748  -  ResidentSetSize of job (KB)
...
005 (31980885.017.000) 03/28 22:04:58 Job terminated.
	(1) Normal termination (return value 0)
		Usr 0 00:02:28, Sys 0 00:00:08  -  Run Remote Usage
		Usr 0 00:00:00, Sys 0 00:00:00  -  Run Local Usage
		Usr 0 00:02:28, Sys 0 00:00:08  -  Total Remote Usage
		Usr 0 00:00:00, Sys 0 00:00:00  -  Total Local Usage
	141958  -  Run Bytes Sent By Job
	2245687  -  Run Bytes Received By Job
	141958  -  Total Bytes Sent By Job
	2245687  -  Total Bytes Received By Job
	Partitionable Resources :    Usage  Request Allocated 
	   Cpus                 :        0        1         1 
	   Disk (KB)            :     5126     2250   1628446 
	   Memory (MB)          :      206     2000      2000 
...
