000 (31980885.112.000) 03/28 21:58:26 Job submitted from host: <131.225.188.57:9618?addrs=131.225.188.57-9618&noUDP&sock=18092_2f86_3>
...
001 (31980885.112.000) 03/28 22:01:19 Job executing on host: <131.225.188.105:9618?addrs=131.225.188.105-9618&noUDP&sock=1920_89ed_3>
...
006 (31980885.112.000) 03/28 22:02:31 Image size of job updated: 148
	148  -  MemoryUsage of job (MB)
	152124  -  ResidentSetSize of job (KB)
...
006 (31980885.112.000) 03/28 22:03:32 Image size of job updated: 170
	170  -  MemoryUsage of job (MB)
	174636  -  ResidentSetSize of job (KB)
...
006 (31980885.112.000) 03/28 22:04:33 Image size of job updated: 188
	188  -  MemoryUsage of job (MB)
	192756  -  ResidentSetSize of job (KB)
...
006 (31980885.112.000) 03/28 22:05:33 Image size of job updated: 188
	188  -  MemoryUsage of job (MB)
	193236  -  ResidentSetSize of job (KB)
...
006 (31980885.112.000) 03/28 22:06:33 Image size of job updated: 189
	189  -  MemoryUsage of job (MB)
	193748  -  ResidentSetSize of job (KB)
...
006 (31980885.112.000) 03/28 22:07:33 Image size of job updated: 190
	190  -  MemoryUsage of job (MB)
	195444  -  ResidentSetSize of job (KB)
...
006 (31980885.112.000) 03/28 22:08:34 Image size of job updated: 210
	210  -  MemoryUsage of job (MB)
	215460  -  ResidentSetSize of job (KB)
...
006 (31980885.112.000) 03/28 22:09:35 Image size of job updated: 210
	210  -  MemoryUsage of job (MB)
	215584  -  ResidentSetSize of job (KB)
...
006 (31980885.112.000) 03/28 22:10:36 Image size of job updated: 212
	212  -  MemoryUsage of job (MB)
	217884  -  ResidentSetSize of job (KB)
...
006 (31980885.112.000) 03/28 22:11:37 Image size of job updated: 213
	213  -  MemoryUsage of job (MB)
	218176  -  ResidentSetSize of job (KB)
...
005 (31980885.112.000) 03/28 22:12:58 Job terminated.
	(1) Normal termination (return value 0)
		Usr 0 00:08:44, Sys 0 00:00:25  -  Run Remote Usage
		Usr 0 00:00:00, Sys 0 00:00:00  -  Run Local Usage
		Usr 0 00:08:44, Sys 0 00:00:25  -  Total Remote Usage
		Usr 0 00:00:00, Sys 0 00:00:00  -  Total Local Usage
	148823  -  Run Bytes Sent By Job
	2245687  -  Run Bytes Received By Job
	148823  -  Total Bytes Sent By Job
	2245687  -  Total Bytes Received By Job
	Partitionable Resources :    Usage  Request Allocated 
	   Cpus                 :     0.00        1         1 
	   Disk (KB)            :  5132        2250   1644053 
	   Memory (MB)          :   213        2000      2000 
...
