000 (31980885.034.000) 03/28 21:58:26 Job submitted from host: <131.225.188.57:9618?addrs=131.225.188.57-9618&noUDP&sock=18092_2f86_3>
...
001 (31980885.034.000) 03/28 22:01:04 Job executing on host: <131.225.205.199:9618?addrs=131.225.205.199-9618&noUDP&sock=1465_7255_3>
...
006 (31980885.034.000) 03/28 22:01:13 Image size of job updated: 22
	22  -  MemoryUsage of job (MB)
	22868  -  ResidentSetSize of job (KB)
...
006 (31980885.034.000) 03/28 22:02:13 Image size of job updated: 164
	164  -  MemoryUsage of job (MB)
	168196  -  ResidentSetSize of job (KB)
...
006 (31980885.034.000) 03/28 22:03:14 Image size of job updated: 183
	183  -  MemoryUsage of job (MB)
	188084  -  ResidentSetSize of job (KB)
...
006 (31980885.034.000) 03/28 22:04:14 Image size of job updated: 205
	205  -  MemoryUsage of job (MB)
	210180  -  ResidentSetSize of job (KB)
...
006 (31980885.034.000) 03/28 22:04:51 Image size of job updated: 205
	205  -  MemoryUsage of job (MB)
	210536  -  ResidentSetSize of job (KB)
...
005 (31980885.034.000) 03/28 22:04:51 Job terminated.
	(1) Normal termination (return value 0)
		Usr 0 00:03:07, Sys 0 00:00:09  -  Run Remote Usage
		Usr 0 00:00:00, Sys 0 00:00:00  -  Run Local Usage
		Usr 0 00:03:07, Sys 0 00:00:09  -  Total Remote Usage
		Usr 0 00:00:00, Sys 0 00:00:00  -  Total Local Usage
	141141  -  Run Bytes Sent By Job
	2245687  -  Run Bytes Received By Job
	141141  -  Total Bytes Sent By Job
	2245687  -  Total Bytes Received By Job
	Partitionable Resources :    Usage  Request Allocated 
	   Cpus                 :        0        1         1 
	   Disk (KB)            :     5125     2250   1700012 
	   Memory (MB)          :      205     2000      2000 
...
