000 (31980885.057.000) 03/28 21:58:26 Job submitted from host: <131.225.188.57:9618?addrs=131.225.188.57-9618&noUDP&sock=18092_2f86_3>
...
001 (31980885.057.000) 03/28 22:01:10 Job executing on host: <131.225.205.179:9618?addrs=131.225.205.179-9618&noUDP&sock=1457_f593_3>
...
006 (31980885.057.000) 03/28 22:02:19 Image size of job updated: 132
	132  -  MemoryUsage of job (MB)
	135736  -  ResidentSetSize of job (KB)
...
006 (31980885.057.000) 03/28 22:03:20 Image size of job updated: 148
	148  -  MemoryUsage of job (MB)
	152120  -  ResidentSetSize of job (KB)
...
006 (31980885.057.000) 03/28 22:04:21 Image size of job updated: 170
	170  -  MemoryUsage of job (MB)
	174736  -  ResidentSetSize of job (KB)
...
006 (31980885.057.000) 03/28 22:05:22 Image size of job updated: 187
	187  -  MemoryUsage of job (MB)
	191832  -  ResidentSetSize of job (KB)
...
006 (31980885.057.000) 03/28 22:06:22 Image size of job updated: 193
	193  -  MemoryUsage of job (MB)
	197660  -  ResidentSetSize of job (KB)
...
006 (31980885.057.000) 03/28 22:07:22 Image size of job updated: 193
	193  -  MemoryUsage of job (MB)
	198080  -  ResidentSetSize of job (KB)
...
006 (31980885.057.000) 03/28 22:08:22 Image size of job updated: 193
	193  -  MemoryUsage of job (MB)
	198444  -  ResidentSetSize of job (KB)
...
006 (31980885.057.000) 03/28 22:09:23 Image size of job updated: 195
	195  -  MemoryUsage of job (MB)
	200080  -  ResidentSetSize of job (KB)
...
006 (31980885.057.000) 03/28 22:10:24 Image size of job updated: 215
	215  -  MemoryUsage of job (MB)
	220388  -  ResidentSetSize of job (KB)
...
006 (31980885.057.000) 03/28 22:11:25 Image size of job updated: 215
	215  -  MemoryUsage of job (MB)
	220456  -  ResidentSetSize of job (KB)
...
006 (31980885.057.000) 03/28 22:12:25 Image size of job updated: 215
	215  -  MemoryUsage of job (MB)
	220512  -  ResidentSetSize of job (KB)
...
006 (31980885.057.000) 03/28 22:13:25 Image size of job updated: 215
	215  -  MemoryUsage of job (MB)
	220556  -  ResidentSetSize of job (KB)
...
006 (31980885.057.000) 03/28 22:14:25 Image size of job updated: 215
	215  -  MemoryUsage of job (MB)
	220564  -  ResidentSetSize of job (KB)
...
006 (31980885.057.000) 03/28 22:15:26 Image size of job updated: 215
	215  -  MemoryUsage of job (MB)
	220736  -  ResidentSetSize of job (KB)
...
005 (31980885.057.000) 03/28 22:16:22 Job terminated.
	(1) Normal termination (return value 0)
		Usr 0 00:10:40, Sys 0 00:00:33  -  Run Remote Usage
		Usr 0 00:00:00, Sys 0 00:00:00  -  Run Local Usage
		Usr 0 00:10:40, Sys 0 00:00:33  -  Total Remote Usage
		Usr 0 00:00:00, Sys 0 00:00:00  -  Total Local Usage
	152887  -  Run Bytes Sent By Job
	2245687  -  Run Bytes Received By Job
	152887  -  Total Bytes Sent By Job
	2245687  -  Total Bytes Received By Job
	Partitionable Resources :    Usage  Request Allocated 
	   Cpus                 :     0.00        1         1 
	   Disk (KB)            :  5136        2250   1626521 
	   Memory (MB)          :   215        2000      2000 
...
