000 (31980885.053.000) 03/28 21:58:26 Job submitted from host: <131.225.188.57:9618?addrs=131.225.188.57-9618&noUDP&sock=18092_2f86_3>
...
001 (31980885.053.000) 03/28 22:01:09 Job executing on host: <131.225.205.221:9618?addrs=131.225.205.221-9618&noUDP&sock=1471_8fe7_3>
...
006 (31980885.053.000) 03/28 22:01:18 Image size of job updated: 15
	15  -  MemoryUsage of job (MB)
	15884  -  ResidentSetSize of job (KB)
...
006 (31980885.053.000) 03/28 22:02:19 Image size of job updated: 92
	92  -  MemoryUsage of job (MB)
	94472  -  ResidentSetSize of job (KB)
...
006 (31980885.053.000) 03/28 22:03:20 Image size of job updated: 169
	169  -  MemoryUsage of job (MB)
	173824  -  ResidentSetSize of job (KB)
...
006 (31980885.053.000) 03/28 22:04:20 Image size of job updated: 186
	186  -  MemoryUsage of job (MB)
	191224  -  ResidentSetSize of job (KB)
...
006 (31980885.053.000) 03/28 22:05:20 Image size of job updated: 187
	187  -  MemoryUsage of job (MB)
	191640  -  ResidentSetSize of job (KB)
...
006 (31980885.053.000) 03/28 22:06:20 Image size of job updated: 187
	187  -  MemoryUsage of job (MB)
	192128  -  ResidentSetSize of job (KB)
...
006 (31980885.053.000) 03/28 22:07:20 Image size of job updated: 188
	188  -  MemoryUsage of job (MB)
	192736  -  ResidentSetSize of job (KB)
...
006 (31980885.053.000) 03/28 22:08:21 Image size of job updated: 189
	189  -  MemoryUsage of job (MB)
	194388  -  ResidentSetSize of job (KB)
...
006 (31980885.053.000) 03/28 22:09:22 Image size of job updated: 209
	209  -  MemoryUsage of job (MB)
	214680  -  ResidentSetSize of job (KB)
...
006 (31980885.053.000) 03/28 22:10:23 Image size of job updated: 209
	209  -  MemoryUsage of job (MB)
	214772  -  ResidentSetSize of job (KB)
...
006 (31980885.053.000) 03/28 22:11:23 Image size of job updated: 211
	211  -  MemoryUsage of job (MB)
	216980  -  ResidentSetSize of job (KB)
...
006 (31980885.053.000) 03/28 22:13:23 Image size of job updated: 211
	211  -  MemoryUsage of job (MB)
	217016  -  ResidentSetSize of job (KB)
...
005 (31980885.053.000) 03/28 22:15:08 Job terminated.
	(1) Normal termination (return value 0)
		Usr 0 00:11:34, Sys 0 00:00:31  -  Run Remote Usage
		Usr 0 00:00:00, Sys 0 00:00:00  -  Run Local Usage
		Usr 0 00:11:34, Sys 0 00:00:31  -  Total Remote Usage
		Usr 0 00:00:00, Sys 0 00:00:00  -  Total Local Usage
	148830  -  Run Bytes Sent By Job
	2245687  -  Run Bytes Received By Job
	148830  -  Total Bytes Sent By Job
	2245687  -  Total Bytes Received By Job
	Partitionable Resources :    Usage  Request Allocated 
	   Cpus                 :     0.00        1         1 
	   Disk (KB)            :  5133        2250   1703834 
	   Memory (MB)          :   211        2000      2000 
...
