000 (31980885.006.000) 03/28 21:58:25 Job submitted from host: <131.225.188.57:9618?addrs=131.225.188.57-9618&noUDP&sock=18092_2f86_3>
...
001 (31980885.006.000) 03/28 22:01:00 Job executing on host: <131.225.205.193:9618?addrs=131.225.205.193-9618&noUDP&sock=1457_f593_3>
...
006 (31980885.006.000) 03/28 22:02:10 Image size of job updated: 165
	165  -  MemoryUsage of job (MB)
	169100  -  ResidentSetSize of job (KB)
...
006 (31980885.006.000) 03/28 22:03:10 Image size of job updated: 169
	169  -  MemoryUsage of job (MB)
	173632  -  ResidentSetSize of job (KB)
...
006 (31980885.006.000) 03/28 22:04:11 Image size of job updated: 202
	202  -  MemoryUsage of job (MB)
	207800  -  ResidentSetSize of job (KB)
...
006 (31980885.006.000) 03/28 22:05:09 Image size of job updated: 203
	203  -  MemoryUsage of job (MB)
	208316  -  ResidentSetSize of job (KB)
...
005 (31980885.006.000) 03/28 22:05:10 Job terminated.
	(1) Normal termination (return value 0)
		Usr 0 00:03:09, Sys 0 00:00:10  -  Run Remote Usage
		Usr 0 00:00:00, Sys 0 00:00:00  -  Run Local Usage
		Usr 0 00:03:09, Sys 0 00:00:10  -  Total Remote Usage
		Usr 0 00:00:00, Sys 0 00:00:00  -  Total Local Usage
	141140  -  Run Bytes Sent By Job
	2245687  -  Run Bytes Received By Job
	141140  -  Total Bytes Sent By Job
	2245687  -  Total Bytes Received By Job
	Partitionable Resources :    Usage  Request Allocated 
	   Cpus                 :        0        1         1 
	   Disk (KB)            :     5125     2250   1619750 
	   Memory (MB)          :      203     2000      2000 
...
