000 (31980885.115.000) 03/28 21:58:26 Job submitted from host: <131.225.188.57:9618?addrs=131.225.188.57-9618&noUDP&sock=18092_2f86_3>
...
001 (31980885.115.000) 03/28 22:01:20 Job executing on host: <131.225.188.106:9618?addrs=131.225.188.106-9618&noUDP&sock=1920_89ed_3>
...
006 (31980885.115.000) 03/28 22:02:29 Image size of job updated: 132
	132  -  MemoryUsage of job (MB)
	135764  -  ResidentSetSize of job (KB)
...
006 (31980885.115.000) 03/28 22:03:29 Image size of job updated: 172
	172  -  MemoryUsage of job (MB)
	176204  -  ResidentSetSize of job (KB)
...
006 (31980885.115.000) 03/28 22:04:30 Image size of job updated: 186
	186  -  MemoryUsage of job (MB)
	191000  -  ResidentSetSize of job (KB)
...
006 (31980885.115.000) 03/28 22:05:31 Image size of job updated: 186
	186  -  MemoryUsage of job (MB)
	191344  -  ResidentSetSize of job (KB)
...
006 (31980885.115.000) 03/28 22:06:33 Image size of job updated: 190
	190  -  MemoryUsage of job (MB)
	195468  -  ResidentSetSize of job (KB)
...
006 (31980885.115.000) 03/28 22:07:33 Image size of job updated: 192
	192  -  MemoryUsage of job (MB)
	197176  -  ResidentSetSize of job (KB)
...
006 (31980885.115.000) 03/28 22:08:33 Image size of job updated: 213
	213  -  MemoryUsage of job (MB)
	219040  -  ResidentSetSize of job (KB)
...
006 (31980885.115.000) 03/28 22:09:33 Image size of job updated: 215
	215  -  MemoryUsage of job (MB)
	221040  -  ResidentSetSize of job (KB)
...
006 (31980885.115.000) 03/28 22:10:33 Image size of job updated: 215
	215  -  MemoryUsage of job (MB)
	221080  -  ResidentSetSize of job (KB)
...
006 (31980885.115.000) 03/28 22:12:35 Image size of job updated: 215
	215  -  MemoryUsage of job (MB)
	221092  -  ResidentSetSize of job (KB)
...
005 (31980885.115.000) 03/28 22:12:53 Job terminated.
	(1) Normal termination (return value 0)
		Usr 0 00:08:47, Sys 0 00:00:25  -  Run Remote Usage
		Usr 0 00:00:00, Sys 0 00:00:00  -  Run Local Usage
		Usr 0 00:08:47, Sys 0 00:00:25  -  Total Remote Usage
		Usr 0 00:00:00, Sys 0 00:00:00  -  Total Local Usage
	148208  -  Run Bytes Sent By Job
	2245687  -  Run Bytes Received By Job
	148208  -  Total Bytes Sent By Job
	2245687  -  Total Bytes Received By Job
	Partitionable Resources :    Usage  Request Allocated 
	   Cpus                 :     0.00        1         1 
	   Disk (KB)            :  5132        2250   1619590 
	   Memory (MB)          :   215        2000      2000 
...
