000 (31980885.039.000) 03/28 21:58:26 Job submitted from host: <131.225.188.57:9618?addrs=131.225.188.57-9618&noUDP&sock=18092_2f86_3>
...
001 (31980885.039.000) 03/28 22:01:06 Job executing on host: <131.225.188.21:9618?addrs=131.225.188.21-9618&noUDP&sock=1933_74a8_3>
...
006 (31980885.039.000) 03/28 22:02:15 Image size of job updated: 116
	116  -  MemoryUsage of job (MB)
	119368  -  ResidentSetSize of job (KB)
...
006 (31980885.039.000) 03/28 22:04:17 Image size of job updated: 170
	170  -  MemoryUsage of job (MB)
	174624  -  ResidentSetSize of job (KB)
...
006 (31980885.039.000) 03/28 22:05:18 Image size of job updated: 203
	203  -  MemoryUsage of job (MB)
	207880  -  ResidentSetSize of job (KB)
...
006 (31980885.039.000) 03/28 22:05:58 Image size of job updated: 205
	205  -  MemoryUsage of job (MB)
	210484  -  ResidentSetSize of job (KB)
...
005 (31980885.039.000) 03/28 22:05:59 Job terminated.
	(1) Normal termination (return value 0)
		Usr 0 00:02:17, Sys 0 00:00:09  -  Run Remote Usage
		Usr 0 00:00:00, Sys 0 00:00:00  -  Run Local Usage
		Usr 0 00:02:17, Sys 0 00:00:09  -  Total Remote Usage
		Usr 0 00:00:00, Sys 0 00:00:00  -  Total Local Usage
	142358  -  Run Bytes Sent By Job
	2245687  -  Run Bytes Received By Job
	142358  -  Total Bytes Sent By Job
	2245687  -  Total Bytes Received By Job
	Partitionable Resources :    Usage  Request Allocated 
	   Cpus                 :        0        1         1 
	   Disk (KB)            :     5126     2250   1649041 
	   Memory (MB)          :      205     2000      2000 
...
