000 (31980885.095.000) 03/28 21:58:26 Job submitted from host: <131.225.188.57:9618?addrs=131.225.188.57-9618&noUDP&sock=18092_2f86_3>
...
001 (31980885.095.000) 03/28 22:01:16 Job executing on host: <131.225.188.36:9618?addrs=131.225.188.36-9618&noUDP&sock=1937_3309_3>
...
006 (31980885.095.000) 03/28 22:02:28 Image size of job updated: 132
	132  -  MemoryUsage of job (MB)
	135764  -  ResidentSetSize of job (KB)
...
006 (31980885.095.000) 03/28 22:03:28 Image size of job updated: 171
	171  -  MemoryUsage of job (MB)
	175416  -  ResidentSetSize of job (KB)
...
006 (31980885.095.000) 03/28 22:04:28 Image size of job updated: 191
	191  -  MemoryUsage of job (MB)
	195664  -  ResidentSetSize of job (KB)
...
006 (31980885.095.000) 03/28 22:05:28 Image size of job updated: 191
	191  -  MemoryUsage of job (MB)
	196164  -  ResidentSetSize of job (KB)
...
006 (31980885.095.000) 03/28 22:06:29 Image size of job updated: 192
	192  -  MemoryUsage of job (MB)
	196628  -  ResidentSetSize of job (KB)
...
006 (31980885.095.000) 03/28 22:07:30 Image size of job updated: 193
	193  -  MemoryUsage of job (MB)
	198400  -  ResidentSetSize of job (KB)
...
006 (31980885.095.000) 03/28 22:08:31 Image size of job updated: 205
	205  -  MemoryUsage of job (MB)
	210108  -  ResidentSetSize of job (KB)
...
006 (31980885.095.000) 03/28 22:09:31 Image size of job updated: 205
	205  -  MemoryUsage of job (MB)
	210436  -  ResidentSetSize of job (KB)
...
006 (31980885.095.000) 03/28 22:10:31 Image size of job updated: 205
	205  -  MemoryUsage of job (MB)
	210652  -  ResidentSetSize of job (KB)
...
006 (31980885.095.000) 03/28 22:11:31 Image size of job updated: 205
	205  -  MemoryUsage of job (MB)
	210668  -  ResidentSetSize of job (KB)
...
006 (31980885.095.000) 03/28 22:12:32 Image size of job updated: 205
	205  -  MemoryUsage of job (MB)
	210872  -  ResidentSetSize of job (KB)
...
006 (31980885.095.000) 03/28 22:13:24 Image size of job updated: 207
	207  -  MemoryUsage of job (MB)
	212032  -  ResidentSetSize of job (KB)
...
005 (31980885.095.000) 03/28 22:13:25 Job terminated.
	(1) Normal termination (return value 0)
		Usr 0 00:08:53, Sys 0 00:00:26  -  Run Remote Usage
		Usr 0 00:00:00, Sys 0 00:00:00  -  Run Local Usage
		Usr 0 00:08:53, Sys 0 00:00:26  -  Total Remote Usage
		Usr 0 00:00:00, Sys 0 00:00:00  -  Total Local Usage
	148025  -  Run Bytes Sent By Job
	2245687  -  Run Bytes Received By Job
	148025  -  Total Bytes Sent By Job
	2245687  -  Total Bytes Received By Job
	Partitionable Resources :    Usage  Request Allocated 
	   Cpus                 :        0        1         1 
	   Disk (KB)            :     5131     2250   1650385 
	   Memory (MB)          :      207     2000      2000 
...
