000 (31980885.081.000) 03/28 21:58:26 Job submitted from host: <131.225.188.57:9618?addrs=131.225.188.57-9618&noUDP&sock=18092_2f86_3>
...
001 (31980885.081.000) 03/28 22:01:13 Job executing on host: <131.225.205.205:9618?addrs=131.225.205.205-9618&noUDP&sock=1480_bc41_3>
...
006 (31980885.081.000) 03/28 22:02:22 Image size of job updated: 132
	132  -  MemoryUsage of job (MB)
	135760  -  ResidentSetSize of job (KB)
...
006 (31980885.081.000) 03/28 22:03:22 Image size of job updated: 168
	168  -  MemoryUsage of job (MB)
	172444  -  ResidentSetSize of job (KB)
...
006 (31980885.081.000) 03/28 22:04:22 Image size of job updated: 186
	186  -  MemoryUsage of job (MB)
	190944  -  ResidentSetSize of job (KB)
...
006 (31980885.081.000) 03/28 22:05:23 Image size of job updated: 186
	186  -  MemoryUsage of job (MB)
	191388  -  ResidentSetSize of job (KB)
...
006 (31980885.081.000) 03/28 22:06:24 Image size of job updated: 187
	187  -  MemoryUsage of job (MB)
	191812  -  ResidentSetSize of job (KB)
...
006 (31980885.081.000) 03/28 22:07:25 Image size of job updated: 187
	187  -  MemoryUsage of job (MB)
	192160  -  ResidentSetSize of job (KB)
...
006 (31980885.081.000) 03/28 22:08:25 Image size of job updated: 189
	189  -  MemoryUsage of job (MB)
	193808  -  ResidentSetSize of job (KB)
...
006 (31980885.081.000) 03/28 22:09:25 Image size of job updated: 212
	212  -  MemoryUsage of job (MB)
	217940  -  ResidentSetSize of job (KB)
...
006 (31980885.081.000) 03/28 22:10:25 Image size of job updated: 212
	212  -  MemoryUsage of job (MB)
	217984  -  ResidentSetSize of job (KB)
...
006 (31980885.081.000) 03/28 22:11:26 Image size of job updated: 214
	214  -  MemoryUsage of job (MB)
	219872  -  ResidentSetSize of job (KB)
...
005 (31980885.081.000) 03/28 22:15:10 Job terminated.
	(1) Normal termination (return value 0)
		Usr 0 00:11:20, Sys 0 00:00:31  -  Run Remote Usage
		Usr 0 00:00:00, Sys 0 00:00:00  -  Run Local Usage
		Usr 0 00:11:20, Sys 0 00:00:31  -  Total Remote Usage
		Usr 0 00:00:00, Sys 0 00:00:00  -  Total Local Usage
	149058  -  Run Bytes Sent By Job
	2245687  -  Run Bytes Received By Job
	149058  -  Total Bytes Sent By Job
	2245687  -  Total Bytes Received By Job
	Partitionable Resources :    Usage  Request Allocated 
	   Cpus                 :        0        1         1 
	   Disk (KB)            :     5133     2250   1686832 
	   Memory (MB)          :      214     2000      2000 
...
