000 (31980885.011.000) 03/28 21:58:26 Job submitted from host: <131.225.188.57:9618?addrs=131.225.188.57-9618&noUDP&sock=18092_2f86_3>
...
001 (31980885.011.000) 03/28 22:00:59 Job executing on host: <131.225.188.40:9618?addrs=131.225.188.40-9618&noUDP&sock=1921_3985_3>
...
006 (31980885.011.000) 03/28 22:02:09 Image size of job updated: 78
	78  -  MemoryUsage of job (MB)
	80636  -  ResidentSetSize of job (KB)
...
006 (31980885.011.000) 03/28 22:03:09 Image size of job updated: 168
	168  -  MemoryUsage of job (MB)
	172824  -  ResidentSetSize of job (KB)
...
006 (31980885.011.000) 03/28 22:04:09 Image size of job updated: 207
	207  -  MemoryUsage of job (MB)
	212952  -  ResidentSetSize of job (KB)
...
005 (31980885.011.000) 03/28 22:04:50 Job terminated.
	(1) Normal termination (return value 0)
		Usr 0 00:01:45, Sys 0 00:00:07  -  Run Remote Usage
		Usr 0 00:00:00, Sys 0 00:00:00  -  Run Local Usage
		Usr 0 00:01:45, Sys 0 00:00:07  -  Total Remote Usage
		Usr 0 00:00:00, Sys 0 00:00:00  -  Total Local Usage
	141273  -  Run Bytes Sent By Job
	2245687  -  Run Bytes Received By Job
	141273  -  Total Bytes Sent By Job
	2245687  -  Total Bytes Received By Job
	Partitionable Resources :    Usage  Request Allocated 
	   Cpus                 :     0.01        1         1 
	   Disk (KB)            :  5125        2250   1648389 
	   Memory (MB)          :   207        2000      2000 
...
