000 (31980885.136.000) 03/28 21:58:26 Job submitted from host: <131.225.188.57:9618?addrs=131.225.188.57-9618&noUDP&sock=18092_2f86_3>
...
001 (31980885.136.000) 03/28 22:01:25 Job executing on host: <131.225.191.69:9618?addrs=131.225.191.69-9618&noUDP&sock=1448_c939_3>
...
006 (31980885.136.000) 03/28 22:02:35 Image size of job updated: 118
	118  -  MemoryUsage of job (MB)
	121412  -  ResidentSetSize of job (KB)
...
006 (31980885.136.000) 03/28 22:03:36 Image size of job updated: 169
	169  -  MemoryUsage of job (MB)
	173472  -  ResidentSetSize of job (KB)
...
006 (31980885.136.000) 03/28 22:04:37 Image size of job updated: 182
	182  -  MemoryUsage of job (MB)
	186724  -  ResidentSetSize of job (KB)
...
006 (31980885.136.000) 03/28 22:05:37 Image size of job updated: 187
	187  -  MemoryUsage of job (MB)
	192144  -  ResidentSetSize of job (KB)
...
006 (31980885.136.000) 03/28 22:06:37 Image size of job updated: 194
	194  -  MemoryUsage of job (MB)
	198948  -  ResidentSetSize of job (KB)
...
006 (31980885.136.000) 03/28 22:07:37 Image size of job updated: 194
	194  -  MemoryUsage of job (MB)
	199368  -  ResidentSetSize of job (KB)
...
006 (31980885.136.000) 03/28 22:08:38 Image size of job updated: 196
	196  -  MemoryUsage of job (MB)
	200992  -  ResidentSetSize of job (KB)
...
006 (31980885.136.000) 03/28 22:09:39 Image size of job updated: 214
	214  -  MemoryUsage of job (MB)
	219876  -  ResidentSetSize of job (KB)
...
006 (31980885.136.000) 03/28 22:10:40 Image size of job updated: 214
	214  -  MemoryUsage of job (MB)
	219928  -  ResidentSetSize of job (KB)
...
006 (31980885.136.000) 03/28 22:11:40 Image size of job updated: 216
	216  -  MemoryUsage of job (MB)
	221308  -  ResidentSetSize of job (KB)
...
006 (31980885.136.000) 03/28 22:14:41 Image size of job updated: 216
	216  -  MemoryUsage of job (MB)
	221672  -  ResidentSetSize of job (KB)
...
005 (31980885.136.000) 03/28 22:14:54 Job terminated.
	(1) Normal termination (return value 0)
		Usr 0 00:10:31, Sys 0 00:00:32  -  Run Remote Usage
		Usr 0 00:00:00, Sys 0 00:00:00  -  Run Local Usage
		Usr 0 00:10:31, Sys 0 00:00:32  -  Total Remote Usage
		Usr 0 00:00:00, Sys 0 00:00:00  -  Total Local Usage
	203331  -  Run Bytes Sent By Job
	2245687  -  Run Bytes Received By Job
	203331  -  Total Bytes Sent By Job
	2245687  -  Total Bytes Received By Job
	Partitionable Resources :     Usage  Request Allocated 
	   Cpus                 :      0.00        1         1 
	   Disk (KB)            : 237086        2250    774178 
	   Memory (MB)          :    216        2000      2000 
...
