000 (31980885.056.000) 03/28 21:58:26 Job submitted from host: <131.225.188.57:9618?addrs=131.225.188.57-9618&noUDP&sock=18092_2f86_3>
...
001 (31980885.056.000) 03/28 22:01:10 Job executing on host: <131.225.205.152:9618?addrs=131.225.205.152-9618&noUDP&sock=1458_a52c_3>
...
006 (31980885.056.000) 03/28 22:02:20 Image size of job updated: 132
	132  -  MemoryUsage of job (MB)
	135756  -  ResidentSetSize of job (KB)
...
006 (31980885.056.000) 03/28 22:03:21 Image size of job updated: 167
	167  -  MemoryUsage of job (MB)
	171436  -  ResidentSetSize of job (KB)
...
006 (31980885.056.000) 03/28 22:04:21 Image size of job updated: 180
	180  -  MemoryUsage of job (MB)
	184680  -  ResidentSetSize of job (KB)
...
006 (31980885.056.000) 03/28 22:05:21 Image size of job updated: 187
	187  -  MemoryUsage of job (MB)
	191576  -  ResidentSetSize of job (KB)
...
006 (31980885.056.000) 03/28 22:06:22 Image size of job updated: 187
	187  -  MemoryUsage of job (MB)
	191960  -  ResidentSetSize of job (KB)
...
006 (31980885.056.000) 03/28 22:07:23 Image size of job updated: 187
	187  -  MemoryUsage of job (MB)
	192348  -  ResidentSetSize of job (KB)
...
006 (31980885.056.000) 03/28 22:08:24 Image size of job updated: 187
	187  -  MemoryUsage of job (MB)
	192408  -  ResidentSetSize of job (KB)
...
006 (31980885.056.000) 03/28 22:09:24 Image size of job updated: 189
	189  -  MemoryUsage of job (MB)
	194044  -  ResidentSetSize of job (KB)
...
006 (31980885.056.000) 03/28 22:10:24 Image size of job updated: 211
	211  -  MemoryUsage of job (MB)
	216212  -  ResidentSetSize of job (KB)
...
006 (31980885.056.000) 03/28 22:11:24 Image size of job updated: 211
	211  -  MemoryUsage of job (MB)
	216280  -  ResidentSetSize of job (KB)
...
006 (31980885.056.000) 03/28 22:12:25 Image size of job updated: 211
	211  -  MemoryUsage of job (MB)
	216336  -  ResidentSetSize of job (KB)
...
006 (31980885.056.000) 03/28 22:14:27 Image size of job updated: 212
	212  -  MemoryUsage of job (MB)
	217332  -  ResidentSetSize of job (KB)
...
006 (31980885.056.000) 03/28 22:15:27 Image size of job updated: 213
	213  -  MemoryUsage of job (MB)
	218916  -  ResidentSetSize of job (KB)
...
005 (31980885.056.000) 03/28 22:16:07 Job terminated.
	(1) Normal termination (return value 0)
		Usr 0 00:11:48, Sys 0 00:00:35  -  Run Remote Usage
		Usr 0 00:00:00, Sys 0 00:00:00  -  Run Local Usage
		Usr 0 00:11:48, Sys 0 00:00:35  -  Total Remote Usage
		Usr 0 00:00:00, Sys 0 00:00:00  -  Total Local Usage
	150597  -  Run Bytes Sent By Job
	2245687  -  Run Bytes Received By Job
	150597  -  Total Bytes Sent By Job
	2245687  -  Total Bytes Received By Job
	Partitionable Resources :    Usage  Request Allocated 
	   Cpus                 :        0        1         1 
	   Disk (KB)            :     5134     2250   1654290 
	   Memory (MB)          :      213     2000      2000 
...
