000 (31980885.033.000) 03/28 21:58:26 Job submitted from host: <131.225.188.57:9618?addrs=131.225.188.57-9618&noUDP&sock=18092_2f86_3>
...
001 (31980885.033.000) 03/28 22:01:05 Job executing on host: <131.225.205.172:9618?addrs=131.225.205.172-9618&noUDP&sock=1451_d802_3>
...
006 (31980885.033.000) 03/28 22:02:15 Image size of job updated: 116
	116  -  MemoryUsage of job (MB)
	119376  -  ResidentSetSize of job (KB)
...
006 (31980885.033.000) 03/28 22:03:16 Image size of job updated: 166
	166  -  MemoryUsage of job (MB)
	170916  -  ResidentSetSize of job (KB)
...
006 (31980885.033.000) 03/28 22:04:17 Image size of job updated: 194
	194  -  MemoryUsage of job (MB)
	198972  -  ResidentSetSize of job (KB)
...
006 (31980885.033.000) 03/28 22:05:17 Image size of job updated: 204
	204  -  MemoryUsage of job (MB)
	209248  -  ResidentSetSize of job (KB)
...
006 (31980885.033.000) 03/28 22:05:35 Image size of job updated: 204
	204  -  MemoryUsage of job (MB)
	209396  -  ResidentSetSize of job (KB)
...
005 (31980885.033.000) 03/28 22:05:36 Job terminated.
	(1) Normal termination (return value 0)
		Usr 0 00:03:09, Sys 0 00:00:11  -  Run Remote Usage
		Usr 0 00:00:00, Sys 0 00:00:00  -  Run Local Usage
		Usr 0 00:03:09, Sys 0 00:00:11  -  Total Remote Usage
		Usr 0 00:00:00, Sys 0 00:00:00  -  Total Local Usage
	142141  -  Run Bytes Sent By Job
	2245687  -  Run Bytes Received By Job
	142141  -  Total Bytes Sent By Job
	2245687  -  Total Bytes Received By Job
	Partitionable Resources :    Usage  Request Allocated 
	   Cpus                 :     0.00        1         1 
	   Disk (KB)            :  5126        2250   1631558 
	   Memory (MB)          :   204        2000      2000 
...
