000 (31980884.020.000) 03/28 21:58:24 Job submitted from host: <131.225.188.57:9618?addrs=131.225.188.57-9618&noUDP&sock=18092_2f86_3>
...
001 (31980884.020.000) 03/28 21:59:30 Job executing on host: <131.225.191.190:9618?addrs=131.225.191.190-9618&noUDP&sock=1181_a570_3>
...
006 (31980884.020.000) 03/28 21:59:43 Image size of job updated: 14
	14  -  MemoryUsage of job (MB)
	15252  -  ResidentSetSize of job (KB)
...
006 (31980884.020.000) 03/28 22:00:39 Image size of job updated: 27
	27  -  MemoryUsage of job (MB)
	28552  -  ResidentSetSize of job (KB)
...
006 (31980884.020.000) 03/28 22:01:39 Image size of job updated: 86
	86  -  MemoryUsage of job (MB)
	88436  -  ResidentSetSize of job (KB)
...
006 (31980884.020.000) 03/28 22:02:39 Image size of job updated: 165
	165  -  MemoryUsage of job (MB)
	169708  -  ResidentSetSize of job (KB)
...
006 (31980884.020.000) 03/28 22:03:39 Image size of job updated: 191
	191  -  MemoryUsage of job (MB)
	195872  -  ResidentSetSize of job (KB)
...
006 (31980884.020.000) 03/28 22:04:15 Image size of job updated: 204
	204  -  MemoryUsage of job (MB)
	209256  -  ResidentSetSize of job (KB)
...
005 (31980884.020.000) 03/28 22:04:15 Job terminated.
	(1) Normal termination (return value 0)
		Usr 0 00:02:17, Sys 0 00:00:10  -  Run Remote Usage
		Usr 0 00:00:00, Sys 0 00:00:00  -  Run Local Usage
		Usr 0 00:02:17, Sys 0 00:00:10  -  Total Remote Usage
		Usr 0 00:00:00, Sys 0 00:00:00  -  Total Local Usage
	168084  -  Run Bytes Sent By Job
	2250925  -  Run Bytes Received By Job
	168084  -  Total Bytes Sent By Job
	2250925  -  Total Bytes Received By Job
	Partitionable Resources :    Usage  Request Allocated 
	   Cpus                 :        0        1         1 
	   Disk (KB)            :     5299     2250    305131 
	   Memory (MB)          :      204     2000      2000 
...
