000 (31980884.042.000) 03/28 21:58:24 Job submitted from host: <131.225.188.57:9618?addrs=131.225.188.57-9618&noUDP&sock=18092_2f86_3>
...
001 (31980884.042.000) 03/28 21:59:35 Job executing on host: <131.225.206.218:9618?addrs=131.225.206.218-9618&noUDP&sock=1169_6a4d_3>
...
006 (31980884.042.000) 03/28 21:59:43 Image size of job updated: 14
	14  -  MemoryUsage of job (MB)
	15260  -  ResidentSetSize of job (KB)
...
006 (31980884.042.000) 03/28 22:00:44 Image size of job updated: 32
	32  -  MemoryUsage of job (MB)
	33300  -  ResidentSetSize of job (KB)
...
006 (31980884.042.000) 03/28 22:01:46 Image size of job updated: 129
	129  -  MemoryUsage of job (MB)
	132380  -  ResidentSetSize of job (KB)
...
006 (31980884.042.000) 03/28 22:02:46 Image size of job updated: 165
	165  -  MemoryUsage of job (MB)
	169788  -  ResidentSetSize of job (KB)
...
006 (31980884.042.000) 03/28 22:03:46 Image size of job updated: 192
	192  -  MemoryUsage of job (MB)
	197476  -  ResidentSetSize of job (KB)
...
006 (31980884.042.000) 03/28 22:04:06 Image size of job updated: 205
	205  -  MemoryUsage of job (MB)
	210436  -  ResidentSetSize of job (KB)
...
005 (31980884.042.000) 03/28 22:04:07 Job terminated.
	(1) Normal termination (return value 0)
		Usr 0 00:02:04, Sys 0 00:00:09  -  Run Remote Usage
		Usr 0 00:00:00, Sys 0 00:00:00  -  Run Local Usage
		Usr 0 00:02:04, Sys 0 00:00:09  -  Total Remote Usage
		Usr 0 00:00:00, Sys 0 00:00:00  -  Total Local Usage
	167947  -  Run Bytes Sent By Job
	2250925  -  Run Bytes Received By Job
	167947  -  Total Bytes Sent By Job
	2250925  -  Total Bytes Received By Job
	Partitionable Resources :    Usage  Request Allocated 
	   Cpus                 :        0        1         1 
	   Disk (KB)            :     5299     2250    305256 
	   Memory (MB)          :      205     2000      2000 
...
