000 (31980884.083.000) 03/28 21:58:24 Job submitted from host: <131.225.188.57:9618?addrs=131.225.188.57-9618&noUDP&sock=18092_2f86_3>
...
001 (31980884.083.000) 03/28 21:59:42 Job executing on host: <131.225.191.222:9618?addrs=131.225.191.222-9618&noUDP&sock=1433_7f4e_3>
...
006 (31980884.083.000) 03/28 21:59:51 Image size of job updated: 21
	21  -  MemoryUsage of job (MB)
	21924  -  ResidentSetSize of job (KB)
...
006 (31980884.083.000) 03/28 22:01:53 Image size of job updated: 26
	26  -  MemoryUsage of job (MB)
	27276  -  ResidentSetSize of job (KB)
...
006 (31980884.083.000) 03/28 22:02:53 Image size of job updated: 27
	27  -  MemoryUsage of job (MB)
	28396  -  ResidentSetSize of job (KB)
...
006 (31980884.083.000) 03/28 22:03:53 Image size of job updated: 164
	164  -  MemoryUsage of job (MB)
	168612  -  ResidentSetSize of job (KB)
...
006 (31980884.083.000) 03/28 22:04:53 Image size of job updated: 168
	168  -  MemoryUsage of job (MB)
	172144  -  ResidentSetSize of job (KB)
...
006 (31980884.083.000) 03/28 22:05:54 Image size of job updated: 189
	189  -  MemoryUsage of job (MB)
	194532  -  ResidentSetSize of job (KB)
...
005 (31980884.083.000) 03/28 22:06:18 Job terminated.
	(1) Normal termination (return value 0)
		Usr 0 00:02:13, Sys 0 00:00:12  -  Run Remote Usage
		Usr 0 00:00:00, Sys 0 00:00:00  -  Run Local Usage
		Usr 0 00:02:13, Sys 0 00:00:12  -  Total Remote Usage
		Usr 0 00:00:00, Sys 0 00:00:00  -  Total Local Usage
	168256  -  Run Bytes Sent By Job
	2250925  -  Run Bytes Received By Job
	168256  -  Total Bytes Sent By Job
	2250925  -  Total Bytes Received By Job
	Partitionable Resources :    Usage  Request Allocated 
	   Cpus                 :        0        1         1 
	   Disk (KB)            :     5300     2250    765655 
	   Memory (MB)          :      189     2000      2000 
...
