000 (31980884.272.000) 03/28 21:58:24 Job submitted from host: <131.225.188.57:9618?addrs=131.225.188.57-9618&noUDP&sock=18092_2f86_3>
...
001 (31980884.272.000) 03/28 22:00:22 Job executing on host: <131.225.205.191:9618?addrs=131.225.205.191-9618&noUDP&sock=1466_21ee_3>
...
006 (31980884.272.000) 03/28 22:00:30 Image size of job updated: 17
	17  -  MemoryUsage of job (MB)
	18012  -  ResidentSetSize of job (KB)
...
006 (31980884.272.000) 03/28 22:01:30 Image size of job updated: 92
	92  -  MemoryUsage of job (MB)
	94776  -  ResidentSetSize of job (KB)
...
006 (31980884.272.000) 03/28 22:02:30 Image size of job updated: 134
	134  -  MemoryUsage of job (MB)
	137320  -  ResidentSetSize of job (KB)
...
006 (31980884.272.000) 03/28 22:03:30 Image size of job updated: 169
	169  -  MemoryUsage of job (MB)
	173556  -  ResidentSetSize of job (KB)
...
006 (31980884.272.000) 03/28 22:04:30 Image size of job updated: 172
	172  -  MemoryUsage of job (MB)
	176744  -  ResidentSetSize of job (KB)
...
006 (31980884.272.000) 03/28 22:05:31 Image size of job updated: 187
	187  -  MemoryUsage of job (MB)
	191624  -  ResidentSetSize of job (KB)
...
006 (31980884.272.000) 03/28 22:06:32 Image size of job updated: 187
	187  -  MemoryUsage of job (MB)
	191844  -  ResidentSetSize of job (KB)
...
006 (31980884.272.000) 03/28 22:07:33 Image size of job updated: 187
	187  -  MemoryUsage of job (MB)
	191992  -  ResidentSetSize of job (KB)
...
006 (31980884.272.000) 03/28 22:08:33 Image size of job updated: 187
	187  -  MemoryUsage of job (MB)
	192204  -  ResidentSetSize of job (KB)
...
006 (31980884.272.000) 03/28 22:09:33 Image size of job updated: 208
	208  -  MemoryUsage of job (MB)
	213000  -  ResidentSetSize of job (KB)
...
006 (31980884.272.000) 03/28 22:10:33 Image size of job updated: 208
	208  -  MemoryUsage of job (MB)
	213360  -  ResidentSetSize of job (KB)
...
006 (31980884.272.000) 03/28 22:11:34 Image size of job updated: 208
	208  -  MemoryUsage of job (MB)
	213560  -  ResidentSetSize of job (KB)
...
006 (31980884.272.000) 03/28 22:12:35 Image size of job updated: 208
	208  -  MemoryUsage of job (MB)
	213572  -  ResidentSetSize of job (KB)
...
006 (31980884.272.000) 03/28 22:13:36 Image size of job updated: 210
	210  -  MemoryUsage of job (MB)
	215852  -  ResidentSetSize of job (KB)
...
005 (31980884.272.000) 03/28 22:15:02 Job terminated.
	(1) Normal termination (return value 0)
		Usr 0 00:11:26, Sys 0 00:00:30  -  Run Remote Usage
		Usr 0 00:00:00, Sys 0 00:00:00  -  Run Local Usage
		Usr 0 00:11:26, Sys 0 00:00:30  -  Total Remote Usage
		Usr 0 00:00:00, Sys 0 00:00:00  -  Total Local Usage
	174343  -  Run Bytes Sent By Job
	2250925  -  Run Bytes Received By Job
	174343  -  Total Bytes Sent By Job
	2250925  -  Total Bytes Received By Job
	Partitionable Resources :    Usage  Request Allocated 
	   Cpus                 :     0.00        1         1 
	   Disk (KB)            :  5305        2250   1650691 
	   Memory (MB)          :   210        2000      2000 
...
