000 (31980884.369.000) 03/28 21:58:25 Job submitted from host: <131.225.188.57:9618?addrs=131.225.188.57-9618&noUDP&sock=18092_2f86_3>
...
001 (31980884.369.000) 03/28 22:00:40 Job executing on host: <131.225.205.193:9618?addrs=131.225.205.193-9618&noUDP&sock=1457_f593_3>
...
006 (31980884.369.000) 03/28 22:00:49 Image size of job updated: 18
	18  -  MemoryUsage of job (MB)
	18624  -  ResidentSetSize of job (KB)
...
006 (31980884.369.000) 03/28 22:01:49 Image size of job updated: 92
	92  -  MemoryUsage of job (MB)
	94884  -  ResidentSetSize of job (KB)
...
006 (31980884.369.000) 03/28 22:02:49 Image size of job updated: 179
	179  -  MemoryUsage of job (MB)
	184172  -  ResidentSetSize of job (KB)
...
006 (31980884.369.000) 03/28 22:03:50 Image size of job updated: 192
	192  -  MemoryUsage of job (MB)
	197412  -  ResidentSetSize of job (KB)
...
006 (31980884.369.000) 03/28 22:04:51 Image size of job updated: 206
	206  -  MemoryUsage of job (MB)
	211476  -  ResidentSetSize of job (KB)
...
006 (31980884.369.000) 03/28 22:05:51 Image size of job updated: 206
	206  -  MemoryUsage of job (MB)
	211684  -  ResidentSetSize of job (KB)
...
006 (31980884.369.000) 03/28 22:06:51 Image size of job updated: 206
	206  -  MemoryUsage of job (MB)
	211908  -  ResidentSetSize of job (KB)
...
006 (31980884.369.000) 03/28 22:07:51 Image size of job updated: 207
	207  -  MemoryUsage of job (MB)
	212056  -  ResidentSetSize of job (KB)
...
006 (31980884.369.000) 03/28 22:08:16 Image size of job updated: 207
	207  -  MemoryUsage of job (MB)
	212248  -  ResidentSetSize of job (KB)
...
005 (31980884.369.000) 03/28 22:08:16 Job terminated.
	(1) Normal termination (return value 0)
		Usr 0 00:06:31, Sys 0 00:00:16  -  Run Remote Usage
		Usr 0 00:00:00, Sys 0 00:00:00  -  Run Local Usage
		Usr 0 00:06:31, Sys 0 00:00:16  -  Total Remote Usage
		Usr 0 00:00:00, Sys 0 00:00:00  -  Total Local Usage
	171239  -  Run Bytes Sent By Job
	2250925  -  Run Bytes Received By Job
	171239  -  Total Bytes Sent By Job
	2250925  -  Total Bytes Received By Job
	Partitionable Resources :    Usage  Request Allocated 
	   Cpus                 :     0.00        1         1 
	   Disk (KB)            :  5302        2250   1619750 
	   Memory (MB)          :   207        2000      2000 
...
