000 (31980884.177.000) 03/28 21:58:24 Job submitted from host: <131.225.188.57:9618?addrs=131.225.188.57-9618&noUDP&sock=18092_2f86_3>
...
001 (31980884.177.000) 03/28 22:00:02 Job executing on host: <131.225.205.190:9618?addrs=131.225.205.190-9618&noUDP&sock=1457_f593_3>
...
006 (31980884.177.000) 03/28 22:01:12 Image size of job updated: 42
	42  -  MemoryUsage of job (MB)
	43920  -  ResidentSetSize of job (KB)
...
006 (31980884.177.000) 03/28 22:02:12 Image size of job updated: 163
	163  -  MemoryUsage of job (MB)
	167864  -  ResidentSetSize of job (KB)
...
006 (31980884.177.000) 03/28 22:03:14 Image size of job updated: 167
	167  -  MemoryUsage of job (MB)
	171632  -  ResidentSetSize of job (KB)
...
006 (31980884.177.000) 03/28 22:04:14 Image size of job updated: 190
	190  -  MemoryUsage of job (MB)
	195492  -  ResidentSetSize of job (KB)
...
006 (31980884.177.000) 03/28 22:04:45 Image size of job updated: 203
	203  -  MemoryUsage of job (MB)
	208356  -  ResidentSetSize of job (KB)
...
005 (31980884.177.000) 03/28 22:04:46 Job terminated.
	(1) Normal termination (return value 0)
		Usr 0 00:02:48, Sys 0 00:00:09  -  Run Remote Usage
		Usr 0 00:00:00, Sys 0 00:00:00  -  Run Local Usage
		Usr 0 00:02:48, Sys 0 00:00:09  -  Total Remote Usage
		Usr 0 00:00:00, Sys 0 00:00:00  -  Total Local Usage
	167206  -  Run Bytes Sent By Job
	2250925  -  Run Bytes Received By Job
	167206  -  Total Bytes Sent By Job
	2250925  -  Total Bytes Received By Job
	Partitionable Resources :    Usage  Request Allocated 
	   Cpus                 :     0.00        1         1 
	   Disk (KB)            :  5298        2250   1626406 
	   Memory (MB)          :   203        2000      2000 
...
