000 (31980884.157.000) 03/28 21:58:24 Job submitted from host: <131.225.188.57:9618?addrs=131.225.188.57-9618&noUDP&sock=18092_2f86_3>
...
001 (31980884.157.000) 03/28 21:59:59 Job executing on host: <131.225.205.192:9618?addrs=131.225.205.192-9618&noUDP&sock=1455_9663_3>
...
006 (31980884.157.000) 03/28 22:01:09 Image size of job updated: 84
	84  -  MemoryUsage of job (MB)
	86624  -  ResidentSetSize of job (KB)
...
006 (31980884.157.000) 03/28 22:02:10 Image size of job updated: 164
	164  -  MemoryUsage of job (MB)
	168068  -  ResidentSetSize of job (KB)
...
006 (31980884.157.000) 03/28 22:03:10 Image size of job updated: 166
	166  -  MemoryUsage of job (MB)
	170120  -  ResidentSetSize of job (KB)
...
006 (31980884.157.000) 03/28 22:04:10 Image size of job updated: 190
	190  -  MemoryUsage of job (MB)
	194924  -  ResidentSetSize of job (KB)
...
006 (31980884.157.000) 03/28 22:05:08 Image size of job updated: 204
	204  -  MemoryUsage of job (MB)
	209508  -  ResidentSetSize of job (KB)
...
005 (31980884.157.000) 03/28 22:05:09 Job terminated.
	(1) Normal termination (return value 0)
		Usr 0 00:02:58, Sys 0 00:00:12  -  Run Remote Usage
		Usr 0 00:00:00, Sys 0 00:00:00  -  Run Local Usage
		Usr 0 00:02:58, Sys 0 00:00:12  -  Total Remote Usage
		Usr 0 00:00:00, Sys 0 00:00:00  -  Total Local Usage
	169326  -  Run Bytes Sent By Job
	2250925  -  Run Bytes Received By Job
	169326  -  Total Bytes Sent By Job
	2250925  -  Total Bytes Received By Job
	Partitionable Resources :    Usage  Request Allocated 
	   Cpus                 :        0        1         1 
	   Disk (KB)            :     5301     2250   1642523 
	   Memory (MB)          :      204     2000      2000 
...
