000 (31980884.315.000) 03/28 21:58:25 Job submitted from host: <131.225.188.57:9618?addrs=131.225.188.57-9618&noUDP&sock=18092_2f86_3>
...
001 (31980884.315.000) 03/28 22:00:33 Job executing on host: <131.225.205.179:9618?addrs=131.225.205.179-9618&noUDP&sock=1457_f593_3>
...
006 (31980884.315.000) 03/28 22:01:45 Image size of job updated: 48
	48  -  MemoryUsage of job (MB)
	49220  -  ResidentSetSize of job (KB)
...
006 (31980884.315.000) 03/28 22:02:45 Image size of job updated: 166
	166  -  MemoryUsage of job (MB)
	170028  -  ResidentSetSize of job (KB)
...
006 (31980884.315.000) 03/28 22:03:45 Image size of job updated: 193
	193  -  MemoryUsage of job (MB)
	197956  -  ResidentSetSize of job (KB)
...
005 (31980884.315.000) 03/28 22:04:43 Job terminated.
	(1) Normal termination (return value 0)
		Usr 0 00:01:57, Sys 0 00:00:09  -  Run Remote Usage
		Usr 0 00:00:00, Sys 0 00:00:00  -  Run Local Usage
		Usr 0 00:01:57, Sys 0 00:00:09  -  Total Remote Usage
		Usr 0 00:00:00, Sys 0 00:00:00  -  Total Local Usage
	168383  -  Run Bytes Sent By Job
	2250925  -  Run Bytes Received By Job
	168383  -  Total Bytes Sent By Job
	2250925  -  Total Bytes Received By Job
	Partitionable Resources :    Usage  Request Allocated 
	   Cpus                 :     0.01        1         1 
	   Disk (KB)            :  5299        2250   1626521 
	   Memory (MB)          :   193        2000      2000 
...
