000 (31980884.077.000) 03/28 21:58:24 Job submitted from host: <131.225.188.57:9618?addrs=131.225.188.57-9618&noUDP&sock=18092_2f86_3>
...
001 (31980884.077.000) 03/28 21:59:41 Job executing on host: <131.225.190.41:9618?addrs=131.225.190.41-9618&noUDP&sock=1431_201d_3>
...
006 (31980884.077.000) 03/28 21:59:50 Image size of job updated: 14
	14  -  MemoryUsage of job (MB)
	15312  -  ResidentSetSize of job (KB)
...
006 (31980884.077.000) 03/28 22:00:50 Image size of job updated: 26
	26  -  MemoryUsage of job (MB)
	26816  -  ResidentSetSize of job (KB)
...
006 (31980884.077.000) 03/28 22:01:52 Image size of job updated: 27
	27  -  MemoryUsage of job (MB)
	27788  -  ResidentSetSize of job (KB)
...
006 (31980884.077.000) 03/28 22:02:52 Image size of job updated: 28
	28  -  MemoryUsage of job (MB)
	28832  -  ResidentSetSize of job (KB)
...
006 (31980884.077.000) 03/28 22:03:53 Image size of job updated: 38
	38  -  MemoryUsage of job (MB)
	39324  -  ResidentSetSize of job (KB)
...
006 (31980884.077.000) 03/28 22:04:54 Image size of job updated: 164
	164  -  MemoryUsage of job (MB)
	168144  -  ResidentSetSize of job (KB)
...
006 (31980884.077.000) 03/28 22:05:54 Image size of job updated: 168
	168  -  MemoryUsage of job (MB)
	172336  -  ResidentSetSize of job (KB)
...
006 (31980884.077.000) 03/28 22:06:54 Image size of job updated: 203
	203  -  MemoryUsage of job (MB)
	208584  -  ResidentSetSize of job (KB)
...
006 (31980884.077.000) 03/28 22:07:22 Image size of job updated: 203
	203  -  MemoryUsage of job (MB)
	208660  -  ResidentSetSize of job (KB)
...
005 (31980884.077.000) 03/28 22:07:23 Job terminated.
	(1) Normal termination (return value 0)
		Usr 0 00:02:44, Sys 0 00:00:12  -  Run Remote Usage
		Usr 0 00:00:00, Sys 0 00:00:00  -  Run Local Usage
		Usr 0 00:02:44, Sys 0 00:00:12  -  Total Remote Usage
		Usr 0 00:00:00, Sys 0 00:00:00  -  Total Local Usage
	168579  -  Run Bytes Sent By Job
	2250925  -  Run Bytes Received By Job
	168579  -  Total Bytes Sent By Job
	2250925  -  Total Bytes Received By Job
	Partitionable Resources :    Usage  Request Allocated 
	   Cpus                 :     0.01        1         1 
	   Disk (KB)            :  5301        2250    779481 
	   Memory (MB)          :   203        2000      2000 
...
