000 (31980884.446.000) 03/28 21:58:25 Job submitted from host: <131.225.188.57:9618?addrs=131.225.188.57-9618&noUDP&sock=18092_2f86_3>
...
001 (31980884.446.000) 03/28 22:00:55 Job executing on host: <131.225.205.207:9618?addrs=131.225.205.207-9618&noUDP&sock=1508_f0e8_3>
...
006 (31980884.446.000) 03/28 22:02:05 Image size of job updated: 92
	92  -  MemoryUsage of job (MB)
	94904  -  ResidentSetSize of job (KB)
...
006 (31980884.446.000) 03/28 22:03:06 Image size of job updated: 171
	171  -  MemoryUsage of job (MB)
	175272  -  ResidentSetSize of job (KB)
...
006 (31980884.446.000) 03/28 22:04:08 Image size of job updated: 173
	173  -  MemoryUsage of job (MB)
	177576  -  ResidentSetSize of job (KB)
...
006 (31980884.446.000) 03/28 22:05:08 Image size of job updated: 187
	187  -  MemoryUsage of job (MB)
	191728  -  ResidentSetSize of job (KB)
...
006 (31980884.446.000) 03/28 22:06:08 Image size of job updated: 187
	187  -  MemoryUsage of job (MB)
	191948  -  ResidentSetSize of job (KB)
...
006 (31980884.446.000) 03/28 22:07:08 Image size of job updated: 188
	188  -  MemoryUsage of job (MB)
	193196  -  ResidentSetSize of job (KB)
...
005 (31980884.446.000) 03/28 22:08:03 Job terminated.
	(1) Normal termination (return value 0)
		Usr 0 00:05:01, Sys 0 00:00:15  -  Run Remote Usage
		Usr 0 00:00:00, Sys 0 00:00:00  -  Run Local Usage
		Usr 0 00:05:01, Sys 0 00:00:15  -  Total Remote Usage
		Usr 0 00:00:00, Sys 0 00:00:00  -  Total Local Usage
	170616  -  Run Bytes Sent By Job
	2250925  -  Run Bytes Received By Job
	170616  -  Total Bytes Sent By Job
	2250925  -  Total Bytes Received By Job
	Partitionable Resources :    Usage  Request Allocated 
	   Cpus                 :     0.00        1         1 
	   Disk (KB)            :  5301        2250   1686243 
	   Memory (MB)          :   188        2000      2000 
...
