000 (31980884.290.000) 03/28 21:58:24 Job submitted from host: <131.225.188.57:9618?addrs=131.225.188.57-9618&noUDP&sock=18092_2f86_3>
...
001 (31980884.290.000) 03/28 22:00:25 Job executing on host: <131.225.188.105:9618?addrs=131.225.188.105-9618&noUDP&sock=1920_89ed_3>
...
006 (31980884.290.000) 03/28 22:01:35 Image size of job updated: 163
	163  -  MemoryUsage of job (MB)
	167840  -  ResidentSetSize of job (KB)
...
006 (31980884.290.000) 03/28 22:02:36 Image size of job updated: 168
	168  -  MemoryUsage of job (MB)
	172716  -  ResidentSetSize of job (KB)
...
006 (31980884.290.000) 03/28 22:03:29 Image size of job updated: 203
	203  -  MemoryUsage of job (MB)
	208452  -  ResidentSetSize of job (KB)
...
005 (31980884.290.000) 03/28 22:03:30 Job terminated.
	(1) Normal termination (return value 0)
		Usr 0 00:02:17, Sys 0 00:00:08  -  Run Remote Usage
		Usr 0 00:00:00, Sys 0 00:00:00  -  Run Local Usage
		Usr 0 00:02:17, Sys 0 00:00:08  -  Total Remote Usage
		Usr 0 00:00:00, Sys 0 00:00:00  -  Total Local Usage
	167871  -  Run Bytes Sent By Job
	2250925  -  Run Bytes Received By Job
	167871  -  Total Bytes Sent By Job
	2250925  -  Total Bytes Received By Job
	Partitionable Resources :    Usage  Request Allocated 
	   Cpus                 :        0        1         1 
	   Disk (KB)            :     5299     2250   1644053 
	   Memory (MB)          :      203     2000      2000 
...
