000 (31980884.206.000) 03/28 21:58:24 Job submitted from host: <131.225.188.57:9618?addrs=131.225.188.57-9618&noUDP&sock=18092_2f86_3>
...
001 (31980884.206.000) 03/28 22:00:09 Job executing on host: <131.225.205.194:9618?addrs=131.225.205.194-9618&noUDP&sock=1467_d186_3>
...
006 (31980884.206.000) 03/28 22:01:20 Image size of job updated: 48
	48  -  MemoryUsage of job (MB)
	49224  -  ResidentSetSize of job (KB)
...
006 (31980884.206.000) 03/28 22:02:20 Image size of job updated: 166
	166  -  MemoryUsage of job (MB)
	170508  -  ResidentSetSize of job (KB)
...
006 (31980884.206.000) 03/28 22:03:21 Image size of job updated: 190
	190  -  MemoryUsage of job (MB)
	195192  -  ResidentSetSize of job (KB)
...
006 (31980884.206.000) 03/28 22:04:21 Image size of job updated: 203
	203  -  MemoryUsage of job (MB)
	208668  -  ResidentSetSize of job (KB)
...
005 (31980884.206.000) 03/28 22:04:25 Job terminated.
	(1) Normal termination (return value 0)
		Usr 0 00:03:03, Sys 0 00:00:09  -  Run Remote Usage
		Usr 0 00:00:00, Sys 0 00:00:00  -  Run Local Usage
		Usr 0 00:03:03, Sys 0 00:00:09  -  Total Remote Usage
		Usr 0 00:00:00, Sys 0 00:00:00  -  Total Local Usage
	168962  -  Run Bytes Sent By Job
	2250925  -  Run Bytes Received By Job
	168962  -  Total Bytes Sent By Job
	2250925  -  Total Bytes Received By Job
	Partitionable Resources :    Usage  Request Allocated 
	   Cpus                 :        0        1         1 
	   Disk (KB)            :     5300     2250   1675495 
	   Memory (MB)          :      203     2000      2000 
...
