000 (31980884.365.000) 03/28 21:58:25 Job submitted from host: <131.225.188.57:9618?addrs=131.225.188.57-9618&noUDP&sock=18092_2f86_3>
...
001 (31980884.365.000) 03/28 22:00:39 Job executing on host: <131.225.205.164:9618?addrs=131.225.205.164-9618&noUDP&sock=1462_638d_3>
...
006 (31980884.365.000) 03/28 22:02:54 Image size of job updated: 148
	148  -  MemoryUsage of job (MB)
	152120  -  ResidentSetSize of job (KB)
...
006 (31980884.365.000) 03/28 22:04:56 Image size of job updated: 170
	170  -  MemoryUsage of job (MB)
	174624  -  ResidentSetSize of job (KB)
...
006 (31980884.365.000) 03/28 22:05:57 Image size of job updated: 180
	180  -  MemoryUsage of job (MB)
	184888  -  ResidentSetSize of job (KB)
...
006 (31980884.365.000) 03/28 22:06:58 Image size of job updated: 187
	187  -  MemoryUsage of job (MB)
	191912  -  ResidentSetSize of job (KB)
...
006 (31980884.365.000) 03/28 22:07:58 Image size of job updated: 187
	187  -  MemoryUsage of job (MB)
	192128  -  ResidentSetSize of job (KB)
...
006 (31980884.365.000) 03/28 22:08:58 Image size of job updated: 187
	187  -  MemoryUsage of job (MB)
	192320  -  ResidentSetSize of job (KB)
...
006 (31980884.365.000) 03/28 22:09:58 Image size of job updated: 188
	188  -  MemoryUsage of job (MB)
	192872  -  ResidentSetSize of job (KB)
...
006 (31980884.365.000) 03/28 22:10:59 Image size of job updated: 209
	209  -  MemoryUsage of job (MB)
	214120  -  ResidentSetSize of job (KB)
...
006 (31980884.365.000) 03/28 22:12:00 Image size of job updated: 211
	211  -  MemoryUsage of job (MB)
	216584  -  ResidentSetSize of job (KB)
...
006 (31980884.365.000) 03/28 22:13:01 Image size of job updated: 211
	211  -  MemoryUsage of job (MB)
	216740  -  ResidentSetSize of job (KB)
...
006 (31980884.365.000) 03/28 22:14:01 Image size of job updated: 212
	212  -  MemoryUsage of job (MB)
	218000  -  ResidentSetSize of job (KB)
...
006 (31980884.365.000) 03/28 22:15:01 Image size of job updated: 213
	213  -  MemoryUsage of job (MB)
	218384  -  ResidentSetSize of job (KB)
...
005 (31980884.365.000) 03/28 22:16:16 Job terminated.
	(1) Normal termination (return value 0)
		Usr 0 00:11:16, Sys 0 00:00:31  -  Run Remote Usage
		Usr 0 00:00:00, Sys 0 00:00:00  -  Run Local Usage
		Usr 0 00:11:16, Sys 0 00:00:31  -  Total Remote Usage
		Usr 0 00:00:00, Sys 0 00:00:00  -  Total Local Usage
	176989  -  Run Bytes Sent By Job
	2250925  -  Run Bytes Received By Job
	176989  -  Total Bytes Sent By Job
	2250925  -  Total Bytes Received By Job
	Partitionable Resources :    Usage  Request Allocated 
	   Cpus                 :     0.00        1         1 
	   Disk (KB)            :  5307        2250   1640462 
	   Memory (MB)          :   213        2000      2000 
...
