000 (31980884.233.000) 03/28 21:58:24 Job submitted from host: <131.225.188.57:9618?addrs=131.225.188.57-9618&noUDP&sock=18092_2f86_3>
...
001 (31980884.233.000) 03/28 22:00:13 Job executing on host: <131.225.205.154:9618?addrs=131.225.205.154-9618&noUDP&sock=1455_9663_3>
...
006 (31980884.233.000) 03/28 22:00:22 Image size of job updated: 10
	10  -  MemoryUsage of job (MB)
	10324  -  ResidentSetSize of job (KB)
...
006 (31980884.233.000) 03/28 22:01:22 Image size of job updated: 165
	165  -  MemoryUsage of job (MB)
	169056  -  ResidentSetSize of job (KB)
...
006 (31980884.233.000) 03/28 22:02:22 Image size of job updated: 168
	168  -  MemoryUsage of job (MB)
	172936  -  ResidentSetSize of job (KB)
...
006 (31980884.233.000) 03/28 22:03:22 Image size of job updated: 202
	202  -  MemoryUsage of job (MB)
	207492  -  ResidentSetSize of job (KB)
...
005 (31980884.233.000) 03/28 22:03:38 Job terminated.
	(1) Normal termination (return value 0)
		Usr 0 00:02:38, Sys 0 00:00:08  -  Run Remote Usage
		Usr 0 00:00:00, Sys 0 00:00:00  -  Run Local Usage
		Usr 0 00:02:38, Sys 0 00:00:08  -  Total Remote Usage
		Usr 0 00:00:00, Sys 0 00:00:00  -  Total Local Usage
	167179  -  Run Bytes Sent By Job
	2250925  -  Run Bytes Received By Job
	167179  -  Total Bytes Sent By Job
	2250925  -  Total Bytes Received By Job
	Partitionable Resources :    Usage  Request Allocated 
	   Cpus                 :     0.03        1         1 
	   Disk (KB)            :  5298        2250   1630026 
	   Memory (MB)          :   202        2000      2000 
...
