000 (31980884.053.000) 03/28 21:58:24 Job submitted from host: <131.225.188.57:9618?addrs=131.225.188.57-9618&noUDP&sock=18092_2f86_3>
...
001 (31980884.053.000) 03/28 21:59:37 Job executing on host: <131.225.205.159:9618?addrs=131.225.205.159-9618&noUDP&sock=1454_e6cb_3>
...
006 (31980884.053.000) 03/28 21:59:46 Image size of job updated: 5
	3  -  MemoryUsage of job (MB)
	3560  -  ResidentSetSize of job (KB)
...
006 (31980884.053.000) 03/28 22:00:46 Image size of job updated: 27
	27  -  MemoryUsage of job (MB)
	27676  -  ResidentSetSize of job (KB)
...
006 (31980884.053.000) 03/28 22:01:47 Image size of job updated: 54
	54  -  MemoryUsage of job (MB)
	55396  -  ResidentSetSize of job (KB)
...
006 (31980884.053.000) 03/28 22:02:48 Image size of job updated: 165
	165  -  MemoryUsage of job (MB)
	169200  -  ResidentSetSize of job (KB)
...
006 (31980884.053.000) 03/28 22:03:49 Image size of job updated: 181
	181  -  MemoryUsage of job (MB)
	185572  -  ResidentSetSize of job (KB)
...
006 (31980884.053.000) 03/28 22:04:50 Image size of job updated: 203
	203  -  MemoryUsage of job (MB)
	208108  -  ResidentSetSize of job (KB)
...
005 (31980884.053.000) 03/28 22:05:01 Job terminated.
	(1) Normal termination (return value 0)
		Usr 0 00:02:55, Sys 0 00:00:11  -  Run Remote Usage
		Usr 0 00:00:00, Sys 0 00:00:00  -  Run Local Usage
		Usr 0 00:02:55, Sys 0 00:00:11  -  Total Remote Usage
		Usr 0 00:00:00, Sys 0 00:00:00  -  Total Local Usage
	167111  -  Run Bytes Sent By Job
	2250925  -  Run Bytes Received By Job
	167111  -  Total Bytes Sent By Job
	2250925  -  Total Bytes Received By Job
	Partitionable Resources :    Usage  Request Allocated 
	   Cpus                 :        0        1         1 
	   Disk (KB)            :     5299     2250   1641506 
	   Memory (MB)          :      203     2000      2000 
...
