000 (31980884.125.000) 03/28 21:58:24 Job submitted from host: <131.225.188.57:9618?addrs=131.225.188.57-9618&noUDP&sock=18092_2f86_3>
...
001 (31980884.125.000) 03/28 21:59:51 Job executing on host: <131.225.190.36:9618?addrs=131.225.190.36-9618&noUDP&sock=1438_ed47_3>
...
006 (31980884.125.000) 03/28 22:01:01 Image size of job updated: 26
	26  -  MemoryUsage of job (MB)
	27516  -  ResidentSetSize of job (KB)
...
006 (31980884.125.000) 03/28 22:02:01 Image size of job updated: 34
	34  -  MemoryUsage of job (MB)
	35348  -  ResidentSetSize of job (KB)
...
006 (31980884.125.000) 03/28 22:03:01 Image size of job updated: 164
	164  -  MemoryUsage of job (MB)
	168876  -  ResidentSetSize of job (KB)
...
006 (31980884.125.000) 03/28 22:04:02 Image size of job updated: 183
	183  -  MemoryUsage of job (MB)
	187908  -  ResidentSetSize of job (KB)
...
006 (31980884.125.000) 03/28 22:05:02 Image size of job updated: 203
	203  -  MemoryUsage of job (MB)
	207920  -  ResidentSetSize of job (KB)
...
005 (31980884.125.000) 03/28 22:05:08 Job terminated.
	(1) Normal termination (return value 0)
		Usr 0 00:02:31, Sys 0 00:00:11  -  Run Remote Usage
		Usr 0 00:00:00, Sys 0 00:00:00  -  Run Local Usage
		Usr 0 00:02:31, Sys 0 00:00:11  -  Total Remote Usage
		Usr 0 00:00:00, Sys 0 00:00:00  -  Total Local Usage
	168121  -  Run Bytes Sent By Job
	2250925  -  Run Bytes Received By Job
	168121  -  Total Bytes Sent By Job
	2250925  -  Total Bytes Received By Job
	Partitionable Resources :    Usage  Request Allocated 
	   Cpus                 :        0        1         1 
	   Disk (KB)            :     5300     2250    786192 
	   Memory (MB)          :      203     2000      2000 
...
