000 (31980884.228.000) 03/28 21:58:24 Job submitted from host: <131.225.188.57:9618?addrs=131.225.188.57-9618&noUDP&sock=18092_2f86_3>
...
001 (31980884.228.000) 03/28 22:00:14 Job executing on host: <131.225.205.200:9618?addrs=131.225.205.200-9618&noUDP&sock=1480_bc41_3>
...
006 (31980884.228.000) 03/28 22:01:24 Image size of job updated: 48
	48  -  MemoryUsage of job (MB)
	49224  -  ResidentSetSize of job (KB)
...
006 (31980884.228.000) 03/28 22:02:23 Image size of job updated: 166
	166  -  MemoryUsage of job (MB)
	170464  -  ResidentSetSize of job (KB)
...
006 (31980884.228.000) 03/28 22:03:24 Image size of job updated: 191
	191  -  MemoryUsage of job (MB)
	196300  -  ResidentSetSize of job (KB)
...
005 (31980884.228.000) 03/28 22:04:22 Job terminated.
	(1) Normal termination (return value 0)
		Usr 0 00:02:00, Sys 0 00:00:09  -  Run Remote Usage
		Usr 0 00:00:00, Sys 0 00:00:00  -  Run Local Usage
		Usr 0 00:02:00, Sys 0 00:00:09  -  Total Remote Usage
		Usr 0 00:00:00, Sys 0 00:00:00  -  Total Local Usage
	167115  -  Run Bytes Sent By Job
	2250925  -  Run Bytes Received By Job
	167115  -  Total Bytes Sent By Job
	2250925  -  Total Bytes Received By Job
	Partitionable Resources :    Usage  Request Allocated 
	   Cpus                 :     0.01        1         1 
	   Disk (KB)            :  5298        2250   1681120 
	   Memory (MB)          :   191        2000      2000 
...
