000 (31980884.297.000) 03/28 21:58:25 Job submitted from host: <131.225.188.57:9618?addrs=131.225.188.57-9618&noUDP&sock=18092_2f86_3>
...
001 (31980884.297.000) 03/28 22:00:29 Job executing on host: <131.225.191.69:9618?addrs=131.225.191.69-9618&noUDP&sock=1448_c939_3>
...
006 (31980884.297.000) 03/28 22:01:37 Image size of job updated: 46
	46  -  MemoryUsage of job (MB)
	47588  -  ResidentSetSize of job (KB)
...
006 (31980884.297.000) 03/28 22:02:38 Image size of job updated: 164
	164  -  MemoryUsage of job (MB)
	168496  -  ResidentSetSize of job (KB)
...
006 (31980884.297.000) 03/28 22:03:38 Image size of job updated: 167
	167  -  MemoryUsage of job (MB)
	171164  -  ResidentSetSize of job (KB)
...
006 (31980884.297.000) 03/28 22:04:39 Image size of job updated: 191
	191  -  MemoryUsage of job (MB)
	196032  -  ResidentSetSize of job (KB)
...
006 (31980884.297.000) 03/28 22:04:55 Image size of job updated: 204
	204  -  MemoryUsage of job (MB)
	209028  -  ResidentSetSize of job (KB)
...
005 (31980884.297.000) 03/28 22:04:56 Job terminated.
	(1) Normal termination (return value 0)
		Usr 0 00:02:35, Sys 0 00:00:10  -  Run Remote Usage
		Usr 0 00:00:00, Sys 0 00:00:00  -  Run Local Usage
		Usr 0 00:02:35, Sys 0 00:00:10  -  Total Remote Usage
		Usr 0 00:00:00, Sys 0 00:00:00  -  Total Local Usage
	167529  -  Run Bytes Sent By Job
	2250925  -  Run Bytes Received By Job
	167529  -  Total Bytes Sent By Job
	2250925  -  Total Bytes Received By Job
	Partitionable Resources :    Usage  Request Allocated 
	   Cpus                 :     0.00        1         1 
	   Disk (KB)            :  5299        2250    774178 
	   Memory (MB)          :   204        2000      2000 
...
