000 (31980884.353.000) 03/28 21:58:25 Job submitted from host: <131.225.188.57:9618?addrs=131.225.188.57-9618&noUDP&sock=18092_2f86_3>
...
001 (31980884.353.000) 03/28 22:00:39 Job executing on host: <131.225.205.207:9618?addrs=131.225.205.207-9618&noUDP&sock=1508_f0e8_3>
...
006 (31980884.353.000) 03/28 22:01:47 Image size of job updated: 86
	86  -  MemoryUsage of job (MB)
	88392  -  ResidentSetSize of job (KB)
...
006 (31980884.353.000) 03/28 22:02:47 Image size of job updated: 166
	166  -  MemoryUsage of job (MB)
	170472  -  ResidentSetSize of job (KB)
...
006 (31980884.353.000) 03/28 22:03:48 Image size of job updated: 192
	192  -  MemoryUsage of job (MB)
	196620  -  ResidentSetSize of job (KB)
...
006 (31980884.353.000) 03/28 22:04:40 Image size of job updated: 204
	204  -  MemoryUsage of job (MB)
	209848  -  ResidentSetSize of job (KB)
...
005 (31980884.353.000) 03/28 22:04:41 Job terminated.
	(1) Normal termination (return value 0)
		Usr 0 00:02:52, Sys 0 00:00:09  -  Run Remote Usage
		Usr 0 00:00:00, Sys 0 00:00:00  -  Run Local Usage
		Usr 0 00:02:52, Sys 0 00:00:09  -  Total Remote Usage
		Usr 0 00:00:00, Sys 0 00:00:00  -  Total Local Usage
	167631  -  Run Bytes Sent By Job
	2250925  -  Run Bytes Received By Job
	167631  -  Total Bytes Sent By Job
	2250925  -  Total Bytes Received By Job
	Partitionable Resources :    Usage  Request Allocated 
	   Cpus                 :        0        1         1 
	   Disk (KB)            :     5298     2250   1686243 
	   Memory (MB)          :      204     2000      2000 
...
