000 (31980884.114.000) 03/28 21:58:24 Job submitted from host: <131.225.188.57:9618?addrs=131.225.188.57-9618&noUDP&sock=18092_2f86_3>
...
001 (31980884.114.000) 03/28 21:59:49 Job executing on host: <131.225.190.15:9618?addrs=131.225.190.15-9618&noUDP&sock=1436_8e16_3>
...
006 (31980884.114.000) 03/28 22:01:01 Image size of job updated: 100
	100  -  MemoryUsage of job (MB)
	102728  -  ResidentSetSize of job (KB)
...
006 (31980884.114.000) 03/28 22:02:59 Image size of job updated: 164
	164  -  MemoryUsage of job (MB)
	168924  -  ResidentSetSize of job (KB)
...
006 (31980884.114.000) 03/28 22:03:59 Image size of job updated: 168
	168  -  MemoryUsage of job (MB)
	173036  -  ResidentSetSize of job (KB)
...
006 (31980884.114.000) 03/28 22:05:00 Image size of job updated: 205
	205  -  MemoryUsage of job (MB)
	210376  -  ResidentSetSize of job (KB)
...
006 (31980884.114.000) 03/28 22:05:16 Image size of job updated: 205
	205  -  MemoryUsage of job (MB)
	210472  -  ResidentSetSize of job (KB)
...
005 (31980884.114.000) 03/28 22:05:17 Job terminated.
	(1) Normal termination (return value 0)
		Usr 0 00:02:55, Sys 0 00:00:11  -  Run Remote Usage
		Usr 0 00:00:00, Sys 0 00:00:00  -  Run Local Usage
		Usr 0 00:02:55, Sys 0 00:00:11  -  Total Remote Usage
		Usr 0 00:00:00, Sys 0 00:00:00  -  Total Local Usage
	170490  -  Run Bytes Sent By Job
	2250925  -  Run Bytes Received By Job
	170490  -  Total Bytes Sent By Job
	2250925  -  Total Bytes Received By Job
	Partitionable Resources :    Usage  Request Allocated 
	   Cpus                 :     0.25        1         1 
	   Disk (KB)            :  5302        2250    763643 
	   Memory (MB)          :   205        2000      2000 
...
