000 (31980884.371.000) 03/28 21:58:25 Job submitted from host: <131.225.188.57:9618?addrs=131.225.188.57-9618&noUDP&sock=18092_2f86_3>
...
001 (31980884.371.000) 03/28 22:00:41 Job executing on host: <131.225.188.43:9618?addrs=131.225.188.43-9618&noUDP&sock=1910_adfa_3>
...
006 (31980884.371.000) 03/28 22:01:50 Image size of job updated: 132
	132  -  MemoryUsage of job (MB)
	135760  -  ResidentSetSize of job (KB)
...
006 (31980884.371.000) 03/28 22:02:50 Image size of job updated: 175
	175  -  MemoryUsage of job (MB)
	179724  -  ResidentSetSize of job (KB)
...
006 (31980884.371.000) 03/28 22:03:51 Image size of job updated: 179
	179  -  MemoryUsage of job (MB)
	183536  -  ResidentSetSize of job (KB)
...
006 (31980884.371.000) 03/28 22:04:52 Image size of job updated: 187
	187  -  MemoryUsage of job (MB)
	192044  -  ResidentSetSize of job (KB)
...
006 (31980884.371.000) 03/28 22:05:53 Image size of job updated: 187
	187  -  MemoryUsage of job (MB)
	192284  -  ResidentSetSize of job (KB)
...
006 (31980884.371.000) 03/28 22:06:54 Image size of job updated: 187
	187  -  MemoryUsage of job (MB)
	192440  -  ResidentSetSize of job (KB)
...
006 (31980884.371.000) 03/28 22:07:54 Image size of job updated: 209
	209  -  MemoryUsage of job (MB)
	214692  -  ResidentSetSize of job (KB)
...
006 (31980884.371.000) 03/28 22:08:54 Image size of job updated: 209
	209  -  MemoryUsage of job (MB)
	215004  -  ResidentSetSize of job (KB)
...
006 (31980884.371.000) 03/28 22:09:54 Image size of job updated: 210
	210  -  MemoryUsage of job (MB)
	215212  -  ResidentSetSize of job (KB)
...
006 (31980884.371.000) 03/28 22:10:55 Image size of job updated: 215
	215  -  MemoryUsage of job (MB)
	221048  -  ResidentSetSize of job (KB)
...
006 (31980884.371.000) 03/28 22:11:56 Image size of job updated: 215
	215  -  MemoryUsage of job (MB)
	221076  -  ResidentSetSize of job (KB)
...
005 (31980884.371.000) 03/28 22:12:26 Job terminated.
	(1) Normal termination (return value 0)
		Usr 0 00:08:41, Sys 0 00:00:27  -  Run Remote Usage
		Usr 0 00:00:00, Sys 0 00:00:00  -  Run Local Usage
		Usr 0 00:08:41, Sys 0 00:00:27  -  Total Remote Usage
		Usr 0 00:00:00, Sys 0 00:00:00  -  Total Local Usage
	175431  -  Run Bytes Sent By Job
	2250925  -  Run Bytes Received By Job
	175431  -  Total Bytes Sent By Job
	2250925  -  Total Bytes Received By Job
	Partitionable Resources :    Usage  Request Allocated 
	   Cpus                 :     0.00        1         1 
	   Disk (KB)            :  5306        2250   1647299 
	   Memory (MB)          :   215        2000      2000 
...
