000 (31980884.399.000) 03/28 21:58:25 Job submitted from host: <131.225.188.57:9618?addrs=131.225.188.57-9618&noUDP&sock=18092_2f86_3>
...
001 (31980884.399.000) 03/28 22:00:46 Job executing on host: <131.225.205.172:9618?addrs=131.225.205.172-9618&noUDP&sock=1451_d802_3>
...
006 (31980884.399.000) 03/28 22:01:56 Image size of job updated: 132
	132  -  MemoryUsage of job (MB)
	135760  -  ResidentSetSize of job (KB)
...
006 (31980884.399.000) 03/28 22:03:58 Image size of job updated: 168
	168  -  MemoryUsage of job (MB)
	172624  -  ResidentSetSize of job (KB)
...
006 (31980884.399.000) 03/28 22:04:58 Image size of job updated: 171
	171  -  MemoryUsage of job (MB)
	175432  -  ResidentSetSize of job (KB)
...
006 (31980884.399.000) 03/28 22:05:58 Image size of job updated: 173
	173  -  MemoryUsage of job (MB)
	177848  -  ResidentSetSize of job (KB)
...
006 (31980884.399.000) 03/28 22:06:58 Image size of job updated: 186
	186  -  MemoryUsage of job (MB)
	191064  -  ResidentSetSize of job (KB)
...
006 (31980884.399.000) 03/28 22:07:59 Image size of job updated: 186
	186  -  MemoryUsage of job (MB)
	191260  -  ResidentSetSize of job (KB)
...
006 (31980884.399.000) 03/28 22:09:00 Image size of job updated: 192
	192  -  MemoryUsage of job (MB)
	196700  -  ResidentSetSize of job (KB)
...
006 (31980884.399.000) 03/28 22:10:01 Image size of job updated: 214
	214  -  MemoryUsage of job (MB)
	219336  -  ResidentSetSize of job (KB)
...
006 (31980884.399.000) 03/28 22:11:01 Image size of job updated: 214
	214  -  MemoryUsage of job (MB)
	219492  -  ResidentSetSize of job (KB)
...
006 (31980884.399.000) 03/28 22:12:01 Image size of job updated: 214
	214  -  MemoryUsage of job (MB)
	219708  -  ResidentSetSize of job (KB)
...
006 (31980884.399.000) 03/28 22:13:02 Image size of job updated: 214
	214  -  MemoryUsage of job (MB)
	219824  -  ResidentSetSize of job (KB)
...
006 (31980884.399.000) 03/28 22:14:03 Image size of job updated: 216
	216  -  MemoryUsage of job (MB)
	222104  -  ResidentSetSize of job (KB)
...
005 (31980884.399.000) 03/28 22:14:37 Job terminated.
	(1) Normal termination (return value 0)
		Usr 0 00:10:17, Sys 0 00:00:30  -  Run Remote Usage
		Usr 0 00:00:00, Sys 0 00:00:00  -  Run Local Usage
		Usr 0 00:10:17, Sys 0 00:00:30  -  Total Remote Usage
		Usr 0 00:00:00, Sys 0 00:00:00  -  Total Local Usage
	177023  -  Run Bytes Sent By Job
	2250925  -  Run Bytes Received By Job
	177023  -  Total Bytes Sent By Job
	2250925  -  Total Bytes Received By Job
	Partitionable Resources :    Usage  Request Allocated 
	   Cpus                 :     0.01        1         1 
	   Disk (KB)            :  5307        2250   1631558 
	   Memory (MB)          :     2        2000      2000 
...
