000 (31980884.252.000) 03/28 21:58:24 Job submitted from host: <131.225.188.57:9618?addrs=131.225.188.57-9618&noUDP&sock=18092_2f86_3>
...
001 (31980884.252.000) 03/28 22:00:19 Job executing on host: <131.225.190.15:9618?addrs=131.225.190.15-9618&noUDP&sock=1436_8e16_3>
...
006 (31980884.252.000) 03/28 22:01:30 Image size of job updated: 132
	132  -  MemoryUsage of job (MB)
	135756  -  ResidentSetSize of job (KB)
...
006 (31980884.252.000) 03/28 22:04:31 Image size of job updated: 133
	133  -  MemoryUsage of job (MB)
	136748  -  ResidentSetSize of job (KB)
...
006 (31980884.252.000) 03/28 22:05:32 Image size of job updated: 168
	168  -  MemoryUsage of job (MB)
	172492  -  ResidentSetSize of job (KB)
...
006 (31980884.252.000) 03/28 22:06:32 Image size of job updated: 171
	171  -  MemoryUsage of job (MB)
	175484  -  ResidentSetSize of job (KB)
...
006 (31980884.252.000) 03/28 22:07:32 Image size of job updated: 174
	174  -  MemoryUsage of job (MB)
	178664  -  ResidentSetSize of job (KB)
...
006 (31980884.252.000) 03/28 22:08:32 Image size of job updated: 187
	187  -  MemoryUsage of job (MB)
	191940  -  ResidentSetSize of job (KB)
...
006 (31980884.252.000) 03/28 22:09:33 Image size of job updated: 187
	187  -  MemoryUsage of job (MB)
	192124  -  ResidentSetSize of job (KB)
...
006 (31980884.252.000) 03/28 22:10:34 Image size of job updated: 187
	187  -  MemoryUsage of job (MB)
	192296  -  ResidentSetSize of job (KB)
...
006 (31980884.252.000) 03/28 22:11:35 Image size of job updated: 187
	187  -  MemoryUsage of job (MB)
	192452  -  ResidentSetSize of job (KB)
...
006 (31980884.252.000) 03/28 22:12:35 Image size of job updated: 198
	198  -  MemoryUsage of job (MB)
	203220  -  ResidentSetSize of job (KB)
...
006 (31980884.252.000) 03/28 22:13:35 Image size of job updated: 209
	209  -  MemoryUsage of job (MB)
	214676  -  ResidentSetSize of job (KB)
...
006 (31980884.252.000) 03/28 22:14:35 Image size of job updated: 209
	209  -  MemoryUsage of job (MB)
	214884  -  ResidentSetSize of job (KB)
...
006 (31980884.252.000) 03/28 22:15:36 Image size of job updated: 209
	209  -  MemoryUsage of job (MB)
	215008  -  ResidentSetSize of job (KB)
...
006 (31980884.252.000) 03/28 22:16:37 Image size of job updated: 210
	210  -  MemoryUsage of job (MB)
	215064  -  ResidentSetSize of job (KB)
...
006 (31980884.252.000) 03/28 22:17:38 Image size of job updated: 212
	212  -  MemoryUsage of job (MB)
	217264  -  ResidentSetSize of job (KB)
...
006 (31980884.252.000) 03/28 22:18:38 Image size of job updated: 213
	213  -  MemoryUsage of job (MB)
	218532  -  ResidentSetSize of job (KB)
...
005 (31980884.252.000) 03/28 22:19:25 Job terminated.
	(1) Normal termination (return value 0)
		Usr 0 00:10:24, Sys 0 00:00:34  -  Run Remote Usage
		Usr 0 00:00:00, Sys 0 00:00:00  -  Run Local Usage
		Usr 0 00:10:24, Sys 0 00:00:34  -  Total Remote Usage
		Usr 0 00:00:00, Sys 0 00:00:00  -  Total Local Usage
	179806  -  Run Bytes Sent By Job
	2250925  -  Run Bytes Received By Job
	179806  -  Total Bytes Sent By Job
	2250925  -  Total Bytes Received By Job
	Partitionable Resources :    Usage  Request Allocated 
	   Cpus                 :     0.00        1         1 
	   Disk (KB)            :  5311        2250    763643 
	   Memory (MB)          :   213        2000      2000 
...
