000 (31980884.292.000) 03/28 21:58:25 Job submitted from host: <131.225.188.57:9618?addrs=131.225.188.57-9618&noUDP&sock=18092_2f86_3>
...
001 (31980884.292.000) 03/28 22:00:26 Job executing on host: <131.225.188.76:9618?addrs=131.225.188.76-9618&noUDP&sock=1924_484e_3>
...
006 (31980884.292.000) 03/28 22:01:36 Image size of job updated: 38
	38  -  MemoryUsage of job (MB)
	39324  -  ResidentSetSize of job (KB)
...
006 (31980884.292.000) 03/28 22:02:37 Image size of job updated: 167
	167  -  MemoryUsage of job (MB)
	171156  -  ResidentSetSize of job (KB)
...
006 (31980884.292.000) 03/28 22:03:37 Image size of job updated: 203
	203  -  MemoryUsage of job (MB)
	208320  -  ResidentSetSize of job (KB)
...
006 (31980884.292.000) 03/28 22:03:54 Image size of job updated: 203
	203  -  MemoryUsage of job (MB)
	208416  -  ResidentSetSize of job (KB)
...
005 (31980884.292.000) 03/28 22:03:55 Job terminated.
	(1) Normal termination (return value 0)
		Usr 0 00:02:19, Sys 0 00:00:08  -  Run Remote Usage
		Usr 0 00:00:00, Sys 0 00:00:00  -  Run Local Usage
		Usr 0 00:02:19, Sys 0 00:00:08  -  Total Remote Usage
		Usr 0 00:00:00, Sys 0 00:00:00  -  Total Local Usage
	167202  -  Run Bytes Sent By Job
	2250925  -  Run Bytes Received By Job
	167202  -  Total Bytes Sent By Job
	2250925  -  Total Bytes Received By Job
	Partitionable Resources :    Usage  Request Allocated 
	   Cpus                 :     0.01        1         1 
	   Disk (KB)            :  5298        2250   1644794 
	   Memory (MB)          :   203        2000      2000 
...
