000 (31980884.156.000) 03/28 21:58:24 Job submitted from host: <131.225.188.57:9618?addrs=131.225.188.57-9618&noUDP&sock=18092_2f86_3>
...
001 (31980884.156.000) 03/28 21:59:58 Job executing on host: <131.225.191.226:9618?addrs=131.225.191.226-9618&noUDP&sock=1473_ef17_3>
...
006 (31980884.156.000) 03/28 22:01:10 Image size of job updated: 132
	132  -  MemoryUsage of job (MB)
	135752  -  ResidentSetSize of job (KB)
...
006 (31980884.156.000) 03/28 22:02:11 Image size of job updated: 165
	165  -  MemoryUsage of job (MB)
	169300  -  ResidentSetSize of job (KB)
...
006 (31980884.156.000) 03/28 22:04:12 Image size of job updated: 205
	205  -  MemoryUsage of job (MB)
	210728  -  ResidentSetSize of job (KB)
...
005 (31980884.156.000) 03/28 22:04:44 Job terminated.
	(1) Normal termination (return value 0)
		Usr 0 00:02:32, Sys 0 00:00:11  -  Run Remote Usage
		Usr 0 00:00:00, Sys 0 00:00:00  -  Run Local Usage
		Usr 0 00:02:32, Sys 0 00:00:11  -  Total Remote Usage
		Usr 0 00:00:00, Sys 0 00:00:00  -  Total Local Usage
	169242  -  Run Bytes Sent By Job
	2250925  -  Run Bytes Received By Job
	169242  -  Total Bytes Sent By Job
	2250925  -  Total Bytes Received By Job
	Partitionable Resources :    Usage  Request Allocated 
	   Cpus                 :     0.01        1         1 
	   Disk (KB)            :  5301        2250    773271 
	   Memory (MB)          :   205        2000      2000 
...
