000 (31980884.096.000) 03/28 21:58:24 Job submitted from host: <131.225.188.57:9618?addrs=131.225.188.57-9618&noUDP&sock=18092_2f86_3>
...
001 (31980884.096.000) 03/28 21:59:45 Job executing on host: <131.225.190.27:9618?addrs=131.225.190.27-9618&noUDP&sock=1465_7255_3>
...
006 (31980884.096.000) 03/28 21:59:54 Image size of job updated: 5
	4  -  MemoryUsage of job (MB)
	4784  -  ResidentSetSize of job (KB)
...
006 (31980884.096.000) 03/28 22:00:55 Image size of job updated: 9
	9  -  MemoryUsage of job (MB)
	9964  -  ResidentSetSize of job (KB)
...
006 (31980884.096.000) 03/28 22:01:55 Image size of job updated: 27
	27  -  MemoryUsage of job (MB)
	27792  -  ResidentSetSize of job (KB)
...
006 (31980884.096.000) 03/28 22:02:56 Image size of job updated: 28
	28  -  MemoryUsage of job (MB)
	29616  -  ResidentSetSize of job (KB)
...
006 (31980884.096.000) 03/28 22:03:57 Image size of job updated: 166
	166  -  MemoryUsage of job (MB)
	170128  -  ResidentSetSize of job (KB)
...
006 (31980884.096.000) 03/28 22:04:57 Image size of job updated: 191
	191  -  MemoryUsage of job (MB)
	195808  -  ResidentSetSize of job (KB)
...
005 (31980884.096.000) 03/28 22:05:37 Job terminated.
	(1) Normal termination (return value 0)
		Usr 0 00:01:58, Sys 0 00:00:11  -  Run Remote Usage
		Usr 0 00:00:00, Sys 0 00:00:00  -  Run Local Usage
		Usr 0 00:01:58, Sys 0 00:00:11  -  Total Remote Usage
		Usr 0 00:00:00, Sys 0 00:00:00  -  Total Local Usage
	168444  -  Run Bytes Sent By Job
	2250925  -  Run Bytes Received By Job
	168444  -  Total Bytes Sent By Job
	2250925  -  Total Bytes Received By Job
	Partitionable Resources :    Usage  Request Allocated 
	   Cpus                 :        0        1         1 
	   Disk (KB)            :     5300     2250    789853 
	   Memory (MB)          :      191     2000      2000 
...
