000 (31980884.139.000) 03/28 21:58:24 Job submitted from host: <131.225.188.57:9618?addrs=131.225.188.57-9618&noUDP&sock=18092_2f86_3>
...
001 (31980884.139.000) 03/28 21:59:54 Job executing on host: <131.225.205.201:9618?addrs=131.225.205.201-9618&noUDP&sock=1478_5d11_3>
...
006 (31980884.139.000) 03/28 22:00:03 Image size of job updated: 5
	5  -  MemoryUsage of job (MB)
	5304  -  ResidentSetSize of job (KB)
...
006 (31980884.139.000) 03/28 22:01:03 Image size of job updated: 38
	38  -  MemoryUsage of job (MB)
	39312  -  ResidentSetSize of job (KB)
...
006 (31980884.139.000) 03/28 22:02:03 Image size of job updated: 164
	164  -  MemoryUsage of job (MB)
	168008  -  ResidentSetSize of job (KB)
...
006 (31980884.139.000) 03/28 22:03:04 Image size of job updated: 167
	167  -  MemoryUsage of job (MB)
	171936  -  ResidentSetSize of job (KB)
...
006 (31980884.139.000) 03/28 22:04:05 Image size of job updated: 193
	193  -  MemoryUsage of job (MB)
	198244  -  ResidentSetSize of job (KB)
...
006 (31980884.139.000) 03/28 22:04:30 Image size of job updated: 206
	206  -  MemoryUsage of job (MB)
	211084  -  ResidentSetSize of job (KB)
...
005 (31980884.139.000) 03/28 22:04:31 Job terminated.
	(1) Normal termination (return value 0)
		Usr 0 00:02:44, Sys 0 00:00:10  -  Run Remote Usage
		Usr 0 00:00:00, Sys 0 00:00:00  -  Run Local Usage
		Usr 0 00:02:44, Sys 0 00:00:10  -  Total Remote Usage
		Usr 0 00:00:00, Sys 0 00:00:00  -  Total Local Usage
	167768  -  Run Bytes Sent By Job
	2250925  -  Run Bytes Received By Job
	167768  -  Total Bytes Sent By Job
	2250925  -  Total Bytes Received By Job
	Partitionable Resources :    Usage  Request Allocated 
	   Cpus                 :     0.00        1         1 
	   Disk (KB)            :  5299        2250   1638031 
	   Memory (MB)          :   206        2000      2000 
...
