000 (31980884.425.000) 03/28 21:58:25 Job submitted from host: <131.225.188.57:9618?addrs=131.225.188.57-9618&noUDP&sock=18092_2f86_3>
...
001 (31980884.425.000) 03/28 22:00:51 Job executing on host: <131.225.205.213:9618?addrs=131.225.205.213-9618&noUDP&sock=1476_fde0_3>
...
006 (31980884.425.000) 03/28 22:02:02 Image size of job updated: 132
	132  -  MemoryUsage of job (MB)
	135760  -  ResidentSetSize of job (KB)
...
006 (31980884.425.000) 03/28 22:03:02 Image size of job updated: 148
	148  -  MemoryUsage of job (MB)
	152116  -  ResidentSetSize of job (KB)
...
006 (31980884.425.000) 03/28 22:04:02 Image size of job updated: 168
	168  -  MemoryUsage of job (MB)
	172644  -  ResidentSetSize of job (KB)
...
006 (31980884.425.000) 03/28 22:05:03 Image size of job updated: 171
	171  -  MemoryUsage of job (MB)
	175828  -  ResidentSetSize of job (KB)
...
006 (31980884.425.000) 03/28 22:06:03 Image size of job updated: 174
	174  -  MemoryUsage of job (MB)
	178756  -  ResidentSetSize of job (KB)
...
006 (31980884.425.000) 03/28 22:07:03 Image size of job updated: 187
	187  -  MemoryUsage of job (MB)
	191792  -  ResidentSetSize of job (KB)
...
006 (31980884.425.000) 03/28 22:08:03 Image size of job updated: 187
	187  -  MemoryUsage of job (MB)
	192000  -  ResidentSetSize of job (KB)
...
006 (31980884.425.000) 03/28 22:09:04 Image size of job updated: 187
	187  -  MemoryUsage of job (MB)
	192208  -  ResidentSetSize of job (KB)
...
006 (31980884.425.000) 03/28 22:10:05 Image size of job updated: 187
	187  -  MemoryUsage of job (MB)
	192404  -  ResidentSetSize of job (KB)
...
006 (31980884.425.000) 03/28 22:11:06 Image size of job updated: 209
	209  -  MemoryUsage of job (MB)
	214728  -  ResidentSetSize of job (KB)
...
006 (31980884.425.000) 03/28 22:12:06 Image size of job updated: 209
	209  -  MemoryUsage of job (MB)
	214936  -  ResidentSetSize of job (KB)
...
006 (31980884.425.000) 03/28 22:13:06 Image size of job updated: 210
	210  -  MemoryUsage of job (MB)
	215056  -  ResidentSetSize of job (KB)
...
006 (31980884.425.000) 03/28 22:15:07 Image size of job updated: 211
	211  -  MemoryUsage of job (MB)
	217036  -  ResidentSetSize of job (KB)
...
006 (31980884.425.000) 03/28 22:16:08 Image size of job updated: 213
	213  -  MemoryUsage of job (MB)
	218896  -  ResidentSetSize of job (KB)
...
005 (31980884.425.000) 03/28 22:16:16 Job terminated.
	(1) Normal termination (return value 0)
		Usr 0 00:11:14, Sys 0 00:00:35  -  Run Remote Usage
		Usr 0 00:00:00, Sys 0 00:00:00  -  Run Local Usage
		Usr 0 00:11:14, Sys 0 00:00:35  -  Total Remote Usage
		Usr 0 00:00:00, Sys 0 00:00:00  -  Total Local Usage
	178868  -  Run Bytes Sent By Job
	2250925  -  Run Bytes Received By Job
	178868  -  Total Bytes Sent By Job
	2250925  -  Total Bytes Received By Job
	Partitionable Resources :    Usage  Request Allocated 
	   Cpus                 :     0.00        1         1 
	   Disk (KB)            :  5310        2250   1683486 
	   Memory (MB)          :   213        2000      2000 
...
