000 (31980884.078.000) 03/28 21:58:24 Job submitted from host: <131.225.188.57:9618?addrs=131.225.188.57-9618&noUDP&sock=18092_2f86_3>
...
001 (31980884.078.000) 03/28 21:59:44 Job executing on host: <131.225.190.31:9618?addrs=131.225.190.31-9618&noUDP&sock=1441_fc0f_3>
...
006 (31980884.078.000) 03/28 22:00:54 Image size of job updated: 64
	64  -  MemoryUsage of job (MB)
	66336  -  ResidentSetSize of job (KB)
...
006 (31980884.078.000) 03/28 22:01:55 Image size of job updated: 166
	166  -  MemoryUsage of job (MB)
	170952  -  ResidentSetSize of job (KB)
...
006 (31980884.078.000) 03/28 22:02:55 Image size of job updated: 194
	194  -  MemoryUsage of job (MB)
	198764  -  ResidentSetSize of job (KB)
...
005 (31980884.078.000) 03/28 22:03:32 Job terminated.
	(1) Normal termination (return value 0)
		Usr 0 00:02:07, Sys 0 00:00:09  -  Run Remote Usage
		Usr 0 00:00:00, Sys 0 00:00:00  -  Run Local Usage
		Usr 0 00:02:07, Sys 0 00:00:09  -  Total Remote Usage
		Usr 0 00:00:00, Sys 0 00:00:00  -  Total Local Usage
	168899  -  Run Bytes Sent By Job
	2250925  -  Run Bytes Received By Job
	168899  -  Total Bytes Sent By Job
	2250925  -  Total Bytes Received By Job
	Partitionable Resources :    Usage  Request Allocated 
	   Cpus                 :        0        1         1 
	   Disk (KB)            :     5301     2250    774379 
	   Memory (MB)          :      194     2000      2000 
...
