000 (31980884.035.000) 03/28 21:58:24 Job submitted from host: <131.225.188.57:9618?addrs=131.225.188.57-9618&noUDP&sock=18092_2f86_3>
...
001 (31980884.035.000) 03/28 21:59:31 Job executing on host: <131.225.206.39:9618?addrs=131.225.206.39-9618&noUDP&sock=1159_8e5a_3>
...
006 (31980884.035.000) 03/28 21:59:40 Image size of job updated: 14
	14  -  MemoryUsage of job (MB)
	15252  -  ResidentSetSize of job (KB)
...
006 (31980884.035.000) 03/28 22:00:40 Image size of job updated: 26
	26  -  MemoryUsage of job (MB)
	26816  -  ResidentSetSize of job (KB)
...
006 (31980884.035.000) 03/28 22:01:40 Image size of job updated: 30
	30  -  MemoryUsage of job (MB)
	31696  -  ResidentSetSize of job (KB)
...
006 (31980884.035.000) 03/28 22:02:40 Image size of job updated: 129
	129  -  MemoryUsage of job (MB)
	132668  -  ResidentSetSize of job (KB)
...
006 (31980884.035.000) 03/28 22:03:40 Image size of job updated: 167
	167  -  MemoryUsage of job (MB)
	171020  -  ResidentSetSize of job (KB)
...
006 (31980884.035.000) 03/28 22:04:40 Image size of job updated: 203
	203  -  MemoryUsage of job (MB)
	207880  -  ResidentSetSize of job (KB)
...
006 (31980884.035.000) 03/28 22:04:57 Image size of job updated: 203
	203  -  MemoryUsage of job (MB)
	207972  -  ResidentSetSize of job (KB)
...
005 (31980884.035.000) 03/28 22:04:58 Job terminated.
	(1) Normal termination (return value 0)
		Usr 0 00:02:18, Sys 0 00:00:09  -  Run Remote Usage
		Usr 0 00:00:00, Sys 0 00:00:00  -  Run Local Usage
		Usr 0 00:02:18, Sys 0 00:00:09  -  Total Remote Usage
		Usr 0 00:00:00, Sys 0 00:00:00  -  Total Local Usage
	168063  -  Run Bytes Sent By Job
	2250925  -  Run Bytes Received By Job
	168063  -  Total Bytes Sent By Job
	2250925  -  Total Bytes Received By Job
	Partitionable Resources :    Usage  Request Allocated 
	   Cpus                 :        0        1         1 
	   Disk (KB)            :     5299     2250    331936 
	   Memory (MB)          :      203     2000      2000 
...
