000 (31980884.090.000) 03/28 21:58:24 Job submitted from host: <131.225.188.57:9618?addrs=131.225.188.57-9618&noUDP&sock=18092_2f86_3>
...
001 (31980884.090.000) 03/28 21:59:46 Job executing on host: <131.225.190.66:9618?addrs=131.225.190.66-9618&noUDP&sock=1419_e4fa_3>
...
006 (31980884.090.000) 03/28 21:59:55 Image size of job updated: 5
	3  -  MemoryUsage of job (MB)
	3424  -  ResidentSetSize of job (KB)
...
006 (31980884.090.000) 03/28 22:00:55 Image size of job updated: 10
	10  -  MemoryUsage of job (MB)
	10508  -  ResidentSetSize of job (KB)
...
006 (31980884.090.000) 03/28 22:01:56 Image size of job updated: 27
	27  -  MemoryUsage of job (MB)
	27768  -  ResidentSetSize of job (KB)
...
006 (31980884.090.000) 03/28 22:02:57 Image size of job updated: 28
	28  -  MemoryUsage of job (MB)
	29656  -  ResidentSetSize of job (KB)
...
006 (31980884.090.000) 03/28 22:03:57 Image size of job updated: 163
	163  -  MemoryUsage of job (MB)
	167864  -  ResidentSetSize of job (KB)
...
006 (31980884.090.000) 03/28 22:04:58 Image size of job updated: 168
	168  -  MemoryUsage of job (MB)
	172232  -  ResidentSetSize of job (KB)
...
006 (31980884.090.000) 03/28 22:05:58 Image size of job updated: 206
	206  -  MemoryUsage of job (MB)
	211100  -  ResidentSetSize of job (KB)
...
005 (31980884.090.000) 03/28 22:06:16 Job terminated.
	(1) Normal termination (return value 0)
		Usr 0 00:02:23, Sys 0 00:00:10  -  Run Remote Usage
		Usr 0 00:00:00, Sys 0 00:00:00  -  Run Local Usage
		Usr 0 00:02:23, Sys 0 00:00:10  -  Total Remote Usage
		Usr 0 00:00:00, Sys 0 00:00:00  -  Total Local Usage
	167642  -  Run Bytes Sent By Job
	2250925  -  Run Bytes Received By Job
	167642  -  Total Bytes Sent By Job
	2250925  -  Total Bytes Received By Job
	Partitionable Resources :    Usage  Request Allocated 
	   Cpus                 :        0        1         1 
	   Disk (KB)            :     5299     2250    741687 
	   Memory (MB)          :      206     2000      2000 
...
