000 (31980884.008.000) 03/28 21:58:24 Job submitted from host: <131.225.188.57:9618?addrs=131.225.188.57-9618&noUDP&sock=18092_2f86_3>
...
001 (31980884.008.000) 03/28 21:59:27 Job executing on host: <131.225.191.159:9618?addrs=131.225.191.159-9618&noUDP&sock=1152_c131_3>
...
006 (31980884.008.000) 03/28 21:59:36 Image size of job updated: 15
	15  -  MemoryUsage of job (MB)
	15648  -  ResidentSetSize of job (KB)
...
006 (31980884.008.000) 03/28 22:00:36 Image size of job updated: 164
	164  -  MemoryUsage of job (MB)
	168352  -  ResidentSetSize of job (KB)
...
006 (31980884.008.000) 03/28 22:01:37 Image size of job updated: 166
	166  -  MemoryUsage of job (MB)
	170372  -  ResidentSetSize of job (KB)
...
006 (31980884.008.000) 03/28 22:02:38 Image size of job updated: 190
	190  -  MemoryUsage of job (MB)
	195052  -  ResidentSetSize of job (KB)
...
006 (31980884.008.000) 03/28 22:03:01 Image size of job updated: 203
	203  -  MemoryUsage of job (MB)
	208136  -  ResidentSetSize of job (KB)
...
005 (31980884.008.000) 03/28 22:03:02 Job terminated.
	(1) Normal termination (return value 0)
		Usr 0 00:02:04, Sys 0 00:00:09  -  Run Remote Usage
		Usr 0 00:00:00, Sys 0 00:00:00  -  Run Local Usage
		Usr 0 00:02:04, Sys 0 00:00:09  -  Total Remote Usage
		Usr 0 00:00:00, Sys 0 00:00:00  -  Total Local Usage
	167620  -  Run Bytes Sent By Job
	2250925  -  Run Bytes Received By Job
	167620  -  Total Bytes Sent By Job
	2250925  -  Total Bytes Received By Job
	Partitionable Resources :    Usage  Request Allocated 
	   Cpus                 :        0        1         1 
	   Disk (KB)            :     5298     2250    330436 
	   Memory (MB)          :      203     2000      2000 
...
