000 (31980884.356.000) 03/28 21:58:25 Job submitted from host: <131.225.188.57:9618?addrs=131.225.188.57-9618&noUDP&sock=18092_2f86_3>
...
001 (31980884.356.000) 03/28 22:00:41 Job executing on host: <131.225.205.183:9618?addrs=131.225.205.183-9618&noUDP&sock=1456_45fb_3>
...
006 (31980884.356.000) 03/28 22:01:49 Image size of job updated: 33
	33  -  MemoryUsage of job (MB)
	34648  -  ResidentSetSize of job (KB)
...
006 (31980884.356.000) 03/28 22:02:50 Image size of job updated: 166
	166  -  MemoryUsage of job (MB)
	170012  -  ResidentSetSize of job (KB)
...
006 (31980884.356.000) 03/28 22:03:51 Image size of job updated: 190
	190  -  MemoryUsage of job (MB)
	195432  -  ResidentSetSize of job (KB)
...
006 (31980884.356.000) 03/28 22:04:51 Image size of job updated: 204
	204  -  MemoryUsage of job (MB)
	209368  -  ResidentSetSize of job (KB)
...
006 (31980884.356.000) 03/28 22:04:55 Image size of job updated: 204
	204  -  MemoryUsage of job (MB)
	209464  -  ResidentSetSize of job (KB)
...
005 (31980884.356.000) 03/28 22:04:56 Job terminated.
	(1) Normal termination (return value 0)
		Usr 0 00:02:59, Sys 0 00:00:09  -  Run Remote Usage
		Usr 0 00:00:00, Sys 0 00:00:00  -  Run Local Usage
		Usr 0 00:02:59, Sys 0 00:00:09  -  Total Remote Usage
		Usr 0 00:00:00, Sys 0 00:00:00  -  Total Local Usage
	168805  -  Run Bytes Sent By Job
	2250925  -  Run Bytes Received By Job
	168805  -  Total Bytes Sent By Job
	2250925  -  Total Bytes Received By Job
	Partitionable Resources :    Usage  Request Allocated 
	   Cpus                 :     0.01        1         1 
	   Disk (KB)            :  5300        2250   1634191 
	   Memory (MB)          :   204        2000      2000 
...
