000 (31980884.176.000) 03/28 21:58:24 Job submitted from host: <131.225.188.57:9618?addrs=131.225.188.57-9618&noUDP&sock=18092_2f86_3>
...
001 (31980884.176.000) 03/28 22:00:02 Job executing on host: <131.225.205.168:9618?addrs=131.225.205.168-9618&noUDP&sock=1454_e6cb_3>
...
006 (31980884.176.000) 03/28 22:01:11 Image size of job updated: 52
	52  -  MemoryUsage of job (MB)
	54224  -  ResidentSetSize of job (KB)
...
006 (31980884.176.000) 03/28 22:02:12 Image size of job updated: 166
	166  -  MemoryUsage of job (MB)
	170172  -  ResidentSetSize of job (KB)
...
006 (31980884.176.000) 03/28 22:03:12 Image size of job updated: 189
	189  -  MemoryUsage of job (MB)
	194316  -  ResidentSetSize of job (KB)
...
006 (31980884.176.000) 03/28 22:04:12 Image size of job updated: 203
	203  -  MemoryUsage of job (MB)
	208116  -  ResidentSetSize of job (KB)
...
005 (31980884.176.000) 03/28 22:04:17 Job terminated.
	(1) Normal termination (return value 0)
		Usr 0 00:03:02, Sys 0 00:00:08  -  Run Remote Usage
		Usr 0 00:00:00, Sys 0 00:00:00  -  Run Local Usage
		Usr 0 00:03:02, Sys 0 00:00:08  -  Total Remote Usage
		Usr 0 00:00:00, Sys 0 00:00:00  -  Total Local Usage
	167308  -  Run Bytes Sent By Job
	2250925  -  Run Bytes Received By Job
	167308  -  Total Bytes Sent By Job
	2250925  -  Total Bytes Received By Job
	Partitionable Resources :    Usage  Request Allocated 
	   Cpus                 :     0.00        1         1 
	   Disk (KB)            :  5299        2250   1642837 
	   Memory (MB)          :   203        2000      2000 
...
