000 (31980884.105.000) 03/28 21:58:24 Job submitted from host: <131.225.188.57:9618?addrs=131.225.188.57-9618&noUDP&sock=18092_2f86_3>
...
001 (31980884.105.000) 03/28 21:59:49 Job executing on host: <131.225.191.226:9618?addrs=131.225.191.226-9618&noUDP&sock=1473_ef17_3>
...
006 (31980884.105.000) 03/28 22:00:58 Image size of job updated: 53
	53  -  MemoryUsage of job (MB)
	55200  -  ResidentSetSize of job (KB)
...
006 (31980884.105.000) 03/28 22:01:59 Image size of job updated: 165
	165  -  MemoryUsage of job (MB)
	169416  -  ResidentSetSize of job (KB)
...
006 (31980884.105.000) 03/28 22:04:00 Image size of job updated: 203
	203  -  MemoryUsage of job (MB)
	207956  -  ResidentSetSize of job (KB)
...
005 (31980884.105.000) 03/28 22:04:42 Job terminated.
	(1) Normal termination (return value 0)
		Usr 0 00:02:37, Sys 0 00:00:11  -  Run Remote Usage
		Usr 0 00:00:00, Sys 0 00:00:00  -  Run Local Usage
		Usr 0 00:02:37, Sys 0 00:00:11  -  Total Remote Usage
		Usr 0 00:00:00, Sys 0 00:00:00  -  Total Local Usage
	169094  -  Run Bytes Sent By Job
	2250925  -  Run Bytes Received By Job
	169094  -  Total Bytes Sent By Job
	2250925  -  Total Bytes Received By Job
	Partitionable Resources :    Usage  Request Allocated 
	   Cpus                 :        0        1         1 
	   Disk (KB)            :     5301     2250    773271 
	   Memory (MB)          :      203     2000      2000 
...
