000 (31980884.268.000) 03/28 21:58:24 Job submitted from host: <131.225.188.57:9618?addrs=131.225.188.57-9618&noUDP&sock=18092_2f86_3>
...
001 (31980884.268.000) 03/28 22:00:22 Job executing on host: <131.225.205.185:9618?addrs=131.225.205.185-9618&noUDP&sock=1465_7255_3>
...
006 (31980884.268.000) 03/28 22:00:31 Image size of job updated: 21
	21  -  MemoryUsage of job (MB)
	22196  -  ResidentSetSize of job (KB)
...
006 (31980884.268.000) 03/28 22:01:30 Image size of job updated: 92
	92  -  MemoryUsage of job (MB)
	94960  -  ResidentSetSize of job (KB)
...
006 (31980884.268.000) 03/28 22:02:30 Image size of job updated: 127
	127  -  MemoryUsage of job (MB)
	130232  -  ResidentSetSize of job (KB)
...
006 (31980884.268.000) 03/28 22:03:32 Image size of job updated: 152
	152  -  MemoryUsage of job (MB)
	155668  -  ResidentSetSize of job (KB)
...
006 (31980884.268.000) 03/28 22:04:32 Image size of job updated: 170
	170  -  MemoryUsage of job (MB)
	174360  -  ResidentSetSize of job (KB)
...
006 (31980884.268.000) 03/28 22:05:32 Image size of job updated: 173
	173  -  MemoryUsage of job (MB)
	177604  -  ResidentSetSize of job (KB)
...
006 (31980884.268.000) 03/28 22:06:32 Image size of job updated: 187
	187  -  MemoryUsage of job (MB)
	191496  -  ResidentSetSize of job (KB)
...
006 (31980884.268.000) 03/28 22:07:33 Image size of job updated: 187
	187  -  MemoryUsage of job (MB)
	191696  -  ResidentSetSize of job (KB)
...
006 (31980884.268.000) 03/28 22:08:34 Image size of job updated: 187
	187  -  MemoryUsage of job (MB)
	191904  -  ResidentSetSize of job (KB)
...
006 (31980884.268.000) 03/28 22:09:36 Image size of job updated: 187
	187  -  MemoryUsage of job (MB)
	192116  -  ResidentSetSize of job (KB)
...
006 (31980884.268.000) 03/28 22:10:36 Image size of job updated: 211
	211  -  MemoryUsage of job (MB)
	216276  -  ResidentSetSize of job (KB)
...
006 (31980884.268.000) 03/28 22:11:36 Image size of job updated: 211
	211  -  MemoryUsage of job (MB)
	216500  -  ResidentSetSize of job (KB)
...
006 (31980884.268.000) 03/28 22:12:36 Image size of job updated: 211
	211  -  MemoryUsage of job (MB)
	216644  -  ResidentSetSize of job (KB)
...
006 (31980884.268.000) 03/28 22:13:37 Image size of job updated: 213
	213  -  MemoryUsage of job (MB)
	218248  -  ResidentSetSize of job (KB)
...
006 (31980884.268.000) 03/28 22:14:38 Image size of job updated: 213
	213  -  MemoryUsage of job (MB)
	218276  -  ResidentSetSize of job (KB)
...
005 (31980884.268.000) 03/28 22:16:05 Job terminated.
	(1) Normal termination (return value 0)
		Usr 0 00:11:34, Sys 0 00:00:28  -  Run Remote Usage
		Usr 0 00:00:00, Sys 0 00:00:00  -  Run Local Usage
		Usr 0 00:11:34, Sys 0 00:00:28  -  Total Remote Usage
		Usr 0 00:00:00, Sys 0 00:00:00  -  Total Local Usage
	175184  -  Run Bytes Sent By Job
	2250925  -  Run Bytes Received By Job
	175184  -  Total Bytes Sent By Job
	2250925  -  Total Bytes Received By Job
	Partitionable Resources :    Usage  Request Allocated 
	   Cpus                 :     0.00        1         1 
	   Disk (KB)            :  5306        2250   1638513 
	   Memory (MB)          :   213        2000      2000 
...
