000 (31980884.223.000) 03/28 21:58:24 Job submitted from host: <131.225.188.57:9618?addrs=131.225.188.57-9618&noUDP&sock=18092_2f86_3>
...
001 (31980884.223.000) 03/28 22:00:12 Job executing on host: <131.225.205.172:9618?addrs=131.225.205.172-9618&noUDP&sock=1451_d802_3>
...
006 (31980884.223.000) 03/28 22:01:22 Image size of job updated: 52
	52  -  MemoryUsage of job (MB)
	53864  -  ResidentSetSize of job (KB)
...
006 (31980884.223.000) 03/28 22:02:22 Image size of job updated: 165
	165  -  MemoryUsage of job (MB)
	169480  -  ResidentSetSize of job (KB)
...
006 (31980884.223.000) 03/28 22:03:22 Image size of job updated: 188
	188  -  MemoryUsage of job (MB)
	193388  -  ResidentSetSize of job (KB)
...
006 (31980884.223.000) 03/28 22:04:22 Image size of job updated: 202
	202  -  MemoryUsage of job (MB)
	207760  -  ResidentSetSize of job (KB)
...
005 (31980884.223.000) 03/28 22:04:28 Job terminated.
	(1) Normal termination (return value 0)
		Usr 0 00:02:52, Sys 0 00:00:09  -  Run Remote Usage
		Usr 0 00:00:00, Sys 0 00:00:00  -  Run Local Usage
		Usr 0 00:02:52, Sys 0 00:00:09  -  Total Remote Usage
		Usr 0 00:00:00, Sys 0 00:00:00  -  Total Local Usage
	167182  -  Run Bytes Sent By Job
	2250925  -  Run Bytes Received By Job
	167182  -  Total Bytes Sent By Job
	2250925  -  Total Bytes Received By Job
	Partitionable Resources :    Usage  Request Allocated 
	   Cpus                 :     0.01        1         1 
	   Disk (KB)            :  5298        2250   1631558 
	   Memory (MB)          :   202        2000      2000 
...
