000 (31980884.408.000) 03/28 21:58:25 Job submitted from host: <131.225.188.57:9618?addrs=131.225.188.57-9618&noUDP&sock=18092_2f86_3>
...
001 (31980884.408.000) 03/28 22:00:47 Job executing on host: <131.225.188.14:9618?addrs=131.225.188.14-9618&noUDP&sock=1925_f7e6_3>
...
006 (31980884.408.000) 03/28 22:01:57 Image size of job updated: 132
	132  -  MemoryUsage of job (MB)
	135740  -  ResidentSetSize of job (KB)
...
006 (31980884.408.000) 03/28 22:03:57 Image size of job updated: 169
	169  -  MemoryUsage of job (MB)
	173976  -  ResidentSetSize of job (KB)
...
006 (31980884.408.000) 03/28 22:04:58 Image size of job updated: 173
	173  -  MemoryUsage of job (MB)
	177776  -  ResidentSetSize of job (KB)
...
006 (31980884.408.000) 03/28 22:06:00 Image size of job updated: 186
	186  -  MemoryUsage of job (MB)
	191400  -  ResidentSetSize of job (KB)
...
006 (31980884.408.000) 03/28 22:07:00 Image size of job updated: 187
	187  -  MemoryUsage of job (MB)
	191568  -  ResidentSetSize of job (KB)
...
006 (31980884.408.000) 03/28 22:08:00 Image size of job updated: 187
	187  -  MemoryUsage of job (MB)
	191828  -  ResidentSetSize of job (KB)
...
006 (31980884.408.000) 03/28 22:09:00 Image size of job updated: 206
	206  -  MemoryUsage of job (MB)
	211284  -  ResidentSetSize of job (KB)
...
006 (31980884.408.000) 03/28 22:10:00 Image size of job updated: 206
	206  -  MemoryUsage of job (MB)
	211588  -  ResidentSetSize of job (KB)
...
006 (31980884.408.000) 03/28 22:11:01 Image size of job updated: 206
	206  -  MemoryUsage of job (MB)
	211772  -  ResidentSetSize of job (KB)
...
006 (31980884.408.000) 03/28 22:12:02 Image size of job updated: 209
	209  -  MemoryUsage of job (MB)
	214068  -  ResidentSetSize of job (KB)
...
006 (31980884.408.000) 03/28 22:13:03 Image size of job updated: 209
	209  -  MemoryUsage of job (MB)
	214092  -  ResidentSetSize of job (KB)
...
005 (31980884.408.000) 03/28 22:13:29 Job terminated.
	(1) Normal termination (return value 0)
		Usr 0 00:08:47, Sys 0 00:00:27  -  Run Remote Usage
		Usr 0 00:00:00, Sys 0 00:00:00  -  Run Local Usage
		Usr 0 00:08:47, Sys 0 00:00:27  -  Total Remote Usage
		Usr 0 00:00:00, Sys 0 00:00:00  -  Total Local Usage
	177878  -  Run Bytes Sent By Job
	2250925  -  Run Bytes Received By Job
	177878  -  Total Bytes Sent By Job
	2250925  -  Total Bytes Received By Job
	Partitionable Resources :    Usage  Request Allocated 
	   Cpus                 :     0.00        1         1 
	   Disk (KB)            :  5308        2250   1643729 
	   Memory (MB)          :   209        2000      2000 
...
