000 (31980884.235.000) 03/28 21:58:24 Job submitted from host: <131.225.188.57:9618?addrs=131.225.188.57-9618&noUDP&sock=18092_2f86_3>
...
001 (31980884.235.000) 03/28 22:00:16 Job executing on host: <131.225.191.225:9618?addrs=131.225.191.225-9618&noUDP&sock=1437_3daf_3>
...
006 (31980884.235.000) 03/28 22:00:28 Image size of job updated: 14
	14  -  MemoryUsage of job (MB)
	15076  -  ResidentSetSize of job (KB)
...
006 (31980884.235.000) 03/28 22:01:28 Image size of job updated: 103
	103  -  MemoryUsage of job (MB)
	106124  -  ResidentSetSize of job (KB)
...
006 (31980884.235.000) 03/28 22:02:29 Image size of job updated: 166
	166  -  MemoryUsage of job (MB)
	170148  -  ResidentSetSize of job (KB)
...
006 (31980884.235.000) 03/28 22:03:30 Image size of job updated: 192
	192  -  MemoryUsage of job (MB)
	196876  -  ResidentSetSize of job (KB)
...
005 (31980884.235.000) 03/28 22:04:27 Job terminated.
	(1) Normal termination (return value 0)
		Usr 0 00:01:57, Sys 0 00:00:09  -  Run Remote Usage
		Usr 0 00:00:00, Sys 0 00:00:00  -  Run Local Usage
		Usr 0 00:01:57, Sys 0 00:00:09  -  Total Remote Usage
		Usr 0 00:00:00, Sys 0 00:00:00  -  Total Local Usage
	169866  -  Run Bytes Sent By Job
	2250925  -  Run Bytes Received By Job
	169866  -  Total Bytes Sent By Job
	2250925  -  Total Bytes Received By Job
	Partitionable Resources :    Usage  Request Allocated 
	   Cpus                 :        0        1         1 
	   Disk (KB)            :     5301     2250    769771 
	   Memory (MB)          :      192     2000      2000 
...
