000 (31980884.359.000) 03/28 21:58:25 Job submitted from host: <131.225.188.57:9618?addrs=131.225.188.57-9618&noUDP&sock=18092_2f86_3>
...
001 (31980884.359.000) 03/28 22:00:40 Job executing on host: <131.225.205.219:9618?addrs=131.225.205.219-9618&noUDP&sock=1471_8fe7_3>
...
006 (31980884.359.000) 03/28 22:01:50 Image size of job updated: 86
	86  -  MemoryUsage of job (MB)
	88312  -  ResidentSetSize of job (KB)
...
006 (31980884.359.000) 03/28 22:02:50 Image size of job updated: 167
	167  -  MemoryUsage of job (MB)
	171112  -  ResidentSetSize of job (KB)
...
006 (31980884.359.000) 03/28 22:03:50 Image size of job updated: 194
	194  -  MemoryUsage of job (MB)
	199196  -  ResidentSetSize of job (KB)
...
006 (31980884.359.000) 03/28 22:04:35 Image size of job updated: 202
	202  -  MemoryUsage of job (MB)
	207248  -  ResidentSetSize of job (KB)
...
005 (31980884.359.000) 03/28 22:04:36 Job terminated.
	(1) Normal termination (return value 0)
		Usr 0 00:02:56, Sys 0 00:00:10  -  Run Remote Usage
		Usr 0 00:00:00, Sys 0 00:00:00  -  Run Local Usage
		Usr 0 00:02:56, Sys 0 00:00:10  -  Total Remote Usage
		Usr 0 00:00:00, Sys 0 00:00:00  -  Total Local Usage
	168156  -  Run Bytes Sent By Job
	2250925  -  Run Bytes Received By Job
	168156  -  Total Bytes Sent By Job
	2250925  -  Total Bytes Received By Job
	Partitionable Resources :    Usage  Request Allocated 
	   Cpus                 :        0        1         1 
	   Disk (KB)            :     5299     2250   1689169 
	   Memory (MB)          :      202     2000      2000 
...
