000 (31980884.107.000) 03/28 21:58:24 Job submitted from host: <131.225.188.57:9618?addrs=131.225.188.57-9618&noUDP&sock=18092_2f86_3>
...
001 (31980884.107.000) 03/28 21:59:46 Job executing on host: <131.225.191.76:9618?addrs=131.225.191.76-9618&noUDP&sock=1438_ed47_3>
...
006 (31980884.107.000) 03/28 21:59:55 Image size of job updated: 14
	14  -  MemoryUsage of job (MB)
	15072  -  ResidentSetSize of job (KB)
...
006 (31980884.107.000) 03/28 22:01:55 Image size of job updated: 27
	27  -  MemoryUsage of job (MB)
	27976  -  ResidentSetSize of job (KB)
...
006 (31980884.107.000) 03/28 22:02:56 Image size of job updated: 29
	29  -  MemoryUsage of job (MB)
	30712  -  ResidentSetSize of job (KB)
...
006 (31980884.107.000) 03/28 22:03:56 Image size of job updated: 48
	48  -  MemoryUsage of job (MB)
	49224  -  ResidentSetSize of job (KB)
...
006 (31980884.107.000) 03/28 22:04:56 Image size of job updated: 165
	165  -  MemoryUsage of job (MB)
	169584  -  ResidentSetSize of job (KB)
...
006 (31980884.107.000) 03/28 22:05:56 Image size of job updated: 191
	191  -  MemoryUsage of job (MB)
	195720  -  ResidentSetSize of job (KB)
...
006 (31980884.107.000) 03/28 22:06:57 Image size of job updated: 192
	192  -  MemoryUsage of job (MB)
	197260  -  ResidentSetSize of job (KB)
...
006 (31980884.107.000) 03/28 22:07:10 Image size of job updated: 205
	205  -  MemoryUsage of job (MB)
	210140  -  ResidentSetSize of job (KB)
...
005 (31980884.107.000) 03/28 22:07:11 Job terminated.
	(1) Normal termination (return value 0)
		Usr 0 00:02:41, Sys 0 00:00:12  -  Run Remote Usage
		Usr 0 00:00:00, Sys 0 00:00:00  -  Run Local Usage
		Usr 0 00:02:41, Sys 0 00:00:12  -  Total Remote Usage
		Usr 0 00:00:00, Sys 0 00:00:00  -  Total Local Usage
	168166  -  Run Bytes Sent By Job
	2250925  -  Run Bytes Received By Job
	168166  -  Total Bytes Sent By Job
	2250925  -  Total Bytes Received By Job
	Partitionable Resources :    Usage  Request Allocated 
	   Cpus                 :        0        1         1 
	   Disk (KB)            :     5300     2250    788141 
	   Memory (MB)          :      205     2000      2000 
...
