000 (31980884.280.000) 03/28 21:58:24 Job submitted from host: <131.225.188.57:9618?addrs=131.225.188.57-9618&noUDP&sock=18092_2f86_3>
...
001 (31980884.280.000) 03/28 22:00:23 Job executing on host: <131.225.188.40:9618?addrs=131.225.188.40-9618&noUDP&sock=1921_3985_3>
...
006 (31980884.280.000) 03/28 22:00:32 Image size of job updated: 5
	3  -  MemoryUsage of job (MB)
	3688  -  ResidentSetSize of job (KB)
...
006 (31980884.280.000) 03/28 22:01:33 Image size of job updated: 165
	165  -  MemoryUsage of job (MB)
	169292  -  ResidentSetSize of job (KB)
...
006 (31980884.280.000) 03/28 22:02:34 Image size of job updated: 168
	168  -  MemoryUsage of job (MB)
	172124  -  ResidentSetSize of job (KB)
...
006 (31980884.280.000) 03/28 22:03:34 Image size of job updated: 203
	203  -  MemoryUsage of job (MB)
	208836  -  ResidentSetSize of job (KB)
...
005 (31980884.280.000) 03/28 22:03:43 Job terminated.
	(1) Normal termination (return value 0)
		Usr 0 00:02:33, Sys 0 00:00:10  -  Run Remote Usage
		Usr 0 00:00:00, Sys 0 00:00:00  -  Run Local Usage
		Usr 0 00:02:33, Sys 0 00:00:10  -  Total Remote Usage
		Usr 0 00:00:00, Sys 0 00:00:00  -  Total Local Usage
	167138  -  Run Bytes Sent By Job
	2250925  -  Run Bytes Received By Job
	167138  -  Total Bytes Sent By Job
	2250925  -  Total Bytes Received By Job
	Partitionable Resources :    Usage  Request Allocated 
	   Cpus                 :        0        1         1 
	   Disk (KB)            :     5298     2250   1648389 
	   Memory (MB)          :        3     2000      2000 
...
