000 (31980884.064.000) 03/28 21:58:24 Job submitted from host: <131.225.188.57:9618?addrs=131.225.188.57-9618&noUDP&sock=18092_2f86_3>
...
001 (31980884.064.000) 03/28 21:59:39 Job executing on host: <131.225.205.192:9618?addrs=131.225.205.192-9618&noUDP&sock=1455_9663_3>
...
006 (31980884.064.000) 03/28 22:00:50 Image size of job updated: 125
	125  -  MemoryUsage of job (MB)
	128872  -  ResidentSetSize of job (KB)
...
006 (31980884.064.000) 03/28 22:01:50 Image size of job updated: 167
	167  -  MemoryUsage of job (MB)
	171132  -  ResidentSetSize of job (KB)
...
006 (31980884.064.000) 03/28 22:02:50 Image size of job updated: 189
	189  -  MemoryUsage of job (MB)
	194220  -  ResidentSetSize of job (KB)
...
006 (31980884.064.000) 03/28 22:03:51 Image size of job updated: 194
	194  -  MemoryUsage of job (MB)
	199672  -  ResidentSetSize of job (KB)
...
005 (31980884.064.000) 03/28 22:04:07 Job terminated.
	(1) Normal termination (return value 0)
		Usr 0 00:02:59, Sys 0 00:00:09  -  Run Remote Usage
		Usr 0 00:00:00, Sys 0 00:00:00  -  Run Local Usage
		Usr 0 00:02:59, Sys 0 00:00:09  -  Total Remote Usage
		Usr 0 00:00:00, Sys 0 00:00:00  -  Total Local Usage
	167365  -  Run Bytes Sent By Job
	2250925  -  Run Bytes Received By Job
	167365  -  Total Bytes Sent By Job
	2250925  -  Total Bytes Received By Job
	Partitionable Resources :    Usage  Request Allocated 
	   Cpus                 :     0.19        1         1 
	   Disk (KB)            :  5300        2250   1642523 
	   Memory (MB)          :   194        2000      2000 
...
