000 (31980884.262.000) 03/28 21:58:24 Job submitted from host: <131.225.188.57:9618?addrs=131.225.188.57-9618&noUDP&sock=18092_2f86_3>
...
001 (31980884.262.000) 03/28 22:00:19 Job executing on host: <131.225.205.187:9618?addrs=131.225.205.187-9618&noUDP&sock=1447_19a1_3>
...
006 (31980884.262.000) 03/28 22:01:30 Image size of job updated: 44
	44  -  MemoryUsage of job (MB)
	45812  -  ResidentSetSize of job (KB)
...
006 (31980884.262.000) 03/28 22:02:32 Image size of job updated: 132
	132  -  MemoryUsage of job (MB)
	135760  -  ResidentSetSize of job (KB)
...
006 (31980884.262.000) 03/28 22:04:31 Image size of job updated: 170
	170  -  MemoryUsage of job (MB)
	174688  -  ResidentSetSize of job (KB)
...
006 (31980884.262.000) 03/28 22:05:32 Image size of job updated: 173
	173  -  MemoryUsage of job (MB)
	177936  -  ResidentSetSize of job (KB)
...
006 (31980884.262.000) 03/28 22:06:33 Image size of job updated: 187
	187  -  MemoryUsage of job (MB)
	191500  -  ResidentSetSize of job (KB)
...
006 (31980884.262.000) 03/28 22:07:33 Image size of job updated: 187
	187  -  MemoryUsage of job (MB)
	191688  -  ResidentSetSize of job (KB)
...
006 (31980884.262.000) 03/28 22:08:33 Image size of job updated: 187
	187  -  MemoryUsage of job (MB)
	191832  -  ResidentSetSize of job (KB)
...
006 (31980884.262.000) 03/28 22:09:33 Image size of job updated: 187
	187  -  MemoryUsage of job (MB)
	192036  -  ResidentSetSize of job (KB)
...
006 (31980884.262.000) 03/28 22:10:34 Image size of job updated: 207
	207  -  MemoryUsage of job (MB)
	212344  -  ResidentSetSize of job (KB)
...
006 (31980884.262.000) 03/28 22:11:35 Image size of job updated: 207
	207  -  MemoryUsage of job (MB)
	212564  -  ResidentSetSize of job (KB)
...
006 (31980884.262.000) 03/28 22:12:36 Image size of job updated: 207
	207  -  MemoryUsage of job (MB)
	212776  -  ResidentSetSize of job (KB)
...
006 (31980884.262.000) 03/28 22:13:36 Image size of job updated: 207
	207  -  MemoryUsage of job (MB)
	212788  -  ResidentSetSize of job (KB)
...
006 (31980884.262.000) 03/28 22:14:36 Image size of job updated: 210
	210  -  MemoryUsage of job (MB)
	215092  -  ResidentSetSize of job (KB)
...
006 (31980884.262.000) 03/28 22:15:36 Image size of job updated: 210
	210  -  MemoryUsage of job (MB)
	215124  -  ResidentSetSize of job (KB)
...
005 (31980884.262.000) 03/28 22:16:30 Job terminated.
	(1) Normal termination (return value 0)
		Usr 0 00:11:37, Sys 0 00:00:33  -  Run Remote Usage
		Usr 0 00:00:00, Sys 0 00:00:00  -  Run Local Usage
		Usr 0 00:11:37, Sys 0 00:00:33  -  Total Remote Usage
		Usr 0 00:00:00, Sys 0 00:00:00  -  Total Local Usage
	180126  -  Run Bytes Sent By Job
	2250925  -  Run Bytes Received By Job
	180126  -  Total Bytes Sent By Job
	2250925  -  Total Bytes Received By Job
	Partitionable Resources :    Usage  Request Allocated 
	   Cpus                 :     0.00        1         1 
	   Disk (KB)            :  5310        2250   1632077 
	   Memory (MB)          :   210        2000      2000 
...
