000 (31980884.018.000) 03/28 21:58:24 Job submitted from host: <131.225.188.57:9618?addrs=131.225.188.57-9618&noUDP&sock=18092_2f86_3>
...
001 (31980884.018.000) 03/28 21:59:32 Job executing on host: <131.225.204.102:9618?addrs=131.225.204.102-9618&noUDP&sock=1153_70c9_3>
...
006 (31980884.018.000) 03/28 21:59:41 Image size of job updated: 14
	14  -  MemoryUsage of job (MB)
	15324  -  ResidentSetSize of job (KB)
...
006 (31980884.018.000) 03/28 22:00:41 Image size of job updated: 41
	41  -  MemoryUsage of job (MB)
	42692  -  ResidentSetSize of job (KB)
...
006 (31980884.018.000) 03/28 22:01:41 Image size of job updated: 164
	164  -  MemoryUsage of job (MB)
	168260  -  ResidentSetSize of job (KB)
...
006 (31980884.018.000) 03/28 22:02:42 Image size of job updated: 173
	173  -  MemoryUsage of job (MB)
	177824  -  ResidentSetSize of job (KB)
...
006 (31980884.018.000) 03/28 22:03:43 Image size of job updated: 191
	191  -  MemoryUsage of job (MB)
	195816  -  ResidentSetSize of job (KB)
...
006 (31980884.018.000) 03/28 22:04:03 Image size of job updated: 204
	204  -  MemoryUsage of job (MB)
	209124  -  ResidentSetSize of job (KB)
...
005 (31980884.018.000) 03/28 22:04:05 Job terminated.
	(1) Normal termination (return value 0)
		Usr 0 00:02:14, Sys 0 00:00:10  -  Run Remote Usage
		Usr 0 00:00:00, Sys 0 00:00:00  -  Run Local Usage
		Usr 0 00:02:14, Sys 0 00:00:10  -  Total Remote Usage
		Usr 0 00:00:00, Sys 0 00:00:00  -  Total Local Usage
	168724  -  Run Bytes Sent By Job
	2250925  -  Run Bytes Received By Job
	168724  -  Total Bytes Sent By Job
	2250925  -  Total Bytes Received By Job
	Partitionable Resources :    Usage  Request Allocated 
	   Cpus                 :        0        1         1 
	   Disk (KB)            :     5299     2250    308632 
	   Memory (MB)          :      204     2000      2000 
...
