000 (31980884.453.000) 03/28 21:58:25 Job submitted from host: <131.225.188.57:9618?addrs=131.225.188.57-9618&noUDP&sock=18092_2f86_3>
...
001 (31980884.453.000) 03/28 22:00:57 Job executing on host: <131.225.205.185:9618?addrs=131.225.205.185-9618&noUDP&sock=1465_7255_3>
...
006 (31980884.453.000) 03/28 22:02:07 Image size of job updated: 132
	132  -  MemoryUsage of job (MB)
	135744  -  ResidentSetSize of job (KB)
...
006 (31980884.453.000) 03/28 22:03:08 Image size of job updated: 148
	148  -  MemoryUsage of job (MB)
	152124  -  ResidentSetSize of job (KB)
...
006 (31980884.453.000) 03/28 22:04:09 Image size of job updated: 167
	167  -  MemoryUsage of job (MB)
	171540  -  ResidentSetSize of job (KB)
...
006 (31980884.453.000) 03/28 22:05:10 Image size of job updated: 170
	170  -  MemoryUsage of job (MB)
	174948  -  ResidentSetSize of job (KB)
...
006 (31980884.453.000) 03/28 22:06:10 Image size of job updated: 173
	173  -  MemoryUsage of job (MB)
	177608  -  ResidentSetSize of job (KB)
...
006 (31980884.453.000) 03/28 22:07:10 Image size of job updated: 186
	186  -  MemoryUsage of job (MB)
	190840  -  ResidentSetSize of job (KB)
...
006 (31980884.453.000) 03/28 22:08:10 Image size of job updated: 186
	186  -  MemoryUsage of job (MB)
	191064  -  ResidentSetSize of job (KB)
...
006 (31980884.453.000) 03/28 22:09:11 Image size of job updated: 200
	200  -  MemoryUsage of job (MB)
	204948  -  ResidentSetSize of job (KB)
...
006 (31980884.453.000) 03/28 22:10:12 Image size of job updated: 208
	208  -  MemoryUsage of job (MB)
	213340  -  ResidentSetSize of job (KB)
...
006 (31980884.453.000) 03/28 22:11:13 Image size of job updated: 211
	211  -  MemoryUsage of job (MB)
	216316  -  ResidentSetSize of job (KB)
...
006 (31980884.453.000) 03/28 22:12:13 Image size of job updated: 211
	211  -  MemoryUsage of job (MB)
	216476  -  ResidentSetSize of job (KB)
...
006 (31980884.453.000) 03/28 22:13:13 Image size of job updated: 211
	211  -  MemoryUsage of job (MB)
	216552  -  ResidentSetSize of job (KB)
...
006 (31980884.453.000) 03/28 22:14:13 Image size of job updated: 213
	213  -  MemoryUsage of job (MB)
	218172  -  ResidentSetSize of job (KB)
...
006 (31980884.453.000) 03/28 22:15:13 Image size of job updated: 213
	213  -  MemoryUsage of job (MB)
	218196  -  ResidentSetSize of job (KB)
...
005 (31980884.453.000) 03/28 22:15:14 Job terminated.
	(1) Normal termination (return value 0)
		Usr 0 00:10:36, Sys 0 00:00:30  -  Run Remote Usage
		Usr 0 00:00:00, Sys 0 00:00:00  -  Run Local Usage
		Usr 0 00:10:36, Sys 0 00:00:30  -  Total Remote Usage
		Usr 0 00:00:00, Sys 0 00:00:00  -  Total Local Usage
	180399  -  Run Bytes Sent By Job
	2250925  -  Run Bytes Received By Job
	180399  -  Total Bytes Sent By Job
	2250925  -  Total Bytes Received By Job
	Partitionable Resources :    Usage  Request Allocated 
	   Cpus                 :     0.00        1         1 
	   Disk (KB)            :  5311        2250   1638513 
	   Memory (MB)          :   213        2000      2000 
...
