000 (31980884.436.000) 03/28 21:58:25 Job submitted from host: <131.225.188.57:9618?addrs=131.225.188.57-9618&noUDP&sock=18092_2f86_3>
...
001 (31980884.436.000) 03/28 22:00:56 Job executing on host: <131.225.191.226:9618?addrs=131.225.191.226-9618&noUDP&sock=1473_ef17_3>
...
006 (31980884.436.000) 03/28 22:04:05 Image size of job updated: 148
	148  -  MemoryUsage of job (MB)
	152116  -  ResidentSetSize of job (KB)
...
006 (31980884.436.000) 03/28 22:05:06 Image size of job updated: 167
	167  -  MemoryUsage of job (MB)
	171928  -  ResidentSetSize of job (KB)
...
006 (31980884.436.000) 03/28 22:06:07 Image size of job updated: 171
	171  -  MemoryUsage of job (MB)
	175616  -  ResidentSetSize of job (KB)
...
006 (31980884.436.000) 03/28 22:07:07 Image size of job updated: 174
	174  -  MemoryUsage of job (MB)
	178788  -  ResidentSetSize of job (KB)
...
006 (31980884.436.000) 03/28 22:08:07 Image size of job updated: 187
	187  -  MemoryUsage of job (MB)
	192176  -  ResidentSetSize of job (KB)
...
006 (31980884.436.000) 03/28 22:09:07 Image size of job updated: 187
	187  -  MemoryUsage of job (MB)
	192308  -  ResidentSetSize of job (KB)
...
006 (31980884.436.000) 03/28 22:10:08 Image size of job updated: 187
	187  -  MemoryUsage of job (MB)
	192496  -  ResidentSetSize of job (KB)
...
006 (31980884.436.000) 03/28 22:11:09 Image size of job updated: 188
	188  -  MemoryUsage of job (MB)
	192664  -  ResidentSetSize of job (KB)
...
006 (31980884.436.000) 03/28 22:12:09 Image size of job updated: 209
	209  -  MemoryUsage of job (MB)
	214720  -  ResidentSetSize of job (KB)
...
006 (31980884.436.000) 03/28 22:13:09 Image size of job updated: 209
	209  -  MemoryUsage of job (MB)
	214908  -  ResidentSetSize of job (KB)
...
006 (31980884.436.000) 03/28 22:14:09 Image size of job updated: 210
	210  -  MemoryUsage of job (MB)
	215072  -  ResidentSetSize of job (KB)
...
006 (31980884.436.000) 03/28 22:15:10 Image size of job updated: 210
	210  -  MemoryUsage of job (MB)
	215120  -  ResidentSetSize of job (KB)
...
006 (31980884.436.000) 03/28 22:16:11 Image size of job updated: 212
	212  -  MemoryUsage of job (MB)
	217328  -  ResidentSetSize of job (KB)
...
006 (31980884.436.000) 03/28 22:17:12 Image size of job updated: 212
	212  -  MemoryUsage of job (MB)
	217356  -  ResidentSetSize of job (KB)
...
005 (31980884.436.000) 03/28 22:18:09 Job terminated.
	(1) Normal termination (return value 0)
		Usr 0 00:10:52, Sys 0 00:00:37  -  Run Remote Usage
		Usr 0 00:00:00, Sys 0 00:00:00  -  Run Local Usage
		Usr 0 00:10:52, Sys 0 00:00:37  -  Total Remote Usage
		Usr 0 00:00:00, Sys 0 00:00:00  -  Total Local Usage
	183694  -  Run Bytes Sent By Job
	2250925  -  Run Bytes Received By Job
	183694  -  Total Bytes Sent By Job
	2250925  -  Total Bytes Received By Job
	Partitionable Resources :    Usage  Request Allocated 
	   Cpus                 :     0.00        1         1 
	   Disk (KB)            :  5315        2250    773271 
	   Memory (MB)          :   212        2000      2000 
...
