000 (31980884.174.000) 03/28 21:58:24 Job submitted from host: <131.225.188.57:9618?addrs=131.225.188.57-9618&noUDP&sock=18092_2f86_3>
...
001 (31980884.174.000) 03/28 22:00:01 Job executing on host: <131.225.205.219:9618?addrs=131.225.205.219-9618&noUDP&sock=1471_8fe7_3>
...
006 (31980884.174.000) 03/28 22:00:10 Image size of job updated: 17
	17  -  MemoryUsage of job (MB)
	17816  -  ResidentSetSize of job (KB)
...
006 (31980884.174.000) 03/28 22:01:10 Image size of job updated: 163
	163  -  MemoryUsage of job (MB)
	167128  -  ResidentSetSize of job (KB)
...
006 (31980884.174.000) 03/28 22:02:10 Image size of job updated: 167
	167  -  MemoryUsage of job (MB)
	171260  -  ResidentSetSize of job (KB)
...
006 (31980884.174.000) 03/28 22:03:10 Image size of job updated: 190
	190  -  MemoryUsage of job (MB)
	194808  -  ResidentSetSize of job (KB)
...
005 (31980884.174.000) 03/28 22:03:40 Job terminated.
	(1) Normal termination (return value 0)
		Usr 0 00:02:21, Sys 0 00:00:09  -  Run Remote Usage
		Usr 0 00:00:00, Sys 0 00:00:00  -  Run Local Usage
		Usr 0 00:02:21, Sys 0 00:00:09  -  Total Remote Usage
		Usr 0 00:00:00, Sys 0 00:00:00  -  Total Local Usage
	167118  -  Run Bytes Sent By Job
	2250925  -  Run Bytes Received By Job
	167118  -  Total Bytes Sent By Job
	2250925  -  Total Bytes Received By Job
	Partitionable Resources :    Usage  Request Allocated 
	   Cpus                 :     0.00        1         1 
	   Disk (KB)            :  5298        2250   1689169 
	   Memory (MB)          :   190        2000      2000 
...
