000 (31980884.085.000) 03/28 21:58:24 Job submitted from host: <131.225.188.57:9618?addrs=131.225.188.57-9618&noUDP&sock=18092_2f86_3>
...
001 (31980884.085.000) 03/28 21:59:43 Job executing on host: <131.225.205.213:9618?addrs=131.225.205.213-9618&noUDP&sock=1476_fde0_3>
...
006 (31980884.085.000) 03/28 21:59:52 Image size of job updated: 14
	14  -  MemoryUsage of job (MB)
	15308  -  ResidentSetSize of job (KB)
...
006 (31980884.085.000) 03/28 22:00:52 Image size of job updated: 26
	26  -  MemoryUsage of job (MB)
	27516  -  ResidentSetSize of job (KB)
...
006 (31980884.085.000) 03/28 22:01:52 Image size of job updated: 27
	27  -  MemoryUsage of job (MB)
	27840  -  ResidentSetSize of job (KB)
...
006 (31980884.085.000) 03/28 22:02:52 Image size of job updated: 30
	30  -  MemoryUsage of job (MB)
	31692  -  ResidentSetSize of job (KB)
...
006 (31980884.085.000) 03/28 22:03:52 Image size of job updated: 164
	164  -  MemoryUsage of job (MB)
	168128  -  ResidentSetSize of job (KB)
...
006 (31980884.085.000) 03/28 22:04:53 Image size of job updated: 167
	167  -  MemoryUsage of job (MB)
	171628  -  ResidentSetSize of job (KB)
...
006 (31980884.085.000) 03/28 22:05:53 Image size of job updated: 191
	191  -  MemoryUsage of job (MB)
	195912  -  ResidentSetSize of job (KB)
...
006 (31980884.085.000) 03/28 22:06:45 Image size of job updated: 203
	203  -  MemoryUsage of job (MB)
	208728  -  ResidentSetSize of job (KB)
...
005 (31980884.085.000) 03/28 22:06:46 Job terminated.
	(1) Normal termination (return value 0)
		Usr 0 00:03:04, Sys 0 00:00:13  -  Run Remote Usage
		Usr 0 00:00:00, Sys 0 00:00:00  -  Run Local Usage
		Usr 0 00:03:04, Sys 0 00:00:13  -  Total Remote Usage
		Usr 0 00:00:00, Sys 0 00:00:00  -  Total Local Usage
	168458  -  Run Bytes Sent By Job
	2250925  -  Run Bytes Received By Job
	168458  -  Total Bytes Sent By Job
	2250925  -  Total Bytes Received By Job
	Partitionable Resources :    Usage  Request Allocated 
	   Cpus                 :        0        1         1 
	   Disk (KB)            :     5300     2250   1683486 
	   Memory (MB)          :      203     2000      2000 
...
