000 (31980884.150.000) 03/28 21:58:24 Job submitted from host: <131.225.188.57:9618?addrs=131.225.188.57-9618&noUDP&sock=18092_2f86_3>
...
001 (31980884.150.000) 03/28 21:59:58 Job executing on host: <131.225.191.253:9618?addrs=131.225.191.253-9618&noUDP&sock=1438_ed47_3>
...
006 (31980884.150.000) 03/28 22:01:09 Image size of job updated: 10
	10  -  MemoryUsage of job (MB)
	10516  -  ResidentSetSize of job (KB)
...
006 (31980884.150.000) 03/28 22:02:09 Image size of job updated: 27
	27  -  MemoryUsage of job (MB)
	28388  -  ResidentSetSize of job (KB)
...
006 (31980884.150.000) 03/28 22:03:09 Image size of job updated: 34
	34  -  MemoryUsage of job (MB)
	35196  -  ResidentSetSize of job (KB)
...
006 (31980884.150.000) 03/28 22:04:10 Image size of job updated: 86
	86  -  MemoryUsage of job (MB)
	88396  -  ResidentSetSize of job (KB)
...
006 (31980884.150.000) 03/28 22:05:11 Image size of job updated: 173
	173  -  MemoryUsage of job (MB)
	177380  -  ResidentSetSize of job (KB)
...
006 (31980884.150.000) 03/28 22:06:11 Image size of job updated: 198
	198  -  MemoryUsage of job (MB)
	203508  -  ResidentSetSize of job (KB)
...
006 (31980884.150.000) 03/28 22:06:59 Image size of job updated: 206
	206  -  MemoryUsage of job (MB)
	211612  -  ResidentSetSize of job (KB)
...
005 (31980884.150.000) 03/28 22:07:00 Job terminated.
	(1) Normal termination (return value 0)
		Usr 0 00:02:59, Sys 0 00:00:12  -  Run Remote Usage
		Usr 0 00:00:00, Sys 0 00:00:00  -  Run Local Usage
		Usr 0 00:02:59, Sys 0 00:00:12  -  Total Remote Usage
		Usr 0 00:00:00, Sys 0 00:00:00  -  Total Local Usage
	168710  -  Run Bytes Sent By Job
	2250925  -  Run Bytes Received By Job
	168710  -  Total Bytes Sent By Job
	2250925  -  Total Bytes Received By Job
	Partitionable Resources :    Usage  Request Allocated 
	   Cpus                 :        0        1         1 
	   Disk (KB)            :     5300     2250    764005 
	   Memory (MB)          :      206     2000      2000 
...
