000 (31980884.249.000) 03/28 21:58:24 Job submitted from host: <131.225.188.57:9618?addrs=131.225.188.57-9618&noUDP&sock=18092_2f86_3>
...
001 (31980884.249.000) 03/28 22:00:19 Job executing on host: <131.225.191.226:9618?addrs=131.225.191.226-9618&noUDP&sock=1473_ef17_3>
...
006 (31980884.249.000) 03/28 22:00:29 Image size of job updated: 29
	29  -  MemoryUsage of job (MB)
	29856  -  ResidentSetSize of job (KB)
...
006 (31980884.249.000) 03/28 22:01:29 Image size of job updated: 132
	132  -  MemoryUsage of job (MB)
	135756  -  ResidentSetSize of job (KB)
...
006 (31980884.249.000) 03/28 22:03:30 Image size of job updated: 134
	134  -  MemoryUsage of job (MB)
	137300  -  ResidentSetSize of job (KB)
...
006 (31980884.249.000) 03/28 22:05:34 Image size of job updated: 169
	169  -  MemoryUsage of job (MB)
	174052  -  ResidentSetSize of job (KB)
...
006 (31980884.249.000) 03/28 22:06:35 Image size of job updated: 173
	173  -  MemoryUsage of job (MB)
	177552  -  ResidentSetSize of job (KB)
...
006 (31980884.249.000) 03/28 22:07:35 Image size of job updated: 187
	187  -  MemoryUsage of job (MB)
	191892  -  ResidentSetSize of job (KB)
...
006 (31980884.249.000) 03/28 22:08:35 Image size of job updated: 187
	187  -  MemoryUsage of job (MB)
	192084  -  ResidentSetSize of job (KB)
...
006 (31980884.249.000) 03/28 22:09:36 Image size of job updated: 187
	187  -  MemoryUsage of job (MB)
	192268  -  ResidentSetSize of job (KB)
...
006 (31980884.249.000) 03/28 22:10:38 Image size of job updated: 187
	187  -  MemoryUsage of job (MB)
	192452  -  ResidentSetSize of job (KB)
...
006 (31980884.249.000) 03/28 22:11:38 Image size of job updated: 199
	199  -  MemoryUsage of job (MB)
	204780  -  ResidentSetSize of job (KB)
...
006 (31980884.249.000) 03/28 22:12:38 Image size of job updated: 209
	209  -  MemoryUsage of job (MB)
	214836  -  ResidentSetSize of job (KB)
...
006 (31980884.249.000) 03/28 22:13:38 Image size of job updated: 209
	209  -  MemoryUsage of job (MB)
	214992  -  ResidentSetSize of job (KB)
...
006 (31980884.249.000) 03/28 22:14:39 Image size of job updated: 210
	210  -  MemoryUsage of job (MB)
	215104  -  ResidentSetSize of job (KB)
...
006 (31980884.249.000) 03/28 22:16:41 Image size of job updated: 211
	211  -  MemoryUsage of job (MB)
	216708  -  ResidentSetSize of job (KB)
...
006 (31980884.249.000) 03/28 22:17:41 Image size of job updated: 211
	211  -  MemoryUsage of job (MB)
	216736  -  ResidentSetSize of job (KB)
...
005 (31980884.249.000) 03/28 22:18:02 Job terminated.
	(1) Normal termination (return value 0)
		Usr 0 00:10:23, Sys 0 00:00:36  -  Run Remote Usage
		Usr 0 00:00:00, Sys 0 00:00:00  -  Run Local Usage
		Usr 0 00:10:23, Sys 0 00:00:36  -  Total Remote Usage
		Usr 0 00:00:00, Sys 0 00:00:00  -  Total Local Usage
	177947  -  Run Bytes Sent By Job
	2250925  -  Run Bytes Received By Job
	177947  -  Total Bytes Sent By Job
	2250925  -  Total Bytes Received By Job
	Partitionable Resources :    Usage  Request Allocated 
	   Cpus                 :        0        1         1 
	   Disk (KB)            :     5309     2250    773271 
	   Memory (MB)          :      211     2000      2000 
...
