000 (31980884.351.000) 03/28 21:58:25 Job submitted from host: <131.225.188.57:9618?addrs=131.225.188.57-9618&noUDP&sock=18092_2f86_3>
...
001 (31980884.351.000) 03/28 22:00:39 Job executing on host: <131.225.205.155:9618?addrs=131.225.205.155-9618&noUDP&sock=1452_879a_3>
...
006 (31980884.351.000) 03/28 22:01:49 Image size of job updated: 73
	73  -  MemoryUsage of job (MB)
	74780  -  ResidentSetSize of job (KB)
...
006 (31980884.351.000) 03/28 22:02:49 Image size of job updated: 166
	166  -  MemoryUsage of job (MB)
	170424  -  ResidentSetSize of job (KB)
...
006 (31980884.351.000) 03/28 22:03:49 Image size of job updated: 189
	189  -  MemoryUsage of job (MB)
	194544  -  ResidentSetSize of job (KB)
...
006 (31980884.351.000) 03/28 22:04:31 Image size of job updated: 203
	203  -  MemoryUsage of job (MB)
	208096  -  ResidentSetSize of job (KB)
...
005 (31980884.351.000) 03/28 22:04:32 Job terminated.
	(1) Normal termination (return value 0)
		Usr 0 00:02:53, Sys 0 00:00:09  -  Run Remote Usage
		Usr 0 00:00:00, Sys 0 00:00:00  -  Run Local Usage
		Usr 0 00:02:53, Sys 0 00:00:09  -  Total Remote Usage
		Usr 0 00:00:00, Sys 0 00:00:00  -  Total Local Usage
	167988  -  Run Bytes Sent By Job
	2250925  -  Run Bytes Received By Job
	167988  -  Total Bytes Sent By Job
	2250925  -  Total Bytes Received By Job
	Partitionable Resources :    Usage  Request Allocated 
	   Cpus                 :        0        1         1 
	   Disk (KB)            :     5299     2250   1644391 
	   Memory (MB)          :      203     2000      2000 
...
