000 (31980884.058.000) 03/28 21:58:24 Job submitted from host: <131.225.188.57:9618?addrs=131.225.188.57-9618&noUDP&sock=18092_2f86_3>
...
001 (31980884.058.000) 03/28 21:59:38 Job executing on host: <131.225.191.192:9618?addrs=131.225.191.192-9618&noUDP&sock=1159_8e5a_3>
...
006 (31980884.058.000) 03/28 21:59:47 Image size of job updated: 14
	14  -  MemoryUsage of job (MB)
	15308  -  ResidentSetSize of job (KB)
...
006 (31980884.058.000) 03/28 22:00:49 Image size of job updated: 132
	132  -  MemoryUsage of job (MB)
	135756  -  ResidentSetSize of job (KB)
...
006 (31980884.058.000) 03/28 22:01:49 Image size of job updated: 133
	133  -  MemoryUsage of job (MB)
	136548  -  ResidentSetSize of job (KB)
...
006 (31980884.058.000) 03/28 22:02:49 Image size of job updated: 166
	166  -  MemoryUsage of job (MB)
	170836  -  ResidentSetSize of job (KB)
...
006 (31980884.058.000) 03/28 22:03:49 Image size of job updated: 190
	190  -  MemoryUsage of job (MB)
	194600  -  ResidentSetSize of job (KB)
...
006 (31980884.058.000) 03/28 22:04:07 Image size of job updated: 202
	202  -  MemoryUsage of job (MB)
	207644  -  ResidentSetSize of job (KB)
...
005 (31980884.058.000) 03/28 22:04:08 Job terminated.
	(1) Normal termination (return value 0)
		Usr 0 00:02:11, Sys 0 00:00:10  -  Run Remote Usage
		Usr 0 00:00:00, Sys 0 00:00:00  -  Run Local Usage
		Usr 0 00:02:11, Sys 0 00:00:10  -  Total Remote Usage
		Usr 0 00:00:00, Sys 0 00:00:00  -  Total Local Usage
	169532  -  Run Bytes Sent By Job
	2250925  -  Run Bytes Received By Job
	169532  -  Total Bytes Sent By Job
	2250925  -  Total Bytes Received By Job
	Partitionable Resources :    Usage  Request Allocated 
	   Cpus                 :     0.00        1         1 
	   Disk (KB)            :  5300        2250    306622 
	   Memory (MB)          :   202        2000      2000 
...
