000 (31980884.354.000) 03/28 21:58:25 Job submitted from host: <131.225.188.57:9618?addrs=131.225.188.57-9618&noUDP&sock=18092_2f86_3>
...
001 (31980884.354.000) 03/28 22:00:38 Job executing on host: <131.225.205.187:9618?addrs=131.225.205.187-9618&noUDP&sock=1447_19a1_3>
...
006 (31980884.354.000) 03/28 22:01:47 Image size of job updated: 116
	116  -  MemoryUsage of job (MB)
	119392  -  ResidentSetSize of job (KB)
...
006 (31980884.354.000) 03/28 22:03:48 Image size of job updated: 167
	167  -  MemoryUsage of job (MB)
	171400  -  ResidentSetSize of job (KB)
...
006 (31980884.354.000) 03/28 22:04:49 Image size of job updated: 192
	192  -  MemoryUsage of job (MB)
	196944  -  ResidentSetSize of job (KB)
...
005 (31980884.354.000) 03/28 22:05:29 Job terminated.
	(1) Normal termination (return value 0)
		Usr 0 00:02:16, Sys 0 00:00:09  -  Run Remote Usage
		Usr 0 00:00:00, Sys 0 00:00:00  -  Run Local Usage
		Usr 0 00:02:16, Sys 0 00:00:09  -  Total Remote Usage
		Usr 0 00:00:00, Sys 0 00:00:00  -  Total Local Usage
	169282  -  Run Bytes Sent By Job
	2250925  -  Run Bytes Received By Job
	169282  -  Total Bytes Sent By Job
	2250925  -  Total Bytes Received By Job
	Partitionable Resources :    Usage  Request Allocated 
	   Cpus                 :        0        1         1 
	   Disk (KB)            :     5300     2250   1632077 
	   Memory (MB)          :      192     2000      2000 
...
