000 (31980884.348.000) 03/28 21:58:25 Job submitted from host: <131.225.188.57:9618?addrs=131.225.188.57-9618&noUDP&sock=18092_2f86_3>
...
001 (31980884.348.000) 03/28 22:00:46 Job executing on host: <131.225.190.44:9618?addrs=131.225.190.44-9618&noUDP&sock=1431_201d_3>
...
006 (31980884.348.000) 03/28 22:01:54 Image size of job updated: 27
	27  -  MemoryUsage of job (MB)
	28028  -  ResidentSetSize of job (KB)
...
006 (31980884.348.000) 03/28 22:02:55 Image size of job updated: 86
	86  -  MemoryUsage of job (MB)
	88332  -  ResidentSetSize of job (KB)
...
006 (31980884.348.000) 03/28 22:03:55 Image size of job updated: 167
	167  -  MemoryUsage of job (MB)
	171816  -  ResidentSetSize of job (KB)
...
006 (31980884.348.000) 03/28 22:04:55 Image size of job updated: 192
	192  -  MemoryUsage of job (MB)
	197196  -  ResidentSetSize of job (KB)
...
006 (31980884.348.000) 03/28 22:05:18 Image size of job updated: 205
	205  -  MemoryUsage of job (MB)
	210016  -  ResidentSetSize of job (KB)
...
005 (31980884.348.000) 03/28 22:05:19 Job terminated.
	(1) Normal termination (return value 0)
		Usr 0 00:02:38, Sys 0 00:00:11  -  Run Remote Usage
		Usr 0 00:00:00, Sys 0 00:00:00  -  Run Local Usage
		Usr 0 00:02:38, Sys 0 00:00:11  -  Total Remote Usage
		Usr 0 00:00:00, Sys 0 00:00:00  -  Total Local Usage
	167572  -  Run Bytes Sent By Job
	2250925  -  Run Bytes Received By Job
	167572  -  Total Bytes Sent By Job
	2250925  -  Total Bytes Received By Job
	Partitionable Resources :    Usage  Request Allocated 
	   Cpus                 :     0.00        1         1 
	   Disk (KB)            :  5299        2250    772815 
	   Memory (MB)          :   205        2000      2000 
...
