000 (31980884.328.000) 03/28 21:58:25 Job submitted from host: <131.225.188.57:9618?addrs=131.225.188.57-9618&noUDP&sock=18092_2f86_3>
...
001 (31980884.328.000) 03/28 22:00:30 Job executing on host: <131.225.205.211:9618?addrs=131.225.205.211-9618&noUDP&sock=1485_2a3a_3>
...
006 (31980884.328.000) 03/28 22:00:40 Image size of job updated: 8
	8  -  MemoryUsage of job (MB)
	8504  -  ResidentSetSize of job (KB)
...
006 (31980884.328.000) 03/28 22:01:40 Image size of job updated: 58
	58  -  MemoryUsage of job (MB)
	60152  -  ResidentSetSize of job (KB)
...
006 (31980884.328.000) 03/28 22:02:40 Image size of job updated: 166
	166  -  MemoryUsage of job (MB)
	170084  -  ResidentSetSize of job (KB)
...
006 (31980884.328.000) 03/28 22:03:41 Image size of job updated: 190
	190  -  MemoryUsage of job (MB)
	195408  -  ResidentSetSize of job (KB)
...
006 (31980884.328.000) 03/28 22:04:33 Image size of job updated: 204
	204  -  MemoryUsage of job (MB)
	209036  -  ResidentSetSize of job (KB)
...
005 (31980884.328.000) 03/28 22:04:34 Job terminated.
	(1) Normal termination (return value 0)
		Usr 0 00:02:45, Sys 0 00:00:10  -  Run Remote Usage
		Usr 0 00:00:00, Sys 0 00:00:00  -  Run Local Usage
		Usr 0 00:02:45, Sys 0 00:00:10  -  Total Remote Usage
		Usr 0 00:00:00, Sys 0 00:00:00  -  Total Local Usage
	168290  -  Run Bytes Sent By Job
	2250925  -  Run Bytes Received By Job
	168290  -  Total Bytes Sent By Job
	2250925  -  Total Bytes Received By Job
	Partitionable Resources :    Usage  Request Allocated 
	   Cpus                 :     0.00        1         1 
	   Disk (KB)            :  5299        2250   1684100 
	   Memory (MB)          :   204        2000      2000 
...
