000 (31980884.131.000) 03/28 21:58:24 Job submitted from host: <131.225.188.57:9618?addrs=131.225.188.57-9618&noUDP&sock=18092_2f86_3>
...
001 (31980884.131.000) 03/28 21:59:52 Job executing on host: <131.225.205.172:9618?addrs=131.225.205.172-9618&noUDP&sock=1451_d802_3>
...
006 (31980884.131.000) 03/28 22:00:01 Image size of job updated: 15
	15  -  MemoryUsage of job (MB)
	15748  -  ResidentSetSize of job (KB)
...
006 (31980884.131.000) 03/28 22:01:02 Image size of job updated: 50
	50  -  MemoryUsage of job (MB)
	52088  -  ResidentSetSize of job (KB)
...
006 (31980884.131.000) 03/28 22:02:03 Image size of job updated: 129
	129  -  MemoryUsage of job (MB)
	132388  -  ResidentSetSize of job (KB)
...
006 (31980884.131.000) 03/28 22:03:03 Image size of job updated: 166
	166  -  MemoryUsage of job (MB)
	170232  -  ResidentSetSize of job (KB)
...
006 (31980884.131.000) 03/28 22:04:04 Image size of job updated: 191
	191  -  MemoryUsage of job (MB)
	196364  -  ResidentSetSize of job (KB)
...
006 (31980884.131.000) 03/28 22:04:54 Image size of job updated: 205
	205  -  MemoryUsage of job (MB)
	210096  -  ResidentSetSize of job (KB)
...
005 (31980884.131.000) 03/28 22:04:55 Job terminated.
	(1) Normal termination (return value 0)
		Usr 0 00:02:47, Sys 0 00:00:10  -  Run Remote Usage
		Usr 0 00:00:00, Sys 0 00:00:00  -  Run Local Usage
		Usr 0 00:02:47, Sys 0 00:00:10  -  Total Remote Usage
		Usr 0 00:00:00, Sys 0 00:00:00  -  Total Local Usage
	167805  -  Run Bytes Sent By Job
	2250925  -  Run Bytes Received By Job
	167805  -  Total Bytes Sent By Job
	2250925  -  Total Bytes Received By Job
	Partitionable Resources :    Usage  Request Allocated 
	   Cpus                 :        0        1         1 
	   Disk (KB)            :     5299     2250   1631558 
	   Memory (MB)          :      205     2000      2000 
...
