000 (31980884.015.000) 03/28 21:58:24 Job submitted from host: <131.225.188.57:9618?addrs=131.225.188.57-9618&noUDP&sock=18092_2f86_3>
...
001 (31980884.015.000) 03/28 21:59:30 Job executing on host: <131.225.206.9:9618?addrs=131.225.206.9-9618&noUDP&sock=1160_3df3_3>
...
006 (31980884.015.000) 03/28 21:59:38 Image size of job updated: 17
	17  -  MemoryUsage of job (MB)
	17816  -  ResidentSetSize of job (KB)
...
006 (31980884.015.000) 03/28 22:00:39 Image size of job updated: 164
	164  -  MemoryUsage of job (MB)
	168876  -  ResidentSetSize of job (KB)
...
006 (31980884.015.000) 03/28 22:01:40 Image size of job updated: 190
	190  -  MemoryUsage of job (MB)
	194736  -  ResidentSetSize of job (KB)
...
006 (31980884.015.000) 03/28 22:02:34 Image size of job updated: 204
	204  -  MemoryUsage of job (MB)
	208908  -  ResidentSetSize of job (KB)
...
005 (31980884.015.000) 03/28 22:02:36 Job terminated.
	(1) Normal termination (return value 0)
		Usr 0 00:02:03, Sys 0 00:00:09  -  Run Remote Usage
		Usr 0 00:00:00, Sys 0 00:00:00  -  Run Local Usage
		Usr 0 00:02:03, Sys 0 00:00:09  -  Total Remote Usage
		Usr 0 00:00:00, Sys 0 00:00:00  -  Total Local Usage
	168041  -  Run Bytes Sent By Job
	2250925  -  Run Bytes Received By Job
	168041  -  Total Bytes Sent By Job
	2250925  -  Total Bytes Received By Job
	Partitionable Resources :    Usage  Request Allocated 
	   Cpus                 :        0        1         1 
	   Disk (KB)            :     5299     2250    306898 
	   Memory (MB)          :      204     2000      2000 
...
