000 (31980884.226.000) 03/28 21:58:24 Job submitted from host: <131.225.188.57:9618?addrs=131.225.188.57-9618&noUDP&sock=18092_2f86_3>
...
001 (31980884.226.000) 03/28 22:00:11 Job executing on host: <131.225.205.156:9618?addrs=131.225.205.156-9618&noUDP&sock=1455_9663_3>
...
006 (31980884.226.000) 03/28 22:01:20 Image size of job updated: 42
	42  -  MemoryUsage of job (MB)
	43928  -  ResidentSetSize of job (KB)
...
006 (31980884.226.000) 03/28 22:02:20 Image size of job updated: 165
	165  -  MemoryUsage of job (MB)
	169964  -  ResidentSetSize of job (KB)
...
006 (31980884.226.000) 03/28 22:03:21 Image size of job updated: 189
	189  -  MemoryUsage of job (MB)
	194536  -  ResidentSetSize of job (KB)
...
006 (31980884.226.000) 03/28 22:04:21 Image size of job updated: 203
	203  -  MemoryUsage of job (MB)
	208416  -  ResidentSetSize of job (KB)
...
005 (31980884.226.000) 03/28 22:04:22 Job terminated.
	(1) Normal termination (return value 0)
		Usr 0 00:03:00, Sys 0 00:00:09  -  Run Remote Usage
		Usr 0 00:00:00, Sys 0 00:00:00  -  Run Local Usage
		Usr 0 00:03:00, Sys 0 00:00:09  -  Total Remote Usage
		Usr 0 00:00:00, Sys 0 00:00:00  -  Total Local Usage
	167276  -  Run Bytes Sent By Job
	2250925  -  Run Bytes Received By Job
	167276  -  Total Bytes Sent By Job
	2250925  -  Total Bytes Received By Job
	Partitionable Resources :    Usage  Request Allocated 
	   Cpus                 :     0.22        1         1 
	   Disk (KB)            :  5298        2250   1635719 
	   Memory (MB)          :   203        2000      2000 
...
