000 (31980884.198.000) 03/28 21:58:24 Job submitted from host: <131.225.188.57:9618?addrs=131.225.188.57-9618&noUDP&sock=18092_2f86_3>
...
001 (31980884.198.000) 03/28 22:00:06 Job executing on host: <131.225.188.88:9618?addrs=131.225.188.88-9618&noUDP&sock=1944_0033_3>
...
006 (31980884.198.000) 03/28 22:00:15 Image size of job updated: 18
	18  -  MemoryUsage of job (MB)
	19172  -  ResidentSetSize of job (KB)
...
006 (31980884.198.000) 03/28 22:01:16 Image size of job updated: 165
	165  -  MemoryUsage of job (MB)
	169592  -  ResidentSetSize of job (KB)
...
006 (31980884.198.000) 03/28 22:02:17 Image size of job updated: 191
	191  -  MemoryUsage of job (MB)
	196172  -  ResidentSetSize of job (KB)
...
006 (31980884.198.000) 03/28 22:03:01 Image size of job updated: 205
	205  -  MemoryUsage of job (MB)
	210452  -  ResidentSetSize of job (KB)
...
005 (31980884.198.000) 03/28 22:03:02 Job terminated.
	(1) Normal termination (return value 0)
		Usr 0 00:02:04, Sys 0 00:00:08  -  Run Remote Usage
		Usr 0 00:00:00, Sys 0 00:00:00  -  Run Local Usage
		Usr 0 00:02:04, Sys 0 00:00:08  -  Total Remote Usage
		Usr 0 00:00:00, Sys 0 00:00:00  -  Total Local Usage
	167723  -  Run Bytes Sent By Job
	2250925  -  Run Bytes Received By Job
	167723  -  Total Bytes Sent By Job
	2250925  -  Total Bytes Received By Job
	Partitionable Resources :    Usage  Request Allocated 
	   Cpus                 :        0        1         1 
	   Disk (KB)            :     5299     2250   1631189 
	   Memory (MB)          :      205     2000      2000 
...
