000 (31980884.194.000) 03/28 21:58:24 Job submitted from host: <131.225.188.57:9618?addrs=131.225.188.57-9618&noUDP&sock=18092_2f86_3>
...
001 (31980884.194.000) 03/28 22:00:05 Job executing on host: <131.225.188.68:9618?addrs=131.225.188.68-9618&noUDP&sock=1929_b647_3>
...
006 (31980884.194.000) 03/28 22:00:14 Image size of job updated: 17
	17  -  MemoryUsage of job (MB)
	18088  -  ResidentSetSize of job (KB)
...
006 (31980884.194.000) 03/28 22:01:15 Image size of job updated: 73
	73  -  MemoryUsage of job (MB)
	74780  -  ResidentSetSize of job (KB)
...
006 (31980884.194.000) 03/28 22:02:16 Image size of job updated: 167
	167  -  MemoryUsage of job (MB)
	171568  -  ResidentSetSize of job (KB)
...
006 (31980884.194.000) 03/28 22:03:16 Image size of job updated: 203
	203  -  MemoryUsage of job (MB)
	208152  -  ResidentSetSize of job (KB)
...
005 (31980884.194.000) 03/28 22:03:22 Job terminated.
	(1) Normal termination (return value 0)
		Usr 0 00:02:10, Sys 0 00:00:07  -  Run Remote Usage
		Usr 0 00:00:00, Sys 0 00:00:00  -  Run Local Usage
		Usr 0 00:02:10, Sys 0 00:00:07  -  Total Remote Usage
		Usr 0 00:00:00, Sys 0 00:00:00  -  Total Local Usage
	167223  -  Run Bytes Sent By Job
	2250925  -  Run Bytes Received By Job
	167223  -  Total Bytes Sent By Job
	2250925  -  Total Bytes Received By Job
	Partitionable Resources :    Usage  Request Allocated 
	   Cpus                 :     0.00        1         1 
	   Disk (KB)            :  5298        2250   1643887 
	   Memory (MB)          :   203        2000      2000 
...
