000 (31980884.005.000) 03/28 21:58:24 Job submitted from host: <131.225.188.57:9618?addrs=131.225.188.57-9618&noUDP&sock=18092_2f86_3>
...
001 (31980884.005.000) 03/28 21:59:27 Job executing on host: <131.225.191.146:9618?addrs=131.225.191.146-9618&noUDP&sock=1163_4cbb_3>
...
006 (31980884.005.000) 03/28 21:59:36 Image size of job updated: 22
	22  -  MemoryUsage of job (MB)
	22752  -  ResidentSetSize of job (KB)
...
006 (31980884.005.000) 03/28 22:00:36 Image size of job updated: 165
	165  -  MemoryUsage of job (MB)
	169912  -  ResidentSetSize of job (KB)
...
006 (31980884.005.000) 03/28 22:01:36 Image size of job updated: 167
	167  -  MemoryUsage of job (MB)
	171696  -  ResidentSetSize of job (KB)
...
006 (31980884.005.000) 03/28 22:02:37 Image size of job updated: 190
	190  -  MemoryUsage of job (MB)
	194956  -  ResidentSetSize of job (KB)
...
006 (31980884.005.000) 03/28 22:02:50 Image size of job updated: 203
	203  -  MemoryUsage of job (MB)
	208084  -  ResidentSetSize of job (KB)
...
005 (31980884.005.000) 03/28 22:02:54 Job terminated.
	(1) Normal termination (return value 0)
		Usr 0 00:02:13, Sys 0 00:00:08  -  Run Remote Usage
		Usr 0 00:00:00, Sys 0 00:00:00  -  Run Local Usage
		Usr 0 00:02:13, Sys 0 00:00:08  -  Total Remote Usage
		Usr 0 00:00:00, Sys 0 00:00:00  -  Total Local Usage
	167416  -  Run Bytes Sent By Job
	2250925  -  Run Bytes Received By Job
	167416  -  Total Bytes Sent By Job
	2250925  -  Total Bytes Received By Job
	Partitionable Resources :    Usage  Request Allocated 
	   Cpus                 :     0.00        1         1 
	   Disk (KB)            :  5298        2250    330049 
	   Memory (MB)          :   203        2000      2000 
...
