000 (31980884.110.000) 03/28 21:58:24 Job submitted from host: <131.225.188.57:9618?addrs=131.225.188.57-9618&noUDP&sock=18092_2f86_3>
...
001 (31980884.110.000) 03/28 21:59:47 Job executing on host: <131.225.205.213:9618?addrs=131.225.205.213-9618&noUDP&sock=1476_fde0_3>
...
006 (31980884.110.000) 03/28 21:59:56 Image size of job updated: 5
	3  -  MemoryUsage of job (MB)
	3408  -  ResidentSetSize of job (KB)
...
006 (31980884.110.000) 03/28 22:00:57 Image size of job updated: 26
	26  -  MemoryUsage of job (MB)
	27520  -  ResidentSetSize of job (KB)
...
006 (31980884.110.000) 03/28 22:01:57 Image size of job updated: 27
	27  -  MemoryUsage of job (MB)
	27892  -  ResidentSetSize of job (KB)
...
006 (31980884.110.000) 03/28 22:02:57 Image size of job updated: 31
	31  -  MemoryUsage of job (MB)
	32004  -  ResidentSetSize of job (KB)
...
006 (31980884.110.000) 03/28 22:03:57 Image size of job updated: 164
	164  -  MemoryUsage of job (MB)
	168196  -  ResidentSetSize of job (KB)
...
006 (31980884.110.000) 03/28 22:04:58 Image size of job updated: 167
	167  -  MemoryUsage of job (MB)
	171896  -  ResidentSetSize of job (KB)
...
006 (31980884.110.000) 03/28 22:05:58 Image size of job updated: 193
	193  -  MemoryUsage of job (MB)
	197860  -  ResidentSetSize of job (KB)
...
006 (31980884.110.000) 03/28 22:06:45 Image size of job updated: 206
	206  -  MemoryUsage of job (MB)
	211132  -  ResidentSetSize of job (KB)
...
005 (31980884.110.000) 03/28 22:06:46 Job terminated.
	(1) Normal termination (return value 0)
		Usr 0 00:03:09, Sys 0 00:00:12  -  Run Remote Usage
		Usr 0 00:00:00, Sys 0 00:00:00  -  Run Local Usage
		Usr 0 00:03:09, Sys 0 00:00:12  -  Total Remote Usage
		Usr 0 00:00:00, Sys 0 00:00:00  -  Total Local Usage
	168239  -  Run Bytes Sent By Job
	2250925  -  Run Bytes Received By Job
	168239  -  Total Bytes Sent By Job
	2250925  -  Total Bytes Received By Job
	Partitionable Resources :    Usage  Request Allocated 
	   Cpus                 :        0        1         1 
	   Disk (KB)            :     5300     2250   1683486 
	   Memory (MB)          :      206     2000      2000 
...
