000 (31980884.208.000) 03/28 21:58:24 Job submitted from host: <131.225.188.57:9618?addrs=131.225.188.57-9618&noUDP&sock=18092_2f86_3>
...
001 (31980884.208.000) 03/28 22:00:09 Job executing on host: <131.225.190.27:9618?addrs=131.225.190.27-9618&noUDP&sock=1465_7255_3>
...
006 (31980884.208.000) 03/28 22:01:17 Image size of job updated: 26
	26  -  MemoryUsage of job (MB)
	27524  -  ResidentSetSize of job (KB)
...
006 (31980884.208.000) 03/28 22:02:18 Image size of job updated: 27
	27  -  MemoryUsage of job (MB)
	28556  -  ResidentSetSize of job (KB)
...
006 (31980884.208.000) 03/28 22:03:19 Image size of job updated: 164
	164  -  MemoryUsage of job (MB)
	168520  -  ResidentSetSize of job (KB)
...
006 (31980884.208.000) 03/28 22:04:20 Image size of job updated: 167
	167  -  MemoryUsage of job (MB)
	171432  -  ResidentSetSize of job (KB)
...
006 (31980884.208.000) 03/28 22:04:53 Image size of job updated: 193
	193  -  MemoryUsage of job (MB)
	197728  -  ResidentSetSize of job (KB)
...
005 (31980884.208.000) 03/28 22:04:54 Job terminated.
	(1) Normal termination (return value 0)
		Usr 0 00:01:51, Sys 0 00:00:08  -  Run Remote Usage
		Usr 0 00:00:00, Sys 0 00:00:00  -  Run Local Usage
		Usr 0 00:01:51, Sys 0 00:00:08  -  Total Remote Usage
		Usr 0 00:00:00, Sys 0 00:00:00  -  Total Local Usage
	167813  -  Run Bytes Sent By Job
	2250925  -  Run Bytes Received By Job
	167813  -  Total Bytes Sent By Job
	2250925  -  Total Bytes Received By Job
	Partitionable Resources :    Usage  Request Allocated 
	   Cpus                 :     0.00        1         1 
	   Disk (KB)            :  5299        2250    789853 
	   Memory (MB)          :   193        2000      2000 
...
