000 (31980884.255.000) 03/28 21:58:24 Job submitted from host: <131.225.188.57:9618?addrs=131.225.188.57-9618&noUDP&sock=18092_2f86_3>
...
001 (31980884.255.000) 03/28 22:00:17 Job executing on host: <131.225.190.58:9618?addrs=131.225.190.58-9618&noUDP&sock=1428_1154_3>
...
006 (31980884.255.000) 03/28 22:01:26 Image size of job updated: 132
	132  -  MemoryUsage of job (MB)
	135752  -  ResidentSetSize of job (KB)
...
006 (31980884.255.000) 03/28 22:04:28 Image size of job updated: 169
	169  -  MemoryUsage of job (MB)
	173812  -  ResidentSetSize of job (KB)
...
006 (31980884.255.000) 03/28 22:05:29 Image size of job updated: 173
	173  -  MemoryUsage of job (MB)
	177224  -  ResidentSetSize of job (KB)
...
006 (31980884.255.000) 03/28 22:06:29 Image size of job updated: 187
	187  -  MemoryUsage of job (MB)
	191800  -  ResidentSetSize of job (KB)
...
006 (31980884.255.000) 03/28 22:07:29 Image size of job updated: 187
	187  -  MemoryUsage of job (MB)
	192032  -  ResidentSetSize of job (KB)
...
006 (31980884.255.000) 03/28 22:08:29 Image size of job updated: 187
	187  -  MemoryUsage of job (MB)
	192212  -  ResidentSetSize of job (KB)
...
006 (31980884.255.000) 03/28 22:09:30 Image size of job updated: 187
	187  -  MemoryUsage of job (MB)
	192432  -  ResidentSetSize of job (KB)
...
006 (31980884.255.000) 03/28 22:10:31 Image size of job updated: 205
	205  -  MemoryUsage of job (MB)
	210616  -  ResidentSetSize of job (KB)
...
006 (31980884.255.000) 03/28 22:11:32 Image size of job updated: 205
	205  -  MemoryUsage of job (MB)
	210856  -  ResidentSetSize of job (KB)
...
006 (31980884.255.000) 03/28 22:12:32 Image size of job updated: 206
	206  -  MemoryUsage of job (MB)
	210952  -  ResidentSetSize of job (KB)
...
006 (31980884.255.000) 03/28 22:13:32 Image size of job updated: 208
	208  -  MemoryUsage of job (MB)
	213184  -  ResidentSetSize of job (KB)
...
006 (31980884.255.000) 03/28 22:14:32 Image size of job updated: 208
	208  -  MemoryUsage of job (MB)
	213252  -  ResidentSetSize of job (KB)
...
005 (31980884.255.000) 03/28 22:15:36 Job terminated.
	(1) Normal termination (return value 0)
		Usr 0 00:10:25, Sys 0 00:00:34  -  Run Remote Usage
		Usr 0 00:00:00, Sys 0 00:00:00  -  Run Local Usage
		Usr 0 00:10:25, Sys 0 00:00:34  -  Total Remote Usage
		Usr 0 00:00:00, Sys 0 00:00:00  -  Total Local Usage
	178537  -  Run Bytes Sent By Job
	2250925  -  Run Bytes Received By Job
	178537  -  Total Bytes Sent By Job
	2250925  -  Total Bytes Received By Job
	Partitionable Resources :    Usage  Request Allocated 
	   Cpus                 :     0.00        1         1 
	   Disk (KB)            :  5309        2250    738996 
	   Memory (MB)          :   208        2000      2000 
...
