000 (31980884.022.000) 03/28 21:58:24 Job submitted from host: <131.225.188.57:9618?addrs=131.225.188.57-9618&noUDP&sock=18092_2f86_3>
...
001 (31980884.022.000) 03/28 21:59:34 Job executing on host: <131.225.191.153:9618?addrs=131.225.191.153-9618&noUDP&sock=1154_2061_3>
...
006 (31980884.022.000) 03/28 21:59:43 Image size of job updated: 18
	18  -  MemoryUsage of job (MB)
	19216  -  ResidentSetSize of job (KB)
...
006 (31980884.022.000) 03/28 22:00:44 Image size of job updated: 73
	73  -  MemoryUsage of job (MB)
	74780  -  ResidentSetSize of job (KB)
...
006 (31980884.022.000) 03/28 22:01:44 Image size of job updated: 166
	166  -  MemoryUsage of job (MB)
	170428  -  ResidentSetSize of job (KB)
...
006 (31980884.022.000) 03/28 22:02:44 Image size of job updated: 192
	192  -  MemoryUsage of job (MB)
	197248  -  ResidentSetSize of job (KB)
...
006 (31980884.022.000) 03/28 22:03:07 Image size of job updated: 205
	205  -  MemoryUsage of job (MB)
	210228  -  ResidentSetSize of job (KB)
...
005 (31980884.022.000) 03/28 22:03:07 Job terminated.
	(1) Normal termination (return value 0)
		Usr 0 00:02:07, Sys 0 00:00:11  -  Run Remote Usage
		Usr 0 00:00:00, Sys 0 00:00:00  -  Run Local Usage
		Usr 0 00:02:07, Sys 0 00:00:11  -  Total Remote Usage
		Usr 0 00:00:00, Sys 0 00:00:00  -  Total Local Usage
	167924  -  Run Bytes Sent By Job
	2250925  -  Run Bytes Received By Job
	167924  -  Total Bytes Sent By Job
	2250925  -  Total Bytes Received By Job
	Partitionable Resources :    Usage  Request Allocated 
	   Cpus                 :     0.00        1         1 
	   Disk (KB)            :  5299        2250    327675 
	   Memory (MB)          :   205        2000      2000 
...
