000 (31980884.316.000) 03/28 21:58:25 Job submitted from host: <131.225.188.57:9618?addrs=131.225.188.57-9618&noUDP&sock=18092_2f86_3>
...
001 (31980884.316.000) 03/28 22:00:32 Job executing on host: <131.225.205.175:9618?addrs=131.225.205.175-9618&noUDP&sock=1464_c2bd_3>
...
006 (31980884.316.000) 03/28 22:00:42 Image size of job updated: 28
	28  -  MemoryUsage of job (MB)
	29092  -  ResidentSetSize of job (KB)
...
006 (31980884.316.000) 03/28 22:01:42 Image size of job updated: 165
	165  -  MemoryUsage of job (MB)
	169184  -  ResidentSetSize of job (KB)
...
006 (31980884.316.000) 03/28 22:02:42 Image size of job updated: 167
	167  -  MemoryUsage of job (MB)
	171768  -  ResidentSetSize of job (KB)
...
006 (31980884.316.000) 03/28 22:03:42 Image size of job updated: 192
	192  -  MemoryUsage of job (MB)
	197404  -  ResidentSetSize of job (KB)
...
006 (31980884.316.000) 03/28 22:04:02 Image size of job updated: 205
	205  -  MemoryUsage of job (MB)
	210532  -  ResidentSetSize of job (KB)
...
005 (31980884.316.000) 03/28 22:04:03 Job terminated.
	(1) Normal termination (return value 0)
		Usr 0 00:02:49, Sys 0 00:00:09  -  Run Remote Usage
		Usr 0 00:00:00, Sys 0 00:00:00  -  Run Local Usage
		Usr 0 00:02:49, Sys 0 00:00:09  -  Total Remote Usage
		Usr 0 00:00:00, Sys 0 00:00:00  -  Total Local Usage
	167852  -  Run Bytes Sent By Job
	2250925  -  Run Bytes Received By Job
	167852  -  Total Bytes Sent By Job
	2250925  -  Total Bytes Received By Job
	Partitionable Resources :    Usage  Request Allocated 
	   Cpus                 :     0.00        1         1 
	   Disk (KB)            :  5299        2250   1649701 
	   Memory (MB)          :   205        2000      2000 
...
