000 (31980884.344.000) 03/28 21:58:25 Job submitted from host: <131.225.188.57:9618?addrs=131.225.188.57-9618&noUDP&sock=18092_2f86_3>
...
001 (31980884.344.000) 03/28 22:00:36 Job executing on host: <131.225.189.73:9618?addrs=131.225.189.73-9618&noUDP&sock=1447_19a1_3>
...
006 (31980884.344.000) 03/28 22:01:48 Image size of job updated: 78
	78  -  MemoryUsage of job (MB)
	80552  -  ResidentSetSize of job (KB)
...
006 (31980884.344.000) 03/28 22:05:50 Image size of job updated: 159
	159  -  MemoryUsage of job (MB)
	163244  -  ResidentSetSize of job (KB)
...
006 (31980884.344.000) 03/28 22:06:51 Image size of job updated: 167
	167  -  MemoryUsage of job (MB)
	171972  -  ResidentSetSize of job (KB)
...
006 (31980884.344.000) 03/28 22:07:51 Image size of job updated: 193
	193  -  MemoryUsage of job (MB)
	198392  -  ResidentSetSize of job (KB)
...
006 (31980884.344.000) 03/28 22:08:09 Image size of job updated: 206
	206  -  MemoryUsage of job (MB)
	211148  -  ResidentSetSize of job (KB)
...
005 (31980884.344.000) 03/28 22:08:10 Job terminated.
	(1) Normal termination (return value 0)
		Usr 0 00:02:41, Sys 0 00:00:11  -  Run Remote Usage
		Usr 0 00:00:00, Sys 0 00:00:00  -  Run Local Usage
		Usr 0 00:02:41, Sys 0 00:00:11  -  Total Remote Usage
		Usr 0 00:00:00, Sys 0 00:00:00  -  Total Local Usage
	169250  -  Run Bytes Sent By Job
	2250925  -  Run Bytes Received By Job
	169250  -  Total Bytes Sent By Job
	2250925  -  Total Bytes Received By Job
	Partitionable Resources :    Usage  Request Allocated 
	   Cpus                 :     0.10        1         1 
	   Disk (KB)            :  5301        2250    788736 
	   Memory (MB)          :   206        2000      2000 
...
