000 (31980884.041.000) 03/28 21:58:24 Job submitted from host: <131.225.188.57:9618?addrs=131.225.188.57-9618&noUDP&sock=18092_2f86_3>
...
001 (31980884.041.000) 03/28 21:59:37 Job executing on host: <131.225.204.111:9618?addrs=131.225.204.111-9618&noUDP&sock=1151_1198_3>
...
006 (31980884.041.000) 03/28 21:59:46 Image size of job updated: 5
	3  -  MemoryUsage of job (MB)
	3724  -  ResidentSetSize of job (KB)
...
006 (31980884.041.000) 03/28 22:00:46 Image size of job updated: 27
	27  -  MemoryUsage of job (MB)
	27668  -  ResidentSetSize of job (KB)
...
006 (31980884.041.000) 03/28 22:01:46 Image size of job updated: 86
	86  -  MemoryUsage of job (MB)
	88340  -  ResidentSetSize of job (KB)
...
006 (31980884.041.000) 03/28 22:02:47 Image size of job updated: 165
	165  -  MemoryUsage of job (MB)
	169736  -  ResidentSetSize of job (KB)
...
006 (31980884.041.000) 03/28 22:03:48 Image size of job updated: 192
	192  -  MemoryUsage of job (MB)
	197468  -  ResidentSetSize of job (KB)
...
005 (31980884.041.000) 03/28 22:04:19 Job terminated.
	(1) Normal termination (return value 0)
		Usr 0 00:01:38, Sys 0 00:00:10  -  Run Remote Usage
		Usr 0 00:00:00, Sys 0 00:00:00  -  Run Local Usage
		Usr 0 00:01:38, Sys 0 00:00:10  -  Total Remote Usage
		Usr 0 00:00:00, Sys 0 00:00:00  -  Total Local Usage
	168402  -  Run Bytes Sent By Job
	2250925  -  Run Bytes Received By Job
	168402  -  Total Bytes Sent By Job
	2250925  -  Total Bytes Received By Job
	Partitionable Resources :    Usage  Request Allocated 
	   Cpus                 :     0.00        1         1 
	   Disk (KB)            :  5299        2250    324091 
	   Memory (MB)          :   192        2000      2000 
...
