000 (31980884.119.000) 03/28 21:58:24 Job submitted from host: <131.225.188.57:9618?addrs=131.225.188.57-9618&noUDP&sock=18092_2f86_3>
...
001 (31980884.119.000) 03/28 21:59:50 Job executing on host: <131.225.191.69:9618?addrs=131.225.191.69-9618&noUDP&sock=1448_c939_3>
...
006 (31980884.119.000) 03/28 21:59:59 Image size of job updated: 5
	3  -  MemoryUsage of job (MB)
	3456  -  ResidentSetSize of job (KB)
...
006 (31980884.119.000) 03/28 22:00:59 Image size of job updated: 28
	28  -  MemoryUsage of job (MB)
	28780  -  ResidentSetSize of job (KB)
...
006 (31980884.119.000) 03/28 22:01:59 Image size of job updated: 50
	50  -  MemoryUsage of job (MB)
	51956  -  ResidentSetSize of job (KB)
...
006 (31980884.119.000) 03/28 22:03:00 Image size of job updated: 172
	172  -  MemoryUsage of job (MB)
	176612  -  ResidentSetSize of job (KB)
...
006 (31980884.119.000) 03/28 22:04:01 Image size of job updated: 193
	193  -  MemoryUsage of job (MB)
	197800  -  ResidentSetSize of job (KB)
...
005 (31980884.119.000) 03/28 22:04:55 Job terminated.
	(1) Normal termination (return value 0)
		Usr 0 00:01:43, Sys 0 00:00:10  -  Run Remote Usage
		Usr 0 00:00:00, Sys 0 00:00:00  -  Run Local Usage
		Usr 0 00:01:43, Sys 0 00:00:10  -  Total Remote Usage
		Usr 0 00:00:00, Sys 0 00:00:00  -  Total Local Usage
	167802  -  Run Bytes Sent By Job
	2250925  -  Run Bytes Received By Job
	167802  -  Total Bytes Sent By Job
	2250925  -  Total Bytes Received By Job
	Partitionable Resources :    Usage  Request Allocated 
	   Cpus                 :        0        1         1 
	   Disk (KB)            :     5299     2250    774178 
	   Memory (MB)          :      193     2000      2000 
...
