000 (31980884.187.000) 03/28 21:58:24 Job submitted from host: <131.225.188.57:9618?addrs=131.225.188.57-9618&noUDP&sock=18092_2f86_3>
...
001 (31980884.187.000) 03/28 22:00:04 Job executing on host: <131.225.188.40:9618?addrs=131.225.188.40-9618&noUDP&sock=1921_3985_3>
...
006 (31980884.187.000) 03/28 22:01:13 Image size of job updated: 55
	55  -  MemoryUsage of job (MB)
	56668  -  ResidentSetSize of job (KB)
...
006 (31980884.187.000) 03/28 22:02:13 Image size of job updated: 167
	167  -  MemoryUsage of job (MB)
	171076  -  ResidentSetSize of job (KB)
...
006 (31980884.187.000) 03/28 22:03:13 Image size of job updated: 203
	203  -  MemoryUsage of job (MB)
	208376  -  ResidentSetSize of job (KB)
...
005 (31980884.187.000) 03/28 22:03:27 Job terminated.
	(1) Normal termination (return value 0)
		Usr 0 00:02:01, Sys 0 00:00:07  -  Run Remote Usage
		Usr 0 00:00:00, Sys 0 00:00:00  -  Run Local Usage
		Usr 0 00:02:01, Sys 0 00:00:07  -  Total Remote Usage
		Usr 0 00:00:00, Sys 0 00:00:00  -  Total Local Usage
	167543  -  Run Bytes Sent By Job
	2250925  -  Run Bytes Received By Job
	167543  -  Total Bytes Sent By Job
	2250925  -  Total Bytes Received By Job
	Partitionable Resources :    Usage  Request Allocated 
	   Cpus                 :        0        1         1 
	   Disk (KB)            :     5299     2250   1648389 
	   Memory (MB)          :      203     2000      2000 
...
