000 (31980884.009.000) 03/28 21:58:24 Job submitted from host: <131.225.188.57:9618?addrs=131.225.188.57-9618&noUDP&sock=18092_2f86_3>
...
001 (31980884.009.000) 03/28 21:59:28 Job executing on host: <131.225.206.17:9618?addrs=131.225.206.17-9618&noUDP&sock=1164_fc54_3>
...
006 (31980884.009.000) 03/28 21:59:37 Image size of job updated: 18
	18  -  MemoryUsage of job (MB)
	19216  -  ResidentSetSize of job (KB)
...
006 (31980884.009.000) 03/28 22:00:37 Image size of job updated: 31
	31  -  MemoryUsage of job (MB)
	32544  -  ResidentSetSize of job (KB)
...
006 (31980884.009.000) 03/28 22:01:38 Image size of job updated: 165
	165  -  MemoryUsage of job (MB)
	169248  -  ResidentSetSize of job (KB)
...
006 (31980884.009.000) 03/28 22:02:39 Image size of job updated: 168
	168  -  MemoryUsage of job (MB)
	172280  -  ResidentSetSize of job (KB)
...
006 (31980884.009.000) 03/28 22:03:38 Image size of job updated: 207
	207  -  MemoryUsage of job (MB)
	211968  -  ResidentSetSize of job (KB)
...
005 (31980884.009.000) 03/28 22:03:39 Job terminated.
	(1) Normal termination (return value 0)
		Usr 0 00:02:11, Sys 0 00:00:10  -  Run Remote Usage
		Usr 0 00:00:00, Sys 0 00:00:00  -  Run Local Usage
		Usr 0 00:02:11, Sys 0 00:00:10  -  Total Remote Usage
		Usr 0 00:00:00, Sys 0 00:00:00  -  Total Local Usage
	167783  -  Run Bytes Sent By Job
	2250925  -  Run Bytes Received By Job
	167783  -  Total Bytes Sent By Job
	2250925  -  Total Bytes Received By Job
	Partitionable Resources :    Usage  Request Allocated 
	   Cpus                 :        0        1         1 
	   Disk (KB)            :     5298     2250    316001 
	   Memory (MB)          :      207     2000      2000 
...
