000 (31980884.142.000) 03/28 21:58:24 Job submitted from host: <131.225.188.57:9618?addrs=131.225.188.57-9618&noUDP&sock=18092_2f86_3>
...
001 (31980884.142.000) 03/28 21:59:55 Job executing on host: <131.225.205.211:9618?addrs=131.225.205.211-9618&noUDP&sock=1485_2a3a_3>
...
006 (31980884.142.000) 03/28 22:00:04 Image size of job updated: 5
	5  -  MemoryUsage of job (MB)
	5684  -  ResidentSetSize of job (KB)
...
006 (31980884.142.000) 03/28 22:01:04 Image size of job updated: 43
	43  -  MemoryUsage of job (MB)
	44312  -  ResidentSetSize of job (KB)
...
006 (31980884.142.000) 03/28 22:02:04 Image size of job updated: 163
	163  -  MemoryUsage of job (MB)
	167812  -  ResidentSetSize of job (KB)
...
006 (31980884.142.000) 03/28 22:03:04 Image size of job updated: 167
	167  -  MemoryUsage of job (MB)
	171972  -  ResidentSetSize of job (KB)
...
006 (31980884.142.000) 03/28 22:04:05 Image size of job updated: 189
	189  -  MemoryUsage of job (MB)
	194328  -  ResidentSetSize of job (KB)
...
006 (31980884.142.000) 03/28 22:04:34 Image size of job updated: 202
	202  -  MemoryUsage of job (MB)
	207420  -  ResidentSetSize of job (KB)
...
005 (31980884.142.000) 03/28 22:04:35 Job terminated.
	(1) Normal termination (return value 0)
		Usr 0 00:02:47, Sys 0 00:00:09  -  Run Remote Usage
		Usr 0 00:00:00, Sys 0 00:00:00  -  Run Local Usage
		Usr 0 00:02:47, Sys 0 00:00:09  -  Total Remote Usage
		Usr 0 00:00:00, Sys 0 00:00:00  -  Total Local Usage
	167438  -  Run Bytes Sent By Job
	2250925  -  Run Bytes Received By Job
	167438  -  Total Bytes Sent By Job
	2250925  -  Total Bytes Received By Job
	Partitionable Resources :    Usage  Request Allocated 
	   Cpus                 :        0        1         1 
	   Disk (KB)            :     5299     2250   1684100 
	   Memory (MB)          :      202     2000      2000 
...
