000 (31980884.258.000) 03/28 21:58:24 Job submitted from host: <131.225.188.57:9618?addrs=131.225.188.57-9618&noUDP&sock=18092_2f86_3>
...
001 (31980884.258.000) 03/28 22:00:18 Job executing on host: <131.225.205.181:9618?addrs=131.225.205.181-9618&noUDP&sock=1451_d802_3>
...
006 (31980884.258.000) 03/28 22:00:27 Image size of job updated: 12
	12  -  MemoryUsage of job (MB)
	13052  -  ResidentSetSize of job (KB)
...
006 (31980884.258.000) 03/28 22:01:28 Image size of job updated: 38
	38  -  MemoryUsage of job (MB)
	39676  -  ResidentSetSize of job (KB)
...
006 (31980884.258.000) 03/28 22:02:28 Image size of job updated: 92
	92  -  MemoryUsage of job (MB)
	94936  -  ResidentSetSize of job (KB)
...
006 (31980884.258.000) 03/28 22:03:29 Image size of job updated: 168
	168  -  MemoryUsage of job (MB)
	172496  -  ResidentSetSize of job (KB)
...
006 (31980884.258.000) 03/28 22:04:30 Image size of job updated: 171
	171  -  MemoryUsage of job (MB)
	175664  -  ResidentSetSize of job (KB)
...
006 (31980884.258.000) 03/28 22:05:31 Image size of job updated: 174
	174  -  MemoryUsage of job (MB)
	178596  -  ResidentSetSize of job (KB)
...
006 (31980884.258.000) 03/28 22:06:31 Image size of job updated: 187
	187  -  MemoryUsage of job (MB)
	191904  -  ResidentSetSize of job (KB)
...
006 (31980884.258.000) 03/28 22:07:31 Image size of job updated: 187
	187  -  MemoryUsage of job (MB)
	192060  -  ResidentSetSize of job (KB)
...
006 (31980884.258.000) 03/28 22:08:32 Image size of job updated: 187
	187  -  MemoryUsage of job (MB)
	192160  -  ResidentSetSize of job (KB)
...
006 (31980884.258.000) 03/28 22:09:33 Image size of job updated: 187
	187  -  MemoryUsage of job (MB)
	192300  -  ResidentSetSize of job (KB)
...
006 (31980884.258.000) 03/28 22:10:34 Image size of job updated: 187
	187  -  MemoryUsage of job (MB)
	192468  -  ResidentSetSize of job (KB)
...
006 (31980884.258.000) 03/28 22:11:34 Image size of job updated: 208
	208  -  MemoryUsage of job (MB)
	213000  -  ResidentSetSize of job (KB)
...
006 (31980884.258.000) 03/28 22:12:34 Image size of job updated: 208
	208  -  MemoryUsage of job (MB)
	213228  -  ResidentSetSize of job (KB)
...
006 (31980884.258.000) 03/28 22:13:34 Image size of job updated: 208
	208  -  MemoryUsage of job (MB)
	213436  -  ResidentSetSize of job (KB)
...
006 (31980884.258.000) 03/28 22:14:34 Image size of job updated: 208
	208  -  MemoryUsage of job (MB)
	213448  -  ResidentSetSize of job (KB)
...
006 (31980884.258.000) 03/28 22:15:35 Image size of job updated: 210
	210  -  MemoryUsage of job (MB)
	215712  -  ResidentSetSize of job (KB)
...
006 (31980884.258.000) 03/28 22:16:36 Image size of job updated: 210
	210  -  MemoryUsage of job (MB)
	215740  -  ResidentSetSize of job (KB)
...
005 (31980884.258.000) 03/28 22:17:52 Job terminated.
	(1) Normal termination (return value 0)
		Usr 0 00:11:40, Sys 0 00:00:30  -  Run Remote Usage
		Usr 0 00:00:00, Sys 0 00:00:00  -  Run Local Usage
		Usr 0 00:11:40, Sys 0 00:00:30  -  Total Remote Usage
		Usr 0 00:00:00, Sys 0 00:00:00  -  Total Local Usage
	174565  -  Run Bytes Sent By Job
	2250925  -  Run Bytes Received By Job
	174565  -  Total Bytes Sent By Job
	2250925  -  Total Bytes Received By Job
	Partitionable Resources :    Usage  Request Allocated 
	   Cpus                 :     0.00        1         1 
	   Disk (KB)            :  5305        2250   1652860 
	   Memory (MB)          :   210        2000      2000 
...
