000 (31980884.148.000) 03/28 21:58:24 Job submitted from host: <131.225.188.57:9618?addrs=131.225.188.57-9618&noUDP&sock=18092_2f86_3>
...
001 (31980884.148.000) 03/28 21:59:57 Job executing on host: <131.225.191.75:9618?addrs=131.225.191.75-9618&noUDP&sock=1443_5b40_3>
...
006 (31980884.148.000) 03/28 22:01:05 Image size of job updated: 27
	27  -  MemoryUsage of job (MB)
	27872  -  ResidentSetSize of job (KB)
...
006 (31980884.148.000) 03/28 22:02:05 Image size of job updated: 30
	30  -  MemoryUsage of job (MB)
	31696  -  ResidentSetSize of job (KB)
...
006 (31980884.148.000) 03/28 22:03:06 Image size of job updated: 66
	66  -  MemoryUsage of job (MB)
	68008  -  ResidentSetSize of job (KB)
...
006 (31980884.148.000) 03/28 22:04:06 Image size of job updated: 165
	165  -  MemoryUsage of job (MB)
	169648  -  ResidentSetSize of job (KB)
...
006 (31980884.148.000) 03/28 22:05:06 Image size of job updated: 189
	189  -  MemoryUsage of job (MB)
	193880  -  ResidentSetSize of job (KB)
...
006 (31980884.148.000) 03/28 22:05:59 Image size of job updated: 203
	203  -  MemoryUsage of job (MB)
	208360  -  ResidentSetSize of job (KB)
...
005 (31980884.148.000) 03/28 22:06:00 Job terminated.
	(1) Normal termination (return value 0)
		Usr 0 00:02:43, Sys 0 00:00:11  -  Run Remote Usage
		Usr 0 00:00:00, Sys 0 00:00:00  -  Run Local Usage
		Usr 0 00:02:43, Sys 0 00:00:11  -  Total Remote Usage
		Usr 0 00:00:00, Sys 0 00:00:00  -  Total Local Usage
	167549  -  Run Bytes Sent By Job
	2250925  -  Run Bytes Received By Job
	167549  -  Total Bytes Sent By Job
	2250925  -  Total Bytes Received By Job
	Partitionable Resources :    Usage  Request Allocated 
	   Cpus                 :        0        1         1 
	   Disk (KB)            :     5299     2250    793354 
	   Memory (MB)          :      203     2000      2000 
...
