000 (31980884.313.000) 03/28 21:58:25 Job submitted from host: <131.225.188.57:9618?addrs=131.225.188.57-9618&noUDP&sock=18092_2f86_3>
...
001 (31980884.313.000) 03/28 22:00:32 Job executing on host: <131.225.205.156:9618?addrs=131.225.205.156-9618&noUDP&sock=1455_9663_3>
...
006 (31980884.313.000) 03/28 22:00:41 Image size of job updated: 14
	14  -  MemoryUsage of job (MB)
	15260  -  ResidentSetSize of job (KB)
...
006 (31980884.313.000) 03/28 22:01:41 Image size of job updated: 86
	86  -  MemoryUsage of job (MB)
	88352  -  ResidentSetSize of job (KB)
...
006 (31980884.313.000) 03/28 22:02:41 Image size of job updated: 167
	167  -  MemoryUsage of job (MB)
	171512  -  ResidentSetSize of job (KB)
...
006 (31980884.313.000) 03/28 22:03:42 Image size of job updated: 191
	191  -  MemoryUsage of job (MB)
	196200  -  ResidentSetSize of job (KB)
...
006 (31980884.313.000) 03/28 22:04:21 Image size of job updated: 204
	204  -  MemoryUsage of job (MB)
	209164  -  ResidentSetSize of job (KB)
...
005 (31980884.313.000) 03/28 22:04:22 Job terminated.
	(1) Normal termination (return value 0)
		Usr 0 00:02:56, Sys 0 00:00:09  -  Run Remote Usage
		Usr 0 00:00:00, Sys 0 00:00:00  -  Run Local Usage
		Usr 0 00:02:56, Sys 0 00:00:09  -  Total Remote Usage
		Usr 0 00:00:00, Sys 0 00:00:00  -  Total Local Usage
	168225  -  Run Bytes Sent By Job
	2250925  -  Run Bytes Received By Job
	168225  -  Total Bytes Sent By Job
	2250925  -  Total Bytes Received By Job
	Partitionable Resources :    Usage  Request Allocated 
	   Cpus                 :     0.11        1         1 
	   Disk (KB)            :  5299        2250   1635719 
	   Memory (MB)          :   204        2000      2000 
...
