000 (31980884.281.000) 03/28 21:58:24 Job submitted from host: <131.225.188.57:9618?addrs=131.225.188.57-9618&noUDP&sock=18092_2f86_3>
...
001 (31980884.281.000) 03/28 22:00:23 Job executing on host: <131.225.188.50:9618?addrs=131.225.188.50-9618&noUDP&sock=1936_8371_3>
...
006 (31980884.281.000) 03/28 22:00:32 Image size of job updated: 15
	15  -  MemoryUsage of job (MB)
	16280  -  ResidentSetSize of job (KB)
...
006 (31980884.281.000) 03/28 22:01:33 Image size of job updated: 48
	48  -  MemoryUsage of job (MB)
	49748  -  ResidentSetSize of job (KB)
...
006 (31980884.281.000) 03/28 22:02:33 Image size of job updated: 166
	166  -  MemoryUsage of job (MB)
	170156  -  ResidentSetSize of job (KB)
...
006 (31980884.281.000) 03/28 22:03:33 Image size of job updated: 193
	193  -  MemoryUsage of job (MB)
	197968  -  ResidentSetSize of job (KB)
...
006 (31980884.281.000) 03/28 22:03:51 Image size of job updated: 206
	206  -  MemoryUsage of job (MB)
	211136  -  ResidentSetSize of job (KB)
...
005 (31980884.281.000) 03/28 22:03:51 Job terminated.
	(1) Normal termination (return value 0)
		Usr 0 00:02:12, Sys 0 00:00:07  -  Run Remote Usage
		Usr 0 00:00:00, Sys 0 00:00:00  -  Run Local Usage
		Usr 0 00:02:12, Sys 0 00:00:07  -  Total Remote Usage
		Usr 0 00:00:00, Sys 0 00:00:00  -  Total Local Usage
	167297  -  Run Bytes Sent By Job
	2250925  -  Run Bytes Received By Job
	167297  -  Total Bytes Sent By Job
	2250925  -  Total Bytes Received By Job
	Partitionable Resources :    Usage  Request Allocated 
	   Cpus                 :        0        1         1 
	   Disk (KB)            :     5298     2250   1642609 
	   Memory (MB)          :      206     2000      2000 
...
