000 (31980884.370.000) 03/28 21:58:25 Job submitted from host: <131.225.188.57:9618?addrs=131.225.188.57-9618&noUDP&sock=18092_2f86_3>
...
001 (31980884.370.000) 03/28 22:00:41 Job executing on host: <131.225.188.46:9618?addrs=131.225.188.46-9618&noUDP&sock=1933_74a8_3>
...
006 (31980884.370.000) 03/28 22:01:51 Image size of job updated: 148
	148  -  MemoryUsage of job (MB)
	152124  -  ResidentSetSize of job (KB)
...
006 (31980884.370.000) 03/28 22:03:51 Image size of job updated: 171
	171  -  MemoryUsage of job (MB)
	175352  -  ResidentSetSize of job (KB)
...
006 (31980884.370.000) 03/28 22:04:52 Image size of job updated: 173
	173  -  MemoryUsage of job (MB)
	177916  -  ResidentSetSize of job (KB)
...
006 (31980884.370.000) 03/28 22:05:53 Image size of job updated: 187
	187  -  MemoryUsage of job (MB)
	192112  -  ResidentSetSize of job (KB)
...
006 (31980884.370.000) 03/28 22:06:53 Image size of job updated: 187
	187  -  MemoryUsage of job (MB)
	192368  -  ResidentSetSize of job (KB)
...
006 (31980884.370.000) 03/28 22:07:53 Image size of job updated: 188
	188  -  MemoryUsage of job (MB)
	192612  -  ResidentSetSize of job (KB)
...
006 (31980884.370.000) 03/28 22:08:53 Image size of job updated: 210
	210  -  MemoryUsage of job (MB)
	215772  -  ResidentSetSize of job (KB)
...
006 (31980884.370.000) 03/28 22:09:54 Image size of job updated: 211
	211  -  MemoryUsage of job (MB)
	216128  -  ResidentSetSize of job (KB)
...
006 (31980884.370.000) 03/28 22:10:55 Image size of job updated: 211
	211  -  MemoryUsage of job (MB)
	216660  -  ResidentSetSize of job (KB)
...
006 (31980884.370.000) 03/28 22:11:56 Image size of job updated: 213
	213  -  MemoryUsage of job (MB)
	218440  -  ResidentSetSize of job (KB)
...
006 (31980884.370.000) 03/28 22:12:56 Image size of job updated: 213
	213  -  MemoryUsage of job (MB)
	218472  -  ResidentSetSize of job (KB)
...
005 (31980884.370.000) 03/28 22:13:19 Job terminated.
	(1) Normal termination (return value 0)
		Usr 0 00:08:40, Sys 0 00:00:26  -  Run Remote Usage
		Usr 0 00:00:00, Sys 0 00:00:00  -  Run Local Usage
		Usr 0 00:08:40, Sys 0 00:00:26  -  Total Remote Usage
		Usr 0 00:00:00, Sys 0 00:00:00  -  Total Local Usage
	177417  -  Run Bytes Sent By Job
	2250925  -  Run Bytes Received By Job
	177417  -  Total Bytes Sent By Job
	2250925  -  Total Bytes Received By Job
	Partitionable Resources :    Usage  Request Allocated 
	   Cpus                 :     0.00        1         1 
	   Disk (KB)            :  5308        2250   1650168 
	   Memory (MB)          :   213        2000      2000 
...
