000 (31980884.024.000) 03/28 21:58:24 Job submitted from host: <131.225.188.57:9618?addrs=131.225.188.57-9618&noUDP&sock=18092_2f86_3>
...
001 (31980884.024.000) 03/28 21:59:31 Job executing on host: <131.225.191.157:9618?addrs=131.225.191.157-9618&noUDP&sock=1159_8e5a_3>
...
006 (31980884.024.000) 03/28 21:59:40 Image size of job updated: 14
	14  -  MemoryUsage of job (MB)
	15324  -  ResidentSetSize of job (KB)
...
006 (31980884.024.000) 03/28 22:01:41 Image size of job updated: 86
	86  -  MemoryUsage of job (MB)
	88376  -  ResidentSetSize of job (KB)
...
006 (31980884.024.000) 03/28 22:02:41 Image size of job updated: 167
	167  -  MemoryUsage of job (MB)
	171068  -  ResidentSetSize of job (KB)
...
006 (31980884.024.000) 03/28 22:03:41 Image size of job updated: 191
	191  -  MemoryUsage of job (MB)
	196312  -  ResidentSetSize of job (KB)
...
006 (31980884.024.000) 03/28 22:03:55 Image size of job updated: 204
	204  -  MemoryUsage of job (MB)
	209492  -  ResidentSetSize of job (KB)
...
005 (31980884.024.000) 03/28 22:03:56 Job terminated.
	(1) Normal termination (return value 0)
		Usr 0 00:02:13, Sys 0 00:00:10  -  Run Remote Usage
		Usr 0 00:00:00, Sys 0 00:00:00  -  Run Local Usage
		Usr 0 00:02:13, Sys 0 00:00:10  -  Total Remote Usage
		Usr 0 00:00:00, Sys 0 00:00:00  -  Total Local Usage
	168482  -  Run Bytes Sent By Job
	2250925  -  Run Bytes Received By Job
	168482  -  Total Bytes Sent By Job
	2250925  -  Total Bytes Received By Job
	Partitionable Resources :    Usage  Request Allocated 
	   Cpus                 :     0.00        1         1 
	   Disk (KB)            :  5299        2250    314804 
	   Memory (MB)          :   204        2000      2000 
...
