000 (31980884.325.000) 03/28 21:58:25 Job submitted from host: <131.225.188.57:9618?addrs=131.225.188.57-9618&noUDP&sock=18092_2f86_3>
...
001 (31980884.325.000) 03/28 22:00:32 Job executing on host: <131.225.205.201:9618?addrs=131.225.205.201-9618&noUDP&sock=1478_5d11_3>
...
006 (31980884.325.000) 03/28 22:01:42 Image size of job updated: 78
	78  -  MemoryUsage of job (MB)
	80668  -  ResidentSetSize of job (KB)
...
006 (31980884.325.000) 03/28 22:02:43 Image size of job updated: 166
	166  -  MemoryUsage of job (MB)
	170272  -  ResidentSetSize of job (KB)
...
006 (31980884.325.000) 03/28 22:03:44 Image size of job updated: 190
	190  -  MemoryUsage of job (MB)
	195080  -  ResidentSetSize of job (KB)
...
006 (31980884.325.000) 03/28 22:04:32 Image size of job updated: 203
	203  -  MemoryUsage of job (MB)
	208724  -  ResidentSetSize of job (KB)
...
005 (31980884.325.000) 03/28 22:04:33 Job terminated.
	(1) Normal termination (return value 0)
		Usr 0 00:02:52, Sys 0 00:00:10  -  Run Remote Usage
		Usr 0 00:00:00, Sys 0 00:00:00  -  Run Local Usage
		Usr 0 00:02:52, Sys 0 00:00:10  -  Total Remote Usage
		Usr 0 00:00:00, Sys 0 00:00:00  -  Total Local Usage
	167256  -  Run Bytes Sent By Job
	2250925  -  Run Bytes Received By Job
	167256  -  Total Bytes Sent By Job
	2250925  -  Total Bytes Received By Job
	Partitionable Resources :    Usage  Request Allocated 
	   Cpus                 :     0.00        1         1 
	   Disk (KB)            :  5298        2250   1638031 
	   Memory (MB)          :   203        2000      2000 
...
