000 (31980884.117.000) 03/28 21:58:24 Job submitted from host: <131.225.188.57:9618?addrs=131.225.188.57-9618&noUDP&sock=18092_2f86_3>
...
001 (31980884.117.000) 03/28 21:59:50 Job executing on host: <131.225.190.44:9618?addrs=131.225.190.44-9618&noUDP&sock=1431_201d_3>
...
006 (31980884.117.000) 03/28 21:59:59 Image size of job updated: 13
	13  -  MemoryUsage of job (MB)
	14056  -  ResidentSetSize of job (KB)
...
006 (31980884.117.000) 03/28 22:00:59 Image size of job updated: 26
	26  -  MemoryUsage of job (MB)
	27520  -  ResidentSetSize of job (KB)
...
006 (31980884.117.000) 03/28 22:01:59 Image size of job updated: 27
	27  -  MemoryUsage of job (MB)
	28096  -  ResidentSetSize of job (KB)
...
006 (31980884.117.000) 03/28 22:03:00 Image size of job updated: 163
	163  -  MemoryUsage of job (MB)
	167752  -  ResidentSetSize of job (KB)
...
006 (31980884.117.000) 03/28 22:04:00 Image size of job updated: 168
	168  -  MemoryUsage of job (MB)
	172424  -  ResidentSetSize of job (KB)
...
006 (31980884.117.000) 03/28 22:05:00 Image size of job updated: 204
	204  -  MemoryUsage of job (MB)
	209808  -  ResidentSetSize of job (KB)
...
005 (31980884.117.000) 03/28 22:05:14 Job terminated.
	(1) Normal termination (return value 0)
		Usr 0 00:02:21, Sys 0 00:00:10  -  Run Remote Usage
		Usr 0 00:00:00, Sys 0 00:00:00  -  Run Local Usage
		Usr 0 00:02:21, Sys 0 00:00:10  -  Total Remote Usage
		Usr 0 00:00:00, Sys 0 00:00:00  -  Total Local Usage
	167874  -  Run Bytes Sent By Job
	2250925  -  Run Bytes Received By Job
	167874  -  Total Bytes Sent By Job
	2250925  -  Total Bytes Received By Job
	Partitionable Resources :    Usage  Request Allocated 
	   Cpus                 :     0.01        1         1 
	   Disk (KB)            :  5299        2250    772815 
	   Memory (MB)          :   204        2000      2000 
...
