000 (31980884.101.000) 03/28 21:58:24 Job submitted from host: <131.225.188.57:9618?addrs=131.225.188.57-9618&noUDP&sock=18092_2f86_3>
...
001 (31980884.101.000) 03/28 21:59:47 Job executing on host: <131.225.190.41:9618?addrs=131.225.190.41-9618&noUDP&sock=1431_201d_3>
...
006 (31980884.101.000) 03/28 21:59:56 Image size of job updated: 11
	11  -  MemoryUsage of job (MB)
	11688  -  ResidentSetSize of job (KB)
...
006 (31980884.101.000) 03/28 22:00:58 Image size of job updated: 20
	20  -  MemoryUsage of job (MB)
	21240  -  ResidentSetSize of job (KB)
...
006 (31980884.101.000) 03/28 22:01:58 Image size of job updated: 27
	27  -  MemoryUsage of job (MB)
	27808  -  ResidentSetSize of job (KB)
...
006 (31980884.101.000) 03/28 22:02:59 Image size of job updated: 28
	28  -  MemoryUsage of job (MB)
	29148  -  ResidentSetSize of job (KB)
...
006 (31980884.101.000) 03/28 22:04:00 Image size of job updated: 43
	43  -  MemoryUsage of job (MB)
	44312  -  ResidentSetSize of job (KB)
...
006 (31980884.101.000) 03/28 22:05:01 Image size of job updated: 164
	164  -  MemoryUsage of job (MB)
	168788  -  ResidentSetSize of job (KB)
...
006 (31980884.101.000) 03/28 22:06:01 Image size of job updated: 168
	168  -  MemoryUsage of job (MB)
	172744  -  ResidentSetSize of job (KB)
...
006 (31980884.101.000) 03/28 22:07:01 Image size of job updated: 190
	190  -  MemoryUsage of job (MB)
	194776  -  ResidentSetSize of job (KB)
...
005 (31980884.101.000) 03/28 22:07:27 Job terminated.
	(1) Normal termination (return value 0)
		Usr 0 00:02:51, Sys 0 00:00:13  -  Run Remote Usage
		Usr 0 00:00:00, Sys 0 00:00:00  -  Run Local Usage
		Usr 0 00:02:51, Sys 0 00:00:13  -  Total Remote Usage
		Usr 0 00:00:00, Sys 0 00:00:00  -  Total Local Usage
	168583  -  Run Bytes Sent By Job
	2250925  -  Run Bytes Received By Job
	168583  -  Total Bytes Sent By Job
	2250925  -  Total Bytes Received By Job
	Partitionable Resources :    Usage  Request Allocated 
	   Cpus                 :        0        1         1 
	   Disk (KB)            :     5300     2250    779481 
	   Memory (MB)          :        4     2000      2000 
...
