000 (31980884.118.000) 03/28 21:58:24 Job submitted from host: <131.225.188.57:9618?addrs=131.225.188.57-9618&noUDP&sock=18092_2f86_3>
...
001 (31980884.118.000) 03/28 21:59:50 Job executing on host: <131.225.205.196:9618?addrs=131.225.205.196-9618&noUDP&sock=1459_54c4_3>
...
006 (31980884.118.000) 03/28 22:00:01 Image size of job updated: 5
	3  -  MemoryUsage of job (MB)
	3832  -  ResidentSetSize of job (KB)
...
006 (31980884.118.000) 03/28 22:01:00 Image size of job updated: 86
	86  -  MemoryUsage of job (MB)
	88332  -  ResidentSetSize of job (KB)
...
006 (31980884.118.000) 03/28 22:02:00 Image size of job updated: 165
	165  -  MemoryUsage of job (MB)
	169956  -  ResidentSetSize of job (KB)
...
006 (31980884.118.000) 03/28 22:03:00 Image size of job updated: 189
	189  -  MemoryUsage of job (MB)
	193844  -  ResidentSetSize of job (KB)
...
006 (31980884.118.000) 03/28 22:03:57 Image size of job updated: 203
	203  -  MemoryUsage of job (MB)
	208248  -  ResidentSetSize of job (KB)
...
005 (31980884.118.000) 03/28 22:03:58 Job terminated.
	(1) Normal termination (return value 0)
		Usr 0 00:02:56, Sys 0 00:00:10  -  Run Remote Usage
		Usr 0 00:00:00, Sys 0 00:00:00  -  Run Local Usage
		Usr 0 00:02:56, Sys 0 00:00:10  -  Total Remote Usage
		Usr 0 00:00:00, Sys 0 00:00:00  -  Total Local Usage
	168189  -  Run Bytes Sent By Job
	2250925  -  Run Bytes Received By Job
	168189  -  Total Bytes Sent By Job
	2250925  -  Total Bytes Received By Job
	Partitionable Resources :    Usage  Request Allocated 
	   Cpus                 :     0.01        1         1 
	   Disk (KB)            :  5300        2250   1684648 
	   Memory (MB)          :   203        2000      2000 
...
