000 (31980884.134.000) 03/28 21:58:24 Job submitted from host: <131.225.188.57:9618?addrs=131.225.188.57-9618&noUDP&sock=18092_2f86_3>
...
001 (31980884.134.000) 03/28 21:59:53 Job executing on host: <131.225.205.156:9618?addrs=131.225.205.156-9618&noUDP&sock=1455_9663_3>
...
006 (31980884.134.000) 03/28 22:00:02 Image size of job updated: 5
	3  -  MemoryUsage of job (MB)
	3368  -  ResidentSetSize of job (KB)
...
006 (31980884.134.000) 03/28 22:01:03 Image size of job updated: 41
	41  -  MemoryUsage of job (MB)
	42604  -  ResidentSetSize of job (KB)
...
006 (31980884.134.000) 03/28 22:02:03 Image size of job updated: 164
	164  -  MemoryUsage of job (MB)
	168360  -  ResidentSetSize of job (KB)
...
006 (31980884.134.000) 03/28 22:03:04 Image size of job updated: 168
	168  -  MemoryUsage of job (MB)
	172252  -  ResidentSetSize of job (KB)
...
006 (31980884.134.000) 03/28 22:04:04 Image size of job updated: 205
	205  -  MemoryUsage of job (MB)
	210188  -  ResidentSetSize of job (KB)
...
006 (31980884.134.000) 03/28 22:04:20 Image size of job updated: 205
	205  -  MemoryUsage of job (MB)
	210260  -  ResidentSetSize of job (KB)
...
005 (31980884.134.000) 03/28 22:04:22 Job terminated.
	(1) Normal termination (return value 0)
		Usr 0 00:02:58, Sys 0 00:00:09  -  Run Remote Usage
		Usr 0 00:00:00, Sys 0 00:00:00  -  Run Local Usage
		Usr 0 00:02:58, Sys 0 00:00:09  -  Total Remote Usage
		Usr 0 00:00:00, Sys 0 00:00:00  -  Total Local Usage
	167633  -  Run Bytes Sent By Job
	2250925  -  Run Bytes Received By Job
	167633  -  Total Bytes Sent By Job
	2250925  -  Total Bytes Received By Job
	Partitionable Resources :    Usage  Request Allocated 
	   Cpus                 :        0        1         1 
	   Disk (KB)            :     5299     2250   1635719 
	   Memory (MB)          :      205     2000      2000 
...
