000 (31980884.218.000) 03/28 21:58:24 Job submitted from host: <131.225.188.57:9618?addrs=131.225.188.57-9618&noUDP&sock=18092_2f86_3>
...
001 (31980884.218.000) 03/28 22:00:10 Job executing on host: <131.225.188.25:9618?addrs=131.225.188.25-9618&noUDP&sock=1934_2440_3>
...
006 (31980884.218.000) 03/28 22:00:19 Image size of job updated: 14
	14  -  MemoryUsage of job (MB)
	15320  -  ResidentSetSize of job (KB)
...
006 (31980884.218.000) 03/28 22:01:19 Image size of job updated: 43
	43  -  MemoryUsage of job (MB)
	44652  -  ResidentSetSize of job (KB)
...
006 (31980884.218.000) 03/28 22:02:20 Image size of job updated: 164
	164  -  MemoryUsage of job (MB)
	168496  -  ResidentSetSize of job (KB)
...
006 (31980884.218.000) 03/28 22:03:21 Image size of job updated: 189
	189  -  MemoryUsage of job (MB)
	193960  -  ResidentSetSize of job (KB)
...
005 (31980884.218.000) 03/28 22:04:13 Job terminated.
	(1) Normal termination (return value 0)
		Usr 0 00:01:20, Sys 0 00:00:08  -  Run Remote Usage
		Usr 0 00:00:00, Sys 0 00:00:00  -  Run Local Usage
		Usr 0 00:01:20, Sys 0 00:00:08  -  Total Remote Usage
		Usr 0 00:00:00, Sys 0 00:00:00  -  Total Local Usage
	167744  -  Run Bytes Sent By Job
	2250925  -  Run Bytes Received By Job
	167744  -  Total Bytes Sent By Job
	2250925  -  Total Bytes Received By Job
	Partitionable Resources :    Usage  Request Allocated 
	   Cpus                 :     0.00        1         1 
	   Disk (KB)            :  5299        2250   1654751 
	   Memory (MB)          :   189        2000      2000 
...
