000 (31980884.149.000) 03/28 21:58:24 Job submitted from host: <131.225.188.57:9618?addrs=131.225.188.57-9618&noUDP&sock=18092_2f86_3>
...
001 (31980884.149.000) 03/28 21:59:56 Job executing on host: <131.225.190.41:9618?addrs=131.225.190.41-9618&noUDP&sock=1431_201d_3>
...
006 (31980884.149.000) 03/28 22:01:07 Image size of job updated: 132
	132  -  MemoryUsage of job (MB)
	135748  -  ResidentSetSize of job (KB)
...
006 (31980884.149.000) 03/28 22:05:10 Image size of job updated: 164
	164  -  MemoryUsage of job (MB)
	168780  -  ResidentSetSize of job (KB)
...
006 (31980884.149.000) 03/28 22:06:10 Image size of job updated: 168
	168  -  MemoryUsage of job (MB)
	172756  -  ResidentSetSize of job (KB)
...
006 (31980884.149.000) 03/28 22:07:10 Image size of job updated: 206
	206  -  MemoryUsage of job (MB)
	211140  -  ResidentSetSize of job (KB)
...
005 (31980884.149.000) 03/28 22:07:20 Job terminated.
	(1) Normal termination (return value 0)
		Usr 0 00:02:30, Sys 0 00:00:12  -  Run Remote Usage
		Usr 0 00:00:00, Sys 0 00:00:00  -  Run Local Usage
		Usr 0 00:02:30, Sys 0 00:00:12  -  Total Remote Usage
		Usr 0 00:00:00, Sys 0 00:00:00  -  Total Local Usage
	169950  -  Run Bytes Sent By Job
	2250925  -  Run Bytes Received By Job
	169950  -  Total Bytes Sent By Job
	2250925  -  Total Bytes Received By Job
	Partitionable Resources :    Usage  Request Allocated 
	   Cpus                 :     0.01        1         1 
	   Disk (KB)            :  5302        2250    779481 
	   Memory (MB)          :   206        2000      2000 
...
