000 (31980884.060.000) 03/28 21:58:24 Job submitted from host: <131.225.188.57:9618?addrs=131.225.188.57-9618&noUDP&sock=18092_2f86_3>
...
001 (31980884.060.000) 03/28 21:59:39 Job executing on host: <131.225.190.19:9618?addrs=131.225.190.19-9618&noUDP&sock=1450_286a_3>
...
006 (31980884.060.000) 03/28 21:59:48 Image size of job updated: 14
	14  -  MemoryUsage of job (MB)
	15080  -  ResidentSetSize of job (KB)
...
006 (31980884.060.000) 03/28 22:00:51 Image size of job updated: 132
	132  -  MemoryUsage of job (MB)
	135744  -  ResidentSetSize of job (KB)
...
006 (31980884.060.000) 03/28 22:16:56 Image size of job updated: 139
	139  -  MemoryUsage of job (MB)
	142796  -  ResidentSetSize of job (KB)
...
006 (31980884.060.000) 03/28 22:17:57 Image size of job updated: 167
	167  -  MemoryUsage of job (MB)
	172020  -  ResidentSetSize of job (KB)
...
006 (31980884.060.000) 03/28 22:18:57 Image size of job updated: 207
	207  -  MemoryUsage of job (MB)
	212052  -  ResidentSetSize of job (KB)
...
006 (31980884.060.000) 03/28 22:19:29 Image size of job updated: 207
	207  -  MemoryUsage of job (MB)
	212128  -  ResidentSetSize of job (KB)
...
005 (31980884.060.000) 03/28 22:19:32 Job terminated.
	(1) Normal termination (return value 0)
		Usr 0 00:02:42, Sys 0 00:00:09  -  Run Remote Usage
		Usr 0 00:00:00, Sys 0 00:00:00  -  Run Local Usage
		Usr 0 00:02:42, Sys 0 00:00:09  -  Total Remote Usage
		Usr 0 00:00:00, Sys 0 00:00:00  -  Total Local Usage
	170243  -  Run Bytes Sent By Job
	2250925  -  Run Bytes Received By Job
	170243  -  Total Bytes Sent By Job
	2250925  -  Total Bytes Received By Job
	Partitionable Resources :    Usage  Request Allocated 
	   Cpus                 :        0        1         1 
	   Disk (KB)            :     5302     2250    770693 
	   Memory (MB)          :      207     2000      2000 
...
