000 (31980884.199.000) 03/28 21:58:24 Job submitted from host: <131.225.188.57:9618?addrs=131.225.188.57-9618&noUDP&sock=18092_2f86_3>
...
001 (31980884.199.000) 03/28 22:00:06 Job executing on host: <131.225.188.76:9618?addrs=131.225.188.76-9618&noUDP&sock=1924_484e_3>
...
006 (31980884.199.000) 03/28 22:00:15 Image size of job updated: 14
	14  -  MemoryUsage of job (MB)
	15320  -  ResidentSetSize of job (KB)
...
006 (31980884.199.000) 03/28 22:01:16 Image size of job updated: 35
	35  -  MemoryUsage of job (MB)
	36812  -  ResidentSetSize of job (KB)
...
006 (31980884.199.000) 03/28 22:02:17 Image size of job updated: 166
	166  -  MemoryUsage of job (MB)
	170648  -  ResidentSetSize of job (KB)
...
006 (31980884.199.000) 03/28 22:03:19 Image size of job updated: 190
	190  -  MemoryUsage of job (MB)
	194780  -  ResidentSetSize of job (KB)
...
006 (31980884.199.000) 03/28 22:03:57 Image size of job updated: 204
	204  -  MemoryUsage of job (MB)
	208924  -  ResidentSetSize of job (KB)
...
005 (31980884.199.000) 03/28 22:03:58 Job terminated.
	(1) Normal termination (return value 0)
		Usr 0 00:02:11, Sys 0 00:00:08  -  Run Remote Usage
		Usr 0 00:00:00, Sys 0 00:00:00  -  Run Local Usage
		Usr 0 00:02:11, Sys 0 00:00:08  -  Total Remote Usage
		Usr 0 00:00:00, Sys 0 00:00:00  -  Total Local Usage
	167657  -  Run Bytes Sent By Job
	2250925  -  Run Bytes Received By Job
	167657  -  Total Bytes Sent By Job
	2250925  -  Total Bytes Received By Job
	Partitionable Resources :    Usage  Request Allocated 
	   Cpus                 :        0        1         1 
	   Disk (KB)            :     5299     2250   1644794 
	   Memory (MB)          :      204     2000      2000 
...
