000 (31980884.061.000) 03/28 21:58:24 Job submitted from host: <131.225.188.57:9618?addrs=131.225.188.57-9618&noUDP&sock=18092_2f86_3>
...
001 (31980884.061.000) 03/28 21:59:39 Job executing on host: <131.225.191.222:9618?addrs=131.225.191.222-9618&noUDP&sock=1433_7f4e_3>
...
006 (31980884.061.000) 03/28 21:59:48 Image size of job updated: 14
	14  -  MemoryUsage of job (MB)
	15316  -  ResidentSetSize of job (KB)
...
006 (31980884.061.000) 03/28 22:01:50 Image size of job updated: 26
	26  -  MemoryUsage of job (MB)
	26816  -  ResidentSetSize of job (KB)
...
006 (31980884.061.000) 03/28 22:02:50 Image size of job updated: 27
	27  -  MemoryUsage of job (MB)
	28088  -  ResidentSetSize of job (KB)
...
006 (31980884.061.000) 03/28 22:03:50 Image size of job updated: 163
	163  -  MemoryUsage of job (MB)
	167640  -  ResidentSetSize of job (KB)
...
006 (31980884.061.000) 03/28 22:04:50 Image size of job updated: 174
	174  -  MemoryUsage of job (MB)
	178280  -  ResidentSetSize of job (KB)
...
006 (31980884.061.000) 03/28 22:05:50 Image size of job updated: 205
	205  -  MemoryUsage of job (MB)
	210500  -  ResidentSetSize of job (KB)
...
006 (31980884.061.000) 03/28 22:06:08 Image size of job updated: 205
	205  -  MemoryUsage of job (MB)
	210600  -  ResidentSetSize of job (KB)
...
005 (31980884.061.000) 03/28 22:06:09 Job terminated.
	(1) Normal termination (return value 0)
		Usr 0 00:02:44, Sys 0 00:00:11  -  Run Remote Usage
		Usr 0 00:00:00, Sys 0 00:00:00  -  Run Local Usage
		Usr 0 00:02:44, Sys 0 00:00:11  -  Total Remote Usage
		Usr 0 00:00:00, Sys 0 00:00:00  -  Total Local Usage
	168420  -  Run Bytes Sent By Job
	2250925  -  Run Bytes Received By Job
	168420  -  Total Bytes Sent By Job
	2250925  -  Total Bytes Received By Job
	Partitionable Resources :    Usage  Request Allocated 
	   Cpus                 :     0.00        1         1 
	   Disk (KB)            :  5300        2250    765655 
	   Memory (MB)          :   205        2000      2000 
...
