000 (31980884.427.000) 03/28 21:58:25 Job submitted from host: <131.225.188.57:9618?addrs=131.225.188.57-9618&noUDP&sock=18092_2f86_3>
...
001 (31980884.427.000) 03/28 22:00:53 Job executing on host: <131.225.205.162:9618?addrs=131.225.205.162-9618&noUDP&sock=1459_54c4_3>
...
006 (31980884.427.000) 03/28 22:02:02 Image size of job updated: 15
	15  -  MemoryUsage of job (MB)
	15592  -  ResidentSetSize of job (KB)
...
006 (31980884.427.000) 03/28 22:03:02 Image size of job updated: 132
	132  -  MemoryUsage of job (MB)
	135764  -  ResidentSetSize of job (KB)
...
006 (31980884.427.000) 03/28 22:05:02 Image size of job updated: 169
	169  -  MemoryUsage of job (MB)
	173836  -  ResidentSetSize of job (KB)
...
006 (31980884.427.000) 03/28 22:06:03 Image size of job updated: 172
	172  -  MemoryUsage of job (MB)
	177088  -  ResidentSetSize of job (KB)
...
006 (31980884.427.000) 03/28 22:07:04 Image size of job updated: 187
	187  -  MemoryUsage of job (MB)
	191556  -  ResidentSetSize of job (KB)
...
006 (31980884.427.000) 03/28 22:08:04 Image size of job updated: 187
	187  -  MemoryUsage of job (MB)
	191752  -  ResidentSetSize of job (KB)
...
006 (31980884.427.000) 03/28 22:09:04 Image size of job updated: 192
	192  -  MemoryUsage of job (MB)
	197220  -  ResidentSetSize of job (KB)
...
006 (31980884.427.000) 03/28 22:10:04 Image size of job updated: 192
	192  -  MemoryUsage of job (MB)
	197416  -  ResidentSetSize of job (KB)
...
006 (31980884.427.000) 03/28 22:11:05 Image size of job updated: 213
	213  -  MemoryUsage of job (MB)
	218972  -  ResidentSetSize of job (KB)
...
006 (31980884.427.000) 03/28 22:12:06 Image size of job updated: 213
	213  -  MemoryUsage of job (MB)
	219108  -  ResidentSetSize of job (KB)
...
006 (31980884.427.000) 03/28 22:13:07 Image size of job updated: 214
	214  -  MemoryUsage of job (MB)
	219708  -  ResidentSetSize of job (KB)
...
006 (31980884.427.000) 03/28 22:14:07 Image size of job updated: 215
	215  -  MemoryUsage of job (MB)
	220768  -  ResidentSetSize of job (KB)
...
006 (31980884.427.000) 03/28 22:15:07 Image size of job updated: 217
	217  -  MemoryUsage of job (MB)
	222376  -  ResidentSetSize of job (KB)
...
006 (31980884.427.000) 03/28 22:15:48 Image size of job updated: 217
	217  -  MemoryUsage of job (MB)
	222404  -  ResidentSetSize of job (KB)
...
005 (31980884.427.000) 03/28 22:15:49 Job terminated.
	(1) Normal termination (return value 0)
		Usr 0 00:10:23, Sys 0 00:00:31  -  Run Remote Usage
		Usr 0 00:00:00, Sys 0 00:00:00  -  Run Local Usage
		Usr 0 00:10:23, Sys 0 00:00:31  -  Total Remote Usage
		Usr 0 00:00:00, Sys 0 00:00:00  -  Total Local Usage
	178299  -  Run Bytes Sent By Job
	2250925  -  Run Bytes Received By Job
	178299  -  Total Bytes Sent By Job
	2250925  -  Total Bytes Received By Job
	Partitionable Resources :    Usage  Request Allocated 
	   Cpus                 :     0.00        1         1 
	   Disk (KB)            :  5309        2250   1640145 
	   Memory (MB)          :   217        2000      2000 
...
