000 (31980884.426.000) 03/28 21:58:25 Job submitted from host: <131.225.188.57:9618?addrs=131.225.188.57-9618&noUDP&sock=18092_2f86_3>
...
001 (31980884.426.000) 03/28 22:00:57 Job executing on host: <131.225.190.15:9618?addrs=131.225.190.15-9618&noUDP&sock=1436_8e16_3>
...
006 (31980884.426.000) 03/28 22:03:10 Image size of job updated: 116
	116  -  MemoryUsage of job (MB)
	119388  -  ResidentSetSize of job (KB)
...
006 (31980884.426.000) 03/28 22:04:10 Image size of job updated: 132
	132  -  MemoryUsage of job (MB)
	135732  -  ResidentSetSize of job (KB)
...
006 (31980884.426.000) 03/28 22:06:13 Image size of job updated: 168
	168  -  MemoryUsage of job (MB)
	172424  -  ResidentSetSize of job (KB)
...
006 (31980884.426.000) 03/28 22:07:13 Image size of job updated: 171
	171  -  MemoryUsage of job (MB)
	175832  -  ResidentSetSize of job (KB)
...
006 (31980884.426.000) 03/28 22:08:13 Image size of job updated: 185
	185  -  MemoryUsage of job (MB)
	190204  -  ResidentSetSize of job (KB)
...
006 (31980884.426.000) 03/28 22:09:13 Image size of job updated: 185
	185  -  MemoryUsage of job (MB)
	190416  -  ResidentSetSize of job (KB)
...
006 (31980884.426.000) 03/28 22:10:14 Image size of job updated: 186
	186  -  MemoryUsage of job (MB)
	190612  -  ResidentSetSize of job (KB)
...
006 (31980884.426.000) 03/28 22:11:15 Image size of job updated: 208
	208  -  MemoryUsage of job (MB)
	213864  -  ResidentSetSize of job (KB)
...
006 (31980884.426.000) 03/28 22:12:16 Image size of job updated: 209
	209  -  MemoryUsage of job (MB)
	214136  -  ResidentSetSize of job (KB)
...
006 (31980884.426.000) 03/28 22:13:16 Image size of job updated: 209
	209  -  MemoryUsage of job (MB)
	214272  -  ResidentSetSize of job (KB)
...
006 (31980884.426.000) 03/28 22:14:16 Image size of job updated: 209
	209  -  MemoryUsage of job (MB)
	214468  -  ResidentSetSize of job (KB)
...
006 (31980884.426.000) 03/28 22:15:16 Image size of job updated: 209
	209  -  MemoryUsage of job (MB)
	214552  -  ResidentSetSize of job (KB)
...
006 (31980884.426.000) 03/28 22:16:17 Image size of job updated: 211
	211  -  MemoryUsage of job (MB)
	217008  -  ResidentSetSize of job (KB)
...
005 (31980884.426.000) 03/28 22:16:42 Job terminated.
	(1) Normal termination (return value 0)
		Usr 0 00:08:57, Sys 0 00:00:30  -  Run Remote Usage
		Usr 0 00:00:00, Sys 0 00:00:00  -  Run Local Usage
		Usr 0 00:08:57, Sys 0 00:00:30  -  Total Remote Usage
		Usr 0 00:00:00, Sys 0 00:00:00  -  Total Local Usage
	180934  -  Run Bytes Sent By Job
	2250925  -  Run Bytes Received By Job
	180934  -  Total Bytes Sent By Job
	2250925  -  Total Bytes Received By Job
	Partitionable Resources :    Usage  Request Allocated 
	   Cpus                 :     0.00        1         1 
	   Disk (KB)            :  5312        2250    763643 
	   Memory (MB)          :   211        2000      2000 
...
