000 (31980884.069.000) 03/28 21:58:24 Job submitted from host: <131.225.188.57:9618?addrs=131.225.188.57-9618&noUDP&sock=18092_2f86_3>
...
001 (31980884.069.000) 03/28 21:59:39 Job executing on host: <131.225.189.73:9618?addrs=131.225.189.73-9618&noUDP&sock=1447_19a1_3>
...
006 (31980884.069.000) 03/28 21:59:48 Image size of job updated: 14
	14  -  MemoryUsage of job (MB)
	15236  -  ResidentSetSize of job (KB)
...
006 (31980884.069.000) 03/28 22:02:49 Image size of job updated: 27
	27  -  MemoryUsage of job (MB)
	27680  -  ResidentSetSize of job (KB)
...
006 (31980884.069.000) 03/28 22:03:50 Image size of job updated: 28
	28  -  MemoryUsage of job (MB)
	28856  -  ResidentSetSize of job (KB)
...
006 (31980884.069.000) 03/28 22:04:50 Image size of job updated: 45
	45  -  MemoryUsage of job (MB)
	46420  -  ResidentSetSize of job (KB)
...
006 (31980884.069.000) 03/28 22:05:51 Image size of job updated: 164
	164  -  MemoryUsage of job (MB)
	168880  -  ResidentSetSize of job (KB)
...
006 (31980884.069.000) 03/28 22:06:52 Image size of job updated: 187
	187  -  MemoryUsage of job (MB)
	192292  -  ResidentSetSize of job (KB)
...
006 (31980884.069.000) 03/28 22:07:52 Image size of job updated: 189
	189  -  MemoryUsage of job (MB)
	194184  -  ResidentSetSize of job (KB)
...
006 (31980884.069.000) 03/28 22:08:15 Image size of job updated: 202
	202  -  MemoryUsage of job (MB)
	207348  -  ResidentSetSize of job (KB)
...
005 (31980884.069.000) 03/28 22:08:16 Job terminated.
	(1) Normal termination (return value 0)
		Usr 0 00:02:37, Sys 0 00:00:13  -  Run Remote Usage
		Usr 0 00:00:00, Sys 0 00:00:00  -  Run Local Usage
		Usr 0 00:02:37, Sys 0 00:00:13  -  Total Remote Usage
		Usr 0 00:00:00, Sys 0 00:00:00  -  Total Local Usage
	168365  -  Run Bytes Sent By Job
	2250925  -  Run Bytes Received By Job
	168365  -  Total Bytes Sent By Job
	2250925  -  Total Bytes Received By Job
	Partitionable Resources :    Usage  Request Allocated 
	   Cpus                 :        0        1         1 
	   Disk (KB)            :     5300     2250    788736 
	   Memory (MB)          :      202     2000      2000 
...
