000 (31980884.321.000) 03/28 21:58:25 Job submitted from host: <131.225.188.57:9618?addrs=131.225.188.57-9618&noUDP&sock=18092_2f86_3>
...
001 (31980884.321.000) 03/28 22:00:29 Job executing on host: <131.225.205.172:9618?addrs=131.225.205.172-9618&noUDP&sock=1451_d802_3>
...
006 (31980884.321.000) 03/28 22:01:38 Image size of job updated: 73
	73  -  MemoryUsage of job (MB)
	74780  -  ResidentSetSize of job (KB)
...
006 (31980884.321.000) 03/28 22:02:38 Image size of job updated: 166
	166  -  MemoryUsage of job (MB)
	170892  -  ResidentSetSize of job (KB)
...
006 (31980884.321.000) 03/28 22:03:38 Image size of job updated: 189
	189  -  MemoryUsage of job (MB)
	194200  -  ResidentSetSize of job (KB)
...
005 (31980884.321.000) 03/28 22:04:39 Job terminated.
	(1) Normal termination (return value 0)
		Usr 0 00:02:00, Sys 0 00:00:09  -  Run Remote Usage
		Usr 0 00:00:00, Sys 0 00:00:00  -  Run Local Usage
		Usr 0 00:02:00, Sys 0 00:00:09  -  Total Remote Usage
		Usr 0 00:00:00, Sys 0 00:00:00  -  Total Local Usage
	168476  -  Run Bytes Sent By Job
	2250925  -  Run Bytes Received By Job
	168476  -  Total Bytes Sent By Job
	2250925  -  Total Bytes Received By Job
	Partitionable Resources :    Usage  Request Allocated 
	   Cpus                 :        0        1         1 
	   Disk (KB)            :     5300     2250   1631558 
	   Memory (MB)          :      189     2000      2000 
...
