000 (31980884.337.000) 03/28 21:58:25 Job submitted from host: <131.225.188.57:9618?addrs=131.225.188.57-9618&noUDP&sock=18092_2f86_3>
...
001 (31980884.337.000) 03/28 22:00:34 Job executing on host: <131.225.190.42:9618?addrs=131.225.190.42-9618&noUDP&sock=1440_4c77_3>
...
006 (31980884.337.000) 03/28 22:01:43 Image size of job updated: 116
	116  -  MemoryUsage of job (MB)
	119384  -  ResidentSetSize of job (KB)
...
006 (31980884.337.000) 03/28 22:04:43 Image size of job updated: 163
	163  -  MemoryUsage of job (MB)
	167932  -  ResidentSetSize of job (KB)
...
006 (31980884.337.000) 03/28 22:05:44 Image size of job updated: 167
	167  -  MemoryUsage of job (MB)
	171948  -  ResidentSetSize of job (KB)
...
006 (31980884.337.000) 03/28 22:06:44 Image size of job updated: 206
	206  -  MemoryUsage of job (MB)
	211128  -  ResidentSetSize of job (KB)
...
005 (31980884.337.000) 03/28 22:07:09 Job terminated.
	(1) Normal termination (return value 0)
		Usr 0 00:02:49, Sys 0 00:00:13  -  Run Remote Usage
		Usr 0 00:00:00, Sys 0 00:00:00  -  Run Local Usage
		Usr 0 00:02:49, Sys 0 00:00:13  -  Total Remote Usage
		Usr 0 00:00:00, Sys 0 00:00:00  -  Total Local Usage
	168511  -  Run Bytes Sent By Job
	2250925  -  Run Bytes Received By Job
	168511  -  Total Bytes Sent By Job
	2250925  -  Total Bytes Received By Job
	Partitionable Resources :    Usage  Request Allocated 
	   Cpus                 :     0.01        1         1 
	   Disk (KB)            :  5300        2250    779518 
	   Memory (MB)          :     3        2000      2000 
...
