000 (31980884.357.000) 03/28 21:58:25 Job submitted from host: <131.225.188.57:9618?addrs=131.225.188.57-9618&noUDP&sock=18092_2f86_3>
...
001 (31980884.357.000) 03/28 22:00:39 Job executing on host: <131.225.205.217:9618?addrs=131.225.205.217-9618&noUDP&sock=1479_0ca9_3>
...
006 (31980884.357.000) 03/28 22:01:49 Image size of job updated: 129
	129  -  MemoryUsage of job (MB)
	132816  -  ResidentSetSize of job (KB)
...
006 (31980884.357.000) 03/28 22:02:50 Image size of job updated: 167
	167  -  MemoryUsage of job (MB)
	171540  -  ResidentSetSize of job (KB)
...
006 (31980884.357.000) 03/28 22:03:50 Image size of job updated: 194
	194  -  MemoryUsage of job (MB)
	199244  -  ResidentSetSize of job (KB)
...
006 (31980884.357.000) 03/28 22:04:26 Image size of job updated: 207
	207  -  MemoryUsage of job (MB)
	212276  -  ResidentSetSize of job (KB)
...
005 (31980884.357.000) 03/28 22:04:27 Job terminated.
	(1) Normal termination (return value 0)
		Usr 0 00:02:41, Sys 0 00:00:08  -  Run Remote Usage
		Usr 0 00:00:00, Sys 0 00:00:00  -  Run Local Usage
		Usr 0 00:02:41, Sys 0 00:00:08  -  Total Remote Usage
		Usr 0 00:00:00, Sys 0 00:00:00  -  Total Local Usage
	167491  -  Run Bytes Sent By Job
	2250925  -  Run Bytes Received By Job
	167491  -  Total Bytes Sent By Job
	2250925  -  Total Bytes Received By Job
	Partitionable Resources :    Usage  Request Allocated 
	   Cpus                 :     0.00        1         1 
	   Disk (KB)            :  5298        2250   1695562 
	   Memory (MB)          :   207        2000      2000 
...
