000 (31980884.201.000) 03/28 21:58:24 Job submitted from host: <131.225.188.57:9618?addrs=131.225.188.57-9618&noUDP&sock=18092_2f86_3>
...
001 (31980884.201.000) 03/28 22:00:07 Job executing on host: <131.225.188.20:9618?addrs=131.225.188.20-9618&noUDP&sock=1912_0d2b_3>
...
006 (31980884.201.000) 03/28 22:00:16 Image size of job updated: 5
	3  -  MemoryUsage of job (MB)
	3404  -  ResidentSetSize of job (KB)
...
006 (31980884.201.000) 03/28 22:01:16 Image size of job updated: 29
	29  -  MemoryUsage of job (MB)
	29740  -  ResidentSetSize of job (KB)
...
006 (31980884.201.000) 03/28 22:02:16 Image size of job updated: 97
	97  -  MemoryUsage of job (MB)
	99604  -  ResidentSetSize of job (KB)
...
006 (31980884.201.000) 03/28 22:03:17 Image size of job updated: 168
	168  -  MemoryUsage of job (MB)
	172452  -  ResidentSetSize of job (KB)
...
006 (31980884.201.000) 03/28 22:04:18 Image size of job updated: 201
	201  -  MemoryUsage of job (MB)
	206576  -  ResidentSetSize of job (KB)
...
005 (31980884.201.000) 03/28 22:04:19 Job terminated.
	(1) Normal termination (return value 0)
		Usr 0 00:02:15, Sys 0 00:00:08  -  Run Remote Usage
		Usr 0 00:00:00, Sys 0 00:00:00  -  Run Local Usage
		Usr 0 00:02:15, Sys 0 00:00:08  -  Total Remote Usage
		Usr 0 00:00:00, Sys 0 00:00:00  -  Total Local Usage
	167788  -  Run Bytes Sent By Job
	2250925  -  Run Bytes Received By Job
	167788  -  Total Bytes Sent By Job
	2250925  -  Total Bytes Received By Job
	Partitionable Resources :    Usage  Request Allocated 
	   Cpus                 :        0        1         1 
	   Disk (KB)            :     5299     2250   1634953 
	   Memory (MB)          :      201     2000      2000 
...
