000 (31980884.308.000) 03/28 21:58:25 Job submitted from host: <131.225.188.57:9618?addrs=131.225.188.57-9618&noUDP&sock=18092_2f86_3>
...
001 (31980884.308.000) 03/28 22:00:30 Job executing on host: <131.225.188.119:9618?addrs=131.225.188.119-9618&noUDP&sock=1918_2abc_3>
...
006 (31980884.308.000) 03/28 22:00:39 Image size of job updated: 16
	16  -  MemoryUsage of job (MB)
	17032  -  ResidentSetSize of job (KB)
...
006 (31980884.308.000) 03/28 22:01:40 Image size of job updated: 165
	165  -  MemoryUsage of job (MB)
	169396  -  ResidentSetSize of job (KB)
...
006 (31980884.308.000) 03/28 22:02:41 Image size of job updated: 187
	187  -  MemoryUsage of job (MB)
	192412  -  ResidentSetSize of job (KB)
...
005 (31980884.308.000) 03/28 22:03:32 Job terminated.
	(1) Normal termination (return value 0)
		Usr 0 00:01:30, Sys 0 00:00:09  -  Run Remote Usage
		Usr 0 00:00:00, Sys 0 00:00:00  -  Run Local Usage
		Usr 0 00:01:30, Sys 0 00:00:09  -  Total Remote Usage
		Usr 0 00:00:00, Sys 0 00:00:00  -  Total Local Usage
	167352  -  Run Bytes Sent By Job
	2250925  -  Run Bytes Received By Job
	167352  -  Total Bytes Sent By Job
	2250925  -  Total Bytes Received By Job
	Partitionable Resources :    Usage  Request Allocated 
	   Cpus                 :        0        1         1 
	   Disk (KB)            :     5298     2250   1637705 
	   Memory (MB)          :      187     2000      2000 
...
