000 (31980884.181.000) 03/28 21:58:24 Job submitted from host: <131.225.188.57:9618?addrs=131.225.188.57-9618&noUDP&sock=18092_2f86_3>
...
001 (31980884.181.000) 03/28 22:00:03 Job executing on host: <131.225.205.197:9618?addrs=131.225.205.197-9618&noUDP&sock=1470_e04f_3>
...
006 (31980884.181.000) 03/28 22:00:12 Image size of job updated: 17
	17  -  MemoryUsage of job (MB)
	17968  -  ResidentSetSize of job (KB)
...
006 (31980884.181.000) 03/28 22:01:13 Image size of job updated: 129
	129  -  MemoryUsage of job (MB)
	132644  -  ResidentSetSize of job (KB)
...
006 (31980884.181.000) 03/28 22:02:14 Image size of job updated: 167
	167  -  MemoryUsage of job (MB)
	171316  -  ResidentSetSize of job (KB)
...
006 (31980884.181.000) 03/28 22:03:14 Image size of job updated: 191
	191  -  MemoryUsage of job (MB)
	195864  -  ResidentSetSize of job (KB)
...
005 (31980884.181.000) 03/28 22:03:46 Job terminated.
	(1) Normal termination (return value 0)
		Usr 0 00:02:20, Sys 0 00:00:08  -  Run Remote Usage
		Usr 0 00:00:00, Sys 0 00:00:00  -  Run Local Usage
		Usr 0 00:02:20, Sys 0 00:00:08  -  Total Remote Usage
		Usr 0 00:00:00, Sys 0 00:00:00  -  Total Local Usage
	167204  -  Run Bytes Sent By Job
	2250925  -  Run Bytes Received By Job
	167204  -  Total Bytes Sent By Job
	2250925  -  Total Bytes Received By Job
	Partitionable Resources :    Usage  Request Allocated 
	   Cpus                 :     0.00        1         1 
	   Disk (KB)            :  5298        2250   1696710 
	   Memory (MB)          :   191        2000      2000 
...
