000 (31980884.079.000) 03/28 21:58:24 Job submitted from host: <131.225.188.57:9618?addrs=131.225.188.57-9618&noUDP&sock=18092_2f86_3>
...
001 (31980884.079.000) 03/28 21:59:39 Job executing on host: <131.225.206.6:9618?addrs=131.225.206.6-9618&noUDP&sock=1156_7f92_3>
...
006 (31980884.079.000) 03/28 21:59:48 Image size of job updated: 6
	6  -  MemoryUsage of job (MB)
	6824  -  ResidentSetSize of job (KB)
...
006 (31980884.079.000) 03/28 22:00:49 Image size of job updated: 27
	27  -  MemoryUsage of job (MB)
	27724  -  ResidentSetSize of job (KB)
...
006 (31980884.079.000) 03/28 22:01:49 Image size of job updated: 167
	167  -  MemoryUsage of job (MB)
	171112  -  ResidentSetSize of job (KB)
...
006 (31980884.079.000) 03/28 22:02:49 Image size of job updated: 203
	203  -  MemoryUsage of job (MB)
	208188  -  ResidentSetSize of job (KB)
...
006 (31980884.079.000) 03/28 22:03:03 Image size of job updated: 203
	203  -  MemoryUsage of job (MB)
	208280  -  ResidentSetSize of job (KB)
...
005 (31980884.079.000) 03/28 22:03:04 Job terminated.
	(1) Normal termination (return value 0)
		Usr 0 00:02:16, Sys 0 00:00:09  -  Run Remote Usage
		Usr 0 00:00:00, Sys 0 00:00:00  -  Run Local Usage
		Usr 0 00:02:16, Sys 0 00:00:09  -  Total Remote Usage
		Usr 0 00:00:00, Sys 0 00:00:00  -  Total Local Usage
	169032  -  Run Bytes Sent By Job
	2250925  -  Run Bytes Received By Job
	169032  -  Total Bytes Sent By Job
	2250925  -  Total Bytes Received By Job
	Partitionable Resources :    Usage  Request Allocated 
	   Cpus                 :        0        1         1 
	   Disk (KB)            :     5300     2250    309119 
	   Memory (MB)          :      203     2000      2000 
...
