000 (31980884.355.000) 03/28 21:58:25 Job submitted from host: <131.225.188.57:9618?addrs=131.225.188.57-9618&noUDP&sock=18092_2f86_3>
...
001 (31980884.355.000) 03/28 22:00:39 Job executing on host: <131.225.205.161:9618?addrs=131.225.205.161-9618&noUDP&sock=1457_f593_3>
...
006 (31980884.355.000) 03/28 22:01:48 Image size of job updated: 88
	88  -  MemoryUsage of job (MB)
	90664  -  ResidentSetSize of job (KB)
...
006 (31980884.355.000) 03/28 22:02:49 Image size of job updated: 166
	166  -  MemoryUsage of job (MB)
	171000  -  ResidentSetSize of job (KB)
...
006 (31980884.355.000) 03/28 22:03:49 Image size of job updated: 188
	188  -  MemoryUsage of job (MB)
	192652  -  ResidentSetSize of job (KB)
...
005 (31980884.355.000) 03/28 22:04:39 Job terminated.
	(1) Normal termination (return value 0)
		Usr 0 00:01:56, Sys 0 00:00:08  -  Run Remote Usage
		Usr 0 00:00:00, Sys 0 00:00:00  -  Run Local Usage
		Usr 0 00:01:56, Sys 0 00:00:08  -  Total Remote Usage
		Usr 0 00:00:00, Sys 0 00:00:00  -  Total Local Usage
	167429  -  Run Bytes Sent By Job
	2250925  -  Run Bytes Received By Job
	167429  -  Total Bytes Sent By Job
	2250925  -  Total Bytes Received By Job
	Partitionable Resources :    Usage  Request Allocated 
	   Cpus                 :     0.00        1         1 
	   Disk (KB)            :  5298        2250   1626747 
	   Memory (MB)          :   188        2000      2000 
...
