000 (31980884.217.000) 03/28 21:58:24 Job submitted from host: <131.225.188.57:9618?addrs=131.225.188.57-9618&noUDP&sock=18092_2f86_3>
...
001 (31980884.217.000) 03/28 22:00:10 Job executing on host: <131.225.188.22:9618?addrs=131.225.188.22-9618&noUDP&sock=1928_06af_3>
...
006 (31980884.217.000) 03/28 22:00:19 Image size of job updated: 18
	18  -  MemoryUsage of job (MB)
	19208  -  ResidentSetSize of job (KB)
...
006 (31980884.217.000) 03/28 22:01:19 Image size of job updated: 35
	35  -  MemoryUsage of job (MB)
	36608  -  ResidentSetSize of job (KB)
...
006 (31980884.217.000) 03/28 22:02:20 Image size of job updated: 166
	166  -  MemoryUsage of job (MB)
	170564  -  ResidentSetSize of job (KB)
...
006 (31980884.217.000) 03/28 22:03:20 Image size of job updated: 191
	191  -  MemoryUsage of job (MB)
	195732  -  ResidentSetSize of job (KB)
...
005 (31980884.217.000) 03/28 22:03:54 Job terminated.
	(1) Normal termination (return value 0)
		Usr 0 00:01:47, Sys 0 00:00:07  -  Run Remote Usage
		Usr 0 00:00:00, Sys 0 00:00:00  -  Run Local Usage
		Usr 0 00:01:47, Sys 0 00:00:07  -  Total Remote Usage
		Usr 0 00:00:00, Sys 0 00:00:00  -  Total Local Usage
	168202  -  Run Bytes Sent By Job
	2250925  -  Run Bytes Received By Job
	168202  -  Total Bytes Sent By Job
	2250925  -  Total Bytes Received By Job
	Partitionable Resources :    Usage  Request Allocated 
	   Cpus                 :     0.01        1         1 
	   Disk (KB)            :  5299        2250   1651073 
	   Memory (MB)          :   191        2000      2000 
...
