000 (31980884.440.000) 03/28 21:58:25 Job submitted from host: <131.225.188.57:9618?addrs=131.225.188.57-9618&noUDP&sock=18092_2f86_3>
...
001 (31980884.440.000) 03/28 22:00:54 Job executing on host: <131.225.190.58:9618?addrs=131.225.190.58-9618&noUDP&sock=1428_1154_3>
...
006 (31980884.440.000) 03/28 22:02:04 Image size of job updated: 132
	132  -  MemoryUsage of job (MB)
	135764  -  ResidentSetSize of job (KB)
...
006 (31980884.440.000) 03/28 22:04:06 Image size of job updated: 173
	173  -  MemoryUsage of job (MB)
	177428  -  ResidentSetSize of job (KB)
...
006 (31980884.440.000) 03/28 22:05:07 Image size of job updated: 176
	176  -  MemoryUsage of job (MB)
	180640  -  ResidentSetSize of job (KB)
...
006 (31980884.440.000) 03/28 22:06:07 Image size of job updated: 186
	186  -  MemoryUsage of job (MB)
	191272  -  ResidentSetSize of job (KB)
...
006 (31980884.440.000) 03/28 22:07:07 Image size of job updated: 187
	187  -  MemoryUsage of job (MB)
	191492  -  ResidentSetSize of job (KB)
...
006 (31980884.440.000) 03/28 22:08:07 Image size of job updated: 200
	200  -  MemoryUsage of job (MB)
	205456  -  ResidentSetSize of job (KB)
...
006 (31980884.440.000) 03/28 22:09:08 Image size of job updated: 208
	208  -  MemoryUsage of job (MB)
	213360  -  ResidentSetSize of job (KB)
...
006 (31980884.440.000) 03/28 22:10:09 Image size of job updated: 209
	209  -  MemoryUsage of job (MB)
	214100  -  ResidentSetSize of job (KB)
...
006 (31980884.440.000) 03/28 22:11:10 Image size of job updated: 209
	209  -  MemoryUsage of job (MB)
	214316  -  ResidentSetSize of job (KB)
...
006 (31980884.440.000) 03/28 22:12:10 Image size of job updated: 209
	209  -  MemoryUsage of job (MB)
	214496  -  ResidentSetSize of job (KB)
...
006 (31980884.440.000) 03/28 22:13:10 Image size of job updated: 212
	212  -  MemoryUsage of job (MB)
	217412  -  ResidentSetSize of job (KB)
...
005 (31980884.440.000) 03/28 22:13:50 Job terminated.
	(1) Normal termination (return value 0)
		Usr 0 00:09:02, Sys 0 00:00:30  -  Run Remote Usage
		Usr 0 00:00:00, Sys 0 00:00:00  -  Run Local Usage
		Usr 0 00:09:02, Sys 0 00:00:30  -  Total Remote Usage
		Usr 0 00:00:00, Sys 0 00:00:00  -  Total Local Usage
	177886  -  Run Bytes Sent By Job
	2250925  -  Run Bytes Received By Job
	177886  -  Total Bytes Sent By Job
	2250925  -  Total Bytes Received By Job
	Partitionable Resources :    Usage  Request Allocated 
	   Cpus                 :        0        1         1 
	   Disk (KB)            :     5309     2250    738996 
	   Memory (MB)          :      212     2000      2000 
...
