000 (31980884.423.000) 03/28 21:58:25 Job submitted from host: <131.225.188.57:9618?addrs=131.225.188.57-9618&noUDP&sock=18092_2f86_3>
...
001 (31980884.423.000) 03/28 22:00:51 Job executing on host: <131.225.190.41:9618?addrs=131.225.190.41-9618&noUDP&sock=1431_201d_3>
...
006 (31980884.423.000) 03/28 22:02:02 Image size of job updated: 14
	14  -  MemoryUsage of job (MB)
	15320  -  ResidentSetSize of job (KB)
...
006 (31980884.423.000) 03/28 22:03:03 Image size of job updated: 148
	148  -  MemoryUsage of job (MB)
	152120  -  ResidentSetSize of job (KB)
...
006 (31980884.423.000) 03/28 22:05:04 Image size of job updated: 168
	168  -  MemoryUsage of job (MB)
	172860  -  ResidentSetSize of job (KB)
...
006 (31980884.423.000) 03/28 22:06:04 Image size of job updated: 171
	171  -  MemoryUsage of job (MB)
	175260  -  ResidentSetSize of job (KB)
...
006 (31980884.423.000) 03/28 22:07:04 Image size of job updated: 174
	174  -  MemoryUsage of job (MB)
	178600  -  ResidentSetSize of job (KB)
...
006 (31980884.423.000) 03/28 22:08:05 Image size of job updated: 187
	187  -  MemoryUsage of job (MB)
	191748  -  ResidentSetSize of job (KB)
...
006 (31980884.423.000) 03/28 22:09:05 Image size of job updated: 187
	187  -  MemoryUsage of job (MB)
	191964  -  ResidentSetSize of job (KB)
...
006 (31980884.423.000) 03/28 22:10:05 Image size of job updated: 187
	187  -  MemoryUsage of job (MB)
	192160  -  ResidentSetSize of job (KB)
...
006 (31980884.423.000) 03/28 22:11:05 Image size of job updated: 187
	187  -  MemoryUsage of job (MB)
	192324  -  ResidentSetSize of job (KB)
...
006 (31980884.423.000) 03/28 22:12:06 Image size of job updated: 206
	206  -  MemoryUsage of job (MB)
	211816  -  ResidentSetSize of job (KB)
...
006 (31980884.423.000) 03/28 22:13:07 Image size of job updated: 207
	207  -  MemoryUsage of job (MB)
	211988  -  ResidentSetSize of job (KB)
...
006 (31980884.423.000) 03/28 22:14:08 Image size of job updated: 207
	207  -  MemoryUsage of job (MB)
	212180  -  ResidentSetSize of job (KB)
...
006 (31980884.423.000) 03/28 22:15:08 Image size of job updated: 207
	207  -  MemoryUsage of job (MB)
	212228  -  ResidentSetSize of job (KB)
...
006 (31980884.423.000) 03/28 22:16:08 Image size of job updated: 209
	209  -  MemoryUsage of job (MB)
	214444  -  ResidentSetSize of job (KB)
...
006 (31980884.423.000) 03/28 22:17:08 Image size of job updated: 209
	209  -  MemoryUsage of job (MB)
	214472  -  ResidentSetSize of job (KB)
...
005 (31980884.423.000) 03/28 22:18:21 Job terminated.
	(1) Normal termination (return value 0)
		Usr 0 00:10:44, Sys 0 00:00:37  -  Run Remote Usage
		Usr 0 00:00:00, Sys 0 00:00:00  -  Run Local Usage
		Usr 0 00:10:44, Sys 0 00:00:37  -  Total Remote Usage
		Usr 0 00:00:00, Sys 0 00:00:00  -  Total Local Usage
	183493  -  Run Bytes Sent By Job
	2250925  -  Run Bytes Received By Job
	183493  -  Total Bytes Sent By Job
	2250925  -  Total Bytes Received By Job
	Partitionable Resources :    Usage  Request Allocated 
	   Cpus                 :     0.00        1         1 
	   Disk (KB)            :  5314        2250    779481 
	   Memory (MB)          :   209        2000      2000 
...
