000 (31980884.021.000) 03/28 21:58:24 Job submitted from host: <131.225.188.57:9618?addrs=131.225.188.57-9618&noUDP&sock=18092_2f86_3>
...
001 (31980884.021.000) 03/28 21:59:33 Job executing on host: <131.225.204.94:9618?addrs=131.225.204.94-9618&noUDP&sock=1157_2f2a_3>
...
006 (31980884.021.000) 03/28 21:59:42 Image size of job updated: 14
	14  -  MemoryUsage of job (MB)
	15316  -  ResidentSetSize of job (KB)
...
006 (31980884.021.000) 03/28 22:00:43 Image size of job updated: 38
	38  -  MemoryUsage of job (MB)
	39332  -  ResidentSetSize of job (KB)
...
006 (31980884.021.000) 03/28 22:01:44 Image size of job updated: 166
	166  -  MemoryUsage of job (MB)
	170572  -  ResidentSetSize of job (KB)
...
006 (31980884.021.000) 03/28 22:02:44 Image size of job updated: 188
	188  -  MemoryUsage of job (MB)
	192804  -  ResidentSetSize of job (KB)
...
006 (31980884.021.000) 03/28 22:03:17 Image size of job updated: 202
	202  -  MemoryUsage of job (MB)
	207248  -  ResidentSetSize of job (KB)
...
005 (31980884.021.000) 03/28 22:03:17 Job terminated.
	(1) Normal termination (return value 0)
		Usr 0 00:02:08, Sys 0 00:00:11  -  Run Remote Usage
		Usr 0 00:00:00, Sys 0 00:00:00  -  Run Local Usage
		Usr 0 00:02:08, Sys 0 00:00:11  -  Total Remote Usage
		Usr 0 00:00:00, Sys 0 00:00:00  -  Total Local Usage
	168201  -  Run Bytes Sent By Job
	2250925  -  Run Bytes Received By Job
	168201  -  Total Bytes Sent By Job
	2250925  -  Total Bytes Received By Job
	Partitionable Resources :    Usage  Request Allocated 
	   Cpus                 :        0        1         1 
	   Disk (KB)            :     5299     2250    314465 
	   Memory (MB)          :      202     2000      2000 
...
