000 (31980884.410.000) 03/28 21:58:25 Job submitted from host: <131.225.188.57:9618?addrs=131.225.188.57-9618&noUDP&sock=18092_2f86_3>
...
001 (31980884.410.000) 03/28 22:00:48 Job executing on host: <131.225.188.119:9618?addrs=131.225.188.119-9618&noUDP&sock=1918_2abc_3>
...
006 (31980884.410.000) 03/28 22:01:56 Image size of job updated: 132
	132  -  MemoryUsage of job (MB)
	135752  -  ResidentSetSize of job (KB)
...
006 (31980884.410.000) 03/28 22:02:56 Image size of job updated: 133
	133  -  MemoryUsage of job (MB)
	136740  -  ResidentSetSize of job (KB)
...
006 (31980884.410.000) 03/28 22:03:56 Image size of job updated: 171
	171  -  MemoryUsage of job (MB)
	175400  -  ResidentSetSize of job (KB)
...
006 (31980884.410.000) 03/28 22:04:56 Image size of job updated: 174
	174  -  MemoryUsage of job (MB)
	178636  -  ResidentSetSize of job (KB)
...
006 (31980884.410.000) 03/28 22:05:57 Image size of job updated: 187
	187  -  MemoryUsage of job (MB)
	191840  -  ResidentSetSize of job (KB)
...
006 (31980884.410.000) 03/28 22:06:58 Image size of job updated: 193
	193  -  MemoryUsage of job (MB)
	198500  -  ResidentSetSize of job (KB)
...
006 (31980884.410.000) 03/28 22:07:59 Image size of job updated: 194
	194  -  MemoryUsage of job (MB)
	198728  -  ResidentSetSize of job (KB)
...
006 (31980884.410.000) 03/28 22:08:59 Image size of job updated: 211
	211  -  MemoryUsage of job (MB)
	217080  -  ResidentSetSize of job (KB)
...
006 (31980884.410.000) 03/28 22:09:59 Image size of job updated: 212
	212  -  MemoryUsage of job (MB)
	217376  -  ResidentSetSize of job (KB)
...
006 (31980884.410.000) 03/28 22:10:59 Image size of job updated: 212
	212  -  MemoryUsage of job (MB)
	217544  -  ResidentSetSize of job (KB)
...
006 (31980884.410.000) 03/28 22:12:00 Image size of job updated: 214
	214  -  MemoryUsage of job (MB)
	219816  -  ResidentSetSize of job (KB)
...
006 (31980884.410.000) 03/28 22:13:01 Image size of job updated: 214
	214  -  MemoryUsage of job (MB)
	219844  -  ResidentSetSize of job (KB)
...
005 (31980884.410.000) 03/28 22:13:50 Job terminated.
	(1) Normal termination (return value 0)
		Usr 0 00:08:54, Sys 0 00:00:29  -  Run Remote Usage
		Usr 0 00:00:00, Sys 0 00:00:00  -  Run Local Usage
		Usr 0 00:08:54, Sys 0 00:00:29  -  Total Remote Usage
		Usr 0 00:00:00, Sys 0 00:00:00  -  Total Local Usage
	176931  -  Run Bytes Sent By Job
	2250925  -  Run Bytes Received By Job
	176931  -  Total Bytes Sent By Job
	2250925  -  Total Bytes Received By Job
	Partitionable Resources :    Usage  Request Allocated 
	   Cpus                 :        0        1         1 
	   Disk (KB)            :     5307     2250   1637705 
	   Memory (MB)          :      214     2000      2000 
...
