000 (31980884.016.000) 03/28 21:58:24 Job submitted from host: <131.225.188.57:9618?addrs=131.225.188.57-9618&noUDP&sock=18092_2f86_3>
...
001 (31980884.016.000) 03/28 21:59:30 Job executing on host: <131.225.204.99:9618?addrs=131.225.204.99-9618&noUDP&sock=1164_fc54_3>
...
006 (31980884.016.000) 03/28 21:59:39 Image size of job updated: 14
	14  -  MemoryUsage of job (MB)
	15080  -  ResidentSetSize of job (KB)
...
006 (31980884.016.000) 03/28 22:01:40 Image size of job updated: 32
	32  -  MemoryUsage of job (MB)
	33224  -  ResidentSetSize of job (KB)
...
006 (31980884.016.000) 03/28 22:02:41 Image size of job updated: 165
	165  -  MemoryUsage of job (MB)
	169360  -  ResidentSetSize of job (KB)
...
006 (31980884.016.000) 03/28 22:03:42 Image size of job updated: 190
	190  -  MemoryUsage of job (MB)
	195440  -  ResidentSetSize of job (KB)
...
005 (31980884.016.000) 03/28 22:04:10 Job terminated.
	(1) Normal termination (return value 0)
		Usr 0 00:01:36, Sys 0 00:00:09  -  Run Remote Usage
		Usr 0 00:00:00, Sys 0 00:00:00  -  Run Local Usage
		Usr 0 00:01:36, Sys 0 00:00:09  -  Total Remote Usage
		Usr 0 00:00:00, Sys 0 00:00:00  -  Total Local Usage
	168358  -  Run Bytes Sent By Job
	2250925  -  Run Bytes Received By Job
	168358  -  Total Bytes Sent By Job
	2250925  -  Total Bytes Received By Job
	Partitionable Resources :    Usage  Request Allocated 
	   Cpus                 :        0        1         1 
	   Disk (KB)            :     5299     2250    331163 
	   Memory (MB)          :      190     2000      2000 
...
