000 (31980884.442.000) 03/28 21:58:25 Job submitted from host: <131.225.188.57:9618?addrs=131.225.188.57-9618&noUDP&sock=18092_2f86_3>
...
001 (31980884.442.000) 03/28 22:00:57 Job executing on host: <131.225.205.203:9618?addrs=131.225.205.203-9618&noUDP&sock=1478_5d11_3>
...
006 (31980884.442.000) 03/28 22:02:05 Image size of job updated: 132
	132  -  MemoryUsage of job (MB)
	135748  -  ResidentSetSize of job (KB)
...
006 (31980884.442.000) 03/28 22:04:06 Image size of job updated: 170
	170  -  MemoryUsage of job (MB)
	174620  -  ResidentSetSize of job (KB)
...
006 (31980884.442.000) 03/28 22:05:06 Image size of job updated: 173
	173  -  MemoryUsage of job (MB)
	177672  -  ResidentSetSize of job (KB)
...
006 (31980884.442.000) 03/28 22:06:06 Image size of job updated: 183
	183  -  MemoryUsage of job (MB)
	188044  -  ResidentSetSize of job (KB)
...
006 (31980884.442.000) 03/28 22:07:07 Image size of job updated: 187
	187  -  MemoryUsage of job (MB)
	192064  -  ResidentSetSize of job (KB)
...
006 (31980884.442.000) 03/28 22:08:08 Image size of job updated: 187
	187  -  MemoryUsage of job (MB)
	192268  -  ResidentSetSize of job (KB)
...
006 (31980884.442.000) 03/28 22:09:09 Image size of job updated: 187
	187  -  MemoryUsage of job (MB)
	192472  -  ResidentSetSize of job (KB)
...
006 (31980884.442.000) 03/28 22:10:09 Image size of job updated: 208
	208  -  MemoryUsage of job (MB)
	213100  -  ResidentSetSize of job (KB)
...
006 (31980884.442.000) 03/28 22:11:09 Image size of job updated: 208
	208  -  MemoryUsage of job (MB)
	213404  -  ResidentSetSize of job (KB)
...
006 (31980884.442.000) 03/28 22:12:09 Image size of job updated: 208
	208  -  MemoryUsage of job (MB)
	213584  -  ResidentSetSize of job (KB)
...
006 (31980884.442.000) 03/28 22:13:10 Image size of job updated: 208
	208  -  MemoryUsage of job (MB)
	213628  -  ResidentSetSize of job (KB)
...
006 (31980884.442.000) 03/28 22:14:11 Image size of job updated: 210
	210  -  MemoryUsage of job (MB)
	215868  -  ResidentSetSize of job (KB)
...
006 (31980884.442.000) 03/28 22:15:12 Image size of job updated: 211
	211  -  MemoryUsage of job (MB)
	216264  -  ResidentSetSize of job (KB)
...
005 (31980884.442.000) 03/28 22:15:49 Job terminated.
	(1) Normal termination (return value 0)
		Usr 0 00:11:31, Sys 0 00:00:32  -  Run Remote Usage
		Usr 0 00:00:00, Sys 0 00:00:00  -  Run Local Usage
		Usr 0 00:11:31, Sys 0 00:00:32  -  Total Remote Usage
		Usr 0 00:00:00, Sys 0 00:00:00  -  Total Local Usage
	177680  -  Run Bytes Sent By Job
	2250925  -  Run Bytes Received By Job
	177680  -  Total Bytes Sent By Job
	2250925  -  Total Bytes Received By Job
	Partitionable Resources :    Usage  Request Allocated 
	   Cpus                 :     0.00        1         1 
	   Disk (KB)            :  5308        2250   1694239 
	   Memory (MB)          :   211        2000      2000 
...
