000 (31980884.429.000) 03/28 21:58:25 Job submitted from host: <131.225.188.57:9618?addrs=131.225.188.57-9618&noUDP&sock=18092_2f86_3>
...
001 (31980884.429.000) 03/28 22:00:54 Job executing on host: <131.225.190.66:9618?addrs=131.225.190.66-9618&noUDP&sock=1419_e4fa_3>
...
006 (31980884.429.000) 03/28 22:02:04 Image size of job updated: 132
	132  -  MemoryUsage of job (MB)
	135760  -  ResidentSetSize of job (KB)
...
006 (31980884.429.000) 03/28 22:03:05 Image size of job updated: 148
	148  -  MemoryUsage of job (MB)
	152128  -  ResidentSetSize of job (KB)
...
006 (31980884.429.000) 03/28 22:04:05 Image size of job updated: 168
	168  -  MemoryUsage of job (MB)
	172144  -  ResidentSetSize of job (KB)
...
006 (31980884.429.000) 03/28 22:05:07 Image size of job updated: 171
	171  -  MemoryUsage of job (MB)
	175700  -  ResidentSetSize of job (KB)
...
006 (31980884.429.000) 03/28 22:06:07 Image size of job updated: 174
	174  -  MemoryUsage of job (MB)
	178704  -  ResidentSetSize of job (KB)
...
006 (31980884.429.000) 03/28 22:07:07 Image size of job updated: 187
	187  -  MemoryUsage of job (MB)
	191900  -  ResidentSetSize of job (KB)
...
006 (31980884.429.000) 03/28 22:08:07 Image size of job updated: 187
	187  -  MemoryUsage of job (MB)
	192104  -  ResidentSetSize of job (KB)
...
006 (31980884.429.000) 03/28 22:09:08 Image size of job updated: 187
	187  -  MemoryUsage of job (MB)
	192304  -  ResidentSetSize of job (KB)
...
006 (31980884.429.000) 03/28 22:10:09 Image size of job updated: 187
	187  -  MemoryUsage of job (MB)
	192452  -  ResidentSetSize of job (KB)
...
006 (31980884.429.000) 03/28 22:11:10 Image size of job updated: 207
	207  -  MemoryUsage of job (MB)
	212744  -  ResidentSetSize of job (KB)
...
006 (31980884.429.000) 03/28 22:12:10 Image size of job updated: 207
	207  -  MemoryUsage of job (MB)
	212976  -  ResidentSetSize of job (KB)
...
006 (31980884.429.000) 03/28 22:13:10 Image size of job updated: 208
	208  -  MemoryUsage of job (MB)
	213060  -  ResidentSetSize of job (KB)
...
006 (31980884.429.000) 03/28 22:14:10 Image size of job updated: 210
	210  -  MemoryUsage of job (MB)
	215548  -  ResidentSetSize of job (KB)
...
006 (31980884.429.000) 03/28 22:15:11 Image size of job updated: 210
	210  -  MemoryUsage of job (MB)
	215576  -  ResidentSetSize of job (KB)
...
005 (31980884.429.000) 03/28 22:16:03 Job terminated.
	(1) Normal termination (return value 0)
		Usr 0 00:10:24, Sys 0 00:00:38  -  Run Remote Usage
		Usr 0 00:00:00, Sys 0 00:00:00  -  Run Local Usage
		Usr 0 00:10:24, Sys 0 00:00:38  -  Total Remote Usage
		Usr 0 00:00:00, Sys 0 00:00:00  -  Total Local Usage
	178748  -  Run Bytes Sent By Job
	2250925  -  Run Bytes Received By Job
	178748  -  Total Bytes Sent By Job
	2250925  -  Total Bytes Received By Job
	Partitionable Resources :    Usage  Request Allocated 
	   Cpus                 :     0.00        1         1 
	   Disk (KB)            :  5310        2250    741687 
	   Memory (MB)          :   210        2000      2000 
...
