000 (31980884.298.000) 03/28 21:58:25 Job submitted from host: <131.225.188.57:9618?addrs=131.225.188.57-9618&noUDP&sock=18092_2f86_3>
...
001 (31980884.298.000) 03/28 22:00:28 Job executing on host: <131.225.191.254:9618?addrs=131.225.191.254-9618&noUDP&sock=1431_201d_3>
...
006 (31980884.298.000) 03/28 22:00:37 Image size of job updated: 24
	24  -  MemoryUsage of job (MB)
	25016  -  ResidentSetSize of job (KB)
...
006 (31980884.298.000) 03/28 22:01:39 Image size of job updated: 116
	116  -  MemoryUsage of job (MB)
	119384  -  ResidentSetSize of job (KB)
...
006 (31980884.298.000) 03/28 22:02:39 Image size of job updated: 166
	166  -  MemoryUsage of job (MB)
	170244  -  ResidentSetSize of job (KB)
...
006 (31980884.298.000) 03/28 22:03:40 Image size of job updated: 191
	191  -  MemoryUsage of job (MB)
	195616  -  ResidentSetSize of job (KB)
...
006 (31980884.298.000) 03/28 22:04:20 Image size of job updated: 203
	203  -  MemoryUsage of job (MB)
	208404  -  ResidentSetSize of job (KB)
...
005 (31980884.298.000) 03/28 22:04:20 Job terminated.
	(1) Normal termination (return value 0)
		Usr 0 00:02:37, Sys 0 00:00:09  -  Run Remote Usage
		Usr 0 00:00:00, Sys 0 00:00:00  -  Run Local Usage
		Usr 0 00:02:37, Sys 0 00:00:09  -  Total Remote Usage
		Usr 0 00:00:00, Sys 0 00:00:00  -  Total Local Usage
	169768  -  Run Bytes Sent By Job
	2250925  -  Run Bytes Received By Job
	169768  -  Total Bytes Sent By Job
	2250925  -  Total Bytes Received By Job
	Partitionable Resources :    Usage  Request Allocated 
	   Cpus                 :        0        1         1 
	   Disk (KB)            :     5301     2250    775804 
	   Memory (MB)          :      203     2000      2000 
...
