000 (31980884.213.000) 03/28 21:58:24 Job submitted from host: <131.225.188.57:9618?addrs=131.225.188.57-9618&noUDP&sock=18092_2f86_3>
...
001 (31980884.213.000) 03/28 22:00:09 Job executing on host: <131.225.188.21:9618?addrs=131.225.188.21-9618&noUDP&sock=1933_74a8_3>
...
006 (31980884.213.000) 03/28 22:00:21 Image size of job updated: 14
	14  -  MemoryUsage of job (MB)
	15324  -  ResidentSetSize of job (KB)
...
006 (31980884.213.000) 03/28 22:01:18 Image size of job updated: 26
	26  -  MemoryUsage of job (MB)
	26812  -  ResidentSetSize of job (KB)
...
006 (31980884.213.000) 03/28 22:02:18 Image size of job updated: 27
	27  -  MemoryUsage of job (MB)
	28624  -  ResidentSetSize of job (KB)
...
006 (31980884.213.000) 03/28 22:03:19 Image size of job updated: 47
	47  -  MemoryUsage of job (MB)
	48560  -  ResidentSetSize of job (KB)
...
006 (31980884.213.000) 03/28 22:04:20 Image size of job updated: 168
	168  -  MemoryUsage of job (MB)
	172084  -  ResidentSetSize of job (KB)
...
006 (31980884.213.000) 03/28 22:05:20 Image size of job updated: 194
	194  -  MemoryUsage of job (MB)
	198860  -  ResidentSetSize of job (KB)
...
006 (31980884.213.000) 03/28 22:05:50 Image size of job updated: 205
	205  -  MemoryUsage of job (MB)
	210524  -  ResidentSetSize of job (KB)
...
005 (31980884.213.000) 03/28 22:05:51 Job terminated.
	(1) Normal termination (return value 0)
		Usr 0 00:02:10, Sys 0 00:00:09  -  Run Remote Usage
		Usr 0 00:00:00, Sys 0 00:00:00  -  Run Local Usage
		Usr 0 00:02:10, Sys 0 00:00:09  -  Total Remote Usage
		Usr 0 00:00:00, Sys 0 00:00:00  -  Total Local Usage
	167854  -  Run Bytes Sent By Job
	2250925  -  Run Bytes Received By Job
	167854  -  Total Bytes Sent By Job
	2250925  -  Total Bytes Received By Job
	Partitionable Resources :    Usage  Request Allocated 
	   Cpus                 :        0        1         1 
	   Disk (KB)            :     5299     2250   1649041 
	   Memory (MB)          :      205     2000      2000 
...
