000 (31980884.094.000) 03/28 21:58:24 Job submitted from host: <131.225.188.57:9618?addrs=131.225.188.57-9618&noUDP&sock=18092_2f86_3>
...
001 (31980884.094.000) 03/28 21:59:44 Job executing on host: <131.225.190.26:9618?addrs=131.225.190.26-9618&noUDP&sock=1443_5b40_3>
...
006 (31980884.094.000) 03/28 21:59:53 Image size of job updated: 21
	21  -  MemoryUsage of job (MB)
	22176  -  ResidentSetSize of job (KB)
...
006 (31980884.094.000) 03/28 22:01:55 Image size of job updated: 165
	165  -  MemoryUsage of job (MB)
	169136  -  ResidentSetSize of job (KB)
...
006 (31980884.094.000) 03/28 22:02:54 Image size of job updated: 188
	188  -  MemoryUsage of job (MB)
	193516  -  ResidentSetSize of job (KB)
...
006 (31980884.094.000) 03/28 22:03:54 Image size of job updated: 202
	202  -  MemoryUsage of job (MB)
	207792  -  ResidentSetSize of job (KB)
...
005 (31980884.094.000) 03/28 22:03:55 Job terminated.
	(1) Normal termination (return value 0)
		Usr 0 00:02:44, Sys 0 00:00:15  -  Run Remote Usage
		Usr 0 00:00:00, Sys 0 00:00:00  -  Run Local Usage
		Usr 0 00:02:44, Sys 0 00:00:15  -  Total Remote Usage
		Usr 0 00:00:00, Sys 0 00:00:00  -  Total Local Usage
	168394  -  Run Bytes Sent By Job
	2250925  -  Run Bytes Received By Job
	168394  -  Total Bytes Sent By Job
	2250925  -  Total Bytes Received By Job
	Partitionable Resources :    Usage  Request Allocated 
	   Cpus                 :     0.01        1         1 
	   Disk (KB)            :  5300        2250    776914 
	   Memory (MB)          :   202        2000      2000 
...
