000 (31980884.402.000) 03/28 21:58:25 Job submitted from host: <131.225.188.57:9618?addrs=131.225.188.57-9618&noUDP&sock=18092_2f86_3>
...
001 (31980884.402.000) 03/28 22:00:46 Job executing on host: <131.225.205.200:9618?addrs=131.225.205.200-9618&noUDP&sock=1480_bc41_3>
...
006 (31980884.402.000) 03/28 22:01:55 Image size of job updated: 148
	148  -  MemoryUsage of job (MB)
	152120  -  ResidentSetSize of job (KB)
...
006 (31980884.402.000) 03/28 22:03:55 Image size of job updated: 170
	170  -  MemoryUsage of job (MB)
	174332  -  ResidentSetSize of job (KB)
...
006 (31980884.402.000) 03/28 22:04:56 Image size of job updated: 180
	180  -  MemoryUsage of job (MB)
	184424  -  ResidentSetSize of job (KB)
...
006 (31980884.402.000) 03/28 22:05:58 Image size of job updated: 187
	187  -  MemoryUsage of job (MB)
	192176  -  ResidentSetSize of job (KB)
...
006 (31980884.402.000) 03/28 22:06:58 Image size of job updated: 187
	187  -  MemoryUsage of job (MB)
	192380  -  ResidentSetSize of job (KB)
...
006 (31980884.402.000) 03/28 22:07:58 Image size of job updated: 188
	188  -  MemoryUsage of job (MB)
	192580  -  ResidentSetSize of job (KB)
...
006 (31980884.402.000) 03/28 22:08:58 Image size of job updated: 188
	188  -  MemoryUsage of job (MB)
	192720  -  ResidentSetSize of job (KB)
...
006 (31980884.402.000) 03/28 22:09:58 Image size of job updated: 209
	209  -  MemoryUsage of job (MB)
	214672  -  ResidentSetSize of job (KB)
...
006 (31980884.402.000) 03/28 22:10:59 Image size of job updated: 212
	212  -  MemoryUsage of job (MB)
	217220  -  ResidentSetSize of job (KB)
...
006 (31980884.402.000) 03/28 22:12:00 Image size of job updated: 212
	212  -  MemoryUsage of job (MB)
	217380  -  ResidentSetSize of job (KB)
...
006 (31980884.402.000) 03/28 22:13:00 Image size of job updated: 213
	213  -  MemoryUsage of job (MB)
	219000  -  ResidentSetSize of job (KB)
...
006 (31980884.402.000) 03/28 22:14:00 Image size of job updated: 213
	213  -  MemoryUsage of job (MB)
	219032  -  ResidentSetSize of job (KB)
...
005 (31980884.402.000) 03/28 22:14:25 Job terminated.
	(1) Normal termination (return value 0)
		Usr 0 00:10:43, Sys 0 00:00:28  -  Run Remote Usage
		Usr 0 00:00:00, Sys 0 00:00:00  -  Run Local Usage
		Usr 0 00:10:43, Sys 0 00:00:28  -  Total Remote Usage
		Usr 0 00:00:00, Sys 0 00:00:00  -  Total Local Usage
	175123  -  Run Bytes Sent By Job
	2250925  -  Run Bytes Received By Job
	175123  -  Total Bytes Sent By Job
	2250925  -  Total Bytes Received By Job
	Partitionable Resources :    Usage  Request Allocated 
	   Cpus                 :     0.00        1         1 
	   Disk (KB)            :  5306        2250   1681120 
	   Memory (MB)          :   213        2000      2000 
...
