000 (31980884.051.000) 03/28 21:58:24 Job submitted from host: <131.225.188.57:9618?addrs=131.225.188.57-9618&noUDP&sock=18092_2f86_3>
...
001 (31980884.051.000) 03/28 21:59:35 Job executing on host: <131.225.205.176:9618?addrs=131.225.205.176-9618&noUDP&sock=1460_045c_3>
...
006 (31980884.051.000) 03/28 21:59:44 Image size of job updated: 21
	21  -  MemoryUsage of job (MB)
	22020  -  ResidentSetSize of job (KB)
...
006 (31980884.051.000) 03/28 22:00:45 Image size of job updated: 164
	164  -  MemoryUsage of job (MB)
	168180  -  ResidentSetSize of job (KB)
...
006 (31980884.051.000) 03/28 22:01:46 Image size of job updated: 166
	166  -  MemoryUsage of job (MB)
	170784  -  ResidentSetSize of job (KB)
...
006 (31980884.051.000) 03/28 22:02:48 Image size of job updated: 191
	191  -  MemoryUsage of job (MB)
	195680  -  ResidentSetSize of job (KB)
...
006 (31980884.051.000) 03/28 22:03:48 Image size of job updated: 204
	204  -  MemoryUsage of job (MB)
	209008  -  ResidentSetSize of job (KB)
...
005 (31980884.051.000) 03/28 22:04:21 Job terminated.
	(1) Normal termination (return value 0)
		Usr 0 00:03:08, Sys 0 00:00:08  -  Run Remote Usage
		Usr 0 00:00:00, Sys 0 00:00:00  -  Run Local Usage
		Usr 0 00:03:08, Sys 0 00:00:08  -  Total Remote Usage
		Usr 0 00:00:00, Sys 0 00:00:00  -  Total Local Usage
	167389  -  Run Bytes Sent By Job
	2250925  -  Run Bytes Received By Job
	167389  -  Total Bytes Sent By Job
	2250925  -  Total Bytes Received By Job
	Partitionable Resources :    Usage  Request Allocated 
	   Cpus                 :     0.15        1         1 
	   Disk (KB)            :  5300        2250   1635618 
	   Memory (MB)          :   204        2000      2000 
...
