000 (31980884.293.000) 03/28 21:58:25 Job submitted from host: <131.225.188.57:9618?addrs=131.225.188.57-9618&noUDP&sock=18092_2f86_3>
...
001 (31980884.293.000) 03/28 22:00:26 Job executing on host: <131.225.188.106:9618?addrs=131.225.188.106-9618&noUDP&sock=1920_89ed_3>
...
006 (31980884.293.000) 03/28 22:00:34 Image size of job updated: 6
	6  -  MemoryUsage of job (MB)
	6400  -  ResidentSetSize of job (KB)
...
006 (31980884.293.000) 03/28 22:01:34 Image size of job updated: 46
	46  -  MemoryUsage of job (MB)
	47252  -  ResidentSetSize of job (KB)
...
006 (31980884.293.000) 03/28 22:02:35 Image size of job updated: 166
	166  -  MemoryUsage of job (MB)
	170372  -  ResidentSetSize of job (KB)
...
006 (31980884.293.000) 03/28 22:03:35 Image size of job updated: 198
	198  -  MemoryUsage of job (MB)
	203280  -  ResidentSetSize of job (KB)
...
006 (31980884.293.000) 03/28 22:03:52 Image size of job updated: 204
	204  -  MemoryUsage of job (MB)
	209260  -  ResidentSetSize of job (KB)
...
005 (31980884.293.000) 03/28 22:03:54 Job terminated.
	(1) Normal termination (return value 0)
		Usr 0 00:02:07, Sys 0 00:00:07  -  Run Remote Usage
		Usr 0 00:00:00, Sys 0 00:00:00  -  Run Local Usage
		Usr 0 00:02:07, Sys 0 00:00:07  -  Total Remote Usage
		Usr 0 00:00:00, Sys 0 00:00:00  -  Total Local Usage
	167084  -  Run Bytes Sent By Job
	2250925  -  Run Bytes Received By Job
	167084  -  Total Bytes Sent By Job
	2250925  -  Total Bytes Received By Job
	Partitionable Resources :    Usage  Request Allocated 
	   Cpus                 :        0        1         1 
	   Disk (KB)            :     5298     2250   1619590 
	   Memory (MB)          :      204     2000      2000 
...
