000 (31980884.247.000) 03/28 21:58:24 Job submitted from host: <131.225.188.57:9618?addrs=131.225.188.57-9618&noUDP&sock=18092_2f86_3>
...
001 (31980884.247.000) 03/28 22:00:18 Job executing on host: <131.225.191.165:9618?addrs=131.225.191.165-9618&noUDP&sock=1450_286a_3>
...
006 (31980884.247.000) 03/28 22:01:29 Image size of job updated: 148
	148  -  MemoryUsage of job (MB)
	152124  -  ResidentSetSize of job (KB)
...
006 (31980884.247.000) 03/28 22:05:31 Image size of job updated: 169
	169  -  MemoryUsage of job (MB)
	173196  -  ResidentSetSize of job (KB)
...
006 (31980884.247.000) 03/28 22:06:32 Image size of job updated: 172
	172  -  MemoryUsage of job (MB)
	176156  -  ResidentSetSize of job (KB)
...
006 (31980884.247.000) 03/28 22:07:32 Image size of job updated: 174
	174  -  MemoryUsage of job (MB)
	178672  -  ResidentSetSize of job (KB)
...
006 (31980884.247.000) 03/28 22:08:32 Image size of job updated: 187
	187  -  MemoryUsage of job (MB)
	191824  -  ResidentSetSize of job (KB)
...
006 (31980884.247.000) 03/28 22:09:32 Image size of job updated: 187
	187  -  MemoryUsage of job (MB)
	192016  -  ResidentSetSize of job (KB)
...
006 (31980884.247.000) 03/28 22:10:33 Image size of job updated: 187
	187  -  MemoryUsage of job (MB)
	192128  -  ResidentSetSize of job (KB)
...
006 (31980884.247.000) 03/28 22:11:34 Image size of job updated: 194
	194  -  MemoryUsage of job (MB)
	198664  -  ResidentSetSize of job (KB)
...
006 (31980884.247.000) 03/28 22:12:35 Image size of job updated: 212
	212  -  MemoryUsage of job (MB)
	217740  -  ResidentSetSize of job (KB)
...
006 (31980884.247.000) 03/28 22:13:35 Image size of job updated: 212
	212  -  MemoryUsage of job (MB)
	217964  -  ResidentSetSize of job (KB)
...
006 (31980884.247.000) 03/28 22:14:35 Image size of job updated: 213
	213  -  MemoryUsage of job (MB)
	218172  -  ResidentSetSize of job (KB)
...
006 (31980884.247.000) 03/28 22:16:35 Image size of job updated: 215
	215  -  MemoryUsage of job (MB)
	220428  -  ResidentSetSize of job (KB)
...
006 (31980884.247.000) 03/28 22:17:36 Image size of job updated: 215
	215  -  MemoryUsage of job (MB)
	220460  -  ResidentSetSize of job (KB)
...
005 (31980884.247.000) 03/28 22:18:33 Job terminated.
	(1) Normal termination (return value 0)
		Usr 0 00:11:01, Sys 0 00:00:44  -  Run Remote Usage
		Usr 0 00:00:00, Sys 0 00:00:00  -  Run Local Usage
		Usr 0 00:11:01, Sys 0 00:00:44  -  Total Remote Usage
		Usr 0 00:00:00, Sys 0 00:00:00  -  Total Local Usage
	181323  -  Run Bytes Sent By Job
	2250925  -  Run Bytes Received By Job
	181323  -  Total Bytes Sent By Job
	2250925  -  Total Bytes Received By Job
	Partitionable Resources :    Usage  Request Allocated 
	   Cpus                 :        0        1         1 
	   Disk (KB)            :     5312     2250    770826 
	   Memory (MB)          :      215     2000      2000 
...
