000 (31980884.116.000) 03/28 21:58:24 Job submitted from host: <131.225.188.57:9618?addrs=131.225.188.57-9618&noUDP&sock=18092_2f86_3>
...
001 (31980884.116.000) 03/28 21:59:50 Job executing on host: <131.225.190.58:9618?addrs=131.225.190.58-9618&noUDP&sock=1428_1154_3>
...
006 (31980884.116.000) 03/28 22:01:00 Image size of job updated: 86
	86  -  MemoryUsage of job (MB)
	88380  -  ResidentSetSize of job (KB)
...
006 (31980884.116.000) 03/28 22:02:00 Image size of job updated: 167
	167  -  MemoryUsage of job (MB)
	171888  -  ResidentSetSize of job (KB)
...
006 (31980884.116.000) 03/28 22:03:01 Image size of job updated: 186
	186  -  MemoryUsage of job (MB)
	191300  -  ResidentSetSize of job (KB)
...
006 (31980884.116.000) 03/28 22:03:57 Image size of job updated: 205
	205  -  MemoryUsage of job (MB)
	210572  -  ResidentSetSize of job (KB)
...
005 (31980884.116.000) 03/28 22:03:58 Job terminated.
	(1) Normal termination (return value 0)
		Usr 0 00:02:40, Sys 0 00:00:10  -  Run Remote Usage
		Usr 0 00:00:00, Sys 0 00:00:00  -  Run Local Usage
		Usr 0 00:02:40, Sys 0 00:00:10  -  Total Remote Usage
		Usr 0 00:00:00, Sys 0 00:00:00  -  Total Local Usage
	168783  -  Run Bytes Sent By Job
	2250925  -  Run Bytes Received By Job
	168783  -  Total Bytes Sent By Job
	2250925  -  Total Bytes Received By Job
	Partitionable Resources :    Usage  Request Allocated 
	   Cpus                 :        0        1         1 
	   Disk (KB)            :     5300     2250    738996 
	   Memory (MB)          :      205     2000      2000 
...
