000 (31980884.179.000) 03/28 21:58:24 Job submitted from host: <131.225.188.57:9618?addrs=131.225.188.57-9618&noUDP&sock=18092_2f86_3>
...
001 (31980884.179.000) 03/28 22:00:02 Job executing on host: <131.225.205.191:9618?addrs=131.225.205.191-9618&noUDP&sock=1466_21ee_3>
...
006 (31980884.179.000) 03/28 22:01:12 Image size of job updated: 86
	86  -  MemoryUsage of job (MB)
	88380  -  ResidentSetSize of job (KB)
...
006 (31980884.179.000) 03/28 22:02:13 Image size of job updated: 166
	166  -  MemoryUsage of job (MB)
	170968  -  ResidentSetSize of job (KB)
...
006 (31980884.179.000) 03/28 22:03:13 Image size of job updated: 194
	194  -  MemoryUsage of job (MB)
	198752  -  ResidentSetSize of job (KB)
...
006 (31980884.179.000) 03/28 22:03:58 Image size of job updated: 206
	206  -  MemoryUsage of job (MB)
	211696  -  ResidentSetSize of job (KB)
...
005 (31980884.179.000) 03/28 22:03:59 Job terminated.
	(1) Normal termination (return value 0)
		Usr 0 00:02:53, Sys 0 00:00:09  -  Run Remote Usage
		Usr 0 00:00:00, Sys 0 00:00:00  -  Run Local Usage
		Usr 0 00:02:53, Sys 0 00:00:09  -  Total Remote Usage
		Usr 0 00:00:00, Sys 0 00:00:00  -  Total Local Usage
	167162  -  Run Bytes Sent By Job
	2250925  -  Run Bytes Received By Job
	167162  -  Total Bytes Sent By Job
	2250925  -  Total Bytes Received By Job
	Partitionable Resources :    Usage  Request Allocated 
	   Cpus                 :        0        1         1 
	   Disk (KB)            :     5298     2250   1650691 
	   Memory (MB)          :      206     2000      2000 
...
