000 (31980884.100.000) 03/28 21:58:24 Job submitted from host: <131.225.188.57:9618?addrs=131.225.188.57-9618&noUDP&sock=18092_2f86_3>
...
001 (31980884.100.000) 03/28 21:59:47 Job executing on host: <131.225.191.75:9618?addrs=131.225.191.75-9618&noUDP&sock=1443_5b40_3>
...
006 (31980884.100.000) 03/28 21:59:56 Image size of job updated: 5
	4  -  MemoryUsage of job (MB)
	4100  -  ResidentSetSize of job (KB)
...
006 (31980884.100.000) 03/28 22:00:56 Image size of job updated: 27
	27  -  MemoryUsage of job (MB)
	27860  -  ResidentSetSize of job (KB)
...
006 (31980884.100.000) 03/28 22:01:56 Image size of job updated: 28
	28  -  MemoryUsage of job (MB)
	29228  -  ResidentSetSize of job (KB)
...
006 (31980884.100.000) 03/28 22:02:57 Image size of job updated: 48
	48  -  MemoryUsage of job (MB)
	49228  -  ResidentSetSize of job (KB)
...
006 (31980884.100.000) 03/28 22:03:57 Image size of job updated: 165
	165  -  MemoryUsage of job (MB)
	169300  -  ResidentSetSize of job (KB)
...
006 (31980884.100.000) 03/28 22:04:57 Image size of job updated: 189
	189  -  MemoryUsage of job (MB)
	193776  -  ResidentSetSize of job (KB)
...
006 (31980884.100.000) 03/28 22:05:58 Image size of job updated: 203
	203  -  MemoryUsage of job (MB)
	208088  -  ResidentSetSize of job (KB)
...
005 (31980884.100.000) 03/28 22:05:59 Job terminated.
	(1) Normal termination (return value 0)
		Usr 0 00:02:40, Sys 0 00:00:11  -  Run Remote Usage
		Usr 0 00:00:00, Sys 0 00:00:00  -  Run Local Usage
		Usr 0 00:02:40, Sys 0 00:00:11  -  Total Remote Usage
		Usr 0 00:00:00, Sys 0 00:00:00  -  Total Local Usage
	167715  -  Run Bytes Sent By Job
	2250925  -  Run Bytes Received By Job
	167715  -  Total Bytes Sent By Job
	2250925  -  Total Bytes Received By Job
	Partitionable Resources :    Usage  Request Allocated 
	   Cpus                 :        0        1         1 
	   Disk (KB)            :     5299     2250    793354 
	   Memory (MB)          :      203     2000      2000 
...
