000 (31980884.082.000) 03/28 21:58:24 Job submitted from host: <131.225.188.57:9618?addrs=131.225.188.57-9618&noUDP&sock=18092_2f86_3>
...
001 (31980884.082.000) 03/28 21:59:44 Job executing on host: <131.225.190.44:9618?addrs=131.225.190.44-9618&noUDP&sock=1431_201d_3>
...
006 (31980884.082.000) 03/28 21:59:53 Image size of job updated: 14
	14  -  MemoryUsage of job (MB)
	15320  -  ResidentSetSize of job (KB)
...
006 (31980884.082.000) 03/28 22:00:53 Image size of job updated: 26
	26  -  MemoryUsage of job (MB)
	27516  -  ResidentSetSize of job (KB)
...
006 (31980884.082.000) 03/28 22:01:54 Image size of job updated: 27
	27  -  MemoryUsage of job (MB)
	28028  -  ResidentSetSize of job (KB)
...
006 (31980884.082.000) 03/28 22:02:55 Image size of job updated: 96
	96  -  MemoryUsage of job (MB)
	98740  -  ResidentSetSize of job (KB)
...
006 (31980884.082.000) 03/28 22:03:55 Image size of job updated: 167
	167  -  MemoryUsage of job (MB)
	171336  -  ResidentSetSize of job (KB)
...
006 (31980884.082.000) 03/28 22:04:55 Image size of job updated: 194
	194  -  MemoryUsage of job (MB)
	198864  -  ResidentSetSize of job (KB)
...
005 (31980884.082.000) 03/28 22:05:33 Job terminated.
	(1) Normal termination (return value 0)
		Usr 0 00:02:16, Sys 0 00:00:13  -  Run Remote Usage
		Usr 0 00:00:00, Sys 0 00:00:00  -  Run Local Usage
		Usr 0 00:02:16, Sys 0 00:00:13  -  Total Remote Usage
		Usr 0 00:00:00, Sys 0 00:00:00  -  Total Local Usage
	168066  -  Run Bytes Sent By Job
	2250925  -  Run Bytes Received By Job
	168066  -  Total Bytes Sent By Job
	2250925  -  Total Bytes Received By Job
	Partitionable Resources :    Usage  Request Allocated 
	   Cpus                 :        0        1         1 
	   Disk (KB)            :     5299     2250    772815 
	   Memory (MB)          :      194     2000      2000 
...
