000 (31980884.211.000) 03/28 21:58:24 Job submitted from host: <131.225.188.57:9618?addrs=131.225.188.57-9618&noUDP&sock=18092_2f86_3>
...
001 (31980884.211.000) 03/28 22:00:33 Job executing on host: <131.225.190.19:9618?addrs=131.225.190.19-9618&noUDP&sock=1450_286a_3>
...
006 (31980884.211.000) 03/28 22:04:56 Image size of job updated: 100
	100  -  MemoryUsage of job (MB)
	103012  -  ResidentSetSize of job (KB)
...
006 (31980884.211.000) 03/28 22:05:57 Image size of job updated: 132
	132  -  MemoryUsage of job (MB)
	135748  -  ResidentSetSize of job (KB)
...
006 (31980884.211.000) 03/28 22:18:03 Image size of job updated: 168
	168  -  MemoryUsage of job (MB)
	172060  -  ResidentSetSize of job (KB)
...
006 (31980884.211.000) 03/28 22:19:03 Image size of job updated: 204
	204  -  MemoryUsage of job (MB)
	208960  -  ResidentSetSize of job (KB)
...
006 (31980884.211.000) 03/28 22:19:26 Image size of job updated: 204
	204  -  MemoryUsage of job (MB)
	209052  -  ResidentSetSize of job (KB)
...
005 (31980884.211.000) 03/28 22:19:28 Job terminated.
	(1) Normal termination (return value 0)
		Usr 0 00:02:41, Sys 0 00:00:08  -  Run Remote Usage
		Usr 0 00:00:00, Sys 0 00:00:00  -  Run Local Usage
		Usr 0 00:02:41, Sys 0 00:00:08  -  Total Remote Usage
		Usr 0 00:00:00, Sys 0 00:00:00  -  Total Local Usage
	170418  -  Run Bytes Sent By Job
	2250925  -  Run Bytes Received By Job
	170418  -  Total Bytes Sent By Job
	2250925  -  Total Bytes Received By Job
	Partitionable Resources :    Usage  Request Allocated 
	   Cpus                 :     0.00        1         1 
	   Disk (KB)            :  5302        2250    770693 
	   Memory (MB)          :   204        2000      2000 
...
