000 (31980884.447.000) 03/28 21:58:25 Job submitted from host: <131.225.188.57:9618?addrs=131.225.188.57-9618&noUDP&sock=18092_2f86_3>
...
001 (31980884.447.000) 03/28 22:00:57 Job executing on host: <131.225.205.187:9618?addrs=131.225.205.187-9618&noUDP&sock=1447_19a1_3>
...
006 (31980884.447.000) 03/28 22:02:06 Image size of job updated: 105
	105  -  MemoryUsage of job (MB)
	107800  -  ResidentSetSize of job (KB)
...
006 (31980884.447.000) 03/28 22:03:06 Image size of job updated: 132
	132  -  MemoryUsage of job (MB)
	135752  -  ResidentSetSize of job (KB)
...
006 (31980884.447.000) 03/28 22:04:06 Image size of job updated: 168
	168  -  MemoryUsage of job (MB)
	172968  -  ResidentSetSize of job (KB)
...
006 (31980884.447.000) 03/28 22:05:07 Image size of job updated: 172
	172  -  MemoryUsage of job (MB)
	176300  -  ResidentSetSize of job (KB)
...
006 (31980884.447.000) 03/28 22:06:08 Image size of job updated: 174
	174  -  MemoryUsage of job (MB)
	178744  -  ResidentSetSize of job (KB)
...
006 (31980884.447.000) 03/28 22:07:09 Image size of job updated: 187
	187  -  MemoryUsage of job (MB)
	191852  -  ResidentSetSize of job (KB)
...
006 (31980884.447.000) 03/28 22:08:09 Image size of job updated: 187
	187  -  MemoryUsage of job (MB)
	192064  -  ResidentSetSize of job (KB)
...
006 (31980884.447.000) 03/28 22:09:09 Image size of job updated: 187
	187  -  MemoryUsage of job (MB)
	192268  -  ResidentSetSize of job (KB)
...
006 (31980884.447.000) 03/28 22:10:09 Image size of job updated: 187
	187  -  MemoryUsage of job (MB)
	192480  -  ResidentSetSize of job (KB)
...
006 (31980884.447.000) 03/28 22:11:10 Image size of job updated: 206
	206  -  MemoryUsage of job (MB)
	211028  -  ResidentSetSize of job (KB)
...
006 (31980884.447.000) 03/28 22:12:12 Image size of job updated: 206
	206  -  MemoryUsage of job (MB)
	211292  -  ResidentSetSize of job (KB)
...
006 (31980884.447.000) 03/28 22:13:12 Image size of job updated: 206
	206  -  MemoryUsage of job (MB)
	211428  -  ResidentSetSize of job (KB)
...
006 (31980884.447.000) 03/28 22:14:12 Image size of job updated: 208
	208  -  MemoryUsage of job (MB)
	213692  -  ResidentSetSize of job (KB)
...
006 (31980884.447.000) 03/28 22:16:12 Image size of job updated: 208
	208  -  MemoryUsage of job (MB)
	213724  -  ResidentSetSize of job (KB)
...
006 (31980884.447.000) 03/28 22:16:45 Image size of job updated: 209
	209  -  MemoryUsage of job (MB)
	214088  -  ResidentSetSize of job (KB)
...
005 (31980884.447.000) 03/28 22:16:46 Job terminated.
	(1) Normal termination (return value 0)
		Usr 0 00:11:39, Sys 0 00:00:35  -  Run Remote Usage
		Usr 0 00:00:00, Sys 0 00:00:00  -  Run Local Usage
		Usr 0 00:11:39, Sys 0 00:00:35  -  Total Remote Usage
		Usr 0 00:00:00, Sys 0 00:00:00  -  Total Local Usage
	179511  -  Run Bytes Sent By Job
	2250925  -  Run Bytes Received By Job
	179511  -  Total Bytes Sent By Job
	2250925  -  Total Bytes Received By Job
	Partitionable Resources :    Usage  Request Allocated 
	   Cpus                 :        0        1         1 
	   Disk (KB)            :     5310     2250   1632077 
	   Memory (MB)          :      209     2000      2000 
...
