000 (31980884.214.000) 03/28 21:58:24 Job submitted from host: <131.225.188.57:9618?addrs=131.225.188.57-9618&noUDP&sock=18092_2f86_3>
...
001 (31980884.214.000) 03/28 22:00:09 Job executing on host: <131.225.188.14:9618?addrs=131.225.188.14-9618&noUDP&sock=1925_f7e6_3>
...
006 (31980884.214.000) 03/28 22:00:18 Image size of job updated: 16
	16  -  MemoryUsage of job (MB)
	16984  -  ResidentSetSize of job (KB)
...
006 (31980884.214.000) 03/28 22:01:19 Image size of job updated: 28
	28  -  MemoryUsage of job (MB)
	29068  -  ResidentSetSize of job (KB)
...
006 (31980884.214.000) 03/28 22:02:19 Image size of job updated: 40
	40  -  MemoryUsage of job (MB)
	41384  -  ResidentSetSize of job (KB)
...
006 (31980884.214.000) 03/28 22:03:19 Image size of job updated: 164
	164  -  MemoryUsage of job (MB)
	168792  -  ResidentSetSize of job (KB)
...
006 (31980884.214.000) 03/28 22:04:20 Image size of job updated: 188
	188  -  MemoryUsage of job (MB)
	192748  -  ResidentSetSize of job (KB)
...
006 (31980884.214.000) 03/28 22:05:02 Image size of job updated: 204
	204  -  MemoryUsage of job (MB)
	209660  -  ResidentSetSize of job (KB)
...
005 (31980884.214.000) 03/28 22:05:03 Job terminated.
	(1) Normal termination (return value 0)
		Usr 0 00:02:12, Sys 0 00:00:08  -  Run Remote Usage
		Usr 0 00:00:00, Sys 0 00:00:00  -  Run Local Usage
		Usr 0 00:02:12, Sys 0 00:00:08  -  Total Remote Usage
		Usr 0 00:00:00, Sys 0 00:00:00  -  Total Local Usage
	167753  -  Run Bytes Sent By Job
	2250925  -  Run Bytes Received By Job
	167753  -  Total Bytes Sent By Job
	2250925  -  Total Bytes Received By Job
	Partitionable Resources :    Usage  Request Allocated 
	   Cpus                 :     0.00        1         1 
	   Disk (KB)            :  5299        2250   1643729 
	   Memory (MB)          :   204        2000      2000 
...
