000 (31980884.282.000) 03/28 21:58:24 Job submitted from host: <131.225.188.57:9618?addrs=131.225.188.57-9618&noUDP&sock=18092_2f86_3>
...
001 (31980884.282.000) 03/28 22:00:23 Job executing on host: <131.225.188.42:9618?addrs=131.225.188.42-9618&noUDP&sock=1940_41d2_3>
...
006 (31980884.282.000) 03/28 22:00:32 Image size of job updated: 15
	15  -  MemoryUsage of job (MB)
	15660  -  ResidentSetSize of job (KB)
...
006 (31980884.282.000) 03/28 22:01:33 Image size of job updated: 163
	163  -  MemoryUsage of job (MB)
	167760  -  ResidentSetSize of job (KB)
...
006 (31980884.282.000) 03/28 22:02:34 Image size of job updated: 175
	175  -  MemoryUsage of job (MB)
	179360  -  ResidentSetSize of job (KB)
...
006 (31980884.282.000) 03/28 22:03:29 Image size of job updated: 206
	206  -  MemoryUsage of job (MB)
	211048  -  ResidentSetSize of job (KB)
...
005 (31980884.282.000) 03/28 22:03:30 Job terminated.
	(1) Normal termination (return value 0)
		Usr 0 00:02:23, Sys 0 00:00:07  -  Run Remote Usage
		Usr 0 00:00:00, Sys 0 00:00:00  -  Run Local Usage
		Usr 0 00:02:23, Sys 0 00:00:07  -  Total Remote Usage
		Usr 0 00:00:00, Sys 0 00:00:00  -  Total Local Usage
	167365  -  Run Bytes Sent By Job
	2250925  -  Run Bytes Received By Job
	167365  -  Total Bytes Sent By Job
	2250925  -  Total Bytes Received By Job
	Partitionable Resources :    Usage  Request Allocated 
	   Cpus                 :        0        1         1 
	   Disk (KB)            :     5298     2250   1658851 
	   Memory (MB)          :      206     2000      2000 
...
