000 (31980884.192.000) 03/28 21:58:24 Job submitted from host: <131.225.188.57:9618?addrs=131.225.188.57-9618&noUDP&sock=18092_2f86_3>
...
001 (31980884.192.000) 03/28 22:00:05 Job executing on host: <131.225.188.64:9618?addrs=131.225.188.64-9618&noUDP&sock=1934_2440_3>
...
006 (31980884.192.000) 03/28 22:01:14 Image size of job updated: 52
	52  -  MemoryUsage of job (MB)
	54208  -  ResidentSetSize of job (KB)
...
006 (31980884.192.000) 03/28 22:02:14 Image size of job updated: 166
	166  -  MemoryUsage of job (MB)
	170572  -  ResidentSetSize of job (KB)
...
006 (31980884.192.000) 03/28 22:03:14 Image size of job updated: 191
	191  -  MemoryUsage of job (MB)
	196128  -  ResidentSetSize of job (KB)
...
006 (31980884.192.000) 03/28 22:03:38 Image size of job updated: 204
	204  -  MemoryUsage of job (MB)
	208976  -  ResidentSetSize of job (KB)
...
005 (31980884.192.000) 03/28 22:03:39 Job terminated.
	(1) Normal termination (return value 0)
		Usr 0 00:02:10, Sys 0 00:00:07  -  Run Remote Usage
		Usr 0 00:00:00, Sys 0 00:00:00  -  Run Local Usage
		Usr 0 00:02:10, Sys 0 00:00:07  -  Total Remote Usage
		Usr 0 00:00:00, Sys 0 00:00:00  -  Total Local Usage
	167204  -  Run Bytes Sent By Job
	2250925  -  Run Bytes Received By Job
	167204  -  Total Bytes Sent By Job
	2250925  -  Total Bytes Received By Job
	Partitionable Resources :    Usage  Request Allocated 
	   Cpus                 :     0.00        1         1 
	   Disk (KB)            :  5298        2250   1622647 
	   Memory (MB)          :   204        2000      2000 
...
