000 (31980884.239.000) 03/28 21:58:24 Job submitted from host: <131.225.188.57:9618?addrs=131.225.188.57-9618&noUDP&sock=18092_2f86_3>
...
001 (31980884.239.000) 03/28 22:00:14 Job executing on host: <131.225.205.213:9618?addrs=131.225.205.213-9618&noUDP&sock=1476_fde0_3>
...
006 (31980884.239.000) 03/28 22:01:23 Image size of job updated: 132
	132  -  MemoryUsage of job (MB)
	135736  -  ResidentSetSize of job (KB)
...
006 (31980884.239.000) 03/28 22:04:23 Image size of job updated: 170
	170  -  MemoryUsage of job (MB)
	174080  -  ResidentSetSize of job (KB)
...
006 (31980884.239.000) 03/28 22:05:24 Image size of job updated: 172
	172  -  MemoryUsage of job (MB)
	176304  -  ResidentSetSize of job (KB)
...
006 (31980884.239.000) 03/28 22:06:24 Image size of job updated: 174
	174  -  MemoryUsage of job (MB)
	178568  -  ResidentSetSize of job (KB)
...
006 (31980884.239.000) 03/28 22:07:24 Image size of job updated: 187
	187  -  MemoryUsage of job (MB)
	191740  -  ResidentSetSize of job (KB)
...
006 (31980884.239.000) 03/28 22:08:24 Image size of job updated: 187
	187  -  MemoryUsage of job (MB)
	191944  -  ResidentSetSize of job (KB)
...
006 (31980884.239.000) 03/28 22:09:25 Image size of job updated: 187
	187  -  MemoryUsage of job (MB)
	192136  -  ResidentSetSize of job (KB)
...
006 (31980884.239.000) 03/28 22:10:26 Image size of job updated: 205
	205  -  MemoryUsage of job (MB)
	210552  -  ResidentSetSize of job (KB)
...
006 (31980884.239.000) 03/28 22:11:26 Image size of job updated: 205
	205  -  MemoryUsage of job (MB)
	210824  -  ResidentSetSize of job (KB)
...
006 (31980884.239.000) 03/28 22:12:26 Image size of job updated: 206
	206  -  MemoryUsage of job (MB)
	211016  -  ResidentSetSize of job (KB)
...
006 (31980884.239.000) 03/28 22:13:26 Image size of job updated: 206
	206  -  MemoryUsage of job (MB)
	211120  -  ResidentSetSize of job (KB)
...
006 (31980884.239.000) 03/28 22:14:27 Image size of job updated: 208
	208  -  MemoryUsage of job (MB)
	213436  -  ResidentSetSize of job (KB)
...
006 (31980884.239.000) 03/28 22:15:28 Image size of job updated: 208
	208  -  MemoryUsage of job (MB)
	213472  -  ResidentSetSize of job (KB)
...
005 (31980884.239.000) 03/28 22:16:24 Job terminated.
	(1) Normal termination (return value 0)
		Usr 0 00:11:37, Sys 0 00:00:34  -  Run Remote Usage
		Usr 0 00:00:00, Sys 0 00:00:00  -  Run Local Usage
		Usr 0 00:11:37, Sys 0 00:00:34  -  Total Remote Usage
		Usr 0 00:00:00, Sys 0 00:00:00  -  Total Local Usage
	177852  -  Run Bytes Sent By Job
	2250925  -  Run Bytes Received By Job
	177852  -  Total Bytes Sent By Job
	2250925  -  Total Bytes Received By Job
	Partitionable Resources :    Usage  Request Allocated 
	   Cpus                 :        0        1         1 
	   Disk (KB)            :     5309     2250   1683486 
	   Memory (MB)          :      208     2000      2000 
...
