000 (31980884.254.000) 03/28 21:58:24 Job submitted from host: <131.225.188.57:9618?addrs=131.225.188.57-9618&noUDP&sock=18092_2f86_3>
...
001 (31980884.254.000) 03/28 22:00:13 Job executing on host: <131.225.191.222:9618?addrs=131.225.191.222-9618&noUDP&sock=1433_7f4e_3>
...
006 (31980884.254.000) 03/28 22:01:23 Image size of job updated: 148
	148  -  MemoryUsage of job (MB)
	152124  -  ResidentSetSize of job (KB)
...
006 (31980884.254.000) 03/28 22:04:23 Image size of job updated: 169
	169  -  MemoryUsage of job (MB)
	173624  -  ResidentSetSize of job (KB)
...
006 (31980884.254.000) 03/28 22:05:24 Image size of job updated: 172
	172  -  MemoryUsage of job (MB)
	177012  -  ResidentSetSize of job (KB)
...
006 (31980884.254.000) 03/28 22:06:25 Image size of job updated: 187
	187  -  MemoryUsage of job (MB)
	191704  -  ResidentSetSize of job (KB)
...
006 (31980884.254.000) 03/28 22:07:26 Image size of job updated: 192
	192  -  MemoryUsage of job (MB)
	197580  -  ResidentSetSize of job (KB)
...
006 (31980884.254.000) 03/28 22:08:26 Image size of job updated: 193
	193  -  MemoryUsage of job (MB)
	197808  -  ResidentSetSize of job (KB)
...
006 (31980884.254.000) 03/28 22:09:26 Image size of job updated: 193
	193  -  MemoryUsage of job (MB)
	198048  -  ResidentSetSize of job (KB)
...
006 (31980884.254.000) 03/28 22:10:26 Image size of job updated: 215
	215  -  MemoryUsage of job (MB)
	220308  -  ResidentSetSize of job (KB)
...
006 (31980884.254.000) 03/28 22:11:27 Image size of job updated: 215
	215  -  MemoryUsage of job (MB)
	220492  -  ResidentSetSize of job (KB)
...
006 (31980884.254.000) 03/28 22:12:28 Image size of job updated: 215
	215  -  MemoryUsage of job (MB)
	220688  -  ResidentSetSize of job (KB)
...
006 (31980884.254.000) 03/28 22:13:29 Image size of job updated: 217
	217  -  MemoryUsage of job (MB)
	222944  -  ResidentSetSize of job (KB)
...
006 (31980884.254.000) 03/28 22:14:29 Image size of job updated: 217
	217  -  MemoryUsage of job (MB)
	222972  -  ResidentSetSize of job (KB)
...
005 (31980884.254.000) 03/28 22:15:30 Job terminated.
	(1) Normal termination (return value 0)
		Usr 0 00:10:32, Sys 0 00:00:39  -  Run Remote Usage
		Usr 0 00:00:00, Sys 0 00:00:00  -  Run Local Usage
		Usr 0 00:10:32, Sys 0 00:00:39  -  Total Remote Usage
		Usr 0 00:00:00, Sys 0 00:00:00  -  Total Local Usage
	178454  -  Run Bytes Sent By Job
	2250925  -  Run Bytes Received By Job
	178454  -  Total Bytes Sent By Job
	2250925  -  Total Bytes Received By Job
	Partitionable Resources :    Usage  Request Allocated 
	   Cpus                 :        0        1         1 
	   Disk (KB)            :     5309     2250    765655 
	   Memory (MB)          :      217     2000      2000 
...
