000 (31980884.182.000) 03/28 21:58:24 Job submitted from host: <131.225.188.57:9618?addrs=131.225.188.57-9618&noUDP&sock=18092_2f86_3>
...
001 (31980884.182.000) 03/28 22:00:03 Job executing on host: <131.225.205.193:9618?addrs=131.225.205.193-9618&noUDP&sock=1457_f593_3>
...
006 (31980884.182.000) 03/28 22:00:12 Image size of job updated: 5
	5  -  MemoryUsage of job (MB)
	5708  -  ResidentSetSize of job (KB)
...
006 (31980884.182.000) 03/28 22:01:13 Image size of job updated: 54
	54  -  MemoryUsage of job (MB)
	55476  -  ResidentSetSize of job (KB)
...
006 (31980884.182.000) 03/28 22:02:13 Image size of job updated: 165
	165  -  MemoryUsage of job (MB)
	169900  -  ResidentSetSize of job (KB)
...
006 (31980884.182.000) 03/28 22:03:14 Image size of job updated: 188
	188  -  MemoryUsage of job (MB)
	192608  -  ResidentSetSize of job (KB)
...
006 (31980884.182.000) 03/28 22:04:12 Image size of job updated: 208
	208  -  MemoryUsage of job (MB)
	213588  -  ResidentSetSize of job (KB)
...
005 (31980884.182.000) 03/28 22:04:13 Job terminated.
	(1) Normal termination (return value 0)
		Usr 0 00:02:57, Sys 0 00:00:08  -  Run Remote Usage
		Usr 0 00:00:00, Sys 0 00:00:00  -  Run Local Usage
		Usr 0 00:02:57, Sys 0 00:00:08  -  Total Remote Usage
		Usr 0 00:00:00, Sys 0 00:00:00  -  Total Local Usage
	167199  -  Run Bytes Sent By Job
	2250925  -  Run Bytes Received By Job
	167199  -  Total Bytes Sent By Job
	2250925  -  Total Bytes Received By Job
	Partitionable Resources :    Usage  Request Allocated 
	   Cpus                 :     0.02        1         1 
	   Disk (KB)            :  5298        2250   1619750 
	   Memory (MB)          :   208        2000      2000 
...
