000 (31980884.073.000) 03/28 21:58:24 Job submitted from host: <131.225.188.57:9618?addrs=131.225.188.57-9618&noUDP&sock=18092_2f86_3>
...
001 (31980884.073.000) 03/28 21:59:41 Job executing on host: <131.225.190.27:9618?addrs=131.225.190.27-9618&noUDP&sock=1465_7255_3>
...
006 (31980884.073.000) 03/28 21:59:50 Image size of job updated: 14
	14  -  MemoryUsage of job (MB)
	15316  -  ResidentSetSize of job (KB)
...
006 (31980884.073.000) 03/28 22:01:50 Image size of job updated: 27
	27  -  MemoryUsage of job (MB)
	27792  -  ResidentSetSize of job (KB)
...
006 (31980884.073.000) 03/28 22:02:51 Image size of job updated: 28
	28  -  MemoryUsage of job (MB)
	29432  -  ResidentSetSize of job (KB)
...
006 (31980884.073.000) 03/28 22:03:52 Image size of job updated: 165
	165  -  MemoryUsage of job (MB)
	169392  -  ResidentSetSize of job (KB)
...
006 (31980884.073.000) 03/28 22:04:52 Image size of job updated: 193
	193  -  MemoryUsage of job (MB)
	198420  -  ResidentSetSize of job (KB)
...
006 (31980884.073.000) 03/28 22:05:49 Image size of job updated: 207
	207  -  MemoryUsage of job (MB)
	212512  -  ResidentSetSize of job (KB)
...
005 (31980884.073.000) 03/28 22:05:50 Job terminated.
	(1) Normal termination (return value 0)
		Usr 0 00:02:38, Sys 0 00:00:13  -  Run Remote Usage
		Usr 0 00:00:00, Sys 0 00:00:00  -  Run Local Usage
		Usr 0 00:02:38, Sys 0 00:00:13  -  Total Remote Usage
		Usr 0 00:00:00, Sys 0 00:00:00  -  Total Local Usage
	168283  -  Run Bytes Sent By Job
	2250925  -  Run Bytes Received By Job
	168283  -  Total Bytes Sent By Job
	2250925  -  Total Bytes Received By Job
	Partitionable Resources :    Usage  Request Allocated 
	   Cpus                 :        0        1         1 
	   Disk (KB)            :     5300     2250    789853 
	   Memory (MB)          :      207     2000      2000 
...
