000 (31980884.129.000) 03/28 21:58:24 Job submitted from host: <131.225.188.57:9618?addrs=131.225.188.57-9618&noUDP&sock=18092_2f86_3>
...
001 (31980884.129.000) 03/28 21:59:52 Job executing on host: <131.225.205.221:9618?addrs=131.225.205.221-9618&noUDP&sock=1471_8fe7_3>
...
006 (31980884.129.000) 03/28 22:00:01 Image size of job updated: 18
	18  -  MemoryUsage of job (MB)
	18508  -  ResidentSetSize of job (KB)
...
006 (31980884.129.000) 03/28 22:01:01 Image size of job updated: 28
	28  -  MemoryUsage of job (MB)
	28816  -  ResidentSetSize of job (KB)
...
006 (31980884.129.000) 03/28 22:02:01 Image size of job updated: 165
	165  -  MemoryUsage of job (MB)
	169364  -  ResidentSetSize of job (KB)
...
006 (31980884.129.000) 03/28 22:03:02 Image size of job updated: 191
	191  -  MemoryUsage of job (MB)
	196568  -  ResidentSetSize of job (KB)
...
006 (31980884.129.000) 03/28 22:04:02 Image size of job updated: 205
	205  -  MemoryUsage of job (MB)
	210928  -  ResidentSetSize of job (KB)
...
005 (31980884.129.000) 03/28 22:04:05 Job terminated.
	(1) Normal termination (return value 0)
		Usr 0 00:02:52, Sys 0 00:00:08  -  Run Remote Usage
		Usr 0 00:00:00, Sys 0 00:00:00  -  Run Local Usage
		Usr 0 00:02:52, Sys 0 00:00:08  -  Total Remote Usage
		Usr 0 00:00:00, Sys 0 00:00:00  -  Total Local Usage
	167414  -  Run Bytes Sent By Job
	2250925  -  Run Bytes Received By Job
	167414  -  Total Bytes Sent By Job
	2250925  -  Total Bytes Received By Job
	Partitionable Resources :    Usage  Request Allocated 
	   Cpus                 :        0        1         1 
	   Disk (KB)            :     5299     2250   1703834 
	   Memory (MB)          :      205     2000      2000 
...
