000 (31980884.424.000) 03/28 21:58:25 Job submitted from host: <131.225.188.57:9618?addrs=131.225.188.57-9618&noUDP&sock=18092_2f86_3>
...
001 (31980884.424.000) 03/28 22:00:51 Job executing on host: <131.225.190.36:9618?addrs=131.225.190.36-9618&noUDP&sock=1438_ed47_3>
...
006 (31980884.424.000) 03/28 22:02:01 Image size of job updated: 132
	132  -  MemoryUsage of job (MB)
	135764  -  ResidentSetSize of job (KB)
...
006 (31980884.424.000) 03/28 22:03:01 Image size of job updated: 167
	167  -  MemoryUsage of job (MB)
	171868  -  ResidentSetSize of job (KB)
...
006 (31980884.424.000) 03/28 22:04:02 Image size of job updated: 171
	171  -  MemoryUsage of job (MB)
	175652  -  ResidentSetSize of job (KB)
...
006 (31980884.424.000) 03/28 22:05:02 Image size of job updated: 173
	173  -  MemoryUsage of job (MB)
	177984  -  ResidentSetSize of job (KB)
...
006 (31980884.424.000) 03/28 22:06:02 Image size of job updated: 187
	187  -  MemoryUsage of job (MB)
	191844  -  ResidentSetSize of job (KB)
...
006 (31980884.424.000) 03/28 22:07:03 Image size of job updated: 187
	187  -  MemoryUsage of job (MB)
	192060  -  ResidentSetSize of job (KB)
...
006 (31980884.424.000) 03/28 22:08:04 Image size of job updated: 187
	187  -  MemoryUsage of job (MB)
	192292  -  ResidentSetSize of job (KB)
...
006 (31980884.424.000) 03/28 22:09:05 Image size of job updated: 211
	211  -  MemoryUsage of job (MB)
	216844  -  ResidentSetSize of job (KB)
...
006 (31980884.424.000) 03/28 22:10:05 Image size of job updated: 212
	212  -  MemoryUsage of job (MB)
	217164  -  ResidentSetSize of job (KB)
...
006 (31980884.424.000) 03/28 22:11:05 Image size of job updated: 212
	212  -  MemoryUsage of job (MB)
	217352  -  ResidentSetSize of job (KB)
...
006 (31980884.424.000) 03/28 22:13:06 Image size of job updated: 214
	214  -  MemoryUsage of job (MB)
	219640  -  ResidentSetSize of job (KB)
...
005 (31980884.424.000) 03/28 22:13:28 Job terminated.
	(1) Normal termination (return value 0)
		Usr 0 00:09:29, Sys 0 00:00:31  -  Run Remote Usage
		Usr 0 00:00:00, Sys 0 00:00:00  -  Run Local Usage
		Usr 0 00:09:29, Sys 0 00:00:31  -  Total Remote Usage
		Usr 0 00:00:00, Sys 0 00:00:00  -  Total Local Usage
	174097  -  Run Bytes Sent By Job
	2250925  -  Run Bytes Received By Job
	174097  -  Total Bytes Sent By Job
	2250925  -  Total Bytes Received By Job
	Partitionable Resources :    Usage  Request Allocated 
	   Cpus                 :     0.01        1         1 
	   Disk (KB)            :  5305        2250    786192 
	   Memory (MB)          :   214        2000      2000 
...
