000 (31980884.038.000) 03/28 21:58:24 Job submitted from host: <131.225.188.57:9618?addrs=131.225.188.57-9618&noUDP&sock=18092_2f86_3>
...
001 (31980884.038.000) 03/28 21:59:32 Job executing on host: <131.225.184.14:9618?addrs=131.225.184.14-9618&noUDP&sock=1295_d73c_3>
...
006 (31980884.038.000) 03/28 21:59:41 Image size of job updated: 14
	14  -  MemoryUsage of job (MB)
	15248  -  ResidentSetSize of job (KB)
...
006 (31980884.038.000) 03/28 22:00:42 Image size of job updated: 26
	26  -  MemoryUsage of job (MB)
	26812  -  ResidentSetSize of job (KB)
...
006 (31980884.038.000) 03/28 22:01:42 Image size of job updated: 73
	73  -  MemoryUsage of job (MB)
	74784  -  ResidentSetSize of job (KB)
...
006 (31980884.038.000) 03/28 22:02:42 Image size of job updated: 128
	128  -  MemoryUsage of job (MB)
	131936  -  ResidentSetSize of job (KB)
...
006 (31980884.038.000) 03/28 22:03:43 Image size of job updated: 167
	167  -  MemoryUsage of job (MB)
	171796  -  ResidentSetSize of job (KB)
...
006 (31980884.038.000) 03/28 22:04:43 Image size of job updated: 204
	204  -  MemoryUsage of job (MB)
	209432  -  ResidentSetSize of job (KB)
...
005 (31980884.038.000) 03/28 22:04:49 Job terminated.
	(1) Normal termination (return value 0)
		Usr 0 00:02:06, Sys 0 00:00:10  -  Run Remote Usage
		Usr 0 00:00:00, Sys 0 00:00:00  -  Run Local Usage
		Usr 0 00:02:06, Sys 0 00:00:10  -  Total Remote Usage
		Usr 0 00:00:00, Sys 0 00:00:00  -  Total Local Usage
	168007  -  Run Bytes Sent By Job
	2250925  -  Run Bytes Received By Job
	168007  -  Total Bytes Sent By Job
	2250925  -  Total Bytes Received By Job
	Partitionable Resources :    Usage  Request Allocated 
	   Cpus                 :        0        1         1 
	   Disk (KB)            :     5298     2250    335837 
	   Memory (MB)          :      204     2000      2000 
...
