000 (31980884.309.000) 03/28 21:58:25 Job submitted from host: <131.225.188.57:9618?addrs=131.225.188.57-9618&noUDP&sock=18092_2f86_3>
...
001 (31980884.309.000) 03/28 22:00:20 Job executing on host: <131.225.188.22:9618?addrs=131.225.188.22-9618&noUDP&sock=1928_06af_3>
...
006 (31980884.309.000) 03/28 22:01:30 Image size of job updated: 132
	132  -  MemoryUsage of job (MB)
	135752  -  ResidentSetSize of job (KB)
...
006 (31980884.309.000) 03/28 22:02:30 Image size of job updated: 165
	165  -  MemoryUsage of job (MB)
	169392  -  ResidentSetSize of job (KB)
...
006 (31980884.309.000) 03/28 22:03:30 Image size of job updated: 193
	193  -  MemoryUsage of job (MB)
	198168  -  ResidentSetSize of job (KB)
...
006 (31980884.309.000) 03/28 22:04:04 Image size of job updated: 206
	206  -  MemoryUsage of job (MB)
	211848  -  ResidentSetSize of job (KB)
...
005 (31980884.309.000) 03/28 22:04:05 Job terminated.
	(1) Normal termination (return value 0)
		Usr 0 00:02:15, Sys 0 00:00:08  -  Run Remote Usage
		Usr 0 00:00:00, Sys 0 00:00:00  -  Run Local Usage
		Usr 0 00:02:15, Sys 0 00:00:08  -  Total Remote Usage
		Usr 0 00:00:00, Sys 0 00:00:00  -  Total Local Usage
	169599  -  Run Bytes Sent By Job
	2250925  -  Run Bytes Received By Job
	169599  -  Total Bytes Sent By Job
	2250925  -  Total Bytes Received By Job
	Partitionable Resources :    Usage  Request Allocated 
	   Cpus                 :        0        1         1 
	   Disk (KB)            :     5301     2250   1651073 
	   Memory (MB)          :      206     2000      2000 
...
