000 (31980884.241.000) 03/28 21:58:24 Job submitted from host: <131.225.188.57:9618?addrs=131.225.188.57-9618&noUDP&sock=18092_2f86_3>
...
001 (31980884.241.000) 03/28 22:00:15 Job executing on host: <131.225.190.66:9618?addrs=131.225.190.66-9618&noUDP&sock=1419_e4fa_3>
...
006 (31980884.241.000) 03/28 22:01:27 Image size of job updated: 34
	34  -  MemoryUsage of job (MB)
	34904  -  ResidentSetSize of job (KB)
...
006 (31980884.241.000) 03/28 22:03:28 Image size of job updated: 38
	38  -  MemoryUsage of job (MB)
	39332  -  ResidentSetSize of job (KB)
...
006 (31980884.241.000) 03/28 22:04:28 Image size of job updated: 169
	169  -  MemoryUsage of job (MB)
	173848  -  ResidentSetSize of job (KB)
...
006 (31980884.241.000) 03/28 22:05:29 Image size of job updated: 172
	172  -  MemoryUsage of job (MB)
	176864  -  ResidentSetSize of job (KB)
...
006 (31980884.241.000) 03/28 22:06:29 Image size of job updated: 174
	174  -  MemoryUsage of job (MB)
	178600  -  ResidentSetSize of job (KB)
...
006 (31980884.241.000) 03/28 22:07:29 Image size of job updated: 187
	187  -  MemoryUsage of job (MB)
	191828  -  ResidentSetSize of job (KB)
...
006 (31980884.241.000) 03/28 22:08:29 Image size of job updated: 187
	187  -  MemoryUsage of job (MB)
	192020  -  ResidentSetSize of job (KB)
...
006 (31980884.241.000) 03/28 22:09:30 Image size of job updated: 187
	187  -  MemoryUsage of job (MB)
	192220  -  ResidentSetSize of job (KB)
...
006 (31980884.241.000) 03/28 22:10:31 Image size of job updated: 187
	187  -  MemoryUsage of job (MB)
	192424  -  ResidentSetSize of job (KB)
...
006 (31980884.241.000) 03/28 22:11:32 Image size of job updated: 211
	211  -  MemoryUsage of job (MB)
	216316  -  ResidentSetSize of job (KB)
...
006 (31980884.241.000) 03/28 22:12:32 Image size of job updated: 211
	211  -  MemoryUsage of job (MB)
	216520  -  ResidentSetSize of job (KB)
...
006 (31980884.241.000) 03/28 22:13:32 Image size of job updated: 211
	211  -  MemoryUsage of job (MB)
	216600  -  ResidentSetSize of job (KB)
...
006 (31980884.241.000) 03/28 22:14:32 Image size of job updated: 213
	213  -  MemoryUsage of job (MB)
	218200  -  ResidentSetSize of job (KB)
...
006 (31980884.241.000) 03/28 22:15:33 Image size of job updated: 213
	213  -  MemoryUsage of job (MB)
	218228  -  ResidentSetSize of job (KB)
...
005 (31980884.241.000) 03/28 22:16:56 Job terminated.
	(1) Normal termination (return value 0)
		Usr 0 00:10:37, Sys 0 00:00:41  -  Run Remote Usage
		Usr 0 00:00:00, Sys 0 00:00:00  -  Run Local Usage
		Usr 0 00:10:37, Sys 0 00:00:41  -  Total Remote Usage
		Usr 0 00:00:00, Sys 0 00:00:00  -  Total Local Usage
	176348  -  Run Bytes Sent By Job
	2250925  -  Run Bytes Received By Job
	176348  -  Total Bytes Sent By Job
	2250925  -  Total Bytes Received By Job
	Partitionable Resources :    Usage  Request Allocated 
	   Cpus                 :        0        1         1 
	   Disk (KB)            :     5307     2250    741687 
	   Memory (MB)          :      213     2000      2000 
...
