000 (31980884.302.000) 03/28 21:58:25 Job submitted from host: <131.225.188.57:9618?addrs=131.225.188.57-9618&noUDP&sock=18092_2f86_3>
...
001 (31980884.302.000) 03/28 22:00:27 Job executing on host: <131.225.205.184:9618?addrs=131.225.205.184-9618&noUDP&sock=1465_7255_3>
...
006 (31980884.302.000) 03/28 22:01:37 Image size of job updated: 132
	132  -  MemoryUsage of job (MB)
	135756  -  ResidentSetSize of job (KB)
...
006 (31980884.302.000) 03/28 22:04:39 Image size of job updated: 166
	166  -  MemoryUsage of job (MB)
	170248  -  ResidentSetSize of job (KB)
...
006 (31980884.302.000) 03/28 22:05:39 Image size of job updated: 189
	189  -  MemoryUsage of job (MB)
	193988  -  ResidentSetSize of job (KB)
...
006 (31980884.302.000) 03/28 22:06:39 Image size of job updated: 203
	203  -  MemoryUsage of job (MB)
	208416  -  ResidentSetSize of job (KB)
...
005 (31980884.302.000) 03/28 22:06:42 Job terminated.
	(1) Normal termination (return value 0)
		Usr 0 00:02:57, Sys 0 00:00:10  -  Run Remote Usage
		Usr 0 00:00:00, Sys 0 00:00:00  -  Run Local Usage
		Usr 0 00:02:57, Sys 0 00:00:10  -  Total Remote Usage
		Usr 0 00:00:00, Sys 0 00:00:00  -  Total Local Usage
	168898  -  Run Bytes Sent By Job
	2250925  -  Run Bytes Received By Job
	168898  -  Total Bytes Sent By Job
	2250925  -  Total Bytes Received By Job
	Partitionable Resources :    Usage  Request Allocated 
	   Cpus                 :        0        1         1 
	   Disk (KB)            :     5300     2250   1639347 
	   Memory (MB)          :      203     2000      2000 
...
