000 (31980884.163.000) 03/28 21:58:24 Job submitted from host: <131.225.188.57:9618?addrs=131.225.188.57-9618&noUDP&sock=18092_2f86_3>
...
001 (31980884.163.000) 03/28 22:00:00 Job executing on host: <131.225.190.44:9618?addrs=131.225.190.44-9618&noUDP&sock=1431_201d_3>
...
006 (31980884.163.000) 03/28 22:01:11 Image size of job updated: 27
	27  -  MemoryUsage of job (MB)
	27764  -  ResidentSetSize of job (KB)
...
006 (31980884.163.000) 03/28 22:02:11 Image size of job updated: 27
	27  -  MemoryUsage of job (MB)
	28588  -  ResidentSetSize of job (KB)
...
006 (31980884.163.000) 03/28 22:03:11 Image size of job updated: 164
	164  -  MemoryUsage of job (MB)
	168948  -  ResidentSetSize of job (KB)
...
006 (31980884.163.000) 03/28 22:04:11 Image size of job updated: 168
	168  -  MemoryUsage of job (MB)
	172476  -  ResidentSetSize of job (KB)
...
006 (31980884.163.000) 03/28 22:05:11 Image size of job updated: 206
	206  -  MemoryUsage of job (MB)
	211072  -  ResidentSetSize of job (KB)
...
005 (31980884.163.000) 03/28 22:05:28 Job terminated.
	(1) Normal termination (return value 0)
		Usr 0 00:02:36, Sys 0 00:00:13  -  Run Remote Usage
		Usr 0 00:00:00, Sys 0 00:00:00  -  Run Local Usage
		Usr 0 00:02:36, Sys 0 00:00:13  -  Total Remote Usage
		Usr 0 00:00:00, Sys 0 00:00:00  -  Total Local Usage
	168670  -  Run Bytes Sent By Job
	2250925  -  Run Bytes Received By Job
	168670  -  Total Bytes Sent By Job
	2250925  -  Total Bytes Received By Job
	Partitionable Resources :    Usage  Request Allocated 
	   Cpus                 :        0        1         1 
	   Disk (KB)            :     5300     2250    772815 
	   Memory (MB)          :      206     2000      2000 
...
