000 (31980884.303.000) 03/28 21:58:25 Job submitted from host: <131.225.188.57:9618?addrs=131.225.188.57-9618&noUDP&sock=18092_2f86_3>
...
001 (31980884.303.000) 03/28 22:00:35 Job executing on host: <131.225.190.36:9618?addrs=131.225.190.36-9618&noUDP&sock=1438_ed47_3>
...
006 (31980884.303.000) 03/28 22:01:45 Image size of job updated: 33
	33  -  MemoryUsage of job (MB)
	34036  -  ResidentSetSize of job (KB)
...
006 (31980884.303.000) 03/28 22:02:45 Image size of job updated: 164
	164  -  MemoryUsage of job (MB)
	168184  -  ResidentSetSize of job (KB)
...
006 (31980884.303.000) 03/28 22:03:46 Image size of job updated: 168
	168  -  MemoryUsage of job (MB)
	172236  -  ResidentSetSize of job (KB)
...
006 (31980884.303.000) 03/28 22:04:46 Image size of job updated: 191
	191  -  MemoryUsage of job (MB)
	195584  -  ResidentSetSize of job (KB)
...
006 (31980884.303.000) 03/28 22:05:27 Image size of job updated: 203
	203  -  MemoryUsage of job (MB)
	208480  -  ResidentSetSize of job (KB)
...
005 (31980884.303.000) 03/28 22:05:28 Job terminated.
	(1) Normal termination (return value 0)
		Usr 0 00:02:43, Sys 0 00:00:13  -  Run Remote Usage
		Usr 0 00:00:00, Sys 0 00:00:00  -  Run Local Usage
		Usr 0 00:02:43, Sys 0 00:00:13  -  Total Remote Usage
		Usr 0 00:00:00, Sys 0 00:00:00  -  Total Local Usage
	167351  -  Run Bytes Sent By Job
	2250925  -  Run Bytes Received By Job
	167351  -  Total Bytes Sent By Job
	2250925  -  Total Bytes Received By Job
	Partitionable Resources :    Usage  Request Allocated 
	   Cpus                 :        0        1         1 
	   Disk (KB)            :     5299     2250    786192 
	   Memory (MB)          :      203     2000      2000 
...
