000 (31980884.395.000) 03/28 21:58:25 Job submitted from host: <131.225.188.57:9618?addrs=131.225.188.57-9618&noUDP&sock=18092_2f86_3>
...
001 (31980884.395.000) 03/28 22:00:45 Job executing on host: <131.225.190.27:9618?addrs=131.225.190.27-9618&noUDP&sock=1465_7255_3>
...
006 (31980884.395.000) 03/28 22:01:55 Image size of job updated: 132
	132  -  MemoryUsage of job (MB)
	135756  -  ResidentSetSize of job (KB)
...
006 (31980884.395.000) 03/28 22:03:57 Image size of job updated: 168
	168  -  MemoryUsage of job (MB)
	172800  -  ResidentSetSize of job (KB)
...
006 (31980884.395.000) 03/28 22:04:58 Image size of job updated: 172
	172  -  MemoryUsage of job (MB)
	176316  -  ResidentSetSize of job (KB)
...
006 (31980884.395.000) 03/28 22:05:58 Image size of job updated: 186
	186  -  MemoryUsage of job (MB)
	190796  -  ResidentSetSize of job (KB)
...
006 (31980884.395.000) 03/28 22:06:58 Image size of job updated: 187
	187  -  MemoryUsage of job (MB)
	192032  -  ResidentSetSize of job (KB)
...
006 (31980884.395.000) 03/28 22:07:58 Image size of job updated: 187
	187  -  MemoryUsage of job (MB)
	192260  -  ResidentSetSize of job (KB)
...
006 (31980884.395.000) 03/28 22:08:59 Image size of job updated: 209
	209  -  MemoryUsage of job (MB)
	214716  -  ResidentSetSize of job (KB)
...
006 (31980884.395.000) 03/28 22:10:00 Image size of job updated: 209
	209  -  MemoryUsage of job (MB)
	215000  -  ResidentSetSize of job (KB)
...
006 (31980884.395.000) 03/28 22:11:00 Image size of job updated: 210
	210  -  MemoryUsage of job (MB)
	215192  -  ResidentSetSize of job (KB)
...
006 (31980884.395.000) 03/28 22:12:00 Image size of job updated: 210
	210  -  MemoryUsage of job (MB)
	215304  -  ResidentSetSize of job (KB)
...
006 (31980884.395.000) 03/28 22:12:56 Image size of job updated: 213
	213  -  MemoryUsage of job (MB)
	218660  -  ResidentSetSize of job (KB)
...
005 (31980884.395.000) 03/28 22:12:57 Job terminated.
	(1) Normal termination (return value 0)
		Usr 0 00:08:58, Sys 0 00:00:31  -  Run Remote Usage
		Usr 0 00:00:00, Sys 0 00:00:00  -  Run Local Usage
		Usr 0 00:08:58, Sys 0 00:00:31  -  Total Remote Usage
		Usr 0 00:00:00, Sys 0 00:00:00  -  Total Local Usage
	175843  -  Run Bytes Sent By Job
	2250925  -  Run Bytes Received By Job
	175843  -  Total Bytes Sent By Job
	2250925  -  Total Bytes Received By Job
	Partitionable Resources :    Usage  Request Allocated 
	   Cpus                 :     0.00        1         1 
	   Disk (KB)            :  5307        2250    789853 
	   Memory (MB)          :   213        2000      2000 
...
