000 (31980884.166.000) 03/28 21:58:24 Job submitted from host: <131.225.188.57:9618?addrs=131.225.188.57-9618&noUDP&sock=18092_2f86_3>
...
001 (31980884.166.000) 03/28 22:00:00 Job executing on host: <131.225.205.155:9618?addrs=131.225.205.155-9618&noUDP&sock=1452_879a_3>
...
006 (31980884.166.000) 03/28 22:01:09 Image size of job updated: 86
	86  -  MemoryUsage of job (MB)
	88392  -  ResidentSetSize of job (KB)
...
006 (31980884.166.000) 03/28 22:02:10 Image size of job updated: 166
	166  -  MemoryUsage of job (MB)
	170724  -  ResidentSetSize of job (KB)
...
006 (31980884.166.000) 03/28 22:03:10 Image size of job updated: 194
	194  -  MemoryUsage of job (MB)
	198768  -  ResidentSetSize of job (KB)
...
006 (31980884.166.000) 03/28 22:03:52 Image size of job updated: 206
	206  -  MemoryUsage of job (MB)
	211840  -  ResidentSetSize of job (KB)
...
005 (31980884.166.000) 03/28 22:03:54 Job terminated.
	(1) Normal termination (return value 0)
		Usr 0 00:02:58, Sys 0 00:00:08  -  Run Remote Usage
		Usr 0 00:00:00, Sys 0 00:00:00  -  Run Local Usage
		Usr 0 00:02:58, Sys 0 00:00:08  -  Total Remote Usage
		Usr 0 00:00:00, Sys 0 00:00:00  -  Total Local Usage
	167141  -  Run Bytes Sent By Job
	2250925  -  Run Bytes Received By Job
	167141  -  Total Bytes Sent By Job
	2250925  -  Total Bytes Received By Job
	Partitionable Resources :    Usage  Request Allocated 
	   Cpus                 :     0.00        1         1 
	   Disk (KB)            :  5298        2250   1644391 
	   Memory (MB)          :   206        2000      2000 
...
