000 (31980884.332.000) 03/28 21:58:25 Job submitted from host: <131.225.188.57:9618?addrs=131.225.188.57-9618&noUDP&sock=18092_2f86_3>
...
001 (31980884.332.000) 03/28 22:00:36 Job executing on host: <131.225.190.34:9618?addrs=131.225.190.34-9618&noUDP&sock=1447_19a1_3>
...
006 (31980884.332.000) 03/28 22:00:46 Image size of job updated: 15
	15  -  MemoryUsage of job (MB)
	15768  -  ResidentSetSize of job (KB)
...
006 (31980884.332.000) 03/28 22:01:47 Image size of job updated: 116
	116  -  MemoryUsage of job (MB)
	119384  -  ResidentSetSize of job (KB)
...
006 (31980884.332.000) 03/28 22:02:48 Image size of job updated: 165
	165  -  MemoryUsage of job (MB)
	169888  -  ResidentSetSize of job (KB)
...
006 (31980884.332.000) 03/28 22:03:48 Image size of job updated: 189
	189  -  MemoryUsage of job (MB)
	193952  -  ResidentSetSize of job (KB)
...
006 (31980884.332.000) 03/28 22:04:43 Image size of job updated: 203
	203  -  MemoryUsage of job (MB)
	208464  -  ResidentSetSize of job (KB)
...
005 (31980884.332.000) 03/28 22:04:44 Job terminated.
	(1) Normal termination (return value 0)
		Usr 0 00:02:50, Sys 0 00:00:11  -  Run Remote Usage
		Usr 0 00:00:00, Sys 0 00:00:00  -  Run Local Usage
		Usr 0 00:02:50, Sys 0 00:00:11  -  Total Remote Usage
		Usr 0 00:00:00, Sys 0 00:00:00  -  Total Local Usage
	169989  -  Run Bytes Sent By Job
	2250925  -  Run Bytes Received By Job
	169989  -  Total Bytes Sent By Job
	2250925  -  Total Bytes Received By Job
	Partitionable Resources :    Usage  Request Allocated 
	   Cpus                 :        0        1         1 
	   Disk (KB)            :     5301     2250    790037 
	   Memory (MB)          :      203     2000      2000 
...
