000 (31980884.143.000) 03/28 21:58:24 Job submitted from host: <131.225.188.57:9618?addrs=131.225.188.57-9618&noUDP&sock=18092_2f86_3>
...
001 (31980884.143.000) 03/28 21:59:57 Job executing on host: <131.225.191.225:9618?addrs=131.225.191.225-9618&noUDP&sock=1437_3daf_3>
...
006 (31980884.143.000) 03/28 22:01:08 Image size of job updated: 132
	132  -  MemoryUsage of job (MB)
	135756  -  ResidentSetSize of job (KB)
...
006 (31980884.143.000) 03/28 22:02:08 Image size of job updated: 165
	165  -  MemoryUsage of job (MB)
	169172  -  ResidentSetSize of job (KB)
...
006 (31980884.143.000) 03/28 22:03:09 Image size of job updated: 188
	188  -  MemoryUsage of job (MB)
	193080  -  ResidentSetSize of job (KB)
...
006 (31980884.143.000) 03/28 22:04:10 Image size of job updated: 202
	202  -  MemoryUsage of job (MB)
	207620  -  ResidentSetSize of job (KB)
...
005 (31980884.143.000) 03/28 22:04:25 Job terminated.
	(1) Normal termination (return value 0)
		Usr 0 00:02:37, Sys 0 00:00:09  -  Run Remote Usage
		Usr 0 00:00:00, Sys 0 00:00:00  -  Run Local Usage
		Usr 0 00:02:37, Sys 0 00:00:09  -  Total Remote Usage
		Usr 0 00:00:00, Sys 0 00:00:00  -  Total Local Usage
	169378  -  Run Bytes Sent By Job
	2250925  -  Run Bytes Received By Job
	169378  -  Total Bytes Sent By Job
	2250925  -  Total Bytes Received By Job
	Partitionable Resources :    Usage  Request Allocated 
	   Cpus                 :        0        1         1 
	   Disk (KB)            :     5301     2250    769771 
	   Memory (MB)          :      202     2000      2000 
...
