000 (31980884.152.000) 03/28 21:58:24 Job submitted from host: <131.225.188.57:9618?addrs=131.225.188.57-9618&noUDP&sock=18092_2f86_3>
...
001 (31980884.152.000) 03/28 21:59:57 Job executing on host: <131.225.205.176:9618?addrs=131.225.205.176-9618&noUDP&sock=1460_045c_3>
...
006 (31980884.152.000) 03/28 22:01:07 Image size of job updated: 132
	132  -  MemoryUsage of job (MB)
	135756  -  ResidentSetSize of job (KB)
...
006 (31980884.152.000) 03/28 22:02:08 Image size of job updated: 164
	164  -  MemoryUsage of job (MB)
	168732  -  ResidentSetSize of job (KB)
...
006 (31980884.152.000) 03/28 22:03:09 Image size of job updated: 167
	167  -  MemoryUsage of job (MB)
	171080  -  ResidentSetSize of job (KB)
...
006 (31980884.152.000) 03/28 22:04:10 Image size of job updated: 189
	189  -  MemoryUsage of job (MB)
	193800  -  ResidentSetSize of job (KB)
...
006 (31980884.152.000) 03/28 22:04:47 Image size of job updated: 202
	202  -  MemoryUsage of job (MB)
	207100  -  ResidentSetSize of job (KB)
...
005 (31980884.152.000) 03/28 22:04:48 Job terminated.
	(1) Normal termination (return value 0)
		Usr 0 00:02:51, Sys 0 00:00:09  -  Run Remote Usage
		Usr 0 00:00:00, Sys 0 00:00:00  -  Run Local Usage
		Usr 0 00:02:51, Sys 0 00:00:09  -  Total Remote Usage
		Usr 0 00:00:00, Sys 0 00:00:00  -  Total Local Usage
	169786  -  Run Bytes Sent By Job
	2250925  -  Run Bytes Received By Job
	169786  -  Total Bytes Sent By Job
	2250925  -  Total Bytes Received By Job
	Partitionable Resources :    Usage  Request Allocated 
	   Cpus                 :        0        1         1 
	   Disk (KB)            :     5302     2250   1635618 
	   Memory (MB)          :      202     2000      2000 
...
