000 (31980884.109.000) 03/28 21:58:24 Job submitted from host: <131.225.188.57:9618?addrs=131.225.188.57-9618&noUDP&sock=18092_2f86_3>
...
001 (31980884.109.000) 03/28 21:59:46 Job executing on host: <131.225.190.34:9618?addrs=131.225.190.34-9618&noUDP&sock=1447_19a1_3>
...
006 (31980884.109.000) 03/28 21:59:55 Image size of job updated: 12
	12  -  MemoryUsage of job (MB)
	12380  -  ResidentSetSize of job (KB)
...
006 (31980884.109.000) 03/28 22:01:55 Image size of job updated: 164
	164  -  MemoryUsage of job (MB)
	168540  -  ResidentSetSize of job (KB)
...
006 (31980884.109.000) 03/28 22:02:56 Image size of job updated: 168
	168  -  MemoryUsage of job (MB)
	172668  -  ResidentSetSize of job (KB)
...
006 (31980884.109.000) 03/28 22:03:57 Image size of job updated: 204
	204  -  MemoryUsage of job (MB)
	209288  -  ResidentSetSize of job (KB)
...
006 (31980884.109.000) 03/28 22:04:30 Image size of job updated: 204
	204  -  MemoryUsage of job (MB)
	209396  -  ResidentSetSize of job (KB)
...
005 (31980884.109.000) 03/28 22:04:32 Job terminated.
	(1) Normal termination (return value 0)
		Usr 0 00:02:48, Sys 0 00:00:10  -  Run Remote Usage
		Usr 0 00:00:00, Sys 0 00:00:00  -  Run Local Usage
		Usr 0 00:02:48, Sys 0 00:00:10  -  Total Remote Usage
		Usr 0 00:00:00, Sys 0 00:00:00  -  Total Local Usage
	169155  -  Run Bytes Sent By Job
	2250925  -  Run Bytes Received By Job
	169155  -  Total Bytes Sent By Job
	2250925  -  Total Bytes Received By Job
	Partitionable Resources :    Usage  Request Allocated 
	   Cpus                 :        0        1         1 
	   Disk (KB)            :     5301     2250    790037 
	   Memory (MB)          :      204     2000      2000 
...
