000 (31980884.383.000) 03/28 21:58:25 Job submitted from host: <131.225.188.57:9618?addrs=131.225.188.57-9618&noUDP&sock=18092_2f86_3>
...
001 (31980884.383.000) 03/28 22:00:44 Job executing on host: <131.225.188.86:9618?addrs=131.225.188.86-9618&noUDP&sock=1928_06af_3>
...
006 (31980884.383.000) 03/28 22:01:54 Image size of job updated: 8
	8  -  MemoryUsage of job (MB)
	8516  -  ResidentSetSize of job (KB)
...
006 (31980884.383.000) 03/28 22:02:55 Image size of job updated: 187
	187  -  MemoryUsage of job (MB)
	192132  -  ResidentSetSize of job (KB)
...
006 (31980884.383.000) 03/28 22:03:22 Image size of job updated: 189
	189  -  MemoryUsage of job (MB)
	193680  -  ResidentSetSize of job (KB)
...
005 (31980884.383.000) 03/28 22:03:23 Job terminated.
	(1) Normal termination (return value 0)
		Usr 0 00:01:17, Sys 0 00:00:06  -  Run Remote Usage
		Usr 0 00:00:00, Sys 0 00:00:00  -  Run Local Usage
		Usr 0 00:01:17, Sys 0 00:00:06  -  Total Remote Usage
		Usr 0 00:00:00, Sys 0 00:00:00  -  Total Local Usage
	167286  -  Run Bytes Sent By Job
	2250925  -  Run Bytes Received By Job
	167286  -  Total Bytes Sent By Job
	2250925  -  Total Bytes Received By Job
	Partitionable Resources :    Usage  Request Allocated 
	   Cpus                 :     0.01        1         1 
	   Disk (KB)            :  5298        2250   1630173 
	   Memory (MB)          :   189        2000      2000 
...
