000 (31980884.054.000) 03/28 21:58:24 Job submitted from host: <131.225.188.57:9618?addrs=131.225.188.57-9618&noUDP&sock=18092_2f86_3>
...
001 (31980884.054.000) 03/28 21:59:36 Job executing on host: <131.225.190.15:9618?addrs=131.225.190.15-9618&noUDP&sock=1436_8e16_3>
...
006 (31980884.054.000) 03/28 21:59:45 Image size of job updated: 14
	14  -  MemoryUsage of job (MB)
	15316  -  ResidentSetSize of job (KB)
...
006 (31980884.054.000) 03/28 22:00:46 Image size of job updated: 36
	36  -  MemoryUsage of job (MB)
	37032  -  ResidentSetSize of job (KB)
...
006 (31980884.054.000) 03/28 22:01:47 Image size of job updated: 165
	165  -  MemoryUsage of job (MB)
	169020  -  ResidentSetSize of job (KB)
...
006 (31980884.054.000) 03/28 22:02:48 Image size of job updated: 191
	191  -  MemoryUsage of job (MB)
	195964  -  ResidentSetSize of job (KB)
...
006 (31980884.054.000) 03/28 22:03:48 Image size of job updated: 205
	205  -  MemoryUsage of job (MB)
	210472  -  ResidentSetSize of job (KB)
...
005 (31980884.054.000) 03/28 22:04:53 Job terminated.
	(1) Normal termination (return value 0)
		Usr 0 00:02:36, Sys 0 00:00:09  -  Run Remote Usage
		Usr 0 00:00:00, Sys 0 00:00:00  -  Run Local Usage
		Usr 0 00:02:36, Sys 0 00:00:09  -  Total Remote Usage
		Usr 0 00:00:00, Sys 0 00:00:00  -  Total Local Usage
	167991  -  Run Bytes Sent By Job
	2250925  -  Run Bytes Received By Job
	167991  -  Total Bytes Sent By Job
	2250925  -  Total Bytes Received By Job
	Partitionable Resources :    Usage  Request Allocated 
	   Cpus                 :     0.01        1         1 
	   Disk (KB)            :  5300        2250    763643 
	   Memory (MB)          :   205        2000      2000 
...
