000 (31980884.093.000) 03/28 21:58:24 Job submitted from host: <131.225.188.57:9618?addrs=131.225.188.57-9618&noUDP&sock=18092_2f86_3>
...
001 (31980884.093.000) 03/28 21:59:45 Job executing on host: <131.225.205.184:9618?addrs=131.225.205.184-9618&noUDP&sock=1465_7255_3>
...
006 (31980884.093.000) 03/28 21:59:54 Image size of job updated: 14
	14  -  MemoryUsage of job (MB)
	15324  -  ResidentSetSize of job (KB)
...
006 (31980884.093.000) 03/28 22:01:55 Image size of job updated: 27
	27  -  MemoryUsage of job (MB)
	27688  -  ResidentSetSize of job (KB)
...
006 (31980884.093.000) 03/28 22:02:56 Image size of job updated: 27
	27  -  MemoryUsage of job (MB)
	28076  -  ResidentSetSize of job (KB)
...
006 (31980884.093.000) 03/28 22:03:57 Image size of job updated: 128
	128  -  MemoryUsage of job (MB)
	131968  -  ResidentSetSize of job (KB)
...
006 (31980884.093.000) 03/28 22:04:57 Image size of job updated: 167
	167  -  MemoryUsage of job (MB)
	171452  -  ResidentSetSize of job (KB)
...
006 (31980884.093.000) 03/28 22:05:57 Image size of job updated: 191
	191  -  MemoryUsage of job (MB)
	195800  -  ResidentSetSize of job (KB)
...
006 (31980884.093.000) 03/28 22:06:38 Image size of job updated: 203
	203  -  MemoryUsage of job (MB)
	208540  -  ResidentSetSize of job (KB)
...
005 (31980884.093.000) 03/28 22:06:39 Job terminated.
	(1) Normal termination (return value 0)
		Usr 0 00:03:02, Sys 0 00:00:10  -  Run Remote Usage
		Usr 0 00:00:00, Sys 0 00:00:00  -  Run Local Usage
		Usr 0 00:03:02, Sys 0 00:00:10  -  Total Remote Usage
		Usr 0 00:00:00, Sys 0 00:00:00  -  Total Local Usage
	168406  -  Run Bytes Sent By Job
	2250925  -  Run Bytes Received By Job
	168406  -  Total Bytes Sent By Job
	2250925  -  Total Bytes Received By Job
	Partitionable Resources :    Usage  Request Allocated 
	   Cpus                 :     0.00        1         1 
	   Disk (KB)            :  5300        2250   1639347 
	   Memory (MB)          :   203        2000      2000 
...
