000 (31980884.140.000) 03/28 21:58:24 Job submitted from host: <131.225.188.57:9618?addrs=131.225.188.57-9618&noUDP&sock=18092_2f86_3>
...
001 (31980884.140.000) 03/28 21:59:54 Job executing on host: <131.225.205.180:9618?addrs=131.225.205.180-9618&noUDP&sock=1456_45fb_3>
...
006 (31980884.140.000) 03/28 22:00:03 Image size of job updated: 29
	29  -  MemoryUsage of job (MB)
	30376  -  ResidentSetSize of job (KB)
...
006 (31980884.140.000) 03/28 22:01:05 Image size of job updated: 38
	38  -  MemoryUsage of job (MB)
	39656  -  ResidentSetSize of job (KB)
...
006 (31980884.140.000) 03/28 22:02:05 Image size of job updated: 53
	53  -  MemoryUsage of job (MB)
	54308  -  ResidentSetSize of job (KB)
...
006 (31980884.140.000) 03/28 22:03:05 Image size of job updated: 166
	166  -  MemoryUsage of job (MB)
	170848  -  ResidentSetSize of job (KB)
...
006 (31980884.140.000) 03/28 22:04:06 Image size of job updated: 191
	191  -  MemoryUsage of job (MB)
	195812  -  ResidentSetSize of job (KB)
...
006 (31980884.140.000) 03/28 22:04:47 Image size of job updated: 204
	204  -  MemoryUsage of job (MB)
	209404  -  ResidentSetSize of job (KB)
...
005 (31980884.140.000) 03/28 22:04:48 Job terminated.
	(1) Normal termination (return value 0)
		Usr 0 00:02:45, Sys 0 00:00:09  -  Run Remote Usage
		Usr 0 00:00:00, Sys 0 00:00:00  -  Run Local Usage
		Usr 0 00:02:45, Sys 0 00:00:09  -  Total Remote Usage
		Usr 0 00:00:00, Sys 0 00:00:00  -  Total Local Usage
	167927  -  Run Bytes Sent By Job
	2250925  -  Run Bytes Received By Job
	167927  -  Total Bytes Sent By Job
	2250925  -  Total Bytes Received By Job
	Partitionable Resources :    Usage  Request Allocated 
	   Cpus                 :        0        1         1 
	   Disk (KB)            :     5299     2250   1639744 
	   Memory (MB)          :      204     2000      2000 
...
