000 (31980884.063.000) 03/28 21:58:24 Job submitted from host: <131.225.188.57:9618?addrs=131.225.188.57-9618&noUDP&sock=18092_2f86_3>
...
001 (31980884.063.000) 03/28 21:59:40 Job executing on host: <131.225.190.34:9618?addrs=131.225.190.34-9618&noUDP&sock=1447_19a1_3>
...
006 (31980884.063.000) 03/28 21:59:49 Image size of job updated: 14
	14  -  MemoryUsage of job (MB)
	15316  -  ResidentSetSize of job (KB)
...
006 (31980884.063.000) 03/28 22:01:50 Image size of job updated: 128
	128  -  MemoryUsage of job (MB)
	131772  -  ResidentSetSize of job (KB)
...
006 (31980884.063.000) 03/28 22:02:51 Image size of job updated: 168
	168  -  MemoryUsage of job (MB)
	172236  -  ResidentSetSize of job (KB)
...
006 (31980884.063.000) 03/28 22:03:52 Image size of job updated: 198
	198  -  MemoryUsage of job (MB)
	203068  -  ResidentSetSize of job (KB)
...
005 (31980884.063.000) 03/28 22:04:21 Job terminated.
	(1) Normal termination (return value 0)
		Usr 0 00:02:15, Sys 0 00:00:10  -  Run Remote Usage
		Usr 0 00:00:00, Sys 0 00:00:00  -  Run Local Usage
		Usr 0 00:02:15, Sys 0 00:00:10  -  Total Remote Usage
		Usr 0 00:00:00, Sys 0 00:00:00  -  Total Local Usage
	168854  -  Run Bytes Sent By Job
	2250925  -  Run Bytes Received By Job
	168854  -  Total Bytes Sent By Job
	2250925  -  Total Bytes Received By Job
	Partitionable Resources :    Usage  Request Allocated 
	   Cpus                 :     0.00        1         1 
	   Disk (KB)            :  5301        2250    790037 
	   Memory (MB)          :   198        2000      2000 
...
