000 (31980884.000.000) 03/28 21:58:24 Job submitted from host: <131.225.188.57:9618?addrs=131.225.188.57-9618&noUDP&sock=18092_2f86_3>
...
001 (31980884.000.000) 03/28 21:59:26 Job executing on host: <131.225.206.166:9618?addrs=131.225.206.166-9618&noUDP&sock=1159_8e5a_3>
...
006 (31980884.000.000) 03/28 21:59:34 Image size of job updated: 25
	25  -  MemoryUsage of job (MB)
	25668  -  ResidentSetSize of job (KB)
...
006 (31980884.000.000) 03/28 22:00:35 Image size of job updated: 167
	167  -  MemoryUsage of job (MB)
	171192  -  ResidentSetSize of job (KB)
...
006 (31980884.000.000) 03/28 22:01:35 Image size of job updated: 168
	168  -  MemoryUsage of job (MB)
	172620  -  ResidentSetSize of job (KB)
...
006 (31980884.000.000) 03/28 22:02:32 Image size of job updated: 206
	206  -  MemoryUsage of job (MB)
	211184  -  ResidentSetSize of job (KB)
...
005 (31980884.000.000) 03/28 22:02:33 Job terminated.
	(1) Normal termination (return value 0)
		Usr 0 00:02:07, Sys 0 00:00:09  -  Run Remote Usage
		Usr 0 00:00:00, Sys 0 00:00:00  -  Run Local Usage
		Usr 0 00:02:07, Sys 0 00:00:09  -  Total Remote Usage
		Usr 0 00:00:00, Sys 0 00:00:00  -  Total Local Usage
	167141  -  Run Bytes Sent By Job
	2250925  -  Run Bytes Received By Job
	167141  -  Total Bytes Sent By Job
	2250925  -  Total Bytes Received By Job
	Partitionable Resources :    Usage  Request Allocated 
	   Cpus                 :        0        1         1 
	   Disk (KB)            :     5298     2250    321490 
	   Memory (MB)          :      206     2000      2000 
...
