000 (31980884.439.000) 03/28 21:58:25 Job submitted from host: <131.225.188.57:9618?addrs=131.225.188.57-9618&noUDP&sock=18092_2f86_3>
...
001 (31980884.439.000) 03/28 22:00:55 Job executing on host: <131.225.190.31:9618?addrs=131.225.190.31-9618&noUDP&sock=1441_fc0f_3>
...
006 (31980884.439.000) 03/28 22:02:05 Image size of job updated: 130
	130  -  MemoryUsage of job (MB)
	133768  -  ResidentSetSize of job (KB)
...
006 (31980884.439.000) 03/28 22:04:06 Image size of job updated: 169
	169  -  MemoryUsage of job (MB)
	173192  -  ResidentSetSize of job (KB)
...
006 (31980884.439.000) 03/28 22:05:07 Image size of job updated: 172
	172  -  MemoryUsage of job (MB)
	176424  -  ResidentSetSize of job (KB)
...
006 (31980884.439.000) 03/28 22:06:08 Image size of job updated: 187
	187  -  MemoryUsage of job (MB)
	191532  -  ResidentSetSize of job (KB)
...
006 (31980884.439.000) 03/28 22:07:08 Image size of job updated: 187
	187  -  MemoryUsage of job (MB)
	191672  -  ResidentSetSize of job (KB)
...
006 (31980884.439.000) 03/28 22:08:08 Image size of job updated: 187
	187  -  MemoryUsage of job (MB)
	191892  -  ResidentSetSize of job (KB)
...
006 (31980884.439.000) 03/28 22:09:08 Image size of job updated: 187
	187  -  MemoryUsage of job (MB)
	192104  -  ResidentSetSize of job (KB)
...
006 (31980884.439.000) 03/28 22:10:09 Image size of job updated: 209
	209  -  MemoryUsage of job (MB)
	214320  -  ResidentSetSize of job (KB)
...
006 (31980884.439.000) 03/28 22:11:11 Image size of job updated: 209
	209  -  MemoryUsage of job (MB)
	214572  -  ResidentSetSize of job (KB)
...
006 (31980884.439.000) 03/28 22:12:11 Image size of job updated: 209
	209  -  MemoryUsage of job (MB)
	214772  -  ResidentSetSize of job (KB)
...
006 (31980884.439.000) 03/28 22:13:11 Image size of job updated: 211
	211  -  MemoryUsage of job (MB)
	216944  -  ResidentSetSize of job (KB)
...
006 (31980884.439.000) 03/28 22:14:11 Image size of job updated: 211
	211  -  MemoryUsage of job (MB)
	216972  -  ResidentSetSize of job (KB)
...
005 (31980884.439.000) 03/28 22:15:05 Job terminated.
	(1) Normal termination (return value 0)
		Usr 0 00:10:11, Sys 0 00:00:33  -  Run Remote Usage
		Usr 0 00:00:00, Sys 0 00:00:00  -  Run Local Usage
		Usr 0 00:10:11, Sys 0 00:00:33  -  Total Remote Usage
		Usr 0 00:00:00, Sys 0 00:00:00  -  Total Local Usage
	177635  -  Run Bytes Sent By Job
	2250925  -  Run Bytes Received By Job
	177635  -  Total Bytes Sent By Job
	2250925  -  Total Bytes Received By Job
	Partitionable Resources :    Usage  Request Allocated 
	   Cpus                 :        0        1         1 
	   Disk (KB)            :     5309     2250    774379 
	   Memory (MB)          :      211     2000      2000 
...
