000 (31980884.184.000) 03/28 21:58:24 Job submitted from host: <131.225.188.57:9618?addrs=131.225.188.57-9618&noUDP&sock=18092_2f86_3>
...
001 (31980884.184.000) 03/28 22:00:03 Job executing on host: <131.225.188.43:9618?addrs=131.225.188.43-9618&noUDP&sock=1910_adfa_3>
...
006 (31980884.184.000) 03/28 22:01:12 Image size of job updated: 165
	165  -  MemoryUsage of job (MB)
	168988  -  ResidentSetSize of job (KB)
...
006 (31980884.184.000) 03/28 22:02:12 Image size of job updated: 188
	188  -  MemoryUsage of job (MB)
	193136  -  ResidentSetSize of job (KB)
...
006 (31980884.184.000) 03/28 22:02:51 Image size of job updated: 201
	201  -  MemoryUsage of job (MB)
	206792  -  ResidentSetSize of job (KB)
...
005 (31980884.184.000) 03/28 22:02:54 Job terminated.
	(1) Normal termination (return value 0)
		Usr 0 00:02:12, Sys 0 00:00:07  -  Run Remote Usage
		Usr 0 00:00:00, Sys 0 00:00:00  -  Run Local Usage
		Usr 0 00:02:12, Sys 0 00:00:07  -  Total Remote Usage
		Usr 0 00:00:00, Sys 0 00:00:00  -  Total Local Usage
	167138  -  Run Bytes Sent By Job
	2250925  -  Run Bytes Received By Job
	167138  -  Total Bytes Sent By Job
	2250925  -  Total Bytes Received By Job
	Partitionable Resources :    Usage  Request Allocated 
	   Cpus                 :        0        1         1 
	   Disk (KB)            :     5298     2250   1647299 
	   Memory (MB)          :      201     2000      2000 
...
