000 (31980884.417.000) 03/28 21:58:25 Job submitted from host: <131.225.188.57:9618?addrs=131.225.188.57-9618&noUDP&sock=18092_2f86_3>
...
001 (31980884.417.000) 03/28 22:00:50 Job executing on host: <131.225.205.221:9618?addrs=131.225.205.221-9618&noUDP&sock=1471_8fe7_3>
...
006 (31980884.417.000) 03/28 22:00:58 Image size of job updated: 14
	14  -  MemoryUsage of job (MB)
	15032  -  ResidentSetSize of job (KB)
...
006 (31980884.417.000) 03/28 22:01:58 Image size of job updated: 132
	132  -  MemoryUsage of job (MB)
	135756  -  ResidentSetSize of job (KB)
...
006 (31980884.417.000) 03/28 22:02:59 Image size of job updated: 168
	168  -  MemoryUsage of job (MB)
	172712  -  ResidentSetSize of job (KB)
...
006 (31980884.417.000) 03/28 22:03:59 Image size of job updated: 171
	171  -  MemoryUsage of job (MB)
	176056  -  ResidentSetSize of job (KB)
...
006 (31980884.417.000) 03/28 22:04:59 Image size of job updated: 174
	174  -  MemoryUsage of job (MB)
	178904  -  ResidentSetSize of job (KB)
...
006 (31980884.417.000) 03/28 22:05:59 Image size of job updated: 187
	187  -  MemoryUsage of job (MB)
	192124  -  ResidentSetSize of job (KB)
...
006 (31980884.417.000) 03/28 22:07:00 Image size of job updated: 187
	187  -  MemoryUsage of job (MB)
	192348  -  ResidentSetSize of job (KB)
...
006 (31980884.417.000) 03/28 22:08:01 Image size of job updated: 188
	188  -  MemoryUsage of job (MB)
	192568  -  ResidentSetSize of job (KB)
...
006 (31980884.417.000) 03/28 22:09:02 Image size of job updated: 207
	207  -  MemoryUsage of job (MB)
	212256  -  ResidentSetSize of job (KB)
...
006 (31980884.417.000) 03/28 22:10:02 Image size of job updated: 207
	207  -  MemoryUsage of job (MB)
	212500  -  ResidentSetSize of job (KB)
...
006 (31980884.417.000) 03/28 22:11:02 Image size of job updated: 207
	207  -  MemoryUsage of job (MB)
	212732  -  ResidentSetSize of job (KB)
...
006 (31980884.417.000) 03/28 22:12:02 Image size of job updated: 207
	207  -  MemoryUsage of job (MB)
	212836  -  ResidentSetSize of job (KB)
...
006 (31980884.417.000) 03/28 22:13:03 Image size of job updated: 210
	210  -  MemoryUsage of job (MB)
	215068  -  ResidentSetSize of job (KB)
...
006 (31980884.417.000) 03/28 22:14:04 Image size of job updated: 210
	210  -  MemoryUsage of job (MB)
	215100  -  ResidentSetSize of job (KB)
...
005 (31980884.417.000) 03/28 22:15:00 Job terminated.
	(1) Normal termination (return value 0)
		Usr 0 00:11:24, Sys 0 00:00:31  -  Run Remote Usage
		Usr 0 00:00:00, Sys 0 00:00:00  -  Run Local Usage
		Usr 0 00:11:24, Sys 0 00:00:31  -  Total Remote Usage
		Usr 0 00:00:00, Sys 0 00:00:00  -  Total Local Usage
	176936  -  Run Bytes Sent By Job
	2250925  -  Run Bytes Received By Job
	176936  -  Total Bytes Sent By Job
	2250925  -  Total Bytes Received By Job
	Partitionable Resources :    Usage  Request Allocated 
	   Cpus                 :        0        1         1 
	   Disk (KB)            :     5308     2250   1703834 
	   Memory (MB)          :      210     2000      2000 
...
