000 (31980884.405.000) 03/28 21:58:25 Job submitted from host: <131.225.188.57:9618?addrs=131.225.188.57-9618&noUDP&sock=18092_2f86_3>
...
001 (31980884.405.000) 03/28 22:00:47 Job executing on host: <131.225.188.21:9618?addrs=131.225.188.21-9618&noUDP&sock=1933_74a8_3>
...
006 (31980884.405.000) 03/28 22:01:57 Image size of job updated: 132
	132  -  MemoryUsage of job (MB)
	135748  -  ResidentSetSize of job (KB)
...
006 (31980884.405.000) 03/28 22:02:58 Image size of job updated: 148
	148  -  MemoryUsage of job (MB)
	152116  -  ResidentSetSize of job (KB)
...
006 (31980884.405.000) 03/28 22:03:59 Image size of job updated: 167
	167  -  MemoryUsage of job (MB)
	171580  -  ResidentSetSize of job (KB)
...
006 (31980884.405.000) 03/28 22:05:00 Image size of job updated: 171
	171  -  MemoryUsage of job (MB)
	175664  -  ResidentSetSize of job (KB)
...
006 (31980884.405.000) 03/28 22:06:00 Image size of job updated: 186
	186  -  MemoryUsage of job (MB)
	191200  -  ResidentSetSize of job (KB)
...
006 (31980884.405.000) 03/28 22:07:00 Image size of job updated: 186
	186  -  MemoryUsage of job (MB)
	191416  -  ResidentSetSize of job (KB)
...
006 (31980884.405.000) 03/28 22:08:00 Image size of job updated: 187
	187  -  MemoryUsage of job (MB)
	191648  -  ResidentSetSize of job (KB)
...
006 (31980884.405.000) 03/28 22:09:01 Image size of job updated: 187
	187  -  MemoryUsage of job (MB)
	191868  -  ResidentSetSize of job (KB)
...
006 (31980884.405.000) 03/28 22:10:02 Image size of job updated: 211
	211  -  MemoryUsage of job (MB)
	216820  -  ResidentSetSize of job (KB)
...
006 (31980884.405.000) 03/28 22:11:03 Image size of job updated: 211
	211  -  MemoryUsage of job (MB)
	216960  -  ResidentSetSize of job (KB)
...
006 (31980884.405.000) 03/28 22:12:03 Image size of job updated: 212
	212  -  MemoryUsage of job (MB)
	217132  -  ResidentSetSize of job (KB)
...
006 (31980884.405.000) 03/28 22:13:03 Image size of job updated: 213
	213  -  MemoryUsage of job (MB)
	218748  -  ResidentSetSize of job (KB)
...
006 (31980884.405.000) 03/28 22:14:03 Image size of job updated: 213
	213  -  MemoryUsage of job (MB)
	218772  -  ResidentSetSize of job (KB)
...
005 (31980884.405.000) 03/28 22:14:26 Job terminated.
	(1) Normal termination (return value 0)
		Usr 0 00:08:31, Sys 0 00:00:28  -  Run Remote Usage
		Usr 0 00:00:00, Sys 0 00:00:00  -  Run Local Usage
		Usr 0 00:08:31, Sys 0 00:00:28  -  Total Remote Usage
		Usr 0 00:00:00, Sys 0 00:00:00  -  Total Local Usage
	178768  -  Run Bytes Sent By Job
	2250925  -  Run Bytes Received By Job
	178768  -  Total Bytes Sent By Job
	2250925  -  Total Bytes Received By Job
	Partitionable Resources :    Usage  Request Allocated 
	   Cpus                 :        0        1         1 
	   Disk (KB)            :     5309     2250   1649041 
	   Memory (MB)          :      213     2000      2000 
...
