000 (31980884.391.000) 03/28 21:58:25 Job submitted from host: <131.225.188.57:9618?addrs=131.225.188.57-9618&noUDP&sock=18092_2f86_3>
...
001 (31980884.391.000) 03/28 22:00:48 Job executing on host: <131.225.191.69:9618?addrs=131.225.191.69-9618&noUDP&sock=1448_c939_3>
...
006 (31980884.391.000) 03/28 22:01:59 Image size of job updated: 132
	132  -  MemoryUsage of job (MB)
	135760  -  ResidentSetSize of job (KB)
...
006 (31980884.391.000) 03/28 22:04:00 Image size of job updated: 174
	174  -  MemoryUsage of job (MB)
	179144  -  ResidentSetSize of job (KB)
...
006 (31980884.391.000) 03/28 22:05:01 Image size of job updated: 178
	178  -  MemoryUsage of job (MB)
	182344  -  ResidentSetSize of job (KB)
...
006 (31980884.391.000) 03/28 22:06:01 Image size of job updated: 187
	187  -  MemoryUsage of job (MB)
	191648  -  ResidentSetSize of job (KB)
...
006 (31980884.391.000) 03/28 22:07:01 Image size of job updated: 188
	188  -  MemoryUsage of job (MB)
	192888  -  ResidentSetSize of job (KB)
...
006 (31980884.391.000) 03/28 22:08:01 Image size of job updated: 188
	188  -  MemoryUsage of job (MB)
	193040  -  ResidentSetSize of job (KB)
...
006 (31980884.391.000) 03/28 22:09:02 Image size of job updated: 202
	202  -  MemoryUsage of job (MB)
	207048  -  ResidentSetSize of job (KB)
...
006 (31980884.391.000) 03/28 22:10:03 Image size of job updated: 209
	209  -  MemoryUsage of job (MB)
	214340  -  ResidentSetSize of job (KB)
...
006 (31980884.391.000) 03/28 22:11:04 Image size of job updated: 209
	209  -  MemoryUsage of job (MB)
	214664  -  ResidentSetSize of job (KB)
...
006 (31980884.391.000) 03/28 22:12:04 Image size of job updated: 209
	209  -  MemoryUsage of job (MB)
	214732  -  ResidentSetSize of job (KB)
...
006 (31980884.391.000) 03/28 22:13:04 Image size of job updated: 211
	211  -  MemoryUsage of job (MB)
	216928  -  ResidentSetSize of job (KB)
...
005 (31980884.391.000) 03/28 22:13:39 Job terminated.
	(1) Normal termination (return value 0)
		Usr 0 00:09:08, Sys 0 00:00:33  -  Run Remote Usage
		Usr 0 00:00:00, Sys 0 00:00:00  -  Run Local Usage
		Usr 0 00:09:08, Sys 0 00:00:33  -  Total Remote Usage
		Usr 0 00:00:00, Sys 0 00:00:00  -  Total Local Usage
	176232  -  Run Bytes Sent By Job
	2250925  -  Run Bytes Received By Job
	176232  -  Total Bytes Sent By Job
	2250925  -  Total Bytes Received By Job
	Partitionable Resources :    Usage  Request Allocated 
	   Cpus                 :     0.00        1         1 
	   Disk (KB)            :  5307        2250    774178 
	   Memory (MB)          :   211        2000      2000 
...
