000 (31980884.222.000) 03/28 21:58:24 Job submitted from host: <131.225.188.57:9618?addrs=131.225.188.57-9618&noUDP&sock=18092_2f86_3>
...
001 (31980884.222.000) 03/28 22:00:15 Job executing on host: <131.225.205.198:9618?addrs=131.225.205.198-9618&noUDP&sock=1471_8fe7_3>
...
006 (31980884.222.000) 03/28 22:01:25 Image size of job updated: 27
	27  -  MemoryUsage of job (MB)
	27792  -  ResidentSetSize of job (KB)
...
006 (31980884.222.000) 03/28 22:02:25 Image size of job updated: 38
	38  -  MemoryUsage of job (MB)
	39660  -  ResidentSetSize of job (KB)
...
006 (31980884.222.000) 03/28 22:03:25 Image size of job updated: 72
	72  -  MemoryUsage of job (MB)
	74748  -  ResidentSetSize of job (KB)
...
006 (31980884.222.000) 03/28 22:04:26 Image size of job updated: 166
	166  -  MemoryUsage of job (MB)
	170776  -  ResidentSetSize of job (KB)
...
006 (31980884.222.000) 03/28 22:05:27 Image size of job updated: 190
	190  -  MemoryUsage of job (MB)
	195172  -  ResidentSetSize of job (KB)
...
005 (31980884.222.000) 03/28 22:06:29 Job terminated.
	(1) Normal termination (return value 0)
		Usr 0 00:03:02, Sys 0 00:00:09  -  Run Remote Usage
		Usr 0 00:00:00, Sys 0 00:00:00  -  Run Local Usage
		Usr 0 00:03:02, Sys 0 00:00:09  -  Total Remote Usage
		Usr 0 00:00:00, Sys 0 00:00:00  -  Total Local Usage
	167721  -  Run Bytes Sent By Job
	2250925  -  Run Bytes Received By Job
	167721  -  Total Bytes Sent By Job
	2250925  -  Total Bytes Received By Job
	Partitionable Resources :    Usage  Request Allocated 
	   Cpus                 :        0        1         1 
	   Disk (KB)            :     5299     2250   1696175 
	   Memory (MB)          :        2     2000      2000 
...
