000 (31980884.011.000) 03/28 21:58:24 Job submitted from host: <131.225.188.57:9618?addrs=131.225.188.57-9618&noUDP&sock=18092_2f86_3>
...
001 (31980884.011.000) 03/28 21:59:29 Job executing on host: <131.225.206.185:9618?addrs=131.225.206.185-9618&noUDP&sock=1164_fc54_3>
...
006 (31980884.011.000) 03/28 21:59:38 Image size of job updated: 14
	14  -  MemoryUsage of job (MB)
	15252  -  ResidentSetSize of job (KB)
...
006 (31980884.011.000) 03/28 22:00:39 Image size of job updated: 35
	35  -  MemoryUsage of job (MB)
	36260  -  ResidentSetSize of job (KB)
...
006 (31980884.011.000) 03/28 22:01:39 Image size of job updated: 164
	164  -  MemoryUsage of job (MB)
	168388  -  ResidentSetSize of job (KB)
...
006 (31980884.011.000) 03/28 22:02:40 Image size of job updated: 167
	167  -  MemoryUsage of job (MB)
	171948  -  ResidentSetSize of job (KB)
...
006 (31980884.011.000) 03/28 22:03:41 Image size of job updated: 202
	202  -  MemoryUsage of job (MB)
	207480  -  ResidentSetSize of job (KB)
...
005 (31980884.011.000) 03/28 22:03:43 Job terminated.
	(1) Normal termination (return value 0)
		Usr 0 00:02:08, Sys 0 00:00:10  -  Run Remote Usage
		Usr 0 00:00:00, Sys 0 00:00:00  -  Run Local Usage
		Usr 0 00:02:08, Sys 0 00:00:10  -  Total Remote Usage
		Usr 0 00:00:00, Sys 0 00:00:00  -  Total Local Usage
	168916  -  Run Bytes Sent By Job
	2250925  -  Run Bytes Received By Job
	168916  -  Total Bytes Sent By Job
	2250925  -  Total Bytes Received By Job
	Partitionable Resources :    Usage  Request Allocated 
	   Cpus                 :        0        1         1 
	   Disk (KB)            :     5299     2250    320405 
	   Memory (MB)          :      202     2000      2000 
...
