000 (31980884.398.000) 03/28 21:58:25 Job submitted from host: <131.225.188.57:9618?addrs=131.225.188.57-9618&noUDP&sock=18092_2f86_3>
...
001 (31980884.398.000) 03/28 22:00:45 Job executing on host: <131.225.205.166:9618?addrs=131.225.205.166-9618&noUDP&sock=1459_54c4_3>
...
006 (31980884.398.000) 03/28 22:01:55 Image size of job updated: 69
	69  -  MemoryUsage of job (MB)
	71296  -  ResidentSetSize of job (KB)
...
006 (31980884.398.000) 03/28 22:02:56 Image size of job updated: 168
	168  -  MemoryUsage of job (MB)
	173048  -  ResidentSetSize of job (KB)
...
006 (31980884.398.000) 03/28 22:03:56 Image size of job updated: 175
	175  -  MemoryUsage of job (MB)
	179620  -  ResidentSetSize of job (KB)
...
006 (31980884.398.000) 03/28 22:04:56 Image size of job updated: 186
	186  -  MemoryUsage of job (MB)
	191084  -  ResidentSetSize of job (KB)
...
006 (31980884.398.000) 03/28 22:05:56 Image size of job updated: 186
	186  -  MemoryUsage of job (MB)
	191300  -  ResidentSetSize of job (KB)
...
006 (31980884.398.000) 03/28 22:06:57 Image size of job updated: 193
	193  -  MemoryUsage of job (MB)
	198028  -  ResidentSetSize of job (KB)
...
006 (31980884.398.000) 03/28 22:07:58 Image size of job updated: 211
	211  -  MemoryUsage of job (MB)
	217008  -  ResidentSetSize of job (KB)
...
006 (31980884.398.000) 03/28 22:08:59 Image size of job updated: 214
	214  -  MemoryUsage of job (MB)
	219192  -  ResidentSetSize of job (KB)
...
006 (31980884.398.000) 03/28 22:09:59 Image size of job updated: 214
	214  -  MemoryUsage of job (MB)
	219436  -  ResidentSetSize of job (KB)
...
006 (31980884.398.000) 03/28 22:10:59 Image size of job updated: 215
	215  -  MemoryUsage of job (MB)
	220588  -  ResidentSetSize of job (KB)
...
006 (31980884.398.000) 03/28 22:11:59 Image size of job updated: 215
	215  -  MemoryUsage of job (MB)
	220592  -  ResidentSetSize of job (KB)
...
006 (31980884.398.000) 03/28 22:12:50 Image size of job updated: 217
	217  -  MemoryUsage of job (MB)
	222228  -  ResidentSetSize of job (KB)
...
005 (31980884.398.000) 03/28 22:12:51 Job terminated.
	(1) Normal termination (return value 0)
		Usr 0 00:09:54, Sys 0 00:00:25  -  Run Remote Usage
		Usr 0 00:00:00, Sys 0 00:00:00  -  Run Local Usage
		Usr 0 00:09:54, Sys 0 00:00:25  -  Total Remote Usage
		Usr 0 00:00:00, Sys 0 00:00:00  -  Total Local Usage
	172966  -  Run Bytes Sent By Job
	2250925  -  Run Bytes Received By Job
	172966  -  Total Bytes Sent By Job
	2250925  -  Total Bytes Received By Job
	Partitionable Resources :    Usage  Request Allocated 
	   Cpus                 :     0.00        1         1 
	   Disk (KB)            :  5304        2250   1643064 
	   Memory (MB)          :   217        2000      2000 
...
