000 (31980884.070.000) 03/28 21:58:24 Job submitted from host: <131.225.188.57:9618?addrs=131.225.188.57-9618&noUDP&sock=18092_2f86_3>
...
001 (31980884.070.000) 03/28 21:59:42 Job executing on host: <131.225.191.253:9618?addrs=131.225.191.253-9618&noUDP&sock=1438_ed47_3>
...
006 (31980884.070.000) 03/28 22:00:53 Image size of job updated: 10
	10  -  MemoryUsage of job (MB)
	10856  -  ResidentSetSize of job (KB)
...
006 (31980884.070.000) 03/28 22:01:52 Image size of job updated: 27
	27  -  MemoryUsage of job (MB)
	27988  -  ResidentSetSize of job (KB)
...
006 (31980884.070.000) 03/28 22:02:53 Image size of job updated: 31
	31  -  MemoryUsage of job (MB)
	32544  -  ResidentSetSize of job (KB)
...
006 (31980884.070.000) 03/28 22:03:54 Image size of job updated: 50
	50  -  MemoryUsage of job (MB)
	52044  -  ResidentSetSize of job (KB)
...
006 (31980884.070.000) 03/28 22:04:55 Image size of job updated: 166
	166  -  MemoryUsage of job (MB)
	170496  -  ResidentSetSize of job (KB)
...
006 (31980884.070.000) 03/28 22:05:55 Image size of job updated: 198
	198  -  MemoryUsage of job (MB)
	203108  -  ResidentSetSize of job (KB)
...
006 (31980884.070.000) 03/28 22:06:49 Image size of job updated: 205
	205  -  MemoryUsage of job (MB)
	210136  -  ResidentSetSize of job (KB)
...
005 (31980884.070.000) 03/28 22:06:50 Job terminated.
	(1) Normal termination (return value 0)
		Usr 0 00:02:40, Sys 0 00:00:11  -  Run Remote Usage
		Usr 0 00:00:00, Sys 0 00:00:00  -  Run Local Usage
		Usr 0 00:02:40, Sys 0 00:00:11  -  Total Remote Usage
		Usr 0 00:00:00, Sys 0 00:00:00  -  Total Local Usage
	167800  -  Run Bytes Sent By Job
	2250925  -  Run Bytes Received By Job
	167800  -  Total Bytes Sent By Job
	2250925  -  Total Bytes Received By Job
	Partitionable Resources :    Usage  Request Allocated 
	   Cpus                 :     0.00        1         1 
	   Disk (KB)            :  5300        2250    764005 
	   Memory (MB)          :   205        2000      2000 
...
