000 (31980884.084.000) 03/28 21:58:24 Job submitted from host: <131.225.188.57:9618?addrs=131.225.188.57-9618&noUDP&sock=18092_2f86_3>
...
001 (31980884.084.000) 03/28 21:59:43 Job executing on host: <131.225.205.192:9618?addrs=131.225.205.192-9618&noUDP&sock=1455_9663_3>
...
006 (31980884.084.000) 03/28 22:00:53 Image size of job updated: 116
	116  -  MemoryUsage of job (MB)
	119388  -  ResidentSetSize of job (KB)
...
006 (31980884.084.000) 03/28 22:01:55 Image size of job updated: 164
	164  -  MemoryUsage of job (MB)
	168624  -  ResidentSetSize of job (KB)
...
006 (31980884.084.000) 03/28 22:02:55 Image size of job updated: 165
	165  -  MemoryUsage of job (MB)
	169896  -  ResidentSetSize of job (KB)
...
006 (31980884.084.000) 03/28 22:03:56 Image size of job updated: 184
	184  -  MemoryUsage of job (MB)
	189364  -  ResidentSetSize of job (KB)
...
006 (31980884.084.000) 03/28 22:04:58 Image size of job updated: 203
	203  -  MemoryUsage of job (MB)
	208748  -  ResidentSetSize of job (KB)
...
005 (31980884.084.000) 03/28 22:05:10 Job terminated.
	(1) Normal termination (return value 0)
		Usr 0 00:03:16, Sys 0 00:00:10  -  Run Remote Usage
		Usr 0 00:00:00, Sys 0 00:00:00  -  Run Local Usage
		Usr 0 00:03:16, Sys 0 00:00:10  -  Total Remote Usage
		Usr 0 00:00:00, Sys 0 00:00:00  -  Total Local Usage
	169668  -  Run Bytes Sent By Job
	2250925  -  Run Bytes Received By Job
	169668  -  Total Bytes Sent By Job
	2250925  -  Total Bytes Received By Job
	Partitionable Resources :    Usage  Request Allocated 
	   Cpus                 :        0        1         1 
	   Disk (KB)            :     5301     2250   1642523 
	   Memory (MB)          :        3     2000      2000 
...
