000 (31980884.358.000) 03/28 21:58:25 Job submitted from host: <131.225.188.57:9618?addrs=131.225.188.57-9618&noUDP&sock=18092_2f86_3>
...
001 (31980884.358.000) 03/28 22:00:33 Job executing on host: <131.225.205.162:9618?addrs=131.225.205.162-9618&noUDP&sock=1459_54c4_3>
...
006 (31980884.358.000) 03/28 22:00:42 Image size of job updated: 5
	3  -  MemoryUsage of job (MB)
	3588  -  ResidentSetSize of job (KB)
...
006 (31980884.358.000) 03/28 22:01:42 Image size of job updated: 73
	73  -  MemoryUsage of job (MB)
	74788  -  ResidentSetSize of job (KB)
...
006 (31980884.358.000) 03/28 22:02:43 Image size of job updated: 166
	166  -  MemoryUsage of job (MB)
	170976  -  ResidentSetSize of job (KB)
...
006 (31980884.358.000) 03/28 22:04:23 Image size of job updated: 206
	206  -  MemoryUsage of job (MB)
	211744  -  ResidentSetSize of job (KB)
...
005 (31980884.358.000) 03/28 22:04:24 Job terminated.
	(1) Normal termination (return value 0)
		Usr 0 00:02:57, Sys 0 00:00:09  -  Run Remote Usage
		Usr 0 00:00:00, Sys 0 00:00:00  -  Run Local Usage
		Usr 0 00:02:57, Sys 0 00:00:09  -  Total Remote Usage
		Usr 0 00:00:00, Sys 0 00:00:00  -  Total Local Usage
	168892  -  Run Bytes Sent By Job
	2250925  -  Run Bytes Received By Job
	168892  -  Total Bytes Sent By Job
	2250925  -  Total Bytes Received By Job
	Partitionable Resources :    Usage  Request Allocated 
	   Cpus                 :     0.00        1         1 
	   Disk (KB)            :  5300        2250   1640145 
	   Memory (MB)          :   206        2000      2000 
...
