000 (31980884.191.000) 03/28 21:58:24 Job submitted from host: <131.225.188.57:9618?addrs=131.225.188.57-9618&noUDP&sock=18092_2f86_3>
...
001 (31980884.191.000) 03/28 22:00:05 Job executing on host: <131.225.188.60:9618?addrs=131.225.188.60-9618&noUDP&sock=1917_7b24_3>
...
006 (31980884.191.000) 03/28 22:01:16 Image size of job updated: 129
	129  -  MemoryUsage of job (MB)
	132720  -  ResidentSetSize of job (KB)
...
006 (31980884.191.000) 03/28 22:02:15 Image size of job updated: 188
	188  -  MemoryUsage of job (MB)
	193248  -  ResidentSetSize of job (KB)
...
005 (31980884.191.000) 03/28 22:02:26 Job terminated.
	(1) Normal termination (return value 0)
		Usr 0 00:01:33, Sys 0 00:00:06  -  Run Remote Usage
		Usr 0 00:00:00, Sys 0 00:00:00  -  Run Local Usage
		Usr 0 00:01:33, Sys 0 00:00:06  -  Total Remote Usage
		Usr 0 00:00:00, Sys 0 00:00:00  -  Total Local Usage
	166201  -  Run Bytes Sent By Job
	2250925  -  Run Bytes Received By Job
	166201  -  Total Bytes Sent By Job
	2250925  -  Total Bytes Received By Job
	Partitionable Resources :    Usage  Request Allocated 
	   Cpus                 :     0.00        1         1 
	   Disk (KB)            :  5298        2250   1629004 
	   Memory (MB)          :   153        2000      2000 
...
