000 (31980884.346.000) 03/28 21:58:25 Job submitted from host: <131.225.188.57:9618?addrs=131.225.188.57-9618&noUDP&sock=18092_2f86_3>
...
001 (31980884.346.000) 03/28 22:00:36 Job executing on host: <131.225.190.31:9618?addrs=131.225.190.31-9618&noUDP&sock=1441_fc0f_3>
...
006 (31980884.346.000) 03/28 22:02:48 Image size of job updated: 165
	165  -  MemoryUsage of job (MB)
	169404  -  ResidentSetSize of job (KB)
...
006 (31980884.346.000) 03/28 22:03:49 Image size of job updated: 190
	190  -  MemoryUsage of job (MB)
	195320  -  ResidentSetSize of job (KB)
...
006 (31980884.346.000) 03/28 22:04:50 Image size of job updated: 204
	204  -  MemoryUsage of job (MB)
	209900  -  ResidentSetSize of job (KB)
...
005 (31980884.346.000) 03/28 22:04:57 Job terminated.
	(1) Normal termination (return value 0)
		Usr 0 00:02:51, Sys 0 00:00:11  -  Run Remote Usage
		Usr 0 00:00:00, Sys 0 00:00:00  -  Run Local Usage
		Usr 0 00:02:51, Sys 0 00:00:11  -  Total Remote Usage
		Usr 0 00:00:00, Sys 0 00:00:00  -  Total Local Usage
	167431  -  Run Bytes Sent By Job
	2250925  -  Run Bytes Received By Job
	167431  -  Total Bytes Sent By Job
	2250925  -  Total Bytes Received By Job
	Partitionable Resources :    Usage  Request Allocated 
	   Cpus                 :     0.00        1         1 
	   Disk (KB)            :  5299        2250    774379 
	   Memory (MB)          :   204        2000      2000 
...
