000 (31980884.185.000) 03/28 21:58:24 Job submitted from host: <131.225.188.57:9618?addrs=131.225.188.57-9618&noUDP&sock=18092_2f86_3>
...
001 (31980884.185.000) 03/28 22:00:03 Job executing on host: <131.225.188.34:9618?addrs=131.225.188.34-9618&noUDP&sock=1910_adfa_3>
...
006 (31980884.185.000) 03/28 22:01:13 Image size of job updated: 165
	165  -  MemoryUsage of job (MB)
	169404  -  ResidentSetSize of job (KB)
...
006 (31980884.185.000) 03/28 22:02:14 Image size of job updated: 193
	193  -  MemoryUsage of job (MB)
	197668  -  ResidentSetSize of job (KB)
...
006 (31980884.185.000) 03/28 22:02:58 Image size of job updated: 206
	206  -  MemoryUsage of job (MB)
	211308  -  ResidentSetSize of job (KB)
...
005 (31980884.185.000) 03/28 22:02:59 Job terminated.
	(1) Normal termination (return value 0)
		Usr 0 00:02:11, Sys 0 00:00:07  -  Run Remote Usage
		Usr 0 00:00:00, Sys 0 00:00:00  -  Run Local Usage
		Usr 0 00:02:11, Sys 0 00:00:07  -  Total Remote Usage
		Usr 0 00:00:00, Sys 0 00:00:00  -  Total Local Usage
	167565  -  Run Bytes Sent By Job
	2250925  -  Run Bytes Received By Job
	167565  -  Total Bytes Sent By Job
	2250925  -  Total Bytes Received By Job
	Partitionable Resources :    Usage  Request Allocated 
	   Cpus                 :        0        1         1 
	   Disk (KB)            :     5299     2250   1627190 
	   Memory (MB)          :      206     2000      2000 
...
