000 (31980884.019.000) 03/28 21:58:24 Job submitted from host: <131.225.188.57:9618?addrs=131.225.188.57-9618&noUDP&sock=18092_2f86_3>
...
001 (31980884.019.000) 03/28 21:59:30 Job executing on host: <131.225.206.211:9618?addrs=131.225.206.211-9618&noUDP&sock=1166_5b84_3>
...
006 (31980884.019.000) 03/28 21:59:41 Image size of job updated: 8
	8  -  MemoryUsage of job (MB)
	8988  -  ResidentSetSize of job (KB)
...
006 (31980884.019.000) 03/28 22:00:41 Image size of job updated: 27
	27  -  MemoryUsage of job (MB)
	27680  -  ResidentSetSize of job (KB)
...
006 (31980884.019.000) 03/28 22:01:41 Image size of job updated: 86
	86  -  MemoryUsage of job (MB)
	88928  -  ResidentSetSize of job (KB)
...
006 (31980884.019.000) 03/28 22:02:41 Image size of job updated: 164
	164  -  MemoryUsage of job (MB)
	168016  -  ResidentSetSize of job (KB)
...
006 (31980884.019.000) 03/28 22:03:41 Image size of job updated: 180
	180  -  MemoryUsage of job (MB)
	184536  -  ResidentSetSize of job (KB)
...
006 (31980884.019.000) 03/28 22:04:32 Image size of job updated: 203
	203  -  MemoryUsage of job (MB)
	207992  -  ResidentSetSize of job (KB)
...
005 (31980884.019.000) 03/28 22:04:33 Job terminated.
	(1) Normal termination (return value 0)
		Usr 0 00:02:21, Sys 0 00:00:09  -  Run Remote Usage
		Usr 0 00:00:00, Sys 0 00:00:00  -  Run Local Usage
		Usr 0 00:02:21, Sys 0 00:00:09  -  Total Remote Usage
		Usr 0 00:00:00, Sys 0 00:00:00  -  Total Local Usage
	167634  -  Run Bytes Sent By Job
	2250925  -  Run Bytes Received By Job
	167634  -  Total Bytes Sent By Job
	2250925  -  Total Bytes Received By Job
	Partitionable Resources :    Usage  Request Allocated 
	   Cpus                 :        0        1         1 
	   Disk (KB)            :     5298     2250    309213 
	   Memory (MB)          :      203     2000      2000 
...
