000 (31980884.289.000) 03/28 21:58:24 Job submitted from host: <131.225.188.57:9618?addrs=131.225.188.57-9618&noUDP&sock=18092_2f86_3>
...
001 (31980884.289.000) 03/28 22:00:25 Job executing on host: <131.225.188.86:9618?addrs=131.225.188.86-9618&noUDP&sock=1928_06af_3>
...
006 (31980884.289.000) 03/28 22:01:35 Image size of job updated: 131
	131  -  MemoryUsage of job (MB)
	135048  -  ResidentSetSize of job (KB)
...
006 (31980884.289.000) 03/28 22:02:36 Image size of job updated: 168
	168  -  MemoryUsage of job (MB)
	172812  -  ResidentSetSize of job (KB)
...
006 (31980884.289.000) 03/28 22:03:34 Image size of job updated: 205
	205  -  MemoryUsage of job (MB)
	210048  -  ResidentSetSize of job (KB)
...
005 (31980884.289.000) 03/28 22:03:35 Job terminated.
	(1) Normal termination (return value 0)
		Usr 0 00:02:15, Sys 0 00:00:08  -  Run Remote Usage
		Usr 0 00:00:00, Sys 0 00:00:00  -  Run Local Usage
		Usr 0 00:02:15, Sys 0 00:00:08  -  Total Remote Usage
		Usr 0 00:00:00, Sys 0 00:00:00  -  Total Local Usage
	168561  -  Run Bytes Sent By Job
	2250925  -  Run Bytes Received By Job
	168561  -  Total Bytes Sent By Job
	2250925  -  Total Bytes Received By Job
	Partitionable Resources :    Usage  Request Allocated 
	   Cpus                 :        0        1         1 
	   Disk (KB)            :     5300     2250   1630173 
	   Memory (MB)          :      205     2000      2000 
...
