000 (31980884.126.000) 03/28 21:58:24 Job submitted from host: <131.225.188.57:9618?addrs=131.225.188.57-9618&noUDP&sock=18092_2f86_3>
...
001 (31980884.126.000) 03/28 21:59:53 Job executing on host: <131.225.190.19:9618?addrs=131.225.190.19-9618&noUDP&sock=1450_286a_3>
...
006 (31980884.126.000) 03/28 22:03:05 Image size of job updated: 132
	132  -  MemoryUsage of job (MB)
	135752  -  ResidentSetSize of job (KB)
...
006 (31980884.126.000) 03/28 22:17:11 Image size of job updated: 164
	164  -  MemoryUsage of job (MB)
	168076  -  ResidentSetSize of job (KB)
...
006 (31980884.126.000) 03/28 22:18:12 Image size of job updated: 167
	167  -  MemoryUsage of job (MB)
	172028  -  ResidentSetSize of job (KB)
...
006 (31980884.126.000) 03/28 22:19:12 Image size of job updated: 204
	204  -  MemoryUsage of job (MB)
	209892  -  ResidentSetSize of job (KB)
...
005 (31980884.126.000) 03/28 22:19:32 Job terminated.
	(1) Normal termination (return value 0)
		Usr 0 00:02:32, Sys 0 00:00:08  -  Run Remote Usage
		Usr 0 00:00:00, Sys 0 00:00:00  -  Run Local Usage
		Usr 0 00:02:32, Sys 0 00:00:08  -  Total Remote Usage
		Usr 0 00:00:00, Sys 0 00:00:00  -  Total Local Usage
	169979  -  Run Bytes Sent By Job
	2250925  -  Run Bytes Received By Job
	169979  -  Total Bytes Sent By Job
	2250925  -  Total Bytes Received By Job
	Partitionable Resources :    Usage  Request Allocated 
	   Cpus                 :        0        1         1 
	   Disk (KB)            :     5301     2250    770693 
	   Memory (MB)          :      204     2000      2000 
...
