000 (31980884.072.000) 03/28 21:58:24 Job submitted from host: <131.225.188.57:9618?addrs=131.225.188.57-9618&noUDP&sock=18092_2f86_3>
...
001 (31980884.072.000) 03/28 21:59:42 Job executing on host: <131.225.191.165:9618?addrs=131.225.191.165-9618&noUDP&sock=1450_286a_3>
...
006 (31980884.072.000) 03/28 22:00:52 Image size of job updated: 73
	73  -  MemoryUsage of job (MB)
	74780  -  ResidentSetSize of job (KB)
...
006 (31980884.072.000) 03/28 22:01:53 Image size of job updated: 167
	167  -  MemoryUsage of job (MB)
	171140  -  ResidentSetSize of job (KB)
...
006 (31980884.072.000) 03/28 22:02:53 Image size of job updated: 191
	191  -  MemoryUsage of job (MB)
	195880  -  ResidentSetSize of job (KB)
...
005 (31980884.072.000) 03/28 22:04:03 Job terminated.
	(1) Normal termination (return value 0)
		Usr 0 00:02:06, Sys 0 00:00:09  -  Run Remote Usage
		Usr 0 00:00:00, Sys 0 00:00:00  -  Run Local Usage
		Usr 0 00:02:06, Sys 0 00:00:09  -  Total Remote Usage
		Usr 0 00:00:00, Sys 0 00:00:00  -  Total Local Usage
	168146  -  Run Bytes Sent By Job
	2250925  -  Run Bytes Received By Job
	168146  -  Total Bytes Sent By Job
	2250925  -  Total Bytes Received By Job
	Partitionable Resources :    Usage  Request Allocated 
	   Cpus                 :        0        1         1 
	   Disk (KB)            :     5300     2250    770826 
	   Memory (MB)          :      191     2000      2000 
...
