000 (31980884.221.000) 03/28 21:58:24 Job submitted from host: <131.225.188.57:9618?addrs=131.225.188.57-9618&noUDP&sock=18092_2f86_3>
...
001 (31980884.221.000) 03/28 22:00:10 Job executing on host: <131.225.205.221:9618?addrs=131.225.205.221-9618&noUDP&sock=1471_8fe7_3>
...
006 (31980884.221.000) 03/28 22:00:19 Image size of job updated: 15
	15  -  MemoryUsage of job (MB)
	15512  -  ResidentSetSize of job (KB)
...
006 (31980884.221.000) 03/28 22:01:20 Image size of job updated: 66
	66  -  MemoryUsage of job (MB)
	68108  -  ResidentSetSize of job (KB)
...
006 (31980884.221.000) 03/28 22:02:21 Image size of job updated: 166
	166  -  MemoryUsage of job (MB)
	170532  -  ResidentSetSize of job (KB)
...
006 (31980884.221.000) 03/28 22:03:21 Image size of job updated: 191
	191  -  MemoryUsage of job (MB)
	196028  -  ResidentSetSize of job (KB)
...
006 (31980884.221.000) 03/28 22:04:18 Image size of job updated: 204
	204  -  MemoryUsage of job (MB)
	209828  -  ResidentSetSize of job (KB)
...
005 (31980884.221.000) 03/28 22:04:19 Job terminated.
	(1) Normal termination (return value 0)
		Usr 0 00:03:08, Sys 0 00:00:13  -  Run Remote Usage
		Usr 0 00:00:00, Sys 0 00:00:00  -  Run Local Usage
		Usr 0 00:03:08, Sys 0 00:00:13  -  Total Remote Usage
		Usr 0 00:00:00, Sys 0 00:00:00  -  Total Local Usage
	167289  -  Run Bytes Sent By Job
	2250925  -  Run Bytes Received By Job
	167289  -  Total Bytes Sent By Job
	2250925  -  Total Bytes Received By Job
	Partitionable Resources :    Usage  Request Allocated 
	   Cpus                 :        0        1         1 
	   Disk (KB)            :     5299     2250   1703834 
	   Memory (MB)          :      204     2000      2000 
...
