000 (31980884.014.000) 03/28 21:58:24 Job submitted from host: <131.225.188.57:9618?addrs=131.225.188.57-9618&noUDP&sock=18092_2f86_3>
...
001 (31980884.014.000) 03/28 21:59:29 Job executing on host: <131.225.206.181:9618?addrs=131.225.206.181-9618&noUDP&sock=1153_70c9_3>
...
006 (31980884.014.000) 03/28 21:59:38 Image size of job updated: 14
	14  -  MemoryUsage of job (MB)
	15316  -  ResidentSetSize of job (KB)
...
006 (31980884.014.000) 03/28 22:01:38 Image size of job updated: 27
	27  -  MemoryUsage of job (MB)
	27824  -  ResidentSetSize of job (KB)
...
006 (31980884.014.000) 03/28 22:02:39 Image size of job updated: 89
	89  -  MemoryUsage of job (MB)
	91568  -  ResidentSetSize of job (KB)
...
006 (31980884.014.000) 03/28 22:03:40 Image size of job updated: 167
	167  -  MemoryUsage of job (MB)
	171780  -  ResidentSetSize of job (KB)
...
006 (31980884.014.000) 03/28 22:04:40 Image size of job updated: 204
	204  -  MemoryUsage of job (MB)
	209504  -  ResidentSetSize of job (KB)
...
005 (31980884.014.000) 03/28 22:04:44 Job terminated.
	(1) Normal termination (return value 0)
		Usr 0 00:02:03, Sys 0 00:00:10  -  Run Remote Usage
		Usr 0 00:00:00, Sys 0 00:00:00  -  Run Local Usage
		Usr 0 00:02:03, Sys 0 00:00:10  -  Total Remote Usage
		Usr 0 00:00:00, Sys 0 00:00:00  -  Total Local Usage
	168905  -  Run Bytes Sent By Job
	2250925  -  Run Bytes Received By Job
	168905  -  Total Bytes Sent By Job
	2250925  -  Total Bytes Received By Job
	Partitionable Resources :    Usage  Request Allocated 
	   Cpus                 :        0        1         1 
	   Disk (KB)            :     5300     2250    320888 
	   Memory (MB)          :      204     2000      2000 
...
