000 (31980884.347.000) 03/28 21:58:25 Job submitted from host: <131.225.188.57:9618?addrs=131.225.188.57-9618&noUDP&sock=18092_2f86_3>
...
001 (31980884.347.000) 03/28 22:00:36 Job executing on host: <131.225.190.58:9618?addrs=131.225.190.58-9618&noUDP&sock=1428_1154_3>
...
006 (31980884.347.000) 03/28 22:01:47 Image size of job updated: 129
	129  -  MemoryUsage of job (MB)
	132580  -  ResidentSetSize of job (KB)
...
006 (31980884.347.000) 03/28 22:02:47 Image size of job updated: 167
	167  -  MemoryUsage of job (MB)
	171140  -  ResidentSetSize of job (KB)
...
006 (31980884.347.000) 03/28 22:03:48 Image size of job updated: 189
	189  -  MemoryUsage of job (MB)
	194360  -  ResidentSetSize of job (KB)
...
005 (31980884.347.000) 03/28 22:04:49 Job terminated.
	(1) Normal termination (return value 0)
		Usr 0 00:01:51, Sys 0 00:00:13  -  Run Remote Usage
		Usr 0 00:00:00, Sys 0 00:00:00  -  Run Local Usage
		Usr 0 00:01:51, Sys 0 00:00:13  -  Total Remote Usage
		Usr 0 00:00:00, Sys 0 00:00:00  -  Total Local Usage
	168404  -  Run Bytes Sent By Job
	2250925  -  Run Bytes Received By Job
	168404  -  Total Bytes Sent By Job
	2250925  -  Total Bytes Received By Job
	Partitionable Resources :    Usage  Request Allocated 
	   Cpus                 :        0        1         1 
	   Disk (KB)            :     5300     2250    738996 
	   Memory (MB)          :      189     2000      2000 
...
