000 (31980884.059.000) 03/28 21:58:24 Job submitted from host: <131.225.188.57:9618?addrs=131.225.188.57-9618&noUDP&sock=18092_2f86_3>
...
001 (31980884.059.000) 03/28 21:59:37 Job executing on host: <131.225.191.174:9618?addrs=131.225.191.174-9618&noUDP&sock=1159_8e5a_3>
...
006 (31980884.059.000) 03/28 21:59:46 Image size of job updated: 15
	15  -  MemoryUsage of job (MB)
	15864  -  ResidentSetSize of job (KB)
...
006 (31980884.059.000) 03/28 22:00:47 Image size of job updated: 27
	27  -  MemoryUsage of job (MB)
	27816  -  ResidentSetSize of job (KB)
...
006 (31980884.059.000) 03/28 22:01:47 Image size of job updated: 161
	161  -  MemoryUsage of job (MB)
	164916  -  ResidentSetSize of job (KB)
...
006 (31980884.059.000) 03/28 22:02:47 Image size of job updated: 167
	167  -  MemoryUsage of job (MB)
	171624  -  ResidentSetSize of job (KB)
...
006 (31980884.059.000) 03/28 22:03:47 Image size of job updated: 205
	205  -  MemoryUsage of job (MB)
	210788  -  ResidentSetSize of job (KB)
...
006 (31980884.059.000) 03/28 22:03:57 Image size of job updated: 205
	205  -  MemoryUsage of job (MB)
	210884  -  ResidentSetSize of job (KB)
...
005 (31980884.059.000) 03/28 22:03:57 Job terminated.
	(1) Normal termination (return value 0)
		Usr 0 00:02:20, Sys 0 00:00:10  -  Run Remote Usage
		Usr 0 00:00:00, Sys 0 00:00:00  -  Run Local Usage
		Usr 0 00:02:20, Sys 0 00:00:10  -  Total Remote Usage
		Usr 0 00:00:00, Sys 0 00:00:00  -  Total Local Usage
	168531  -  Run Bytes Sent By Job
	2250925  -  Run Bytes Received By Job
	168531  -  Total Bytes Sent By Job
	2250925  -  Total Bytes Received By Job
	Partitionable Resources :    Usage  Request Allocated 
	   Cpus                 :     0.00        1         1 
	   Disk (KB)            :  5299        2250    307510 
	   Memory (MB)          :   205        2000      2000 
...
