000 (31980884.127.000) 03/28 21:58:24 Job submitted from host: <131.225.188.57:9618?addrs=131.225.188.57-9618&noUDP&sock=18092_2f86_3>
...
001 (31980884.127.000) 03/28 21:59:58 Job executing on host: <131.225.190.66:9618?addrs=131.225.190.66-9618&noUDP&sock=1419_e4fa_3>
...
006 (31980884.127.000) 03/28 22:01:10 Image size of job updated: 10
	10  -  MemoryUsage of job (MB)
	11032  -  ResidentSetSize of job (KB)
...
006 (31980884.127.000) 03/28 22:02:11 Image size of job updated: 27
	27  -  MemoryUsage of job (MB)
	28036  -  ResidentSetSize of job (KB)
...
006 (31980884.127.000) 03/28 22:03:12 Image size of job updated: 32
	32  -  MemoryUsage of job (MB)
	33304  -  ResidentSetSize of job (KB)
...
006 (31980884.127.000) 03/28 22:04:12 Image size of job updated: 165
	165  -  MemoryUsage of job (MB)
	169148  -  ResidentSetSize of job (KB)
...
006 (31980884.127.000) 03/28 22:05:13 Image size of job updated: 189
	189  -  MemoryUsage of job (MB)
	194136  -  ResidentSetSize of job (KB)
...
006 (31980884.127.000) 03/28 22:06:13 Image size of job updated: 191
	191  -  MemoryUsage of job (MB)
	195900  -  ResidentSetSize of job (KB)
...
006 (31980884.127.000) 03/28 22:06:28 Image size of job updated: 203
	203  -  MemoryUsage of job (MB)
	208524  -  ResidentSetSize of job (KB)
...
005 (31980884.127.000) 03/28 22:06:29 Job terminated.
	(1) Normal termination (return value 0)
		Usr 0 00:02:43, Sys 0 00:00:13  -  Run Remote Usage
		Usr 0 00:00:00, Sys 0 00:00:00  -  Run Local Usage
		Usr 0 00:02:43, Sys 0 00:00:13  -  Total Remote Usage
		Usr 0 00:00:00, Sys 0 00:00:00  -  Total Local Usage
	167668  -  Run Bytes Sent By Job
	2250925  -  Run Bytes Received By Job
	167668  -  Total Bytes Sent By Job
	2250925  -  Total Bytes Received By Job
	Partitionable Resources :    Usage  Request Allocated 
	   Cpus                 :        0        1         1 
	   Disk (KB)            :     5299     2250    741687 
	   Memory (MB)          :      203     2000      2000 
...
