000 (31980884.310.000) 03/28 21:58:25 Job submitted from host: <131.225.188.57:9618?addrs=131.225.188.57-9618&noUDP&sock=18092_2f86_3>
...
001 (31980884.310.000) 03/28 22:00:31 Job executing on host: <131.225.188.25:9618?addrs=131.225.188.25-9618&noUDP&sock=1934_2440_3>
...
006 (31980884.310.000) 03/28 22:00:40 Image size of job updated: 18
	18  -  MemoryUsage of job (MB)
	18836  -  ResidentSetSize of job (KB)
...
006 (31980884.310.000) 03/28 22:01:40 Image size of job updated: 46
	46  -  MemoryUsage of job (MB)
	47220  -  ResidentSetSize of job (KB)
...
006 (31980884.310.000) 03/28 22:02:42 Image size of job updated: 166
	166  -  MemoryUsage of job (MB)
	170024  -  ResidentSetSize of job (KB)
...
006 (31980884.310.000) 03/28 22:03:42 Image size of job updated: 189
	189  -  MemoryUsage of job (MB)
	194460  -  ResidentSetSize of job (KB)
...
006 (31980884.310.000) 03/28 22:04:11 Image size of job updated: 202
	202  -  MemoryUsage of job (MB)
	207604  -  ResidentSetSize of job (KB)
...
005 (31980884.310.000) 03/28 22:04:12 Job terminated.
	(1) Normal termination (return value 0)
		Usr 0 00:02:04, Sys 0 00:00:08  -  Run Remote Usage
		Usr 0 00:00:00, Sys 0 00:00:00  -  Run Local Usage
		Usr 0 00:02:04, Sys 0 00:00:08  -  Total Remote Usage
		Usr 0 00:00:00, Sys 0 00:00:00  -  Total Local Usage
	167293  -  Run Bytes Sent By Job
	2250925  -  Run Bytes Received By Job
	167293  -  Total Bytes Sent By Job
	2250925  -  Total Bytes Received By Job
	Partitionable Resources :    Usage  Request Allocated 
	   Cpus                 :     0.00        1         1 
	   Disk (KB)            :  5298        2250   1654751 
	   Memory (MB)          :   202        2000      2000 
...
