000 (31980884.331.000) 03/28 21:58:25 Job submitted from host: <131.225.188.57:9618?addrs=131.225.188.57-9618&noUDP&sock=18092_2f86_3>
...
001 (31980884.331.000) 03/28 22:00:36 Job executing on host: <131.225.191.243:9618?addrs=131.225.191.243-9618&noUDP&sock=1449_78d1_3>
...
006 (31980884.331.000) 03/28 22:00:46 Image size of job updated: 14
	14  -  MemoryUsage of job (MB)
	15248  -  ResidentSetSize of job (KB)
...
006 (31980884.331.000) 03/28 22:01:47 Image size of job updated: 27
	27  -  MemoryUsage of job (MB)
	27812  -  ResidentSetSize of job (KB)
...
006 (31980884.331.000) 03/28 22:02:47 Image size of job updated: 28
	28  -  MemoryUsage of job (MB)
	28744  -  ResidentSetSize of job (KB)
...
006 (31980884.331.000) 03/28 22:03:47 Image size of job updated: 163
	163  -  MemoryUsage of job (MB)
	167784  -  ResidentSetSize of job (KB)
...
006 (31980884.331.000) 03/28 22:04:48 Image size of job updated: 167
	167  -  MemoryUsage of job (MB)
	171660  -  ResidentSetSize of job (KB)
...
006 (31980884.331.000) 03/28 22:05:48 Image size of job updated: 191
	191  -  MemoryUsage of job (MB)
	196308  -  ResidentSetSize of job (KB)
...
006 (31980884.331.000) 03/28 22:06:15 Image size of job updated: 204
	204  -  MemoryUsage of job (MB)
	209180  -  ResidentSetSize of job (KB)
...
005 (31980884.331.000) 03/28 22:06:16 Job terminated.
	(1) Normal termination (return value 0)
		Usr 0 00:02:41, Sys 0 00:00:13  -  Run Remote Usage
		Usr 0 00:00:00, Sys 0 00:00:00  -  Run Local Usage
		Usr 0 00:02:41, Sys 0 00:00:13  -  Total Remote Usage
		Usr 0 00:00:00, Sys 0 00:00:00  -  Total Local Usage
	167976  -  Run Bytes Sent By Job
	2250925  -  Run Bytes Received By Job
	167976  -  Total Bytes Sent By Job
	2250925  -  Total Bytes Received By Job
	Partitionable Resources :    Usage  Request Allocated 
	   Cpus                 :     0.01        1         1 
	   Disk (KB)            :  5299        2250    790879 
	   Memory (MB)          :   204        2000      2000 
...
