000 (31980884.420.000) 03/28 21:58:25 Job submitted from host: <131.225.188.57:9618?addrs=131.225.188.57-9618&noUDP&sock=18092_2f86_3>
...
001 (31980884.420.000) 03/28 22:00:50 Job executing on host: <131.225.205.152:9618?addrs=131.225.205.152-9618&noUDP&sock=1458_a52c_3>
...
006 (31980884.420.000) 03/28 22:02:00 Image size of job updated: 132
	132  -  MemoryUsage of job (MB)
	135740  -  ResidentSetSize of job (KB)
...
006 (31980884.420.000) 03/28 22:03:01 Image size of job updated: 133
	133  -  MemoryUsage of job (MB)
	137172  -  ResidentSetSize of job (KB)
...
006 (31980884.420.000) 03/28 22:04:03 Image size of job updated: 169
	169  -  MemoryUsage of job (MB)
	173836  -  ResidentSetSize of job (KB)
...
006 (31980884.420.000) 03/28 22:05:03 Image size of job updated: 172
	172  -  MemoryUsage of job (MB)
	176760  -  ResidentSetSize of job (KB)
...
006 (31980884.420.000) 03/28 22:06:03 Image size of job updated: 187
	187  -  MemoryUsage of job (MB)
	191724  -  ResidentSetSize of job (KB)
...
006 (31980884.420.000) 03/28 22:07:03 Image size of job updated: 187
	187  -  MemoryUsage of job (MB)
	191928  -  ResidentSetSize of job (KB)
...
006 (31980884.420.000) 03/28 22:08:04 Image size of job updated: 187
	187  -  MemoryUsage of job (MB)
	192140  -  ResidentSetSize of job (KB)
...
006 (31980884.420.000) 03/28 22:09:05 Image size of job updated: 187
	187  -  MemoryUsage of job (MB)
	192352  -  ResidentSetSize of job (KB)
...
006 (31980884.420.000) 03/28 22:10:06 Image size of job updated: 208
	208  -  MemoryUsage of job (MB)
	213180  -  ResidentSetSize of job (KB)
...
006 (31980884.420.000) 03/28 22:11:06 Image size of job updated: 208
	208  -  MemoryUsage of job (MB)
	213436  -  ResidentSetSize of job (KB)
...
006 (31980884.420.000) 03/28 22:12:06 Image size of job updated: 208
	208  -  MemoryUsage of job (MB)
	213572  -  ResidentSetSize of job (KB)
...
006 (31980884.420.000) 03/28 22:13:06 Image size of job updated: 208
	208  -  MemoryUsage of job (MB)
	213584  -  ResidentSetSize of job (KB)
...
006 (31980884.420.000) 03/28 22:14:07 Image size of job updated: 210
	210  -  MemoryUsage of job (MB)
	215828  -  ResidentSetSize of job (KB)
...
006 (31980884.420.000) 03/28 22:15:09 Image size of job updated: 210
	210  -  MemoryUsage of job (MB)
	215856  -  ResidentSetSize of job (KB)
...
005 (31980884.420.000) 03/28 22:15:52 Job terminated.
	(1) Normal termination (return value 0)
		Usr 0 00:11:40, Sys 0 00:00:36  -  Run Remote Usage
		Usr 0 00:00:00, Sys 0 00:00:00  -  Run Local Usage
		Usr 0 00:11:40, Sys 0 00:00:36  -  Total Remote Usage
		Usr 0 00:00:00, Sys 0 00:00:00  -  Total Local Usage
	177342  -  Run Bytes Sent By Job
	2250925  -  Run Bytes Received By Job
	177342  -  Total Bytes Sent By Job
	2250925  -  Total Bytes Received By Job
	Partitionable Resources :    Usage  Request Allocated 
	   Cpus                 :        0        1         1 
	   Disk (KB)            :     5308     2250   1654290 
	   Memory (MB)          :      210     2000      2000 
...
