000 (31980884.279.000) 03/28 21:58:24 Job submitted from host: <131.225.188.57:9618?addrs=131.225.188.57-9618&noUDP&sock=18092_2f86_3>
...
001 (31980884.279.000) 03/28 22:00:27 Job executing on host: <131.225.188.36:9618?addrs=131.225.188.36-9618&noUDP&sock=1937_3309_3>
...
006 (31980884.279.000) 03/28 22:00:38 Image size of job updated: 5
	5  -  MemoryUsage of job (MB)
	5816  -  ResidentSetSize of job (KB)
...
006 (31980884.279.000) 03/28 22:01:39 Image size of job updated: 163
	163  -  MemoryUsage of job (MB)
	167768  -  ResidentSetSize of job (KB)
...
006 (31980884.279.000) 03/28 22:02:40 Image size of job updated: 187
	187  -  MemoryUsage of job (MB)
	192504  -  ResidentSetSize of job (KB)
...
005 (31980884.279.000) 03/28 22:03:30 Job terminated.
	(1) Normal termination (return value 0)
		Usr 0 00:01:19, Sys 0 00:00:07  -  Run Remote Usage
		Usr 0 00:00:00, Sys 0 00:00:00  -  Run Local Usage
		Usr 0 00:01:19, Sys 0 00:00:07  -  Total Remote Usage
		Usr 0 00:00:00, Sys 0 00:00:00  -  Total Local Usage
	168042  -  Run Bytes Sent By Job
	2250925  -  Run Bytes Received By Job
	168042  -  Total Bytes Sent By Job
	2250925  -  Total Bytes Received By Job
	Partitionable Resources :    Usage  Request Allocated 
	   Cpus                 :        0        1         1 
	   Disk (KB)            :     5299     2250   1650385 
	   Memory (MB)          :      187     2000      2000 
...
