000 (31980884.231.000) 03/28 21:58:24 Job submitted from host: <131.225.188.57:9618?addrs=131.225.188.57-9618&noUDP&sock=18092_2f86_3>
...
001 (31980884.231.000) 03/28 22:00:14 Job executing on host: <131.225.205.201:9618?addrs=131.225.205.201-9618&noUDP&sock=1478_5d11_3>
...
006 (31980884.231.000) 03/28 22:00:23 Image size of job updated: 21
	21  -  MemoryUsage of job (MB)
	22024  -  ResidentSetSize of job (KB)
...
006 (31980884.231.000) 03/28 22:01:23 Image size of job updated: 44
	44  -  MemoryUsage of job (MB)
	45200  -  ResidentSetSize of job (KB)
...
006 (31980884.231.000) 03/28 22:02:23 Image size of job updated: 165
	165  -  MemoryUsage of job (MB)
	169712  -  ResidentSetSize of job (KB)
...
006 (31980884.231.000) 03/28 22:03:24 Image size of job updated: 189
	189  -  MemoryUsage of job (MB)
	194264  -  ResidentSetSize of job (KB)
...
006 (31980884.231.000) 03/28 22:04:25 Image size of job updated: 203
	203  -  MemoryUsage of job (MB)
	208660  -  ResidentSetSize of job (KB)
...
005 (31980884.231.000) 03/28 22:04:34 Job terminated.
	(1) Normal termination (return value 0)
		Usr 0 00:02:50, Sys 0 00:00:09  -  Run Remote Usage
		Usr 0 00:00:00, Sys 0 00:00:00  -  Run Local Usage
		Usr 0 00:02:50, Sys 0 00:00:09  -  Total Remote Usage
		Usr 0 00:00:00, Sys 0 00:00:00  -  Total Local Usage
	167622  -  Run Bytes Sent By Job
	2250925  -  Run Bytes Received By Job
	167622  -  Total Bytes Sent By Job
	2250925  -  Total Bytes Received By Job
	Partitionable Resources :    Usage  Request Allocated 
	   Cpus                 :        0        1         1 
	   Disk (KB)            :     5299     2250   1638031 
	   Memory (MB)          :      203     2000      2000 
...
