000 (31980884.030.000) 03/28 21:58:24 Job submitted from host: <131.225.188.57:9618?addrs=131.225.188.57-9618&noUDP&sock=18092_2f86_3>
...
001 (31980884.030.000) 03/28 21:59:32 Job executing on host: <131.225.206.241:9618?addrs=131.225.206.241-9618&noUDP&sock=1151_1198_3>
...
006 (31980884.030.000) 03/28 21:59:40 Image size of job updated: 14
	14  -  MemoryUsage of job (MB)
	15244  -  ResidentSetSize of job (KB)
...
006 (31980884.030.000) 03/28 22:00:40 Image size of job updated: 164
	164  -  MemoryUsage of job (MB)
	167956  -  ResidentSetSize of job (KB)
...
006 (31980884.030.000) 03/28 22:01:41 Image size of job updated: 165
	165  -  MemoryUsage of job (MB)
	168984  -  ResidentSetSize of job (KB)
...
006 (31980884.030.000) 03/28 22:02:42 Image size of job updated: 168
	168  -  MemoryUsage of job (MB)
	172584  -  ResidentSetSize of job (KB)
...
006 (31980884.030.000) 03/28 22:03:32 Image size of job updated: 209
	209  -  MemoryUsage of job (MB)
	214068  -  ResidentSetSize of job (KB)
...
005 (31980884.030.000) 03/28 22:03:34 Job terminated.
	(1) Normal termination (return value 0)
		Usr 0 00:02:19, Sys 0 00:00:10  -  Run Remote Usage
		Usr 0 00:00:00, Sys 0 00:00:00  -  Run Local Usage
		Usr 0 00:02:19, Sys 0 00:00:10  -  Total Remote Usage
		Usr 0 00:00:00, Sys 0 00:00:00  -  Total Local Usage
	168039  -  Run Bytes Sent By Job
	2250925  -  Run Bytes Received By Job
	168039  -  Total Bytes Sent By Job
	2250925  -  Total Bytes Received By Job
	Partitionable Resources :    Usage  Request Allocated 
	   Cpus                 :        0        1         1 
	   Disk (KB)            :     5299     2250    301189 
	   Memory (MB)          :      209     2000      2000 
...
