000 (31980884.306.000) 03/28 21:58:25 Job submitted from host: <131.225.188.57:9618?addrs=131.225.188.57-9618&noUDP&sock=18092_2f86_3>
...
001 (31980884.306.000) 03/28 22:00:29 Job executing on host: <131.225.188.14:9618?addrs=131.225.188.14-9618&noUDP&sock=1925_f7e6_3>
...
006 (31980884.306.000) 03/28 22:01:39 Image size of job updated: 28
	28  -  MemoryUsage of job (MB)
	29144  -  ResidentSetSize of job (KB)
...
006 (31980884.306.000) 03/28 22:02:40 Image size of job updated: 56
	56  -  MemoryUsage of job (MB)
	57688  -  ResidentSetSize of job (KB)
...
006 (31980884.306.000) 03/28 22:03:39 Image size of job updated: 166
	166  -  MemoryUsage of job (MB)
	170840  -  ResidentSetSize of job (KB)
...
006 (31980884.306.000) 03/28 22:04:40 Image size of job updated: 190
	190  -  MemoryUsage of job (MB)
	194920  -  ResidentSetSize of job (KB)
...
006 (31980884.306.000) 03/28 22:05:05 Image size of job updated: 202
	202  -  MemoryUsage of job (MB)
	207760  -  ResidentSetSize of job (KB)
...
005 (31980884.306.000) 03/28 22:05:06 Job terminated.
	(1) Normal termination (return value 0)
		Usr 0 00:02:14, Sys 0 00:00:07  -  Run Remote Usage
		Usr 0 00:00:00, Sys 0 00:00:00  -  Run Local Usage
		Usr 0 00:02:14, Sys 0 00:00:07  -  Total Remote Usage
		Usr 0 00:00:00, Sys 0 00:00:00  -  Total Local Usage
	167456  -  Run Bytes Sent By Job
	2250925  -  Run Bytes Received By Job
	167456  -  Total Bytes Sent By Job
	2250925  -  Total Bytes Received By Job
	Partitionable Resources :    Usage  Request Allocated 
	   Cpus                 :     0.00        1         1 
	   Disk (KB)            :  5298        2250   1643729 
	   Memory (MB)          :   202        2000      2000 
...
