000 (31980884.314.000) 03/28 21:58:25 Job submitted from host: <131.225.188.57:9618?addrs=131.225.188.57-9618&noUDP&sock=18092_2f86_3>
...
001 (31980884.314.000) 03/28 22:00:32 Job executing on host: <131.225.205.152:9618?addrs=131.225.205.152-9618&noUDP&sock=1458_a52c_3>
...
006 (31980884.314.000) 03/28 22:01:44 Image size of job updated: 79
	79  -  MemoryUsage of job (MB)
	81224  -  ResidentSetSize of job (KB)
...
006 (31980884.314.000) 03/28 22:02:45 Image size of job updated: 166
	166  -  MemoryUsage of job (MB)
	170684  -  ResidentSetSize of job (KB)
...
006 (31980884.314.000) 03/28 22:03:46 Image size of job updated: 189
	189  -  MemoryUsage of job (MB)
	194100  -  ResidentSetSize of job (KB)
...
006 (31980884.314.000) 03/28 22:04:33 Image size of job updated: 202
	202  -  MemoryUsage of job (MB)
	207636  -  ResidentSetSize of job (KB)
...
005 (31980884.314.000) 03/28 22:04:34 Job terminated.
	(1) Normal termination (return value 0)
		Usr 0 00:02:50, Sys 0 00:00:10  -  Run Remote Usage
		Usr 0 00:00:00, Sys 0 00:00:00  -  Run Local Usage
		Usr 0 00:02:50, Sys 0 00:00:10  -  Total Remote Usage
		Usr 0 00:00:00, Sys 0 00:00:00  -  Total Local Usage
	167819  -  Run Bytes Sent By Job
	2250925  -  Run Bytes Received By Job
	167819  -  Total Bytes Sent By Job
	2250925  -  Total Bytes Received By Job
	Partitionable Resources :    Usage  Request Allocated 
	   Cpus                 :     0.22        1         1 
	   Disk (KB)            :  5299        2250   1654290 
	   Memory (MB)          :   202        2000      2000 
...
