000 (31980884.121.000) 03/28 21:58:24 Job submitted from host: <131.225.188.57:9618?addrs=131.225.188.57-9618&noUDP&sock=18092_2f86_3>
...
001 (31980884.121.000) 03/28 21:59:51 Job executing on host: <131.225.205.194:9618?addrs=131.225.205.194-9618&noUDP&sock=1467_d186_3>
...
006 (31980884.121.000) 03/28 22:00:00 Image size of job updated: 7
	7  -  MemoryUsage of job (MB)
	7668  -  ResidentSetSize of job (KB)
...
006 (31980884.121.000) 03/28 22:01:00 Image size of job updated: 30
	30  -  MemoryUsage of job (MB)
	31692  -  ResidentSetSize of job (KB)
...
006 (31980884.121.000) 03/28 22:02:00 Image size of job updated: 164
	164  -  MemoryUsage of job (MB)
	168100  -  ResidentSetSize of job (KB)
...
006 (31980884.121.000) 03/28 22:03:00 Image size of job updated: 167
	167  -  MemoryUsage of job (MB)
	171800  -  ResidentSetSize of job (KB)
...
006 (31980884.121.000) 03/28 22:04:01 Image size of job updated: 204
	204  -  MemoryUsage of job (MB)
	209044  -  ResidentSetSize of job (KB)
...
006 (31980884.121.000) 03/28 22:04:18 Image size of job updated: 204
	204  -  MemoryUsage of job (MB)
	209120  -  ResidentSetSize of job (KB)
...
005 (31980884.121.000) 03/28 22:04:19 Job terminated.
	(1) Normal termination (return value 0)
		Usr 0 00:02:53, Sys 0 00:00:09  -  Run Remote Usage
		Usr 0 00:00:00, Sys 0 00:00:00  -  Run Local Usage
		Usr 0 00:02:53, Sys 0 00:00:09  -  Total Remote Usage
		Usr 0 00:00:00, Sys 0 00:00:00  -  Total Local Usage
	168040  -  Run Bytes Sent By Job
	2250925  -  Run Bytes Received By Job
	168040  -  Total Bytes Sent By Job
	2250925  -  Total Bytes Received By Job
	Partitionable Resources :    Usage  Request Allocated 
	   Cpus                 :        0        1         1 
	   Disk (KB)            :     5299     2250   1675495 
	   Memory (MB)          :      204     2000      2000 
...
