000 (31980884.097.000) 03/28 21:58:24 Job submitted from host: <131.225.188.57:9618?addrs=131.225.188.57-9618&noUDP&sock=18092_2f86_3>
...
001 (31980884.097.000) 03/28 21:59:49 Job executing on host: <131.225.205.176:9618?addrs=131.225.205.176-9618&noUDP&sock=1460_045c_3>
...
006 (31980884.097.000) 03/28 22:00:02 Image size of job updated: 5
	4  -  MemoryUsage of job (MB)
	4644  -  ResidentSetSize of job (KB)
...
006 (31980884.097.000) 03/28 22:01:02 Image size of job updated: 86
	86  -  MemoryUsage of job (MB)
	88332  -  ResidentSetSize of job (KB)
...
006 (31980884.097.000) 03/28 22:02:03 Image size of job updated: 167
	167  -  MemoryUsage of job (MB)
	171228  -  ResidentSetSize of job (KB)
...
006 (31980884.097.000) 03/28 22:03:04 Image size of job updated: 191
	191  -  MemoryUsage of job (MB)
	195880  -  ResidentSetSize of job (KB)
...
005 (31980884.097.000) 03/28 22:04:35 Job terminated.
	(1) Normal termination (return value 0)
		Usr 0 00:02:18, Sys 0 00:00:08  -  Run Remote Usage
		Usr 0 00:00:00, Sys 0 00:00:00  -  Run Local Usage
		Usr 0 00:02:18, Sys 0 00:00:08  -  Total Remote Usage
		Usr 0 00:00:00, Sys 0 00:00:00  -  Total Local Usage
	168803  -  Run Bytes Sent By Job
	2250925  -  Run Bytes Received By Job
	168803  -  Total Bytes Sent By Job
	2250925  -  Total Bytes Received By Job
	Partitionable Resources :    Usage  Request Allocated 
	   Cpus                 :        0        1         1 
	   Disk (KB)            :     5301     2250   1635618 
	   Memory (MB)          :      191     2000      2000 
...
