000 (31980884.324.000) 03/28 21:58:25 Job submitted from host: <131.225.188.57:9618?addrs=131.225.188.57-9618&noUDP&sock=18092_2f86_3>
...
001 (31980884.324.000) 03/28 22:00:30 Job executing on host: <131.225.205.200:9618?addrs=131.225.205.200-9618&noUDP&sock=1480_bc41_3>
...
006 (31980884.324.000) 03/28 22:01:41 Image size of job updated: 86
	86  -  MemoryUsage of job (MB)
	88332  -  ResidentSetSize of job (KB)
...
006 (31980884.324.000) 03/28 22:02:38 Image size of job updated: 167
	167  -  MemoryUsage of job (MB)
	171628  -  ResidentSetSize of job (KB)
...
006 (31980884.324.000) 03/28 22:03:39 Image size of job updated: 200
	200  -  MemoryUsage of job (MB)
	205360  -  ResidentSetSize of job (KB)
...
006 (31980884.324.000) 03/28 22:04:18 Image size of job updated: 207
	207  -  MemoryUsage of job (MB)
	211972  -  ResidentSetSize of job (KB)
...
005 (31980884.324.000) 03/28 22:04:19 Job terminated.
	(1) Normal termination (return value 0)
		Usr 0 00:02:42, Sys 0 00:00:09  -  Run Remote Usage
		Usr 0 00:00:00, Sys 0 00:00:00  -  Run Local Usage
		Usr 0 00:02:42, Sys 0 00:00:09  -  Total Remote Usage
		Usr 0 00:00:00, Sys 0 00:00:00  -  Total Local Usage
	168467  -  Run Bytes Sent By Job
	2250925  -  Run Bytes Received By Job
	168467  -  Total Bytes Sent By Job
	2250925  -  Total Bytes Received By Job
	Partitionable Resources :    Usage  Request Allocated 
	   Cpus                 :        0        1         1 
	   Disk (KB)            :     5300     2250   1681120 
	   Memory (MB)          :      207     2000      2000 
...
