000 (31980884.246.000) 03/28 21:58:24 Job submitted from host: <131.225.188.57:9618?addrs=131.225.188.57-9618&noUDP&sock=18092_2f86_3>
...
001 (31980884.246.000) 03/28 22:00:16 Job executing on host: <131.225.205.159:9618?addrs=131.225.205.159-9618&noUDP&sock=1454_e6cb_3>
...
006 (31980884.246.000) 03/28 22:01:26 Image size of job updated: 132
	132  -  MemoryUsage of job (MB)
	135756  -  ResidentSetSize of job (KB)
...
006 (31980884.246.000) 03/28 22:03:27 Image size of job updated: 168
	168  -  MemoryUsage of job (MB)
	172516  -  ResidentSetSize of job (KB)
...
006 (31980884.246.000) 03/28 22:04:28 Image size of job updated: 170
	170  -  MemoryUsage of job (MB)
	174712  -  ResidentSetSize of job (KB)
...
006 (31980884.246.000) 03/28 22:05:29 Image size of job updated: 173
	173  -  MemoryUsage of job (MB)
	177520  -  ResidentSetSize of job (KB)
...
006 (31980884.246.000) 03/28 22:06:29 Image size of job updated: 187
	187  -  MemoryUsage of job (MB)
	191920  -  ResidentSetSize of job (KB)
...
006 (31980884.246.000) 03/28 22:07:29 Image size of job updated: 187
	187  -  MemoryUsage of job (MB)
	192116  -  ResidentSetSize of job (KB)
...
006 (31980884.246.000) 03/28 22:08:30 Image size of job updated: 187
	187  -  MemoryUsage of job (MB)
	192316  -  ResidentSetSize of job (KB)
...
006 (31980884.246.000) 03/28 22:09:31 Image size of job updated: 188
	188  -  MemoryUsage of job (MB)
	192520  -  ResidentSetSize of job (KB)
...
006 (31980884.246.000) 03/28 22:10:32 Image size of job updated: 209
	209  -  MemoryUsage of job (MB)
	214452  -  ResidentSetSize of job (KB)
...
006 (31980884.246.000) 03/28 22:11:32 Image size of job updated: 209
	209  -  MemoryUsage of job (MB)
	214700  -  ResidentSetSize of job (KB)
...
006 (31980884.246.000) 03/28 22:12:32 Image size of job updated: 210
	210  -  MemoryUsage of job (MB)
	215612  -  ResidentSetSize of job (KB)
...
006 (31980884.246.000) 03/28 22:13:32 Image size of job updated: 210
	210  -  MemoryUsage of job (MB)
	215628  -  ResidentSetSize of job (KB)
...
006 (31980884.246.000) 03/28 22:14:33 Image size of job updated: 212
	212  -  MemoryUsage of job (MB)
	217236  -  ResidentSetSize of job (KB)
...
006 (31980884.246.000) 03/28 22:15:34 Image size of job updated: 212
	212  -  MemoryUsage of job (MB)
	217268  -  ResidentSetSize of job (KB)
...
005 (31980884.246.000) 03/28 22:16:13 Job terminated.
	(1) Normal termination (return value 0)
		Usr 0 00:11:43, Sys 0 00:00:36  -  Run Remote Usage
		Usr 0 00:00:00, Sys 0 00:00:00  -  Run Local Usage
		Usr 0 00:11:43, Sys 0 00:00:36  -  Total Remote Usage
		Usr 0 00:00:00, Sys 0 00:00:00  -  Total Local Usage
	176797  -  Run Bytes Sent By Job
	2250925  -  Run Bytes Received By Job
	176797  -  Total Bytes Sent By Job
	2250925  -  Total Bytes Received By Job
	Partitionable Resources :    Usage  Request Allocated 
	   Cpus                 :        0        1         1 
	   Disk (KB)            :     5308     2250   1641506 
	   Memory (MB)          :      212     2000      2000 
...
