000 (31980884.045.000) 03/28 21:58:24 Job submitted from host: <131.225.188.57:9618?addrs=131.225.188.57-9618&noUDP&sock=18092_2f86_3>
...
001 (31980884.045.000) 03/28 21:59:36 Job executing on host: <131.225.206.6:9618?addrs=131.225.206.6-9618&noUDP&sock=1156_7f92_3>
...
006 (31980884.045.000) 03/28 21:59:45 Image size of job updated: 14
	14  -  MemoryUsage of job (MB)
	15316  -  ResidentSetSize of job (KB)
...
006 (31980884.045.000) 03/28 22:00:46 Image size of job updated: 129
	129  -  MemoryUsage of job (MB)
	132292  -  ResidentSetSize of job (KB)
...
006 (31980884.045.000) 03/28 22:01:46 Image size of job updated: 165
	165  -  MemoryUsage of job (MB)
	169592  -  ResidentSetSize of job (KB)
...
006 (31980884.045.000) 03/28 22:02:46 Image size of job updated: 197
	197  -  MemoryUsage of job (MB)
	202460  -  ResidentSetSize of job (KB)
...
006 (31980884.045.000) 03/28 22:03:08 Image size of job updated: 204
	204  -  MemoryUsage of job (MB)
	208968  -  ResidentSetSize of job (KB)
...
005 (31980884.045.000) 03/28 22:03:09 Job terminated.
	(1) Normal termination (return value 0)
		Usr 0 00:02:02, Sys 0 00:00:09  -  Run Remote Usage
		Usr 0 00:00:00, Sys 0 00:00:00  -  Run Local Usage
		Usr 0 00:02:02, Sys 0 00:00:09  -  Total Remote Usage
		Usr 0 00:00:00, Sys 0 00:00:00  -  Total Local Usage
	169091  -  Run Bytes Sent By Job
	2250925  -  Run Bytes Received By Job
	169091  -  Total Bytes Sent By Job
	2250925  -  Total Bytes Received By Job
	Partitionable Resources :    Usage  Request Allocated 
	   Cpus                 :        0        1         1 
	   Disk (KB)            :     5300     2250    309119 
	   Memory (MB)          :      204     2000      2000 
...
