000 (31980884.031.000) 03/28 21:58:24 Job submitted from host: <131.225.188.57:9618?addrs=131.225.188.57-9618&noUDP&sock=18092_2f86_3>
...
001 (31980884.031.000) 03/28 21:59:34 Job executing on host: <131.225.206.20:9618?addrs=131.225.206.20-9618&noUDP&sock=1181_a570_3>
...
006 (31980884.031.000) 03/28 21:59:42 Image size of job updated: 14
	14  -  MemoryUsage of job (MB)
	15256  -  ResidentSetSize of job (KB)
...
006 (31980884.031.000) 03/28 22:00:43 Image size of job updated: 134
	134  -  MemoryUsage of job (MB)
	137648  -  ResidentSetSize of job (KB)
...
006 (31980884.031.000) 03/28 22:01:43 Image size of job updated: 165
	165  -  MemoryUsage of job (MB)
	169476  -  ResidentSetSize of job (KB)
...
006 (31980884.031.000) 03/28 22:02:43 Image size of job updated: 167
	167  -  MemoryUsage of job (MB)
	171692  -  ResidentSetSize of job (KB)
...
006 (31980884.031.000) 03/28 22:03:43 Image size of job updated: 203
	203  -  MemoryUsage of job (MB)
	208872  -  ResidentSetSize of job (KB)
...
005 (31980884.031.000) 03/28 22:03:55 Job terminated.
	(1) Normal termination (return value 0)
		Usr 0 00:02:26, Sys 0 00:00:10  -  Run Remote Usage
		Usr 0 00:00:00, Sys 0 00:00:00  -  Run Local Usage
		Usr 0 00:02:26, Sys 0 00:00:10  -  Total Remote Usage
		Usr 0 00:00:00, Sys 0 00:00:00  -  Total Local Usage
	168409  -  Run Bytes Sent By Job
	2250925  -  Run Bytes Received By Job
	168409  -  Total Bytes Sent By Job
	2250925  -  Total Bytes Received By Job
	Partitionable Resources :    Usage  Request Allocated 
	   Cpus                 :        0        1         1 
	   Disk (KB)            :     5299     2250    305111 
	   Memory (MB)          :        3     2000      2000 
...
