000 (31980884.288.000) 03/28 21:58:24 Job submitted from host: <131.225.188.57:9618?addrs=131.225.188.57-9618&noUDP&sock=18092_2f86_3>
...
001 (31980884.288.000) 03/28 22:00:24 Job executing on host: <131.225.188.17:9618?addrs=131.225.188.17-9618&noUDP&sock=1938_e2a1_3>
...
006 (31980884.288.000) 03/28 22:00:33 Image size of job updated: 6
	6  -  MemoryUsage of job (MB)
	6960  -  ResidentSetSize of job (KB)
...
006 (31980884.288.000) 03/28 22:01:34 Image size of job updated: 53
	53  -  MemoryUsage of job (MB)
	54828  -  ResidentSetSize of job (KB)
...
006 (31980884.288.000) 03/28 22:02:34 Image size of job updated: 166
	166  -  MemoryUsage of job (MB)
	170904  -  ResidentSetSize of job (KB)
...
006 (31980884.288.000) 03/28 22:03:35 Image size of job updated: 199
	199  -  MemoryUsage of job (MB)
	204168  -  ResidentSetSize of job (KB)
...
005 (31980884.288.000) 03/28 22:03:45 Job terminated.
	(1) Normal termination (return value 0)
		Usr 0 00:01:57, Sys 0 00:00:07  -  Run Remote Usage
		Usr 0 00:00:00, Sys 0 00:00:00  -  Run Local Usage
		Usr 0 00:01:57, Sys 0 00:00:07  -  Total Remote Usage
		Usr 0 00:00:00, Sys 0 00:00:00  -  Total Local Usage
	167132  -  Run Bytes Sent By Job
	2250925  -  Run Bytes Received By Job
	167132  -  Total Bytes Sent By Job
	2250925  -  Total Bytes Received By Job
	Partitionable Resources :    Usage  Request Allocated 
	   Cpus                 :        0        1         1 
	   Disk (KB)            :     5298     2250   1642252 
	   Memory (MB)          :      199     2000      2000 
...
