000 (31980884.068.000) 03/28 21:58:24 Job submitted from host: <131.225.188.57:9618?addrs=131.225.188.57-9618&noUDP&sock=18092_2f86_3>
...
001 (31980884.068.000) 03/28 21:59:40 Job executing on host: <131.225.190.36:9618?addrs=131.225.190.36-9618&noUDP&sock=1438_ed47_3>
...
006 (31980884.068.000) 03/28 21:59:49 Image size of job updated: 14
	14  -  MemoryUsage of job (MB)
	15232  -  ResidentSetSize of job (KB)
...
006 (31980884.068.000) 03/28 22:01:49 Image size of job updated: 32
	32  -  MemoryUsage of job (MB)
	33224  -  ResidentSetSize of job (KB)
...
006 (31980884.068.000) 03/28 22:02:49 Image size of job updated: 163
	163  -  MemoryUsage of job (MB)
	167916  -  ResidentSetSize of job (KB)
...
006 (31980884.068.000) 03/28 22:03:49 Image size of job updated: 168
	168  -  MemoryUsage of job (MB)
	172244  -  ResidentSetSize of job (KB)
...
006 (31980884.068.000) 03/28 22:04:50 Image size of job updated: 202
	202  -  MemoryUsage of job (MB)
	207076  -  ResidentSetSize of job (KB)
...
006 (31980884.068.000) 03/28 22:05:10 Image size of job updated: 202
	202  -  MemoryUsage of job (MB)
	207176  -  ResidentSetSize of job (KB)
...
005 (31980884.068.000) 03/28 22:05:11 Job terminated.
	(1) Normal termination (return value 0)
		Usr 0 00:02:42, Sys 0 00:00:09  -  Run Remote Usage
		Usr 0 00:00:00, Sys 0 00:00:00  -  Run Local Usage
		Usr 0 00:02:42, Sys 0 00:00:09  -  Total Remote Usage
		Usr 0 00:00:00, Sys 0 00:00:00  -  Total Local Usage
	167114  -  Run Bytes Sent By Job
	2250925  -  Run Bytes Received By Job
	167114  -  Total Bytes Sent By Job
	2250925  -  Total Bytes Received By Job
	Partitionable Resources :    Usage  Request Allocated 
	   Cpus                 :     0.00        1         1 
	   Disk (KB)            :  5299        2250    786192 
	   Memory (MB)          :   202        2000      2000 
...
