000 (31980884.300.000) 03/28 21:58:25 Job submitted from host: <131.225.188.57:9618?addrs=131.225.188.57-9618&noUDP&sock=18092_2f86_3>
...
001 (31980884.300.000) 03/28 22:00:27 Job executing on host: <131.225.190.26:9618?addrs=131.225.190.26-9618&noUDP&sock=1443_5b40_3>
...
006 (31980884.300.000) 03/28 22:01:37 Image size of job updated: 132
	132  -  MemoryUsage of job (MB)
	135764  -  ResidentSetSize of job (KB)
...
006 (31980884.300.000) 03/28 22:02:37 Image size of job updated: 165
	165  -  MemoryUsage of job (MB)
	169068  -  ResidentSetSize of job (KB)
...
006 (31980884.300.000) 03/28 22:03:39 Image size of job updated: 168
	168  -  MemoryUsage of job (MB)
	172780  -  ResidentSetSize of job (KB)
...
006 (31980884.300.000) 03/28 22:04:39 Image size of job updated: 204
	204  -  MemoryUsage of job (MB)
	209480  -  ResidentSetSize of job (KB)
...
005 (31980884.300.000) 03/28 22:04:56 Job terminated.
	(1) Normal termination (return value 0)
		Usr 0 00:02:37, Sys 0 00:00:11  -  Run Remote Usage
		Usr 0 00:00:00, Sys 0 00:00:00  -  Run Local Usage
		Usr 0 00:02:37, Sys 0 00:00:11  -  Total Remote Usage
		Usr 0 00:00:00, Sys 0 00:00:00  -  Total Local Usage
	168252  -  Run Bytes Sent By Job
	2250925  -  Run Bytes Received By Job
	168252  -  Total Bytes Sent By Job
	2250925  -  Total Bytes Received By Job
	Partitionable Resources :    Usage  Request Allocated 
	   Cpus                 :     0.00        1         1 
	   Disk (KB)            :  5299        2250    776914 
	   Memory (MB)          :   204        2000      2000 
...
