000 (31980884.154.000) 03/28 21:58:24 Job submitted from host: <131.225.188.57:9618?addrs=131.225.188.57-9618&noUDP&sock=18092_2f86_3>
...
001 (31980884.154.000) 03/28 21:59:59 Job executing on host: <131.225.191.165:9618?addrs=131.225.191.165-9618&noUDP&sock=1450_286a_3>
...
006 (31980884.154.000) 03/28 22:01:10 Image size of job updated: 110
	110  -  MemoryUsage of job (MB)
	113524  -  ResidentSetSize of job (KB)
...
006 (31980884.154.000) 03/28 22:02:10 Image size of job updated: 164
	164  -  MemoryUsage of job (MB)
	168020  -  ResidentSetSize of job (KB)
...
006 (31980884.154.000) 03/28 22:03:10 Image size of job updated: 167
	167  -  MemoryUsage of job (MB)
	171176  -  ResidentSetSize of job (KB)
...
006 (31980884.154.000) 03/28 22:04:11 Image size of job updated: 200
	200  -  MemoryUsage of job (MB)
	205320  -  ResidentSetSize of job (KB)
...
006 (31980884.154.000) 03/28 22:04:47 Image size of job updated: 207
	207  -  MemoryUsage of job (MB)
	212144  -  ResidentSetSize of job (KB)
...
005 (31980884.154.000) 03/28 22:04:48 Job terminated.
	(1) Normal termination (return value 0)
		Usr 0 00:03:00, Sys 0 00:00:12  -  Run Remote Usage
		Usr 0 00:00:00, Sys 0 00:00:00  -  Run Local Usage
		Usr 0 00:03:00, Sys 0 00:00:12  -  Total Remote Usage
		Usr 0 00:00:00, Sys 0 00:00:00  -  Total Local Usage
	169936  -  Run Bytes Sent By Job
	2250925  -  Run Bytes Received By Job
	169936  -  Total Bytes Sent By Job
	2250925  -  Total Bytes Received By Job
	Partitionable Resources :    Usage  Request Allocated 
	   Cpus                 :     0.00        1         1 
	   Disk (KB)            :  5302        2250    770826 
	   Memory (MB)          :   207        2000      2000 
...
