000 (31980884.345.000) 03/28 21:58:25 Job submitted from host: <131.225.188.57:9618?addrs=131.225.188.57-9618&noUDP&sock=18092_2f86_3>
...
001 (31980884.345.000) 03/28 22:00:34 Job executing on host: <131.225.190.15:9618?addrs=131.225.190.15-9618&noUDP&sock=1436_8e16_3>
...
006 (31980884.345.000) 03/28 22:01:44 Image size of job updated: 116
	116  -  MemoryUsage of job (MB)
	119396  -  ResidentSetSize of job (KB)
...
006 (31980884.345.000) 03/28 22:02:44 Image size of job updated: 164
	164  -  MemoryUsage of job (MB)
	168332  -  ResidentSetSize of job (KB)
...
006 (31980884.345.000) 03/28 22:03:44 Image size of job updated: 168
	168  -  MemoryUsage of job (MB)
	172368  -  ResidentSetSize of job (KB)
...
006 (31980884.345.000) 03/28 22:04:45 Image size of job updated: 203
	203  -  MemoryUsage of job (MB)
	208040  -  ResidentSetSize of job (KB)
...
006 (31980884.345.000) 03/28 22:05:16 Image size of job updated: 203
	203  -  MemoryUsage of job (MB)
	208140  -  ResidentSetSize of job (KB)
...
005 (31980884.345.000) 03/28 22:05:17 Job terminated.
	(1) Normal termination (return value 0)
		Usr 0 00:02:47, Sys 0 00:00:11  -  Run Remote Usage
		Usr 0 00:00:00, Sys 0 00:00:00  -  Run Local Usage
		Usr 0 00:02:47, Sys 0 00:00:11  -  Total Remote Usage
		Usr 0 00:00:00, Sys 0 00:00:00  -  Total Local Usage
	170221  -  Run Bytes Sent By Job
	2250925  -  Run Bytes Received By Job
	170221  -  Total Bytes Sent By Job
	2250925  -  Total Bytes Received By Job
	Partitionable Resources :    Usage  Request Allocated 
	   Cpus                 :     0.01        1         1 
	   Disk (KB)            :  5302        2250    763643 
	   Memory (MB)          :   203        2000      2000 
...
