000 (31980884.250.000) 03/28 21:58:24 Job submitted from host: <131.225.188.57:9618?addrs=131.225.188.57-9618&noUDP&sock=18092_2f86_3>
...
001 (31980884.250.000) 03/28 22:00:16 Job executing on host: <131.225.205.192:9618?addrs=131.225.205.192-9618&noUDP&sock=1455_9663_3>
...
006 (31980884.250.000) 03/28 22:02:25 Image size of job updated: 148
	148  -  MemoryUsage of job (MB)
	152128  -  ResidentSetSize of job (KB)
...
006 (31980884.250.000) 03/28 22:04:25 Image size of job updated: 168
	168  -  MemoryUsage of job (MB)
	172632  -  ResidentSetSize of job (KB)
...
006 (31980884.250.000) 03/28 22:05:26 Image size of job updated: 171
	171  -  MemoryUsage of job (MB)
	175688  -  ResidentSetSize of job (KB)
...
006 (31980884.250.000) 03/28 22:06:26 Image size of job updated: 173
	173  -  MemoryUsage of job (MB)
	177516  -  ResidentSetSize of job (KB)
...
006 (31980884.250.000) 03/28 22:07:26 Image size of job updated: 187
	187  -  MemoryUsage of job (MB)
	191764  -  ResidentSetSize of job (KB)
...
006 (31980884.250.000) 03/28 22:08:26 Image size of job updated: 187
	187  -  MemoryUsage of job (MB)
	191960  -  ResidentSetSize of job (KB)
...
006 (31980884.250.000) 03/28 22:09:26 Image size of job updated: 187
	187  -  MemoryUsage of job (MB)
	192156  -  ResidentSetSize of job (KB)
...
006 (31980884.250.000) 03/28 22:10:27 Image size of job updated: 187
	187  -  MemoryUsage of job (MB)
	192336  -  ResidentSetSize of job (KB)
...
006 (31980884.250.000) 03/28 22:11:28 Image size of job updated: 206
	206  -  MemoryUsage of job (MB)
	211784  -  ResidentSetSize of job (KB)
...
006 (31980884.250.000) 03/28 22:12:29 Image size of job updated: 207
	207  -  MemoryUsage of job (MB)
	212596  -  ResidentSetSize of job (KB)
...
006 (31980884.250.000) 03/28 22:13:29 Image size of job updated: 207
	207  -  MemoryUsage of job (MB)
	212788  -  ResidentSetSize of job (KB)
...
006 (31980884.250.000) 03/28 22:15:29 Image size of job updated: 210
	210  -  MemoryUsage of job (MB)
	215680  -  ResidentSetSize of job (KB)
...
006 (31980884.250.000) 03/28 22:16:30 Image size of job updated: 210
	210  -  MemoryUsage of job (MB)
	215704  -  ResidentSetSize of job (KB)
...
005 (31980884.250.000) 03/28 22:17:57 Job terminated.
	(1) Normal termination (return value 0)
		Usr 0 00:12:05, Sys 0 00:00:36  -  Run Remote Usage
		Usr 0 00:00:00, Sys 0 00:00:00  -  Run Local Usage
		Usr 0 00:12:05, Sys 0 00:00:36  -  Total Remote Usage
		Usr 0 00:00:00, Sys 0 00:00:00  -  Total Local Usage
	181818  -  Run Bytes Sent By Job
	2250925  -  Run Bytes Received By Job
	181818  -  Total Bytes Sent By Job
	2250925  -  Total Bytes Received By Job
	Partitionable Resources :    Usage  Request Allocated 
	   Cpus                 :     0.00        1         1 
	   Disk (KB)            :  5313        2250   1642523 
	   Memory (MB)          :   210        2000      2000 
...
