000 (31980884.320.000) 03/28 21:58:25 Job submitted from host: <131.225.188.57:9618?addrs=131.225.188.57-9618&noUDP&sock=18092_2f86_3>
...
001 (31980884.320.000) 03/28 22:00:28 Job executing on host: <131.225.205.166:9618?addrs=131.225.205.166-9618&noUDP&sock=1459_54c4_3>
...
006 (31980884.320.000) 03/28 22:01:38 Image size of job updated: 164
	164  -  MemoryUsage of job (MB)
	168596  -  ResidentSetSize of job (KB)
...
006 (31980884.320.000) 03/28 22:02:38 Image size of job updated: 168
	168  -  MemoryUsage of job (MB)
	172276  -  ResidentSetSize of job (KB)
...
006 (31980884.320.000) 03/28 22:03:39 Image size of job updated: 206
	206  -  MemoryUsage of job (MB)
	211060  -  ResidentSetSize of job (KB)
...
006 (31980884.320.000) 03/28 22:04:03 Image size of job updated: 206
	206  -  MemoryUsage of job (MB)
	211132  -  ResidentSetSize of job (KB)
...
005 (31980884.320.000) 03/28 22:04:05 Job terminated.
	(1) Normal termination (return value 0)
		Usr 0 00:02:58, Sys 0 00:00:08  -  Run Remote Usage
		Usr 0 00:00:00, Sys 0 00:00:00  -  Run Local Usage
		Usr 0 00:02:58, Sys 0 00:00:08  -  Total Remote Usage
		Usr 0 00:00:00, Sys 0 00:00:00  -  Total Local Usage
	167330  -  Run Bytes Sent By Job
	2250925  -  Run Bytes Received By Job
	167330  -  Total Bytes Sent By Job
	2250925  -  Total Bytes Received By Job
	Partitionable Resources :    Usage  Request Allocated 
	   Cpus                 :        0        1         1 
	   Disk (KB)            :     5298     2250   1643064 
	   Memory (MB)          :      206     2000      2000 
...
