000 (31980884.451.000) 03/28 21:58:25 Job submitted from host: <131.225.188.57:9618?addrs=131.225.188.57-9618&noUDP&sock=18092_2f86_3>
...
001 (31980884.451.000) 03/28 22:00:56 Job executing on host: <131.225.205.219:9618?addrs=131.225.205.219-9618&noUDP&sock=1471_8fe7_3>
...
006 (31980884.451.000) 03/28 22:01:05 Image size of job updated: 15
	15  -  MemoryUsage of job (MB)
	15524  -  ResidentSetSize of job (KB)
...
006 (31980884.451.000) 03/28 22:02:05 Image size of job updated: 132
	132  -  MemoryUsage of job (MB)
	135760  -  ResidentSetSize of job (KB)
...
006 (31980884.451.000) 03/28 22:03:05 Image size of job updated: 162
	162  -  MemoryUsage of job (MB)
	166452  -  ResidentSetSize of job (KB)
...
006 (31980884.451.000) 03/28 22:04:05 Image size of job updated: 171
	171  -  MemoryUsage of job (MB)
	175128  -  ResidentSetSize of job (KB)
...
006 (31980884.451.000) 03/28 22:05:06 Image size of job updated: 180
	180  -  MemoryUsage of job (MB)
	185068  -  ResidentSetSize of job (KB)
...
006 (31980884.451.000) 03/28 22:06:07 Image size of job updated: 188
	188  -  MemoryUsage of job (MB)
	192544  -  ResidentSetSize of job (KB)
...
006 (31980884.451.000) 03/28 22:07:08 Image size of job updated: 188
	188  -  MemoryUsage of job (MB)
	192756  -  ResidentSetSize of job (KB)
...
006 (31980884.451.000) 03/28 22:08:08 Image size of job updated: 188
	188  -  MemoryUsage of job (MB)
	192960  -  ResidentSetSize of job (KB)
...
006 (31980884.451.000) 03/28 22:09:08 Image size of job updated: 188
	188  -  MemoryUsage of job (MB)
	193096  -  ResidentSetSize of job (KB)
...
006 (31980884.451.000) 03/28 22:10:08 Image size of job updated: 209
	209  -  MemoryUsage of job (MB)
	214996  -  ResidentSetSize of job (KB)
...
006 (31980884.451.000) 03/28 22:11:09 Image size of job updated: 210
	210  -  MemoryUsage of job (MB)
	215280  -  ResidentSetSize of job (KB)
...
006 (31980884.451.000) 03/28 22:12:10 Image size of job updated: 210
	210  -  MemoryUsage of job (MB)
	215416  -  ResidentSetSize of job (KB)
...
006 (31980884.451.000) 03/28 22:13:11 Image size of job updated: 212
	212  -  MemoryUsage of job (MB)
	217668  -  ResidentSetSize of job (KB)
...
006 (31980884.451.000) 03/28 22:14:11 Image size of job updated: 212
	212  -  MemoryUsage of job (MB)
	217696  -  ResidentSetSize of job (KB)
...
006 (31980884.451.000) 03/28 22:14:30 Image size of job updated: 212
	212  -  MemoryUsage of job (MB)
	217700  -  ResidentSetSize of job (KB)
...
005 (31980884.451.000) 03/28 22:14:31 Job terminated.
	(1) Normal termination (return value 0)
		Usr 0 00:10:47, Sys 0 00:00:33  -  Run Remote Usage
		Usr 0 00:00:00, Sys 0 00:00:00  -  Run Local Usage
		Usr 0 00:10:47, Sys 0 00:00:33  -  Total Remote Usage
		Usr 0 00:00:00, Sys 0 00:00:00  -  Total Local Usage
	177218  -  Run Bytes Sent By Job
	2250925  -  Run Bytes Received By Job
	177218  -  Total Bytes Sent By Job
	2250925  -  Total Bytes Received By Job
	Partitionable Resources :    Usage  Request Allocated 
	   Cpus                 :        0        1         1 
	   Disk (KB)            :     5308     2250   1689169 
	   Memory (MB)          :      212     2000      2000 
...
