000 (31980884.220.000) 03/28 21:58:24 Job submitted from host: <131.225.188.57:9618?addrs=131.225.188.57-9618&noUDP&sock=18092_2f86_3>
...
001 (31980884.220.000) 03/28 22:00:13 Job executing on host: <131.225.205.166:9618?addrs=131.225.205.166-9618&noUDP&sock=1459_54c4_3>
...
006 (31980884.220.000) 03/28 22:00:22 Image size of job updated: 9
	9  -  MemoryUsage of job (MB)
	10064  -  ResidentSetSize of job (KB)
...
006 (31980884.220.000) 03/28 22:01:22 Image size of job updated: 164
	164  -  MemoryUsage of job (MB)
	168440  -  ResidentSetSize of job (KB)
...
006 (31980884.220.000) 03/28 22:02:22 Image size of job updated: 168
	168  -  MemoryUsage of job (MB)
	172204  -  ResidentSetSize of job (KB)
...
006 (31980884.220.000) 03/28 22:03:23 Image size of job updated: 193
	193  -  MemoryUsage of job (MB)
	198072  -  ResidentSetSize of job (KB)
...
006 (31980884.220.000) 03/28 22:03:47 Image size of job updated: 206
	206  -  MemoryUsage of job (MB)
	211080  -  ResidentSetSize of job (KB)
...
005 (31980884.220.000) 03/28 22:03:48 Job terminated.
	(1) Normal termination (return value 0)
		Usr 0 00:02:49, Sys 0 00:00:09  -  Run Remote Usage
		Usr 0 00:00:00, Sys 0 00:00:00  -  Run Local Usage
		Usr 0 00:02:49, Sys 0 00:00:09  -  Total Remote Usage
		Usr 0 00:00:00, Sys 0 00:00:00  -  Total Local Usage
	167793  -  Run Bytes Sent By Job
	2250925  -  Run Bytes Received By Job
	167793  -  Total Bytes Sent By Job
	2250925  -  Total Bytes Received By Job
	Partitionable Resources :    Usage  Request Allocated 
	   Cpus                 :        0        1         1 
	   Disk (KB)            :     5299     2250   1643064 
	   Memory (MB)          :      206     2000      2000 
...
