000 (31980884.151.000) 03/28 21:58:24 Job submitted from host: <131.225.188.57:9618?addrs=131.225.188.57-9618&noUDP&sock=18092_2f86_3>
...
001 (31980884.151.000) 03/28 21:59:57 Job executing on host: <131.225.190.42:9618?addrs=131.225.190.42-9618&noUDP&sock=1440_4c77_3>
...
006 (31980884.151.000) 03/28 22:01:13 Image size of job updated: 7
	7  -  MemoryUsage of job (MB)
	8180  -  ResidentSetSize of job (KB)
...
006 (31980884.151.000) 03/28 22:02:14 Image size of job updated: 27
	27  -  MemoryUsage of job (MB)
	27656  -  ResidentSetSize of job (KB)
...
006 (31980884.151.000) 03/28 22:03:14 Image size of job updated: 27
	27  -  MemoryUsage of job (MB)
	28620  -  ResidentSetSize of job (KB)
...
006 (31980884.151.000) 03/28 22:04:14 Image size of job updated: 38
	38  -  MemoryUsage of job (MB)
	39304  -  ResidentSetSize of job (KB)
...
006 (31980884.151.000) 03/28 22:05:15 Image size of job updated: 166
	166  -  MemoryUsage of job (MB)
	170728  -  ResidentSetSize of job (KB)
...
006 (31980884.151.000) 03/28 22:06:16 Image size of job updated: 196
	196  -  MemoryUsage of job (MB)
	201032  -  ResidentSetSize of job (KB)
...
006 (31980884.151.000) 03/28 22:07:03 Image size of job updated: 202
	202  -  MemoryUsage of job (MB)
	207728  -  ResidentSetSize of job (KB)
...
005 (31980884.151.000) 03/28 22:07:04 Job terminated.
	(1) Normal termination (return value 0)
		Usr 0 00:02:39, Sys 0 00:00:10  -  Run Remote Usage
		Usr 0 00:00:00, Sys 0 00:00:00  -  Run Local Usage
		Usr 0 00:02:39, Sys 0 00:00:10  -  Total Remote Usage
		Usr 0 00:00:00, Sys 0 00:00:00  -  Total Local Usage
	168974  -  Run Bytes Sent By Job
	2250925  -  Run Bytes Received By Job
	168974  -  Total Bytes Sent By Job
	2250925  -  Total Bytes Received By Job
	Partitionable Resources :    Usage  Request Allocated 
	   Cpus                 :        0        1         1 
	   Disk (KB)            :     5301     2250    779518 
	   Memory (MB)          :      202     2000      2000 
...
