000 (31980884.283.000) 03/28 21:58:24 Job submitted from host: <131.225.188.57:9618?addrs=131.225.188.57-9618&noUDP&sock=18092_2f86_3>
...
001 (31980884.283.000) 03/28 22:00:23 Job executing on host: <131.225.188.54:9618?addrs=131.225.188.54-9618&noUDP&sock=1932_c510_3>
...
006 (31980884.283.000) 03/28 22:00:32 Image size of job updated: 10
	10  -  MemoryUsage of job (MB)
	11028  -  ResidentSetSize of job (KB)
...
006 (31980884.283.000) 03/28 22:01:32 Image size of job updated: 76
	76  -  MemoryUsage of job (MB)
	78680  -  ResidentSetSize of job (KB)
...
006 (31980884.283.000) 03/28 22:02:33 Image size of job updated: 167
	167  -  MemoryUsage of job (MB)
	171348  -  ResidentSetSize of job (KB)
...
006 (31980884.283.000) 03/28 22:03:33 Image size of job updated: 201
	201  -  MemoryUsage of job (MB)
	206752  -  ResidentSetSize of job (KB)
...
005 (31980884.283.000) 03/28 22:03:34 Job terminated.
	(1) Normal termination (return value 0)
		Usr 0 00:02:08, Sys 0 00:00:08  -  Run Remote Usage
		Usr 0 00:00:00, Sys 0 00:00:00  -  Run Local Usage
		Usr 0 00:02:08, Sys 0 00:00:08  -  Total Remote Usage
		Usr 0 00:00:00, Sys 0 00:00:00  -  Total Local Usage
	167180  -  Run Bytes Sent By Job
	2250925  -  Run Bytes Received By Job
	167180  -  Total Bytes Sent By Job
	2250925  -  Total Bytes Received By Job
	Partitionable Resources :    Usage  Request Allocated 
	   Cpus                 :        0        1         1 
	   Disk (KB)            :     5298     2250   1623635 
	   Memory (MB)          :      201     2000      2000 
...
