000 (31980884.259.000) 03/28 21:58:24 Job submitted from host: <131.225.188.57:9618?addrs=131.225.188.57-9618&noUDP&sock=18092_2f86_3>
...
001 (31980884.259.000) 03/28 22:00:19 Job executing on host: <131.225.205.155:9618?addrs=131.225.205.155-9618&noUDP&sock=1452_879a_3>
...
006 (31980884.259.000) 03/28 22:00:28 Image size of job updated: 15
	15  -  MemoryUsage of job (MB)
	15556  -  ResidentSetSize of job (KB)
...
006 (31980884.259.000) 03/28 22:01:29 Image size of job updated: 132
	132  -  MemoryUsage of job (MB)
	135752  -  ResidentSetSize of job (KB)
...
006 (31980884.259.000) 03/28 22:03:30 Image size of job updated: 168
	168  -  MemoryUsage of job (MB)
	172780  -  ResidentSetSize of job (KB)
...
006 (31980884.259.000) 03/28 22:04:30 Image size of job updated: 172
	172  -  MemoryUsage of job (MB)
	176128  -  ResidentSetSize of job (KB)
...
006 (31980884.259.000) 03/28 22:05:30 Image size of job updated: 186
	186  -  MemoryUsage of job (MB)
	191156  -  ResidentSetSize of job (KB)
...
006 (31980884.259.000) 03/28 22:06:31 Image size of job updated: 186
	186  -  MemoryUsage of job (MB)
	191368  -  ResidentSetSize of job (KB)
...
006 (31980884.259.000) 03/28 22:07:32 Image size of job updated: 187
	187  -  MemoryUsage of job (MB)
	191584  -  ResidentSetSize of job (KB)
...
006 (31980884.259.000) 03/28 22:08:33 Image size of job updated: 187
	187  -  MemoryUsage of job (MB)
	191788  -  ResidentSetSize of job (KB)
...
006 (31980884.259.000) 03/28 22:09:33 Image size of job updated: 209
	209  -  MemoryUsage of job (MB)
	214952  -  ResidentSetSize of job (KB)
...
006 (31980884.259.000) 03/28 22:10:33 Image size of job updated: 210
	210  -  MemoryUsage of job (MB)
	215304  -  ResidentSetSize of job (KB)
...
006 (31980884.259.000) 03/28 22:11:33 Image size of job updated: 210
	210  -  MemoryUsage of job (MB)
	215520  -  ResidentSetSize of job (KB)
...
006 (31980884.259.000) 03/28 22:12:34 Image size of job updated: 210
	210  -  MemoryUsage of job (MB)
	215608  -  ResidentSetSize of job (KB)
...
006 (31980884.259.000) 03/28 22:13:35 Image size of job updated: 212
	212  -  MemoryUsage of job (MB)
	217828  -  ResidentSetSize of job (KB)
...
005 (31980884.259.000) 03/28 22:15:17 Job terminated.
	(1) Normal termination (return value 0)
		Usr 0 00:11:35, Sys 0 00:00:30  -  Run Remote Usage
		Usr 0 00:00:00, Sys 0 00:00:00  -  Run Local Usage
		Usr 0 00:11:35, Sys 0 00:00:30  -  Total Remote Usage
		Usr 0 00:00:00, Sys 0 00:00:00  -  Total Local Usage
	176887  -  Run Bytes Sent By Job
	2250925  -  Run Bytes Received By Job
	176887  -  Total Bytes Sent By Job
	2250925  -  Total Bytes Received By Job
	Partitionable Resources :    Usage  Request Allocated 
	   Cpus                 :     0.00        1         1 
	   Disk (KB)            :  5307        2250   1644391 
	   Memory (MB)          :   212        2000      2000 
...
