000 (31980884.450.000) 03/28 21:58:25 Job submitted from host: <131.225.188.57:9618?addrs=131.225.188.57-9618&noUDP&sock=18092_2f86_3>
...
001 (31980884.450.000) 03/28 22:01:00 Job executing on host: <131.225.205.217:9618?addrs=131.225.205.217-9618&noUDP&sock=1479_0ca9_3>
...
006 (31980884.450.000) 03/28 22:02:11 Image size of job updated: 132
	132  -  MemoryUsage of job (MB)
	135760  -  ResidentSetSize of job (KB)
...
006 (31980884.450.000) 03/28 22:03:11 Image size of job updated: 167
	167  -  MemoryUsage of job (MB)
	171976  -  ResidentSetSize of job (KB)
...
006 (31980884.450.000) 03/28 22:04:11 Image size of job updated: 171
	171  -  MemoryUsage of job (MB)
	175144  -  ResidentSetSize of job (KB)
...
006 (31980884.450.000) 03/28 22:05:11 Image size of job updated: 174
	174  -  MemoryUsage of job (MB)
	178332  -  ResidentSetSize of job (KB)
...
006 (31980884.450.000) 03/28 22:06:12 Image size of job updated: 186
	186  -  MemoryUsage of job (MB)
	191444  -  ResidentSetSize of job (KB)
...
006 (31980884.450.000) 03/28 22:07:13 Image size of job updated: 187
	187  -  MemoryUsage of job (MB)
	191616  -  ResidentSetSize of job (KB)
...
006 (31980884.450.000) 03/28 22:08:14 Image size of job updated: 187
	187  -  MemoryUsage of job (MB)
	191792  -  ResidentSetSize of job (KB)
...
006 (31980884.450.000) 03/28 22:09:14 Image size of job updated: 187
	187  -  MemoryUsage of job (MB)
	191976  -  ResidentSetSize of job (KB)
...
006 (31980884.450.000) 03/28 22:10:14 Image size of job updated: 207
	207  -  MemoryUsage of job (MB)
	212696  -  ResidentSetSize of job (KB)
...
006 (31980884.450.000) 03/28 22:11:14 Image size of job updated: 207
	207  -  MemoryUsage of job (MB)
	212948  -  ResidentSetSize of job (KB)
...
006 (31980884.450.000) 03/28 22:12:15 Image size of job updated: 208
	208  -  MemoryUsage of job (MB)
	213148  -  ResidentSetSize of job (KB)
...
006 (31980884.450.000) 03/28 22:13:16 Image size of job updated: 208
	208  -  MemoryUsage of job (MB)
	213192  -  ResidentSetSize of job (KB)
...
006 (31980884.450.000) 03/28 22:14:17 Image size of job updated: 210
	210  -  MemoryUsage of job (MB)
	215452  -  ResidentSetSize of job (KB)
...
005 (31980884.450.000) 03/28 22:15:48 Job terminated.
	(1) Normal termination (return value 0)
		Usr 0 00:11:41, Sys 0 00:00:32  -  Run Remote Usage
		Usr 0 00:00:00, Sys 0 00:00:00  -  Run Local Usage
		Usr 0 00:11:41, Sys 0 00:00:32  -  Total Remote Usage
		Usr 0 00:00:00, Sys 0 00:00:00  -  Total Local Usage
	176818  -  Run Bytes Sent By Job
	2250925  -  Run Bytes Received By Job
	176818  -  Total Bytes Sent By Job
	2250925  -  Total Bytes Received By Job
	Partitionable Resources :    Usage  Request Allocated 
	   Cpus                 :        0        1         1 
	   Disk (KB)            :     5307     2250   1695562 
	   Memory (MB)          :      210     2000      2000 
...
