000 (31980884.088.000) 03/28 21:58:24 Job submitted from host: <131.225.188.57:9618?addrs=131.225.188.57-9618&noUDP&sock=18092_2f86_3>
...
001 (31980884.088.000) 03/28 21:59:44 Job executing on host: <131.225.190.58:9618?addrs=131.225.190.58-9618&noUDP&sock=1428_1154_3>
...
006 (31980884.088.000) 03/28 21:59:55 Image size of job updated: 14
	14  -  MemoryUsage of job (MB)
	15304  -  ResidentSetSize of job (KB)
...
006 (31980884.088.000) 03/28 22:00:54 Image size of job updated: 134
	134  -  MemoryUsage of job (MB)
	138168  -  ResidentSetSize of job (KB)
...
006 (31980884.088.000) 03/28 22:01:54 Image size of job updated: 166
	166  -  MemoryUsage of job (MB)
	170936  -  ResidentSetSize of job (KB)
...
006 (31980884.088.000) 03/28 22:02:54 Image size of job updated: 189
	189  -  MemoryUsage of job (MB)
	193644  -  ResidentSetSize of job (KB)
...
006 (31980884.088.000) 03/28 22:03:55 Image size of job updated: 203
	203  -  MemoryUsage of job (MB)
	208344  -  ResidentSetSize of job (KB)
...
005 (31980884.088.000) 03/28 22:03:56 Job terminated.
	(1) Normal termination (return value 0)
		Usr 0 00:02:39, Sys 0 00:00:11  -  Run Remote Usage
		Usr 0 00:00:00, Sys 0 00:00:00  -  Run Local Usage
		Usr 0 00:02:39, Sys 0 00:00:11  -  Total Remote Usage
		Usr 0 00:00:00, Sys 0 00:00:00  -  Total Local Usage
	167836  -  Run Bytes Sent By Job
	2250925  -  Run Bytes Received By Job
	167836  -  Total Bytes Sent By Job
	2250925  -  Total Bytes Received By Job
	Partitionable Resources :    Usage  Request Allocated 
	   Cpus                 :        0        1         1 
	   Disk (KB)            :     5300     2250    738996 
	   Memory (MB)          :      203     2000      2000 
...
