000 (31980884.207.000) 03/28 21:58:24 Job submitted from host: <131.225.188.57:9618?addrs=131.225.188.57-9618&noUDP&sock=18092_2f86_3>
...
001 (31980884.207.000) 03/28 22:00:09 Job executing on host: <131.225.190.26:9618?addrs=131.225.190.26-9618&noUDP&sock=1443_5b40_3>
...
006 (31980884.207.000) 03/28 22:01:20 Image size of job updated: 73
	73  -  MemoryUsage of job (MB)
	74752  -  ResidentSetSize of job (KB)
...
006 (31980884.207.000) 03/28 22:02:21 Image size of job updated: 167
	167  -  MemoryUsage of job (MB)
	171384  -  ResidentSetSize of job (KB)
...
006 (31980884.207.000) 03/28 22:03:22 Image size of job updated: 194
	194  -  MemoryUsage of job (MB)
	198820  -  ResidentSetSize of job (KB)
...
006 (31980884.207.000) 03/28 22:03:47 Image size of job updated: 206
	206  -  MemoryUsage of job (MB)
	211632  -  ResidentSetSize of job (KB)
...
005 (31980884.207.000) 03/28 22:03:48 Job terminated.
	(1) Normal termination (return value 0)
		Usr 0 00:02:31, Sys 0 00:00:09  -  Run Remote Usage
		Usr 0 00:00:00, Sys 0 00:00:00  -  Run Local Usage
		Usr 0 00:02:31, Sys 0 00:00:09  -  Total Remote Usage
		Usr 0 00:00:00, Sys 0 00:00:00  -  Total Local Usage
	168833  -  Run Bytes Sent By Job
	2250925  -  Run Bytes Received By Job
	168833  -  Total Bytes Sent By Job
	2250925  -  Total Bytes Received By Job
	Partitionable Resources :    Usage  Request Allocated 
	   Cpus                 :        0        1         1 
	   Disk (KB)            :     5300     2250    776914 
	   Memory (MB)          :      206     2000      2000 
...
