000 (31980884.137.000) 03/28 21:58:24 Job submitted from host: <131.225.188.57:9618?addrs=131.225.188.57-9618&noUDP&sock=18092_2f86_3>
...
001 (31980884.137.000) 03/28 21:59:54 Job executing on host: <131.225.205.179:9618?addrs=131.225.205.179-9618&noUDP&sock=1457_f593_3>
...
006 (31980884.137.000) 03/28 22:00:05 Image size of job updated: 5
	3  -  MemoryUsage of job (MB)
	3792  -  ResidentSetSize of job (KB)
...
006 (31980884.137.000) 03/28 22:01:04 Image size of job updated: 38
	38  -  MemoryUsage of job (MB)
	39660  -  ResidentSetSize of job (KB)
...
006 (31980884.137.000) 03/28 22:02:04 Image size of job updated: 86
	86  -  MemoryUsage of job (MB)
	88404  -  ResidentSetSize of job (KB)
...
006 (31980884.137.000) 03/28 22:03:05 Image size of job updated: 167
	167  -  MemoryUsage of job (MB)
	171452  -  ResidentSetSize of job (KB)
...
006 (31980884.137.000) 03/28 22:04:05 Image size of job updated: 190
	190  -  MemoryUsage of job (MB)
	194896  -  ResidentSetSize of job (KB)
...
006 (31980884.137.000) 03/28 22:04:45 Image size of job updated: 203
	203  -  MemoryUsage of job (MB)
	207912  -  ResidentSetSize of job (KB)
...
005 (31980884.137.000) 03/28 22:04:46 Job terminated.
	(1) Normal termination (return value 0)
		Usr 0 00:02:55, Sys 0 00:00:09  -  Run Remote Usage
		Usr 0 00:00:00, Sys 0 00:00:00  -  Run Local Usage
		Usr 0 00:02:55, Sys 0 00:00:09  -  Total Remote Usage
		Usr 0 00:00:00, Sys 0 00:00:00  -  Total Local Usage
	167799  -  Run Bytes Sent By Job
	2250925  -  Run Bytes Received By Job
	167799  -  Total Bytes Sent By Job
	2250925  -  Total Bytes Received By Job
	Partitionable Resources :    Usage  Request Allocated 
	   Cpus                 :        0        1         1 
	   Disk (KB)            :     5299     2250   1626521 
	   Memory (MB)          :      203     2000      2000 
...
