000 (31980884.027.000) 03/28 21:58:24 Job submitted from host: <131.225.188.57:9618?addrs=131.225.188.57-9618&noUDP&sock=18092_2f86_3>
...
001 (31980884.027.000) 03/28 22:01:31 Job executing on host: <131.225.206.13:9618?addrs=131.225.206.13-9618&noUDP&sock=1176_3777_3>
...
006 (31980884.027.000) 03/28 22:01:40 Image size of job updated: 81
	81  -  MemoryUsage of job (MB)
	83956  -  ResidentSetSize of job (KB)
...
006 (31980884.027.000) 03/28 22:02:40 Image size of job updated: 167
	167  -  MemoryUsage of job (MB)
	171252  -  ResidentSetSize of job (KB)
...
006 (31980884.027.000) 03/28 22:03:41 Image size of job updated: 189
	189  -  MemoryUsage of job (MB)
	193640  -  ResidentSetSize of job (KB)
...
006 (31980884.027.000) 03/28 22:04:06 Image size of job updated: 202
	202  -  MemoryUsage of job (MB)
	207352  -  ResidentSetSize of job (KB)
...
005 (31980884.027.000) 03/28 22:04:07 Job terminated.
	(1) Normal termination (return value 0)
		Usr 0 00:02:12, Sys 0 00:00:05  -  Run Remote Usage
		Usr 0 00:00:00, Sys 0 00:00:00  -  Run Local Usage
		Usr 0 00:02:12, Sys 0 00:00:05  -  Total Remote Usage
		Usr 0 00:00:00, Sys 0 00:00:00  -  Total Local Usage
	167405  -  Run Bytes Sent By Job
	2250925  -  Run Bytes Received By Job
	167405  -  Total Bytes Sent By Job
	2250925  -  Total Bytes Received By Job
	Partitionable Resources :    Usage  Request Allocated 
	   Cpus                 :        0        1         1 
	   Disk (KB)            :     5298     2250    308045 
	   Memory (MB)          :      202     2000      2000 
...
