000 (31980884.418.000) 03/28 21:58:25 Job submitted from host: <131.225.188.57:9618?addrs=131.225.188.57-9618&noUDP&sock=18092_2f86_3>
...
001 (31980884.418.000) 03/28 22:00:52 Job executing on host: <131.225.205.198:9618?addrs=131.225.205.198-9618&noUDP&sock=1471_8fe7_3>
...
006 (31980884.418.000) 03/28 22:02:01 Image size of job updated: 132
	132  -  MemoryUsage of job (MB)
	135764  -  ResidentSetSize of job (KB)
...
006 (31980884.418.000) 03/28 22:05:03 Image size of job updated: 168
	168  -  MemoryUsage of job (MB)
	172252  -  ResidentSetSize of job (KB)
...
006 (31980884.418.000) 03/28 22:06:04 Image size of job updated: 171
	171  -  MemoryUsage of job (MB)
	175480  -  ResidentSetSize of job (KB)
...
006 (31980884.418.000) 03/28 22:07:04 Image size of job updated: 173
	173  -  MemoryUsage of job (MB)
	178084  -  ResidentSetSize of job (KB)
...
006 (31980884.418.000) 03/28 22:08:04 Image size of job updated: 187
	187  -  MemoryUsage of job (MB)
	191632  -  ResidentSetSize of job (KB)
...
006 (31980884.418.000) 03/28 22:09:04 Image size of job updated: 187
	187  -  MemoryUsage of job (MB)
	191824  -  ResidentSetSize of job (KB)
...
006 (31980884.418.000) 03/28 22:10:05 Image size of job updated: 187
	187  -  MemoryUsage of job (MB)
	192024  -  ResidentSetSize of job (KB)
...
006 (31980884.418.000) 03/28 22:11:06 Image size of job updated: 187
	187  -  MemoryUsage of job (MB)
	192212  -  ResidentSetSize of job (KB)
...
006 (31980884.418.000) 03/28 22:12:07 Image size of job updated: 212
	212  -  MemoryUsage of job (MB)
	218032  -  ResidentSetSize of job (KB)
...
006 (31980884.418.000) 03/28 22:13:07 Image size of job updated: 213
	213  -  MemoryUsage of job (MB)
	218240  -  ResidentSetSize of job (KB)
...
006 (31980884.418.000) 03/28 22:14:07 Image size of job updated: 213
	213  -  MemoryUsage of job (MB)
	218448  -  ResidentSetSize of job (KB)
...
006 (31980884.418.000) 03/28 22:15:07 Image size of job updated: 213
	213  -  MemoryUsage of job (MB)
	218484  -  ResidentSetSize of job (KB)
...
006 (31980884.418.000) 03/28 22:16:08 Image size of job updated: 215
	215  -  MemoryUsage of job (MB)
	220732  -  ResidentSetSize of job (KB)
...
006 (31980884.418.000) 03/28 22:17:09 Image size of job updated: 215
	215  -  MemoryUsage of job (MB)
	220756  -  ResidentSetSize of job (KB)
...
005 (31980884.418.000) 03/28 22:18:09 Job terminated.
	(1) Normal termination (return value 0)
		Usr 0 00:11:47, Sys 0 00:00:32  -  Run Remote Usage
		Usr 0 00:00:00, Sys 0 00:00:00  -  Run Local Usage
		Usr 0 00:11:47, Sys 0 00:00:32  -  Total Remote Usage
		Usr 0 00:00:00, Sys 0 00:00:00  -  Total Local Usage
	183788  -  Run Bytes Sent By Job
	2250925  -  Run Bytes Received By Job
	183788  -  Total Bytes Sent By Job
	2250925  -  Total Bytes Received By Job
	Partitionable Resources :    Usage  Request Allocated 
	   Cpus                 :     0.00        1         1 
	   Disk (KB)            :  5314        2250   1696175 
	   Memory (MB)          :   160        2000      2000 
...
