000 (31980884.145.000) 03/28 21:58:24 Job submitted from host: <131.225.188.57:9618?addrs=131.225.188.57-9618&noUDP&sock=18092_2f86_3>
...
001 (31980884.145.000) 03/28 21:59:55 Job executing on host: <131.225.191.243:9618?addrs=131.225.191.243-9618&noUDP&sock=1449_78d1_3>
...
006 (31980884.145.000) 03/28 22:01:05 Image size of job updated: 26
	26  -  MemoryUsage of job (MB)
	26816  -  ResidentSetSize of job (KB)
...
006 (31980884.145.000) 03/28 22:02:05 Image size of job updated: 27
	27  -  MemoryUsage of job (MB)
	28060  -  ResidentSetSize of job (KB)
...
006 (31980884.145.000) 03/28 22:03:05 Image size of job updated: 28
	28  -  MemoryUsage of job (MB)
	29140  -  ResidentSetSize of job (KB)
...
006 (31980884.145.000) 03/28 22:04:05 Image size of job updated: 165
	165  -  MemoryUsage of job (MB)
	169240  -  ResidentSetSize of job (KB)
...
006 (31980884.145.000) 03/28 22:05:06 Image size of job updated: 168
	168  -  MemoryUsage of job (MB)
	172908  -  ResidentSetSize of job (KB)
...
006 (31980884.145.000) 03/28 22:06:06 Image size of job updated: 206
	206  -  MemoryUsage of job (MB)
	211444  -  ResidentSetSize of job (KB)
...
005 (31980884.145.000) 03/28 22:06:17 Job terminated.
	(1) Normal termination (return value 0)
		Usr 0 00:02:35, Sys 0 00:00:13  -  Run Remote Usage
		Usr 0 00:00:00, Sys 0 00:00:00  -  Run Local Usage
		Usr 0 00:02:35, Sys 0 00:00:13  -  Total Remote Usage
		Usr 0 00:00:00, Sys 0 00:00:00  -  Total Local Usage
	167827  -  Run Bytes Sent By Job
	2250925  -  Run Bytes Received By Job
	167827  -  Total Bytes Sent By Job
	2250925  -  Total Bytes Received By Job
	Partitionable Resources :    Usage  Request Allocated 
	   Cpus                 :        0        1         1 
	   Disk (KB)            :     5299     2250    790879 
	   Memory (MB)          :      206     2000      2000 
...
