000 (31980884.322.000) 03/28 21:58:25 Job submitted from host: <131.225.188.57:9618?addrs=131.225.188.57-9618&noUDP&sock=18092_2f86_3>
...
001 (31980884.322.000) 03/28 22:00:29 Job executing on host: <131.225.205.199:9618?addrs=131.225.205.199-9618&noUDP&sock=1465_7255_3>
...
006 (31980884.322.000) 03/28 22:00:38 Image size of job updated: 17
	17  -  MemoryUsage of job (MB)
	18124  -  ResidentSetSize of job (KB)
...
006 (31980884.322.000) 03/28 22:01:39 Image size of job updated: 164
	164  -  MemoryUsage of job (MB)
	168108  -  ResidentSetSize of job (KB)
...
006 (31980884.322.000) 03/28 22:02:40 Image size of job updated: 168
	168  -  MemoryUsage of job (MB)
	172188  -  ResidentSetSize of job (KB)
...
006 (31980884.322.000) 03/28 22:03:42 Image size of job updated: 191
	191  -  MemoryUsage of job (MB)
	195936  -  ResidentSetSize of job (KB)
...
006 (31980884.322.000) 03/28 22:04:06 Image size of job updated: 203
	203  -  MemoryUsage of job (MB)
	208676  -  ResidentSetSize of job (KB)
...
005 (31980884.322.000) 03/28 22:04:07 Job terminated.
	(1) Normal termination (return value 0)
		Usr 0 00:02:44, Sys 0 00:00:09  -  Run Remote Usage
		Usr 0 00:00:00, Sys 0 00:00:00  -  Run Local Usage
		Usr 0 00:02:44, Sys 0 00:00:09  -  Total Remote Usage
		Usr 0 00:00:00, Sys 0 00:00:00  -  Total Local Usage
	167868  -  Run Bytes Sent By Job
	2250925  -  Run Bytes Received By Job
	167868  -  Total Bytes Sent By Job
	2250925  -  Total Bytes Received By Job
	Partitionable Resources :    Usage  Request Allocated 
	   Cpus                 :        0        1         1 
	   Disk (KB)            :     5299     2250   1700012 
	   Memory (MB)          :      203     2000      2000 
...
