000 (31980884.400.000) 03/28 21:58:25 Job submitted from host: <131.225.188.57:9618?addrs=131.225.188.57-9618&noUDP&sock=18092_2f86_3>
...
001 (31980884.400.000) 03/28 22:00:46 Job executing on host: <131.225.205.199:9618?addrs=131.225.205.199-9618&noUDP&sock=1465_7255_3>
...
006 (31980884.400.000) 03/28 22:01:56 Image size of job updated: 67
	67  -  MemoryUsage of job (MB)
	69548  -  ResidentSetSize of job (KB)
...
006 (31980884.400.000) 03/28 22:02:56 Image size of job updated: 168
	168  -  MemoryUsage of job (MB)
	172404  -  ResidentSetSize of job (KB)
...
006 (31980884.400.000) 03/28 22:03:57 Image size of job updated: 170
	170  -  MemoryUsage of job (MB)
	174324  -  ResidentSetSize of job (KB)
...
006 (31980884.400.000) 03/28 22:04:57 Image size of job updated: 173
	173  -  MemoryUsage of job (MB)
	177416  -  ResidentSetSize of job (KB)
...
006 (31980884.400.000) 03/28 22:05:57 Image size of job updated: 186
	186  -  MemoryUsage of job (MB)
	190992  -  ResidentSetSize of job (KB)
...
006 (31980884.400.000) 03/28 22:06:57 Image size of job updated: 186
	186  -  MemoryUsage of job (MB)
	191208  -  ResidentSetSize of job (KB)
...
006 (31980884.400.000) 03/28 22:07:58 Image size of job updated: 186
	186  -  MemoryUsage of job (MB)
	191416  -  ResidentSetSize of job (KB)
...
006 (31980884.400.000) 03/28 22:09:00 Image size of job updated: 205
	205  -  MemoryUsage of job (MB)
	210612  -  ResidentSetSize of job (KB)
...
006 (31980884.400.000) 03/28 22:10:00 Image size of job updated: 205
	205  -  MemoryUsage of job (MB)
	210828  -  ResidentSetSize of job (KB)
...
006 (31980884.400.000) 03/28 22:11:00 Image size of job updated: 206
	206  -  MemoryUsage of job (MB)
	211088  -  ResidentSetSize of job (KB)
...
006 (31980884.400.000) 03/28 22:12:00 Image size of job updated: 206
	206  -  MemoryUsage of job (MB)
	211140  -  ResidentSetSize of job (KB)
...
006 (31980884.400.000) 03/28 22:13:00 Image size of job updated: 208
	208  -  MemoryUsage of job (MB)
	213396  -  ResidentSetSize of job (KB)
...
005 (31980884.400.000) 03/28 22:13:04 Job terminated.
	(1) Normal termination (return value 0)
		Usr 0 00:09:53, Sys 0 00:00:28  -  Run Remote Usage
		Usr 0 00:00:00, Sys 0 00:00:00  -  Run Local Usage
		Usr 0 00:09:53, Sys 0 00:00:28  -  Total Remote Usage
		Usr 0 00:00:00, Sys 0 00:00:00  -  Total Local Usage
	173922  -  Run Bytes Sent By Job
	2250925  -  Run Bytes Received By Job
	173922  -  Total Bytes Sent By Job
	2250925  -  Total Bytes Received By Job
	Partitionable Resources :    Usage  Request Allocated 
	   Cpus                 :        0        1         1 
	   Disk (KB)            :     5304     2250   1700012 
	   Memory (MB)          :      208     2000      2000 
...
