000 (31980884.112.000) 03/28 21:58:24 Job submitted from host: <131.225.188.57:9618?addrs=131.225.188.57-9618&noUDP&sock=18092_2f86_3>
...
001 (31980884.112.000) 03/28 21:59:50 Job executing on host: <131.225.205.192:9618?addrs=131.225.205.192-9618&noUDP&sock=1455_9663_3>
...
006 (31980884.112.000) 03/28 22:00:58 Image size of job updated: 132
	132  -  MemoryUsage of job (MB)
	135756  -  ResidentSetSize of job (KB)
...
006 (31980884.112.000) 03/28 22:01:59 Image size of job updated: 164
	164  -  MemoryUsage of job (MB)
	168552  -  ResidentSetSize of job (KB)
...
006 (31980884.112.000) 03/28 22:03:00 Image size of job updated: 166
	166  -  MemoryUsage of job (MB)
	170896  -  ResidentSetSize of job (KB)
...
006 (31980884.112.000) 03/28 22:04:00 Image size of job updated: 192
	192  -  MemoryUsage of job (MB)
	196628  -  ResidentSetSize of job (KB)
...
006 (31980884.112.000) 03/28 22:04:50 Image size of job updated: 205
	205  -  MemoryUsage of job (MB)
	210304  -  ResidentSetSize of job (KB)
...
005 (31980884.112.000) 03/28 22:04:51 Job terminated.
	(1) Normal termination (return value 0)
		Usr 0 00:02:49, Sys 0 00:00:08  -  Run Remote Usage
		Usr 0 00:00:00, Sys 0 00:00:00  -  Run Local Usage
		Usr 0 00:02:49, Sys 0 00:00:08  -  Total Remote Usage
		Usr 0 00:00:00, Sys 0 00:00:00  -  Total Local Usage
	169602  -  Run Bytes Sent By Job
	2250925  -  Run Bytes Received By Job
	169602  -  Total Bytes Sent By Job
	2250925  -  Total Bytes Received By Job
	Partitionable Resources :    Usage  Request Allocated 
	   Cpus                 :        0        1         1 
	   Disk (KB)            :     5302     2250   1642523 
	   Memory (MB)          :      205     2000      2000 
...
