000 (31980884.256.000) 03/28 21:58:24 Job submitted from host: <131.225.188.57:9618?addrs=131.225.188.57-9618&noUDP&sock=18092_2f86_3>
...
001 (31980884.256.000) 03/28 22:00:17 Job executing on host: <131.225.190.44:9618?addrs=131.225.190.44-9618&noUDP&sock=1431_201d_3>
...
006 (31980884.256.000) 03/28 22:00:27 Image size of job updated: 21
	21  -  MemoryUsage of job (MB)
	22128  -  ResidentSetSize of job (KB)
...
006 (31980884.256.000) 03/28 22:01:27 Image size of job updated: 148
	148  -  MemoryUsage of job (MB)
	152136  -  ResidentSetSize of job (KB)
...
006 (31980884.256.000) 03/28 22:03:28 Image size of job updated: 169
	169  -  MemoryUsage of job (MB)
	173896  -  ResidentSetSize of job (KB)
...
006 (31980884.256.000) 03/28 22:04:28 Image size of job updated: 174
	174  -  MemoryUsage of job (MB)
	178404  -  ResidentSetSize of job (KB)
...
006 (31980884.256.000) 03/28 22:05:28 Image size of job updated: 187
	187  -  MemoryUsage of job (MB)
	191616  -  ResidentSetSize of job (KB)
...
006 (31980884.256.000) 03/28 22:06:28 Image size of job updated: 191
	191  -  MemoryUsage of job (MB)
	195740  -  ResidentSetSize of job (KB)
...
006 (31980884.256.000) 03/28 22:07:29 Image size of job updated: 191
	191  -  MemoryUsage of job (MB)
	195976  -  ResidentSetSize of job (KB)
...
006 (31980884.256.000) 03/28 22:08:31 Image size of job updated: 191
	191  -  MemoryUsage of job (MB)
	196200  -  ResidentSetSize of job (KB)
...
006 (31980884.256.000) 03/28 22:09:31 Image size of job updated: 211
	211  -  MemoryUsage of job (MB)
	216088  -  ResidentSetSize of job (KB)
...
006 (31980884.256.000) 03/28 22:10:31 Image size of job updated: 211
	211  -  MemoryUsage of job (MB)
	216396  -  ResidentSetSize of job (KB)
...
006 (31980884.256.000) 03/28 22:11:31 Image size of job updated: 211
	211  -  MemoryUsage of job (MB)
	216528  -  ResidentSetSize of job (KB)
...
006 (31980884.256.000) 03/28 22:12:31 Image size of job updated: 213
	213  -  MemoryUsage of job (MB)
	218712  -  ResidentSetSize of job (KB)
...
006 (31980884.256.000) 03/28 22:13:32 Image size of job updated: 213
	213  -  MemoryUsage of job (MB)
	218740  -  ResidentSetSize of job (KB)
...
005 (31980884.256.000) 03/28 22:14:06 Job terminated.
	(1) Normal termination (return value 0)
		Usr 0 00:10:24, Sys 0 00:00:40  -  Run Remote Usage
		Usr 0 00:00:00, Sys 0 00:00:00  -  Run Local Usage
		Usr 0 00:10:24, Sys 0 00:00:40  -  Total Remote Usage
		Usr 0 00:00:00, Sys 0 00:00:00  -  Total Local Usage
	177858  -  Run Bytes Sent By Job
	2250925  -  Run Bytes Received By Job
	177858  -  Total Bytes Sent By Job
	2250925  -  Total Bytes Received By Job
	Partitionable Resources :    Usage  Request Allocated 
	   Cpus                 :     0.00        1         1 
	   Disk (KB)            :  5308        2250    772815 
	   Memory (MB)          :   213        2000      2000 
...
