000 (31980884.245.000) 03/28 21:58:24 Job submitted from host: <131.225.188.57:9618?addrs=131.225.188.57-9618&noUDP&sock=18092_2f86_3>
...
001 (31980884.245.000) 03/28 22:00:15 Job executing on host: <131.225.205.176:9618?addrs=131.225.205.176-9618&noUDP&sock=1460_045c_3>
...
006 (31980884.245.000) 03/28 22:01:26 Image size of job updated: 132
	132  -  MemoryUsage of job (MB)
	135756  -  ResidentSetSize of job (KB)
...
006 (31980884.245.000) 03/28 22:04:28 Image size of job updated: 133
	133  -  MemoryUsage of job (MB)
	136420  -  ResidentSetSize of job (KB)
...
006 (31980884.245.000) 03/28 22:05:28 Image size of job updated: 175
	175  -  MemoryUsage of job (MB)
	179820  -  ResidentSetSize of job (KB)
...
006 (31980884.245.000) 03/28 22:06:28 Image size of job updated: 177
	177  -  MemoryUsage of job (MB)
	181696  -  ResidentSetSize of job (KB)
...
006 (31980884.245.000) 03/28 22:07:29 Image size of job updated: 180
	180  -  MemoryUsage of job (MB)
	184344  -  ResidentSetSize of job (KB)
...
006 (31980884.245.000) 03/28 22:08:30 Image size of job updated: 187
	187  -  MemoryUsage of job (MB)
	191560  -  ResidentSetSize of job (KB)
...
006 (31980884.245.000) 03/28 22:09:31 Image size of job updated: 187
	187  -  MemoryUsage of job (MB)
	191756  -  ResidentSetSize of job (KB)
...
006 (31980884.245.000) 03/28 22:10:31 Image size of job updated: 187
	187  -  MemoryUsage of job (MB)
	191944  -  ResidentSetSize of job (KB)
...
006 (31980884.245.000) 03/28 22:11:31 Image size of job updated: 187
	187  -  MemoryUsage of job (MB)
	192128  -  ResidentSetSize of job (KB)
...
006 (31980884.245.000) 03/28 22:12:31 Image size of job updated: 210
	210  -  MemoryUsage of job (MB)
	215100  -  ResidentSetSize of job (KB)
...
006 (31980884.245.000) 03/28 22:13:32 Image size of job updated: 210
	210  -  MemoryUsage of job (MB)
	215288  -  ResidentSetSize of job (KB)
...
006 (31980884.245.000) 03/28 22:14:33 Image size of job updated: 210
	210  -  MemoryUsage of job (MB)
	215432  -  ResidentSetSize of job (KB)
...
006 (31980884.245.000) 03/28 22:16:35 Image size of job updated: 211
	211  -  MemoryUsage of job (MB)
	217044  -  ResidentSetSize of job (KB)
...
006 (31980884.245.000) 03/28 22:17:35 Image size of job updated: 211
	211  -  MemoryUsage of job (MB)
	217068  -  ResidentSetSize of job (KB)
...
005 (31980884.245.000) 03/28 22:18:13 Job terminated.
	(1) Normal termination (return value 0)
		Usr 0 00:11:50, Sys 0 00:00:35  -  Run Remote Usage
		Usr 0 00:00:00, Sys 0 00:00:00  -  Run Local Usage
		Usr 0 00:11:50, Sys 0 00:00:35  -  Total Remote Usage
		Usr 0 00:00:00, Sys 0 00:00:00  -  Total Local Usage
	180445  -  Run Bytes Sent By Job
	2250925  -  Run Bytes Received By Job
	180445  -  Total Bytes Sent By Job
	2250925  -  Total Bytes Received By Job
	Partitionable Resources :    Usage  Request Allocated 
	   Cpus                 :        0        1         1 
	   Disk (KB)            :     5311     2250   1635618 
	   Memory (MB)          :      211     2000      2000 
...
