000 (31980884.437.000) 03/28 21:58:25 Job submitted from host: <131.225.188.57:9618?addrs=131.225.188.57-9618&noUDP&sock=18092_2f86_3>
...
001 (31980884.437.000) 03/28 22:00:55 Job executing on host: <131.225.205.192:9618?addrs=131.225.205.192-9618&noUDP&sock=1455_9663_3>
...
006 (31980884.437.000) 03/28 22:02:05 Image size of job updated: 81
	81  -  MemoryUsage of job (MB)
	83928  -  ResidentSetSize of job (KB)
...
006 (31980884.437.000) 03/28 22:03:05 Image size of job updated: 148
	148  -  MemoryUsage of job (MB)
	152112  -  ResidentSetSize of job (KB)
...
006 (31980884.437.000) 03/28 22:05:06 Image size of job updated: 169
	169  -  MemoryUsage of job (MB)
	173760  -  ResidentSetSize of job (KB)
...
006 (31980884.437.000) 03/28 22:06:07 Image size of job updated: 172
	172  -  MemoryUsage of job (MB)
	176628  -  ResidentSetSize of job (KB)
...
006 (31980884.437.000) 03/28 22:07:07 Image size of job updated: 174
	174  -  MemoryUsage of job (MB)
	178740  -  ResidentSetSize of job (KB)
...
006 (31980884.437.000) 03/28 22:08:07 Image size of job updated: 187
	187  -  MemoryUsage of job (MB)
	191808  -  ResidentSetSize of job (KB)
...
006 (31980884.437.000) 03/28 22:09:08 Image size of job updated: 187
	187  -  MemoryUsage of job (MB)
	192004  -  ResidentSetSize of job (KB)
...
006 (31980884.437.000) 03/28 22:10:09 Image size of job updated: 187
	187  -  MemoryUsage of job (MB)
	192196  -  ResidentSetSize of job (KB)
...
006 (31980884.437.000) 03/28 22:11:09 Image size of job updated: 206
	206  -  MemoryUsage of job (MB)
	211108  -  ResidentSetSize of job (KB)
...
006 (31980884.437.000) 03/28 22:12:09 Image size of job updated: 206
	206  -  MemoryUsage of job (MB)
	211344  -  ResidentSetSize of job (KB)
...
006 (31980884.437.000) 03/28 22:13:10 Image size of job updated: 206
	206  -  MemoryUsage of job (MB)
	211564  -  ResidentSetSize of job (KB)
...
006 (31980884.437.000) 03/28 22:14:11 Image size of job updated: 206
	206  -  MemoryUsage of job (MB)
	211656  -  ResidentSetSize of job (KB)
...
006 (31980884.437.000) 03/28 22:15:11 Image size of job updated: 208
	208  -  MemoryUsage of job (MB)
	213888  -  ResidentSetSize of job (KB)
...
006 (31980884.437.000) 03/28 22:16:11 Image size of job updated: 208
	208  -  MemoryUsage of job (MB)
	213912  -  ResidentSetSize of job (KB)
...
006 (31980884.437.000) 03/28 22:17:11 Image size of job updated: 208
	208  -  MemoryUsage of job (MB)
	213916  -  ResidentSetSize of job (KB)
...
005 (31980884.437.000) 03/28 22:17:34 Job terminated.
	(1) Normal termination (return value 0)
		Usr 0 00:11:51, Sys 0 00:00:34  -  Run Remote Usage
		Usr 0 00:00:00, Sys 0 00:00:00  -  Run Local Usage
		Usr 0 00:11:51, Sys 0 00:00:34  -  Total Remote Usage
		Usr 0 00:00:00, Sys 0 00:00:00  -  Total Local Usage
	180873  -  Run Bytes Sent By Job
	2250925  -  Run Bytes Received By Job
	180873  -  Total Bytes Sent By Job
	2250925  -  Total Bytes Received By Job
	Partitionable Resources :    Usage  Request Allocated 
	   Cpus                 :        0        1         1 
	   Disk (KB)            :     5312     2250   1642523 
	   Memory (MB)          :      208     2000      2000 
...
