000 (31980884.384.000) 03/28 21:58:25 Job submitted from host: <131.225.188.57:9618?addrs=131.225.188.57-9618&noUDP&sock=18092_2f86_3>
...
001 (31980884.384.000) 03/28 22:00:43 Job executing on host: <131.225.188.105:9618?addrs=131.225.188.105-9618&noUDP&sock=1920_89ed_3>
...
006 (31980884.384.000) 03/28 22:01:53 Image size of job updated: 164
	164  -  MemoryUsage of job (MB)
	168636  -  ResidentSetSize of job (KB)
...
006 (31980884.384.000) 03/28 22:02:54 Image size of job updated: 188
	188  -  MemoryUsage of job (MB)
	192972  -  ResidentSetSize of job (KB)
...
006 (31980884.384.000) 03/28 22:03:45 Image size of job updated: 202
	202  -  MemoryUsage of job (MB)
	207400  -  ResidentSetSize of job (KB)
...
005 (31980884.384.000) 03/28 22:03:46 Job terminated.
	(1) Normal termination (return value 0)
		Usr 0 00:02:06, Sys 0 00:00:08  -  Run Remote Usage
		Usr 0 00:00:00, Sys 0 00:00:00  -  Run Local Usage
		Usr 0 00:02:06, Sys 0 00:00:08  -  Total Remote Usage
		Usr 0 00:00:00, Sys 0 00:00:00  -  Total Local Usage
	167748  -  Run Bytes Sent By Job
	2250925  -  Run Bytes Received By Job
	167748  -  Total Bytes Sent By Job
	2250925  -  Total Bytes Received By Job
	Partitionable Resources :    Usage  Request Allocated 
	   Cpus                 :        0        1         1 
	   Disk (KB)            :     5299     2250   1644053 
	   Memory (MB)          :      202     2000      2000 
...
