000 (31980884.260.000) 03/28 21:58:24 Job submitted from host: <131.225.188.57:9618?addrs=131.225.188.57-9618&noUDP&sock=18092_2f86_3>
...
001 (31980884.260.000) 03/28 22:00:24 Job executing on host: <131.225.205.205:9618?addrs=131.225.205.205-9618&noUDP&sock=1480_bc41_3>
...
006 (31980884.260.000) 03/28 22:00:32 Image size of job updated: 18
	18  -  MemoryUsage of job (MB)
	18444  -  ResidentSetSize of job (KB)
...
006 (31980884.260.000) 03/28 22:01:32 Image size of job updated: 40
	40  -  MemoryUsage of job (MB)
	41832  -  ResidentSetSize of job (KB)
...
006 (31980884.260.000) 03/28 22:02:33 Image size of job updated: 133
	133  -  MemoryUsage of job (MB)
	137184  -  ResidentSetSize of job (KB)
...
006 (31980884.260.000) 03/28 22:03:33 Image size of job updated: 169
	169  -  MemoryUsage of job (MB)
	173876  -  ResidentSetSize of job (KB)
...
006 (31980884.260.000) 03/28 22:04:33 Image size of job updated: 172
	172  -  MemoryUsage of job (MB)
	177056  -  ResidentSetSize of job (KB)
...
006 (31980884.260.000) 03/28 22:05:33 Image size of job updated: 186
	186  -  MemoryUsage of job (MB)
	191320  -  ResidentSetSize of job (KB)
...
006 (31980884.260.000) 03/28 22:06:34 Image size of job updated: 187
	187  -  MemoryUsage of job (MB)
	191536  -  ResidentSetSize of job (KB)
...
006 (31980884.260.000) 03/28 22:07:35 Image size of job updated: 188
	188  -  MemoryUsage of job (MB)
	192744  -  ResidentSetSize of job (KB)
...
006 (31980884.260.000) 03/28 22:08:36 Image size of job updated: 199
	199  -  MemoryUsage of job (MB)
	203788  -  ResidentSetSize of job (KB)
...
006 (31980884.260.000) 03/28 22:09:36 Image size of job updated: 209
	209  -  MemoryUsage of job (MB)
	214980  -  ResidentSetSize of job (KB)
...
006 (31980884.260.000) 03/28 22:10:36 Image size of job updated: 210
	210  -  MemoryUsage of job (MB)
	215224  -  ResidentSetSize of job (KB)
...
006 (31980884.260.000) 03/28 22:11:36 Image size of job updated: 210
	210  -  MemoryUsage of job (MB)
	215396  -  ResidentSetSize of job (KB)
...
006 (31980884.260.000) 03/28 22:12:37 Image size of job updated: 212
	212  -  MemoryUsage of job (MB)
	217636  -  ResidentSetSize of job (KB)
...
006 (31980884.260.000) 03/28 22:13:39 Image size of job updated: 212
	212  -  MemoryUsage of job (MB)
	217660  -  ResidentSetSize of job (KB)
...
005 (31980884.260.000) 03/28 22:14:25 Job terminated.
	(1) Normal termination (return value 0)
		Usr 0 00:10:56, Sys 0 00:00:28  -  Run Remote Usage
		Usr 0 00:00:00, Sys 0 00:00:00  -  Run Local Usage
		Usr 0 00:10:56, Sys 0 00:00:28  -  Total Remote Usage
		Usr 0 00:00:00, Sys 0 00:00:00  -  Total Local Usage
	174505  -  Run Bytes Sent By Job
	2250925  -  Run Bytes Received By Job
	174505  -  Total Bytes Sent By Job
	2250925  -  Total Bytes Received By Job
	Partitionable Resources :    Usage  Request Allocated 
	   Cpus                 :     0.00        1         1 
	   Disk (KB)            :  5305        2250   1686832 
	   Memory (MB)          :   212        2000      2000 
...
