000 (31980884.178.000) 03/28 21:58:24 Job submitted from host: <131.225.188.57:9618?addrs=131.225.188.57-9618&noUDP&sock=18092_2f86_3>
...
001 (31980884.178.000) 03/28 22:00:02 Job executing on host: <131.225.205.164:9618?addrs=131.225.205.164-9618&noUDP&sock=1462_638d_3>
...
006 (31980884.178.000) 03/28 22:01:12 Image size of job updated: 40
	40  -  MemoryUsage of job (MB)
	41340  -  ResidentSetSize of job (KB)
...
006 (31980884.178.000) 03/28 22:02:13 Image size of job updated: 164
	164  -  MemoryUsage of job (MB)
	168248  -  ResidentSetSize of job (KB)
...
006 (31980884.178.000) 03/28 22:03:15 Image size of job updated: 168
	168  -  MemoryUsage of job (MB)
	172164  -  ResidentSetSize of job (KB)
...
006 (31980884.178.000) 03/28 22:04:15 Image size of job updated: 193
	193  -  MemoryUsage of job (MB)
	197644  -  ResidentSetSize of job (KB)
...
006 (31980884.178.000) 03/28 22:04:44 Image size of job updated: 205
	205  -  MemoryUsage of job (MB)
	210684  -  ResidentSetSize of job (KB)
...
005 (31980884.178.000) 03/28 22:04:45 Job terminated.
	(1) Normal termination (return value 0)
		Usr 0 00:02:48, Sys 0 00:00:09  -  Run Remote Usage
		Usr 0 00:00:00, Sys 0 00:00:00  -  Run Local Usage
		Usr 0 00:02:48, Sys 0 00:00:09  -  Total Remote Usage
		Usr 0 00:00:00, Sys 0 00:00:00  -  Total Local Usage
	167354  -  Run Bytes Sent By Job
	2250925  -  Run Bytes Received By Job
	167354  -  Total Bytes Sent By Job
	2250925  -  Total Bytes Received By Job
	Partitionable Resources :    Usage  Request Allocated 
	   Cpus                 :        0        1         1 
	   Disk (KB)            :     5298     2250   1640462 
	   Memory (MB)          :      205     2000      2000 
...
