000 (31980884.438.000) 03/28 21:58:25 Job submitted from host: <131.225.188.57:9618?addrs=131.225.188.57-9618&noUDP&sock=18092_2f86_3>
...
001 (31980884.438.000) 03/28 22:00:55 Job executing on host: <131.225.189.73:9618?addrs=131.225.189.73-9618&noUDP&sock=1447_19a1_3>
...
006 (31980884.438.000) 03/28 22:03:06 Image size of job updated: 148
	148  -  MemoryUsage of job (MB)
	152112  -  ResidentSetSize of job (KB)
...
006 (31980884.438.000) 03/28 22:06:07 Image size of job updated: 169
	169  -  MemoryUsage of job (MB)
	174000  -  ResidentSetSize of job (KB)
...
006 (31980884.438.000) 03/28 22:07:08 Image size of job updated: 172
	172  -  MemoryUsage of job (MB)
	176200  -  ResidentSetSize of job (KB)
...
006 (31980884.438.000) 03/28 22:08:08 Image size of job updated: 174
	174  -  MemoryUsage of job (MB)
	178720  -  ResidentSetSize of job (KB)
...
006 (31980884.438.000) 03/28 22:09:08 Image size of job updated: 187
	187  -  MemoryUsage of job (MB)
	192332  -  ResidentSetSize of job (KB)
...
006 (31980884.438.000) 03/28 22:10:09 Image size of job updated: 188
	188  -  MemoryUsage of job (MB)
	192536  -  ResidentSetSize of job (KB)
...
006 (31980884.438.000) 03/28 22:11:10 Image size of job updated: 188
	188  -  MemoryUsage of job (MB)
	192708  -  ResidentSetSize of job (KB)
...
006 (31980884.438.000) 03/28 22:12:10 Image size of job updated: 188
	188  -  MemoryUsage of job (MB)
	192876  -  ResidentSetSize of job (KB)
...
006 (31980884.438.000) 03/28 22:13:10 Image size of job updated: 210
	210  -  MemoryUsage of job (MB)
	215360  -  ResidentSetSize of job (KB)
...
006 (31980884.438.000) 03/28 22:14:10 Image size of job updated: 210
	210  -  MemoryUsage of job (MB)
	215532  -  ResidentSetSize of job (KB)
...
006 (31980884.438.000) 03/28 22:15:11 Image size of job updated: 210
	210  -  MemoryUsage of job (MB)
	215740  -  ResidentSetSize of job (KB)
...
006 (31980884.438.000) 03/28 22:16:12 Image size of job updated: 210
	210  -  MemoryUsage of job (MB)
	215760  -  ResidentSetSize of job (KB)
...
006 (31980884.438.000) 03/28 22:17:13 Image size of job updated: 212
	212  -  MemoryUsage of job (MB)
	217996  -  ResidentSetSize of job (KB)
...
006 (31980884.438.000) 03/28 22:18:13 Image size of job updated: 212
	212  -  MemoryUsage of job (MB)
	218024  -  ResidentSetSize of job (KB)
...
005 (31980884.438.000) 03/28 22:18:54 Job terminated.
	(1) Normal termination (return value 0)
		Usr 0 00:10:31, Sys 0 00:00:37  -  Run Remote Usage
		Usr 0 00:00:00, Sys 0 00:00:00  -  Run Local Usage
		Usr 0 00:10:31, Sys 0 00:00:37  -  Total Remote Usage
		Usr 0 00:00:00, Sys 0 00:00:00  -  Total Local Usage
	186564  -  Run Bytes Sent By Job
	2250925  -  Run Bytes Received By Job
	186564  -  Total Bytes Sent By Job
	2250925  -  Total Bytes Received By Job
	Partitionable Resources :    Usage  Request Allocated 
	   Cpus                 :        0        1         1 
	   Disk (KB)            :     5317     2250    788736 
	   Memory (MB)          :      212     2000      2000 
...
