000 (31980884.367.000) 03/28 21:58:25 Job submitted from host: <131.225.188.57:9618?addrs=131.225.188.57-9618&noUDP&sock=18092_2f86_3>
...
001 (31980884.367.000) 03/28 22:00:40 Job executing on host: <131.225.205.170:9618?addrs=131.225.205.170-9618&noUDP&sock=1454_e6cb_3>
...
006 (31980884.367.000) 03/28 22:00:49 Image size of job updated: 21
	21  -  MemoryUsage of job (MB)
	21656  -  ResidentSetSize of job (KB)
...
006 (31980884.367.000) 03/28 22:01:49 Image size of job updated: 148
	148  -  MemoryUsage of job (MB)
	152116  -  ResidentSetSize of job (KB)
...
006 (31980884.367.000) 03/28 22:03:49 Image size of job updated: 169
	169  -  MemoryUsage of job (MB)
	173648  -  ResidentSetSize of job (KB)
...
006 (31980884.367.000) 03/28 22:04:50 Image size of job updated: 172
	172  -  MemoryUsage of job (MB)
	176920  -  ResidentSetSize of job (KB)
...
006 (31980884.367.000) 03/28 22:05:51 Image size of job updated: 187
	187  -  MemoryUsage of job (MB)
	191660  -  ResidentSetSize of job (KB)
...
006 (31980884.367.000) 03/28 22:06:51 Image size of job updated: 187
	187  -  MemoryUsage of job (MB)
	191884  -  ResidentSetSize of job (KB)
...
006 (31980884.367.000) 03/28 22:07:51 Image size of job updated: 187
	187  -  MemoryUsage of job (MB)
	192084  -  ResidentSetSize of job (KB)
...
006 (31980884.367.000) 03/28 22:08:51 Image size of job updated: 187
	187  -  MemoryUsage of job (MB)
	192224  -  ResidentSetSize of job (KB)
...
006 (31980884.367.000) 03/28 22:09:52 Image size of job updated: 206
	206  -  MemoryUsage of job (MB)
	211336  -  ResidentSetSize of job (KB)
...
006 (31980884.367.000) 03/28 22:10:53 Image size of job updated: 206
	206  -  MemoryUsage of job (MB)
	211600  -  ResidentSetSize of job (KB)
...
006 (31980884.367.000) 03/28 22:11:54 Image size of job updated: 206
	206  -  MemoryUsage of job (MB)
	211796  -  ResidentSetSize of job (KB)
...
006 (31980884.367.000) 03/28 22:12:54 Image size of job updated: 206
	206  -  MemoryUsage of job (MB)
	211800  -  ResidentSetSize of job (KB)
...
006 (31980884.367.000) 03/28 22:13:54 Image size of job updated: 212
	212  -  MemoryUsage of job (MB)
	217112  -  ResidentSetSize of job (KB)
...
005 (31980884.367.000) 03/28 22:14:51 Job terminated.
	(1) Normal termination (return value 0)
		Usr 0 00:10:02, Sys 0 00:00:30  -  Run Remote Usage
		Usr 0 00:00:00, Sys 0 00:00:00  -  Run Local Usage
		Usr 0 00:10:02, Sys 0 00:00:30  -  Total Remote Usage
		Usr 0 00:00:00, Sys 0 00:00:00  -  Total Local Usage
	177749  -  Run Bytes Sent By Job
	2250925  -  Run Bytes Received By Job
	177749  -  Total Bytes Sent By Job
	2250925  -  Total Bytes Received By Job
	Partitionable Resources :    Usage  Request Allocated 
	   Cpus                 :        0        1         1 
	   Disk (KB)            :     5308     2250   1640825 
	   Memory (MB)          :      212     2000      2000 
...
