000 (31980884.075.000) 03/28 21:58:24 Job submitted from host: <131.225.188.57:9618?addrs=131.225.188.57-9618&noUDP&sock=18092_2f86_3>
...
001 (31980884.075.000) 03/28 21:59:41 Job executing on host: <131.225.191.79:9618?addrs=131.225.191.79-9618&noUDP&sock=1460_045c_3>
...
006 (31980884.075.000) 03/28 21:59:51 Image size of job updated: 14
	14  -  MemoryUsage of job (MB)
	15252  -  ResidentSetSize of job (KB)
...
006 (31980884.075.000) 03/28 22:00:50 Image size of job updated: 73
	73  -  MemoryUsage of job (MB)
	74752  -  ResidentSetSize of job (KB)
...
006 (31980884.075.000) 03/28 22:01:51 Image size of job updated: 167
	167  -  MemoryUsage of job (MB)
	171292  -  ResidentSetSize of job (KB)
...
006 (31980884.075.000) 03/28 22:02:52 Image size of job updated: 191
	191  -  MemoryUsage of job (MB)
	195856  -  ResidentSetSize of job (KB)
...
005 (31980884.075.000) 03/28 22:03:45 Job terminated.
	(1) Normal termination (return value 0)
		Usr 0 00:02:07, Sys 0 00:00:11  -  Run Remote Usage
		Usr 0 00:00:00, Sys 0 00:00:00  -  Run Local Usage
		Usr 0 00:02:07, Sys 0 00:00:11  -  Total Remote Usage
		Usr 0 00:00:00, Sys 0 00:00:00  -  Total Local Usage
	168198  -  Run Bytes Sent By Job
	2250925  -  Run Bytes Received By Job
	168198  -  Total Bytes Sent By Job
	2250925  -  Total Bytes Received By Job
	Partitionable Resources :    Usage  Request Allocated 
	   Cpus                 :     0.00        1         1 
	   Disk (KB)            :  5300        2250    774510 
	   Memory (MB)          :   191        2000      2000 
...
