000 (31980884.050.000) 03/28 21:58:24 Job submitted from host: <131.225.188.57:9618?addrs=131.225.188.57-9618&noUDP&sock=18092_2f86_3>
...
001 (31980884.050.000) 03/28 21:59:37 Job executing on host: <131.225.191.165:9618?addrs=131.225.191.165-9618&noUDP&sock=1450_286a_3>
...
006 (31980884.050.000) 03/28 21:59:49 Image size of job updated: 14
	14  -  MemoryUsage of job (MB)
	15252  -  ResidentSetSize of job (KB)
...
006 (31980884.050.000) 03/28 22:00:47 Image size of job updated: 86
	86  -  MemoryUsage of job (MB)
	88324  -  ResidentSetSize of job (KB)
...
006 (31980884.050.000) 03/28 22:01:48 Image size of job updated: 166
	166  -  MemoryUsage of job (MB)
	170036  -  ResidentSetSize of job (KB)
...
006 (31980884.050.000) 03/28 22:02:48 Image size of job updated: 192
	192  -  MemoryUsage of job (MB)
	196836  -  ResidentSetSize of job (KB)
...
006 (31980884.050.000) 03/28 22:03:49 Image size of job updated: 205
	205  -  MemoryUsage of job (MB)
	210664  -  ResidentSetSize of job (KB)
...
005 (31980884.050.000) 03/28 22:04:12 Job terminated.
	(1) Normal termination (return value 0)
		Usr 0 00:02:46, Sys 0 00:00:09  -  Run Remote Usage
		Usr 0 00:00:00, Sys 0 00:00:00  -  Run Local Usage
		Usr 0 00:02:46, Sys 0 00:00:09  -  Total Remote Usage
		Usr 0 00:00:00, Sys 0 00:00:00  -  Total Local Usage
	167500  -  Run Bytes Sent By Job
	2250925  -  Run Bytes Received By Job
	167500  -  Total Bytes Sent By Job
	2250925  -  Total Bytes Received By Job
	Partitionable Resources :    Usage  Request Allocated 
	   Cpus                 :        0        1         1 
	   Disk (KB)            :     5300     2250    770826 
	   Memory (MB)          :      205     2000      2000 
...
