000 (31980884.106.000) 03/28 21:58:24 Job submitted from host: <131.225.188.57:9618?addrs=131.225.188.57-9618&noUDP&sock=18092_2f86_3>
...
001 (31980884.106.000) 03/28 21:59:49 Job executing on host: <131.225.191.222:9618?addrs=131.225.191.222-9618&noUDP&sock=1433_7f4e_3>
...
006 (31980884.106.000) 03/28 22:00:59 Image size of job updated: 74
	74  -  MemoryUsage of job (MB)
	76228  -  ResidentSetSize of job (KB)
...
006 (31980884.106.000) 03/28 22:04:01 Image size of job updated: 164
	164  -  MemoryUsage of job (MB)
	168912  -  ResidentSetSize of job (KB)
...
006 (31980884.106.000) 03/28 22:05:01 Image size of job updated: 190
	190  -  MemoryUsage of job (MB)
	194956  -  ResidentSetSize of job (KB)
...
006 (31980884.106.000) 03/28 22:06:02 Image size of job updated: 205
	205  -  MemoryUsage of job (MB)
	210128  -  ResidentSetSize of job (KB)
...
005 (31980884.106.000) 03/28 22:06:09 Job terminated.
	(1) Normal termination (return value 0)
		Usr 0 00:02:39, Sys 0 00:00:11  -  Run Remote Usage
		Usr 0 00:00:00, Sys 0 00:00:00  -  Run Local Usage
		Usr 0 00:02:39, Sys 0 00:00:11  -  Total Remote Usage
		Usr 0 00:00:00, Sys 0 00:00:00  -  Total Local Usage
	168981  -  Run Bytes Sent By Job
	2250925  -  Run Bytes Received By Job
	168981  -  Total Bytes Sent By Job
	2250925  -  Total Bytes Received By Job
	Partitionable Resources :    Usage  Request Allocated 
	   Cpus                 :     0.39        1         1 
	   Disk (KB)            :  5300        2250    765655 
	   Memory (MB)          :   205        2000      2000 
...
