000 (31980884.449.000) 03/28 21:58:25 Job submitted from host: <131.225.188.57:9618?addrs=131.225.188.57-9618&noUDP&sock=18092_2f86_3>
...
001 (31980884.449.000) 03/28 22:00:57 Job executing on host: <131.225.205.183:9618?addrs=131.225.205.183-9618&noUDP&sock=1456_45fb_3>
...
006 (31980884.449.000) 03/28 22:01:06 Image size of job updated: 21
	21  -  MemoryUsage of job (MB)
	22320  -  ResidentSetSize of job (KB)
...
006 (31980884.449.000) 03/28 22:02:07 Image size of job updated: 146
	146  -  MemoryUsage of job (MB)
	150088  -  ResidentSetSize of job (KB)
...
006 (31980884.449.000) 03/28 22:04:07 Image size of job updated: 177
	177  -  MemoryUsage of job (MB)
	181784  -  ResidentSetSize of job (KB)
...
006 (31980884.449.000) 03/28 22:05:07 Image size of job updated: 180
	180  -  MemoryUsage of job (MB)
	184772  -  ResidentSetSize of job (KB)
...
006 (31980884.449.000) 03/28 22:06:08 Image size of job updated: 187
	187  -  MemoryUsage of job (MB)
	192256  -  ResidentSetSize of job (KB)
...
006 (31980884.449.000) 03/28 22:07:09 Image size of job updated: 187
	187  -  MemoryUsage of job (MB)
	192472  -  ResidentSetSize of job (KB)
...
006 (31980884.449.000) 03/28 22:08:10 Image size of job updated: 188
	188  -  MemoryUsage of job (MB)
	192676  -  ResidentSetSize of job (KB)
...
006 (31980884.449.000) 03/28 22:09:10 Image size of job updated: 188
	188  -  MemoryUsage of job (MB)
	192824  -  ResidentSetSize of job (KB)
...
006 (31980884.449.000) 03/28 22:10:10 Image size of job updated: 208
	208  -  MemoryUsage of job (MB)
	213728  -  ResidentSetSize of job (KB)
...
006 (31980884.449.000) 03/28 22:11:10 Image size of job updated: 208
	208  -  MemoryUsage of job (MB)
	213980  -  ResidentSetSize of job (KB)
...
006 (31980884.449.000) 03/28 22:12:11 Image size of job updated: 209
	209  -  MemoryUsage of job (MB)
	214168  -  ResidentSetSize of job (KB)
...
006 (31980884.449.000) 03/28 22:13:13 Image size of job updated: 212
	212  -  MemoryUsage of job (MB)
	218040  -  ResidentSetSize of job (KB)
...
006 (31980884.449.000) 03/28 22:14:13 Image size of job updated: 212
	212  -  MemoryUsage of job (MB)
	218068  -  ResidentSetSize of job (KB)
...
005 (31980884.449.000) 03/28 22:15:28 Job terminated.
	(1) Normal termination (return value 0)
		Usr 0 00:11:17, Sys 0 00:00:33  -  Run Remote Usage
		Usr 0 00:00:00, Sys 0 00:00:00  -  Run Local Usage
		Usr 0 00:11:17, Sys 0 00:00:33  -  Total Remote Usage
		Usr 0 00:00:00, Sys 0 00:00:00  -  Total Local Usage
	178348  -  Run Bytes Sent By Job
	2250925  -  Run Bytes Received By Job
	178348  -  Total Bytes Sent By Job
	2250925  -  Total Bytes Received By Job
	Partitionable Resources :    Usage  Request Allocated 
	   Cpus                 :        0        1         1 
	   Disk (KB)            :     5309     2250   1634191 
	   Memory (MB)          :      212     2000      2000 
...
