000 (31980884.276.000) 03/28 21:58:24 Job submitted from host: <131.225.188.57:9618?addrs=131.225.188.57-9618&noUDP&sock=18092_2f86_3>
...
001 (31980884.276.000) 03/28 22:00:22 Job executing on host: <131.225.188.46:9618?addrs=131.225.188.46-9618&noUDP&sock=1933_74a8_3>
...
006 (31980884.276.000) 03/28 22:01:31 Image size of job updated: 28
	28  -  MemoryUsage of job (MB)
	28856  -  ResidentSetSize of job (KB)
...
006 (31980884.276.000) 03/28 22:02:31 Image size of job updated: 86
	86  -  MemoryUsage of job (MB)
	88312  -  ResidentSetSize of job (KB)
...
006 (31980884.276.000) 03/28 22:03:31 Image size of job updated: 167
	167  -  MemoryUsage of job (MB)
	171956  -  ResidentSetSize of job (KB)
...
006 (31980884.276.000) 03/28 22:04:32 Image size of job updated: 202
	202  -  MemoryUsage of job (MB)
	207768  -  ResidentSetSize of job (KB)
...
005 (31980884.276.000) 03/28 22:04:37 Job terminated.
	(1) Normal termination (return value 0)
		Usr 0 00:02:10, Sys 0 00:00:08  -  Run Remote Usage
		Usr 0 00:00:00, Sys 0 00:00:00  -  Run Local Usage
		Usr 0 00:02:10, Sys 0 00:00:08  -  Total Remote Usage
		Usr 0 00:00:00, Sys 0 00:00:00  -  Total Local Usage
	167952  -  Run Bytes Sent By Job
	2250925  -  Run Bytes Received By Job
	167952  -  Total Bytes Sent By Job
	2250925  -  Total Bytes Received By Job
	Partitionable Resources :    Usage  Request Allocated 
	   Cpus                 :     0.01        1         1 
	   Disk (KB)            :  5300        2250   1650168 
	   Memory (MB)          :   202        2000      2000 
...
