000 (31980884.057.000) 03/28 21:58:24 Job submitted from host: <131.225.188.57:9618?addrs=131.225.188.57-9618&noUDP&sock=18092_2f86_3>
...
001 (31980884.057.000) 03/28 21:59:38 Job executing on host: <131.225.190.31:9618?addrs=131.225.190.31-9618&noUDP&sock=1441_fc0f_3>
...
006 (31980884.057.000) 03/28 21:59:47 Image size of job updated: 18
	18  -  MemoryUsage of job (MB)
	19212  -  ResidentSetSize of job (KB)
...
006 (31980884.057.000) 03/28 22:00:48 Image size of job updated: 73
	73  -  MemoryUsage of job (MB)
	74788  -  ResidentSetSize of job (KB)
...
006 (31980884.057.000) 03/28 22:01:47 Image size of job updated: 167
	167  -  MemoryUsage of job (MB)
	171396  -  ResidentSetSize of job (KB)
...
006 (31980884.057.000) 03/28 22:02:47 Image size of job updated: 190
	190  -  MemoryUsage of job (MB)
	194836  -  ResidentSetSize of job (KB)
...
005 (31980884.057.000) 03/28 22:03:33 Job terminated.
	(1) Normal termination (return value 0)
		Usr 0 00:02:46, Sys 0 00:00:10  -  Run Remote Usage
		Usr 0 00:00:00, Sys 0 00:00:00  -  Run Local Usage
		Usr 0 00:02:46, Sys 0 00:00:10  -  Total Remote Usage
		Usr 0 00:00:00, Sys 0 00:00:00  -  Total Local Usage
	167008  -  Run Bytes Sent By Job
	2250925  -  Run Bytes Received By Job
	167008  -  Total Bytes Sent By Job
	2250925  -  Total Bytes Received By Job
	Partitionable Resources :    Usage  Request Allocated 
	   Cpus                 :        0        1         1 
	   Disk (KB)            :     5299     2250    774379 
	   Memory (MB)          :        3     2000      2000 
...
