000 (31980884.335.000) 03/28 21:58:25 Job submitted from host: <131.225.188.57:9618?addrs=131.225.188.57-9618&noUDP&sock=18092_2f86_3>
...
001 (31980884.335.000) 03/28 22:00:34 Job executing on host: <131.225.190.66:9618?addrs=131.225.190.66-9618&noUDP&sock=1419_e4fa_3>
...
006 (31980884.335.000) 03/28 22:01:44 Image size of job updated: 27
	27  -  MemoryUsage of job (MB)
	27660  -  ResidentSetSize of job (KB)
...
006 (31980884.335.000) 03/28 22:02:45 Image size of job updated: 28
	28  -  MemoryUsage of job (MB)
	29160  -  ResidentSetSize of job (KB)
...
006 (31980884.335.000) 03/28 22:03:45 Image size of job updated: 111
	111  -  MemoryUsage of job (MB)
	113876  -  ResidentSetSize of job (KB)
...
006 (31980884.335.000) 03/28 22:04:45 Image size of job updated: 174
	174  -  MemoryUsage of job (MB)
	178840  -  ResidentSetSize of job (KB)
...
006 (31980884.335.000) 03/28 22:05:46 Image size of job updated: 192
	192  -  MemoryUsage of job (MB)
	197308  -  ResidentSetSize of job (KB)
...
005 (31980884.335.000) 03/28 22:06:13 Job terminated.
	(1) Normal termination (return value 0)
		Usr 0 00:01:57, Sys 0 00:00:10  -  Run Remote Usage
		Usr 0 00:00:00, Sys 0 00:00:00  -  Run Local Usage
		Usr 0 00:01:57, Sys 0 00:00:10  -  Total Remote Usage
		Usr 0 00:00:00, Sys 0 00:00:00  -  Total Local Usage
	167762  -  Run Bytes Sent By Job
	2250925  -  Run Bytes Received By Job
	167762  -  Total Bytes Sent By Job
	2250925  -  Total Bytes Received By Job
	Partitionable Resources :    Usage  Request Allocated 
	   Cpus                 :     0.04        1         1 
	   Disk (KB)            :  5299        2250    741687 
	   Memory (MB)          :   192        2000      2000 
...
