000 (31980884.159.000) 03/28 21:58:24 Job submitted from host: <131.225.188.57:9618?addrs=131.225.188.57-9618&noUDP&sock=18092_2f86_3>
...
001 (31980884.159.000) 03/28 22:00:04 Job executing on host: <131.225.190.15:9618?addrs=131.225.190.15-9618&noUDP&sock=1436_8e16_3>
...
006 (31980884.159.000) 03/28 22:01:12 Image size of job updated: 100
	100  -  MemoryUsage of job (MB)
	102992  -  ResidentSetSize of job (KB)
...
006 (31980884.159.000) 03/28 22:03:12 Image size of job updated: 166
	166  -  MemoryUsage of job (MB)
	170648  -  ResidentSetSize of job (KB)
...
006 (31980884.159.000) 03/28 22:04:12 Image size of job updated: 189
	189  -  MemoryUsage of job (MB)
	194196  -  ResidentSetSize of job (KB)
...
006 (31980884.159.000) 03/28 22:05:13 Image size of job updated: 202
	202  -  MemoryUsage of job (MB)
	207460  -  ResidentSetSize of job (KB)
...
005 (31980884.159.000) 03/28 22:05:16 Job terminated.
	(1) Normal termination (return value 0)
		Usr 0 00:02:43, Sys 0 00:00:10  -  Run Remote Usage
		Usr 0 00:00:00, Sys 0 00:00:00  -  Run Local Usage
		Usr 0 00:02:43, Sys 0 00:00:10  -  Total Remote Usage
		Usr 0 00:00:00, Sys 0 00:00:00  -  Total Local Usage
	170414  -  Run Bytes Sent By Job
	2250925  -  Run Bytes Received By Job
	170414  -  Total Bytes Sent By Job
	2250925  -  Total Bytes Received By Job
	Partitionable Resources :    Usage  Request Allocated 
	   Cpus                 :        0        1         1 
	   Disk (KB)            :     5302     2250    763643 
	   Memory (MB)          :      202     2000      2000 
...
