000 (31980884.049.000) 03/28 21:58:24 Job submitted from host: <131.225.188.57:9618?addrs=131.225.188.57-9618&noUDP&sock=18092_2f86_3>
...
001 (31980884.049.000) 03/28 21:59:36 Job executing on host: <131.225.191.253:9618?addrs=131.225.191.253-9618&noUDP&sock=1438_ed47_3>
...
006 (31980884.049.000) 03/28 21:59:45 Image size of job updated: 18
	18  -  MemoryUsage of job (MB)
	19208  -  ResidentSetSize of job (KB)
...
006 (31980884.049.000) 03/28 22:00:46 Image size of job updated: 26
	26  -  MemoryUsage of job (MB)
	26816  -  ResidentSetSize of job (KB)
...
006 (31980884.049.000) 03/28 22:01:46 Image size of job updated: 27
	27  -  MemoryUsage of job (MB)
	27816  -  ResidentSetSize of job (KB)
...
006 (31980884.049.000) 03/28 22:02:46 Image size of job updated: 29
	29  -  MemoryUsage of job (MB)
	30708  -  ResidentSetSize of job (KB)
...
006 (31980884.049.000) 03/28 22:03:46 Image size of job updated: 48
	48  -  MemoryUsage of job (MB)
	49932  -  ResidentSetSize of job (KB)
...
006 (31980884.049.000) 03/28 22:04:47 Image size of job updated: 166
	166  -  MemoryUsage of job (MB)
	170060  -  ResidentSetSize of job (KB)
...
006 (31980884.049.000) 03/28 22:05:48 Image size of job updated: 190
	190  -  MemoryUsage of job (MB)
	194756  -  ResidentSetSize of job (KB)
...
006 (31980884.049.000) 03/28 22:06:48 Image size of job updated: 203
	203  -  MemoryUsage of job (MB)
	208476  -  ResidentSetSize of job (KB)
...
005 (31980884.049.000) 03/28 22:06:49 Job terminated.
	(1) Normal termination (return value 0)
		Usr 0 00:02:33, Sys 0 00:00:10  -  Run Remote Usage
		Usr 0 00:00:00, Sys 0 00:00:00  -  Run Local Usage
		Usr 0 00:02:33, Sys 0 00:00:10  -  Total Remote Usage
		Usr 0 00:00:00, Sys 0 00:00:00  -  Total Local Usage
	167800  -  Run Bytes Sent By Job
	2250925  -  Run Bytes Received By Job
	167800  -  Total Bytes Sent By Job
	2250925  -  Total Bytes Received By Job
	Partitionable Resources :    Usage  Request Allocated 
	   Cpus                 :        0        1         1 
	   Disk (KB)            :     5300     2250    764005 
	   Memory (MB)          :      203     2000      2000 
...
