000 (31980884.098.000) 03/28 21:58:24 Job submitted from host: <131.225.188.57:9618?addrs=131.225.188.57-9618&noUDP&sock=18092_2f86_3>
...
001 (31980884.098.000) 03/28 21:59:49 Job executing on host: <131.225.191.79:9618?addrs=131.225.191.79-9618&noUDP&sock=1460_045c_3>
...
006 (31980884.098.000) 03/28 22:00:57 Image size of job updated: 30
	30  -  MemoryUsage of job (MB)
	31476  -  ResidentSetSize of job (KB)
...
006 (31980884.098.000) 03/28 22:01:59 Image size of job updated: 165
	165  -  MemoryUsage of job (MB)
	169968  -  ResidentSetSize of job (KB)
...
006 (31980884.098.000) 03/28 22:02:59 Image size of job updated: 188
	188  -  MemoryUsage of job (MB)
	193496  -  ResidentSetSize of job (KB)
...
006 (31980884.098.000) 03/28 22:03:59 Image size of job updated: 202
	202  -  MemoryUsage of job (MB)
	207456  -  ResidentSetSize of job (KB)
...
005 (31980884.098.000) 03/28 22:04:00 Job terminated.
	(1) Normal termination (return value 0)
		Usr 0 00:02:30, Sys 0 00:00:10  -  Run Remote Usage
		Usr 0 00:00:00, Sys 0 00:00:00  -  Run Local Usage
		Usr 0 00:02:30, Sys 0 00:00:10  -  Total Remote Usage
		Usr 0 00:00:00, Sys 0 00:00:00  -  Total Local Usage
	169354  -  Run Bytes Sent By Job
	2250925  -  Run Bytes Received By Job
	169354  -  Total Bytes Sent By Job
	2250925  -  Total Bytes Received By Job
	Partitionable Resources :    Usage  Request Allocated 
	   Cpus                 :        0        1         1 
	   Disk (KB)            :     5301     2250    774510 
	   Memory (MB)          :      202     2000      2000 
...
