000 (31980884.392.000) 03/28 21:58:25 Job submitted from host: <131.225.188.57:9618?addrs=131.225.188.57-9618&noUDP&sock=18092_2f86_3>
...
001 (31980884.392.000) 03/28 22:00:46 Job executing on host: <131.225.191.254:9618?addrs=131.225.191.254-9618&noUDP&sock=1431_201d_3>
...
006 (31980884.392.000) 03/28 22:01:58 Image size of job updated: 132
	132  -  MemoryUsage of job (MB)
	135756  -  ResidentSetSize of job (KB)
...
006 (31980884.392.000) 03/28 22:03:59 Image size of job updated: 167
	167  -  MemoryUsage of job (MB)
	171468  -  ResidentSetSize of job (KB)
...
006 (31980884.392.000) 03/28 22:04:59 Image size of job updated: 169
	169  -  MemoryUsage of job (MB)
	173776  -  ResidentSetSize of job (KB)
...
006 (31980884.392.000) 03/28 22:05:59 Image size of job updated: 173
	173  -  MemoryUsage of job (MB)
	177304  -  ResidentSetSize of job (KB)
...
006 (31980884.392.000) 03/28 22:06:59 Image size of job updated: 186
	186  -  MemoryUsage of job (MB)
	190900  -  ResidentSetSize of job (KB)
...
006 (31980884.392.000) 03/28 22:08:00 Image size of job updated: 186
	186  -  MemoryUsage of job (MB)
	191108  -  ResidentSetSize of job (KB)
...
006 (31980884.392.000) 03/28 22:09:01 Image size of job updated: 186
	186  -  MemoryUsage of job (MB)
	191304  -  ResidentSetSize of job (KB)
...
006 (31980884.392.000) 03/28 22:10:02 Image size of job updated: 208
	208  -  MemoryUsage of job (MB)
	213664  -  ResidentSetSize of job (KB)
...
006 (31980884.392.000) 03/28 22:11:02 Image size of job updated: 209
	209  -  MemoryUsage of job (MB)
	214236  -  ResidentSetSize of job (KB)
...
006 (31980884.392.000) 03/28 22:12:02 Image size of job updated: 209
	209  -  MemoryUsage of job (MB)
	214452  -  ResidentSetSize of job (KB)
...
006 (31980884.392.000) 03/28 22:13:02 Image size of job updated: 209
	209  -  MemoryUsage of job (MB)
	214460  -  ResidentSetSize of job (KB)
...
006 (31980884.392.000) 03/28 22:14:03 Image size of job updated: 211
	211  -  MemoryUsage of job (MB)
	216388  -  ResidentSetSize of job (KB)
...
005 (31980884.392.000) 03/28 22:14:07 Job terminated.
	(1) Normal termination (return value 0)
		Usr 0 00:09:03, Sys 0 00:00:28  -  Run Remote Usage
		Usr 0 00:00:00, Sys 0 00:00:00  -  Run Local Usage
		Usr 0 00:09:03, Sys 0 00:00:28  -  Total Remote Usage
		Usr 0 00:00:00, Sys 0 00:00:00  -  Total Local Usage
	178937  -  Run Bytes Sent By Job
	2250925  -  Run Bytes Received By Job
	178937  -  Total Bytes Sent By Job
	2250925  -  Total Bytes Received By Job
	Partitionable Resources :    Usage  Request Allocated 
	   Cpus                 :        0        1         1 
	   Disk (KB)            :     5309     2250    775804 
	   Memory (MB)          :      211     2000      2000 
...
