000 (31980884.403.000) 03/28 21:58:25 Job submitted from host: <131.225.188.57:9618?addrs=131.225.188.57-9618&noUDP&sock=18092_2f86_3>
...
001 (31980884.403.000) 03/28 22:00:46 Job executing on host: <131.225.205.201:9618?addrs=131.225.205.201-9618&noUDP&sock=1478_5d11_3>
...
006 (31980884.403.000) 03/28 22:01:56 Image size of job updated: 72
	72  -  MemoryUsage of job (MB)
	73940  -  ResidentSetSize of job (KB)
...
006 (31980884.403.000) 03/28 22:02:57 Image size of job updated: 168
	168  -  MemoryUsage of job (MB)
	172916  -  ResidentSetSize of job (KB)
...
006 (31980884.403.000) 03/28 22:03:58 Image size of job updated: 172
	172  -  MemoryUsage of job (MB)
	176304  -  ResidentSetSize of job (KB)
...
006 (31980884.403.000) 03/28 22:04:59 Image size of job updated: 186
	186  -  MemoryUsage of job (MB)
	191024  -  ResidentSetSize of job (KB)
...
006 (31980884.403.000) 03/28 22:05:59 Image size of job updated: 186
	186  -  MemoryUsage of job (MB)
	191224  -  ResidentSetSize of job (KB)
...
006 (31980884.403.000) 03/28 22:06:59 Image size of job updated: 186
	186  -  MemoryUsage of job (MB)
	191368  -  ResidentSetSize of job (KB)
...
006 (31980884.403.000) 03/28 22:07:59 Image size of job updated: 187
	187  -  MemoryUsage of job (MB)
	191580  -  ResidentSetSize of job (KB)
...
006 (31980884.403.000) 03/28 22:09:00 Image size of job updated: 205
	205  -  MemoryUsage of job (MB)
	210860  -  ResidentSetSize of job (KB)
...
006 (31980884.403.000) 03/28 22:10:01 Image size of job updated: 206
	206  -  MemoryUsage of job (MB)
	211080  -  ResidentSetSize of job (KB)
...
006 (31980884.403.000) 03/28 22:11:02 Image size of job updated: 206
	206  -  MemoryUsage of job (MB)
	211276  -  ResidentSetSize of job (KB)
...
006 (31980884.403.000) 03/28 22:12:02 Image size of job updated: 206
	206  -  MemoryUsage of job (MB)
	211284  -  ResidentSetSize of job (KB)
...
006 (31980884.403.000) 03/28 22:13:02 Image size of job updated: 208
	208  -  MemoryUsage of job (MB)
	213584  -  ResidentSetSize of job (KB)
...
005 (31980884.403.000) 03/28 22:13:29 Job terminated.
	(1) Normal termination (return value 0)
		Usr 0 00:10:34, Sys 0 00:00:28  -  Run Remote Usage
		Usr 0 00:00:00, Sys 0 00:00:00  -  Run Local Usage
		Usr 0 00:10:34, Sys 0 00:00:28  -  Total Remote Usage
		Usr 0 00:00:00, Sys 0 00:00:00  -  Total Local Usage
	173834  -  Run Bytes Sent By Job
	2250925  -  Run Bytes Received By Job
	173834  -  Total Bytes Sent By Job
	2250925  -  Total Bytes Received By Job
	Partitionable Resources :    Usage  Request Allocated 
	   Cpus                 :        0        1         1 
	   Disk (KB)            :     5304     2250   1638031 
	   Memory (MB)          :      208     2000      2000 
...
