000 (31980884.012.000) 03/28 21:58:24 Job submitted from host: <131.225.188.57:9618?addrs=131.225.188.57-9618&noUDP&sock=18092_2f86_3>
...
001 (31980884.012.000) 03/28 21:59:29 Job executing on host: <131.225.206.230:9618?addrs=131.225.206.230-9618&noUDP&sock=1149_b268_3>
...
006 (31980884.012.000) 03/28 21:59:38 Image size of job updated: 14
	14  -  MemoryUsage of job (MB)
	15248  -  ResidentSetSize of job (KB)
...
006 (31980884.012.000) 03/28 22:00:39 Image size of job updated: 27
	27  -  MemoryUsage of job (MB)
	27820  -  ResidentSetSize of job (KB)
...
006 (31980884.012.000) 03/28 22:01:39 Image size of job updated: 164
	164  -  MemoryUsage of job (MB)
	168708  -  ResidentSetSize of job (KB)
...
006 (31980884.012.000) 03/28 22:02:39 Image size of job updated: 168
	168  -  MemoryUsage of job (MB)
	172168  -  ResidentSetSize of job (KB)
...
006 (31980884.012.000) 03/28 22:03:39 Image size of job updated: 210
	210  -  MemoryUsage of job (MB)
	215380  -  ResidentSetSize of job (KB)
...
005 (31980884.012.000) 03/28 22:03:42 Job terminated.
	(1) Normal termination (return value 0)
		Usr 0 00:02:07, Sys 0 00:00:09  -  Run Remote Usage
		Usr 0 00:00:00, Sys 0 00:00:00  -  Run Local Usage
		Usr 0 00:02:07, Sys 0 00:00:09  -  Total Remote Usage
		Usr 0 00:00:00, Sys 0 00:00:00  -  Total Local Usage
	167883  -  Run Bytes Sent By Job
	2250925  -  Run Bytes Received By Job
	167883  -  Total Bytes Sent By Job
	2250925  -  Total Bytes Received By Job
	Partitionable Resources :    Usage  Request Allocated 
	   Cpus                 :     0.00        1         1 
	   Disk (KB)            :  5299        2250    321863 
	   Memory (MB)          :   210        2000      2000 
...
