000 (31980884.342.000) 03/28 21:58:25 Job submitted from host: <131.225.188.57:9618?addrs=131.225.188.57-9618&noUDP&sock=18092_2f86_3>
...
001 (31980884.342.000) 03/28 22:00:35 Job executing on host: <131.225.191.226:9618?addrs=131.225.191.226-9618&noUDP&sock=1473_ef17_3>
...
006 (31980884.342.000) 03/28 22:01:47 Image size of job updated: 69
	69  -  MemoryUsage of job (MB)
	71320  -  ResidentSetSize of job (KB)
...
006 (31980884.342.000) 03/28 22:02:48 Image size of job updated: 164
	164  -  MemoryUsage of job (MB)
	168656  -  ResidentSetSize of job (KB)
...
006 (31980884.342.000) 03/28 22:03:48 Image size of job updated: 168
	168  -  MemoryUsage of job (MB)
	172456  -  ResidentSetSize of job (KB)
...
005 (31980884.342.000) 03/28 22:05:10 Job terminated.
	(1) Normal termination (return value 0)
		Usr 0 00:01:26, Sys 0 00:00:09  -  Run Remote Usage
		Usr 0 00:00:00, Sys 0 00:00:00  -  Run Local Usage
		Usr 0 00:01:26, Sys 0 00:00:09  -  Total Remote Usage
		Usr 0 00:00:00, Sys 0 00:00:00  -  Total Local Usage
	167999  -  Run Bytes Sent By Job
	2250925  -  Run Bytes Received By Job
	167999  -  Total Bytes Sent By Job
	2250925  -  Total Bytes Received By Job
	Partitionable Resources :    Usage  Request Allocated 
	   Cpus                 :        0        1         1 
	   Disk (KB)            :     5300     2250    773271 
	   Memory (MB)          :      168     2000      2000 
...
