000 (31980884.113.000) 03/28 21:58:24 Job submitted from host: <131.225.188.57:9618?addrs=131.225.188.57-9618&noUDP&sock=18092_2f86_3>
...
001 (31980884.113.000) 03/28 21:59:50 Job executing on host: <131.225.189.73:9618?addrs=131.225.189.73-9618&noUDP&sock=1447_19a1_3>
...
006 (31980884.113.000) 03/28 22:00:58 Image size of job updated: 7
	7  -  MemoryUsage of job (MB)
	7828  -  ResidentSetSize of job (KB)
...
006 (31980884.113.000) 03/28 22:01:59 Image size of job updated: 10
	10  -  MemoryUsage of job (MB)
	10280  -  ResidentSetSize of job (KB)
...
006 (31980884.113.000) 03/28 22:03:00 Image size of job updated: 27
	27  -  MemoryUsage of job (MB)
	27792  -  ResidentSetSize of job (KB)
...
006 (31980884.113.000) 03/28 22:04:01 Image size of job updated: 28
	28  -  MemoryUsage of job (MB)
	29320  -  ResidentSetSize of job (KB)
...
006 (31980884.113.000) 03/28 22:05:01 Image size of job updated: 49
	49  -  MemoryUsage of job (MB)
	51180  -  ResidentSetSize of job (KB)
...
006 (31980884.113.000) 03/28 22:06:02 Image size of job updated: 165
	165  -  MemoryUsage of job (MB)
	169340  -  ResidentSetSize of job (KB)
...
006 (31980884.113.000) 03/28 22:07:03 Image size of job updated: 190
	190  -  MemoryUsage of job (MB)
	194564  -  ResidentSetSize of job (KB)
...
006 (31980884.113.000) 03/28 22:08:03 Image size of job updated: 204
	204  -  MemoryUsage of job (MB)
	208904  -  ResidentSetSize of job (KB)
...
005 (31980884.113.000) 03/28 22:08:08 Job terminated.
	(1) Normal termination (return value 0)
		Usr 0 00:02:46, Sys 0 00:00:10  -  Run Remote Usage
		Usr 0 00:00:00, Sys 0 00:00:00  -  Run Local Usage
		Usr 0 00:02:46, Sys 0 00:00:10  -  Total Remote Usage
		Usr 0 00:00:00, Sys 0 00:00:00  -  Total Local Usage
	167461  -  Run Bytes Sent By Job
	2250925  -  Run Bytes Received By Job
	167461  -  Total Bytes Sent By Job
	2250925  -  Total Bytes Received By Job
	Partitionable Resources :    Usage  Request Allocated 
	   Cpus                 :        0        1         1 
	   Disk (KB)            :     5300     2250    788736 
	   Memory (MB)          :      204     2000      2000 
...
