000 (31980884.136.000) 03/28 21:58:24 Job submitted from host: <131.225.188.57:9618?addrs=131.225.188.57-9618&noUDP&sock=18092_2f86_3>
...
001 (31980884.136.000) 03/28 21:59:53 Job executing on host: <131.225.205.200:9618?addrs=131.225.205.200-9618&noUDP&sock=1480_bc41_3>
...
006 (31980884.136.000) 03/28 22:00:02 Image size of job updated: 5
	3  -  MemoryUsage of job (MB)
	3804  -  ResidentSetSize of job (KB)
...
006 (31980884.136.000) 03/28 22:01:03 Image size of job updated: 46
	46  -  MemoryUsage of job (MB)
	47592  -  ResidentSetSize of job (KB)
...
006 (31980884.136.000) 03/28 22:02:03 Image size of job updated: 165
	165  -  MemoryUsage of job (MB)
	169048  -  ResidentSetSize of job (KB)
...
006 (31980884.136.000) 03/28 22:03:03 Image size of job updated: 168
	168  -  MemoryUsage of job (MB)
	172744  -  ResidentSetSize of job (KB)
...
006 (31980884.136.000) 03/28 22:04:04 Image size of job updated: 203
	203  -  MemoryUsage of job (MB)
	208256  -  ResidentSetSize of job (KB)
...
006 (31980884.136.000) 03/28 22:04:20 Image size of job updated: 203
	203  -  MemoryUsage of job (MB)
	208328  -  ResidentSetSize of job (KB)
...
005 (31980884.136.000) 03/28 22:04:21 Job terminated.
	(1) Normal termination (return value 0)
		Usr 0 00:02:56, Sys 0 00:00:09  -  Run Remote Usage
		Usr 0 00:00:00, Sys 0 00:00:00  -  Run Local Usage
		Usr 0 00:02:56, Sys 0 00:00:09  -  Total Remote Usage
		Usr 0 00:00:00, Sys 0 00:00:00  -  Total Local Usage
	167862  -  Run Bytes Sent By Job
	2250925  -  Run Bytes Received By Job
	167862  -  Total Bytes Sent By Job
	2250925  -  Total Bytes Received By Job
	Partitionable Resources :    Usage  Request Allocated 
	   Cpus                 :     0.00        1         1 
	   Disk (KB)            :  5299        2250   1681120 
	   Memory (MB)          :   203        2000      2000 
...
