000 (31980884.415.000) 03/28 21:58:25 Job submitted from host: <131.225.188.57:9618?addrs=131.225.188.57-9618&noUDP&sock=18092_2f86_3>
...
001 (31980884.415.000) 03/28 22:00:50 Job executing on host: <131.225.190.34:9618?addrs=131.225.190.34-9618&noUDP&sock=1447_19a1_3>
...
006 (31980884.415.000) 03/28 22:02:01 Image size of job updated: 5
	3  -  MemoryUsage of job (MB)
	3716  -  ResidentSetSize of job (KB)
...
006 (31980884.415.000) 03/28 22:03:01 Image size of job updated: 132
	132  -  MemoryUsage of job (MB)
	135756  -  ResidentSetSize of job (KB)
...
006 (31980884.415.000) 03/28 22:05:02 Image size of job updated: 168
	168  -  MemoryUsage of job (MB)
	172928  -  ResidentSetSize of job (KB)
...
006 (31980884.415.000) 03/28 22:06:03 Image size of job updated: 171
	171  -  MemoryUsage of job (MB)
	175824  -  ResidentSetSize of job (KB)
...
006 (31980884.415.000) 03/28 22:07:03 Image size of job updated: 174
	174  -  MemoryUsage of job (MB)
	178224  -  ResidentSetSize of job (KB)
...
006 (31980884.415.000) 03/28 22:08:03 Image size of job updated: 187
	187  -  MemoryUsage of job (MB)
	191576  -  ResidentSetSize of job (KB)
...
006 (31980884.415.000) 03/28 22:09:03 Image size of job updated: 192
	192  -  MemoryUsage of job (MB)
	197012  -  ResidentSetSize of job (KB)
...
006 (31980884.415.000) 03/28 22:10:04 Image size of job updated: 192
	192  -  MemoryUsage of job (MB)
	197204  -  ResidentSetSize of job (KB)
...
006 (31980884.415.000) 03/28 22:11:05 Image size of job updated: 192
	192  -  MemoryUsage of job (MB)
	197380  -  ResidentSetSize of job (KB)
...
006 (31980884.415.000) 03/28 22:12:05 Image size of job updated: 211
	211  -  MemoryUsage of job (MB)
	216064  -  ResidentSetSize of job (KB)
...
006 (31980884.415.000) 03/28 22:13:05 Image size of job updated: 211
	211  -  MemoryUsage of job (MB)
	216304  -  ResidentSetSize of job (KB)
...
006 (31980884.415.000) 03/28 22:14:05 Image size of job updated: 213
	213  -  MemoryUsage of job (MB)
	218456  -  ResidentSetSize of job (KB)
...
006 (31980884.415.000) 03/28 22:15:06 Image size of job updated: 213
	213  -  MemoryUsage of job (MB)
	218480  -  ResidentSetSize of job (KB)
...
006 (31980884.415.000) 03/28 22:16:07 Image size of job updated: 214
	214  -  MemoryUsage of job (MB)
	220092  -  ResidentSetSize of job (KB)
...
006 (31980884.415.000) 03/28 22:18:08 Image size of job updated: 214
	214  -  MemoryUsage of job (MB)
	220124  -  ResidentSetSize of job (KB)
...
005 (31980884.415.000) 03/28 22:19:13 Job terminated.
	(1) Normal termination (return value 0)
		Usr 0 00:10:25, Sys 0 00:00:32  -  Run Remote Usage
		Usr 0 00:00:00, Sys 0 00:00:00  -  Run Local Usage
		Usr 0 00:10:25, Sys 0 00:00:32  -  Total Remote Usage
		Usr 0 00:00:00, Sys 0 00:00:00  -  Total Local Usage
	181267  -  Run Bytes Sent By Job
	2250925  -  Run Bytes Received By Job
	181267  -  Total Bytes Sent By Job
	2250925  -  Total Bytes Received By Job
	Partitionable Resources :    Usage  Request Allocated 
	   Cpus                 :     0.01        1         1 
	   Disk (KB)            :  5312        2250    790037 
	   Memory (MB)          :   214        2000      2000 
...
