000 (31980884.352.000) 03/28 21:58:25 Job submitted from host: <131.225.188.57:9618?addrs=131.225.188.57-9618&noUDP&sock=18092_2f86_3>
...
001 (31980884.352.000) 03/28 22:00:39 Job executing on host: <131.225.205.205:9618?addrs=131.225.205.205-9618&noUDP&sock=1480_bc41_3>
...
006 (31980884.352.000) 03/28 22:01:48 Image size of job updated: 27
	27  -  MemoryUsage of job (MB)
	28064  -  ResidentSetSize of job (KB)
...
006 (31980884.352.000) 03/28 22:02:49 Image size of job updated: 166
	166  -  MemoryUsage of job (MB)
	170668  -  ResidentSetSize of job (KB)
...
006 (31980884.352.000) 03/28 22:03:49 Image size of job updated: 190
	190  -  MemoryUsage of job (MB)
	195116  -  ResidentSetSize of job (KB)
...
006 (31980884.352.000) 03/28 22:04:31 Image size of job updated: 203
	203  -  MemoryUsage of job (MB)
	208524  -  ResidentSetSize of job (KB)
...
005 (31980884.352.000) 03/28 22:04:32 Job terminated.
	(1) Normal termination (return value 0)
		Usr 0 00:02:45, Sys 0 00:00:08  -  Run Remote Usage
		Usr 0 00:00:00, Sys 0 00:00:00  -  Run Local Usage
		Usr 0 00:02:45, Sys 0 00:00:08  -  Total Remote Usage
		Usr 0 00:00:00, Sys 0 00:00:00  -  Total Local Usage
	167370  -  Run Bytes Sent By Job
	2250925  -  Run Bytes Received By Job
	167370  -  Total Bytes Sent By Job
	2250925  -  Total Bytes Received By Job
	Partitionable Resources :    Usage  Request Allocated 
	   Cpus                 :        0        1         1 
	   Disk (KB)            :     5298     2250   1686832 
	   Memory (MB)          :      203     2000      2000 
...
