000 (31980884.007.000) 03/28 21:58:24 Job submitted from host: <131.225.188.57:9618?addrs=131.225.188.57-9618&noUDP&sock=18092_2f86_3>
...
001 (31980884.007.000) 03/28 21:59:27 Job executing on host: <131.225.204.92:9618?addrs=131.225.204.92-9618&noUDP&sock=1164_fc54_3>
...
006 (31980884.007.000) 03/28 21:59:36 Image size of job updated: 21
	21  -  MemoryUsage of job (MB)
	21632  -  ResidentSetSize of job (KB)
...
006 (31980884.007.000) 03/28 22:00:37 Image size of job updated: 27
	27  -  MemoryUsage of job (MB)
	27764  -  ResidentSetSize of job (KB)
...
006 (31980884.007.000) 03/28 22:01:37 Image size of job updated: 129
	129  -  MemoryUsage of job (MB)
	132440  -  ResidentSetSize of job (KB)
...
006 (31980884.007.000) 03/28 22:02:38 Image size of job updated: 166
	166  -  MemoryUsage of job (MB)
	170000  -  ResidentSetSize of job (KB)
...
006 (31980884.007.000) 03/28 22:03:39 Image size of job updated: 189
	189  -  MemoryUsage of job (MB)
	194468  -  ResidentSetSize of job (KB)
...
006 (31980884.007.000) 03/28 22:03:57 Image size of job updated: 202
	202  -  MemoryUsage of job (MB)
	207632  -  ResidentSetSize of job (KB)
...
005 (31980884.007.000) 03/28 22:03:58 Job terminated.
	(1) Normal termination (return value 0)
		Usr 0 00:02:05, Sys 0 00:00:09  -  Run Remote Usage
		Usr 0 00:00:00, Sys 0 00:00:00  -  Run Local Usage
		Usr 0 00:02:05, Sys 0 00:00:09  -  Total Remote Usage
		Usr 0 00:00:00, Sys 0 00:00:00  -  Total Local Usage
	167968  -  Run Bytes Sent By Job
	2250925  -  Run Bytes Received By Job
	167968  -  Total Bytes Sent By Job
	2250925  -  Total Bytes Received By Job
	Partitionable Resources :    Usage  Request Allocated 
	   Cpus                 :     0.00        1         1 
	   Disk (KB)            :  5299        2250    312667 
	   Memory (MB)          :   202        2000      2000 
...
