000 (31980884.055.000) 03/28 21:58:24 Job submitted from host: <131.225.188.57:9618?addrs=131.225.188.57-9618&noUDP&sock=18092_2f86_3>
...
001 (31980884.055.000) 03/28 21:59:36 Job executing on host: <131.225.189.73:9618?addrs=131.225.189.73-9618&noUDP&sock=1447_19a1_3>
...
006 (31980884.055.000) 03/28 21:59:45 Image size of job updated: 14
	14  -  MemoryUsage of job (MB)
	15316  -  ResidentSetSize of job (KB)
...
006 (31980884.055.000) 03/28 22:02:47 Image size of job updated: 27
	27  -  MemoryUsage of job (MB)
	27664  -  ResidentSetSize of job (KB)
...
006 (31980884.055.000) 03/28 22:03:47 Image size of job updated: 28
	28  -  MemoryUsage of job (MB)
	28720  -  ResidentSetSize of job (KB)
...
006 (31980884.055.000) 03/28 22:04:47 Image size of job updated: 41
	41  -  MemoryUsage of job (MB)
	42592  -  ResidentSetSize of job (KB)
...
006 (31980884.055.000) 03/28 22:05:48 Image size of job updated: 164
	164  -  MemoryUsage of job (MB)
	168920  -  ResidentSetSize of job (KB)
...
006 (31980884.055.000) 03/28 22:06:48 Image size of job updated: 167
	167  -  MemoryUsage of job (MB)
	171660  -  ResidentSetSize of job (KB)
...
006 (31980884.055.000) 03/28 22:07:48 Image size of job updated: 192
	192  -  MemoryUsage of job (MB)
	197336  -  ResidentSetSize of job (KB)
...
006 (31980884.055.000) 03/28 22:08:08 Image size of job updated: 205
	205  -  MemoryUsage of job (MB)
	210520  -  ResidentSetSize of job (KB)
...
005 (31980884.055.000) 03/28 22:08:10 Job terminated.
	(1) Normal termination (return value 0)
		Usr 0 00:02:33, Sys 0 00:00:11  -  Run Remote Usage
		Usr 0 00:00:00, Sys 0 00:00:00  -  Run Local Usage
		Usr 0 00:02:33, Sys 0 00:00:11  -  Total Remote Usage
		Usr 0 00:00:00, Sys 0 00:00:00  -  Total Local Usage
	168393  -  Run Bytes Sent By Job
	2250925  -  Run Bytes Received By Job
	168393  -  Total Bytes Sent By Job
	2250925  -  Total Bytes Received By Job
	Partitionable Resources :    Usage  Request Allocated 
	   Cpus                 :     0.01        1         1 
	   Disk (KB)            :  5301        2250    788736 
	   Memory (MB)          :   205        2000      2000 
...
