000 (31980884.168.000) 03/28 21:58:24 Job submitted from host: <131.225.188.57:9618?addrs=131.225.188.57-9618&noUDP&sock=18092_2f86_3>
...
001 (31980884.168.000) 03/28 22:00:00 Job executing on host: <131.225.205.207:9618?addrs=131.225.205.207-9618&noUDP&sock=1508_f0e8_3>
...
006 (31980884.168.000) 03/28 22:01:10 Image size of job updated: 165
	165  -  MemoryUsage of job (MB)
	168980  -  ResidentSetSize of job (KB)
...
006 (31980884.168.000) 03/28 22:02:10 Image size of job updated: 168
	168  -  MemoryUsage of job (MB)
	172828  -  ResidentSetSize of job (KB)
...
006 (31980884.168.000) 03/28 22:03:11 Image size of job updated: 204
	204  -  MemoryUsage of job (MB)
	208976  -  ResidentSetSize of job (KB)
...
006 (31980884.168.000) 03/28 22:03:33 Image size of job updated: 204
	204  -  MemoryUsage of job (MB)
	209048  -  ResidentSetSize of job (KB)
...
005 (31980884.168.000) 03/28 22:03:34 Job terminated.
	(1) Normal termination (return value 0)
		Usr 0 00:02:56, Sys 0 00:00:08  -  Run Remote Usage
		Usr 0 00:00:00, Sys 0 00:00:00  -  Run Local Usage
		Usr 0 00:02:56, Sys 0 00:00:08  -  Total Remote Usage
		Usr 0 00:00:00, Sys 0 00:00:00  -  Total Local Usage
	167232  -  Run Bytes Sent By Job
	2250925  -  Run Bytes Received By Job
	167232  -  Total Bytes Sent By Job
	2250925  -  Total Bytes Received By Job
	Partitionable Resources :    Usage  Request Allocated 
	   Cpus                 :     0.00        1         1 
	   Disk (KB)            :  5298        2250   1686243 
	   Memory (MB)          :   204        2000      2000 
...
