000 (31980884.269.000) 03/28 21:58:24 Job submitted from host: <131.225.188.57:9618?addrs=131.225.188.57-9618&noUDP&sock=18092_2f86_3>
...
001 (31980884.269.000) 03/28 22:00:20 Job executing on host: <131.225.205.168:9618?addrs=131.225.205.168-9618&noUDP&sock=1454_e6cb_3>
...
006 (31980884.269.000) 03/28 22:00:29 Image size of job updated: 14
	14  -  MemoryUsage of job (MB)
	15144  -  ResidentSetSize of job (KB)
...
006 (31980884.269.000) 03/28 22:01:30 Image size of job updated: 132
	132  -  MemoryUsage of job (MB)
	135748  -  ResidentSetSize of job (KB)
...
006 (31980884.269.000) 03/28 22:03:30 Image size of job updated: 167
	167  -  MemoryUsage of job (MB)
	171992  -  ResidentSetSize of job (KB)
...
006 (31980884.269.000) 03/28 22:04:30 Image size of job updated: 171
	171  -  MemoryUsage of job (MB)
	175396  -  ResidentSetSize of job (KB)
...
006 (31980884.269.000) 03/28 22:05:31 Image size of job updated: 174
	174  -  MemoryUsage of job (MB)
	178544  -  ResidentSetSize of job (KB)
...
006 (31980884.269.000) 03/28 22:06:32 Image size of job updated: 187
	187  -  MemoryUsage of job (MB)
	191864  -  ResidentSetSize of job (KB)
...
006 (31980884.269.000) 03/28 22:07:33 Image size of job updated: 187
	187  -  MemoryUsage of job (MB)
	192072  -  ResidentSetSize of job (KB)
...
006 (31980884.269.000) 03/28 22:08:34 Image size of job updated: 187
	187  -  MemoryUsage of job (MB)
	192264  -  ResidentSetSize of job (KB)
...
006 (31980884.269.000) 03/28 22:09:34 Image size of job updated: 187
	187  -  MemoryUsage of job (MB)
	192396  -  ResidentSetSize of job (KB)
...
006 (31980884.269.000) 03/28 22:10:34 Image size of job updated: 208
	208  -  MemoryUsage of job (MB)
	213428  -  ResidentSetSize of job (KB)
...
006 (31980884.269.000) 03/28 22:11:34 Image size of job updated: 209
	209  -  MemoryUsage of job (MB)
	214240  -  ResidentSetSize of job (KB)
...
006 (31980884.269.000) 03/28 22:12:35 Image size of job updated: 209
	209  -  MemoryUsage of job (MB)
	214372  -  ResidentSetSize of job (KB)
...
006 (31980884.269.000) 03/28 22:13:37 Image size of job updated: 210
	210  -  MemoryUsage of job (MB)
	215972  -  ResidentSetSize of job (KB)
...
006 (31980884.269.000) 03/28 22:14:37 Image size of job updated: 210
	210  -  MemoryUsage of job (MB)
	216000  -  ResidentSetSize of job (KB)
...
005 (31980884.269.000) 03/28 22:14:58 Job terminated.
	(1) Normal termination (return value 0)
		Usr 0 00:10:45, Sys 0 00:00:30  -  Run Remote Usage
		Usr 0 00:00:00, Sys 0 00:00:00  -  Run Local Usage
		Usr 0 00:10:45, Sys 0 00:00:30  -  Total Remote Usage
		Usr 0 00:00:00, Sys 0 00:00:00  -  Total Local Usage
	177707  -  Run Bytes Sent By Job
	2250925  -  Run Bytes Received By Job
	177707  -  Total Bytes Sent By Job
	2250925  -  Total Bytes Received By Job
	Partitionable Resources :    Usage  Request Allocated 
	   Cpus                 :        0        1         1 
	   Disk (KB)            :     5308     2250   1642837 
	   Memory (MB)          :      210     2000      2000 
...
