000 (31980886.008.000) 03/28 21:58:28 Job submitted from host: <131.225.188.57:9618?addrs=131.225.188.57-9618&noUDP&sock=18092_2f86_3>
...
001 (31980886.008.000) 03/28 22:01:31 Job executing on host: <131.225.205.203:9618?addrs=131.225.205.203-9618&noUDP&sock=1478_5d11_3>
...
006 (31980886.008.000) 03/28 22:02:41 Image size of job updated: 132
	132  -  MemoryUsage of job (MB)
	135748  -  ResidentSetSize of job (KB)
...
006 (31980886.008.000) 03/28 22:03:41 Image size of job updated: 161
	161  -  MemoryUsage of job (MB)
	164992  -  ResidentSetSize of job (KB)
...
006 (31980886.008.000) 03/28 22:04:41 Image size of job updated: 162
	162  -  MemoryUsage of job (MB)
	166156  -  ResidentSetSize of job (KB)
...
006 (31980886.008.000) 03/28 22:05:41 Image size of job updated: 163
	163  -  MemoryUsage of job (MB)
	167220  -  ResidentSetSize of job (KB)
...
006 (31980886.008.000) 03/28 22:06:42 Image size of job updated: 164
	164  -  MemoryUsage of job (MB)
	168172  -  ResidentSetSize of job (KB)
...
006 (31980886.008.000) 03/28 22:07:43 Image size of job updated: 165
	165  -  MemoryUsage of job (MB)
	169336  -  ResidentSetSize of job (KB)
...
006 (31980886.008.000) 03/28 22:08:44 Image size of job updated: 166
	166  -  MemoryUsage of job (MB)
	170272  -  ResidentSetSize of job (KB)
...
006 (31980886.008.000) 03/28 22:09:44 Image size of job updated: 188
	188  -  MemoryUsage of job (MB)
	193332  -  ResidentSetSize of job (KB)
...
006 (31980886.008.000) 03/28 22:10:44 Image size of job updated: 195
	195  -  MemoryUsage of job (MB)
	200092  -  ResidentSetSize of job (KB)
...
006 (31980886.008.000) 03/28 22:11:44 Image size of job updated: 202
	202  -  MemoryUsage of job (MB)
	207848  -  ResidentSetSize of job (KB)
...
006 (31980886.008.000) 03/28 22:12:45 Image size of job updated: 203
	203  -  MemoryUsage of job (MB)
	207924  -  ResidentSetSize of job (KB)
...
006 (31980886.008.000) 03/28 22:13:46 Image size of job updated: 203
	203  -  MemoryUsage of job (MB)
	207988  -  ResidentSetSize of job (KB)
...
005 (31980886.008.000) 03/28 22:14:18 Job terminated.
	(1) Normal termination (return value 0)
		Usr 0 00:09:27, Sys 0 00:00:25  -  Run Remote Usage
		Usr 0 00:00:00, Sys 0 00:00:00  -  Run Local Usage
		Usr 0 00:09:27, Sys 0 00:00:25  -  Total Remote Usage
		Usr 0 00:00:00, Sys 0 00:00:00  -  Total Local Usage
	136879  -  Run Bytes Sent By Job
	2243068  -  Run Bytes Received By Job
	136879  -  Total Bytes Sent By Job
	2243068  -  Total Bytes Received By Job
	Partitionable Resources :    Usage  Request Allocated 
	   Cpus                 :     0.00        1         1 
	   Disk (KB)            :  5051        2250   1694239 
	   Memory (MB)          :   203        2000      2000 
...
