000 (31980886.009.000) 03/28 21:58:28 Job submitted from host: <131.225.188.57:9618?addrs=131.225.188.57-9618&noUDP&sock=18092_2f86_3>
...
001 (31980886.009.000) 03/28 22:01:30 Job executing on host: <131.225.191.226:9618?addrs=131.225.191.226-9618&noUDP&sock=1473_ef17_3>
...
006 (31980886.009.000) 03/28 22:02:39 Image size of job updated: 116
	116  -  MemoryUsage of job (MB)
	119404  -  ResidentSetSize of job (KB)
...
006 (31980886.009.000) 03/28 22:05:40 Image size of job updated: 177
	177  -  MemoryUsage of job (MB)
	182064  -  ResidentSetSize of job (KB)
...
006 (31980886.009.000) 03/28 22:06:40 Image size of job updated: 178
	178  -  MemoryUsage of job (MB)
	183116  -  ResidentSetSize of job (KB)
...
006 (31980886.009.000) 03/28 22:07:40 Image size of job updated: 179
	179  -  MemoryUsage of job (MB)
	184304  -  ResidentSetSize of job (KB)
...
006 (31980886.009.000) 03/28 22:08:41 Image size of job updated: 181
	181  -  MemoryUsage of job (MB)
	185604  -  ResidentSetSize of job (KB)
...
005 (31980886.009.000) 03/28 22:09:18 Job terminated.
	(1) Normal termination (return value 0)
		Usr 0 00:04:45, Sys 0 00:00:17  -  Run Remote Usage
		Usr 0 00:00:00, Sys 0 00:00:00  -  Run Local Usage
		Usr 0 00:04:45, Sys 0 00:00:17  -  Total Remote Usage
		Usr 0 00:00:00, Sys 0 00:00:00  -  Total Local Usage
	136180  -  Run Bytes Sent By Job
	2243068  -  Run Bytes Received By Job
	136180  -  Total Bytes Sent By Job
	2243068  -  Total Bytes Received By Job
	Partitionable Resources :    Usage  Request Allocated 
	   Cpus                 :     0.00        1         1 
	   Disk (KB)            :  5051        2250    773271 
	   Memory (MB)          :   181        2000      2000 
...
