000 (31980886.000.000) 03/28 21:58:28 Job submitted from host: <131.225.188.57:9618?addrs=131.225.188.57-9618&noUDP&sock=18092_2f86_3>
...
001 (31980886.000.000) 03/28 22:01:29 Job executing on host: <131.225.190.42:9618?addrs=131.225.190.42-9618&noUDP&sock=1440_4c77_3>
...
006 (31980886.000.000) 03/28 22:02:39 Image size of job updated: 88
	88  -  MemoryUsage of job (MB)
	90508  -  ResidentSetSize of job (KB)
...
006 (31980886.000.000) 03/28 22:03:39 Image size of job updated: 132
	132  -  MemoryUsage of job (MB)
	135744  -  ResidentSetSize of job (KB)
...
006 (31980886.000.000) 03/28 22:04:39 Image size of job updated: 160
	160  -  MemoryUsage of job (MB)
	163888  -  ResidentSetSize of job (KB)
...
006 (31980886.000.000) 03/28 22:05:41 Image size of job updated: 161
	161  -  MemoryUsage of job (MB)
	164944  -  ResidentSetSize of job (KB)
...
006 (31980886.000.000) 03/28 22:06:41 Image size of job updated: 162
	162  -  MemoryUsage of job (MB)
	165984  -  ResidentSetSize of job (KB)
...
006 (31980886.000.000) 03/28 22:07:41 Image size of job updated: 162
	162  -  MemoryUsage of job (MB)
	166536  -  ResidentSetSize of job (KB)
...
006 (31980886.000.000) 03/28 22:08:41 Image size of job updated: 163
	163  -  MemoryUsage of job (MB)
	167584  -  ResidentSetSize of job (KB)
...
006 (31980886.000.000) 03/28 22:09:41 Image size of job updated: 164
	164  -  MemoryUsage of job (MB)
	168692  -  ResidentSetSize of job (KB)
...
006 (31980886.000.000) 03/28 22:10:42 Image size of job updated: 189
	189  -  MemoryUsage of job (MB)
	193580  -  ResidentSetSize of job (KB)
...
006 (31980886.000.000) 03/28 22:11:43 Image size of job updated: 189
	189  -  MemoryUsage of job (MB)
	194508  -  ResidentSetSize of job (KB)
...
006 (31980886.000.000) 03/28 22:12:43 Image size of job updated: 202
	202  -  MemoryUsage of job (MB)
	207496  -  ResidentSetSize of job (KB)
...
006 (31980886.000.000) 03/28 22:13:43 Image size of job updated: 202
	202  -  MemoryUsage of job (MB)
	207564  -  ResidentSetSize of job (KB)
...
006 (31980886.000.000) 03/28 22:14:43 Image size of job updated: 202
	202  -  MemoryUsage of job (MB)
	207636  -  ResidentSetSize of job (KB)
...
006 (31980886.000.000) 03/28 22:15:33 Image size of job updated: 202
	202  -  MemoryUsage of job (MB)
	207684  -  ResidentSetSize of job (KB)
...
005 (31980886.000.000) 03/28 22:15:33 Job terminated.
	(1) Normal termination (return value 0)
		Usr 0 00:09:17, Sys 0 00:00:32  -  Run Remote Usage
		Usr 0 00:00:00, Sys 0 00:00:00  -  Run Local Usage
		Usr 0 00:09:17, Sys 0 00:00:32  -  Total Remote Usage
		Usr 0 00:00:00, Sys 0 00:00:00  -  Total Local Usage
	141249  -  Run Bytes Sent By Job
	2243068  -  Run Bytes Received By Job
	141249  -  Total Bytes Sent By Job
	2243068  -  Total Bytes Received By Job
	Partitionable Resources :    Usage  Request Allocated 
	   Cpus                 :     0.00        1         1 
	   Disk (KB)            :  5055        2250    779518 
	   Memory (MB)          :   202        2000      2000 
...
