000 (31980886.011.000) 03/28 21:58:28 Job submitted from host: <131.225.188.57:9618?addrs=131.225.188.57-9618&noUDP&sock=18092_2f86_3>
...
001 (31980886.011.000) 03/28 22:01:35 Job executing on host: <131.225.190.31:9618?addrs=131.225.190.31-9618&noUDP&sock=1441_fc0f_3>
...
006 (31980886.011.000) 03/28 22:02:48 Image size of job updated: 132
	132  -  MemoryUsage of job (MB)
	135752  -  ResidentSetSize of job (KB)
...
006 (31980886.011.000) 03/28 22:03:49 Image size of job updated: 160
	160  -  MemoryUsage of job (MB)
	164760  -  ResidentSetSize of job (KB)
...
006 (31980886.011.000) 03/28 22:04:50 Image size of job updated: 162
	162  -  MemoryUsage of job (MB)
	165932  -  ResidentSetSize of job (KB)
...
006 (31980886.011.000) 03/28 22:05:51 Image size of job updated: 163
	163  -  MemoryUsage of job (MB)
	167020  -  ResidentSetSize of job (KB)
...
006 (31980886.011.000) 03/28 22:06:51 Image size of job updated: 163
	163  -  MemoryUsage of job (MB)
	167720  -  ResidentSetSize of job (KB)
...
006 (31980886.011.000) 03/28 22:07:51 Image size of job updated: 165
	165  -  MemoryUsage of job (MB)
	169040  -  ResidentSetSize of job (KB)
...
006 (31980886.011.000) 03/28 22:08:51 Image size of job updated: 166
	166  -  MemoryUsage of job (MB)
	170088  -  ResidentSetSize of job (KB)
...
006 (31980886.011.000) 03/28 22:09:52 Image size of job updated: 194
	194  -  MemoryUsage of job (MB)
	198760  -  ResidentSetSize of job (KB)
...
006 (31980886.011.000) 03/28 22:10:54 Image size of job updated: 194
	194  -  MemoryUsage of job (MB)
	199152  -  ResidentSetSize of job (KB)
...
006 (31980886.011.000) 03/28 22:11:54 Image size of job updated: 200
	200  -  MemoryUsage of job (MB)
	205444  -  ResidentSetSize of job (KB)
...
006 (31980886.011.000) 03/28 22:12:49 Image size of job updated: 200
	200  -  MemoryUsage of job (MB)
	205504  -  ResidentSetSize of job (KB)
...
005 (31980886.011.000) 03/28 22:12:50 Job terminated.
	(1) Normal termination (return value 0)
		Usr 0 00:07:55, Sys 0 00:00:24  -  Run Remote Usage
		Usr 0 00:00:00, Sys 0 00:00:00  -  Run Local Usage
		Usr 0 00:07:55, Sys 0 00:00:24  -  Total Remote Usage
		Usr 0 00:00:00, Sys 0 00:00:00  -  Total Local Usage
	137491  -  Run Bytes Sent By Job
	2243068  -  Run Bytes Received By Job
	137491  -  Total Bytes Sent By Job
	2243068  -  Total Bytes Received By Job
	Partitionable Resources :    Usage  Request Allocated 
	   Cpus                 :     0.00        1         1 
	   Disk (KB)            :  5052        2250    774379 
	   Memory (MB)          :   200        2000      2000 
...
