000 (31980886.001.000) 03/28 21:58:28 Job submitted from host: <131.225.188.57:9618?addrs=131.225.188.57-9618&noUDP&sock=18092_2f86_3>
...
001 (31980886.001.000) 03/28 22:01:30 Job executing on host: <131.225.190.36:9618?addrs=131.225.190.36-9618&noUDP&sock=1438_ed47_3>
...
006 (31980886.001.000) 03/28 22:02:38 Image size of job updated: 132
	132  -  MemoryUsage of job (MB)
	135756  -  ResidentSetSize of job (KB)
...
006 (31980886.001.000) 03/28 22:03:38 Image size of job updated: 160
	160  -  MemoryUsage of job (MB)
	164156  -  ResidentSetSize of job (KB)
...
006 (31980886.001.000) 03/28 22:04:39 Image size of job updated: 161
	161  -  MemoryUsage of job (MB)
	165164  -  ResidentSetSize of job (KB)
...
006 (31980886.001.000) 03/28 22:05:39 Image size of job updated: 162
	162  -  MemoryUsage of job (MB)
	166156  -  ResidentSetSize of job (KB)
...
006 (31980886.001.000) 03/28 22:06:39 Image size of job updated: 163
	163  -  MemoryUsage of job (MB)
	167252  -  ResidentSetSize of job (KB)
...
006 (31980886.001.000) 03/28 22:07:40 Image size of job updated: 164
	164  -  MemoryUsage of job (MB)
	168496  -  ResidentSetSize of job (KB)
...
006 (31980886.001.000) 03/28 22:08:41 Image size of job updated: 188
	188  -  MemoryUsage of job (MB)
	193288  -  ResidentSetSize of job (KB)
...
006 (31980886.001.000) 03/28 22:09:41 Image size of job updated: 189
	189  -  MemoryUsage of job (MB)
	194328  -  ResidentSetSize of job (KB)
...
006 (31980886.001.000) 03/28 22:10:41 Image size of job updated: 189
	189  -  MemoryUsage of job (MB)
	194376  -  ResidentSetSize of job (KB)
...
006 (31980886.001.000) 03/28 22:11:41 Image size of job updated: 202
	202  -  MemoryUsage of job (MB)
	207164  -  ResidentSetSize of job (KB)
...
006 (31980886.001.000) 03/28 22:12:42 Image size of job updated: 202
	202  -  MemoryUsage of job (MB)
	207244  -  ResidentSetSize of job (KB)
...
005 (31980886.001.000) 03/28 22:13:13 Job terminated.
	(1) Normal termination (return value 0)
		Usr 0 00:08:37, Sys 0 00:00:28  -  Run Remote Usage
		Usr 0 00:00:00, Sys 0 00:00:00  -  Run Local Usage
		Usr 0 00:08:37, Sys 0 00:00:28  -  Total Remote Usage
		Usr 0 00:00:00, Sys 0 00:00:00  -  Total Local Usage
	136304  -  Run Bytes Sent By Job
	2243068  -  Run Bytes Received By Job
	136304  -  Total Bytes Sent By Job
	2243068  -  Total Bytes Received By Job
	Partitionable Resources :    Usage  Request Allocated 
	   Cpus                 :     0.00        1         1 
	   Disk (KB)            :  5051        2250    786192 
	   Memory (MB)          :   202        2000      2000 
...
