000 (12188447.031.000) 03/28 21:58:21 Job submitted from host: <131.225.188.55:9618?addrs=131.225.188.55-9618&noUDP&sock=16299_5637_3>
...
001 (12188447.031.000) 03/28 22:00:34 Job executing on host: <131.225.191.159:9618?addrs=131.225.191.159-9618&noUDP&sock=1152_c131_3>
...
006 (12188447.031.000) 03/28 22:00:43 Image size of job updated: 37
	37  -  MemoryUsage of job (MB)
	38228  -  ResidentSetSize of job (KB)
...
006 (12188447.031.000) 03/28 22:01:44 Image size of job updated: 167
	167  -  MemoryUsage of job (MB)
	171404  -  ResidentSetSize of job (KB)
...
006 (12188447.031.000) 03/28 22:02:45 Image size of job updated: 211
	211  -  MemoryUsage of job (MB)
	216968  -  ResidentSetSize of job (KB)
...
005 (12188447.031.000) 03/28 22:02:50 Job terminated.
	(1) Normal termination (return value 0)
		Usr 0 00:01:17, Sys 0 00:00:05  -  Run Remote Usage
		Usr 0 00:00:00, Sys 0 00:00:00  -  Run Local Usage
		Usr 0 00:01:17, Sys 0 00:00:05  -  Total Remote Usage
		Usr 0 00:00:00, Sys 0 00:00:00  -  Total Local Usage
	133583  -  Run Bytes Sent By Job
	2244339  -  Run Bytes Received By Job
	133583  -  Total Bytes Sent By Job
	2244339  -  Total Bytes Received By Job
	Partitionable Resources :    Usage  Request Allocated 
	   Cpus                 :        0        1         1 
	   Disk (KB)            :     5083     2250    330436 
	   Memory (MB)          :      211     2000      2000 
...
