000 (12188447.063.000) 03/28 21:58:22 Job submitted from host: <131.225.188.55:9618?addrs=131.225.188.55-9618&noUDP&sock=16299_5637_3>
...
001 (12188447.063.000) 03/28 22:00:42 Job executing on host: <131.225.188.25:9618?addrs=131.225.188.25-9618&noUDP&sock=1934_2440_3>
...
006 (12188447.063.000) 03/28 22:01:50 Image size of job updated: 55
	55  -  MemoryUsage of job (MB)
	56328  -  ResidentSetSize of job (KB)
...
006 (12188447.063.000) 03/28 22:02:52 Image size of job updated: 176
	176  -  MemoryUsage of job (MB)
	180296  -  ResidentSetSize of job (KB)
...
006 (12188447.063.000) 03/28 22:03:34 Image size of job updated: 208
	208  -  MemoryUsage of job (MB)
	213584  -  ResidentSetSize of job (KB)
...
005 (12188447.063.000) 03/28 22:03:35 Job terminated.
	(1) Normal termination (return value 0)
		Usr 0 00:01:35, Sys 0 00:00:07  -  Run Remote Usage
		Usr 0 00:00:00, Sys 0 00:00:00  -  Run Local Usage
		Usr 0 00:01:35, Sys 0 00:00:07  -  Total Remote Usage
		Usr 0 00:00:00, Sys 0 00:00:00  -  Total Local Usage
	134488  -  Run Bytes Sent By Job
	2244339  -  Run Bytes Received By Job
	134488  -  Total Bytes Sent By Job
	2244339  -  Total Bytes Received By Job
	Partitionable Resources :    Usage  Request Allocated 
	   Cpus                 :     0.05        1         1 
	   Disk (KB)            :  5085        2250   1654751 
	   Memory (MB)          :   208        2000      2000 
...
