000 (12188447.040.000) 03/28 21:58:22 Job submitted from host: <131.225.188.55:9618?addrs=131.225.188.55-9618&noUDP&sock=16299_5637_3>
...
001 (12188447.040.000) 03/28 22:00:37 Job executing on host: <131.225.206.156:9618?addrs=131.225.206.156-9618&noUDP&sock=1161_ed8b_3>
...
006 (12188447.040.000) 03/28 22:00:47 Image size of job updated: 5
	4  -  MemoryUsage of job (MB)
	4696  -  ResidentSetSize of job (KB)
...
006 (12188447.040.000) 03/28 22:01:47 Image size of job updated: 164
	164  -  MemoryUsage of job (MB)
	168924  -  ResidentSetSize of job (KB)
...
006 (12188447.040.000) 03/28 22:02:47 Image size of job updated: 202
	202  -  MemoryUsage of job (MB)
	206920  -  ResidentSetSize of job (KB)
...
005 (12188447.040.000) 03/28 22:02:50 Job terminated.
	(1) Normal termination (return value 0)
		Usr 0 00:01:20, Sys 0 00:00:06  -  Run Remote Usage
		Usr 0 00:00:00, Sys 0 00:00:00  -  Run Local Usage
		Usr 0 00:01:20, Sys 0 00:00:06  -  Total Remote Usage
		Usr 0 00:00:00, Sys 0 00:00:00  -  Total Local Usage
	133441  -  Run Bytes Sent By Job
	2244339  -  Run Bytes Received By Job
	133441  -  Total Bytes Sent By Job
	2244339  -  Total Bytes Received By Job
	Partitionable Resources :    Usage  Request Allocated 
	   Cpus                 :        0        1         1 
	   Disk (KB)            :     5083     2250    320804 
	   Memory (MB)          :      202     2000      2000 
...
