000 (12188447.071.000) 03/28 21:58:22 Job submitted from host: <131.225.188.55:9618?addrs=131.225.188.55-9618&noUDP&sock=16299_5637_3>
...
001 (12188447.071.000) 03/28 22:00:46 Job executing on host: <131.225.191.193:9618?addrs=131.225.191.193-9618&noUDP&sock=1151_1198_3>
...
006 (12188447.071.000) 03/28 22:01:56 Image size of job updated: 173
	173  -  MemoryUsage of job (MB)
	178108  -  ResidentSetSize of job (KB)
...
006 (12188447.071.000) 03/28 22:02:56 Image size of job updated: 208
	208  -  MemoryUsage of job (MB)
	213584  -  ResidentSetSize of job (KB)
...
005 (12188447.071.000) 03/28 22:03:02 Job terminated.
	(1) Normal termination (return value 0)
		Usr 0 00:01:32, Sys 0 00:00:05  -  Run Remote Usage
		Usr 0 00:00:00, Sys 0 00:00:00  -  Run Local Usage
		Usr 0 00:01:32, Sys 0 00:00:05  -  Total Remote Usage
		Usr 0 00:00:00, Sys 0 00:00:00  -  Total Local Usage
	133596  -  Run Bytes Sent By Job
	2244339  -  Run Bytes Received By Job
	133596  -  Total Bytes Sent By Job
	2244339  -  Total Bytes Received By Job
	Partitionable Resources :    Usage  Request Allocated 
	   Cpus                 :     0.01        1         1 
	   Disk (KB)            :  5083        2250    309708 
	   Memory (MB)          :     3        2000      2000 
...
