000 (12188447.044.000) 03/28 21:58:22 Job submitted from host: <131.225.188.55:9618?addrs=131.225.188.55-9618&noUDP&sock=16299_5637_3>
...
001 (12188447.044.000) 03/28 22:00:37 Job executing on host: <131.225.204.94:9618?addrs=131.225.204.94-9618&noUDP&sock=1157_2f2a_3>
...
006 (12188447.044.000) 03/28 22:00:46 Image size of job updated: 90
	90  -  MemoryUsage of job (MB)
	92244  -  ResidentSetSize of job (KB)
...
006 (12188447.044.000) 03/28 22:01:46 Image size of job updated: 173
	173  -  MemoryUsage of job (MB)
	177640  -  ResidentSetSize of job (KB)
...
006 (12188447.044.000) 03/28 22:02:36 Image size of job updated: 212
	212  -  MemoryUsage of job (MB)
	217204  -  ResidentSetSize of job (KB)
...
005 (12188447.044.000) 03/28 22:02:41 Job terminated.
	(1) Normal termination (return value 0)
		Usr 0 00:01:32, Sys 0 00:00:04  -  Run Remote Usage
		Usr 0 00:00:00, Sys 0 00:00:00  -  Run Local Usage
		Usr 0 00:01:32, Sys 0 00:00:04  -  Total Remote Usage
		Usr 0 00:00:00, Sys 0 00:00:00  -  Total Local Usage
	133522  -  Run Bytes Sent By Job
	2244339  -  Run Bytes Received By Job
	133522  -  Total Bytes Sent By Job
	2244339  -  Total Bytes Received By Job
	Partitionable Resources :    Usage  Request Allocated 
	   Cpus                 :     0.00        1         1 
	   Disk (KB)            :  5083        2250    314465 
	   Memory (MB)          :   212        2000      2000 
...
