000 (12188447.079.000) 03/28 21:58:22 Job submitted from host: <131.225.188.55:9618?addrs=131.225.188.55-9618&noUDP&sock=16299_5637_3>
...
001 (12188447.079.000) 03/28 22:00:44 Job executing on host: <131.225.206.94:9618?addrs=131.225.206.94-9618&noUDP&sock=1159_8e5a_3>
...
006 (12188447.079.000) 03/28 22:01:54 Image size of job updated: 116
	116  -  MemoryUsage of job (MB)
	118792  -  ResidentSetSize of job (KB)
...
006 (12188447.079.000) 03/28 22:02:55 Image size of job updated: 203
	203  -  MemoryUsage of job (MB)
	208780  -  ResidentSetSize of job (KB)
...
006 (12188447.079.000) 03/28 22:03:30 Image size of job updated: 204
	204  -  MemoryUsage of job (MB)
	208992  -  ResidentSetSize of job (KB)
...
005 (12188447.079.000) 03/28 22:03:33 Job terminated.
	(1) Normal termination (return value 0)
		Usr 0 00:01:23, Sys 0 00:00:06  -  Run Remote Usage
		Usr 0 00:00:00, Sys 0 00:00:00  -  Run Local Usage
		Usr 0 00:01:23, Sys 0 00:00:06  -  Total Remote Usage
		Usr 0 00:00:00, Sys 0 00:00:00  -  Total Local Usage
	135027  -  Run Bytes Sent By Job
	2244339  -  Run Bytes Received By Job
	135027  -  Total Bytes Sent By Job
	2244339  -  Total Bytes Received By Job
	Partitionable Resources :    Usage  Request Allocated 
	   Cpus                 :        0        1         1 
	   Disk (KB)            :     5085     2250    308723 
	   Memory (MB)          :      204     2000      2000 
...
