000 (12188447.060.000) 03/28 21:58:22 Job submitted from host: <131.225.188.55:9618?addrs=131.225.188.55-9618&noUDP&sock=16299_5637_3>
...
001 (12188447.060.000) 03/28 22:00:41 Job executing on host: <131.225.188.94:9618?addrs=131.225.188.94-9618&noUDP&sock=1925_f7e6_3>
...
006 (12188447.060.000) 03/28 22:00:51 Image size of job updated: 21
	21  -  MemoryUsage of job (MB)
	22040  -  ResidentSetSize of job (KB)
...
006 (12188447.060.000) 03/28 22:01:51 Image size of job updated: 26
	26  -  MemoryUsage of job (MB)
	27280  -  ResidentSetSize of job (KB)
...
006 (12188447.060.000) 03/28 22:02:51 Image size of job updated: 27
	27  -  MemoryUsage of job (MB)
	28556  -  ResidentSetSize of job (KB)
...
006 (12188447.060.000) 03/28 22:03:51 Image size of job updated: 85
	85  -  MemoryUsage of job (MB)
	87736  -  ResidentSetSize of job (KB)
...
006 (12188447.060.000) 03/28 22:04:52 Image size of job updated: 201
	201  -  MemoryUsage of job (MB)
	205980  -  ResidentSetSize of job (KB)
...
006 (12188447.060.000) 03/28 22:05:17 Image size of job updated: 208
	208  -  MemoryUsage of job (MB)
	213772  -  ResidentSetSize of job (KB)
...
005 (12188447.060.000) 03/28 22:05:18 Job terminated.
	(1) Normal termination (return value 0)
		Usr 0 00:01:31, Sys 0 00:00:07  -  Run Remote Usage
		Usr 0 00:00:00, Sys 0 00:00:00  -  Run Local Usage
		Usr 0 00:01:31, Sys 0 00:00:07  -  Total Remote Usage
		Usr 0 00:00:00, Sys 0 00:00:00  -  Total Local Usage
	134983  -  Run Bytes Sent By Job
	2244339  -  Run Bytes Received By Job
	134983  -  Total Bytes Sent By Job
	2244339  -  Total Bytes Received By Job
	Partitionable Resources :    Usage  Request Allocated 
	   Cpus                 :     0.01        1         1 
	   Disk (KB)            :  5085        2250   1645639 
	   Memory (MB)          :   208        2000      2000 
...
