000 (12188447.021.000) 03/28 21:58:21 Job submitted from host: <131.225.188.55:9618?addrs=131.225.188.55-9618&noUDP&sock=16299_5637_3>
...
001 (12188447.021.000) 03/28 22:00:34 Job executing on host: <131.225.206.188:9618?addrs=131.225.206.188-9618&noUDP&sock=1171_c97d_3>
...
006 (12188447.021.000) 03/28 22:01:44 Image size of job updated: 165
	165  -  MemoryUsage of job (MB)
	169876  -  ResidentSetSize of job (KB)
...
006 (12188447.021.000) 03/28 22:02:45 Image size of job updated: 205
	205  -  MemoryUsage of job (MB)
	210504  -  ResidentSetSize of job (KB)
...
006 (12188447.021.000) 03/28 22:03:02 Image size of job updated: 205
	205  -  MemoryUsage of job (MB)
	210904  -  ResidentSetSize of job (KB)
...
005 (12188447.021.000) 03/28 22:03:04 Job terminated.
	(1) Normal termination (return value 0)
		Usr 0 00:01:33, Sys 0 00:00:04  -  Run Remote Usage
		Usr 0 00:00:00, Sys 0 00:00:00  -  Run Local Usage
		Usr 0 00:01:33, Sys 0 00:00:04  -  Total Remote Usage
		Usr 0 00:00:00, Sys 0 00:00:00  -  Total Local Usage
	133786  -  Run Bytes Sent By Job
	2244339  -  Run Bytes Received By Job
	133786  -  Total Bytes Sent By Job
	2244339  -  Total Bytes Received By Job
	Partitionable Resources :    Usage  Request Allocated 
	   Cpus                 :     0.00        1         1 
	   Disk (KB)            :  5084        2250    303092 
	   Memory (MB)          :   205        2000      2000 
...
