000 (12188447.068.000) 03/28 21:58:22 Job submitted from host: <131.225.188.55:9618?addrs=131.225.188.55-9618&noUDP&sock=16299_5637_3>
...
001 (12188447.068.000) 03/28 22:00:42 Job executing on host: <131.225.206.13:9618?addrs=131.225.206.13-9618&noUDP&sock=1176_3777_3>
...
006 (12188447.068.000) 03/28 22:00:51 Image size of job updated: 80
	80  -  MemoryUsage of job (MB)
	82904  -  ResidentSetSize of job (KB)
...
006 (12188447.068.000) 03/28 22:01:52 Image size of job updated: 167
	167  -  MemoryUsage of job (MB)
	171364  -  ResidentSetSize of job (KB)
...
006 (12188447.068.000) 03/28 22:02:45 Image size of job updated: 209
	209  -  MemoryUsage of job (MB)
	214828  -  ResidentSetSize of job (KB)
...
005 (12188447.068.000) 03/28 22:02:48 Job terminated.
	(1) Normal termination (return value 0)
		Usr 0 00:01:32, Sys 0 00:00:05  -  Run Remote Usage
		Usr 0 00:00:00, Sys 0 00:00:00  -  Run Local Usage
		Usr 0 00:01:32, Sys 0 00:00:05  -  Total Remote Usage
		Usr 0 00:00:00, Sys 0 00:00:00  -  Total Local Usage
	133350  -  Run Bytes Sent By Job
	2244339  -  Run Bytes Received By Job
	133350  -  Total Bytes Sent By Job
	2244339  -  Total Bytes Received By Job
	Partitionable Resources :    Usage  Request Allocated 
	   Cpus                 :        0        1         1 
	   Disk (KB)            :     5083     2250    308045 
	   Memory (MB)          :      209     2000      2000 
...
