000 (12188447.041.000) 03/28 21:58:22 Job submitted from host: <131.225.188.55:9618?addrs=131.225.188.55-9618&noUDP&sock=16299_5637_3>
...
001 (12188447.041.000) 03/28 22:00:36 Job executing on host: <131.225.204.102:9618?addrs=131.225.204.102-9618&noUDP&sock=1153_70c9_3>
...
006 (12188447.041.000) 03/28 22:01:47 Image size of job updated: 127
	127  -  MemoryUsage of job (MB)
	130232  -  ResidentSetSize of job (KB)
...
006 (12188447.041.000) 03/28 22:02:47 Image size of job updated: 168
	168  -  MemoryUsage of job (MB)
	172956  -  ResidentSetSize of job (KB)
...
006 (12188447.041.000) 03/28 22:03:28 Image size of job updated: 209
	209  -  MemoryUsage of job (MB)
	214256  -  ResidentSetSize of job (KB)
...
005 (12188447.041.000) 03/28 22:03:29 Job terminated.
	(1) Normal termination (return value 0)
		Usr 0 00:01:37, Sys 0 00:00:06  -  Run Remote Usage
		Usr 0 00:00:00, Sys 0 00:00:00  -  Run Local Usage
		Usr 0 00:01:37, Sys 0 00:00:06  -  Total Remote Usage
		Usr 0 00:00:00, Sys 0 00:00:00  -  Total Local Usage
	133872  -  Run Bytes Sent By Job
	2244339  -  Run Bytes Received By Job
	133872  -  Total Bytes Sent By Job
	2244339  -  Total Bytes Received By Job
	Partitionable Resources :    Usage  Request Allocated 
	   Cpus                 :     0.01        1         1 
	   Disk (KB)            :  5084        2250    308632 
	   Memory (MB)          :   209        2000      2000 
...
