000 (12188447.014.000) 03/28 21:58:21 Job submitted from host: <131.225.188.55:9618?addrs=131.225.188.55-9618&noUDP&sock=16299_5637_3>
...
001 (12188447.014.000) 03/28 22:00:31 Job executing on host: <131.225.188.64:9618?addrs=131.225.188.64-9618&noUDP&sock=1934_2440_3>
...
006 (12188447.014.000) 03/28 22:01:43 Image size of job updated: 126
	126  -  MemoryUsage of job (MB)
	129700  -  ResidentSetSize of job (KB)
...
006 (12188447.014.000) 03/28 22:02:44 Image size of job updated: 205
	205  -  MemoryUsage of job (MB)
	210904  -  ResidentSetSize of job (KB)
...
006 (12188447.014.000) 03/28 22:03:01 Image size of job updated: 212
	212  -  MemoryUsage of job (MB)
	218044  -  ResidentSetSize of job (KB)
...
005 (12188447.014.000) 03/28 22:03:02 Job terminated.
	(1) Normal termination (return value 0)
		Usr 0 00:01:33, Sys 0 00:00:06  -  Run Remote Usage
		Usr 0 00:00:00, Sys 0 00:00:00  -  Run Local Usage
		Usr 0 00:01:33, Sys 0 00:00:06  -  Total Remote Usage
		Usr 0 00:00:00, Sys 0 00:00:00  -  Total Local Usage
	133521  -  Run Bytes Sent By Job
	2244339  -  Run Bytes Received By Job
	133521  -  Total Bytes Sent By Job
	2244339  -  Total Bytes Received By Job
	Partitionable Resources :    Usage  Request Allocated 
	   Cpus                 :     0.01        1         1 
	   Disk (KB)            :  5084        2250   1622647 
	   Memory (MB)          :   212        2000      2000 
...
