000 (12188447.082.000) 03/28 21:58:22 Job submitted from host: <131.225.188.55:9618?addrs=131.225.188.55-9618&noUDP&sock=16299_5637_3>
...
001 (12188447.082.000) 03/28 22:00:45 Job executing on host: <131.225.206.165:9618?addrs=131.225.206.165-9618&noUDP&sock=1154_2061_3>
...
006 (12188447.082.000) 03/28 22:00:54 Image size of job updated: 25
	25  -  MemoryUsage of job (MB)
	25700  -  ResidentSetSize of job (KB)
...
006 (12188447.082.000) 03/28 22:01:54 Image size of job updated: 163
	163  -  MemoryUsage of job (MB)
	167308  -  ResidentSetSize of job (KB)
...
006 (12188447.082.000) 03/28 22:02:55 Image size of job updated: 169
	169  -  MemoryUsage of job (MB)
	173172  -  ResidentSetSize of job (KB)
...
006 (12188447.082.000) 03/28 22:03:30 Image size of job updated: 205
	205  -  MemoryUsage of job (MB)
	210668  -  ResidentSetSize of job (KB)
...
005 (12188447.082.000) 03/28 22:03:33 Job terminated.
	(1) Normal termination (return value 0)
		Usr 0 00:01:34, Sys 0 00:00:06  -  Run Remote Usage
		Usr 0 00:00:00, Sys 0 00:00:00  -  Run Local Usage
		Usr 0 00:01:34, Sys 0 00:00:06  -  Total Remote Usage
		Usr 0 00:00:00, Sys 0 00:00:00  -  Total Local Usage
	134449  -  Run Bytes Sent By Job
	2244339  -  Run Bytes Received By Job
	134449  -  Total Bytes Sent By Job
	2244339  -  Total Bytes Received By Job
	Partitionable Resources :    Usage  Request Allocated 
	   Cpus                 :        0        1         1 
	   Disk (KB)            :     5084     2250    316636 
	   Memory (MB)          :      205     2000      2000 
...
