000 (12188447.018.000) 03/28 21:58:21 Job submitted from host: <131.225.188.55:9618?addrs=131.225.188.55-9618&noUDP&sock=16299_5637_3>
...
001 (12188447.018.000) 03/28 22:00:35 Job executing on host: <131.225.188.86:9618?addrs=131.225.188.86-9618&noUDP&sock=1928_06af_3>
...
006 (12188447.018.000) 03/28 22:01:46 Image size of job updated: 163
	163  -  MemoryUsage of job (MB)
	167668  -  ResidentSetSize of job (KB)
...
006 (12188447.018.000) 03/28 22:02:47 Image size of job updated: 214
	214  -  MemoryUsage of job (MB)
	219216  -  ResidentSetSize of job (KB)
...
006 (12188447.018.000) 03/28 22:02:59 Image size of job updated: 214
	214  -  MemoryUsage of job (MB)
	219428  -  ResidentSetSize of job (KB)
...
005 (12188447.018.000) 03/28 22:02:59 Job terminated.
	(1) Normal termination (return value 0)
		Usr 0 00:01:38, Sys 0 00:00:06  -  Run Remote Usage
		Usr 0 00:00:00, Sys 0 00:00:00  -  Run Local Usage
		Usr 0 00:01:38, Sys 0 00:00:06  -  Total Remote Usage
		Usr 0 00:00:00, Sys 0 00:00:00  -  Total Local Usage
	134471  -  Run Bytes Sent By Job
	2244339  -  Run Bytes Received By Job
	134471  -  Total Bytes Sent By Job
	2244339  -  Total Bytes Received By Job
	Partitionable Resources :    Usage  Request Allocated 
	   Cpus                 :     0.00        1         1 
	   Disk (KB)            :  5085        2250   1630173 
	   Memory (MB)          :   214        2000      2000 
...
