000 (12188447.015.000) 03/28 21:58:21 Job submitted from host: <131.225.188.55:9618?addrs=131.225.188.55-9618&noUDP&sock=16299_5637_3>
...
001 (12188447.015.000) 03/28 22:00:32 Job executing on host: <131.225.188.84:9618?addrs=131.225.188.84-9618&noUDP&sock=1919_da55_3>
...
006 (12188447.015.000) 03/28 22:01:45 Image size of job updated: 136
	136  -  MemoryUsage of job (MB)
	140128  -  ResidentSetSize of job (KB)
...
006 (12188447.015.000) 03/28 22:02:44 Image size of job updated: 204
	204  -  MemoryUsage of job (MB)
	209288  -  ResidentSetSize of job (KB)
...
006 (12188447.015.000) 03/28 22:02:59 Image size of job updated: 204
	204  -  MemoryUsage of job (MB)
	209496  -  ResidentSetSize of job (KB)
...
005 (12188447.015.000) 03/28 22:03:00 Job terminated.
	(1) Normal termination (return value 0)
		Usr 0 00:01:34, Sys 0 00:00:06  -  Run Remote Usage
		Usr 0 00:00:00, Sys 0 00:00:00  -  Run Local Usage
		Usr 0 00:01:34, Sys 0 00:00:06  -  Total Remote Usage
		Usr 0 00:00:00, Sys 0 00:00:00  -  Total Local Usage
	133928  -  Run Bytes Sent By Job
	2244339  -  Run Bytes Received By Job
	133928  -  Total Bytes Sent By Job
	2244339  -  Total Bytes Received By Job
	Partitionable Resources :    Usage  Request Allocated 
	   Cpus                 :     0.00        1         1 
	   Disk (KB)            :  5084        2250   1628446 
	   Memory (MB)          :   204        2000      2000 
...
