000 (12188447.003.000) 03/28 21:58:21 Job submitted from host: <131.225.188.55:9618?addrs=131.225.188.55-9618&noUDP&sock=16299_5637_3>
...
001 (12188447.003.000) 03/28 22:00:29 Job executing on host: <131.225.205.197:9618?addrs=131.225.205.197-9618&noUDP&sock=1470_e04f_3>
...
006 (12188447.003.000) 03/28 22:01:39 Image size of job updated: 163
	163  -  MemoryUsage of job (MB)
	167524  -  ResidentSetSize of job (KB)
...
006 (12188447.003.000) 03/28 22:02:40 Image size of job updated: 202
	202  -  MemoryUsage of job (MB)
	207304  -  ResidentSetSize of job (KB)
...
006 (12188447.003.000) 03/28 22:03:17 Image size of job updated: 213
	213  -  MemoryUsage of job (MB)
	218424  -  ResidentSetSize of job (KB)
...
005 (12188447.003.000) 03/28 22:03:18 Job terminated.
	(1) Normal termination (return value 0)
		Usr 0 00:02:05, Sys 0 00:00:07  -  Run Remote Usage
		Usr 0 00:00:00, Sys 0 00:00:00  -  Run Local Usage
		Usr 0 00:02:05, Sys 0 00:00:07  -  Total Remote Usage
		Usr 0 00:00:00, Sys 0 00:00:00  -  Total Local Usage
	134012  -  Run Bytes Sent By Job
	2244339  -  Run Bytes Received By Job
	134012  -  Total Bytes Sent By Job
	2244339  -  Total Bytes Received By Job
	Partitionable Resources :    Usage  Request Allocated 
	   Cpus                 :        0        1         1 
	   Disk (KB)            :     5084     2250   1696710 
	   Memory (MB)          :      213     2000      2000 
...
