000 (12188447.022.000) 03/28 21:58:21 Job submitted from host: <131.225.188.55:9618?addrs=131.225.188.55-9618&noUDP&sock=16299_5637_3>
...
001 (12188447.022.000) 03/28 22:00:34 Job executing on host: <131.225.206.163:9618?addrs=131.225.206.163-9618&noUDP&sock=1152_c131_3>
...
006 (12188447.022.000) 03/28 22:01:44 Image size of job updated: 166
	166  -  MemoryUsage of job (MB)
	170660  -  ResidentSetSize of job (KB)
...
006 (12188447.022.000) 03/28 22:02:43 Image size of job updated: 206
	206  -  MemoryUsage of job (MB)
	211316  -  ResidentSetSize of job (KB)
...
005 (12188447.022.000) 03/28 22:02:43 Job terminated.
	(1) Normal termination (return value 0)
		Usr 0 00:01:33, Sys 0 00:00:03  -  Run Remote Usage
		Usr 0 00:00:00, Sys 0 00:00:00  -  Run Local Usage
		Usr 0 00:01:33, Sys 0 00:00:03  -  Total Remote Usage
		Usr 0 00:00:00, Sys 0 00:00:00  -  Total Local Usage
	133610  -  Run Bytes Sent By Job
	2244339  -  Run Bytes Received By Job
	133610  -  Total Bytes Sent By Job
	2244339  -  Total Bytes Received By Job
	Partitionable Resources :    Usage  Request Allocated 
	   Cpus                 :     0.01        1         1 
	   Disk (KB)            :  5083        2250    320891 
	   Memory (MB)          :   206        2000      2000 
...
