000 (12188447.080.000) 03/28 21:58:22 Job submitted from host: <131.225.188.55:9618?addrs=131.225.188.55-9618&noUDP&sock=16299_5637_3>
...
001 (12188447.080.000) 03/28 22:00:45 Job executing on host: <131.225.184.14:9618?addrs=131.225.184.14-9618&noUDP&sock=1295_d73c_3>
...
006 (12188447.080.000) 03/28 22:01:53 Image size of job updated: 73
	73  -  MemoryUsage of job (MB)
	74788  -  ResidentSetSize of job (KB)
...
006 (12188447.080.000) 03/28 22:02:54 Image size of job updated: 164
	164  -  MemoryUsage of job (MB)
	168308  -  ResidentSetSize of job (KB)
...
006 (12188447.080.000) 03/28 22:03:55 Image size of job updated: 203
	203  -  MemoryUsage of job (MB)
	208872  -  ResidentSetSize of job (KB)
...
005 (12188447.080.000) 03/28 22:03:59 Job terminated.
	(1) Normal termination (return value 0)
		Usr 0 00:01:20, Sys 0 00:00:06  -  Run Remote Usage
		Usr 0 00:00:00, Sys 0 00:00:00  -  Run Local Usage
		Usr 0 00:01:20, Sys 0 00:00:06  -  Total Remote Usage
		Usr 0 00:00:00, Sys 0 00:00:00  -  Total Local Usage
	135285  -  Run Bytes Sent By Job
	2244339  -  Run Bytes Received By Job
	135285  -  Total Bytes Sent By Job
	2244339  -  Total Bytes Received By Job
	Partitionable Resources :    Usage  Request Allocated 
	   Cpus                 :        0        1         1 
	   Disk (KB)            :     5085     2250    335837 
	   Memory (MB)          :      203     2000      2000 
...
