000 (12188447.069.000) 03/28 21:58:22 Job submitted from host: <131.225.188.55:9618?addrs=131.225.188.55-9618&noUDP&sock=16299_5637_3>
...
001 (12188447.069.000) 03/28 22:00:42 Job executing on host: <131.225.206.183:9618?addrs=131.225.206.183-9618&noUDP&sock=1165_abec_3>
...
006 (12188447.069.000) 03/28 22:00:50 Image size of job updated: 5
	5  -  MemoryUsage of job (MB)
	5260  -  ResidentSetSize of job (KB)
...
006 (12188447.069.000) 03/28 22:01:51 Image size of job updated: 174
	174  -  MemoryUsage of job (MB)
	178484  -  ResidentSetSize of job (KB)
...
006 (12188447.069.000) 03/28 22:02:51 Image size of job updated: 213
	213  -  MemoryUsage of job (MB)
	218156  -  ResidentSetSize of job (KB)
...
005 (12188447.069.000) 03/28 22:02:54 Job terminated.
	(1) Normal termination (return value 0)
		Usr 0 00:01:18, Sys 0 00:00:04  -  Run Remote Usage
		Usr 0 00:00:00, Sys 0 00:00:00  -  Run Local Usage
		Usr 0 00:01:18, Sys 0 00:00:04  -  Total Remote Usage
		Usr 0 00:00:00, Sys 0 00:00:00  -  Total Local Usage
	133602  -  Run Bytes Sent By Job
	2244339  -  Run Bytes Received By Job
	133602  -  Total Bytes Sent By Job
	2244339  -  Total Bytes Received By Job
	Partitionable Resources :    Usage  Request Allocated 
	   Cpus                 :        0        1         1 
	   Disk (KB)            :     5083     2250    311471 
	   Memory (MB)          :      213     2000      2000 
...
