000 (12188447.050.000) 03/28 21:58:22 Job submitted from host: <131.225.188.55:9618?addrs=131.225.188.55-9618&noUDP&sock=16299_5637_3>
...
001 (12188447.050.000) 03/28 22:00:39 Job executing on host: <131.225.188.76:9618?addrs=131.225.188.76-9618&noUDP&sock=1924_484e_3>
...
006 (12188447.050.000) 03/28 22:01:49 Image size of job updated: 127
	127  -  MemoryUsage of job (MB)
	130124  -  ResidentSetSize of job (KB)
...
006 (12188447.050.000) 03/28 22:02:49 Image size of job updated: 203
	203  -  MemoryUsage of job (MB)
	208852  -  ResidentSetSize of job (KB)
...
006 (12188447.050.000) 03/28 22:03:17 Image size of job updated: 204
	204  -  MemoryUsage of job (MB)
	209076  -  ResidentSetSize of job (KB)
...
005 (12188447.050.000) 03/28 22:03:18 Job terminated.
	(1) Normal termination (return value 0)
		Usr 0 00:01:33, Sys 0 00:00:07  -  Run Remote Usage
		Usr 0 00:00:00, Sys 0 00:00:00  -  Run Local Usage
		Usr 0 00:01:33, Sys 0 00:00:07  -  Total Remote Usage
		Usr 0 00:00:00, Sys 0 00:00:00  -  Total Local Usage
	134636  -  Run Bytes Sent By Job
	2244339  -  Run Bytes Received By Job
	134636  -  Total Bytes Sent By Job
	2244339  -  Total Bytes Received By Job
	Partitionable Resources :    Usage  Request Allocated 
	   Cpus                 :        0        1         1 
	   Disk (KB)            :     5085     2250   1644794 
	   Memory (MB)          :      204     2000      2000 
...
