000 (12188447.034.000) 03/28 21:58:21 Job submitted from host: <131.225.188.55:9618?addrs=131.225.188.55-9618&noUDP&sock=16299_5637_3>
...
001 (12188447.034.000) 03/28 22:00:35 Job executing on host: <131.225.206.185:9618?addrs=131.225.206.185-9618&noUDP&sock=1164_fc54_3>
...
006 (12188447.034.000) 03/28 22:00:45 Image size of job updated: 54
	54  -  MemoryUsage of job (MB)
	55656  -  ResidentSetSize of job (KB)
...
006 (12188447.034.000) 03/28 22:01:45 Image size of job updated: 164
	164  -  MemoryUsage of job (MB)
	168412  -  ResidentSetSize of job (KB)
...
006 (12188447.034.000) 03/28 22:02:45 Image size of job updated: 202
	202  -  MemoryUsage of job (MB)
	207104  -  ResidentSetSize of job (KB)
...
006 (12188447.034.000) 03/28 22:03:02 Image size of job updated: 202
	202  -  MemoryUsage of job (MB)
	207312  -  ResidentSetSize of job (KB)
...
005 (12188447.034.000) 03/28 22:03:04 Job terminated.
	(1) Normal termination (return value 0)
		Usr 0 00:01:32, Sys 0 00:00:04  -  Run Remote Usage
		Usr 0 00:00:00, Sys 0 00:00:00  -  Run Local Usage
		Usr 0 00:01:32, Sys 0 00:00:04  -  Total Remote Usage
		Usr 0 00:00:00, Sys 0 00:00:00  -  Total Local Usage
	133607  -  Run Bytes Sent By Job
	2244339  -  Run Bytes Received By Job
	133607  -  Total Bytes Sent By Job
	2244339  -  Total Bytes Received By Job
	Partitionable Resources :    Usage  Request Allocated 
	   Cpus                 :     0.00        1         1 
	   Disk (KB)            :  5083        2250    320405 
	   Memory (MB)          :   202        2000      2000 
...
