000 (12188447.036.000) 03/28 21:58:21 Job submitted from host: <131.225.188.55:9618?addrs=131.225.188.55-9618&noUDP&sock=16299_5637_3>
...
001 (12188447.036.000) 03/28 22:00:36 Job executing on host: <131.225.206.51:9618?addrs=131.225.206.51-9618&noUDP&sock=1160_3df3_3>
...
006 (12188447.036.000) 03/28 22:00:45 Image size of job updated: 29
	29  -  MemoryUsage of job (MB)
	30544  -  ResidentSetSize of job (KB)
...
006 (12188447.036.000) 03/28 22:01:46 Image size of job updated: 167
	167  -  MemoryUsage of job (MB)
	171448  -  ResidentSetSize of job (KB)
...
006 (12188447.036.000) 03/28 22:02:47 Image size of job updated: 203
	203  -  MemoryUsage of job (MB)
	208344  -  ResidentSetSize of job (KB)
...
005 (12188447.036.000) 03/28 22:02:52 Job terminated.
	(1) Normal termination (return value 0)
		Usr 0 00:01:18, Sys 0 00:00:04  -  Run Remote Usage
		Usr 0 00:00:00, Sys 0 00:00:00  -  Run Local Usage
		Usr 0 00:01:18, Sys 0 00:00:04  -  Total Remote Usage
		Usr 0 00:00:00, Sys 0 00:00:00  -  Total Local Usage
	133487  -  Run Bytes Sent By Job
	2244339  -  Run Bytes Received By Job
	133487  -  Total Bytes Sent By Job
	2244339  -  Total Bytes Received By Job
	Partitionable Resources :    Usage  Request Allocated 
	   Cpus                 :     0.00        1         1 
	   Disk (KB)            :  5083        2250    316859 
	   Memory (MB)          :   203        2000      2000 
...
