000 (12188447.057.000) 03/28 21:58:22 Job submitted from host: <131.225.188.55:9618?addrs=131.225.188.55-9618&noUDP&sock=16299_5637_3>
...
001 (12188447.057.000) 03/28 22:00:40 Job executing on host: <131.225.206.47:9618?addrs=131.225.206.47-9618&noUDP&sock=1148_02d0_3>
...
006 (12188447.057.000) 03/28 22:00:49 Image size of job updated: 56
	56  -  MemoryUsage of job (MB)
	57960  -  ResidentSetSize of job (KB)
...
006 (12188447.057.000) 03/28 22:01:50 Image size of job updated: 169
	169  -  MemoryUsage of job (MB)
	173280  -  ResidentSetSize of job (KB)
...
006 (12188447.057.000) 03/28 22:02:36 Image size of job updated: 208
	208  -  MemoryUsage of job (MB)
	213764  -  ResidentSetSize of job (KB)
...
005 (12188447.057.000) 03/28 22:02:39 Job terminated.
	(1) Normal termination (return value 0)
		Usr 0 00:01:33, Sys 0 00:00:04  -  Run Remote Usage
		Usr 0 00:00:00, Sys 0 00:00:00  -  Run Local Usage
		Usr 0 00:01:33, Sys 0 00:00:04  -  Total Remote Usage
		Usr 0 00:00:00, Sys 0 00:00:00  -  Total Local Usage
	133622  -  Run Bytes Sent By Job
	2244339  -  Run Bytes Received By Job
	133622  -  Total Bytes Sent By Job
	2244339  -  Total Bytes Received By Job
	Partitionable Resources :    Usage  Request Allocated 
	   Cpus                 :        0        1         1 
	   Disk (KB)            :     5083     2250    320106 
	   Memory (MB)          :      208     2000      2000 
...
