000 (12188447.076.000) 03/28 21:58:22 Job submitted from host: <131.225.188.55:9618?addrs=131.225.188.55-9618&noUDP&sock=16299_5637_3>
...
001 (12188447.076.000) 03/28 22:00:44 Job executing on host: <131.225.206.189:9618?addrs=131.225.206.189-9618&noUDP&sock=1148_02d0_3>
...
006 (12188447.076.000) 03/28 22:00:52 Image size of job updated: 5
	3  -  MemoryUsage of job (MB)
	3528  -  ResidentSetSize of job (KB)
...
006 (12188447.076.000) 03/28 22:01:53 Image size of job updated: 165
	165  -  MemoryUsage of job (MB)
	169920  -  ResidentSetSize of job (KB)
...
006 (12188447.076.000) 03/28 22:02:54 Image size of job updated: 204
	204  -  MemoryUsage of job (MB)
	209144  -  ResidentSetSize of job (KB)
...
006 (12188447.076.000) 03/28 22:03:11 Image size of job updated: 204
	204  -  MemoryUsage of job (MB)
	209376  -  ResidentSetSize of job (KB)
...
005 (12188447.076.000) 03/28 22:03:13 Job terminated.
	(1) Normal termination (return value 0)
		Usr 0 00:01:26, Sys 0 00:00:07  -  Run Remote Usage
		Usr 0 00:00:00, Sys 0 00:00:00  -  Run Local Usage
		Usr 0 00:01:26, Sys 0 00:00:07  -  Total Remote Usage
		Usr 0 00:00:00, Sys 0 00:00:00  -  Total Local Usage
	133420  -  Run Bytes Sent By Job
	2244339  -  Run Bytes Received By Job
	133420  -  Total Bytes Sent By Job
	2244339  -  Total Bytes Received By Job
	Partitionable Resources :    Usage  Request Allocated 
	   Cpus                 :     0.00        1         1 
	   Disk (KB)            :  5083        2250    320622 
	   Memory (MB)          :   204        2000      2000 
...
