000 (12188447.043.000) 03/28 21:58:22 Job submitted from host: <131.225.188.55:9618?addrs=131.225.188.55-9618&noUDP&sock=16299_5637_3>
...
001 (12188447.043.000) 03/28 22:00:38 Job executing on host: <131.225.191.190:9618?addrs=131.225.191.190-9618&noUDP&sock=1181_a570_3>
...
006 (12188447.043.000) 03/28 22:01:48 Image size of job updated: 163
	163  -  MemoryUsage of job (MB)
	167896  -  ResidentSetSize of job (KB)
...
006 (12188447.043.000) 03/28 22:02:49 Image size of job updated: 202
	202  -  MemoryUsage of job (MB)
	207740  -  ResidentSetSize of job (KB)
...
006 (12188447.043.000) 03/28 22:03:14 Image size of job updated: 203
	203  -  MemoryUsage of job (MB)
	207976  -  ResidentSetSize of job (KB)
...
005 (12188447.043.000) 03/28 22:03:16 Job terminated.
	(1) Normal termination (return value 0)
		Usr 0 00:01:24, Sys 0 00:00:06  -  Run Remote Usage
		Usr 0 00:00:00, Sys 0 00:00:00  -  Run Local Usage
		Usr 0 00:01:24, Sys 0 00:00:06  -  Total Remote Usage
		Usr 0 00:00:00, Sys 0 00:00:00  -  Total Local Usage
	134124  -  Run Bytes Sent By Job
	2244339  -  Run Bytes Received By Job
	134124  -  Total Bytes Sent By Job
	2244339  -  Total Bytes Received By Job
	Partitionable Resources :    Usage  Request Allocated 
	   Cpus                 :     0.00        1         1 
	   Disk (KB)            :  5084        2250    305131 
	   Memory (MB)          :   203        2000      2000 
...
