000 (12188447.013.000) 03/28 21:58:21 Job submitted from host: <131.225.188.55:9618?addrs=131.225.188.55-9618&noUDP&sock=16299_5637_3>
...
001 (12188447.013.000) 03/28 22:00:31 Job executing on host: <131.225.188.60:9618?addrs=131.225.188.60-9618&noUDP&sock=1917_7b24_3>
...
006 (12188447.013.000) 03/28 22:01:41 Image size of job updated: 163
	163  -  MemoryUsage of job (MB)
	167680  -  ResidentSetSize of job (KB)
...
006 (12188447.013.000) 03/28 22:02:41 Image size of job updated: 212
	212  -  MemoryUsage of job (MB)
	217700  -  ResidentSetSize of job (KB)
...
005 (12188447.013.000) 03/28 22:02:55 Job terminated.
	(1) Normal termination (return value 0)
		Usr 0 00:01:23, Sys 0 00:00:07  -  Run Remote Usage
		Usr 0 00:00:00, Sys 0 00:00:00  -  Run Local Usage
		Usr 0 00:01:23, Sys 0 00:00:07  -  Total Remote Usage
		Usr 0 00:00:00, Sys 0 00:00:00  -  Total Local Usage
	134036  -  Run Bytes Sent By Job
	2244339  -  Run Bytes Received By Job
	134036  -  Total Bytes Sent By Job
	2244339  -  Total Bytes Received By Job
	Partitionable Resources :    Usage  Request Allocated 
	   Cpus                 :     0.00        1         1 
	   Disk (KB)            :  5084        2250   1629004 
	   Memory (MB)          :   212        2000      2000 
...
