000 (12188447.012.000) 03/28 21:58:21 Job submitted from host: <131.225.188.55:9618?addrs=131.225.188.55-9618&noUDP&sock=16299_5637_3>
...
001 (12188447.012.000) 03/28 22:00:31 Job executing on host: <131.225.188.54:9618?addrs=131.225.188.54-9618&noUDP&sock=1932_c510_3>
...
006 (12188447.012.000) 03/28 22:01:45 Image size of job updated: 170
	170  -  MemoryUsage of job (MB)
	175080  -  ResidentSetSize of job (KB)
...
006 (12188447.012.000) 03/28 22:02:46 Image size of job updated: 204
	204  -  MemoryUsage of job (MB)
	209872  -  ResidentSetSize of job (KB)
...
006 (12188447.012.000) 03/28 22:02:58 Image size of job updated: 205
	205  -  MemoryUsage of job (MB)
	210068  -  ResidentSetSize of job (KB)
...
005 (12188447.012.000) 03/28 22:02:59 Job terminated.
	(1) Normal termination (return value 0)
		Usr 0 00:01:37, Sys 0 00:00:06  -  Run Remote Usage
		Usr 0 00:00:00, Sys 0 00:00:00  -  Run Local Usage
		Usr 0 00:01:37, Sys 0 00:00:06  -  Total Remote Usage
		Usr 0 00:00:00, Sys 0 00:00:00  -  Total Local Usage
	133952  -  Run Bytes Sent By Job
	2244339  -  Run Bytes Received By Job
	133952  -  Total Bytes Sent By Job
	2244339  -  Total Bytes Received By Job
	Partitionable Resources :    Usage  Request Allocated 
	   Cpus                 :     0.00        1         1 
	   Disk (KB)            :  5084        2250   1623635 
	   Memory (MB)          :   205        2000      2000 
...
