000 (12188447.001.000) 03/28 21:58:21 Job submitted from host: <131.225.188.55:9618?addrs=131.225.188.55-9618&noUDP&sock=16299_5637_3>
...
001 (12188447.001.000) 03/28 22:00:29 Job executing on host: <131.225.205.191:9618?addrs=131.225.205.191-9618&noUDP&sock=1466_21ee_3>
...
006 (12188447.001.000) 03/28 22:01:40 Image size of job updated: 79
	79  -  MemoryUsage of job (MB)
	81864  -  ResidentSetSize of job (KB)
...
006 (12188447.001.000) 03/28 22:02:40 Image size of job updated: 167
	167  -  MemoryUsage of job (MB)
	171068  -  ResidentSetSize of job (KB)
...
006 (12188447.001.000) 03/28 22:03:40 Image size of job updated: 205
	205  -  MemoryUsage of job (MB)
	210104  -  ResidentSetSize of job (KB)
...
005 (12188447.001.000) 03/28 22:03:49 Job terminated.
	(1) Normal termination (return value 0)
		Usr 0 00:01:49, Sys 0 00:00:07  -  Run Remote Usage
		Usr 0 00:00:00, Sys 0 00:00:00  -  Run Local Usage
		Usr 0 00:01:49, Sys 0 00:00:07  -  Total Remote Usage
		Usr 0 00:00:00, Sys 0 00:00:00  -  Total Local Usage
	134438  -  Run Bytes Sent By Job
	2244339  -  Run Bytes Received By Job
	134438  -  Total Bytes Sent By Job
	2244339  -  Total Bytes Received By Job
	Partitionable Resources :    Usage  Request Allocated 
	   Cpus                 :        0        1         1 
	   Disk (KB)            :     5085     2250   1650691 
	   Memory (MB)          :      205     2000      2000 
...
