000 (12188447.026.000) 03/28 21:58:21 Job submitted from host: <131.225.188.55:9618?addrs=131.225.188.55-9618&noUDP&sock=16299_5637_3>
...
001 (12188447.026.000) 03/28 22:00:35 Job executing on host: <131.225.204.80:9618?addrs=131.225.204.80-9618&noUDP&sock=1164_fc54_3>
...
006 (12188447.026.000) 03/28 22:01:47 Image size of job updated: 127
	127  -  MemoryUsage of job (MB)
	130136  -  ResidentSetSize of job (KB)
...
006 (12188447.026.000) 03/28 22:02:47 Image size of job updated: 169
	169  -  MemoryUsage of job (MB)
	173372  -  ResidentSetSize of job (KB)
...
006 (12188447.026.000) 03/28 22:03:24 Image size of job updated: 213
	213  -  MemoryUsage of job (MB)
	218300  -  ResidentSetSize of job (KB)
...
005 (12188447.026.000) 03/28 22:03:27 Job terminated.
	(1) Normal termination (return value 0)
		Usr 0 00:01:31, Sys 0 00:00:04  -  Run Remote Usage
		Usr 0 00:00:00, Sys 0 00:00:00  -  Run Local Usage
		Usr 0 00:01:31, Sys 0 00:00:04  -  Total Remote Usage
		Usr 0 00:00:00, Sys 0 00:00:00  -  Total Local Usage
	133700  -  Run Bytes Sent By Job
	2244339  -  Run Bytes Received By Job
	133700  -  Total Bytes Sent By Job
	2244339  -  Total Bytes Received By Job
	Partitionable Resources :    Usage  Request Allocated 
	   Cpus                 :     0.00        1         1 
	   Disk (KB)            :  5084        2250    321017 
	   Memory (MB)          :   213        2000      2000 
...
