000 (12188447.052.000) 03/28 21:58:22 Job submitted from host: <131.225.188.55:9618?addrs=131.225.188.55-9618&noUDP&sock=16299_5637_3>
...
001 (12188447.052.000) 03/28 22:00:39 Job executing on host: <131.225.188.20:9618?addrs=131.225.188.20-9618&noUDP&sock=1912_0d2b_3>
...
006 (12188447.052.000) 03/28 22:01:52 Image size of job updated: 44
	44  -  MemoryUsage of job (MB)
	45560  -  ResidentSetSize of job (KB)
...
006 (12188447.052.000) 03/28 22:02:52 Image size of job updated: 168
	168  -  MemoryUsage of job (MB)
	172168  -  ResidentSetSize of job (KB)
...
006 (12188447.052.000) 03/28 22:03:39 Image size of job updated: 212
	212  -  MemoryUsage of job (MB)
	217344  -  ResidentSetSize of job (KB)
...
005 (12188447.052.000) 03/28 22:03:40 Job terminated.
	(1) Normal termination (return value 0)
		Usr 0 00:01:29, Sys 0 00:00:07  -  Run Remote Usage
		Usr 0 00:00:00, Sys 0 00:00:00  -  Run Local Usage
		Usr 0 00:01:29, Sys 0 00:00:07  -  Total Remote Usage
		Usr 0 00:00:00, Sys 0 00:00:00  -  Total Local Usage
	134407  -  Run Bytes Sent By Job
	2244339  -  Run Bytes Received By Job
	134407  -  Total Bytes Sent By Job
	2244339  -  Total Bytes Received By Job
	Partitionable Resources :    Usage  Request Allocated 
	   Cpus                 :        0        1         1 
	   Disk (KB)            :     5085     2250   1634953 
	   Memory (MB)          :      212     2000      2000 
...
