000 (12188447.062.000) 03/28 21:58:22 Job submitted from host: <131.225.188.55:9618?addrs=131.225.188.55-9618&noUDP&sock=16299_5637_3>
...
001 (12188447.062.000) 03/28 22:00:43 Job executing on host: <131.225.188.22:9618?addrs=131.225.188.22-9618&noUDP&sock=1928_06af_3>
...
006 (12188447.062.000) 03/28 22:01:52 Image size of job updated: 44
	44  -  MemoryUsage of job (MB)
	45504  -  ResidentSetSize of job (KB)
...
006 (12188447.062.000) 03/28 22:02:52 Image size of job updated: 181
	181  -  MemoryUsage of job (MB)
	185548  -  ResidentSetSize of job (KB)
...
005 (12188447.062.000) 03/28 22:03:51 Job terminated.
	(1) Normal termination (return value 0)
		Usr 0 00:00:59, Sys 0 00:00:05  -  Run Remote Usage
		Usr 0 00:00:00, Sys 0 00:00:00  -  Run Local Usage
		Usr 0 00:00:59, Sys 0 00:00:05  -  Total Remote Usage
		Usr 0 00:00:00, Sys 0 00:00:00  -  Total Local Usage
	135603  -  Run Bytes Sent By Job
	2244339  -  Run Bytes Received By Job
	135603  -  Total Bytes Sent By Job
	2244339  -  Total Bytes Received By Job
	Partitionable Resources :    Usage  Request Allocated 
	   Cpus                 :     0.00        1         1 
	   Disk (KB)            :  5086        2250   1651073 
	   Memory (MB)          :   181        2000      2000 
...
