000 (12188447.020.000) 03/28 21:58:21 Job submitted from host: <131.225.188.55:9618?addrs=131.225.188.55-9618&noUDP&sock=16299_5637_3>
...
001 (12188447.020.000) 03/28 22:00:32 Job executing on host: <131.225.206.213:9618?addrs=131.225.206.213-9618&noUDP&sock=1165_abec_3>
...
006 (12188447.020.000) 03/28 22:01:41 Image size of job updated: 166
	166  -  MemoryUsage of job (MB)
	170024  -  ResidentSetSize of job (KB)
...
006 (12188447.020.000) 03/28 22:02:42 Image size of job updated: 209
	209  -  MemoryUsage of job (MB)
	214584  -  ResidentSetSize of job (KB)
...
005 (12188447.020.000) 03/28 22:02:45 Job terminated.
	(1) Normal termination (return value 0)
		Usr 0 00:01:30, Sys 0 00:00:06  -  Run Remote Usage
		Usr 0 00:00:00, Sys 0 00:00:00  -  Run Local Usage
		Usr 0 00:01:30, Sys 0 00:00:06  -  Total Remote Usage
		Usr 0 00:00:00, Sys 0 00:00:00  -  Total Local Usage
	133520  -  Run Bytes Sent By Job
	2244339  -  Run Bytes Received By Job
	133520  -  Total Bytes Sent By Job
	2244339  -  Total Bytes Received By Job
	Partitionable Resources :    Usage  Request Allocated 
	   Cpus                 :     0.00        1         1 
	   Disk (KB)            :  5083        2250    313998 
	   Memory (MB)          :   209        2000      2000 
...
