000 (12188447.054.000) 03/28 21:58:22 Job submitted from host: <131.225.188.55:9618?addrs=131.225.188.55-9618&noUDP&sock=16299_5637_3>
...
001 (12188447.054.000) 03/28 22:00:40 Job executing on host: <131.225.188.112:9618?addrs=131.225.188.112-9618&noUDP&sock=1920_89ed_3>
...
006 (12188447.054.000) 03/28 22:01:50 Image size of job updated: 163
	163  -  MemoryUsage of job (MB)
	167220  -  ResidentSetSize of job (KB)
...
006 (12188447.054.000) 03/28 22:02:50 Image size of job updated: 205
	205  -  MemoryUsage of job (MB)
	210672  -  ResidentSetSize of job (KB)
...
006 (12188447.054.000) 03/28 22:03:06 Image size of job updated: 211
	211  -  MemoryUsage of job (MB)
	217068  -  ResidentSetSize of job (KB)
...
005 (12188447.054.000) 03/28 22:03:07 Job terminated.
	(1) Normal termination (return value 0)
		Usr 0 00:01:41, Sys 0 00:00:07  -  Run Remote Usage
		Usr 0 00:00:00, Sys 0 00:00:00  -  Run Local Usage
		Usr 0 00:01:41, Sys 0 00:00:07  -  Total Remote Usage
		Usr 0 00:00:00, Sys 0 00:00:00  -  Total Local Usage
	134173  -  Run Bytes Sent By Job
	2244339  -  Run Bytes Received By Job
	134173  -  Total Bytes Sent By Job
	2244339  -  Total Bytes Received By Job
	Partitionable Resources :    Usage  Request Allocated 
	   Cpus                 :     0.00        1         1 
	   Disk (KB)            :  5084        2250   1640748 
	   Memory (MB)          :   211        2000      2000 
...
