000 (12188447.011.000) 03/28 21:58:21 Job submitted from host: <131.225.188.55:9618?addrs=131.225.188.55-9618&noUDP&sock=16299_5637_3>
...
001 (12188447.011.000) 03/28 22:00:31 Job executing on host: <131.225.188.42:9618?addrs=131.225.188.42-9618&noUDP&sock=1940_41d2_3>
...
006 (12188447.011.000) 03/28 22:01:41 Image size of job updated: 164
	164  -  MemoryUsage of job (MB)
	168672  -  ResidentSetSize of job (KB)
...
006 (12188447.011.000) 03/28 22:02:41 Image size of job updated: 213
	213  -  MemoryUsage of job (MB)
	219068  -  ResidentSetSize of job (KB)
...
005 (12188447.011.000) 03/28 22:02:47 Job terminated.
	(1) Normal termination (return value 0)
		Usr 0 00:01:28, Sys 0 00:00:06  -  Run Remote Usage
		Usr 0 00:00:00, Sys 0 00:00:00  -  Run Local Usage
		Usr 0 00:01:28, Sys 0 00:00:06  -  Total Remote Usage
		Usr 0 00:00:00, Sys 0 00:00:00  -  Total Local Usage
	133523  -  Run Bytes Sent By Job
	2244339  -  Run Bytes Received By Job
	133523  -  Total Bytes Sent By Job
	2244339  -  Total Bytes Received By Job
	Partitionable Resources :    Usage  Request Allocated 
	   Cpus                 :     0.00        1         1 
	   Disk (KB)            :  5084        2250   1658851 
	   Memory (MB)          :   213        2000      2000 
...
