000 (12188447.039.000) 03/28 21:58:21 Job submitted from host: <131.225.188.55:9618?addrs=131.225.188.55-9618&noUDP&sock=16299_5637_3>
...
001 (12188447.039.000) 03/28 22:00:37 Job executing on host: <131.225.204.99:9618?addrs=131.225.204.99-9618&noUDP&sock=1164_fc54_3>
...
006 (12188447.039.000) 03/28 22:00:46 Image size of job updated: 21
	21  -  MemoryUsage of job (MB)
	21628  -  ResidentSetSize of job (KB)
...
006 (12188447.039.000) 03/28 22:01:47 Image size of job updated: 38
	38  -  MemoryUsage of job (MB)
	39320  -  ResidentSetSize of job (KB)
...
006 (12188447.039.000) 03/28 22:02:48 Image size of job updated: 169
	169  -  MemoryUsage of job (MB)
	173696  -  ResidentSetSize of job (KB)
...
006 (12188447.039.000) 03/28 22:03:30 Image size of job updated: 210
	210  -  MemoryUsage of job (MB)
	215756  -  ResidentSetSize of job (KB)
...
005 (12188447.039.000) 03/28 22:03:32 Job terminated.
	(1) Normal termination (return value 0)
		Usr 0 00:01:26, Sys 0 00:00:07  -  Run Remote Usage
		Usr 0 00:00:00, Sys 0 00:00:00  -  Run Local Usage
		Usr 0 00:01:26, Sys 0 00:00:07  -  Total Remote Usage
		Usr 0 00:00:00, Sys 0 00:00:00  -  Total Local Usage
	134456  -  Run Bytes Sent By Job
	2244339  -  Run Bytes Received By Job
	134456  -  Total Bytes Sent By Job
	2244339  -  Total Bytes Received By Job
	Partitionable Resources :    Usage  Request Allocated 
	   Cpus                 :     0.00        1         1 
	   Disk (KB)            :  5084        2250    331163 
	   Memory (MB)          :   210        2000      2000 
...
