000 (12188447.023.000) 03/28 21:58:21 Job submitted from host: <131.225.188.55:9618?addrs=131.225.188.55-9618&noUDP&sock=16299_5637_3>
...
001 (12188447.023.000) 03/28 22:00:34 Job executing on host: <131.225.206.238:9618?addrs=131.225.206.238-9618&noUDP&sock=1157_2f2a_3>
...
006 (12188447.023.000) 03/28 22:01:42 Image size of job updated: 166
	166  -  MemoryUsage of job (MB)
	170196  -  ResidentSetSize of job (KB)
...
006 (12188447.023.000) 03/28 22:02:42 Image size of job updated: 204
	204  -  MemoryUsage of job (MB)
	209544  -  ResidentSetSize of job (KB)
...
005 (12188447.023.000) 03/28 22:02:44 Job terminated.
	(1) Normal termination (return value 0)
		Usr 0 00:01:30, Sys 0 00:00:05  -  Run Remote Usage
		Usr 0 00:00:00, Sys 0 00:00:00  -  Run Local Usage
		Usr 0 00:01:30, Sys 0 00:00:05  -  Total Remote Usage
		Usr 0 00:00:00, Sys 0 00:00:00  -  Total Local Usage
	133774  -  Run Bytes Sent By Job
	2244339  -  Run Bytes Received By Job
	133774  -  Total Bytes Sent By Job
	2244339  -  Total Bytes Received By Job
	Partitionable Resources :    Usage  Request Allocated 
	   Cpus                 :        0        1         1 
	   Disk (KB)            :     5084     2250    313223 
	   Memory (MB)          :      204     2000      2000 
...
