000 (12188447.078.000) 03/28 21:58:22 Job submitted from host: <131.225.188.55:9618?addrs=131.225.188.55-9618&noUDP&sock=16299_5637_3>
...
001 (12188447.078.000) 03/28 22:00:44 Job executing on host: <131.225.204.58:9618?addrs=131.225.204.58-9618&noUDP&sock=1180_f5d8_3>
...
006 (12188447.078.000) 03/28 22:00:52 Image size of job updated: 77
	77  -  MemoryUsage of job (MB)
	79576  -  ResidentSetSize of job (KB)
...
006 (12188447.078.000) 03/28 22:01:52 Image size of job updated: 164
	164  -  MemoryUsage of job (MB)
	168776  -  ResidentSetSize of job (KB)
...
006 (12188447.078.000) 03/28 22:02:52 Image size of job updated: 203
	203  -  MemoryUsage of job (MB)
	208152  -  ResidentSetSize of job (KB)
...
006 (12188447.078.000) 03/28 22:03:07 Image size of job updated: 208
	208  -  MemoryUsage of job (MB)
	213648  -  ResidentSetSize of job (KB)
...
005 (12188447.078.000) 03/28 22:03:10 Job terminated.
	(1) Normal termination (return value 0)
		Usr 0 00:01:30, Sys 0 00:00:05  -  Run Remote Usage
		Usr 0 00:00:00, Sys 0 00:00:00  -  Run Local Usage
		Usr 0 00:01:30, Sys 0 00:00:05  -  Total Remote Usage
		Usr 0 00:00:00, Sys 0 00:00:00  -  Total Local Usage
	133522  -  Run Bytes Sent By Job
	2244339  -  Run Bytes Received By Job
	133522  -  Total Bytes Sent By Job
	2244339  -  Total Bytes Received By Job
	Partitionable Resources :    Usage  Request Allocated 
	   Cpus                 :     0.00        1         1 
	   Disk (KB)            :  5083        2250    323511 
	   Memory (MB)          :   208        2000      2000 
...
