000 (12188447.056.000) 03/28 21:58:22 Job submitted from host: <131.225.188.55:9618?addrs=131.225.188.55-9618&noUDP&sock=16299_5637_3>
...
001 (12188447.056.000) 03/28 22:00:39 Job executing on host: <131.225.188.21:9618?addrs=131.225.188.21-9618&noUDP&sock=1933_74a8_3>
...
006 (12188447.056.000) 03/28 22:01:49 Image size of job updated: 27
	27  -  MemoryUsage of job (MB)
	27824  -  ResidentSetSize of job (KB)
...
006 (12188447.056.000) 03/28 22:02:49 Image size of job updated: 31
	31  -  MemoryUsage of job (MB)
	32752  -  ResidentSetSize of job (KB)
...
006 (12188447.056.000) 03/28 22:03:50 Image size of job updated: 163
	163  -  MemoryUsage of job (MB)
	167196  -  ResidentSetSize of job (KB)
...
006 (12188447.056.000) 03/28 22:04:51 Image size of job updated: 204
	204  -  MemoryUsage of job (MB)
	209696  -  ResidentSetSize of job (KB)
...
006 (12188447.056.000) 03/28 22:05:09 Image size of job updated: 212
	212  -  MemoryUsage of job (MB)
	217476  -  ResidentSetSize of job (KB)
...
005 (12188447.056.000) 03/28 22:05:10 Job terminated.
	(1) Normal termination (return value 0)
		Usr 0 00:01:37, Sys 0 00:00:07  -  Run Remote Usage
		Usr 0 00:00:00, Sys 0 00:00:00  -  Run Local Usage
		Usr 0 00:01:37, Sys 0 00:00:07  -  Total Remote Usage
		Usr 0 00:00:00, Sys 0 00:00:00  -  Total Local Usage
	133953  -  Run Bytes Sent By Job
	2244339  -  Run Bytes Received By Job
	133953  -  Total Bytes Sent By Job
	2244339  -  Total Bytes Received By Job
	Partitionable Resources :    Usage  Request Allocated 
	   Cpus                 :        0        1         1 
	   Disk (KB)            :     5084     2250   1649041 
	   Memory (MB)          :      212     2000      2000 
...
