000 (12188447.035.000) 03/28 21:58:21 Job submitted from host: <131.225.188.55:9618?addrs=131.225.188.55-9618&noUDP&sock=16299_5637_3>
...
001 (12188447.035.000) 03/28 22:00:35 Job executing on host: <131.225.206.230:9618?addrs=131.225.206.230-9618&noUDP&sock=1149_b268_3>
...
006 (12188447.035.000) 03/28 22:00:45 Image size of job updated: 14
	14  -  MemoryUsage of job (MB)
	15336  -  ResidentSetSize of job (KB)
...
006 (12188447.035.000) 03/28 22:01:45 Image size of job updated: 127
	127  -  MemoryUsage of job (MB)
	130132  -  ResidentSetSize of job (KB)
...
006 (12188447.035.000) 03/28 22:02:45 Image size of job updated: 176
	176  -  MemoryUsage of job (MB)
	180264  -  ResidentSetSize of job (KB)
...
006 (12188447.035.000) 03/28 22:03:28 Image size of job updated: 212
	212  -  MemoryUsage of job (MB)
	217952  -  ResidentSetSize of job (KB)
...
005 (12188447.035.000) 03/28 22:03:30 Job terminated.
	(1) Normal termination (return value 0)
		Usr 0 00:01:29, Sys 0 00:00:06  -  Run Remote Usage
		Usr 0 00:00:00, Sys 0 00:00:00  -  Run Local Usage
		Usr 0 00:01:29, Sys 0 00:00:06  -  Total Remote Usage
		Usr 0 00:00:00, Sys 0 00:00:00  -  Total Local Usage
	133819  -  Run Bytes Sent By Job
	2244339  -  Run Bytes Received By Job
	133819  -  Total Bytes Sent By Job
	2244339  -  Total Bytes Received By Job
	Partitionable Resources :    Usage  Request Allocated 
	   Cpus                 :     0.00        1         1 
	   Disk (KB)            :  5084        2250    321863 
	   Memory (MB)          :   212        2000      2000 
...
