000 (12188447.025.000) 03/28 21:58:21 Job submitted from host: <131.225.188.55:9618?addrs=131.225.188.55-9618&noUDP&sock=16299_5637_3>
...
001 (12188447.025.000) 03/28 22:00:34 Job executing on host: <131.225.191.186:9618?addrs=131.225.191.186-9618&noUDP&sock=1158_dec2_3>
...
006 (12188447.025.000) 03/28 22:01:44 Image size of job updated: 85
	85  -  MemoryUsage of job (MB)
	87692  -  ResidentSetSize of job (KB)
...
006 (12188447.025.000) 03/28 22:02:44 Image size of job updated: 203
	203  -  MemoryUsage of job (MB)
	208280  -  ResidentSetSize of job (KB)
...
006 (12188447.025.000) 03/28 22:03:06 Image size of job updated: 203
	203  -  MemoryUsage of job (MB)
	208504  -  ResidentSetSize of job (KB)
...
005 (12188447.025.000) 03/28 22:03:08 Job terminated.
	(1) Normal termination (return value 0)
		Usr 0 00:01:29, Sys 0 00:00:05  -  Run Remote Usage
		Usr 0 00:00:00, Sys 0 00:00:00  -  Run Local Usage
		Usr 0 00:01:29, Sys 0 00:00:05  -  Total Remote Usage
		Usr 0 00:00:00, Sys 0 00:00:00  -  Total Local Usage
	133932  -  Run Bytes Sent By Job
	2244339  -  Run Bytes Received By Job
	133932  -  Total Bytes Sent By Job
	2244339  -  Total Bytes Received By Job
	Partitionable Resources :    Usage  Request Allocated 
	   Cpus                 :     0.00        1         1 
	   Disk (KB)            :  5084        2250    319264 
	   Memory (MB)          :   203        2000      2000 
...
