000 (12188447.005.000) 03/28 21:58:21 Job submitted from host: <131.225.188.55:9618?addrs=131.225.188.55-9618&noUDP&sock=16299_5637_3>
...
001 (12188447.005.000) 03/28 22:00:30 Job executing on host: <131.225.188.46:9618?addrs=131.225.188.46-9618&noUDP&sock=1933_74a8_3>
...
006 (12188447.005.000) 03/28 22:00:40 Image size of job updated: 14
	14  -  MemoryUsage of job (MB)
	15276  -  ResidentSetSize of job (KB)
...
006 (12188447.005.000) 03/28 22:01:40 Image size of job updated: 32
	32  -  MemoryUsage of job (MB)
	33224  -  ResidentSetSize of job (KB)
...
006 (12188447.005.000) 03/28 22:02:40 Image size of job updated: 126
	126  -  MemoryUsage of job (MB)
	129960  -  ResidentSetSize of job (KB)
...
006 (12188447.005.000) 03/28 22:03:40 Image size of job updated: 207
	207  -  MemoryUsage of job (MB)
	212736  -  ResidentSetSize of job (KB)
...
006 (12188447.005.000) 03/28 22:04:03 Image size of job updated: 207
	207  -  MemoryUsage of job (MB)
	212948  -  ResidentSetSize of job (KB)
...
005 (12188447.005.000) 03/28 22:04:04 Job terminated.
	(1) Normal termination (return value 0)
		Usr 0 00:01:34, Sys 0 00:00:06  -  Run Remote Usage
		Usr 0 00:00:00, Sys 0 00:00:00  -  Run Local Usage
		Usr 0 00:01:34, Sys 0 00:00:06  -  Total Remote Usage
		Usr 0 00:00:00, Sys 0 00:00:00  -  Total Local Usage
	134110  -  Run Bytes Sent By Job
	2244339  -  Run Bytes Received By Job
	134110  -  Total Bytes Sent By Job
	2244339  -  Total Bytes Received By Job
	Partitionable Resources :    Usage  Request Allocated 
	   Cpus                 :     0.01        1         1 
	   Disk (KB)            :  5085        2250   1650168 
	   Memory (MB)          :   207        2000      2000 
...
