000 (12188447.048.000) 03/28 21:58:22 Job submitted from host: <131.225.188.55:9618?addrs=131.225.188.55-9618&noUDP&sock=16299_5637_3>
...
001 (12188447.048.000) 03/28 22:00:39 Job executing on host: <131.225.206.212:9618?addrs=131.225.206.212-9618&noUDP&sock=1154_2061_3>
...
006 (12188447.048.000) 03/28 22:00:48 Image size of job updated: 68
	68  -  MemoryUsage of job (MB)
	70244  -  ResidentSetSize of job (KB)
...
006 (12188447.048.000) 03/28 22:01:47 Image size of job updated: 175
	175  -  MemoryUsage of job (MB)
	179752  -  ResidentSetSize of job (KB)
...
006 (12188447.048.000) 03/28 22:02:40 Image size of job updated: 211
	211  -  MemoryUsage of job (MB)
	216356  -  ResidentSetSize of job (KB)
...
005 (12188447.048.000) 03/28 22:02:42 Job terminated.
	(1) Normal termination (return value 0)
		Usr 0 00:01:29, Sys 0 00:00:04  -  Run Remote Usage
		Usr 0 00:00:00, Sys 0 00:00:00  -  Run Local Usage
		Usr 0 00:01:29, Sys 0 00:00:04  -  Total Remote Usage
		Usr 0 00:00:00, Sys 0 00:00:00  -  Total Local Usage
	133317  -  Run Bytes Sent By Job
	2244339  -  Run Bytes Received By Job
	133317  -  Total Bytes Sent By Job
	2244339  -  Total Bytes Received By Job
	Partitionable Resources :    Usage  Request Allocated 
	   Cpus                 :     0.00        1         1 
	   Disk (KB)            :  5083        2250    311876 
	   Memory (MB)          :   211        2000      2000 
...
