000 (12188447.004.000) 03/28 21:58:21 Job submitted from host: <131.225.188.55:9618?addrs=131.225.188.55-9618&noUDP&sock=16299_5637_3>
...
001 (12188447.004.000) 03/28 22:00:29 Job executing on host: <131.225.205.193:9618?addrs=131.225.205.193-9618&noUDP&sock=1457_f593_3>
...
006 (12188447.004.000) 03/28 22:01:41 Image size of job updated: 127
	127  -  MemoryUsage of job (MB)
	130460  -  ResidentSetSize of job (KB)
...
006 (12188447.004.000) 03/28 22:02:41 Image size of job updated: 187
	187  -  MemoryUsage of job (MB)
	192472  -  ResidentSetSize of job (KB)
...
006 (12188447.004.000) 03/28 22:03:23 Image size of job updated: 214
	214  -  MemoryUsage of job (MB)
	219648  -  ResidentSetSize of job (KB)
...
005 (12188447.004.000) 03/28 22:03:24 Job terminated.
	(1) Normal termination (return value 0)
		Usr 0 00:01:58, Sys 0 00:00:08  -  Run Remote Usage
		Usr 0 00:00:00, Sys 0 00:00:00  -  Run Local Usage
		Usr 0 00:01:58, Sys 0 00:00:08  -  Total Remote Usage
		Usr 0 00:00:00, Sys 0 00:00:00  -  Total Local Usage
	133944  -  Run Bytes Sent By Job
	2244339  -  Run Bytes Received By Job
	133944  -  Total Bytes Sent By Job
	2244339  -  Total Bytes Received By Job
	Partitionable Resources :    Usage  Request Allocated 
	   Cpus                 :     0.04        1         1 
	   Disk (KB)            :  5084        2250   1619750 
	   Memory (MB)          :   214        2000      2000 
...
