000 (12188447.030.000) 03/28 21:58:21 Job submitted from host: <131.225.188.55:9618?addrs=131.225.188.55-9618&noUDP&sock=16299_5637_3>
...
001 (12188447.030.000) 03/28 22:00:35 Job executing on host: <131.225.204.92:9618?addrs=131.225.204.92-9618&noUDP&sock=1164_fc54_3>
...
006 (12188447.030.000) 03/28 22:01:43 Image size of job updated: 127
	127  -  MemoryUsage of job (MB)
	130296  -  ResidentSetSize of job (KB)
...
006 (12188447.030.000) 03/28 22:02:44 Image size of job updated: 201
	201  -  MemoryUsage of job (MB)
	206088  -  ResidentSetSize of job (KB)
...
006 (12188447.030.000) 03/28 22:03:12 Image size of job updated: 201
	201  -  MemoryUsage of job (MB)
	206296  -  ResidentSetSize of job (KB)
...
005 (12188447.030.000) 03/28 22:03:12 Job terminated.
	(1) Normal termination (return value 0)
		Usr 0 00:01:26, Sys 0 00:00:06  -  Run Remote Usage
		Usr 0 00:00:00, Sys 0 00:00:00  -  Run Local Usage
		Usr 0 00:01:26, Sys 0 00:00:06  -  Total Remote Usage
		Usr 0 00:00:00, Sys 0 00:00:00  -  Total Local Usage
	134198  -  Run Bytes Sent By Job
	2244339  -  Run Bytes Received By Job
	134198  -  Total Bytes Sent By Job
	2244339  -  Total Bytes Received By Job
	Partitionable Resources :    Usage  Request Allocated 
	   Cpus                 :     0.00        1         1 
	   Disk (KB)            :  5084        2250    312667 
	   Memory (MB)          :   201        2000      2000 
...
