000 (12188447.083.000) 03/28 21:58:22 Job submitted from host: <131.225.188.55:9618?addrs=131.225.188.55-9618&noUDP&sock=16299_5637_3>
...
001 (12188447.083.000) 03/28 22:00:46 Job executing on host: <131.225.204.111:9618?addrs=131.225.204.111-9618&noUDP&sock=1151_1198_3>
...
006 (12188447.083.000) 03/28 22:01:54 Image size of job updated: 126
	126  -  MemoryUsage of job (MB)
	129600  -  ResidentSetSize of job (KB)
...
006 (12188447.083.000) 03/28 22:02:55 Image size of job updated: 199
	199  -  MemoryUsage of job (MB)
	204224  -  ResidentSetSize of job (KB)
...
006 (12188447.083.000) 03/28 22:03:35 Image size of job updated: 201
	201  -  MemoryUsage of job (MB)
	206528  -  ResidentSetSize of job (KB)
...
005 (12188447.083.000) 03/28 22:03:38 Job terminated.
	(1) Normal termination (return value 0)
		Usr 0 00:01:21, Sys 0 00:00:06  -  Run Remote Usage
		Usr 0 00:00:00, Sys 0 00:00:00  -  Run Local Usage
		Usr 0 00:01:21, Sys 0 00:00:06  -  Total Remote Usage
		Usr 0 00:00:00, Sys 0 00:00:00  -  Total Local Usage
	134262  -  Run Bytes Sent By Job
	2244339  -  Run Bytes Received By Job
	134262  -  Total Bytes Sent By Job
	2244339  -  Total Bytes Received By Job
	Partitionable Resources :    Usage  Request Allocated 
	   Cpus                 :     0.01        1         1 
	   Disk (KB)            :  5084        2250    324091 
	   Memory (MB)          :   201        2000      2000 
...
