000 (12188447.038.000) 03/28 21:58:21 Job submitted from host: <131.225.188.55:9618?addrs=131.225.188.55-9618&noUDP&sock=16299_5637_3>
...
001 (12188447.038.000) 03/28 22:00:36 Job executing on host: <131.225.206.9:9618?addrs=131.225.206.9-9618&noUDP&sock=1160_3df3_3>
...
006 (12188447.038.000) 03/28 22:00:45 Image size of job updated: 42
	42  -  MemoryUsage of job (MB)
	43616  -  ResidentSetSize of job (KB)
...
006 (12188447.038.000) 03/28 22:01:46 Image size of job updated: 179
	179  -  MemoryUsage of job (MB)
	183504  -  ResidentSetSize of job (KB)
...
006 (12188447.038.000) 03/28 22:02:29 Image size of job updated: 204
	204  -  MemoryUsage of job (MB)
	209512  -  ResidentSetSize of job (KB)
...
005 (12188447.038.000) 03/28 22:02:31 Job terminated.
	(1) Normal termination (return value 0)
		Usr 0 00:01:35, Sys 0 00:00:04  -  Run Remote Usage
		Usr 0 00:00:00, Sys 0 00:00:00  -  Run Local Usage
		Usr 0 00:01:35, Sys 0 00:00:04  -  Total Remote Usage
		Usr 0 00:00:00, Sys 0 00:00:00  -  Total Local Usage
	133524  -  Run Bytes Sent By Job
	2244339  -  Run Bytes Received By Job
	133524  -  Total Bytes Sent By Job
	2244339  -  Total Bytes Received By Job
	Partitionable Resources :    Usage  Request Allocated 
	   Cpus                 :     0.13        1         1 
	   Disk (KB)            :  5083        2250    306898 
	   Memory (MB)          :   204        2000      2000 
...
