000 (12188447.008.000) 03/28 21:58:21 Job submitted from host: <131.225.188.55:9618?addrs=131.225.188.55-9618&noUDP&sock=16299_5637_3>
...
001 (12188447.008.000) 03/28 22:00:30 Job executing on host: <131.225.188.36:9618?addrs=131.225.188.36-9618&noUDP&sock=1937_3309_3>
...
006 (12188447.008.000) 03/28 22:00:40 Image size of job updated: 17
	17  -  MemoryUsage of job (MB)
	18228  -  ResidentSetSize of job (KB)
...
006 (12188447.008.000) 03/28 22:01:41 Image size of job updated: 173
	173  -  MemoryUsage of job (MB)
	177612  -  ResidentSetSize of job (KB)
...
006 (12188447.008.000) 03/28 22:02:42 Image size of job updated: 202
	202  -  MemoryUsage of job (MB)
	207796  -  ResidentSetSize of job (KB)
...
006 (12188447.008.000) 03/28 22:02:58 Image size of job updated: 203
	203  -  MemoryUsage of job (MB)
	207988  -  ResidentSetSize of job (KB)
...
005 (12188447.008.000) 03/28 22:02:59 Job terminated.
	(1) Normal termination (return value 0)
		Usr 0 00:01:36, Sys 0 00:00:07  -  Run Remote Usage
		Usr 0 00:00:00, Sys 0 00:00:00  -  Run Local Usage
		Usr 0 00:01:36, Sys 0 00:00:07  -  Total Remote Usage
		Usr 0 00:00:00, Sys 0 00:00:00  -  Total Local Usage
	134205  -  Run Bytes Sent By Job
	2244339  -  Run Bytes Received By Job
	134205  -  Total Bytes Sent By Job
	2244339  -  Total Bytes Received By Job
	Partitionable Resources :    Usage  Request Allocated 
	   Cpus                 :        0        1         1 
	   Disk (KB)            :     5084     2250   1650385 
	   Memory (MB)          :      203     2000      2000 
...
