000 (12188447.027.000) 03/28 21:58:21 Job submitted from host: <131.225.188.55:9618?addrs=131.225.188.55-9618&noUDP&sock=16299_5637_3>
...
001 (12188447.027.000) 03/28 22:00:46 Job executing on host: <131.225.191.145:9618?addrs=131.225.191.145-9618&noUDP&sock=1155_cff9_3>
...
006 (12188447.027.000) 03/28 22:01:57 Image size of job updated: 132
	132  -  MemoryUsage of job (MB)
	135744  -  ResidentSetSize of job (KB)
...
006 (12188447.027.000) 03/28 22:03:59 Image size of job updated: 202
	202  -  MemoryUsage of job (MB)
	207156  -  ResidentSetSize of job (KB)
...
006 (12188447.027.000) 03/28 22:04:29 Image size of job updated: 209
	209  -  MemoryUsage of job (MB)
	214048  -  ResidentSetSize of job (KB)
...
005 (12188447.027.000) 03/28 22:04:31 Job terminated.
	(1) Normal termination (return value 0)
		Usr 0 00:01:26, Sys 0 00:00:06  -  Run Remote Usage
		Usr 0 00:00:00, Sys 0 00:00:00  -  Run Local Usage
		Usr 0 00:01:26, Sys 0 00:00:06  -  Total Remote Usage
		Usr 0 00:00:00, Sys 0 00:00:00  -  Total Local Usage
	135835  -  Run Bytes Sent By Job
	2244339  -  Run Bytes Received By Job
	135835  -  Total Bytes Sent By Job
	2244339  -  Total Bytes Received By Job
	Partitionable Resources :    Usage  Request Allocated 
	   Cpus                 :        0        1         1 
	   Disk (KB)            :     5086     2250    309415 
	   Memory (MB)          :      209     2000      2000 
...
