000 (12188447.016.000) 03/28 21:58:21 Job submitted from host: <131.225.188.55:9618?addrs=131.225.188.55-9618&noUDP&sock=16299_5637_3>
...
001 (12188447.016.000) 03/28 22:00:32 Job executing on host: <131.225.188.68:9618?addrs=131.225.188.68-9618&noUDP&sock=1929_b647_3>
...
006 (12188447.016.000) 03/28 22:01:41 Image size of job updated: 172
	172  -  MemoryUsage of job (MB)
	176860  -  ResidentSetSize of job (KB)
...
006 (12188447.016.000) 03/28 22:02:41 Image size of job updated: 212
	212  -  MemoryUsage of job (MB)
	217944  -  ResidentSetSize of job (KB)
...
005 (12188447.016.000) 03/28 22:02:54 Job terminated.
	(1) Normal termination (return value 0)
		Usr 0 00:01:27, Sys 0 00:00:07  -  Run Remote Usage
		Usr 0 00:00:00, Sys 0 00:00:00  -  Run Local Usage
		Usr 0 00:01:27, Sys 0 00:00:07  -  Total Remote Usage
		Usr 0 00:00:00, Sys 0 00:00:00  -  Total Local Usage
	133957  -  Run Bytes Sent By Job
	2244339  -  Run Bytes Received By Job
	133957  -  Total Bytes Sent By Job
	2244339  -  Total Bytes Received By Job
	Partitionable Resources :    Usage  Request Allocated 
	   Cpus                 :        0        1         1 
	   Disk (KB)            :     5084     2250   1643887 
	   Memory (MB)          :      212     2000      2000 
...
