000 (12188447.049.000) 03/28 21:58:22 Job submitted from host: <131.225.188.55:9618?addrs=131.225.188.55-9618&noUDP&sock=16299_5637_3>
...
001 (12188447.049.000) 03/28 22:00:39 Job executing on host: <131.225.188.88:9618?addrs=131.225.188.88-9618&noUDP&sock=1944_0033_3>
...
006 (12188447.049.000) 03/28 22:01:48 Image size of job updated: 164
	164  -  MemoryUsage of job (MB)
	168088  -  ResidentSetSize of job (KB)
...
006 (12188447.049.000) 03/28 22:02:49 Image size of job updated: 201
	201  -  MemoryUsage of job (MB)
	206612  -  ResidentSetSize of job (KB)
...
006 (12188447.049.000) 03/28 22:03:01 Image size of job updated: 207
	207  -  MemoryUsage of job (MB)
	212800  -  ResidentSetSize of job (KB)
...
005 (12188447.049.000) 03/28 22:03:02 Job terminated.
	(1) Normal termination (return value 0)
		Usr 0 00:01:41, Sys 0 00:00:07  -  Run Remote Usage
		Usr 0 00:00:00, Sys 0 00:00:00  -  Run Local Usage
		Usr 0 00:01:41, Sys 0 00:00:07  -  Total Remote Usage
		Usr 0 00:00:00, Sys 0 00:00:00  -  Total Local Usage
	134201  -  Run Bytes Sent By Job
	2244339  -  Run Bytes Received By Job
	134201  -  Total Bytes Sent By Job
	2244339  -  Total Bytes Received By Job
	Partitionable Resources :    Usage  Request Allocated 
	   Cpus                 :     0.01        1         1 
	   Disk (KB)            :  5084        2250   1631189 
	   Memory (MB)          :   207        2000      2000 
...
