000 (12188447.074.000) 03/28 21:58:22 Job submitted from host: <131.225.188.55:9618?addrs=131.225.188.55-9618&noUDP&sock=16299_5637_3>
...
001 (12188447.074.000) 03/28 22:00:43 Job executing on host: <131.225.206.237:9618?addrs=131.225.206.237-9618&noUDP&sock=1162_9d23_3>
...
006 (12188447.074.000) 03/28 22:01:52 Image size of job updated: 126
	126  -  MemoryUsage of job (MB)
	129932  -  ResidentSetSize of job (KB)
...
006 (12188447.074.000) 03/28 22:02:53 Image size of job updated: 203
	203  -  MemoryUsage of job (MB)
	208096  -  ResidentSetSize of job (KB)
...
006 (12188447.074.000) 03/28 22:03:17 Image size of job updated: 203
	203  -  MemoryUsage of job (MB)
	208320  -  ResidentSetSize of job (KB)
...
005 (12188447.074.000) 03/28 22:03:18 Job terminated.
	(1) Normal termination (return value 0)
		Usr 0 00:01:26, Sys 0 00:00:07  -  Run Remote Usage
		Usr 0 00:00:00, Sys 0 00:00:00  -  Run Local Usage
		Usr 0 00:01:26, Sys 0 00:00:07  -  Total Remote Usage
		Usr 0 00:00:00, Sys 0 00:00:00  -  Total Local Usage
	134264  -  Run Bytes Sent By Job
	2244339  -  Run Bytes Received By Job
	134264  -  Total Bytes Sent By Job
	2244339  -  Total Bytes Received By Job
	Partitionable Resources :    Usage  Request Allocated 
	   Cpus                 :        0        1         1 
	   Disk (KB)            :     5084     2250    316152 
	   Memory (MB)          :      203     2000      2000 
...
