000 (12188447.066.000) 03/28 21:58:22 Job submitted from host: <131.225.188.55:9618?addrs=131.225.188.55-9618&noUDP&sock=16299_5637_3>
...
001 (12188447.066.000) 03/28 22:00:46 Job executing on host: <131.225.204.100:9618?addrs=131.225.204.100-9618&noUDP&sock=1148_02d0_3>
...
006 (12188447.066.000) 03/28 22:01:56 Image size of job updated: 165
	165  -  MemoryUsage of job (MB)
	169316  -  ResidentSetSize of job (KB)
...
006 (12188447.066.000) 03/28 22:02:57 Image size of job updated: 211
	211  -  MemoryUsage of job (MB)
	216952  -  ResidentSetSize of job (KB)
...
005 (12188447.066.000) 03/28 22:03:05 Job terminated.
	(1) Normal termination (return value 0)
		Usr 0 00:01:27, Sys 0 00:00:04  -  Run Remote Usage
		Usr 0 00:00:00, Sys 0 00:00:00  -  Run Local Usage
		Usr 0 00:01:27, Sys 0 00:00:04  -  Total Remote Usage
		Usr 0 00:00:00, Sys 0 00:00:00  -  Total Local Usage
	133520  -  Run Bytes Sent By Job
	2244339  -  Run Bytes Received By Job
	133520  -  Total Bytes Sent By Job
	2244339  -  Total Bytes Received By Job
	Partitionable Resources :    Usage  Request Allocated 
	   Cpus                 :     0.00        1         1 
	   Disk (KB)            :  5083        2250    308208 
	   Memory (MB)          :   211        2000      2000 
...
