000 (12188445.047.000) 03/28 21:58:20 Job submitted from host: <131.225.188.55:9618?addrs=131.225.188.55-9618&noUDP&sock=16299_5637_3>
...
001 (12188445.047.000) 03/28 21:59:21 Job executing on host: <131.225.206.228:9618?addrs=131.225.206.228-9618&noUDP&sock=1172_7916_3>
...
006 (12188445.047.000) 03/28 21:59:30 Image size of job updated: 5
	4  -  MemoryUsage of job (MB)
	4268  -  ResidentSetSize of job (KB)
...
006 (12188445.047.000) 03/28 22:00:31 Image size of job updated: 175
	175  -  MemoryUsage of job (MB)
	179816  -  ResidentSetSize of job (KB)
...
006 (12188445.047.000) 03/28 22:01:32 Image size of job updated: 183
	183  -  MemoryUsage of job (MB)
	188040  -  ResidentSetSize of job (KB)
...
006 (12188445.047.000) 03/28 22:02:25 Image size of job updated: 197
	197  -  MemoryUsage of job (MB)
	202564  -  ResidentSetSize of job (KB)
...
005 (12188445.047.000) 03/28 22:02:27 Job terminated.
	(1) Normal termination (return value 0)
		Usr 0 00:02:07, Sys 0 00:00:08  -  Run Remote Usage
		Usr 0 00:00:00, Sys 0 00:00:00  -  Run Local Usage
		Usr 0 00:02:07, Sys 0 00:00:08  -  Total Remote Usage
		Usr 0 00:00:00, Sys 0 00:00:00  -  Total Local Usage
	140082  -  Run Bytes Sent By Job
	2245326  -  Run Bytes Received By Job
	140082  -  Total Bytes Sent By Job
	2245326  -  Total Bytes Received By Job
	Partitionable Resources :    Usage  Request Allocated 
	   Cpus                 :     0.12        1         1 
	   Disk (KB)            :  5117        2250    301883 
	   Memory (MB)          :   197        2000      2000 
...
