000 (12188445.132.000) 03/28 21:58:20 Job submitted from host: <131.225.188.55:9618?addrs=131.225.188.55-9618&noUDP&sock=16299_5637_3>
...
001 (12188445.132.000) 03/28 21:59:37 Job executing on host: <131.225.206.206:9618?addrs=131.225.206.206-9618&noUDP&sock=1162_9d23_3>
...
006 (12188445.132.000) 03/28 21:59:46 Image size of job updated: 5
	4  -  MemoryUsage of job (MB)
	4692  -  ResidentSetSize of job (KB)
...
006 (12188445.132.000) 03/28 22:00:46 Image size of job updated: 28
	28  -  MemoryUsage of job (MB)
	29612  -  ResidentSetSize of job (KB)
...
006 (12188445.132.000) 03/28 22:01:46 Image size of job updated: 166
	166  -  MemoryUsage of job (MB)
	170220  -  ResidentSetSize of job (KB)
...
006 (12188445.132.000) 03/28 22:02:47 Image size of job updated: 183
	183  -  MemoryUsage of job (MB)
	187808  -  ResidentSetSize of job (KB)
...
006 (12188445.132.000) 03/28 22:03:48 Image size of job updated: 198
	198  -  MemoryUsage of job (MB)
	203468  -  ResidentSetSize of job (KB)
...
006 (12188445.132.000) 03/28 22:04:01 Image size of job updated: 199
	199  -  MemoryUsage of job (MB)
	203796  -  ResidentSetSize of job (KB)
...
005 (12188445.132.000) 03/28 22:04:02 Job terminated.
	(1) Normal termination (return value 0)
		Usr 0 00:02:20, Sys 0 00:00:10  -  Run Remote Usage
		Usr 0 00:00:00, Sys 0 00:00:00  -  Run Local Usage
		Usr 0 00:02:20, Sys 0 00:00:10  -  Total Remote Usage
		Usr 0 00:00:00, Sys 0 00:00:00  -  Total Local Usage
	196166  -  Run Bytes Sent By Job
	2245326  -  Run Bytes Received By Job
	196166  -  Total Bytes Sent By Job
	2245326  -  Total Bytes Received By Job
	Partitionable Resources :    Usage  Request Allocated 
	   Cpus                 :        0        1         1 
	   Disk (KB)            :   221768     2250    304743 
	   Memory (MB)          :      199     2000      2000 
...
