000 (12188445.067.000) 03/28 21:58:20 Job submitted from host: <131.225.188.55:9618?addrs=131.225.188.55-9618&noUDP&sock=16299_5637_3>
...
001 (12188445.067.000) 03/28 21:59:23 Job executing on host: <131.225.204.67:9618?addrs=131.225.204.67-9618&noUDP&sock=1154_2061_3>
...
006 (12188445.067.000) 03/28 22:00:33 Image size of job updated: 5
	4  -  MemoryUsage of job (MB)
	4328  -  ResidentSetSize of job (KB)
...
006 (12188445.067.000) 03/28 22:01:33 Image size of job updated: 128
	128  -  MemoryUsage of job (MB)
	132088  -  ResidentSetSize of job (KB)
...
006 (12188445.067.000) 03/28 22:02:33 Image size of job updated: 183
	183  -  MemoryUsage of job (MB)
	187680  -  ResidentSetSize of job (KB)
...
006 (12188445.067.000) 03/28 22:03:33 Image size of job updated: 205
	205  -  MemoryUsage of job (MB)
	210720  -  ResidentSetSize of job (KB)
...
006 (12188445.067.000) 03/28 22:03:45 Image size of job updated: 206
	206  -  MemoryUsage of job (MB)
	210968  -  ResidentSetSize of job (KB)
...
005 (12188445.067.000) 03/28 22:03:45 Job terminated.
	(1) Normal termination (return value 0)
		Usr 0 00:02:14, Sys 0 00:00:09  -  Run Remote Usage
		Usr 0 00:00:00, Sys 0 00:00:00  -  Run Local Usage
		Usr 0 00:02:14, Sys 0 00:00:09  -  Total Remote Usage
		Usr 0 00:00:00, Sys 0 00:00:00  -  Total Local Usage
	140216  -  Run Bytes Sent By Job
	2245326  -  Run Bytes Received By Job
	140216  -  Total Bytes Sent By Job
	2245326  -  Total Bytes Received By Job
	Partitionable Resources :    Usage  Request Allocated 
	   Cpus                 :     0.14        1         1 
	   Disk (KB)            :  5118        2250    321857 
	   Memory (MB)          :   206        2000      2000 
...
