000 (12188445.061.000) 03/28 21:58:20 Job submitted from host: <131.225.188.55:9618?addrs=131.225.188.55-9618&noUDP&sock=16299_5637_3>
...
001 (12188445.061.000) 03/28 22:00:46 Job executing on host: <131.225.191.146:9618?addrs=131.225.191.146-9618&noUDP&sock=1163_4cbb_3>
...
006 (12188445.061.000) 03/28 22:01:56 Image size of job updated: 166
	166  -  MemoryUsage of job (MB)
	170300  -  ResidentSetSize of job (KB)
...
006 (12188445.061.000) 03/28 22:02:57 Image size of job updated: 203
	203  -  MemoryUsage of job (MB)
	208304  -  ResidentSetSize of job (KB)
...
006 (12188445.061.000) 03/28 22:03:47 Image size of job updated: 207
	207  -  MemoryUsage of job (MB)
	212592  -  ResidentSetSize of job (KB)
...
005 (12188445.061.000) 03/28 22:03:49 Job terminated.
	(1) Normal termination (return value 0)
		Usr 0 00:02:05, Sys 0 00:00:06  -  Run Remote Usage
		Usr 0 00:00:00, Sys 0 00:00:00  -  Run Local Usage
		Usr 0 00:02:05, Sys 0 00:00:06  -  Total Remote Usage
		Usr 0 00:00:00, Sys 0 00:00:00  -  Total Local Usage
	194990  -  Run Bytes Sent By Job
	2245326  -  Run Bytes Received By Job
	194990  -  Total Bytes Sent By Job
	2245326  -  Total Bytes Received By Job
	Partitionable Resources :    Usage  Request Allocated 
	   Cpus                 :        0        1         1 
	   Disk (KB)            :   229743     2250    330049 
	   Memory (MB)          :      207     2000      2000 
...
