000 (12188445.096.000) 03/28 21:58:20 Job submitted from host: <131.225.188.55:9618?addrs=131.225.188.55-9618&noUDP&sock=16299_5637_3>
...
001 (12188445.096.000) 03/28 21:59:31 Job executing on host: <131.225.206.188:9618?addrs=131.225.206.188-9618&noUDP&sock=1171_c97d_3>
...
006 (12188445.096.000) 03/28 22:00:39 Image size of job updated: 27
	27  -  MemoryUsage of job (MB)
	28024  -  ResidentSetSize of job (KB)
...
006 (12188445.096.000) 03/28 22:01:40 Image size of job updated: 174
	174  -  MemoryUsage of job (MB)
	178568  -  ResidentSetSize of job (KB)
...
006 (12188445.096.000) 03/28 22:02:40 Image size of job updated: 207
	207  -  MemoryUsage of job (MB)
	212192  -  ResidentSetSize of job (KB)
...
006 (12188445.096.000) 03/28 22:03:31 Image size of job updated: 207
	207  -  MemoryUsage of job (MB)
	212632  -  ResidentSetSize of job (KB)
...
005 (12188445.096.000) 03/28 22:03:31 Job terminated.
	(1) Normal termination (return value 0)
		Usr 0 00:02:13, Sys 0 00:00:08  -  Run Remote Usage
		Usr 0 00:00:00, Sys 0 00:00:00  -  Run Local Usage
		Usr 0 00:02:13, Sys 0 00:00:08  -  Total Remote Usage
		Usr 0 00:00:00, Sys 0 00:00:00  -  Total Local Usage
	139740  -  Run Bytes Sent By Job
	2245326  -  Run Bytes Received By Job
	139740  -  Total Bytes Sent By Job
	2245326  -  Total Bytes Received By Job
	Partitionable Resources :    Usage  Request Allocated 
	   Cpus                 :        0        1         1 
	   Disk (KB)            :     5117     2250    303092 
	   Memory (MB)          :      207     2000      2000 
...
