000 (12188445.133.000) 03/28 21:58:20 Job submitted from host: <131.225.188.55:9618?addrs=131.225.188.55-9618&noUDP&sock=16299_5637_3>
...
001 (12188445.133.000) 03/28 21:59:44 Job executing on host: <131.225.206.13:9618?addrs=131.225.206.13-9618&noUDP&sock=1176_3777_3>
...
006 (12188445.133.000) 03/28 21:59:53 Image size of job updated: 18
	18  -  MemoryUsage of job (MB)
	19332  -  ResidentSetSize of job (KB)
...
006 (12188445.133.000) 03/28 22:00:53 Image size of job updated: 46
	46  -  MemoryUsage of job (MB)
	47272  -  ResidentSetSize of job (KB)
...
006 (12188445.133.000) 03/28 22:01:54 Image size of job updated: 182
	182  -  MemoryUsage of job (MB)
	186520  -  ResidentSetSize of job (KB)
...
006 (12188445.133.000) 03/28 22:02:55 Image size of job updated: 197
	197  -  MemoryUsage of job (MB)
	202280  -  ResidentSetSize of job (KB)
...
006 (12188445.133.000) 03/28 22:03:20 Image size of job updated: 197
	197  -  MemoryUsage of job (MB)
	202520  -  ResidentSetSize of job (KB)
...
005 (12188445.133.000) 03/28 22:03:21 Job terminated.
	(1) Normal termination (return value 0)
		Usr 0 00:02:02, Sys 0 00:00:09  -  Run Remote Usage
		Usr 0 00:00:00, Sys 0 00:00:00  -  Run Local Usage
		Usr 0 00:02:02, Sys 0 00:00:09  -  Total Remote Usage
		Usr 0 00:00:00, Sys 0 00:00:00  -  Total Local Usage
	139850  -  Run Bytes Sent By Job
	2245326  -  Run Bytes Received By Job
	139850  -  Total Bytes Sent By Job
	2245326  -  Total Bytes Received By Job
	Partitionable Resources :    Usage  Request Allocated 
	   Cpus                 :        0        1         1 
	   Disk (KB)            :     5117     2250    308045 
	   Memory (MB)          :      197     2000      2000 
...
