000 (12188445.012.000) 03/28 21:58:20 Job submitted from host: <131.225.188.55:9618?addrs=131.225.188.55-9618&noUDP&sock=16299_5637_3>
...
001 (12188445.012.000) 03/28 21:59:15 Job executing on host: <131.225.204.43:9618?addrs=131.225.204.43-9618&noUDP&sock=1160_3df3_3>
...
006 (12188445.012.000) 03/28 21:59:23 Image size of job updated: 5
	5  -  MemoryUsage of job (MB)
	5188  -  ResidentSetSize of job (KB)
...
006 (12188445.012.000) 03/28 22:00:23 Image size of job updated: 167
	167  -  MemoryUsage of job (MB)
	171412  -  ResidentSetSize of job (KB)
...
006 (12188445.012.000) 03/28 22:01:23 Image size of job updated: 184
	184  -  MemoryUsage of job (MB)
	188756  -  ResidentSetSize of job (KB)
...
005 (12188445.012.000) 03/28 22:02:14 Job terminated.
	(1) Normal termination (return value 0)
		Usr 0 00:01:13, Sys 0 00:00:09  -  Run Remote Usage
		Usr 0 00:00:00, Sys 0 00:00:00  -  Run Local Usage
		Usr 0 00:01:13, Sys 0 00:00:09  -  Total Remote Usage
		Usr 0 00:00:00, Sys 0 00:00:00  -  Total Local Usage
	139655  -  Run Bytes Sent By Job
	2245326  -  Run Bytes Received By Job
	139655  -  Total Bytes Sent By Job
	2245326  -  Total Bytes Received By Job
	Partitionable Resources :    Usage  Request Allocated 
	   Cpus                 :        0        1         1 
	   Disk (KB)            :     5117     2250    307817 
	   Memory (MB)          :      184     2000      2000 
...
