000 (12188445.131.000) 03/28 21:58:20 Job submitted from host: <131.225.188.55:9618?addrs=131.225.188.55-9618&noUDP&sock=16299_5637_3>
...
001 (12188445.131.000) 03/28 21:59:37 Job executing on host: <131.225.204.67:9618?addrs=131.225.204.67-9618&noUDP&sock=1154_2061_3>
...
006 (12188445.131.000) 03/28 22:00:51 Image size of job updated: 132
	132  -  MemoryUsage of job (MB)
	135752  -  ResidentSetSize of job (KB)
...
006 (12188445.131.000) 03/28 22:01:52 Image size of job updated: 167
	167  -  MemoryUsage of job (MB)
	171140  -  ResidentSetSize of job (KB)
...
006 (12188445.131.000) 03/28 22:02:52 Image size of job updated: 206
	206  -  MemoryUsage of job (MB)
	211028  -  ResidentSetSize of job (KB)
...
006 (12188445.131.000) 03/28 22:03:43 Image size of job updated: 206
	206  -  MemoryUsage of job (MB)
	211472  -  ResidentSetSize of job (KB)
...
005 (12188445.131.000) 03/28 22:03:44 Job terminated.
	(1) Normal termination (return value 0)
		Usr 0 00:02:12, Sys 0 00:00:09  -  Run Remote Usage
		Usr 0 00:00:00, Sys 0 00:00:00  -  Run Local Usage
		Usr 0 00:02:12, Sys 0 00:00:09  -  Total Remote Usage
		Usr 0 00:00:00, Sys 0 00:00:00  -  Total Local Usage
	139423  -  Run Bytes Sent By Job
	2245326  -  Run Bytes Received By Job
	139423  -  Total Bytes Sent By Job
	2245326  -  Total Bytes Received By Job
	Partitionable Resources :    Usage  Request Allocated 
	   Cpus                 :     0.00        1         1 
	   Disk (KB)            :  5117        2250    321857 
	   Memory (MB)          :   206        2000      2000 
...
