000 (12188445.078.000) 03/28 21:58:20 Job submitted from host: <131.225.188.55:9618?addrs=131.225.188.55-9618&noUDP&sock=16299_5637_3>
...
001 (12188445.078.000) 03/28 21:59:35 Job executing on host: <131.225.206.10:9618?addrs=131.225.206.10-9618&noUDP&sock=1166_5b84_3>
...
006 (12188445.078.000) 03/28 22:00:44 Image size of job updated: 27
	27  -  MemoryUsage of job (MB)
	28560  -  ResidentSetSize of job (KB)
...
006 (12188445.078.000) 03/28 22:01:45 Image size of job updated: 175
	175  -  MemoryUsage of job (MB)
	179620  -  ResidentSetSize of job (KB)
...
006 (12188445.078.000) 03/28 22:02:45 Image size of job updated: 206
	206  -  MemoryUsage of job (MB)
	211368  -  ResidentSetSize of job (KB)
...
006 (12188445.078.000) 03/28 22:03:12 Image size of job updated: 206
	206  -  MemoryUsage of job (MB)
	211632  -  ResidentSetSize of job (KB)
...
005 (12188445.078.000) 03/28 22:03:13 Job terminated.
	(1) Normal termination (return value 0)
		Usr 0 00:02:01, Sys 0 00:00:09  -  Run Remote Usage
		Usr 0 00:00:00, Sys 0 00:00:00  -  Run Local Usage
		Usr 0 00:02:01, Sys 0 00:00:09  -  Total Remote Usage
		Usr 0 00:00:00, Sys 0 00:00:00  -  Total Local Usage
	140083  -  Run Bytes Sent By Job
	2245326  -  Run Bytes Received By Job
	140083  -  Total Bytes Sent By Job
	2245326  -  Total Bytes Received By Job
	Partitionable Resources :    Usage  Request Allocated 
	   Cpus                 :     0.14        1         1 
	   Disk (KB)            :  5118        2250    312418 
	   Memory (MB)          :   206        2000      2000 
...
