000 (12188445.113.000) 03/28 21:58:20 Job submitted from host: <131.225.188.55:9618?addrs=131.225.188.55-9618&noUDP&sock=16299_5637_3>
...
001 (12188445.113.000) 03/28 21:59:33 Job executing on host: <131.225.206.9:9618?addrs=131.225.206.9-9618&noUDP&sock=1160_3df3_3>
...
006 (12188445.113.000) 03/28 21:59:43 Image size of job updated: 17
	17  -  MemoryUsage of job (MB)
	17708  -  ResidentSetSize of job (KB)
...
006 (12188445.113.000) 03/28 22:00:43 Image size of job updated: 166
	166  -  MemoryUsage of job (MB)
	170416  -  ResidentSetSize of job (KB)
...
006 (12188445.113.000) 03/28 22:01:44 Image size of job updated: 183
	183  -  MemoryUsage of job (MB)
	188400  -  ResidentSetSize of job (KB)
...
006 (12188445.113.000) 03/28 22:02:37 Image size of job updated: 208
	208  -  MemoryUsage of job (MB)
	213540  -  ResidentSetSize of job (KB)
...
005 (12188445.113.000) 03/28 22:02:39 Job terminated.
	(1) Normal termination (return value 0)
		Usr 0 00:02:07, Sys 0 00:00:08  -  Run Remote Usage
		Usr 0 00:00:00, Sys 0 00:00:00  -  Run Local Usage
		Usr 0 00:02:07, Sys 0 00:00:08  -  Total Remote Usage
		Usr 0 00:00:00, Sys 0 00:00:00  -  Total Local Usage
	139659  -  Run Bytes Sent By Job
	2245326  -  Run Bytes Received By Job
	139659  -  Total Bytes Sent By Job
	2245326  -  Total Bytes Received By Job
	Partitionable Resources :    Usage  Request Allocated 
	   Cpus                 :        0        1         1 
	   Disk (KB)            :     5117     2250    306898 
	   Memory (MB)          :      208     2000      2000 
...
