000 (12188445.048.000) 03/28 21:58:20 Job submitted from host: <131.225.188.55:9618?addrs=131.225.188.55-9618&noUDP&sock=16299_5637_3>
...
001 (12188445.048.000) 03/28 21:59:20 Job executing on host: <131.225.206.234:9618?addrs=131.225.206.234-9618&noUDP&sock=1173_28ae_3>
...
006 (12188445.048.000) 03/28 21:59:29 Image size of job updated: 15
	15  -  MemoryUsage of job (MB)
	15428  -  ResidentSetSize of job (KB)
...
006 (12188445.048.000) 03/28 22:00:29 Image size of job updated: 56
	56  -  MemoryUsage of job (MB)
	58080  -  ResidentSetSize of job (KB)
...
006 (12188445.048.000) 03/28 22:01:30 Image size of job updated: 166
	166  -  MemoryUsage of job (MB)
	170212  -  ResidentSetSize of job (KB)
...
006 (12188445.048.000) 03/28 22:02:32 Image size of job updated: 205
	205  -  MemoryUsage of job (MB)
	210764  -  ResidentSetSize of job (KB)
...
006 (12188445.048.000) 03/28 22:03:03 Image size of job updated: 207
	207  -  MemoryUsage of job (MB)
	212484  -  ResidentSetSize of job (KB)
...
005 (12188445.048.000) 03/28 22:03:04 Job terminated.
	(1) Normal termination (return value 0)
		Usr 0 00:02:10, Sys 0 00:00:09  -  Run Remote Usage
		Usr 0 00:00:00, Sys 0 00:00:00  -  Run Local Usage
		Usr 0 00:02:10, Sys 0 00:00:09  -  Total Remote Usage
		Usr 0 00:00:00, Sys 0 00:00:00  -  Total Local Usage
	141012  -  Run Bytes Sent By Job
	2245326  -  Run Bytes Received By Job
	141012  -  Total Bytes Sent By Job
	2245326  -  Total Bytes Received By Job
	Partitionable Resources :    Usage  Request Allocated 
	   Cpus                 :        0        1         1 
	   Disk (KB)            :     5118     2250    325141 
	   Memory (MB)          :      207     2000      2000 
...
