000 (12188445.138.000) 03/28 21:58:20 Job submitted from host: <131.225.188.55:9618?addrs=131.225.188.55-9618&noUDP&sock=16299_5637_3>
...
001 (12188445.138.000) 03/28 21:59:38 Job executing on host: <131.225.206.237:9618?addrs=131.225.206.237-9618&noUDP&sock=1162_9d23_3>
...
006 (12188445.138.000) 03/28 21:59:47 Image size of job updated: 15
	15  -  MemoryUsage of job (MB)
	15920  -  ResidentSetSize of job (KB)
...
006 (12188445.138.000) 03/28 22:00:47 Image size of job updated: 27
	27  -  MemoryUsage of job (MB)
	27732  -  ResidentSetSize of job (KB)
...
006 (12188445.138.000) 03/28 22:01:47 Image size of job updated: 107
	107  -  MemoryUsage of job (MB)
	110336  -  ResidentSetSize of job (KB)
...
006 (12188445.138.000) 03/28 22:02:47 Image size of job updated: 171
	171  -  MemoryUsage of job (MB)
	175980  -  ResidentSetSize of job (KB)
...
006 (12188445.138.000) 03/28 22:03:47 Image size of job updated: 206
	206  -  MemoryUsage of job (MB)
	210984  -  ResidentSetSize of job (KB)
...
005 (12188445.138.000) 03/28 22:03:55 Job terminated.
	(1) Normal termination (return value 0)
		Usr 0 00:01:58, Sys 0 00:00:10  -  Run Remote Usage
		Usr 0 00:00:00, Sys 0 00:00:00  -  Run Local Usage
		Usr 0 00:01:58, Sys 0 00:00:10  -  Total Remote Usage
		Usr 0 00:00:00, Sys 0 00:00:00  -  Total Local Usage
	140155  -  Run Bytes Sent By Job
	2245326  -  Run Bytes Received By Job
	140155  -  Total Bytes Sent By Job
	2245326  -  Total Bytes Received By Job
	Partitionable Resources :    Usage  Request Allocated 
	   Cpus                 :        0        1         1 
	   Disk (KB)            :     5118     2250    316152 
	   Memory (MB)          :      206     2000      2000 
...
