000 (12188445.020.000) 03/28 21:58:20 Job submitted from host: <131.225.188.55:9618?addrs=131.225.188.55-9618&noUDP&sock=16299_5637_3>
...
001 (12188445.020.000) 03/28 22:00:11 Job executing on host: <131.225.204.100:9618?addrs=131.225.204.100-9618&noUDP&sock=1148_02d0_3>
...
006 (12188445.020.000) 03/28 22:00:19 Image size of job updated: 24
	24  -  MemoryUsage of job (MB)
	25288  -  ResidentSetSize of job (KB)
...
006 (12188445.020.000) 03/28 22:01:19 Image size of job updated: 144
	144  -  MemoryUsage of job (MB)
	147692  -  ResidentSetSize of job (KB)
...
006 (12188445.020.000) 03/28 22:02:20 Image size of job updated: 177
	177  -  MemoryUsage of job (MB)
	181524  -  ResidentSetSize of job (KB)
...
006 (12188445.020.000) 03/28 22:03:21 Image size of job updated: 203
	203  -  MemoryUsage of job (MB)
	208140  -  ResidentSetSize of job (KB)
...
006 (12188445.020.000) 03/28 22:03:28 Image size of job updated: 205
	205  -  MemoryUsage of job (MB)
	210628  -  ResidentSetSize of job (KB)
...
005 (12188445.020.000) 03/28 22:03:30 Job terminated.
	(1) Normal termination (return value 0)
		Usr 0 00:02:13, Sys 0 00:00:07  -  Run Remote Usage
		Usr 0 00:00:00, Sys 0 00:00:00  -  Run Local Usage
		Usr 0 00:02:13, Sys 0 00:00:07  -  Total Remote Usage
		Usr 0 00:00:00, Sys 0 00:00:00  -  Total Local Usage
	139999  -  Run Bytes Sent By Job
	2245326  -  Run Bytes Received By Job
	139999  -  Total Bytes Sent By Job
	2245326  -  Total Bytes Received By Job
	Partitionable Resources :    Usage  Request Allocated 
	   Cpus                 :     0.00        1         1 
	   Disk (KB)            :  5118        2250    308208 
	   Memory (MB)          :   205        2000      2000 
...
