000 (12188445.029.000) 03/28 21:58:20 Job submitted from host: <131.225.188.55:9618?addrs=131.225.188.55-9618&noUDP&sock=16299_5637_3>
...
001 (12188445.029.000) 03/28 21:59:25 Job executing on host: <131.225.191.155:9618?addrs=131.225.191.155-9618&noUDP&sock=1154_2061_3>
...
006 (12188445.029.000) 03/28 21:59:34 Image size of job updated: 21
	21  -  MemoryUsage of job (MB)
	22388  -  ResidentSetSize of job (KB)
...
006 (12188445.029.000) 03/28 22:00:35 Image size of job updated: 169
	169  -  MemoryUsage of job (MB)
	173056  -  ResidentSetSize of job (KB)
...
006 (12188445.029.000) 03/28 22:01:36 Image size of job updated: 183
	183  -  MemoryUsage of job (MB)
	187876  -  ResidentSetSize of job (KB)
...
006 (12188445.029.000) 03/28 22:02:37 Image size of job updated: 206
	206  -  MemoryUsage of job (MB)
	211544  -  ResidentSetSize of job (KB)
...
006 (12188445.029.000) 03/28 22:02:48 Image size of job updated: 206
	206  -  MemoryUsage of job (MB)
	211808  -  ResidentSetSize of job (KB)
...
005 (12188445.029.000) 03/28 22:02:50 Job terminated.
	(1) Normal termination (return value 0)
		Usr 0 00:02:16, Sys 0 00:00:09  -  Run Remote Usage
		Usr 0 00:00:00, Sys 0 00:00:00  -  Run Local Usage
		Usr 0 00:02:16, Sys 0 00:00:09  -  Total Remote Usage
		Usr 0 00:00:00, Sys 0 00:00:00  -  Total Local Usage
	139593  -  Run Bytes Sent By Job
	2245326  -  Run Bytes Received By Job
	139593  -  Total Bytes Sent By Job
	2245326  -  Total Bytes Received By Job
	Partitionable Resources :    Usage  Request Allocated 
	   Cpus                 :        0        1         1 
	   Disk (KB)            :     5118     2250    316770 
	   Memory (MB)          :      206     2000      2000 
...
