000 (12188445.031.000) 03/28 21:58:20 Job submitted from host: <131.225.188.55:9618?addrs=131.225.188.55-9618&noUDP&sock=16299_5637_3>
...
001 (12188445.031.000) 03/28 21:59:50 Job executing on host: <131.225.206.208:9618?addrs=131.225.206.208-9618&noUDP&sock=1156_7f92_3>
...
006 (12188445.031.000) 03/28 21:59:59 Image size of job updated: 19
	19  -  MemoryUsage of job (MB)
	20152  -  ResidentSetSize of job (KB)
...
006 (12188445.031.000) 03/28 22:00:59 Image size of job updated: 128
	128  -  MemoryUsage of job (MB)
	131764  -  ResidentSetSize of job (KB)
...
006 (12188445.031.000) 03/28 22:02:00 Image size of job updated: 165
	165  -  MemoryUsage of job (MB)
	169416  -  ResidentSetSize of job (KB)
...
006 (12188445.031.000) 03/28 22:03:01 Image size of job updated: 186
	186  -  MemoryUsage of job (MB)
	191336  -  ResidentSetSize of job (KB)
...
006 (12188445.031.000) 03/28 22:03:44 Image size of job updated: 206
	206  -  MemoryUsage of job (MB)
	211332  -  ResidentSetSize of job (KB)
...
005 (12188445.031.000) 03/28 22:03:45 Job terminated.
	(1) Normal termination (return value 0)
		Usr 0 00:02:01, Sys 0 00:00:09  -  Run Remote Usage
		Usr 0 00:00:00, Sys 0 00:00:00  -  Run Local Usage
		Usr 0 00:02:01, Sys 0 00:00:09  -  Total Remote Usage
		Usr 0 00:00:00, Sys 0 00:00:00  -  Total Local Usage
	140395  -  Run Bytes Sent By Job
	2245326  -  Run Bytes Received By Job
	140395  -  Total Bytes Sent By Job
	2245326  -  Total Bytes Received By Job
	Partitionable Resources :    Usage  Request Allocated 
	   Cpus                 :     0.02        1         1 
	   Disk (KB)            :  5118        2250    327087 
	   Memory (MB)          :   206        2000      2000 
...
