000 (12188445.120.000) 03/28 21:58:20 Job submitted from host: <131.225.188.55:9618?addrs=131.225.188.55-9618&noUDP&sock=16299_5637_3>
...
001 (12188445.120.000) 03/28 21:59:35 Job executing on host: <131.225.191.153:9618?addrs=131.225.191.153-9618&noUDP&sock=1154_2061_3>
...
006 (12188445.120.000) 03/28 21:59:46 Image size of job updated: 20
	20  -  MemoryUsage of job (MB)
	20976  -  ResidentSetSize of job (KB)
...
006 (12188445.120.000) 03/28 22:00:46 Image size of job updated: 73
	73  -  MemoryUsage of job (MB)
	74784  -  ResidentSetSize of job (KB)
...
006 (12188445.120.000) 03/28 22:01:46 Image size of job updated: 169
	169  -  MemoryUsage of job (MB)
	173952  -  ResidentSetSize of job (KB)
...
006 (12188445.120.000) 03/28 22:02:46 Image size of job updated: 204
	204  -  MemoryUsage of job (MB)
	209284  -  ResidentSetSize of job (KB)
...
006 (12188445.120.000) 03/28 22:03:09 Image size of job updated: 206
	206  -  MemoryUsage of job (MB)
	211684  -  ResidentSetSize of job (KB)
...
005 (12188445.120.000) 03/28 22:03:10 Job terminated.
	(1) Normal termination (return value 0)
		Usr 0 00:02:09, Sys 0 00:00:11  -  Run Remote Usage
		Usr 0 00:00:00, Sys 0 00:00:00  -  Run Local Usage
		Usr 0 00:02:09, Sys 0 00:00:11  -  Total Remote Usage
		Usr 0 00:00:00, Sys 0 00:00:00  -  Total Local Usage
	140015  -  Run Bytes Sent By Job
	2245326  -  Run Bytes Received By Job
	140015  -  Total Bytes Sent By Job
	2245326  -  Total Bytes Received By Job
	Partitionable Resources :    Usage  Request Allocated 
	   Cpus                 :        0        1         1 
	   Disk (KB)            :     5117     2250    327675 
	   Memory (MB)          :      206     2000      2000 
...
