000 (12188445.021.000) 03/28 21:58:20 Job submitted from host: <131.225.188.55:9618?addrs=131.225.188.55-9618&noUDP&sock=16299_5637_3>
...
001 (12188445.021.000) 03/28 21:59:16 Job executing on host: <131.225.206.5:9618?addrs=131.225.206.5-9618&noUDP&sock=1154_2061_3>
...
006 (12188445.021.000) 03/28 21:59:26 Image size of job updated: 20
	20  -  MemoryUsage of job (MB)
	20596  -  ResidentSetSize of job (KB)
...
006 (12188445.021.000) 03/28 22:00:26 Image size of job updated: 86
	86  -  MemoryUsage of job (MB)
	88184  -  ResidentSetSize of job (KB)
...
006 (12188445.021.000) 03/28 22:01:26 Image size of job updated: 169
	169  -  MemoryUsage of job (MB)
	174012  -  ResidentSetSize of job (KB)
...
006 (12188445.021.000) 03/28 22:02:26 Image size of job updated: 203
	203  -  MemoryUsage of job (MB)
	208496  -  ResidentSetSize of job (KB)
...
005 (12188445.021.000) 03/28 22:02:59 Job terminated.
	(1) Normal termination (return value 0)
		Usr 0 00:01:40, Sys 0 00:00:09  -  Run Remote Usage
		Usr 0 00:00:00, Sys 0 00:00:00  -  Run Local Usage
		Usr 0 00:01:40, Sys 0 00:00:09  -  Total Remote Usage
		Usr 0 00:00:00, Sys 0 00:00:00  -  Total Local Usage
	140198  -  Run Bytes Sent By Job
	2245326  -  Run Bytes Received By Job
	140198  -  Total Bytes Sent By Job
	2245326  -  Total Bytes Received By Job
	Partitionable Resources :    Usage  Request Allocated 
	   Cpus                 :        0        1         1 
	   Disk (KB)            :     5118     2250    318156 
	   Memory (MB)          :      203     2000      2000 
...
