000 (12188445.033.000) 03/28 21:58:20 Job submitted from host: <131.225.188.55:9618?addrs=131.225.188.55-9618&noUDP&sock=16299_5637_3>
...
001 (12188445.033.000) 03/28 21:59:20 Job executing on host: <131.225.204.101:9618?addrs=131.225.204.101-9618&noUDP&sock=1155_cff9_3>
...
006 (12188445.033.000) 03/28 21:59:29 Image size of job updated: 21
	21  -  MemoryUsage of job (MB)
	21656  -  ResidentSetSize of job (KB)
...
006 (12188445.033.000) 03/28 22:00:29 Image size of job updated: 67
	67  -  MemoryUsage of job (MB)
	69000  -  ResidentSetSize of job (KB)
...
006 (12188445.033.000) 03/28 22:01:29 Image size of job updated: 177
	177  -  MemoryUsage of job (MB)
	181776  -  ResidentSetSize of job (KB)
...
006 (12188445.033.000) 03/28 22:02:29 Image size of job updated: 205
	205  -  MemoryUsage of job (MB)
	210288  -  ResidentSetSize of job (KB)
...
006 (12188445.033.000) 03/28 22:03:11 Image size of job updated: 205
	205  -  MemoryUsage of job (MB)
	210728  -  ResidentSetSize of job (KB)
...
005 (12188445.033.000) 03/28 22:03:11 Job terminated.
	(1) Normal termination (return value 0)
		Usr 0 00:02:10, Sys 0 00:00:10  -  Run Remote Usage
		Usr 0 00:00:00, Sys 0 00:00:00  -  Run Local Usage
		Usr 0 00:02:10, Sys 0 00:00:10  -  Total Remote Usage
		Usr 0 00:00:00, Sys 0 00:00:00  -  Total Local Usage
	140630  -  Run Bytes Sent By Job
	2245326  -  Run Bytes Received By Job
	140630  -  Total Bytes Sent By Job
	2245326  -  Total Bytes Received By Job
	Partitionable Resources :    Usage  Request Allocated 
	   Cpus                 :        0        1         1 
	   Disk (KB)            :     5118     2250    317523 
	   Memory (MB)          :      205     2000      2000 
...
