000 (12188445.121.000) 03/28 21:58:20 Job submitted from host: <131.225.188.55:9618?addrs=131.225.188.55-9618&noUDP&sock=16299_5637_3>
...
001 (12188445.121.000) 03/28 21:59:35 Job executing on host: <131.225.204.107:9618?addrs=131.225.204.107-9618&noUDP&sock=1150_6200_3>
...
006 (12188445.121.000) 03/28 21:59:45 Image size of job updated: 29
	29  -  MemoryUsage of job (MB)
	29928  -  ResidentSetSize of job (KB)
...
006 (12188445.121.000) 03/28 22:00:45 Image size of job updated: 165
	165  -  MemoryUsage of job (MB)
	169352  -  ResidentSetSize of job (KB)
...
006 (12188445.121.000) 03/28 22:01:46 Image size of job updated: 205
	205  -  MemoryUsage of job (MB)
	209988  -  ResidentSetSize of job (KB)
...
006 (12188445.121.000) 03/28 22:02:46 Image size of job updated: 205
	205  -  MemoryUsage of job (MB)
	210484  -  ResidentSetSize of job (KB)
...
005 (12188445.121.000) 03/28 22:02:47 Job terminated.
	(1) Normal termination (return value 0)
		Usr 0 00:02:04, Sys 0 00:00:11  -  Run Remote Usage
		Usr 0 00:00:00, Sys 0 00:00:00  -  Run Local Usage
		Usr 0 00:02:04, Sys 0 00:00:11  -  Total Remote Usage
		Usr 0 00:00:00, Sys 0 00:00:00  -  Total Local Usage
	140451  -  Run Bytes Sent By Job
	2245326  -  Run Bytes Received By Job
	140451  -  Total Bytes Sent By Job
	2245326  -  Total Bytes Received By Job
	Partitionable Resources :    Usage  Request Allocated 
	   Cpus                 :        0        1         1 
	   Disk (KB)            :     5118     2250    313093 
	   Memory (MB)          :      205     2000      2000 
...
