000 (12188445.035.000) 03/28 21:58:20 Job submitted from host: <131.225.188.55:9618?addrs=131.225.188.55-9618&noUDP&sock=16299_5637_3>
...
001 (12188445.035.000) 03/28 21:59:19 Job executing on host: <131.225.206.154:9618?addrs=131.225.206.154-9618&noUDP&sock=1148_02d0_3>
...
006 (12188445.035.000) 03/28 21:59:28 Image size of job updated: 25
	25  -  MemoryUsage of job (MB)
	26400  -  ResidentSetSize of job (KB)
...
006 (12188445.035.000) 03/28 22:00:29 Image size of job updated: 166
	166  -  MemoryUsage of job (MB)
	170524  -  ResidentSetSize of job (KB)
...
006 (12188445.035.000) 03/28 22:01:30 Image size of job updated: 182
	182  -  MemoryUsage of job (MB)
	187280  -  ResidentSetSize of job (KB)
...
006 (12188445.035.000) 03/28 22:02:30 Image size of job updated: 203
	203  -  MemoryUsage of job (MB)
	208304  -  ResidentSetSize of job (KB)
...
006 (12188445.035.000) 03/28 22:02:56 Image size of job updated: 203
	203  -  MemoryUsage of job (MB)
	208556  -  ResidentSetSize of job (KB)
...
005 (12188445.035.000) 03/28 22:02:56 Job terminated.
	(1) Normal termination (return value 0)
		Usr 0 00:02:00, Sys 0 00:00:10  -  Run Remote Usage
		Usr 0 00:00:00, Sys 0 00:00:00  -  Run Local Usage
		Usr 0 00:02:00, Sys 0 00:00:10  -  Total Remote Usage
		Usr 0 00:00:00, Sys 0 00:00:00  -  Total Local Usage
	140202  -  Run Bytes Sent By Job
	2245326  -  Run Bytes Received By Job
	140202  -  Total Bytes Sent By Job
	2245326  -  Total Bytes Received By Job
	Partitionable Resources :    Usage  Request Allocated 
	   Cpus                 :        0        1         1 
	   Disk (KB)            :     5118     2250    333581 
	   Memory (MB)          :      203     2000      2000 
...
