000 (12188445.030.000) 03/28 21:58:20 Job submitted from host: <131.225.188.55:9618?addrs=131.225.188.55-9618&noUDP&sock=16299_5637_3>
...
001 (12188445.030.000) 03/28 21:59:18 Job executing on host: <131.225.204.91:9618?addrs=131.225.204.91-9618&noUDP&sock=1169_6a4d_3>
...
006 (12188445.030.000) 03/28 21:59:27 Image size of job updated: 24
	24  -  MemoryUsage of job (MB)
	25128  -  ResidentSetSize of job (KB)
...
006 (12188445.030.000) 03/28 22:00:27 Image size of job updated: 171
	171  -  MemoryUsage of job (MB)
	175584  -  ResidentSetSize of job (KB)
...
006 (12188445.030.000) 03/28 22:01:27 Image size of job updated: 175
	175  -  MemoryUsage of job (MB)
	180036  -  ResidentSetSize of job (KB)
...
006 (12188445.030.000) 03/28 22:02:27 Image size of job updated: 205
	205  -  MemoryUsage of job (MB)
	209940  -  ResidentSetSize of job (KB)
...
006 (12188445.030.000) 03/28 22:03:02 Image size of job updated: 205
	205  -  MemoryUsage of job (MB)
	210432  -  ResidentSetSize of job (KB)
...
005 (12188445.030.000) 03/28 22:03:02 Job terminated.
	(1) Normal termination (return value 0)
		Usr 0 00:02:17, Sys 0 00:00:09  -  Run Remote Usage
		Usr 0 00:00:00, Sys 0 00:00:00  -  Run Local Usage
		Usr 0 00:02:17, Sys 0 00:00:09  -  Total Remote Usage
		Usr 0 00:00:00, Sys 0 00:00:00  -  Total Local Usage
	140512  -  Run Bytes Sent By Job
	2245326  -  Run Bytes Received By Job
	140512  -  Total Bytes Sent By Job
	2245326  -  Total Bytes Received By Job
	Partitionable Resources :    Usage  Request Allocated 
	   Cpus                 :        0        1         1 
	   Disk (KB)            :     5118     2250    317048 
	   Memory (MB)          :      205     2000      2000 
...
