000 (12188445.065.000) 03/28 21:58:20 Job submitted from host: <131.225.188.55:9618?addrs=131.225.188.55-9618&noUDP&sock=16299_5637_3>
...
001 (12188445.065.000) 03/28 21:59:25 Job executing on host: <131.225.204.84:9618?addrs=131.225.204.84-9618&noUDP&sock=1159_8e5a_3>
...
006 (12188445.065.000) 03/28 22:00:34 Image size of job updated: 110
	110  -  MemoryUsage of job (MB)
	112708  -  ResidentSetSize of job (KB)
...
006 (12188445.065.000) 03/28 22:01:34 Image size of job updated: 166
	166  -  MemoryUsage of job (MB)
	170376  -  ResidentSetSize of job (KB)
...
006 (12188445.065.000) 03/28 22:02:35 Image size of job updated: 183
	183  -  MemoryUsage of job (MB)
	187612  -  ResidentSetSize of job (KB)
...
006 (12188445.065.000) 03/28 22:03:26 Image size of job updated: 208
	208  -  MemoryUsage of job (MB)
	213676  -  ResidentSetSize of job (KB)
...
005 (12188445.065.000) 03/28 22:03:26 Job terminated.
	(1) Normal termination (return value 0)
		Usr 0 00:02:08, Sys 0 00:00:08  -  Run Remote Usage
		Usr 0 00:00:00, Sys 0 00:00:00  -  Run Local Usage
		Usr 0 00:02:08, Sys 0 00:00:08  -  Total Remote Usage
		Usr 0 00:00:00, Sys 0 00:00:00  -  Total Local Usage
	141333  -  Run Bytes Sent By Job
	2245326  -  Run Bytes Received By Job
	141333  -  Total Bytes Sent By Job
	2245326  -  Total Bytes Received By Job
	Partitionable Resources :    Usage  Request Allocated 
	   Cpus                 :        0        1         1 
	   Disk (KB)            :     5119     2250    309395 
	   Memory (MB)          :      208     2000      2000 
...
