000 (12188445.075.000) 03/28 21:58:20 Job submitted from host: <131.225.188.55:9618?addrs=131.225.188.55-9618&noUDP&sock=16299_5637_3>
...
001 (12188445.075.000) 03/28 21:59:26 Job executing on host: <131.225.191.189:9618?addrs=131.225.191.189-9618&noUDP&sock=1149_b268_3>
...
006 (12188445.075.000) 03/28 21:59:35 Image size of job updated: 14
	14  -  MemoryUsage of job (MB)
	15252  -  ResidentSetSize of job (KB)
...
006 (12188445.075.000) 03/28 22:00:35 Image size of job updated: 86
	86  -  MemoryUsage of job (MB)
	88280  -  ResidentSetSize of job (KB)
...
006 (12188445.075.000) 03/28 22:01:35 Image size of job updated: 171
	171  -  MemoryUsage of job (MB)
	175820  -  ResidentSetSize of job (KB)
...
006 (12188445.075.000) 03/28 22:02:35 Image size of job updated: 207
	207  -  MemoryUsage of job (MB)
	212388  -  ResidentSetSize of job (KB)
...
005 (12188445.075.000) 03/28 22:02:47 Job terminated.
	(1) Normal termination (return value 0)
		Usr 0 00:01:58, Sys 0 00:00:08  -  Run Remote Usage
		Usr 0 00:00:00, Sys 0 00:00:00  -  Run Local Usage
		Usr 0 00:01:58, Sys 0 00:00:08  -  Total Remote Usage
		Usr 0 00:00:00, Sys 0 00:00:00  -  Total Local Usage
	140965  -  Run Bytes Sent By Job
	2245326  -  Run Bytes Received By Job
	140965  -  Total Bytes Sent By Job
	2245326  -  Total Bytes Received By Job
	Partitionable Resources :    Usage  Request Allocated 
	   Cpus                 :        0        1         1 
	   Disk (KB)            :     5118     2250    309809 
	   Memory (MB)          :      207     2000      2000 
...
