000 (12188445.135.000) 03/28 21:58:20 Job submitted from host: <131.225.188.55:9618?addrs=131.225.188.55-9618&noUDP&sock=16299_5637_3>
...
001 (12188445.135.000) 03/28 21:59:38 Job executing on host: <131.225.191.130:9618?addrs=131.225.191.130-9618&noUDP&sock=1148_02d0_3>
...
006 (12188445.135.000) 03/28 22:00:48 Image size of job updated: 86
	86  -  MemoryUsage of job (MB)
	88652  -  ResidentSetSize of job (KB)
...
006 (12188445.135.000) 03/28 22:01:49 Image size of job updated: 170
	170  -  MemoryUsage of job (MB)
	174376  -  ResidentSetSize of job (KB)
...
006 (12188445.135.000) 03/28 22:02:50 Image size of job updated: 202
	202  -  MemoryUsage of job (MB)
	207584  -  ResidentSetSize of job (KB)
...
006 (12188445.135.000) 03/28 22:03:19 Image size of job updated: 205
	205  -  MemoryUsage of job (MB)
	210112  -  ResidentSetSize of job (KB)
...
005 (12188445.135.000) 03/28 22:03:20 Job terminated.
	(1) Normal termination (return value 0)
		Usr 0 00:02:10, Sys 0 00:00:09  -  Run Remote Usage
		Usr 0 00:00:00, Sys 0 00:00:00  -  Run Local Usage
		Usr 0 00:02:10, Sys 0 00:00:09  -  Total Remote Usage
		Usr 0 00:00:00, Sys 0 00:00:00  -  Total Local Usage
	139507  -  Run Bytes Sent By Job
	2245326  -  Run Bytes Received By Job
	139507  -  Total Bytes Sent By Job
	2245326  -  Total Bytes Received By Job
	Partitionable Resources :    Usage  Request Allocated 
	   Cpus                 :        0        1         1 
	   Disk (KB)            :     5117     2250    311424 
	   Memory (MB)          :      205     2000      2000 
...
