000 (12188445.072.000) 03/28 21:58:20 Job submitted from host: <131.225.188.55:9618?addrs=131.225.188.55-9618&noUDP&sock=16299_5637_3>
...
001 (12188445.072.000) 03/28 21:59:25 Job executing on host: <131.225.206.3:9618?addrs=131.225.206.3-9618&noUDP&sock=1153_70c9_3>
...
006 (12188445.072.000) 03/28 22:00:37 Image size of job updated: 132
	132  -  MemoryUsage of job (MB)
	135752  -  ResidentSetSize of job (KB)
...
006 (12188445.072.000) 03/28 22:01:37 Image size of job updated: 165
	165  -  MemoryUsage of job (MB)
	169876  -  ResidentSetSize of job (KB)
...
006 (12188445.072.000) 03/28 22:02:37 Image size of job updated: 204
	204  -  MemoryUsage of job (MB)
	209188  -  ResidentSetSize of job (KB)
...
005 (12188445.072.000) 03/28 22:03:36 Job terminated.
	(1) Normal termination (return value 0)
		Usr 0 00:01:26, Sys 0 00:00:09  -  Run Remote Usage
		Usr 0 00:00:00, Sys 0 00:00:00  -  Run Local Usage
		Usr 0 00:01:26, Sys 0 00:00:09  -  Total Remote Usage
		Usr 0 00:00:00, Sys 0 00:00:00  -  Total Local Usage
	141248  -  Run Bytes Sent By Job
	2245326  -  Run Bytes Received By Job
	141248  -  Total Bytes Sent By Job
	2245326  -  Total Bytes Received By Job
	Partitionable Resources :    Usage  Request Allocated 
	   Cpus                 :        0        1         1 
	   Disk (KB)            :     5119     2250    312817 
	   Memory (MB)          :      204     2000      2000 
...
