000 (12188445.037.000) 03/28 21:58:20 Job submitted from host: <131.225.188.55:9618?addrs=131.225.188.55-9618&noUDP&sock=16299_5637_3>
...
001 (12188445.037.000) 03/28 21:59:17 Job executing on host: <131.225.206.11:9618?addrs=131.225.206.11-9618&noUDP&sock=1160_3df3_3>
...
006 (12188445.037.000) 03/28 21:59:27 Image size of job updated: 15
	15  -  MemoryUsage of job (MB)
	15512  -  ResidentSetSize of job (KB)
...
006 (12188445.037.000) 03/28 22:00:28 Image size of job updated: 165
	165  -  MemoryUsage of job (MB)
	169156  -  ResidentSetSize of job (KB)
...
006 (12188445.037.000) 03/28 22:01:28 Image size of job updated: 182
	182  -  MemoryUsage of job (MB)
	187360  -  ResidentSetSize of job (KB)
...
006 (12188445.037.000) 03/28 22:02:27 Image size of job updated: 210
	210  -  MemoryUsage of job (MB)
	215916  -  ResidentSetSize of job (KB)
...
005 (12188445.037.000) 03/28 22:02:29 Job terminated.
	(1) Normal termination (return value 0)
		Usr 0 00:02:03, Sys 0 00:00:09  -  Run Remote Usage
		Usr 0 00:00:00, Sys 0 00:00:00  -  Run Local Usage
		Usr 0 00:02:03, Sys 0 00:00:09  -  Total Remote Usage
		Usr 0 00:00:00, Sys 0 00:00:00  -  Total Local Usage
	139851  -  Run Bytes Sent By Job
	2245326  -  Run Bytes Received By Job
	139851  -  Total Bytes Sent By Job
	2245326  -  Total Bytes Received By Job
	Partitionable Resources :    Usage  Request Allocated 
	   Cpus                 :        0        1         1 
	   Disk (KB)            :     5117     2250    307557 
	   Memory (MB)          :      210     2000      2000 
...
