000 (12188445.102.000) 03/28 21:58:20 Job submitted from host: <131.225.188.55:9618?addrs=131.225.188.55-9618&noUDP&sock=16299_5637_3>
...
001 (12188445.102.000) 03/28 21:59:35 Job executing on host: <131.225.191.145:9618?addrs=131.225.191.145-9618&noUDP&sock=1155_cff9_3>
...
006 (12188445.102.000) 03/28 22:01:47 Image size of job updated: 132
	132  -  MemoryUsage of job (MB)
	135756  -  ResidentSetSize of job (KB)
...
006 (12188445.102.000) 03/28 22:03:49 Image size of job updated: 172
	172  -  MemoryUsage of job (MB)
	176556  -  ResidentSetSize of job (KB)
...
006 (12188445.102.000) 03/28 22:04:49 Image size of job updated: 204
	204  -  MemoryUsage of job (MB)
	209572  -  ResidentSetSize of job (KB)
...
006 (12188445.102.000) 03/28 22:05:08 Image size of job updated: 204
	204  -  MemoryUsage of job (MB)
	209824  -  ResidentSetSize of job (KB)
...
005 (12188445.102.000) 03/28 22:05:09 Job terminated.
	(1) Normal termination (return value 0)
		Usr 0 00:02:12, Sys 0 00:00:07  -  Run Remote Usage
		Usr 0 00:00:00, Sys 0 00:00:00  -  Run Local Usage
		Usr 0 00:02:12, Sys 0 00:00:07  -  Total Remote Usage
		Usr 0 00:00:00, Sys 0 00:00:00  -  Total Local Usage
	142051  -  Run Bytes Sent By Job
	2245326  -  Run Bytes Received By Job
	142051  -  Total Bytes Sent By Job
	2245326  -  Total Bytes Received By Job
	Partitionable Resources :    Usage  Request Allocated 
	   Cpus                 :     0.00        1         1 
	   Disk (KB)            :  5120        2250    309415 
	   Memory (MB)          :   204        2000      2000 
...
