000 (12188445.076.000) 03/28 21:58:20 Job submitted from host: <131.225.188.55:9618?addrs=131.225.188.55-9618&noUDP&sock=16299_5637_3>
...
001 (12188445.076.000) 03/28 21:59:24 Job executing on host: <131.225.206.201:9618?addrs=131.225.206.201-9618&noUDP&sock=1153_70c9_3>
...
006 (12188445.076.000) 03/28 22:00:34 Image size of job updated: 27
	27  -  MemoryUsage of job (MB)
	27816  -  ResidentSetSize of job (KB)
...
006 (12188445.076.000) 03/28 22:01:34 Image size of job updated: 168
	168  -  MemoryUsage of job (MB)
	172136  -  ResidentSetSize of job (KB)
...
006 (12188445.076.000) 03/28 22:02:35 Image size of job updated: 211
	211  -  MemoryUsage of job (MB)
	216424  -  ResidentSetSize of job (KB)
...
006 (12188445.076.000) 03/28 22:03:12 Image size of job updated: 213
	213  -  MemoryUsage of job (MB)
	218472  -  ResidentSetSize of job (KB)
...
005 (12188445.076.000) 03/28 22:03:13 Job terminated.
	(1) Normal termination (return value 0)
		Usr 0 00:01:57, Sys 0 00:00:08  -  Run Remote Usage
		Usr 0 00:00:00, Sys 0 00:00:00  -  Run Local Usage
		Usr 0 00:01:57, Sys 0 00:00:08  -  Total Remote Usage
		Usr 0 00:00:00, Sys 0 00:00:00  -  Total Local Usage
	140111  -  Run Bytes Sent By Job
	2245326  -  Run Bytes Received By Job
	140111  -  Total Bytes Sent By Job
	2245326  -  Total Bytes Received By Job
	Partitionable Resources :    Usage  Request Allocated 
	   Cpus                 :     0.00        1         1 
	   Disk (KB)            :  5118        2250    332511 
	   Memory (MB)          :   213        2000      2000 
...
