000 (12188445.051.000) 03/28 21:58:20 Job submitted from host: <131.225.188.55:9618?addrs=131.225.188.55-9618&noUDP&sock=16299_5637_3>
...
001 (12188445.051.000) 03/28 21:59:23 Job executing on host: <131.225.191.152:9618?addrs=131.225.191.152-9618&noUDP&sock=1157_2f2a_3>
...
006 (12188445.051.000) 03/28 21:59:32 Image size of job updated: 16
	16  -  MemoryUsage of job (MB)
	16440  -  ResidentSetSize of job (KB)
...
006 (12188445.051.000) 03/28 22:00:32 Image size of job updated: 167
	167  -  MemoryUsage of job (MB)
	171096  -  ResidentSetSize of job (KB)
...
006 (12188445.051.000) 03/28 22:01:32 Image size of job updated: 187
	187  -  MemoryUsage of job (MB)
	191672  -  ResidentSetSize of job (KB)
...
006 (12188445.051.000) 03/28 22:02:32 Image size of job updated: 198
	198  -  MemoryUsage of job (MB)
	203040  -  ResidentSetSize of job (KB)
...
006 (12188445.051.000) 03/28 22:02:55 Image size of job updated: 205
	205  -  MemoryUsage of job (MB)
	210700  -  ResidentSetSize of job (KB)
...
005 (12188445.051.000) 03/28 22:02:57 Job terminated.
	(1) Normal termination (return value 0)
		Usr 0 00:01:59, Sys 0 00:00:09  -  Run Remote Usage
		Usr 0 00:00:00, Sys 0 00:00:00  -  Run Local Usage
		Usr 0 00:01:59, Sys 0 00:00:09  -  Total Remote Usage
		Usr 0 00:00:00, Sys 0 00:00:00  -  Total Local Usage
	140413  -  Run Bytes Sent By Job
	2245326  -  Run Bytes Received By Job
	140413  -  Total Bytes Sent By Job
	2245326  -  Total Bytes Received By Job
	Partitionable Resources :    Usage  Request Allocated 
	   Cpus                 :        0        1         1 
	   Disk (KB)            :     5118     2250    312725 
	   Memory (MB)          :      205     2000      2000 
...
