000 (12188445.100.000) 03/28 21:58:20 Job submitted from host: <131.225.188.55:9618?addrs=131.225.188.55-9618&noUDP&sock=16299_5637_3>
...
001 (12188445.100.000) 03/28 21:59:33 Job executing on host: <131.225.191.186:9618?addrs=131.225.191.186-9618&noUDP&sock=1158_dec2_3>
...
006 (12188445.100.000) 03/28 22:00:42 Image size of job updated: 26
	26  -  MemoryUsage of job (MB)
	27524  -  ResidentSetSize of job (KB)
...
006 (12188445.100.000) 03/28 22:01:42 Image size of job updated: 148
	148  -  MemoryUsage of job (MB)
	152248  -  ResidentSetSize of job (KB)
...
006 (12188445.100.000) 03/28 22:02:42 Image size of job updated: 183
	183  -  MemoryUsage of job (MB)
	188236  -  ResidentSetSize of job (KB)
...
006 (12188445.100.000) 03/28 22:03:42 Image size of job updated: 205
	205  -  MemoryUsage of job (MB)
	210644  -  ResidentSetSize of job (KB)
...
006 (12188445.100.000) 03/28 22:03:51 Image size of job updated: 205
	205  -  MemoryUsage of job (MB)
	210896  -  ResidentSetSize of job (KB)
...
005 (12188445.100.000) 03/28 22:03:53 Job terminated.
	(1) Normal termination (return value 0)
		Usr 0 00:02:11, Sys 0 00:00:09  -  Run Remote Usage
		Usr 0 00:00:00, Sys 0 00:00:00  -  Run Local Usage
		Usr 0 00:02:11, Sys 0 00:00:09  -  Total Remote Usage
		Usr 0 00:00:00, Sys 0 00:00:00  -  Total Local Usage
	140086  -  Run Bytes Sent By Job
	2245326  -  Run Bytes Received By Job
	140086  -  Total Bytes Sent By Job
	2245326  -  Total Bytes Received By Job
	Partitionable Resources :    Usage  Request Allocated 
	   Cpus                 :        0        1         1 
	   Disk (KB)            :     5118     2250    319264 
	   Memory (MB)          :      205     2000      2000 
...
