000 (12188445.050.000) 03/28 21:58:20 Job submitted from host: <131.225.188.55:9618?addrs=131.225.188.55-9618&noUDP&sock=16299_5637_3>
...
001 (12188445.050.000) 03/28 21:59:20 Job executing on host: <131.225.191.131:9618?addrs=131.225.191.131-9618&noUDP&sock=1157_2f2a_3>
...
006 (12188445.050.000) 03/28 21:59:29 Image size of job updated: 17
	17  -  MemoryUsage of job (MB)
	17416  -  ResidentSetSize of job (KB)
...
006 (12188445.050.000) 03/28 22:00:30 Image size of job updated: 128
	128  -  MemoryUsage of job (MB)
	131232  -  ResidentSetSize of job (KB)
...
006 (12188445.050.000) 03/28 22:01:31 Image size of job updated: 168
	168  -  MemoryUsage of job (MB)
	172232  -  ResidentSetSize of job (KB)
...
006 (12188445.050.000) 03/28 22:02:32 Image size of job updated: 205
	205  -  MemoryUsage of job (MB)
	210028  -  ResidentSetSize of job (KB)
...
006 (12188445.050.000) 03/28 22:02:56 Image size of job updated: 205
	205  -  MemoryUsage of job (MB)
	210284  -  ResidentSetSize of job (KB)
...
005 (12188445.050.000) 03/28 22:02:58 Job terminated.
	(1) Normal termination (return value 0)
		Usr 0 00:02:03, Sys 0 00:00:09  -  Run Remote Usage
		Usr 0 00:00:00, Sys 0 00:00:00  -  Run Local Usage
		Usr 0 00:02:03, Sys 0 00:00:09  -  Total Remote Usage
		Usr 0 00:00:00, Sys 0 00:00:00  -  Total Local Usage
	140689  -  Run Bytes Sent By Job
	2245326  -  Run Bytes Received By Job
	140689  -  Total Bytes Sent By Job
	2245326  -  Total Bytes Received By Job
	Partitionable Resources :    Usage  Request Allocated 
	   Cpus                 :        0        1         1 
	   Disk (KB)            :     5118     2250    308080 
	   Memory (MB)          :      205     2000      2000 
...
