000 (12188445.034.000) 03/28 21:58:20 Job submitted from host: <131.225.188.55:9618?addrs=131.225.188.55-9618&noUDP&sock=16299_5637_3>
...
001 (12188445.034.000) 03/28 22:00:49 Job executing on host: <131.225.191.137:9618?addrs=131.225.191.137-9618&noUDP&sock=1161_ed8b_3>
...
006 (12188445.034.000) 03/28 22:01:59 Image size of job updated: 132
	132  -  MemoryUsage of job (MB)
	135744  -  ResidentSetSize of job (KB)
...
006 (12188445.034.000) 03/28 22:03:59 Image size of job updated: 164
	164  -  MemoryUsage of job (MB)
	168856  -  ResidentSetSize of job (KB)
...
006 (12188445.034.000) 03/28 22:05:00 Image size of job updated: 204
	204  -  MemoryUsage of job (MB)
	209672  -  ResidentSetSize of job (KB)
...
006 (12188445.034.000) 03/28 22:05:40 Image size of job updated: 206
	206  -  MemoryUsage of job (MB)
	211568  -  ResidentSetSize of job (KB)
...
005 (12188445.034.000) 03/28 22:05:41 Job terminated.
	(1) Normal termination (return value 0)
		Usr 0 00:02:02, Sys 0 00:00:08  -  Run Remote Usage
		Usr 0 00:00:00, Sys 0 00:00:00  -  Run Local Usage
		Usr 0 00:02:02, Sys 0 00:00:08  -  Total Remote Usage
		Usr 0 00:00:00, Sys 0 00:00:00  -  Total Local Usage
	141887  -  Run Bytes Sent By Job
	2245326  -  Run Bytes Received By Job
	141887  -  Total Bytes Sent By Job
	2245326  -  Total Bytes Received By Job
	Partitionable Resources :    Usage  Request Allocated 
	   Cpus                 :        0        1         1 
	   Disk (KB)            :     5120     2250    320098 
	   Memory (MB)          :      206     2000      2000 
...
