000 (12188445.014.000) 03/28 21:58:20 Job submitted from host: <131.225.188.55:9618?addrs=131.225.188.55-9618&noUDP&sock=16299_5637_3>
...
001 (12188445.014.000) 03/28 21:59:15 Job executing on host: <131.225.204.91:9618?addrs=131.225.204.91-9618&noUDP&sock=1169_6a4d_3>
...
006 (12188445.014.000) 03/28 21:59:25 Image size of job updated: 14
	14  -  MemoryUsage of job (MB)
	15316  -  ResidentSetSize of job (KB)
...
006 (12188445.014.000) 03/28 22:00:25 Image size of job updated: 164
	164  -  MemoryUsage of job (MB)
	168560  -  ResidentSetSize of job (KB)
...
006 (12188445.014.000) 03/28 22:01:25 Image size of job updated: 175
	175  -  MemoryUsage of job (MB)
	179872  -  ResidentSetSize of job (KB)
...
006 (12188445.014.000) 03/28 22:02:25 Image size of job updated: 203
	203  -  MemoryUsage of job (MB)
	208192  -  ResidentSetSize of job (KB)
...
006 (12188445.014.000) 03/28 22:03:11 Image size of job updated: 203
	203  -  MemoryUsage of job (MB)
	208712  -  ResidentSetSize of job (KB)
...
005 (12188445.014.000) 03/28 22:03:12 Job terminated.
	(1) Normal termination (return value 0)
		Usr 0 00:02:07, Sys 0 00:00:10  -  Run Remote Usage
		Usr 0 00:00:00, Sys 0 00:00:00  -  Run Local Usage
		Usr 0 00:02:07, Sys 0 00:00:10  -  Total Remote Usage
		Usr 0 00:00:00, Sys 0 00:00:00  -  Total Local Usage
	140340  -  Run Bytes Sent By Job
	2245326  -  Run Bytes Received By Job
	140340  -  Total Bytes Sent By Job
	2245326  -  Total Bytes Received By Job
	Partitionable Resources :    Usage  Request Allocated 
	   Cpus                 :        0        1         1 
	   Disk (KB)            :     5118     2250    317048 
	   Memory (MB)          :      203     2000      2000 
...
