000 (12188445.045.000) 03/28 21:58:20 Job submitted from host: <131.225.188.55:9618?addrs=131.225.188.55-9618&noUDP&sock=16299_5637_3>
...
001 (12188445.045.000) 03/28 21:59:22 Job executing on host: <131.225.191.189:9618?addrs=131.225.191.189-9618&noUDP&sock=1149_b268_3>
...
006 (12188445.045.000) 03/28 21:59:31 Image size of job updated: 5
	4  -  MemoryUsage of job (MB)
	4644  -  ResidentSetSize of job (KB)
...
006 (12188445.045.000) 03/28 22:00:32 Image size of job updated: 176
	176  -  MemoryUsage of job (MB)
	180540  -  ResidentSetSize of job (KB)
...
006 (12188445.045.000) 03/28 22:01:33 Image size of job updated: 200
	200  -  MemoryUsage of job (MB)
	205720  -  ResidentSetSize of job (KB)
...
005 (12188445.045.000) 03/28 22:02:21 Job terminated.
	(1) Normal termination (return value 0)
		Usr 0 00:02:17, Sys 0 00:00:09  -  Run Remote Usage
		Usr 0 00:00:00, Sys 0 00:00:00  -  Run Local Usage
		Usr 0 00:02:17, Sys 0 00:00:09  -  Total Remote Usage
		Usr 0 00:00:00, Sys 0 00:00:00  -  Total Local Usage
	139169  -  Run Bytes Sent By Job
	2245326  -  Run Bytes Received By Job
	139169  -  Total Bytes Sent By Job
	2245326  -  Total Bytes Received By Job
	Partitionable Resources :    Usage  Request Allocated 
	   Cpus                 :        0        1         1 
	   Disk (KB)            :     5117     2250    309809 
	   Memory (MB)          :        3     2000      2000 
...
