000 (12188445.028.000) 03/28 21:58:20 Job submitted from host: <131.225.188.55:9618?addrs=131.225.188.55-9618&noUDP&sock=16299_5637_3>
...
001 (12188445.028.000) 03/28 21:59:18 Job executing on host: <131.225.204.43:9618?addrs=131.225.204.43-9618&noUDP&sock=1160_3df3_3>
...
006 (12188445.028.000) 03/28 21:59:26 Image size of job updated: 23
	23  -  MemoryUsage of job (MB)
	23856  -  ResidentSetSize of job (KB)
...
006 (12188445.028.000) 03/28 22:00:26 Image size of job updated: 165
	165  -  MemoryUsage of job (MB)
	169832  -  ResidentSetSize of job (KB)
...
006 (12188445.028.000) 03/28 22:01:26 Image size of job updated: 205
	205  -  MemoryUsage of job (MB)
	210220  -  ResidentSetSize of job (KB)
...
006 (12188445.028.000) 03/28 22:02:09 Image size of job updated: 208
	208  -  MemoryUsage of job (MB)
	213940  -  ResidentSetSize of job (KB)
...
005 (12188445.028.000) 03/28 22:02:10 Job terminated.
	(1) Normal termination (return value 0)
		Usr 0 00:02:00, Sys 0 00:00:08  -  Run Remote Usage
		Usr 0 00:00:00, Sys 0 00:00:00  -  Run Local Usage
		Usr 0 00:02:00, Sys 0 00:00:08  -  Total Remote Usage
		Usr 0 00:00:00, Sys 0 00:00:00  -  Total Local Usage
	139632  -  Run Bytes Sent By Job
	2245326  -  Run Bytes Received By Job
	139632  -  Total Bytes Sent By Job
	2245326  -  Total Bytes Received By Job
	Partitionable Resources :    Usage  Request Allocated 
	   Cpus                 :        0        1         1 
	   Disk (KB)            :     5117     2250    307817 
	   Memory (MB)          :      208     2000      2000 
...
