000 (12188445.042.000) 03/28 21:58:20 Job submitted from host: <131.225.188.55:9618?addrs=131.225.188.55-9618&noUDP&sock=16299_5637_3>
...
001 (12188445.042.000) 03/28 21:59:19 Job executing on host: <131.225.204.44:9618?addrs=131.225.204.44-9618&noUDP&sock=1197_9ef4_3>
...
006 (12188445.042.000) 03/28 21:59:28 Image size of job updated: 34
	34  -  MemoryUsage of job (MB)
	35424  -  ResidentSetSize of job (KB)
...
006 (12188445.042.000) 03/28 22:00:28 Image size of job updated: 165
	165  -  MemoryUsage of job (MB)
	169204  -  ResidentSetSize of job (KB)
...
006 (12188445.042.000) 03/28 22:01:28 Image size of job updated: 183
	183  -  MemoryUsage of job (MB)
	187704  -  ResidentSetSize of job (KB)
...
006 (12188445.042.000) 03/28 22:02:22 Image size of job updated: 215
	215  -  MemoryUsage of job (MB)
	220224  -  ResidentSetSize of job (KB)
...
005 (12188445.042.000) 03/28 22:02:24 Job terminated.
	(1) Normal termination (return value 0)
		Usr 0 00:02:10, Sys 0 00:00:08  -  Run Remote Usage
		Usr 0 00:00:00, Sys 0 00:00:00  -  Run Local Usage
		Usr 0 00:02:10, Sys 0 00:00:08  -  Total Remote Usage
		Usr 0 00:00:00, Sys 0 00:00:00  -  Total Local Usage
	139541  -  Run Bytes Sent By Job
	2245326  -  Run Bytes Received By Job
	139541  -  Total Bytes Sent By Job
	2245326  -  Total Bytes Received By Job
	Partitionable Resources :    Usage  Request Allocated 
	   Cpus                 :        0        1         1 
	   Disk (KB)            :     5117     2250    331919 
	   Memory (MB)          :      215     2000      2000 
...
