000 (12188445.083.000) 03/28 21:58:20 Job submitted from host: <131.225.188.55:9618?addrs=131.225.188.55-9618&noUDP&sock=16299_5637_3>
...
001 (12188445.083.000) 03/28 21:59:28 Job executing on host: <131.225.206.203:9618?addrs=131.225.206.203-9618&noUDP&sock=1179_463f_3>
...
006 (12188445.083.000) 03/28 21:59:37 Image size of job updated: 5
	3  -  MemoryUsage of job (MB)
	3500  -  ResidentSetSize of job (KB)
...
006 (12188445.083.000) 03/28 22:00:38 Image size of job updated: 167
	167  -  MemoryUsage of job (MB)
	171484  -  ResidentSetSize of job (KB)
...
006 (12188445.083.000) 03/28 22:01:40 Image size of job updated: 183
	183  -  MemoryUsage of job (MB)
	187488  -  ResidentSetSize of job (KB)
...
006 (12188445.083.000) 03/28 22:02:27 Image size of job updated: 208
	208  -  MemoryUsage of job (MB)
	213808  -  ResidentSetSize of job (KB)
...
005 (12188445.083.000) 03/28 22:02:29 Job terminated.
	(1) Normal termination (return value 0)
		Usr 0 00:02:12, Sys 0 00:00:09  -  Run Remote Usage
		Usr 0 00:00:00, Sys 0 00:00:00  -  Run Local Usage
		Usr 0 00:02:12, Sys 0 00:00:09  -  Total Remote Usage
		Usr 0 00:00:00, Sys 0 00:00:00  -  Total Local Usage
	139947  -  Run Bytes Sent By Job
	2245326  -  Run Bytes Received By Job
	139947  -  Total Bytes Sent By Job
	2245326  -  Total Bytes Received By Job
	Partitionable Resources :    Usage  Request Allocated 
	   Cpus                 :     0.10        1         1 
	   Disk (KB)            :  5118        2250    324747 
	   Memory (MB)          :   208        2000      2000 
...
