000 (12188445.066.000) 03/28 21:58:20 Job submitted from host: <131.225.188.55:9618?addrs=131.225.188.55-9618&noUDP&sock=16299_5637_3>
...
001 (12188445.066.000) 03/28 21:59:24 Job executing on host: <131.225.206.3:9618?addrs=131.225.206.3-9618&noUDP&sock=1153_70c9_3>
...
006 (12188445.066.000) 03/28 21:59:33 Image size of job updated: 18
	18  -  MemoryUsage of job (MB)
	19368  -  ResidentSetSize of job (KB)
...
006 (12188445.066.000) 03/28 22:01:33 Image size of job updated: 165
	165  -  MemoryUsage of job (MB)
	169500  -  ResidentSetSize of job (KB)
...
006 (12188445.066.000) 03/28 22:02:33 Image size of job updated: 183
	183  -  MemoryUsage of job (MB)
	188036  -  ResidentSetSize of job (KB)
...
006 (12188445.066.000) 03/28 22:03:34 Image size of job updated: 205
	205  -  MemoryUsage of job (MB)
	210356  -  ResidentSetSize of job (KB)
...
005 (12188445.066.000) 03/28 22:03:47 Job terminated.
	(1) Normal termination (return value 0)
		Usr 0 00:02:23, Sys 0 00:00:09  -  Run Remote Usage
		Usr 0 00:00:00, Sys 0 00:00:00  -  Run Local Usage
		Usr 0 00:02:23, Sys 0 00:00:09  -  Total Remote Usage
		Usr 0 00:00:00, Sys 0 00:00:00  -  Total Local Usage
	140280  -  Run Bytes Sent By Job
	2245326  -  Run Bytes Received By Job
	140280  -  Total Bytes Sent By Job
	2245326  -  Total Bytes Received By Job
	Partitionable Resources :    Usage  Request Allocated 
	   Cpus                 :        0        1         1 
	   Disk (KB)            :     5118     2250    312817 
	   Memory (MB)          :      205     2000      2000 
...
