000 (12188445.111.000) 03/28 21:58:20 Job submitted from host: <131.225.188.55:9618?addrs=131.225.188.55-9618&noUDP&sock=16299_5637_3>
...
001 (12188445.111.000) 03/28 21:59:33 Job executing on host: <131.225.206.51:9618?addrs=131.225.206.51-9618&noUDP&sock=1160_3df3_3>
...
006 (12188445.111.000) 03/28 21:59:42 Image size of job updated: 29
	29  -  MemoryUsage of job (MB)
	29776  -  ResidentSetSize of job (KB)
...
006 (12188445.111.000) 03/28 22:00:42 Image size of job updated: 32
	32  -  MemoryUsage of job (MB)
	33620  -  ResidentSetSize of job (KB)
...
006 (12188445.111.000) 03/28 22:01:43 Image size of job updated: 167
	167  -  MemoryUsage of job (MB)
	171300  -  ResidentSetSize of job (KB)
...
006 (12188445.111.000) 03/28 22:02:44 Image size of job updated: 205
	205  -  MemoryUsage of job (MB)
	210184  -  ResidentSetSize of job (KB)
...
006 (12188445.111.000) 03/28 22:03:15 Image size of job updated: 205
	205  -  MemoryUsage of job (MB)
	210632  -  ResidentSetSize of job (KB)
...
005 (12188445.111.000) 03/28 22:03:16 Job terminated.
	(1) Normal termination (return value 0)
		Usr 0 00:02:16, Sys 0 00:00:09  -  Run Remote Usage
		Usr 0 00:00:00, Sys 0 00:00:00  -  Run Local Usage
		Usr 0 00:02:16, Sys 0 00:00:09  -  Total Remote Usage
		Usr 0 00:00:00, Sys 0 00:00:00  -  Total Local Usage
	139518  -  Run Bytes Sent By Job
	2245326  -  Run Bytes Received By Job
	139518  -  Total Bytes Sent By Job
	2245326  -  Total Bytes Received By Job
	Partitionable Resources :    Usage  Request Allocated 
	   Cpus                 :     0.00        1         1 
	   Disk (KB)            :  5117        2250    316859 
	   Memory (MB)          :   205        2000      2000 
...
