000 (12188445.094.000) 03/28 21:58:20 Job submitted from host: <131.225.188.55:9618?addrs=131.225.188.55-9618&noUDP&sock=16299_5637_3>
...
001 (12188445.094.000) 03/28 21:59:32 Job executing on host: <131.225.191.175:9618?addrs=131.225.191.175-9618&noUDP&sock=1153_70c9_3>
...
006 (12188445.094.000) 03/28 21:59:41 Image size of job updated: 5
	4  -  MemoryUsage of job (MB)
	4264  -  ResidentSetSize of job (KB)
...
006 (12188445.094.000) 03/28 22:00:41 Image size of job updated: 127
	127  -  MemoryUsage of job (MB)
	130976  -  ResidentSetSize of job (KB)
...
006 (12188445.094.000) 03/28 22:01:42 Image size of job updated: 182
	182  -  MemoryUsage of job (MB)
	187196  -  ResidentSetSize of job (KB)
...
006 (12188445.094.000) 03/28 22:02:43 Image size of job updated: 206
	206  -  MemoryUsage of job (MB)
	211480  -  ResidentSetSize of job (KB)
...
005 (12188445.094.000) 03/28 22:02:52 Job terminated.
	(1) Normal termination (return value 0)
		Usr 0 00:02:03, Sys 0 00:00:09  -  Run Remote Usage
		Usr 0 00:00:00, Sys 0 00:00:00  -  Run Local Usage
		Usr 0 00:02:03, Sys 0 00:00:09  -  Total Remote Usage
		Usr 0 00:00:00, Sys 0 00:00:00  -  Total Local Usage
	140594  -  Run Bytes Sent By Job
	2245326  -  Run Bytes Received By Job
	140594  -  Total Bytes Sent By Job
	2245326  -  Total Bytes Received By Job
	Partitionable Resources :    Usage  Request Allocated 
	   Cpus                 :        0        1         1 
	   Disk (KB)            :     5118     2250    316681 
	   Memory (MB)          :      206     2000      2000 
...
