000 (12188445.103.000) 03/28 21:58:20 Job submitted from host: <131.225.188.55:9618?addrs=131.225.188.55-9618&noUDP&sock=16299_5637_3>
...
001 (12188445.103.000) 03/28 21:59:33 Job executing on host: <131.225.206.161:9618?addrs=131.225.206.161-9618&noUDP&sock=1153_70c9_3>
...
006 (12188445.103.000) 03/28 21:59:44 Image size of job updated: 5
	4  -  MemoryUsage of job (MB)
	4296  -  ResidentSetSize of job (KB)
...
006 (12188445.103.000) 03/28 22:00:45 Image size of job updated: 27
	27  -  MemoryUsage of job (MB)
	28036  -  ResidentSetSize of job (KB)
...
006 (12188445.103.000) 03/28 22:01:45 Image size of job updated: 167
	167  -  MemoryUsage of job (MB)
	171424  -  ResidentSetSize of job (KB)
...
006 (12188445.103.000) 03/28 22:02:45 Image size of job updated: 203
	203  -  MemoryUsage of job (MB)
	208568  -  ResidentSetSize of job (KB)
...
006 (12188445.103.000) 03/28 22:03:13 Image size of job updated: 203
	203  -  MemoryUsage of job (MB)
	208788  -  ResidentSetSize of job (KB)
...
005 (12188445.103.000) 03/28 22:03:14 Job terminated.
	(1) Normal termination (return value 0)
		Usr 0 00:01:56, Sys 0 00:00:08  -  Run Remote Usage
		Usr 0 00:00:00, Sys 0 00:00:00  -  Run Local Usage
		Usr 0 00:01:56, Sys 0 00:00:08  -  Total Remote Usage
		Usr 0 00:00:00, Sys 0 00:00:00  -  Total Local Usage
	139992  -  Run Bytes Sent By Job
	2245326  -  Run Bytes Received By Job
	139992  -  Total Bytes Sent By Job
	2245326  -  Total Bytes Received By Job
	Partitionable Resources :    Usage  Request Allocated 
	   Cpus                 :        0        1         1 
	   Disk (KB)            :     5118     2250    333480 
	   Memory (MB)          :      203     2000      2000 
...
