000 (12188445.095.000) 03/28 21:58:20 Job submitted from host: <131.225.188.55:9618?addrs=131.225.188.55-9618&noUDP&sock=16299_5637_3>
...
001 (12188445.095.000) 03/28 21:59:29 Job executing on host: <131.225.206.213:9618?addrs=131.225.206.213-9618&noUDP&sock=1165_abec_3>
...
006 (12188445.095.000) 03/28 22:00:40 Image size of job updated: 10
	10  -  MemoryUsage of job (MB)
	10276  -  ResidentSetSize of job (KB)
...
006 (12188445.095.000) 03/28 22:01:40 Image size of job updated: 165
	165  -  MemoryUsage of job (MB)
	169908  -  ResidentSetSize of job (KB)
...
006 (12188445.095.000) 03/28 22:02:41 Image size of job updated: 205
	205  -  MemoryUsage of job (MB)
	210512  -  ResidentSetSize of job (KB)
...
006 (12188445.095.000) 03/28 22:03:25 Image size of job updated: 206
	206  -  MemoryUsage of job (MB)
	211948  -  ResidentSetSize of job (KB)
...
005 (12188445.095.000) 03/28 22:03:25 Job terminated.
	(1) Normal termination (return value 0)
		Usr 0 00:02:04, Sys 0 00:00:09  -  Run Remote Usage
		Usr 0 00:00:00, Sys 0 00:00:00  -  Run Local Usage
		Usr 0 00:02:04, Sys 0 00:00:09  -  Total Remote Usage
		Usr 0 00:00:00, Sys 0 00:00:00  -  Total Local Usage
	140105  -  Run Bytes Sent By Job
	2245326  -  Run Bytes Received By Job
	140105  -  Total Bytes Sent By Job
	2245326  -  Total Bytes Received By Job
	Partitionable Resources :    Usage  Request Allocated 
	   Cpus                 :        0        1         1 
	   Disk (KB)            :     5118     2250    313998 
	   Memory (MB)          :      206     2000      2000 
...
