000 (12188445.090.000) 03/28 21:58:20 Job submitted from host: <131.225.188.55:9618?addrs=131.225.188.55-9618&noUDP&sock=16299_5637_3>
...
001 (12188445.090.000) 03/28 21:59:28 Job executing on host: <131.225.206.236:9618?addrs=131.225.206.236-9618&noUDP&sock=1151_1198_3>
...
006 (12188445.090.000) 03/28 21:59:40 Image size of job updated: 22
	22  -  MemoryUsage of job (MB)
	23528  -  ResidentSetSize of job (KB)
...
006 (12188445.090.000) 03/28 22:00:40 Image size of job updated: 165
	165  -  MemoryUsage of job (MB)
	169580  -  ResidentSetSize of job (KB)
...
006 (12188445.090.000) 03/28 22:01:40 Image size of job updated: 183
	183  -  MemoryUsage of job (MB)
	187440  -  ResidentSetSize of job (KB)
...
006 (12188445.090.000) 03/28 22:02:41 Image size of job updated: 206
	206  -  MemoryUsage of job (MB)
	211416  -  ResidentSetSize of job (KB)
...
005 (12188445.090.000) 03/28 22:02:45 Job terminated.
	(1) Normal termination (return value 0)
		Usr 0 00:02:05, Sys 0 00:00:08  -  Run Remote Usage
		Usr 0 00:00:00, Sys 0 00:00:00  -  Run Local Usage
		Usr 0 00:02:05, Sys 0 00:00:08  -  Total Remote Usage
		Usr 0 00:00:00, Sys 0 00:00:00  -  Total Local Usage
	139794  -  Run Bytes Sent By Job
	2245326  -  Run Bytes Received By Job
	139794  -  Total Bytes Sent By Job
	2245326  -  Total Bytes Received By Job
	Partitionable Resources :    Usage  Request Allocated 
	   Cpus                 :        0        1         1 
	   Disk (KB)            :     5117     2250    303612 
	   Memory (MB)          :      206     2000      2000 
...
