000 (12188445.129.000) 03/28 21:58:20 Job submitted from host: <131.225.188.55:9618?addrs=131.225.188.55-9618&noUDP&sock=16299_5637_3>
...
001 (12188445.129.000) 03/28 21:59:39 Job executing on host: <131.225.191.156:9618?addrs=131.225.191.156-9618&noUDP&sock=1152_c131_3>
...
006 (12188445.129.000) 03/28 21:59:48 Image size of job updated: 5
	3  -  MemoryUsage of job (MB)
	3872  -  ResidentSetSize of job (KB)
...
006 (12188445.129.000) 03/28 22:00:49 Image size of job updated: 28
	28  -  MemoryUsage of job (MB)
	28784  -  ResidentSetSize of job (KB)
...
006 (12188445.129.000) 03/28 22:01:50 Image size of job updated: 175
	175  -  MemoryUsage of job (MB)
	180096  -  ResidentSetSize of job (KB)
...
006 (12188445.129.000) 03/28 22:02:51 Image size of job updated: 203
	203  -  MemoryUsage of job (MB)
	208120  -  ResidentSetSize of job (KB)
...
006 (12188445.129.000) 03/28 22:03:12 Image size of job updated: 203
	203  -  MemoryUsage of job (MB)
	208336  -  ResidentSetSize of job (KB)
...
005 (12188445.129.000) 03/28 22:03:13 Job terminated.
	(1) Normal termination (return value 0)
		Usr 0 00:02:04, Sys 0 00:00:09  -  Run Remote Usage
		Usr 0 00:00:00, Sys 0 00:00:00  -  Run Local Usage
		Usr 0 00:02:04, Sys 0 00:00:09  -  Total Remote Usage
		Usr 0 00:00:00, Sys 0 00:00:00  -  Total Local Usage
	139855  -  Run Bytes Sent By Job
	2245326  -  Run Bytes Received By Job
	139855  -  Total Bytes Sent By Job
	2245326  -  Total Bytes Received By Job
	Partitionable Resources :    Usage  Request Allocated 
	   Cpus                 :        0        1         1 
	   Disk (KB)            :     5117     2250    328959 
	   Memory (MB)          :      203     2000      2000 
...
