000 (12188445.024.000) 03/28 21:58:20 Job submitted from host: <131.225.188.55:9618?addrs=131.225.188.55-9618&noUDP&sock=16299_5637_3>
...
001 (12188445.024.000) 03/28 21:59:16 Job executing on host: <131.225.191.160:9618?addrs=131.225.191.160-9618&noUDP&sock=1152_c131_3>
...
006 (12188445.024.000) 03/28 22:00:32 Image size of job updated: 132
	132  -  MemoryUsage of job (MB)
	135756  -  ResidentSetSize of job (KB)
...
006 (12188445.024.000) 03/28 22:01:32 Image size of job updated: 164
	164  -  MemoryUsage of job (MB)
	168528  -  ResidentSetSize of job (KB)
...
006 (12188445.024.000) 03/28 22:02:32 Image size of job updated: 166
	166  -  MemoryUsage of job (MB)
	170668  -  ResidentSetSize of job (KB)
...
006 (12188445.024.000) 03/28 22:03:33 Image size of job updated: 183
	183  -  MemoryUsage of job (MB)
	187640  -  ResidentSetSize of job (KB)
...
006 (12188445.024.000) 03/28 22:04:33 Image size of job updated: 203
	203  -  MemoryUsage of job (MB)
	207964  -  ResidentSetSize of job (KB)
...
006 (12188445.024.000) 03/28 22:04:50 Image size of job updated: 203
	203  -  MemoryUsage of job (MB)
	208236  -  ResidentSetSize of job (KB)
...
005 (12188445.024.000) 03/28 22:04:52 Job terminated.
	(1) Normal termination (return value 0)
		Usr 0 00:02:12, Sys 0 00:00:09  -  Run Remote Usage
		Usr 0 00:00:00, Sys 0 00:00:00  -  Run Local Usage
		Usr 0 00:02:12, Sys 0 00:00:09  -  Total Remote Usage
		Usr 0 00:00:00, Sys 0 00:00:00  -  Total Local Usage
	141235  -  Run Bytes Sent By Job
	2245326  -  Run Bytes Received By Job
	141235  -  Total Bytes Sent By Job
	2245326  -  Total Bytes Received By Job
	Partitionable Resources :    Usage  Request Allocated 
	   Cpus                 :        0        1         1 
	   Disk (KB)            :     5119     2250    326912 
	   Memory (MB)          :      203     2000      2000 
...
