000 (12188445.049.000) 03/28 21:58:20 Job submitted from host: <131.225.188.55:9618?addrs=131.225.188.55-9618&noUDP&sock=16299_5637_3>
...
001 (12188445.049.000) 03/28 21:59:22 Job executing on host: <131.225.204.95:9618?addrs=131.225.204.95-9618&noUDP&sock=1167_0b1c_3>
...
006 (12188445.049.000) 03/28 21:59:31 Image size of job updated: 5
	4  -  MemoryUsage of job (MB)
	4320  -  ResidentSetSize of job (KB)
...
006 (12188445.049.000) 03/28 22:00:32 Image size of job updated: 167
	167  -  MemoryUsage of job (MB)
	171444  -  ResidentSetSize of job (KB)
...
006 (12188445.049.000) 03/28 22:01:32 Image size of job updated: 170
	170  -  MemoryUsage of job (MB)
	174660  -  ResidentSetSize of job (KB)
...
006 (12188445.049.000) 03/28 22:02:32 Image size of job updated: 205
	205  -  MemoryUsage of job (MB)
	210852  -  ResidentSetSize of job (KB)
...
006 (12188445.049.000) 03/28 22:02:44 Image size of job updated: 206
	206  -  MemoryUsage of job (MB)
	211072  -  ResidentSetSize of job (KB)
...
005 (12188445.049.000) 03/28 22:02:45 Job terminated.
	(1) Normal termination (return value 0)
		Usr 0 00:02:19, Sys 0 00:00:09  -  Run Remote Usage
		Usr 0 00:00:00, Sys 0 00:00:00  -  Run Local Usage
		Usr 0 00:02:19, Sys 0 00:00:09  -  Total Remote Usage
		Usr 0 00:00:00, Sys 0 00:00:00  -  Total Local Usage
	139100  -  Run Bytes Sent By Job
	2245326  -  Run Bytes Received By Job
	139100  -  Total Bytes Sent By Job
	2245326  -  Total Bytes Received By Job
	Partitionable Resources :    Usage  Request Allocated 
	   Cpus                 :        0        1         1 
	   Disk (KB)            :     5117     2250    315522 
	   Memory (MB)          :      206     2000      2000 
...
