000 (12188445.117.000) 03/28 21:58:20 Job submitted from host: <131.225.188.55:9618?addrs=131.225.188.55-9618&noUDP&sock=16299_5637_3>
...
001 (12188445.117.000) 03/28 21:59:34 Job executing on host: <131.225.206.211:9618?addrs=131.225.206.211-9618&noUDP&sock=1166_5b84_3>
...
006 (12188445.117.000) 03/28 22:00:44 Image size of job updated: 26
	26  -  MemoryUsage of job (MB)
	27516  -  ResidentSetSize of job (KB)
...
006 (12188445.117.000) 03/28 22:01:45 Image size of job updated: 79
	79  -  MemoryUsage of job (MB)
	81792  -  ResidentSetSize of job (KB)
...
006 (12188445.117.000) 03/28 22:02:46 Image size of job updated: 171
	171  -  MemoryUsage of job (MB)
	175636  -  ResidentSetSize of job (KB)
...
006 (12188445.117.000) 03/28 22:03:46 Image size of job updated: 202
	202  -  MemoryUsage of job (MB)
	207332  -  ResidentSetSize of job (KB)
...
006 (12188445.117.000) 03/28 22:04:30 Image size of job updated: 206
	206  -  MemoryUsage of job (MB)
	211008  -  ResidentSetSize of job (KB)
...
005 (12188445.117.000) 03/28 22:04:31 Job terminated.
	(1) Normal termination (return value 0)
		Usr 0 00:02:18, Sys 0 00:00:11  -  Run Remote Usage
		Usr 0 00:00:00, Sys 0 00:00:00  -  Run Local Usage
		Usr 0 00:02:18, Sys 0 00:00:11  -  Total Remote Usage
		Usr 0 00:00:00, Sys 0 00:00:00  -  Total Local Usage
	140130  -  Run Bytes Sent By Job
	2245326  -  Run Bytes Received By Job
	140130  -  Total Bytes Sent By Job
	2245326  -  Total Bytes Received By Job
	Partitionable Resources :    Usage  Request Allocated 
	   Cpus                 :     0.00        1         1 
	   Disk (KB)            :  5118        2250    309213 
	   Memory (MB)          :   206        2000      2000 
...
