000 (12188445.015.000) 03/28 21:58:20 Job submitted from host: <131.225.188.55:9618?addrs=131.225.188.55-9618&noUDP&sock=16299_5637_3>
...
001 (12188445.015.000) 03/28 21:59:15 Job executing on host: <131.225.204.64:9618?addrs=131.225.204.64-9618&noUDP&sock=1167_0b1c_3>
...
006 (12188445.015.000) 03/28 21:59:23 Image size of job updated: 5
	5  -  MemoryUsage of job (MB)
	5268  -  ResidentSetSize of job (KB)
...
006 (12188445.015.000) 03/28 22:00:24 Image size of job updated: 165
	165  -  MemoryUsage of job (MB)
	169876  -  ResidentSetSize of job (KB)
...
006 (12188445.015.000) 03/28 22:01:25 Image size of job updated: 184
	184  -  MemoryUsage of job (MB)
	188856  -  ResidentSetSize of job (KB)
...
006 (12188445.015.000) 03/28 22:02:19 Image size of job updated: 206
	206  -  MemoryUsage of job (MB)
	211520  -  ResidentSetSize of job (KB)
...
005 (12188445.015.000) 03/28 22:02:19 Job terminated.
	(1) Normal termination (return value 0)
		Usr 0 00:02:09, Sys 0 00:00:08  -  Run Remote Usage
		Usr 0 00:00:00, Sys 0 00:00:00  -  Run Local Usage
		Usr 0 00:02:09, Sys 0 00:00:08  -  Total Remote Usage
		Usr 0 00:00:00, Sys 0 00:00:00  -  Total Local Usage
	139641  -  Run Bytes Sent By Job
	2245326  -  Run Bytes Received By Job
	139641  -  Total Bytes Sent By Job
	2245326  -  Total Bytes Received By Job
	Partitionable Resources :    Usage  Request Allocated 
	   Cpus                 :     0.00        1         1 
	   Disk (KB)            :  5117        2250    315596 
	   Memory (MB)          :   206        2000      2000 
...
