000 (12188445.114.000) 03/28 21:58:20 Job submitted from host: <131.225.188.55:9618?addrs=131.225.188.55-9618&noUDP&sock=16299_5637_3>
...
001 (12188445.114.000) 03/28 21:59:34 Job executing on host: <131.225.204.99:9618?addrs=131.225.204.99-9618&noUDP&sock=1164_fc54_3>
...
006 (12188445.114.000) 03/28 21:59:42 Image size of job updated: 15
	15  -  MemoryUsage of job (MB)
	15420  -  ResidentSetSize of job (KB)
...
006 (12188445.114.000) 03/28 22:01:42 Image size of job updated: 38
	38  -  MemoryUsage of job (MB)
	39304  -  ResidentSetSize of job (KB)
...
006 (12188445.114.000) 03/28 22:02:42 Image size of job updated: 168
	168  -  MemoryUsage of job (MB)
	172096  -  ResidentSetSize of job (KB)
...
006 (12188445.114.000) 03/28 22:03:43 Image size of job updated: 207
	207  -  MemoryUsage of job (MB)
	212760  -  ResidentSetSize of job (KB)
...
006 (12188445.114.000) 03/28 22:04:10 Image size of job updated: 207
	207  -  MemoryUsage of job (MB)
	212972  -  ResidentSetSize of job (KB)
...
005 (12188445.114.000) 03/28 22:04:11 Job terminated.
	(1) Normal termination (return value 0)
		Usr 0 00:02:03, Sys 0 00:00:09  -  Run Remote Usage
		Usr 0 00:00:00, Sys 0 00:00:00  -  Run Local Usage
		Usr 0 00:02:03, Sys 0 00:00:09  -  Total Remote Usage
		Usr 0 00:00:00, Sys 0 00:00:00  -  Total Local Usage
	140259  -  Run Bytes Sent By Job
	2245326  -  Run Bytes Received By Job
	140259  -  Total Bytes Sent By Job
	2245326  -  Total Bytes Received By Job
	Partitionable Resources :    Usage  Request Allocated 
	   Cpus                 :     0.04        1         1 
	   Disk (KB)            :  5118        2250    331163 
	   Memory (MB)          :   207        2000      2000 
...
