000 (12188445.082.000) 03/28 21:58:20 Job submitted from host: <131.225.188.55:9618?addrs=131.225.188.55-9618&noUDP&sock=16299_5637_3>
...
001 (12188445.082.000) 03/28 21:59:33 Job executing on host: <131.225.206.54:9618?addrs=131.225.206.54-9618&noUDP&sock=1148_02d0_3>
...
006 (12188445.082.000) 03/28 22:00:42 Image size of job updated: 28
	28  -  MemoryUsage of job (MB)
	29620  -  ResidentSetSize of job (KB)
...
006 (12188445.082.000) 03/28 22:01:43 Image size of job updated: 170
	170  -  MemoryUsage of job (MB)
	174464  -  ResidentSetSize of job (KB)
...
006 (12188445.082.000) 03/28 22:02:43 Image size of job updated: 205
	205  -  MemoryUsage of job (MB)
	210776  -  ResidentSetSize of job (KB)
...
006 (12188445.082.000) 03/28 22:03:09 Image size of job updated: 206
	206  -  MemoryUsage of job (MB)
	210988  -  ResidentSetSize of job (KB)
...
005 (12188445.082.000) 03/28 22:03:09 Job terminated.
	(1) Normal termination (return value 0)
		Usr 0 00:02:11, Sys 0 00:00:07  -  Run Remote Usage
		Usr 0 00:00:00, Sys 0 00:00:00  -  Run Local Usage
		Usr 0 00:02:11, Sys 0 00:00:07  -  Total Remote Usage
		Usr 0 00:00:00, Sys 0 00:00:00  -  Total Local Usage
	140310  -  Run Bytes Sent By Job
	2245326  -  Run Bytes Received By Job
	140310  -  Total Bytes Sent By Job
	2245326  -  Total Bytes Received By Job
	Partitionable Resources :    Usage  Request Allocated 
	   Cpus                 :     0.07        1         1 
	   Disk (KB)            :  5118        2250    323416 
	   Memory (MB)          :   206        2000      2000 
...
