000 (12188445.010.000) 03/28 21:58:20 Job submitted from host: <131.225.188.55:9618?addrs=131.225.188.55-9618&noUDP&sock=16299_5637_3>
...
001 (12188445.010.000) 03/28 21:59:14 Job executing on host: <131.225.204.69:9618?addrs=131.225.204.69-9618&noUDP&sock=1161_ed8b_3>
...
006 (12188445.010.000) 03/28 21:59:23 Image size of job updated: 30
	30  -  MemoryUsage of job (MB)
	31664  -  ResidentSetSize of job (KB)
...
006 (12188445.010.000) 03/28 22:00:23 Image size of job updated: 141
	141  -  MemoryUsage of job (MB)
	144876  -  ResidentSetSize of job (KB)
...
006 (12188445.010.000) 03/28 22:01:23 Image size of job updated: 169
	169  -  MemoryUsage of job (MB)
	173228  -  ResidentSetSize of job (KB)
...
006 (12188445.010.000) 03/28 22:02:23 Image size of job updated: 212
	212  -  MemoryUsage of job (MB)
	217280  -  ResidentSetSize of job (KB)
...
006 (12188445.010.000) 03/28 22:02:51 Image size of job updated: 212
	212  -  MemoryUsage of job (MB)
	217492  -  ResidentSetSize of job (KB)
...
005 (12188445.010.000) 03/28 22:02:53 Job terminated.
	(1) Normal termination (return value 0)
		Usr 0 00:02:01, Sys 0 00:00:08  -  Run Remote Usage
		Usr 0 00:00:00, Sys 0 00:00:00  -  Run Local Usage
		Usr 0 00:02:01, Sys 0 00:00:08  -  Total Remote Usage
		Usr 0 00:00:00, Sys 0 00:00:00  -  Total Local Usage
	139992  -  Run Bytes Sent By Job
	2245326  -  Run Bytes Received By Job
	139992  -  Total Bytes Sent By Job
	2245326  -  Total Bytes Received By Job
	Partitionable Resources :    Usage  Request Allocated 
	   Cpus                 :        0        1         1 
	   Disk (KB)            :     5118     2250    309796 
	   Memory (MB)          :      212     2000      2000 
...
