000 (12188445.025.000) 03/28 21:58:20 Job submitted from host: <131.225.188.55:9618?addrs=131.225.188.55-9618&noUDP&sock=16299_5637_3>
...
001 (12188445.025.000) 03/28 22:00:42 Job executing on host: <131.225.191.138:9618?addrs=131.225.191.138-9618&noUDP&sock=1153_70c9_3>
...
006 (12188445.025.000) 03/28 22:01:53 Image size of job updated: 105
	105  -  MemoryUsage of job (MB)
	107612  -  ResidentSetSize of job (KB)
...
006 (12188445.025.000) 03/28 22:02:53 Image size of job updated: 176
	176  -  MemoryUsage of job (MB)
	180520  -  ResidentSetSize of job (KB)
...
006 (12188445.025.000) 03/28 22:03:53 Image size of job updated: 204
	204  -  MemoryUsage of job (MB)
	209880  -  ResidentSetSize of job (KB)
...
006 (12188445.025.000) 03/28 22:04:16 Image size of job updated: 205
	205  -  MemoryUsage of job (MB)
	210112  -  ResidentSetSize of job (KB)
...
005 (12188445.025.000) 03/28 22:04:17 Job terminated.
	(1) Normal termination (return value 0)
		Usr 0 00:02:08, Sys 0 00:00:08  -  Run Remote Usage
		Usr 0 00:00:00, Sys 0 00:00:00  -  Run Local Usage
		Usr 0 00:02:08, Sys 0 00:00:08  -  Total Remote Usage
		Usr 0 00:00:00, Sys 0 00:00:00  -  Total Local Usage
	139764  -  Run Bytes Sent By Job
	2245326  -  Run Bytes Received By Job
	139764  -  Total Bytes Sent By Job
	2245326  -  Total Bytes Received By Job
	Partitionable Resources :    Usage  Request Allocated 
	   Cpus                 :        0        1         1 
	   Disk (KB)            :     5117     2250    314124 
	   Memory (MB)          :      205     2000      2000 
...
