000 (12188445.136.000) 03/28 21:58:20 Job submitted from host: <131.225.188.55:9618?addrs=131.225.188.55-9618&noUDP&sock=16299_5637_3>
...
001 (12188445.136.000) 03/28 21:59:38 Job executing on host: <131.225.206.241:9618?addrs=131.225.206.241-9618&noUDP&sock=1151_1198_3>
...
006 (12188445.136.000) 03/28 22:00:47 Image size of job updated: 91
	91  -  MemoryUsage of job (MB)
	93556  -  ResidentSetSize of job (KB)
...
006 (12188445.136.000) 03/28 22:01:47 Image size of job updated: 166
	166  -  MemoryUsage of job (MB)
	169984  -  ResidentSetSize of job (KB)
...
006 (12188445.136.000) 03/28 22:02:47 Image size of job updated: 184
	184  -  MemoryUsage of job (MB)
	189368  -  ResidentSetSize of job (KB)
...
006 (12188445.136.000) 03/28 22:03:48 Image size of job updated: 205
	205  -  MemoryUsage of job (MB)
	210216  -  ResidentSetSize of job (KB)
...
006 (12188445.136.000) 03/28 22:04:49 Image size of job updated: 206
	206  -  MemoryUsage of job (MB)
	211172  -  ResidentSetSize of job (KB)
...
006 (12188445.136.000) 03/28 22:05:50 Image size of job updated: 208
	208  -  MemoryUsage of job (MB)
	212992  -  ResidentSetSize of job (KB)
...
006 (12188445.136.000) 03/28 22:07:52 Image size of job updated: 208
	208  -  MemoryUsage of job (MB)
	213560  -  ResidentSetSize of job (KB)
...
005 (12188445.136.000) 03/28 22:08:15 Job terminated.
	(1) Normal termination (return value 0)
		Usr 0 00:05:08, Sys 0 00:00:21  -  Run Remote Usage
		Usr 0 00:00:00, Sys 0 00:00:00  -  Run Local Usage
		Usr 0 00:05:08, Sys 0 00:00:21  -  Total Remote Usage
		Usr 0 00:00:00, Sys 0 00:00:00  -  Total Local Usage
	143581  -  Run Bytes Sent By Job
	2245326  -  Run Bytes Received By Job
	143581  -  Total Bytes Sent By Job
	2245326  -  Total Bytes Received By Job
	Partitionable Resources :    Usage  Request Allocated 
	   Cpus                 :     0.00        1         1 
	   Disk (KB)            :  5121        2250    301189 
	   Memory (MB)          :   208        2000      2000 
...
