000 (12188445.026.000) 03/28 21:58:20 Job submitted from host: <131.225.188.55:9618?addrs=131.225.188.55-9618&noUDP&sock=16299_5637_3>
...
001 (12188445.026.000) 03/28 21:59:16 Job executing on host: <131.225.206.174:9618?addrs=131.225.206.174-9618&noUDP&sock=1148_02d0_3>
...
006 (12188445.026.000) 03/28 21:59:25 Image size of job updated: 7
	7  -  MemoryUsage of job (MB)
	7244  -  ResidentSetSize of job (KB)
...
006 (12188445.026.000) 03/28 22:00:26 Image size of job updated: 167
	167  -  MemoryUsage of job (MB)
	171112  -  ResidentSetSize of job (KB)
...
006 (12188445.026.000) 03/28 22:01:28 Image size of job updated: 183
	183  -  MemoryUsage of job (MB)
	187436  -  ResidentSetSize of job (KB)
...
006 (12188445.026.000) 03/28 22:02:28 Image size of job updated: 205
	205  -  MemoryUsage of job (MB)
	210248  -  ResidentSetSize of job (KB)
...
006 (12188445.026.000) 03/28 22:02:53 Image size of job updated: 209
	209  -  MemoryUsage of job (MB)
	214108  -  ResidentSetSize of job (KB)
...
005 (12188445.026.000) 03/28 22:02:54 Job terminated.
	(1) Normal termination (return value 0)
		Usr 0 00:01:58, Sys 0 00:00:10  -  Run Remote Usage
		Usr 0 00:00:00, Sys 0 00:00:00  -  Run Local Usage
		Usr 0 00:01:58, Sys 0 00:00:10  -  Total Remote Usage
		Usr 0 00:00:00, Sys 0 00:00:00  -  Total Local Usage
	140177  -  Run Bytes Sent By Job
	2245326  -  Run Bytes Received By Job
	140177  -  Total Bytes Sent By Job
	2245326  -  Total Bytes Received By Job
	Partitionable Resources :    Usage  Request Allocated 
	   Cpus                 :        0        1         1 
	   Disk (KB)            :     5118     2250    314347 
	   Memory (MB)          :      209     2000      2000 
...
