000 (12188445.004.000) 03/28 21:58:20 Job submitted from host: <131.225.188.55:9618?addrs=131.225.188.55-9618&noUDP&sock=16299_5637_3>
...
001 (12188445.004.000) 03/28 21:59:12 Job executing on host: <131.225.191.161:9618?addrs=131.225.191.161-9618&noUDP&sock=1154_2061_3>
...
006 (12188445.004.000) 03/28 22:00:22 Image size of job updated: 86
	86  -  MemoryUsage of job (MB)
	88240  -  ResidentSetSize of job (KB)
...
006 (12188445.004.000) 03/28 22:01:23 Image size of job updated: 177
	177  -  MemoryUsage of job (MB)
	181596  -  ResidentSetSize of job (KB)
...
006 (12188445.004.000) 03/28 22:02:24 Image size of job updated: 198
	198  -  MemoryUsage of job (MB)
	203404  -  ResidentSetSize of job (KB)
...
006 (12188445.004.000) 03/28 22:02:39 Image size of job updated: 198
	198  -  MemoryUsage of job (MB)
	203636  -  ResidentSetSize of job (KB)
...
005 (12188445.004.000) 03/28 22:02:40 Job terminated.
	(1) Normal termination (return value 0)
		Usr 0 00:02:10, Sys 0 00:00:08  -  Run Remote Usage
		Usr 0 00:00:00, Sys 0 00:00:00  -  Run Local Usage
		Usr 0 00:02:10, Sys 0 00:00:08  -  Total Remote Usage
		Usr 0 00:00:00, Sys 0 00:00:00  -  Total Local Usage
	141123  -  Run Bytes Sent By Job
	2245326  -  Run Bytes Received By Job
	141123  -  Total Bytes Sent By Job
	2245326  -  Total Bytes Received By Job
	Partitionable Resources :    Usage  Request Allocated 
	   Cpus                 :     0.01        1         1 
	   Disk (KB)            :  5118        2250    304407 
	   Memory (MB)          :   198        2000      2000 
...
