000 (12188445.080.000) 03/28 21:58:20 Job submitted from host: <131.225.188.55:9618?addrs=131.225.188.55-9618&noUDP&sock=16299_5637_3>
...
001 (12188445.080.000) 03/28 21:59:26 Job executing on host: <131.225.204.54:9618?addrs=131.225.204.54-9618&noUDP&sock=1159_8e5a_3>
...
006 (12188445.080.000) 03/28 21:59:37 Image size of job updated: 40
	40  -  MemoryUsage of job (MB)
	41388  -  ResidentSetSize of job (KB)
...
006 (12188445.080.000) 03/28 22:00:36 Image size of job updated: 164
	164  -  MemoryUsage of job (MB)
	168044  -  ResidentSetSize of job (KB)
...
006 (12188445.080.000) 03/28 22:01:36 Image size of job updated: 178
	178  -  MemoryUsage of job (MB)
	182412  -  ResidentSetSize of job (KB)
...
006 (12188445.080.000) 03/28 22:02:36 Image size of job updated: 206
	206  -  MemoryUsage of job (MB)
	211652  -  ResidentSetSize of job (KB)
...
005 (12188445.080.000) 03/28 22:02:42 Job terminated.
	(1) Normal termination (return value 0)
		Usr 0 00:02:04, Sys 0 00:00:08  -  Run Remote Usage
		Usr 0 00:00:00, Sys 0 00:00:00  -  Run Local Usage
		Usr 0 00:02:04, Sys 0 00:00:08  -  Total Remote Usage
		Usr 0 00:00:00, Sys 0 00:00:00  -  Total Local Usage
	139675  -  Run Bytes Sent By Job
	2245326  -  Run Bytes Received By Job
	139675  -  Total Bytes Sent By Job
	2245326  -  Total Bytes Received By Job
	Partitionable Resources :    Usage  Request Allocated 
	   Cpus                 :        0        1         1 
	   Disk (KB)            :     5117     2250    306918 
	   Memory (MB)          :      206     2000      2000 
...
