000 (12188445.130.000) 03/28 21:58:20 Job submitted from host: <131.225.188.55:9618?addrs=131.225.188.55-9618&noUDP&sock=16299_5637_3>
...
001 (12188445.130.000) 03/28 21:59:42 Job executing on host: <131.225.204.84:9618?addrs=131.225.204.84-9618&noUDP&sock=1159_8e5a_3>
...
006 (12188445.130.000) 03/28 22:00:52 Image size of job updated: 132
	132  -  MemoryUsage of job (MB)
	135748  -  ResidentSetSize of job (KB)
...
006 (12188445.130.000) 03/28 22:01:53 Image size of job updated: 176
	176  -  MemoryUsage of job (MB)
	180432  -  ResidentSetSize of job (KB)
...
006 (12188445.130.000) 03/28 22:02:54 Image size of job updated: 205
	205  -  MemoryUsage of job (MB)
	210064  -  ResidentSetSize of job (KB)
...
006 (12188445.130.000) 03/28 22:03:30 Image size of job updated: 205
	205  -  MemoryUsage of job (MB)
	210284  -  ResidentSetSize of job (KB)
...
005 (12188445.130.000) 03/28 22:03:31 Job terminated.
	(1) Normal termination (return value 0)
		Usr 0 00:02:03, Sys 0 00:00:09  -  Run Remote Usage
		Usr 0 00:00:00, Sys 0 00:00:00  -  Run Local Usage
		Usr 0 00:02:03, Sys 0 00:00:09  -  Total Remote Usage
		Usr 0 00:00:00, Sys 0 00:00:00  -  Total Local Usage
	141214  -  Run Bytes Sent By Job
	2245326  -  Run Bytes Received By Job
	141214  -  Total Bytes Sent By Job
	2245326  -  Total Bytes Received By Job
	Partitionable Resources :    Usage  Request Allocated 
	   Cpus                 :     0.03        1         1 
	   Disk (KB)            :  5119        2250    309395 
	   Memory (MB)          :   205        2000      2000 
...
