000 (12188445.006.000) 03/28 21:58:20 Job submitted from host: <131.225.188.55:9618?addrs=131.225.188.55-9618&noUDP&sock=16299_5637_3>
...
001 (12188445.006.000) 03/28 21:59:18 Job executing on host: <131.225.206.228:9618?addrs=131.225.206.228-9618&noUDP&sock=1172_7916_3>
...
006 (12188445.006.000) 03/28 21:59:28 Image size of job updated: 25
	25  -  MemoryUsage of job (MB)
	26120  -  ResidentSetSize of job (KB)
...
006 (12188445.006.000) 03/28 22:00:28 Image size of job updated: 169
	169  -  MemoryUsage of job (MB)
	173064  -  ResidentSetSize of job (KB)
...
006 (12188445.006.000) 03/28 22:01:29 Image size of job updated: 190
	190  -  MemoryUsage of job (MB)
	194724  -  ResidentSetSize of job (KB)
...
006 (12188445.006.000) 03/28 22:02:25 Image size of job updated: 207
	207  -  MemoryUsage of job (MB)
	212200  -  ResidentSetSize of job (KB)
...
005 (12188445.006.000) 03/28 22:02:25 Job terminated.
	(1) Normal termination (return value 0)
		Usr 0 00:02:11, Sys 0 00:00:09  -  Run Remote Usage
		Usr 0 00:00:00, Sys 0 00:00:00  -  Run Local Usage
		Usr 0 00:02:11, Sys 0 00:00:09  -  Total Remote Usage
		Usr 0 00:00:00, Sys 0 00:00:00  -  Total Local Usage
	139587  -  Run Bytes Sent By Job
	2245326  -  Run Bytes Received By Job
	139587  -  Total Bytes Sent By Job
	2245326  -  Total Bytes Received By Job
	Partitionable Resources :    Usage  Request Allocated 
	   Cpus                 :        0        1         1 
	   Disk (KB)            :     5117     2250    301883 
	   Memory (MB)          :      207     2000      2000 
...
