000 (12188445.077.000) 03/28 21:58:20 Job submitted from host: <131.225.188.55:9618?addrs=131.225.188.55-9618&noUDP&sock=16299_5637_3>
...
001 (12188445.077.000) 03/28 21:59:32 Job executing on host: <131.225.204.95:9618?addrs=131.225.204.95-9618&noUDP&sock=1167_0b1c_3>
...
006 (12188445.077.000) 03/28 22:00:42 Image size of job updated: 164
	164  -  MemoryUsage of job (MB)
	168444  -  ResidentSetSize of job (KB)
...
006 (12188445.077.000) 03/28 22:01:42 Image size of job updated: 183
	183  -  MemoryUsage of job (MB)
	187548  -  ResidentSetSize of job (KB)
...
006 (12188445.077.000) 03/28 22:02:42 Image size of job updated: 205
	205  -  MemoryUsage of job (MB)
	210212  -  ResidentSetSize of job (KB)
...
005 (12188445.077.000) 03/28 22:02:51 Job terminated.
	(1) Normal termination (return value 0)
		Usr 0 00:02:04, Sys 0 00:00:08  -  Run Remote Usage
		Usr 0 00:00:00, Sys 0 00:00:00  -  Run Local Usage
		Usr 0 00:02:04, Sys 0 00:00:08  -  Total Remote Usage
		Usr 0 00:00:00, Sys 0 00:00:00  -  Total Local Usage
	139660  -  Run Bytes Sent By Job
	2245326  -  Run Bytes Received By Job
	139660  -  Total Bytes Sent By Job
	2245326  -  Total Bytes Received By Job
	Partitionable Resources :    Usage  Request Allocated 
	   Cpus                 :        0        1         1 
	   Disk (KB)            :     5117     2250    315522 
	   Memory (MB)          :      205     2000      2000 
...
