000 (12188445.040.000) 03/28 21:58:20 Job submitted from host: <131.225.188.55:9618?addrs=131.225.188.55-9618&noUDP&sock=16299_5637_3>
...
001 (12188445.040.000) 03/28 21:59:19 Job executing on host: <131.225.206.174:9618?addrs=131.225.206.174-9618&noUDP&sock=1148_02d0_3>
...
006 (12188445.040.000) 03/28 21:59:28 Image size of job updated: 31
	31  -  MemoryUsage of job (MB)
	32036  -  ResidentSetSize of job (KB)
...
006 (12188445.040.000) 03/28 22:00:29 Image size of job updated: 168
	168  -  MemoryUsage of job (MB)
	172064  -  ResidentSetSize of job (KB)
...
006 (12188445.040.000) 03/28 22:01:30 Image size of job updated: 184
	184  -  MemoryUsage of job (MB)
	188840  -  ResidentSetSize of job (KB)
...
006 (12188445.040.000) 03/28 22:02:27 Image size of job updated: 206
	206  -  MemoryUsage of job (MB)
	211208  -  ResidentSetSize of job (KB)
...
005 (12188445.040.000) 03/28 22:02:29 Job terminated.
	(1) Normal termination (return value 0)
		Usr 0 00:02:06, Sys 0 00:00:09  -  Run Remote Usage
		Usr 0 00:00:00, Sys 0 00:00:00  -  Run Local Usage
		Usr 0 00:02:06, Sys 0 00:00:09  -  Total Remote Usage
		Usr 0 00:00:00, Sys 0 00:00:00  -  Total Local Usage
	140058  -  Run Bytes Sent By Job
	2245326  -  Run Bytes Received By Job
	140058  -  Total Bytes Sent By Job
	2245326  -  Total Bytes Received By Job
	Partitionable Resources :    Usage  Request Allocated 
	   Cpus                 :     0.00        1         1 
	   Disk (KB)            :  5118        2250    314347 
	   Memory (MB)          :   206        2000      2000 
...
