000 (12188445.085.000) 03/28 21:58:20 Job submitted from host: <131.225.188.55:9618?addrs=131.225.188.55-9618&noUDP&sock=16299_5637_3>
...
001 (12188445.085.000) 03/28 21:59:27 Job executing on host: <131.225.204.84:9618?addrs=131.225.204.84-9618&noUDP&sock=1159_8e5a_3>
...
006 (12188445.085.000) 03/28 22:00:37 Image size of job updated: 132
	132  -  MemoryUsage of job (MB)
	135748  -  ResidentSetSize of job (KB)
...
006 (12188445.085.000) 03/28 22:01:38 Image size of job updated: 164
	164  -  MemoryUsage of job (MB)
	168876  -  ResidentSetSize of job (KB)
...
006 (12188445.085.000) 03/28 22:02:38 Image size of job updated: 201
	201  -  MemoryUsage of job (MB)
	206760  -  ResidentSetSize of job (KB)
...
006 (12188445.085.000) 03/28 22:03:29 Image size of job updated: 204
	204  -  MemoryUsage of job (MB)
	209904  -  ResidentSetSize of job (KB)
...
005 (12188445.085.000) 03/28 22:03:29 Job terminated.
	(1) Normal termination (return value 0)
		Usr 0 00:01:59, Sys 0 00:00:09  -  Run Remote Usage
		Usr 0 00:00:00, Sys 0 00:00:00  -  Run Local Usage
		Usr 0 00:01:59, Sys 0 00:00:09  -  Total Remote Usage
		Usr 0 00:00:00, Sys 0 00:00:00  -  Total Local Usage
	141312  -  Run Bytes Sent By Job
	2245326  -  Run Bytes Received By Job
	141312  -  Total Bytes Sent By Job
	2245326  -  Total Bytes Received By Job
	Partitionable Resources :    Usage  Request Allocated 
	   Cpus                 :     0.01        1         1 
	   Disk (KB)            :  5119        2250    309395 
	   Memory (MB)          :   204        2000      2000 
...
