000 (12188445.093.000) 03/28 21:58:20 Job submitted from host: <131.225.188.55:9618?addrs=131.225.188.55-9618&noUDP&sock=16299_5637_3>
...
001 (12188445.093.000) 03/28 21:59:29 Job executing on host: <131.225.204.96:9618?addrs=131.225.204.96-9618&noUDP&sock=1159_8e5a_3>
...
006 (12188445.093.000) 03/28 21:59:38 Image size of job updated: 28
	28  -  MemoryUsage of job (MB)
	29624  -  ResidentSetSize of job (KB)
...
006 (12188445.093.000) 03/28 22:00:40 Image size of job updated: 107
	107  -  MemoryUsage of job (MB)
	110040  -  ResidentSetSize of job (KB)
...
006 (12188445.093.000) 03/28 22:01:40 Image size of job updated: 170
	170  -  MemoryUsage of job (MB)
	174612  -  ResidentSetSize of job (KB)
...
006 (12188445.093.000) 03/28 22:02:40 Image size of job updated: 204
	204  -  MemoryUsage of job (MB)
	209236  -  ResidentSetSize of job (KB)
...
006 (12188445.093.000) 03/28 22:02:57 Image size of job updated: 204
	204  -  MemoryUsage of job (MB)
	209532  -  ResidentSetSize of job (KB)
...
005 (12188445.093.000) 03/28 22:02:58 Job terminated.
	(1) Normal termination (return value 0)
		Usr 0 00:02:11, Sys 0 00:00:09  -  Run Remote Usage
		Usr 0 00:00:00, Sys 0 00:00:00  -  Run Local Usage
		Usr 0 00:02:11, Sys 0 00:00:09  -  Total Remote Usage
		Usr 0 00:00:00, Sys 0 00:00:00  -  Total Local Usage
	140558  -  Run Bytes Sent By Job
	2245326  -  Run Bytes Received By Job
	140558  -  Total Bytes Sent By Job
	2245326  -  Total Bytes Received By Job
	Partitionable Resources :    Usage  Request Allocated 
	   Cpus                 :        0        1         1 
	   Disk (KB)            :     5118     2250    299257 
	   Memory (MB)          :      204     2000      2000 
...
