000 (12188445.107.000) 03/28 21:58:20 Job submitted from host: <131.225.188.55:9618?addrs=131.225.188.55-9618&noUDP&sock=16299_5637_3>
...
001 (12188445.107.000) 03/28 21:59:32 Job executing on host: <131.225.206.17:9618?addrs=131.225.206.17-9618&noUDP&sock=1164_fc54_3>
...
006 (12188445.107.000) 03/28 21:59:41 Image size of job updated: 17
	17  -  MemoryUsage of job (MB)
	18064  -  ResidentSetSize of job (KB)
...
006 (12188445.107.000) 03/28 22:00:41 Image size of job updated: 38
	38  -  MemoryUsage of job (MB)
	39652  -  ResidentSetSize of job (KB)
...
006 (12188445.107.000) 03/28 22:01:42 Image size of job updated: 166
	166  -  MemoryUsage of job (MB)
	170348  -  ResidentSetSize of job (KB)
...
006 (12188445.107.000) 03/28 22:02:43 Image size of job updated: 183
	183  -  MemoryUsage of job (MB)
	187456  -  ResidentSetSize of job (KB)
...
006 (12188445.107.000) 03/28 22:03:44 Image size of job updated: 204
	204  -  MemoryUsage of job (MB)
	209224  -  ResidentSetSize of job (KB)
...
005 (12188445.107.000) 03/28 22:03:45 Job terminated.
	(1) Normal termination (return value 0)
		Usr 0 00:02:12, Sys 0 00:00:11  -  Run Remote Usage
		Usr 0 00:00:00, Sys 0 00:00:00  -  Run Local Usage
		Usr 0 00:02:12, Sys 0 00:00:11  -  Total Remote Usage
		Usr 0 00:00:00, Sys 0 00:00:00  -  Total Local Usage
	139847  -  Run Bytes Sent By Job
	2245326  -  Run Bytes Received By Job
	139847  -  Total Bytes Sent By Job
	2245326  -  Total Bytes Received By Job
	Partitionable Resources :    Usage  Request Allocated 
	   Cpus                 :     0.00        1         1 
	   Disk (KB)            :  5117        2250    316001 
	   Memory (MB)          :   204        2000      2000 
...
