000 (12188445.003.000) 03/28 21:58:20 Job submitted from host: <131.225.188.55:9618?addrs=131.225.188.55-9618&noUDP&sock=16299_5637_3>
...
001 (12188445.003.000) 03/28 21:59:13 Job executing on host: <131.225.206.173:9618?addrs=131.225.206.173-9618&noUDP&sock=1153_70c9_3>
...
006 (12188445.003.000) 03/28 21:59:22 Image size of job updated: 24
	24  -  MemoryUsage of job (MB)
	24960  -  ResidentSetSize of job (KB)
...
006 (12188445.003.000) 03/28 22:00:23 Image size of job updated: 86
	86  -  MemoryUsage of job (MB)
	88292  -  ResidentSetSize of job (KB)
...
006 (12188445.003.000) 03/28 22:01:24 Image size of job updated: 183
	183  -  MemoryUsage of job (MB)
	187936  -  ResidentSetSize of job (KB)
...
006 (12188445.003.000) 03/28 22:02:19 Image size of job updated: 207
	207  -  MemoryUsage of job (MB)
	212760  -  ResidentSetSize of job (KB)
...
005 (12188445.003.000) 03/28 22:02:20 Job terminated.
	(1) Normal termination (return value 0)
		Usr 0 00:02:10, Sys 0 00:00:09  -  Run Remote Usage
		Usr 0 00:00:00, Sys 0 00:00:00  -  Run Local Usage
		Usr 0 00:02:10, Sys 0 00:00:09  -  Total Remote Usage
		Usr 0 00:00:00, Sys 0 00:00:00  -  Total Local Usage
	139970  -  Run Bytes Sent By Job
	2245326  -  Run Bytes Received By Job
	139970  -  Total Bytes Sent By Job
	2245326  -  Total Bytes Received By Job
	Partitionable Resources :    Usage  Request Allocated 
	   Cpus                 :        0        1         1 
	   Disk (KB)            :     5118     2250    310986 
	   Memory (MB)          :      207     2000      2000 
...
