000 (12188445.086.000) 03/28 21:58:20 Job submitted from host: <131.225.188.55:9618?addrs=131.225.188.55-9618&noUDP&sock=16299_5637_3>
...
001 (12188445.086.000) 03/28 21:59:28 Job executing on host: <131.225.206.41:9618?addrs=131.225.206.41-9618&noUDP&sock=1166_5b84_3>
...
006 (12188445.086.000) 03/28 22:00:37 Image size of job updated: 165
	165  -  MemoryUsage of job (MB)
	169088  -  ResidentSetSize of job (KB)
...
006 (12188445.086.000) 03/28 22:01:38 Image size of job updated: 204
	204  -  MemoryUsage of job (MB)
	209756  -  ResidentSetSize of job (KB)
...
006 (12188445.086.000) 03/28 22:02:31 Image size of job updated: 208
	208  -  MemoryUsage of job (MB)
	213148  -  ResidentSetSize of job (KB)
...
005 (12188445.086.000) 03/28 22:02:31 Job terminated.
	(1) Normal termination (return value 0)
		Usr 0 00:01:58, Sys 0 00:00:08  -  Run Remote Usage
		Usr 0 00:00:00, Sys 0 00:00:00  -  Run Local Usage
		Usr 0 00:01:58, Sys 0 00:00:08  -  Total Remote Usage
		Usr 0 00:00:00, Sys 0 00:00:00  -  Total Local Usage
	139823  -  Run Bytes Sent By Job
	2245326  -  Run Bytes Received By Job
	139823  -  Total Bytes Sent By Job
	2245326  -  Total Bytes Received By Job
	Partitionable Resources :    Usage  Request Allocated 
	   Cpus                 :        0        1         1 
	   Disk (KB)            :     5117     2250    334220 
	   Memory (MB)          :      208     2000      2000 
...
