000 (12188445.091.000) 03/28 21:58:20 Job submitted from host: <131.225.188.55:9618?addrs=131.225.188.55-9618&noUDP&sock=16299_5637_3>
...
001 (12188445.091.000) 03/28 21:59:29 Job executing on host: <131.225.206.233:9618?addrs=131.225.206.233-9618&noUDP&sock=1159_8e5a_3>
...
006 (12188445.091.000) 03/28 21:59:38 Image size of job updated: 13
	13  -  MemoryUsage of job (MB)
	13416  -  ResidentSetSize of job (KB)
...
006 (12188445.091.000) 03/28 22:00:39 Image size of job updated: 29
	29  -  MemoryUsage of job (MB)
	30140  -  ResidentSetSize of job (KB)
...
006 (12188445.091.000) 03/28 22:01:40 Image size of job updated: 169
	169  -  MemoryUsage of job (MB)
	173208  -  ResidentSetSize of job (KB)
...
006 (12188445.091.000) 03/28 22:02:41 Image size of job updated: 204
	204  -  MemoryUsage of job (MB)
	209100  -  ResidentSetSize of job (KB)
...
006 (12188445.091.000) 03/28 22:03:01 Image size of job updated: 204
	204  -  MemoryUsage of job (MB)
	209304  -  ResidentSetSize of job (KB)
...
005 (12188445.091.000) 03/28 22:03:01 Job terminated.
	(1) Normal termination (return value 0)
		Usr 0 00:02:09, Sys 0 00:00:08  -  Run Remote Usage
		Usr 0 00:00:00, Sys 0 00:00:00  -  Run Local Usage
		Usr 0 00:02:09, Sys 0 00:00:08  -  Total Remote Usage
		Usr 0 00:00:00, Sys 0 00:00:00  -  Total Local Usage
	140601  -  Run Bytes Sent By Job
	2245326  -  Run Bytes Received By Job
	140601  -  Total Bytes Sent By Job
	2245326  -  Total Bytes Received By Job
	Partitionable Resources :    Usage  Request Allocated 
	   Cpus                 :        0        1         1 
	   Disk (KB)            :     5118     2250    311718 
	   Memory (MB)          :      204     2000      2000 
...
