000 (12188445.039.000) 03/28 21:58:20 Job submitted from host: <131.225.188.55:9618?addrs=131.225.188.55-9618&noUDP&sock=16299_5637_3>
...
001 (12188445.039.000) 03/28 21:59:21 Job executing on host: <131.225.204.71:9618?addrs=131.225.204.71-9618&noUDP&sock=1153_70c9_3>
...
006 (12188445.039.000) 03/28 22:00:30 Image size of job updated: 172
	172  -  MemoryUsage of job (MB)
	177060  -  ResidentSetSize of job (KB)
...
006 (12188445.039.000) 03/28 22:01:30 Image size of job updated: 203
	203  -  MemoryUsage of job (MB)
	208808  -  ResidentSetSize of job (KB)
...
006 (12188445.039.000) 03/28 22:02:22 Image size of job updated: 204
	204  -  MemoryUsage of job (MB)
	209548  -  ResidentSetSize of job (KB)
...
005 (12188445.039.000) 03/28 22:02:25 Job terminated.
	(1) Normal termination (return value 0)
		Usr 0 00:02:12, Sys 0 00:00:08  -  Run Remote Usage
		Usr 0 00:00:00, Sys 0 00:00:00  -  Run Local Usage
		Usr 0 00:02:12, Sys 0 00:00:08  -  Total Remote Usage
		Usr 0 00:00:00, Sys 0 00:00:00  -  Total Local Usage
	139590  -  Run Bytes Sent By Job
	2245326  -  Run Bytes Received By Job
	139590  -  Total Bytes Sent By Job
	2245326  -  Total Bytes Received By Job
	Partitionable Resources :    Usage  Request Allocated 
	   Cpus                 :        0        1         1 
	   Disk (KB)            :     5117     2250    320286 
	   Memory (MB)          :      204     2000      2000 
...
