000 (12188445.071.000) 03/28 21:58:20 Job submitted from host: <131.225.188.55:9618?addrs=131.225.188.55-9618&noUDP&sock=16299_5637_3>
...
001 (12188445.071.000) 03/28 21:59:26 Job executing on host: <131.225.191.175:9618?addrs=131.225.191.175-9618&noUDP&sock=1153_70c9_3>
...
006 (12188445.071.000) 03/28 21:59:39 Image size of job updated: 5
	5  -  MemoryUsage of job (MB)
	5704  -  ResidentSetSize of job (KB)
...
006 (12188445.071.000) 03/28 22:00:39 Image size of job updated: 165
	165  -  MemoryUsage of job (MB)
	169064  -  ResidentSetSize of job (KB)
...
006 (12188445.071.000) 03/28 22:01:40 Image size of job updated: 184
	184  -  MemoryUsage of job (MB)
	188548  -  ResidentSetSize of job (KB)
...
006 (12188445.071.000) 03/28 22:02:39 Image size of job updated: 206
	206  -  MemoryUsage of job (MB)
	211648  -  ResidentSetSize of job (KB)
...
005 (12188445.071.000) 03/28 22:02:42 Job terminated.
	(1) Normal termination (return value 0)
		Usr 0 00:02:11, Sys 0 00:00:10  -  Run Remote Usage
		Usr 0 00:00:00, Sys 0 00:00:00  -  Run Local Usage
		Usr 0 00:02:11, Sys 0 00:00:10  -  Total Remote Usage
		Usr 0 00:00:00, Sys 0 00:00:00  -  Total Local Usage
	139707  -  Run Bytes Sent By Job
	2245326  -  Run Bytes Received By Job
	139707  -  Total Bytes Sent By Job
	2245326  -  Total Bytes Received By Job
	Partitionable Resources :    Usage  Request Allocated 
	   Cpus                 :        0        1         1 
	   Disk (KB)            :     5117     2250    316681 
	   Memory (MB)          :      206     2000      2000 
...
