000 (12188445.057.000) 03/28 21:58:20 Job submitted from host: <131.225.188.55:9618?addrs=131.225.188.55-9618&noUDP&sock=16299_5637_3>
...
001 (12188445.057.000) 03/28 21:59:29 Job executing on host: <131.225.204.74:9618?addrs=131.225.204.74-9618&noUDP&sock=1155_cff9_3>
...
006 (12188445.057.000) 03/28 21:59:38 Image size of job updated: 65
	65  -  MemoryUsage of job (MB)
	67340  -  ResidentSetSize of job (KB)
...
006 (12188445.057.000) 03/28 22:00:39 Image size of job updated: 164
	164  -  MemoryUsage of job (MB)
	168896  -  ResidentSetSize of job (KB)
...
006 (12188445.057.000) 03/28 22:01:39 Image size of job updated: 167
	167  -  MemoryUsage of job (MB)
	171784  -  ResidentSetSize of job (KB)
...
006 (12188445.057.000) 03/28 22:02:39 Image size of job updated: 202
	202  -  MemoryUsage of job (MB)
	207228  -  ResidentSetSize of job (KB)
...
006 (12188445.057.000) 03/28 22:03:09 Image size of job updated: 205
	205  -  MemoryUsage of job (MB)
	210196  -  ResidentSetSize of job (KB)
...
005 (12188445.057.000) 03/28 22:03:10 Job terminated.
	(1) Normal termination (return value 0)
		Usr 0 00:02:20, Sys 0 00:00:09  -  Run Remote Usage
		Usr 0 00:00:00, Sys 0 00:00:00  -  Run Local Usage
		Usr 0 00:02:20, Sys 0 00:00:09  -  Total Remote Usage
		Usr 0 00:00:00, Sys 0 00:00:00  -  Total Local Usage
	139939  -  Run Bytes Sent By Job
	2245326  -  Run Bytes Received By Job
	139939  -  Total Bytes Sent By Job
	2245326  -  Total Bytes Received By Job
	Partitionable Resources :    Usage  Request Allocated 
	   Cpus                 :     0.00        1         1 
	   Disk (KB)            :  5118        2250    307682 
	   Memory (MB)          :   205        2000      2000 
...
