000 (12188445.055.000) 03/28 21:58:20 Job submitted from host: <131.225.188.55:9618?addrs=131.225.188.55-9618&noUDP&sock=16299_5637_3>
...
001 (12188445.055.000) 03/28 21:59:21 Job executing on host: <131.225.204.56:9618?addrs=131.225.204.56-9618&noUDP&sock=1174_d846_3>
...
006 (12188445.055.000) 03/28 21:59:30 Image size of job updated: 14
	14  -  MemoryUsage of job (MB)
	15312  -  ResidentSetSize of job (KB)
...
006 (12188445.055.000) 03/28 22:00:30 Image size of job updated: 176
	176  -  MemoryUsage of job (MB)
	180316  -  ResidentSetSize of job (KB)
...
006 (12188445.055.000) 03/28 22:01:30 Image size of job updated: 203
	203  -  MemoryUsage of job (MB)
	208864  -  ResidentSetSize of job (KB)
...
006 (12188445.055.000) 03/28 22:02:00 Image size of job updated: 204
	204  -  MemoryUsage of job (MB)
	209348  -  ResidentSetSize of job (KB)
...
005 (12188445.055.000) 03/28 22:02:03 Job terminated.
	(1) Normal termination (return value 0)
		Usr 0 00:02:08, Sys 0 00:00:08  -  Run Remote Usage
		Usr 0 00:00:00, Sys 0 00:00:00  -  Run Local Usage
		Usr 0 00:02:08, Sys 0 00:00:08  -  Total Remote Usage
		Usr 0 00:00:00, Sys 0 00:00:00  -  Total Local Usage
	139401  -  Run Bytes Sent By Job
	2245326  -  Run Bytes Received By Job
	139401  -  Total Bytes Sent By Job
	2245326  -  Total Bytes Received By Job
	Partitionable Resources :    Usage  Request Allocated 
	   Cpus                 :        0        1         1 
	   Disk (KB)            :     5117     2250    328868 
	   Memory (MB)          :      204     2000      2000 
...
