000 (12188445.058.000) 03/28 21:58:20 Job submitted from host: <131.225.188.55:9618?addrs=131.225.188.55-9618&noUDP&sock=16299_5637_3>
...
001 (12188445.058.000) 03/28 21:59:25 Job executing on host: <131.225.206.159:9618?addrs=131.225.206.159-9618&noUDP&sock=1153_70c9_3>
...
006 (12188445.058.000) 03/28 21:59:33 Image size of job updated: 5
	3  -  MemoryUsage of job (MB)
	3912  -  ResidentSetSize of job (KB)
...
006 (12188445.058.000) 03/28 22:00:33 Image size of job updated: 164
	164  -  MemoryUsage of job (MB)
	168328  -  ResidentSetSize of job (KB)
...
006 (12188445.058.000) 03/28 22:01:33 Image size of job updated: 183
	183  -  MemoryUsage of job (MB)
	187404  -  ResidentSetSize of job (KB)
...
006 (12188445.058.000) 03/28 22:02:34 Image size of job updated: 204
	204  -  MemoryUsage of job (MB)
	209912  -  ResidentSetSize of job (KB)
...
006 (12188445.058.000) 03/28 22:02:52 Image size of job updated: 208
	208  -  MemoryUsage of job (MB)
	213008  -  ResidentSetSize of job (KB)
...
005 (12188445.058.000) 03/28 22:02:55 Job terminated.
	(1) Normal termination (return value 0)
		Usr 0 00:02:07, Sys 0 00:00:09  -  Run Remote Usage
		Usr 0 00:00:00, Sys 0 00:00:00  -  Run Local Usage
		Usr 0 00:02:07, Sys 0 00:00:09  -  Total Remote Usage
		Usr 0 00:00:00, Sys 0 00:00:00  -  Total Local Usage
	140084  -  Run Bytes Sent By Job
	2245326  -  Run Bytes Received By Job
	140084  -  Total Bytes Sent By Job
	2245326  -  Total Bytes Received By Job
	Partitionable Resources :    Usage  Request Allocated 
	   Cpus                 :        0        1         1 
	   Disk (KB)            :     5118     2250    318591 
	   Memory (MB)          :      208     2000      2000 
...
