000 (12188445.062.000) 03/28 21:58:20 Job submitted from host: <131.225.188.55:9618?addrs=131.225.188.55-9618&noUDP&sock=16299_5637_3>
...
001 (12188445.062.000) 03/28 21:59:21 Job executing on host: <131.225.206.160:9618?addrs=131.225.206.160-9618&noUDP&sock=1155_cff9_3>
...
006 (12188445.062.000) 03/28 21:59:31 Image size of job updated: 5
	3  -  MemoryUsage of job (MB)
	3664  -  ResidentSetSize of job (KB)
...
006 (12188445.062.000) 03/28 22:00:31 Image size of job updated: 166
	166  -  MemoryUsage of job (MB)
	170636  -  ResidentSetSize of job (KB)
...
006 (12188445.062.000) 03/28 22:01:32 Image size of job updated: 183
	183  -  MemoryUsage of job (MB)
	187912  -  ResidentSetSize of job (KB)
...
006 (12188445.062.000) 03/28 22:02:32 Image size of job updated: 206
	206  -  MemoryUsage of job (MB)
	210952  -  ResidentSetSize of job (KB)
...
006 (12188445.062.000) 03/28 22:02:45 Image size of job updated: 206
	206  -  MemoryUsage of job (MB)
	211184  -  ResidentSetSize of job (KB)
...
005 (12188445.062.000) 03/28 22:02:46 Job terminated.
	(1) Normal termination (return value 0)
		Usr 0 00:02:07, Sys 0 00:00:08  -  Run Remote Usage
		Usr 0 00:00:00, Sys 0 00:00:00  -  Run Local Usage
		Usr 0 00:02:07, Sys 0 00:00:08  -  Total Remote Usage
		Usr 0 00:00:00, Sys 0 00:00:00  -  Total Local Usage
	140130  -  Run Bytes Sent By Job
	2245326  -  Run Bytes Received By Job
	140130  -  Total Bytes Sent By Job
	2245326  -  Total Bytes Received By Job
	Partitionable Resources :    Usage  Request Allocated 
	   Cpus                 :     0.01        1         1 
	   Disk (KB)            :  5118        2250    332236 
	   Memory (MB)          :   206        2000      2000 
...
