000 (12188445.044.000) 03/28 21:58:20 Job submitted from host: <131.225.188.55:9618?addrs=131.225.188.55-9618&noUDP&sock=16299_5637_3>
...
001 (12188445.044.000) 03/28 21:59:20 Job executing on host: <131.225.206.11:9618?addrs=131.225.206.11-9618&noUDP&sock=1160_3df3_3>
...
006 (12188445.044.000) 03/28 21:59:29 Image size of job updated: 21
	21  -  MemoryUsage of job (MB)
	22124  -  ResidentSetSize of job (KB)
...
006 (12188445.044.000) 03/28 22:00:29 Image size of job updated: 71
	71  -  MemoryUsage of job (MB)
	73424  -  ResidentSetSize of job (KB)
...
006 (12188445.044.000) 03/28 22:01:29 Image size of job updated: 178
	178  -  MemoryUsage of job (MB)
	182720  -  ResidentSetSize of job (KB)
...
006 (12188445.044.000) 03/28 22:02:30 Image size of job updated: 209
	209  -  MemoryUsage of job (MB)
	214084  -  ResidentSetSize of job (KB)
...
005 (12188445.044.000) 03/28 22:02:32 Job terminated.
	(1) Normal termination (return value 0)
		Usr 0 00:02:05, Sys 0 00:00:09  -  Run Remote Usage
		Usr 0 00:00:00, Sys 0 00:00:00  -  Run Local Usage
		Usr 0 00:02:05, Sys 0 00:00:09  -  Total Remote Usage
		Usr 0 00:00:00, Sys 0 00:00:00  -  Total Local Usage
	140109  -  Run Bytes Sent By Job
	2245326  -  Run Bytes Received By Job
	140109  -  Total Bytes Sent By Job
	2245326  -  Total Bytes Received By Job
	Partitionable Resources :    Usage  Request Allocated 
	   Cpus                 :        0        1         1 
	   Disk (KB)            :     5117     2250    307557 
	   Memory (MB)          :      209     2000      2000 
...
