000 (70945957.012.000) 03/28 21:58:26 Job submitted from host: <131.225.188.235:9618?addrs=131.225.188.235-9618&noUDP&sock=14994_371f_3>
...
001 (70945957.012.000) 03/28 21:59:42 Job executing on host: <131.225.204.58:9618?addrs=131.225.204.58-9618&noUDP&sock=1180_f5d8_3>
...
006 (70945957.012.000) 03/28 22:00:51 Image size of job updated: 88
	88  -  MemoryUsage of job (MB)
	90148  -  ResidentSetSize of job (KB)
...
006 (70945957.012.000) 03/28 22:01:51 Image size of job updated: 152
	152  -  MemoryUsage of job (MB)
	156308  -  ResidentSetSize of job (KB)
...
006 (70945957.012.000) 03/28 22:02:51 Image size of job updated: 176
	176  -  MemoryUsage of job (MB)
	180476  -  ResidentSetSize of job (KB)
...
005 (70945957.012.000) 03/28 22:03:24 Job terminated.
	(1) Normal termination (return value 0)
		Usr 0 00:01:27, Sys 0 00:00:07  -  Run Remote Usage
		Usr 0 00:00:00, Sys 0 00:00:00  -  Run Local Usage
		Usr 0 00:01:27, Sys 0 00:00:07  -  Total Remote Usage
		Usr 0 00:00:00, Sys 0 00:00:00  -  Total Local Usage
	131437  -  Run Bytes Sent By Job
	2243735  -  Run Bytes Received By Job
	131437  -  Total Bytes Sent By Job
	2243735  -  Total Bytes Received By Job
	Partitionable Resources :    Usage  Request Allocated 
	   Cpus                 :        0        1         1 
	   Disk (KB)            :     5062     2250    323511 
	   Memory (MB)          :      176     2000      2000 
...
