000 (70945957.041.000) 03/28 21:58:26 Job submitted from host: <131.225.188.235:9618?addrs=131.225.188.235-9618&noUDP&sock=14994_371f_3>
...
001 (70945957.041.000) 03/28 21:59:53 Job executing on host: <131.225.204.91:9618?addrs=131.225.204.91-9618&noUDP&sock=1169_6a4d_3>
...
006 (70945957.041.000) 03/28 22:00:01 Image size of job updated: 80
	80  -  MemoryUsage of job (MB)
	82052  -  ResidentSetSize of job (KB)
...
006 (70945957.041.000) 03/28 22:01:01 Image size of job updated: 98
	98  -  MemoryUsage of job (MB)
	100700  -  ResidentSetSize of job (KB)
...
006 (70945957.041.000) 03/28 22:02:01 Image size of job updated: 160
	160  -  MemoryUsage of job (MB)
	164564  -  ResidentSetSize of job (KB)
...
006 (70945957.041.000) 03/28 22:03:01 Image size of job updated: 161
	161  -  MemoryUsage of job (MB)
	165384  -  ResidentSetSize of job (KB)
...
006 (70945957.041.000) 03/28 22:04:02 Image size of job updated: 162
	162  -  MemoryUsage of job (MB)
	166036  -  ResidentSetSize of job (KB)
...
006 (70945957.041.000) 03/28 22:05:03 Image size of job updated: 162
	162  -  MemoryUsage of job (MB)
	166776  -  ResidentSetSize of job (KB)
...
006 (70945957.041.000) 03/28 22:06:04 Image size of job updated: 163
	163  -  MemoryUsage of job (MB)
	167520  -  ResidentSetSize of job (KB)
...
006 (70945957.041.000) 03/28 22:07:05 Image size of job updated: 186
	186  -  MemoryUsage of job (MB)
	191484  -  ResidentSetSize of job (KB)
...
006 (70945957.041.000) 03/28 22:08:05 Image size of job updated: 187
	187  -  MemoryUsage of job (MB)
	192012  -  ResidentSetSize of job (KB)
...
006 (70945957.041.000) 03/28 22:09:05 Image size of job updated: 188
	188  -  MemoryUsage of job (MB)
	192752  -  ResidentSetSize of job (KB)
...
006 (70945957.041.000) 03/28 22:10:05 Image size of job updated: 188
	188  -  MemoryUsage of job (MB)
	193388  -  ResidentSetSize of job (KB)
...
006 (70945957.041.000) 03/28 22:10:28 Image size of job updated: 189
	189  -  MemoryUsage of job (MB)
	193648  -  ResidentSetSize of job (KB)
...
005 (70945957.041.000) 03/28 22:10:29 Job terminated.
	(1) Normal termination (return value 0)
		Usr 0 00:07:17, Sys 0 00:00:21  -  Run Remote Usage
		Usr 0 00:00:00, Sys 0 00:00:00  -  Run Local Usage
		Usr 0 00:07:17, Sys 0 00:00:21  -  Total Remote Usage
		Usr 0 00:00:00, Sys 0 00:00:00  -  Total Local Usage
	139424  -  Run Bytes Sent By Job
	2243735  -  Run Bytes Received By Job
	139424  -  Total Bytes Sent By Job
	2243735  -  Total Bytes Received By Job
	Partitionable Resources :    Usage  Request Allocated 
	   Cpus                 :        0        1         1 
	   Disk (KB)            :     5070     2250    317048 
	   Memory (MB)          :      189     2000      2000 
...
