000 (70945957.042.000) 03/28 21:58:26 Job submitted from host: <131.225.188.235:9618?addrs=131.225.188.235-9618&noUDP&sock=14994_371f_3>
...
001 (70945957.042.000) 03/28 21:59:53 Job executing on host: <131.225.206.154:9618?addrs=131.225.206.154-9618&noUDP&sock=1148_02d0_3>
...
006 (70945957.042.000) 03/28 22:00:01 Image size of job updated: 5
	4  -  MemoryUsage of job (MB)
	4700  -  ResidentSetSize of job (KB)
...
006 (70945957.042.000) 03/28 22:01:01 Image size of job updated: 160
	160  -  MemoryUsage of job (MB)
	164120  -  ResidentSetSize of job (KB)
...
006 (70945957.042.000) 03/28 22:02:01 Image size of job updated: 160
	160  -  MemoryUsage of job (MB)
	164284  -  ResidentSetSize of job (KB)
...
006 (70945957.042.000) 03/28 22:03:02 Image size of job updated: 161
	161  -  MemoryUsage of job (MB)
	165028  -  ResidentSetSize of job (KB)
...
006 (70945957.042.000) 03/28 22:04:02 Image size of job updated: 161
	161  -  MemoryUsage of job (MB)
	165768  -  ResidentSetSize of job (KB)
...
006 (70945957.042.000) 03/28 22:05:02 Image size of job updated: 162
	162  -  MemoryUsage of job (MB)
	166480  -  ResidentSetSize of job (KB)
...
006 (70945957.042.000) 03/28 22:06:02 Image size of job updated: 179
	179  -  MemoryUsage of job (MB)
	183752  -  ResidentSetSize of job (KB)
...
006 (70945957.042.000) 03/28 22:07:02 Image size of job updated: 184
	184  -  MemoryUsage of job (MB)
	188888  -  ResidentSetSize of job (KB)
...
006 (70945957.042.000) 03/28 22:08:03 Image size of job updated: 185
	185  -  MemoryUsage of job (MB)
	189800  -  ResidentSetSize of job (KB)
...
006 (70945957.042.000) 03/28 22:09:04 Image size of job updated: 185
	185  -  MemoryUsage of job (MB)
	190244  -  ResidentSetSize of job (KB)
...
006 (70945957.042.000) 03/28 22:10:05 Image size of job updated: 186
	186  -  MemoryUsage of job (MB)
	190932  -  ResidentSetSize of job (KB)
...
006 (70945957.042.000) 03/28 22:10:14 Image size of job updated: 186
	186  -  MemoryUsage of job (MB)
	191184  -  ResidentSetSize of job (KB)
...
005 (70945957.042.000) 03/28 22:10:15 Job terminated.
	(1) Normal termination (return value 0)
		Usr 0 00:07:18, Sys 0 00:00:22  -  Run Remote Usage
		Usr 0 00:00:00, Sys 0 00:00:00  -  Run Local Usage
		Usr 0 00:07:18, Sys 0 00:00:22  -  Total Remote Usage
		Usr 0 00:00:00, Sys 0 00:00:00  -  Total Local Usage
	140214  -  Run Bytes Sent By Job
	2243735  -  Run Bytes Received By Job
	140214  -  Total Bytes Sent By Job
	2243735  -  Total Bytes Received By Job
	Partitionable Resources :    Usage  Request Allocated 
	   Cpus                 :     0.00        1         1 
	   Disk (KB)            :  5071        2250    333581 
	   Memory (MB)          :   186        2000      2000 
...
