000 (70945957.027.000) 03/28 21:58:26 Job submitted from host: <131.225.188.235:9618?addrs=131.225.188.235-9618&noUDP&sock=14994_371f_3>
...
001 (70945957.027.000) 03/28 21:59:49 Job executing on host: <131.225.206.226:9618?addrs=131.225.206.226-9618&noUDP&sock=1156_7f92_3>
...
006 (70945957.027.000) 03/28 21:59:59 Image size of job updated: 12
	12  -  MemoryUsage of job (MB)
	12412  -  ResidentSetSize of job (KB)
...
006 (70945957.027.000) 03/28 22:00:59 Image size of job updated: 132
	132  -  MemoryUsage of job (MB)
	135764  -  ResidentSetSize of job (KB)
...
006 (70945957.027.000) 03/28 22:01:59 Image size of job updated: 160
	160  -  MemoryUsage of job (MB)
	164412  -  ResidentSetSize of job (KB)
...
006 (70945957.027.000) 03/28 22:02:59 Image size of job updated: 161
	161  -  MemoryUsage of job (MB)
	165288  -  ResidentSetSize of job (KB)
...
006 (70945957.027.000) 03/28 22:04:00 Image size of job updated: 162
	162  -  MemoryUsage of job (MB)
	166024  -  ResidentSetSize of job (KB)
...
006 (70945957.027.000) 03/28 22:05:01 Image size of job updated: 162
	162  -  MemoryUsage of job (MB)
	166764  -  ResidentSetSize of job (KB)
...
006 (70945957.027.000) 03/28 22:06:02 Image size of job updated: 184
	184  -  MemoryUsage of job (MB)
	188912  -  ResidentSetSize of job (KB)
...
006 (70945957.027.000) 03/28 22:07:03 Image size of job updated: 185
	185  -  MemoryUsage of job (MB)
	189964  -  ResidentSetSize of job (KB)
...
006 (70945957.027.000) 03/28 22:08:03 Image size of job updated: 186
	186  -  MemoryUsage of job (MB)
	190724  -  ResidentSetSize of job (KB)
...
006 (70945957.027.000) 03/28 22:09:03 Image size of job updated: 187
	187  -  MemoryUsage of job (MB)
	191516  -  ResidentSetSize of job (KB)
...
006 (70945957.027.000) 03/28 22:09:42 Image size of job updated: 187
	187  -  MemoryUsage of job (MB)
	191828  -  ResidentSetSize of job (KB)
...
005 (70945957.027.000) 03/28 22:09:43 Job terminated.
	(1) Normal termination (return value 0)
		Usr 0 00:07:07, Sys 0 00:00:21  -  Run Remote Usage
		Usr 0 00:00:00, Sys 0 00:00:00  -  Run Local Usage
		Usr 0 00:07:07, Sys 0 00:00:21  -  Total Remote Usage
		Usr 0 00:00:00, Sys 0 00:00:00  -  Total Local Usage
	141956  -  Run Bytes Sent By Job
	2243735  -  Run Bytes Received By Job
	141956  -  Total Bytes Sent By Job
	2243735  -  Total Bytes Received By Job
	Partitionable Resources :    Usage  Request Allocated 
	   Cpus                 :     0.00        1         1 
	   Disk (KB)            :  5072        2250    301582 
	   Memory (MB)          :   187        2000      2000 
...
