000 (70945957.010.000) 03/28 21:58:26 Job submitted from host: <131.225.188.235:9618?addrs=131.225.188.235-9618&noUDP&sock=14994_371f_3>
...
001 (70945957.010.000) 03/28 21:59:43 Job executing on host: <131.225.206.183:9618?addrs=131.225.206.183-9618&noUDP&sock=1165_abec_3>
...
006 (70945957.010.000) 03/28 21:59:51 Image size of job updated: 28
	28  -  MemoryUsage of job (MB)
	29672  -  ResidentSetSize of job (KB)
...
006 (70945957.010.000) 03/28 22:00:53 Image size of job updated: 151
	151  -  MemoryUsage of job (MB)
	155140  -  ResidentSetSize of job (KB)
...
006 (70945957.010.000) 03/28 22:01:53 Image size of job updated: 152
	152  -  MemoryUsage of job (MB)
	156208  -  ResidentSetSize of job (KB)
...
006 (70945957.010.000) 03/28 22:02:46 Image size of job updated: 178
	178  -  MemoryUsage of job (MB)
	182520  -  ResidentSetSize of job (KB)
...
005 (70945957.010.000) 03/28 22:02:46 Job terminated.
	(1) Normal termination (return value 0)
		Usr 0 00:02:01, Sys 0 00:00:07  -  Run Remote Usage
		Usr 0 00:00:00, Sys 0 00:00:00  -  Run Local Usage
		Usr 0 00:02:01, Sys 0 00:00:07  -  Total Remote Usage
		Usr 0 00:00:00, Sys 0 00:00:00  -  Total Local Usage
	132468  -  Run Bytes Sent By Job
	2243735  -  Run Bytes Received By Job
	132468  -  Total Bytes Sent By Job
	2243735  -  Total Bytes Received By Job
	Partitionable Resources :    Usage  Request Allocated 
	   Cpus                 :        0        1         1 
	   Disk (KB)            :     5064     2250    311471 
	   Memory (MB)          :      178     2000      2000 
...
