000 (70945957.002.000) 03/28 21:58:26 Job submitted from host: <131.225.188.235:9618?addrs=131.225.188.235-9618&noUDP&sock=14994_371f_3>
...
001 (70945957.002.000) 03/28 21:59:38 Job executing on host: <131.225.206.185:9618?addrs=131.225.206.185-9618&noUDP&sock=1164_fc54_3>
...
006 (70945957.002.000) 03/28 21:59:47 Image size of job updated: 5
	3  -  MemoryUsage of job (MB)
	3336  -  ResidentSetSize of job (KB)
...
006 (70945957.002.000) 03/28 22:00:47 Image size of job updated: 28
	28  -  MemoryUsage of job (MB)
	28672  -  ResidentSetSize of job (KB)
...
006 (70945957.002.000) 03/28 22:01:48 Image size of job updated: 152
	152  -  MemoryUsage of job (MB)
	155668  -  ResidentSetSize of job (KB)
...
006 (70945957.002.000) 03/28 22:02:48 Image size of job updated: 176
	176  -  MemoryUsage of job (MB)
	180436  -  ResidentSetSize of job (KB)
...
005 (70945957.002.000) 03/28 22:03:20 Job terminated.
	(1) Normal termination (return value 0)
		Usr 0 00:01:28, Sys 0 00:00:08  -  Run Remote Usage
		Usr 0 00:00:00, Sys 0 00:00:00  -  Run Local Usage
		Usr 0 00:01:28, Sys 0 00:00:08  -  Total Remote Usage
		Usr 0 00:00:00, Sys 0 00:00:00  -  Total Local Usage
	132060  -  Run Bytes Sent By Job
	2243735  -  Run Bytes Received By Job
	132060  -  Total Bytes Sent By Job
	2243735  -  Total Bytes Received By Job
	Partitionable Resources :    Usage  Request Allocated 
	   Cpus                 :        0        1         1 
	   Disk (KB)            :     5063     2250    320405 
	   Memory (MB)          :      176     2000      2000 
...
