000 (70945957.043.000) 03/28 21:58:26 Job submitted from host: <131.225.188.235:9618?addrs=131.225.188.235-9618&noUDP&sock=14994_371f_3>
...
001 (70945957.043.000) 03/28 21:59:53 Job executing on host: <131.225.206.162:9618?addrs=131.225.206.162-9618&noUDP&sock=1154_2061_3>
...
006 (70945957.043.000) 03/28 22:00:01 Image size of job updated: 14
	14  -  MemoryUsage of job (MB)
	14960  -  ResidentSetSize of job (KB)
...
006 (70945957.043.000) 03/28 22:01:03 Image size of job updated: 159
	159  -  MemoryUsage of job (MB)
	163324  -  ResidentSetSize of job (KB)
...
006 (70945957.043.000) 03/28 22:02:03 Image size of job updated: 159
	159  -  MemoryUsage of job (MB)
	163416  -  ResidentSetSize of job (KB)
...
006 (70945957.043.000) 03/28 22:03:03 Image size of job updated: 160
	160  -  MemoryUsage of job (MB)
	164368  -  ResidentSetSize of job (KB)
...
006 (70945957.043.000) 03/28 22:04:03 Image size of job updated: 161
	161  -  MemoryUsage of job (MB)
	165008  -  ResidentSetSize of job (KB)
...
006 (70945957.043.000) 03/28 22:05:03 Image size of job updated: 161
	161  -  MemoryUsage of job (MB)
	165664  -  ResidentSetSize of job (KB)
...
006 (70945957.043.000) 03/28 22:06:04 Image size of job updated: 162
	162  -  MemoryUsage of job (MB)
	166296  -  ResidentSetSize of job (KB)
...
006 (70945957.043.000) 03/28 22:07:05 Image size of job updated: 183
	183  -  MemoryUsage of job (MB)
	188100  -  ResidentSetSize of job (KB)
...
006 (70945957.043.000) 03/28 22:08:06 Image size of job updated: 184
	184  -  MemoryUsage of job (MB)
	188764  -  ResidentSetSize of job (KB)
...
006 (70945957.043.000) 03/28 22:09:07 Image size of job updated: 184
	184  -  MemoryUsage of job (MB)
	189412  -  ResidentSetSize of job (KB)
...
006 (70945957.043.000) 03/28 22:10:08 Image size of job updated: 185
	185  -  MemoryUsage of job (MB)
	189856  -  ResidentSetSize of job (KB)
...
006 (70945957.043.000) 03/28 22:11:08 Image size of job updated: 185
	185  -  MemoryUsage of job (MB)
	190452  -  ResidentSetSize of job (KB)
...
006 (70945957.043.000) 03/28 22:11:47 Image size of job updated: 186
	186  -  MemoryUsage of job (MB)
	190888  -  ResidentSetSize of job (KB)
...
005 (70945957.043.000) 03/28 22:11:48 Job terminated.
	(1) Normal termination (return value 0)
		Usr 0 00:07:24, Sys 0 00:00:22  -  Run Remote Usage
		Usr 0 00:00:00, Sys 0 00:00:00  -  Run Local Usage
		Usr 0 00:07:24, Sys 0 00:00:22  -  Total Remote Usage
		Usr 0 00:00:00, Sys 0 00:00:00  -  Total Local Usage
	139872  -  Run Bytes Sent By Job
	2243735  -  Run Bytes Received By Job
	139872  -  Total Bytes Sent By Job
	2243735  -  Total Bytes Received By Job
	Partitionable Resources :    Usage  Request Allocated 
	   Cpus                 :        0        1         1 
	   Disk (KB)            :     5070     2250    339484 
	   Memory (MB)          :      186     2000      2000 
...
