000 (70945957.024.000) 03/28 21:58:26 Job submitted from host: <131.225.188.235:9618?addrs=131.225.188.235-9618&noUDP&sock=14994_371f_3>
...
001 (70945957.024.000) 03/28 21:59:47 Job executing on host: <131.225.204.43:9618?addrs=131.225.204.43-9618&noUDP&sock=1160_3df3_3>
...
006 (70945957.024.000) 03/28 22:00:00 Image size of job updated: 73
	73  -  MemoryUsage of job (MB)
	74908  -  ResidentSetSize of job (KB)
...
006 (70945957.024.000) 03/28 22:00:57 Image size of job updated: 160
	160  -  MemoryUsage of job (MB)
	164616  -  ResidentSetSize of job (KB)
...
006 (70945957.024.000) 03/28 22:01:58 Image size of job updated: 161
	161  -  MemoryUsage of job (MB)
	165284  -  ResidentSetSize of job (KB)
...
006 (70945957.024.000) 03/28 22:02:59 Image size of job updated: 161
	161  -  MemoryUsage of job (MB)
	165792  -  ResidentSetSize of job (KB)
...
006 (70945957.024.000) 03/28 22:03:59 Image size of job updated: 162
	162  -  MemoryUsage of job (MB)
	166568  -  ResidentSetSize of job (KB)
...
006 (70945957.024.000) 03/28 22:04:59 Image size of job updated: 163
	163  -  MemoryUsage of job (MB)
	167360  -  ResidentSetSize of job (KB)
...
006 (70945957.024.000) 03/28 22:05:59 Image size of job updated: 187
	187  -  MemoryUsage of job (MB)
	192440  -  ResidentSetSize of job (KB)
...
006 (70945957.024.000) 03/28 22:06:59 Image size of job updated: 188
	188  -  MemoryUsage of job (MB)
	193356  -  ResidentSetSize of job (KB)
...
006 (70945957.024.000) 03/28 22:08:00 Image size of job updated: 189
	189  -  MemoryUsage of job (MB)
	194088  -  ResidentSetSize of job (KB)
...
005 (70945957.024.000) 03/28 22:09:00 Job terminated.
	(1) Normal termination (return value 0)
		Usr 0 00:06:28, Sys 0 00:00:19  -  Run Remote Usage
		Usr 0 00:00:00, Sys 0 00:00:00  -  Run Local Usage
		Usr 0 00:06:28, Sys 0 00:00:19  -  Total Remote Usage
		Usr 0 00:00:00, Sys 0 00:00:00  -  Total Local Usage
	138759  -  Run Bytes Sent By Job
	2243735  -  Run Bytes Received By Job
	138759  -  Total Bytes Sent By Job
	2243735  -  Total Bytes Received By Job
	Partitionable Resources :    Usage  Request Allocated 
	   Cpus                 :     0.00        1         1 
	   Disk (KB)            :  5069        2250    307817 
	   Memory (MB)          :   189        2000      2000 
...
