000 (70945957.025.000) 03/28 21:58:26 Job submitted from host: <131.225.188.235:9618?addrs=131.225.188.235-9618&noUDP&sock=14994_371f_3>
...
001 (70945957.025.000) 03/28 21:59:49 Job executing on host: <131.225.191.160:9618?addrs=131.225.191.160-9618&noUDP&sock=1152_c131_3>
...
006 (70945957.025.000) 03/28 22:00:59 Image size of job updated: 116
	116  -  MemoryUsage of job (MB)
	118948  -  ResidentSetSize of job (KB)
...
006 (70945957.025.000) 03/28 22:01:59 Image size of job updated: 132
	132  -  MemoryUsage of job (MB)
	135752  -  ResidentSetSize of job (KB)
...
006 (70945957.025.000) 03/28 22:03:59 Image size of job updated: 161
	161  -  MemoryUsage of job (MB)
	165188  -  ResidentSetSize of job (KB)
...
006 (70945957.025.000) 03/28 22:05:00 Image size of job updated: 162
	162  -  MemoryUsage of job (MB)
	165944  -  ResidentSetSize of job (KB)
...
006 (70945957.025.000) 03/28 22:06:01 Image size of job updated: 162
	162  -  MemoryUsage of job (MB)
	166748  -  ResidentSetSize of job (KB)
...
006 (70945957.025.000) 03/28 22:07:03 Image size of job updated: 163
	163  -  MemoryUsage of job (MB)
	167532  -  ResidentSetSize of job (KB)
...
006 (70945957.025.000) 03/28 22:08:03 Image size of job updated: 187
	187  -  MemoryUsage of job (MB)
	191584  -  ResidentSetSize of job (KB)
...
006 (70945957.025.000) 03/28 22:09:03 Image size of job updated: 187
	187  -  MemoryUsage of job (MB)
	192236  -  ResidentSetSize of job (KB)
...
006 (70945957.025.000) 03/28 22:10:03 Image size of job updated: 188
	188  -  MemoryUsage of job (MB)
	192968  -  ResidentSetSize of job (KB)
...
006 (70945957.025.000) 03/28 22:11:03 Image size of job updated: 189
	189  -  MemoryUsage of job (MB)
	193712  -  ResidentSetSize of job (KB)
...
006 (70945957.025.000) 03/28 22:11:42 Image size of job updated: 189
	189  -  MemoryUsage of job (MB)
	194196  -  ResidentSetSize of job (KB)
...
005 (70945957.025.000) 03/28 22:11:43 Job terminated.
	(1) Normal termination (return value 0)
		Usr 0 00:07:13, Sys 0 00:00:21  -  Run Remote Usage
		Usr 0 00:00:00, Sys 0 00:00:00  -  Run Local Usage
		Usr 0 00:07:13, Sys 0 00:00:21  -  Total Remote Usage
		Usr 0 00:00:00, Sys 0 00:00:00  -  Total Local Usage
	144403  -  Run Bytes Sent By Job
	2243735  -  Run Bytes Received By Job
	144403  -  Total Bytes Sent By Job
	2243735  -  Total Bytes Received By Job
	Partitionable Resources :    Usage  Request Allocated 
	   Cpus                 :     0.00        1         1 
	   Disk (KB)            :  5075        2250    326912 
	   Memory (MB)          :   189        2000      2000 
...
