000 (70945957.013.000) 03/28 21:58:26 Job submitted from host: <131.225.188.235:9618?addrs=131.225.188.235-9618&noUDP&sock=14994_371f_3>
...
001 (70945957.013.000) 03/28 21:59:43 Job executing on host: <131.225.206.101:9618?addrs=131.225.206.101-9618&noUDP&sock=1165_abec_3>
...
006 (70945957.013.000) 03/28 22:00:52 Image size of job updated: 28
	28  -  MemoryUsage of job (MB)
	29124  -  ResidentSetSize of job (KB)
...
006 (70945957.013.000) 03/28 22:01:52 Image size of job updated: 151
	151  -  MemoryUsage of job (MB)
	155428  -  ResidentSetSize of job (KB)
...
006 (70945957.013.000) 03/28 22:02:52 Image size of job updated: 176
	176  -  MemoryUsage of job (MB)
	180308  -  ResidentSetSize of job (KB)
...
006 (70945957.013.000) 03/28 22:03:06 Image size of job updated: 176
	176  -  MemoryUsage of job (MB)
	180668  -  ResidentSetSize of job (KB)
...
005 (70945957.013.000) 03/28 22:03:06 Job terminated.
	(1) Normal termination (return value 0)
		Usr 0 00:01:58, Sys 0 00:00:07  -  Run Remote Usage
		Usr 0 00:00:00, Sys 0 00:00:00  -  Run Local Usage
		Usr 0 00:01:58, Sys 0 00:00:07  -  Total Remote Usage
		Usr 0 00:00:00, Sys 0 00:00:00  -  Total Local Usage
	131889  -  Run Bytes Sent By Job
	2243735  -  Run Bytes Received By Job
	131889  -  Total Bytes Sent By Job
	2243735  -  Total Bytes Received By Job
	Partitionable Resources :    Usage  Request Allocated 
	   Cpus                 :        0        1         1 
	   Disk (KB)            :     5063     2250    308392 
	   Memory (MB)          :      176     2000      2000 
...
