000 (70945957.022.000) 03/28 21:58:26 Job submitted from host: <131.225.188.235:9618?addrs=131.225.188.235-9618&noUDP&sock=14994_371f_3>
...
001 (70945957.022.000) 03/28 21:59:47 Job executing on host: <131.225.206.173:9618?addrs=131.225.206.173-9618&noUDP&sock=1153_70c9_3>
...
006 (70945957.022.000) 03/28 21:59:57 Image size of job updated: 19
	19  -  MemoryUsage of job (MB)
	20460  -  ResidentSetSize of job (KB)
...
006 (70945957.022.000) 03/28 22:00:57 Image size of job updated: 152
	152  -  MemoryUsage of job (MB)
	156240  -  ResidentSetSize of job (KB)
...
006 (70945957.022.000) 03/28 22:01:57 Image size of job updated: 178
	178  -  MemoryUsage of job (MB)
	182960  -  ResidentSetSize of job (KB)
...
006 (70945957.022.000) 03/28 22:02:22 Image size of job updated: 178
	178  -  MemoryUsage of job (MB)
	183288  -  ResidentSetSize of job (KB)
...
005 (70945957.022.000) 03/28 22:02:24 Job terminated.
	(1) Normal termination (return value 0)
		Usr 0 00:01:45, Sys 0 00:00:05  -  Run Remote Usage
		Usr 0 00:00:00, Sys 0 00:00:00  -  Run Local Usage
		Usr 0 00:01:45, Sys 0 00:00:05  -  Total Remote Usage
		Usr 0 00:00:00, Sys 0 00:00:00  -  Total Local Usage
	132030  -  Run Bytes Sent By Job
	2243735  -  Run Bytes Received By Job
	132030  -  Total Bytes Sent By Job
	2243735  -  Total Bytes Received By Job
	Partitionable Resources :    Usage  Request Allocated 
	   Cpus                 :        0        1         1 
	   Disk (KB)            :     5063     2250    310986 
	   Memory (MB)          :      178     2000      2000 
...
