000 (70945957.032.000) 03/28 21:58:26 Job submitted from host: <131.225.188.235:9618?addrs=131.225.188.235-9618&noUDP&sock=14994_371f_3>
...
001 (70945957.032.000) 03/28 21:59:49 Job executing on host: <131.225.191.189:9618?addrs=131.225.191.189-9618&noUDP&sock=1149_b268_3>
...
006 (70945957.032.000) 03/28 21:59:58 Image size of job updated: 22
	22  -  MemoryUsage of job (MB)
	22824  -  ResidentSetSize of job (KB)
...
006 (70945957.032.000) 03/28 22:00:59 Image size of job updated: 141
	141  -  MemoryUsage of job (MB)
	144392  -  ResidentSetSize of job (KB)
...
006 (70945957.032.000) 03/28 22:01:59 Image size of job updated: 160
	160  -  MemoryUsage of job (MB)
	164496  -  ResidentSetSize of job (KB)
...
006 (70945957.032.000) 03/28 22:02:59 Image size of job updated: 161
	161  -  MemoryUsage of job (MB)
	165212  -  ResidentSetSize of job (KB)
...
006 (70945957.032.000) 03/28 22:03:59 Image size of job updated: 162
	162  -  MemoryUsage of job (MB)
	165992  -  ResidentSetSize of job (KB)
...
006 (70945957.032.000) 03/28 22:04:59 Image size of job updated: 162
	162  -  MemoryUsage of job (MB)
	166792  -  ResidentSetSize of job (KB)
...
006 (70945957.032.000) 03/28 22:06:00 Image size of job updated: 185
	185  -  MemoryUsage of job (MB)
	190424  -  ResidentSetSize of job (KB)
...
006 (70945957.032.000) 03/28 22:07:01 Image size of job updated: 186
	186  -  MemoryUsage of job (MB)
	191292  -  ResidentSetSize of job (KB)
...
006 (70945957.032.000) 03/28 22:08:02 Image size of job updated: 187
	187  -  MemoryUsage of job (MB)
	192092  -  ResidentSetSize of job (KB)
...
006 (70945957.032.000) 03/28 22:09:04 Image size of job updated: 188
	188  -  MemoryUsage of job (MB)
	192884  -  ResidentSetSize of job (KB)
...
005 (70945957.032.000) 03/28 22:09:17 Job terminated.
	(1) Normal termination (return value 0)
		Usr 0 00:07:10, Sys 0 00:00:21  -  Run Remote Usage
		Usr 0 00:00:00, Sys 0 00:00:00  -  Run Local Usage
		Usr 0 00:07:10, Sys 0 00:00:21  -  Total Remote Usage
		Usr 0 00:00:00, Sys 0 00:00:00  -  Total Local Usage
	140942  -  Run Bytes Sent By Job
	2243735  -  Run Bytes Received By Job
	140942  -  Total Bytes Sent By Job
	2243735  -  Total Bytes Received By Job
	Partitionable Resources :    Usage  Request Allocated 
	   Cpus                 :     0.00        1         1 
	   Disk (KB)            :  5071        2250    309809 
	   Memory (MB)          :   188        2000      2000 
...
