000 (70945957.031.000) 03/28 21:58:26 Job submitted from host: <131.225.188.235:9618?addrs=131.225.188.235-9618&noUDP&sock=14994_371f_3>
...
001 (70945957.031.000) 03/28 21:59:50 Job executing on host: <131.225.191.131:9618?addrs=131.225.191.131-9618&noUDP&sock=1157_2f2a_3>
...
006 (70945957.031.000) 03/28 22:00:58 Image size of job updated: 132
	132  -  MemoryUsage of job (MB)
	135768  -  ResidentSetSize of job (KB)
...
006 (70945957.031.000) 03/28 22:01:59 Image size of job updated: 161
	161  -  MemoryUsage of job (MB)
	165388  -  ResidentSetSize of job (KB)
...
006 (70945957.031.000) 03/28 22:03:00 Image size of job updated: 162
	162  -  MemoryUsage of job (MB)
	166068  -  ResidentSetSize of job (KB)
...
006 (70945957.031.000) 03/28 22:04:00 Image size of job updated: 162
	162  -  MemoryUsage of job (MB)
	166736  -  ResidentSetSize of job (KB)
...
006 (70945957.031.000) 03/28 22:05:00 Image size of job updated: 163
	163  -  MemoryUsage of job (MB)
	167492  -  ResidentSetSize of job (KB)
...
006 (70945957.031.000) 03/28 22:06:00 Image size of job updated: 180
	180  -  MemoryUsage of job (MB)
	184512  -  ResidentSetSize of job (KB)
...
006 (70945957.031.000) 03/28 22:07:00 Image size of job updated: 184
	184  -  MemoryUsage of job (MB)
	188820  -  ResidentSetSize of job (KB)
...
006 (70945957.031.000) 03/28 22:08:01 Image size of job updated: 185
	185  -  MemoryUsage of job (MB)
	189544  -  ResidentSetSize of job (KB)
...
006 (70945957.031.000) 03/28 22:09:02 Image size of job updated: 185
	185  -  MemoryUsage of job (MB)
	190360  -  ResidentSetSize of job (KB)
...
006 (70945957.031.000) 03/28 22:09:43 Image size of job updated: 186
	186  -  MemoryUsage of job (MB)
	190920  -  ResidentSetSize of job (KB)
...
005 (70945957.031.000) 03/28 22:09:44 Job terminated.
	(1) Normal termination (return value 0)
		Usr 0 00:07:19, Sys 0 00:00:21  -  Run Remote Usage
		Usr 0 00:00:00, Sys 0 00:00:00  -  Run Local Usage
		Usr 0 00:07:19, Sys 0 00:00:21  -  Total Remote Usage
		Usr 0 00:00:00, Sys 0 00:00:00  -  Total Local Usage
	140488  -  Run Bytes Sent By Job
	2243735  -  Run Bytes Received By Job
	140488  -  Total Bytes Sent By Job
	2243735  -  Total Bytes Received By Job
	Partitionable Resources :    Usage  Request Allocated 
	   Cpus                 :     0.00        1         1 
	   Disk (KB)            :  5071        2250    308080 
	   Memory (MB)          :   186        2000      2000 
...
