000 (70945957.009.000) 03/28 21:58:26 Job submitted from host: <131.225.188.235:9618?addrs=131.225.188.235-9618&noUDP&sock=14994_371f_3>
...
001 (70945957.009.000) 03/28 21:59:41 Job executing on host: <131.225.206.212:9618?addrs=131.225.206.212-9618&noUDP&sock=1154_2061_3>
...
006 (70945957.009.000) 03/28 21:59:50 Image size of job updated: 18
	18  -  MemoryUsage of job (MB)
	19216  -  ResidentSetSize of job (KB)
...
006 (70945957.009.000) 03/28 22:00:51 Image size of job updated: 71
	71  -  MemoryUsage of job (MB)
	73356  -  ResidentSetSize of job (KB)
...
006 (70945957.009.000) 03/28 22:01:52 Image size of job updated: 153
	153  -  MemoryUsage of job (MB)
	156864  -  ResidentSetSize of job (KB)
...
006 (70945957.009.000) 03/28 22:02:52 Image size of job updated: 177
	177  -  MemoryUsage of job (MB)
	181432  -  ResidentSetSize of job (KB)
...
006 (70945957.009.000) 03/28 22:03:11 Image size of job updated: 177
	177  -  MemoryUsage of job (MB)
	181760  -  ResidentSetSize of job (KB)
...
005 (70945957.009.000) 03/28 22:03:12 Job terminated.
	(1) Normal termination (return value 0)
		Usr 0 00:02:01, Sys 0 00:00:09  -  Run Remote Usage
		Usr 0 00:00:00, Sys 0 00:00:00  -  Run Local Usage
		Usr 0 00:02:01, Sys 0 00:00:09  -  Total Remote Usage
		Usr 0 00:00:00, Sys 0 00:00:00  -  Total Local Usage
	187550  -  Run Bytes Sent By Job
	2243735  -  Run Bytes Received By Job
	187550  -  Total Bytes Sent By Job
	2243735  -  Total Bytes Received By Job
	Partitionable Resources :     Usage  Request Allocated 
	   Cpus                 :      0.00        1         1 
	   Disk (KB)            : 215233        2250    311876 
	   Memory (MB)          :    177        2000      2000 
...
