000 (70945957.044.000) 03/28 21:58:26 Job submitted from host: <131.225.188.235:9618?addrs=131.225.188.235-9618&noUDP&sock=14994_371f_3>
...
001 (70945957.044.000) 03/28 21:59:54 Job executing on host: <131.225.206.14:9618?addrs=131.225.206.14-9618&noUDP&sock=1153_70c9_3>
...
006 (70945957.044.000) 03/28 22:00:02 Image size of job updated: 42
	42  -  MemoryUsage of job (MB)
	43288  -  ResidentSetSize of job (KB)
...
006 (70945957.044.000) 03/28 22:02:04 Image size of job updated: 160
	160  -  MemoryUsage of job (MB)
	164692  -  ResidentSetSize of job (KB)
...
006 (70945957.044.000) 03/28 22:03:04 Image size of job updated: 161
	161  -  MemoryUsage of job (MB)
	165372  -  ResidentSetSize of job (KB)
...
006 (70945957.044.000) 03/28 22:04:04 Image size of job updated: 162
	162  -  MemoryUsage of job (MB)
	166192  -  ResidentSetSize of job (KB)
...
006 (70945957.044.000) 03/28 22:05:04 Image size of job updated: 163
	163  -  MemoryUsage of job (MB)
	167072  -  ResidentSetSize of job (KB)
...
006 (70945957.044.000) 03/28 22:06:04 Image size of job updated: 185
	185  -  MemoryUsage of job (MB)
	189632  -  ResidentSetSize of job (KB)
...
006 (70945957.044.000) 03/28 22:07:05 Image size of job updated: 185
	185  -  MemoryUsage of job (MB)
	190392  -  ResidentSetSize of job (KB)
...
006 (70945957.044.000) 03/28 22:08:06 Image size of job updated: 186
	186  -  MemoryUsage of job (MB)
	191136  -  ResidentSetSize of job (KB)
...
006 (70945957.044.000) 03/28 22:09:07 Image size of job updated: 187
	187  -  MemoryUsage of job (MB)
	191632  -  ResidentSetSize of job (KB)
...
006 (70945957.044.000) 03/28 22:10:08 Image size of job updated: 187
	187  -  MemoryUsage of job (MB)
	192360  -  ResidentSetSize of job (KB)
...
005 (70945957.044.000) 03/28 22:10:09 Job terminated.
	(1) Normal termination (return value 0)
		Usr 0 00:07:08, Sys 0 00:00:22  -  Run Remote Usage
		Usr 0 00:00:00, Sys 0 00:00:00  -  Run Local Usage
		Usr 0 00:07:08, Sys 0 00:00:22  -  Total Remote Usage
		Usr 0 00:00:00, Sys 0 00:00:00  -  Total Local Usage
	139937  -  Run Bytes Sent By Job
	2243735  -  Run Bytes Received By Job
	139937  -  Total Bytes Sent By Job
	2243735  -  Total Bytes Received By Job
	Partitionable Resources :    Usage  Request Allocated 
	   Cpus                 :     0.00        1         1 
	   Disk (KB)            :  5070        2250    315846 
	   Memory (MB)          :   187        2000      2000 
...
