000 (70945957.004.000) 03/28 21:58:26 Job submitted from host: <131.225.188.235:9618?addrs=131.225.188.235-9618&noUDP&sock=14994_371f_3>
...
001 (70945957.004.000) 03/28 21:59:39 Job executing on host: <131.225.206.51:9618?addrs=131.225.206.51-9618&noUDP&sock=1160_3df3_3>
...
006 (70945957.004.000) 03/28 22:00:49 Image size of job updated: 150
	150  -  MemoryUsage of job (MB)
	154304  -  ResidentSetSize of job (KB)
...
006 (70945957.004.000) 03/28 22:01:50 Image size of job updated: 175
	175  -  MemoryUsage of job (MB)
	179740  -  ResidentSetSize of job (KB)
...
006 (70945957.004.000) 03/28 22:02:41 Image size of job updated: 176
	176  -  MemoryUsage of job (MB)
	180368  -  ResidentSetSize of job (KB)
...
005 (70945957.004.000) 03/28 22:02:43 Job terminated.
	(1) Normal termination (return value 0)
		Usr 0 00:01:56, Sys 0 00:00:08  -  Run Remote Usage
		Usr 0 00:00:00, Sys 0 00:00:00  -  Run Local Usage
		Usr 0 00:01:56, Sys 0 00:00:08  -  Total Remote Usage
		Usr 0 00:00:00, Sys 0 00:00:00  -  Total Local Usage
	132131  -  Run Bytes Sent By Job
	2243735  -  Run Bytes Received By Job
	132131  -  Total Bytes Sent By Job
	2243735  -  Total Bytes Received By Job
	Partitionable Resources :    Usage  Request Allocated 
	   Cpus                 :        0        1         1 
	   Disk (KB)            :     5063     2250    316859 
	   Memory (MB)          :      176     2000      2000 
...
