000 (70945957.005.000) 03/28 21:58:26 Job submitted from host: <131.225.188.235:9618?addrs=131.225.188.235-9618&noUDP&sock=14994_371f_3>
...
001 (70945957.005.000) 03/28 21:59:39 Job executing on host: <131.225.206.9:9618?addrs=131.225.206.9-9618&noUDP&sock=1160_3df3_3>
...
006 (70945957.005.000) 03/28 22:00:49 Image size of job updated: 152
	152  -  MemoryUsage of job (MB)
	155868  -  ResidentSetSize of job (KB)
...
006 (70945957.005.000) 03/28 22:01:50 Image size of job updated: 176
	176  -  MemoryUsage of job (MB)
	181204  -  ResidentSetSize of job (KB)
...
006 (70945957.005.000) 03/28 22:02:30 Image size of job updated: 177
	177  -  MemoryUsage of job (MB)
	181884  -  ResidentSetSize of job (KB)
...
005 (70945957.005.000) 03/28 22:02:30 Job terminated.
	(1) Normal termination (return value 0)
		Usr 0 00:01:56, Sys 0 00:00:07  -  Run Remote Usage
		Usr 0 00:00:00, Sys 0 00:00:00  -  Run Local Usage
		Usr 0 00:01:56, Sys 0 00:00:07  -  Total Remote Usage
		Usr 0 00:00:00, Sys 0 00:00:00  -  Total Local Usage
	132404  -  Run Bytes Sent By Job
	2243735  -  Run Bytes Received By Job
	132404  -  Total Bytes Sent By Job
	2243735  -  Total Bytes Received By Job
	Partitionable Resources :    Usage  Request Allocated 
	   Cpus                 :     0.00        1         1 
	   Disk (KB)            :  5063        2250    306898 
	   Memory (MB)          :   177        2000      2000 
...
