000 (70945957.040.000) 03/28 21:58:26 Job submitted from host: <131.225.188.235:9618?addrs=131.225.188.235-9618&noUDP&sock=14994_371f_3>
...
001 (70945957.040.000) 03/28 21:59:53 Job executing on host: <131.225.206.5:9618?addrs=131.225.206.5-9618&noUDP&sock=1154_2061_3>
...
006 (70945957.040.000) 03/28 22:01:02 Image size of job updated: 52
	52  -  MemoryUsage of job (MB)
	53572  -  ResidentSetSize of job (KB)
...
006 (70945957.040.000) 03/28 22:02:02 Image size of job updated: 159
	159  -  MemoryUsage of job (MB)
	163660  -  ResidentSetSize of job (KB)
...
006 (70945957.040.000) 03/28 22:03:02 Image size of job updated: 160
	160  -  MemoryUsage of job (MB)
	164320  -  ResidentSetSize of job (KB)
...
006 (70945957.040.000) 03/28 22:04:02 Image size of job updated: 161
	161  -  MemoryUsage of job (MB)
	165044  -  ResidentSetSize of job (KB)
...
006 (70945957.040.000) 03/28 22:05:02 Image size of job updated: 161
	161  -  MemoryUsage of job (MB)
	165784  -  ResidentSetSize of job (KB)
...
006 (70945957.040.000) 03/28 22:06:03 Image size of job updated: 162
	162  -  MemoryUsage of job (MB)
	166512  -  ResidentSetSize of job (KB)
...
006 (70945957.040.000) 03/28 22:07:04 Image size of job updated: 186
	186  -  MemoryUsage of job (MB)
	190512  -  ResidentSetSize of job (KB)
...
006 (70945957.040.000) 03/28 22:08:05 Image size of job updated: 186
	186  -  MemoryUsage of job (MB)
	191392  -  ResidentSetSize of job (KB)
...
006 (70945957.040.000) 03/28 22:09:06 Image size of job updated: 187
	187  -  MemoryUsage of job (MB)
	192120  -  ResidentSetSize of job (KB)
...
006 (70945957.040.000) 03/28 22:10:06 Image size of job updated: 188
	188  -  MemoryUsage of job (MB)
	192812  -  ResidentSetSize of job (KB)
...
006 (70945957.040.000) 03/28 22:10:32 Image size of job updated: 188
	188  -  MemoryUsage of job (MB)
	193072  -  ResidentSetSize of job (KB)
...
005 (70945957.040.000) 03/28 22:10:32 Job terminated.
	(1) Normal termination (return value 0)
		Usr 0 00:07:19, Sys 0 00:00:23  -  Run Remote Usage
		Usr 0 00:00:00, Sys 0 00:00:00  -  Run Local Usage
		Usr 0 00:07:19, Sys 0 00:00:23  -  Total Remote Usage
		Usr 0 00:00:00, Sys 0 00:00:00  -  Total Local Usage
	139941  -  Run Bytes Sent By Job
	2243735  -  Run Bytes Received By Job
	139941  -  Total Bytes Sent By Job
	2243735  -  Total Bytes Received By Job
	Partitionable Resources :    Usage  Request Allocated 
	   Cpus                 :        0        1         1 
	   Disk (KB)            :     5070     2250    318156 
	   Memory (MB)          :      188     2000      2000 
...
