000 (70945957.001.000) 03/28 21:58:26 Job submitted from host: <131.225.188.235:9618?addrs=131.225.188.235-9618&noUDP&sock=14994_371f_3>
...
001 (70945957.001.000) 03/28 21:59:37 Job executing on host: <131.225.204.123:9618?addrs=131.225.204.123-9618&noUDP&sock=1162_9d23_3>
...
006 (70945957.001.000) 03/28 22:00:47 Image size of job updated: 108
	108  -  MemoryUsage of job (MB)
	110640  -  ResidentSetSize of job (KB)
...
006 (70945957.001.000) 03/28 22:01:47 Image size of job updated: 152
	152  -  MemoryUsage of job (MB)
	156428  -  ResidentSetSize of job (KB)
...
006 (70945957.001.000) 03/28 22:02:47 Image size of job updated: 171
	171  -  MemoryUsage of job (MB)
	175344  -  ResidentSetSize of job (KB)
...
006 (70945957.001.000) 03/28 22:03:32 Image size of job updated: 178
	178  -  MemoryUsage of job (MB)
	183260  -  ResidentSetSize of job (KB)
...
005 (70945957.001.000) 03/28 22:03:34 Job terminated.
	(1) Normal termination (return value 0)
		Usr 0 00:01:52, Sys 0 00:00:08  -  Run Remote Usage
		Usr 0 00:00:00, Sys 0 00:00:00  -  Run Local Usage
		Usr 0 00:01:52, Sys 0 00:00:08  -  Total Remote Usage
		Usr 0 00:00:00, Sys 0 00:00:00  -  Total Local Usage
	131801  -  Run Bytes Sent By Job
	2243735  -  Run Bytes Received By Job
	131801  -  Total Bytes Sent By Job
	2243735  -  Total Bytes Received By Job
	Partitionable Resources :    Usage  Request Allocated 
	   Cpus                 :        0        1         1 
	   Disk (KB)            :     5063     2250    325401 
	   Memory (MB)          :      178     2000      2000 
...
