000 (70945957.016.000) 03/28 21:58:26 Job submitted from host: <131.225.188.235:9618?addrs=131.225.188.235-9618&noUDP&sock=14994_371f_3>
...
001 (70945957.016.000) 03/28 21:59:44 Job executing on host: <131.225.204.46:9618?addrs=131.225.204.46-9618&noUDP&sock=1151_1198_3>
...
006 (70945957.016.000) 03/28 21:59:53 Image size of job updated: 16
	16  -  MemoryUsage of job (MB)
	17064  -  ResidentSetSize of job (KB)
...
006 (70945957.016.000) 03/28 22:00:53 Image size of job updated: 153
	153  -  MemoryUsage of job (MB)
	156744  -  ResidentSetSize of job (KB)
...
006 (70945957.016.000) 03/28 22:01:53 Image size of job updated: 176
	176  -  MemoryUsage of job (MB)
	180900  -  ResidentSetSize of job (KB)
...
006 (70945957.016.000) 03/28 22:02:32 Image size of job updated: 177
	177  -  MemoryUsage of job (MB)
	181520  -  ResidentSetSize of job (KB)
...
005 (70945957.016.000) 03/28 22:02:32 Job terminated.
	(1) Normal termination (return value 0)
		Usr 0 00:01:53, Sys 0 00:00:06  -  Run Remote Usage
		Usr 0 00:00:00, Sys 0 00:00:00  -  Run Local Usage
		Usr 0 00:01:53, Sys 0 00:00:06  -  Total Remote Usage
		Usr 0 00:00:00, Sys 0 00:00:00  -  Total Local Usage
	131603  -  Run Bytes Sent By Job
	2243735  -  Run Bytes Received By Job
	131603  -  Total Bytes Sent By Job
	2243735  -  Total Bytes Received By Job
	Partitionable Resources :    Usage  Request Allocated 
	   Cpus                 :        0        1         1 
	   Disk (KB)            :     5062     2250    315682 
	   Memory (MB)          :      177     2000      2000 
...
