000 (70945957.018.000) 03/28 21:58:26 Job submitted from host: <131.225.188.235:9618?addrs=131.225.188.235-9618&noUDP&sock=14994_371f_3>
...
001 (70945957.018.000) 03/28 21:59:45 Job executing on host: <131.225.206.42:9618?addrs=131.225.206.42-9618&noUDP&sock=1161_ed8b_3>
...
006 (70945957.018.000) 03/28 21:59:54 Image size of job updated: 40
	40  -  MemoryUsage of job (MB)
	41820  -  ResidentSetSize of job (KB)
...
006 (70945957.018.000) 03/28 22:00:55 Image size of job updated: 157
	157  -  MemoryUsage of job (MB)
	161388  -  ResidentSetSize of job (KB)
...
006 (70945957.018.000) 03/28 22:01:55 Image size of job updated: 176
	176  -  MemoryUsage of job (MB)
	180540  -  ResidentSetSize of job (KB)
...
006 (70945957.018.000) 03/28 22:02:27 Image size of job updated: 176
	176  -  MemoryUsage of job (MB)
	181160  -  ResidentSetSize of job (KB)
...
005 (70945957.018.000) 03/28 22:02:29 Job terminated.
	(1) Normal termination (return value 0)
		Usr 0 00:02:01, Sys 0 00:00:06  -  Run Remote Usage
		Usr 0 00:00:00, Sys 0 00:00:00  -  Run Local Usage
		Usr 0 00:02:01, Sys 0 00:00:06  -  Total Remote Usage
		Usr 0 00:00:00, Sys 0 00:00:00  -  Total Local Usage
	132317  -  Run Bytes Sent By Job
	2243735  -  Run Bytes Received By Job
	132317  -  Total Bytes Sent By Job
	2243735  -  Total Bytes Received By Job
	Partitionable Resources :    Usage  Request Allocated 
	   Cpus                 :     0.00        1         1 
	   Disk (KB)            :  5063        2250    309304 
	   Memory (MB)          :   176        2000      2000 
...
