000 (70945957.038.000) 03/28 21:58:26 Job submitted from host: <131.225.188.235:9618?addrs=131.225.188.235-9618&noUDP&sock=14994_371f_3>
...
001 (70945957.038.000) 03/28 21:59:52 Job executing on host: <131.225.204.121:9618?addrs=131.225.204.121-9618&noUDP&sock=1161_ed8b_3>
...
006 (70945957.038.000) 03/28 22:00:00 Image size of job updated: 29
	29  -  MemoryUsage of job (MB)
	30564  -  ResidentSetSize of job (KB)
...
006 (70945957.038.000) 03/28 22:01:01 Image size of job updated: 159
	159  -  MemoryUsage of job (MB)
	163520  -  ResidentSetSize of job (KB)
...
006 (70945957.038.000) 03/28 22:02:02 Image size of job updated: 159
	159  -  MemoryUsage of job (MB)
	163736  -  ResidentSetSize of job (KB)
...
006 (70945957.038.000) 03/28 22:03:02 Image size of job updated: 160
	160  -  MemoryUsage of job (MB)
	164132  -  ResidentSetSize of job (KB)
...
006 (70945957.038.000) 03/28 22:04:02 Image size of job updated: 161
	161  -  MemoryUsage of job (MB)
	164904  -  ResidentSetSize of job (KB)
...
006 (70945957.038.000) 03/28 22:05:02 Image size of job updated: 161
	161  -  MemoryUsage of job (MB)
	165536  -  ResidentSetSize of job (KB)
...
006 (70945957.038.000) 03/28 22:06:02 Image size of job updated: 162
	162  -  MemoryUsage of job (MB)
	166096  -  ResidentSetSize of job (KB)
...
006 (70945957.038.000) 03/28 22:07:03 Image size of job updated: 162
	162  -  MemoryUsage of job (MB)
	166772  -  ResidentSetSize of job (KB)
...
006 (70945957.038.000) 03/28 22:08:04 Image size of job updated: 184
	184  -  MemoryUsage of job (MB)
	189088  -  ResidentSetSize of job (KB)
...
006 (70945957.038.000) 03/28 22:09:05 Image size of job updated: 185
	185  -  MemoryUsage of job (MB)
	189632  -  ResidentSetSize of job (KB)
...
006 (70945957.038.000) 03/28 22:10:06 Image size of job updated: 185
	185  -  MemoryUsage of job (MB)
	189916  -  ResidentSetSize of job (KB)
...
006 (70945957.038.000) 03/28 22:11:06 Image size of job updated: 185
	185  -  MemoryUsage of job (MB)
	190192  -  ResidentSetSize of job (KB)
...
006 (70945957.038.000) 03/28 22:12:06 Image size of job updated: 186
	186  -  MemoryUsage of job (MB)
	190772  -  ResidentSetSize of job (KB)
...
006 (70945957.038.000) 03/28 22:13:06 Image size of job updated: 187
	187  -  MemoryUsage of job (MB)
	191496  -  ResidentSetSize of job (KB)
...
005 (70945957.038.000) 03/28 22:13:18 Job terminated.
	(1) Normal termination (return value 0)
		Usr 0 00:07:39, Sys 0 00:00:26  -  Run Remote Usage
		Usr 0 00:00:00, Sys 0 00:00:00  -  Run Local Usage
		Usr 0 00:07:39, Sys 0 00:00:26  -  Total Remote Usage
		Usr 0 00:00:00, Sys 0 00:00:00  -  Total Local Usage
	140543  -  Run Bytes Sent By Job
	2243735  -  Run Bytes Received By Job
	140543  -  Total Bytes Sent By Job
	2243735  -  Total Bytes Received By Job
	Partitionable Resources :    Usage  Request Allocated 
	   Cpus                 :     0.00        1         1 
	   Disk (KB)            :  5071        2250    307237 
	   Memory (MB)          :   187        2000      2000 
...
