000 (70945957.037.000) 03/28 21:58:26 Job submitted from host: <131.225.188.235:9618?addrs=131.225.188.235-9618&noUDP&sock=14994_371f_3>
...
001 (70945957.037.000) 03/28 21:59:51 Job executing on host: <131.225.206.155:9618?addrs=131.225.206.155-9618&noUDP&sock=1171_c97d_3>
...
006 (70945957.037.000) 03/28 22:00:00 Image size of job updated: 52
	52  -  MemoryUsage of job (MB)
	53772  -  ResidentSetSize of job (KB)
...
006 (70945957.037.000) 03/28 22:01:00 Image size of job updated: 160
	160  -  MemoryUsage of job (MB)
	164828  -  ResidentSetSize of job (KB)
...
006 (70945957.037.000) 03/28 22:02:00 Image size of job updated: 161
	161  -  MemoryUsage of job (MB)
	165388  -  ResidentSetSize of job (KB)
...
006 (70945957.037.000) 03/28 22:03:00 Image size of job updated: 162
	162  -  MemoryUsage of job (MB)
	166144  -  ResidentSetSize of job (KB)
...
006 (70945957.037.000) 03/28 22:04:01 Image size of job updated: 163
	163  -  MemoryUsage of job (MB)
	166972  -  ResidentSetSize of job (KB)
...
006 (70945957.037.000) 03/28 22:05:02 Image size of job updated: 163
	163  -  MemoryUsage of job (MB)
	167724  -  ResidentSetSize of job (KB)
...
006 (70945957.037.000) 03/28 22:06:03 Image size of job updated: 185
	185  -  MemoryUsage of job (MB)
	189936  -  ResidentSetSize of job (KB)
...
006 (70945957.037.000) 03/28 22:07:03 Image size of job updated: 186
	186  -  MemoryUsage of job (MB)
	190732  -  ResidentSetSize of job (KB)
...
006 (70945957.037.000) 03/28 22:08:03 Image size of job updated: 186
	186  -  MemoryUsage of job (MB)
	191484  -  ResidentSetSize of job (KB)
...
006 (70945957.037.000) 03/28 22:09:03 Image size of job updated: 187
	187  -  MemoryUsage of job (MB)
	191952  -  ResidentSetSize of job (KB)
...
006 (70945957.037.000) 03/28 22:09:08 Image size of job updated: 187
	187  -  MemoryUsage of job (MB)
	192240  -  ResidentSetSize of job (KB)
...
005 (70945957.037.000) 03/28 22:09:08 Job terminated.
	(1) Normal termination (return value 0)
		Usr 0 00:07:21, Sys 0 00:00:21  -  Run Remote Usage
		Usr 0 00:00:00, Sys 0 00:00:00  -  Run Local Usage
		Usr 0 00:07:21, Sys 0 00:00:21  -  Total Remote Usage
		Usr 0 00:00:00, Sys 0 00:00:00  -  Total Local Usage
	140134  -  Run Bytes Sent By Job
	2243735  -  Run Bytes Received By Job
	140134  -  Total Bytes Sent By Job
	2243735  -  Total Bytes Received By Job
	Partitionable Resources :    Usage  Request Allocated 
	   Cpus                 :        0        1         1 
	   Disk (KB)            :     5071     2250    307300 
	   Memory (MB)          :      187     2000      2000 
...
